*** Error in `../Release/vws': free(): invalid pointer: 0x000055f52023b480 ***
======= Backtrace: =========
/lib/x86_64-linux-gnu/libc.so.6(+0x70bfb)[0x2b18c06c3bfb]
/lib/x86_64-linux-gnu/libc.so.6(+0x76fc6)[0x2b18c06c9fc6]
/lib/x86_64-linux-gnu/libc.so.6(+0x7780e)[0x2b18c06ca80e]
../Release/vws(+0x9e389)[0x55f51e19b389]
../Release/vws(+0x9f6e7)[0x55f51e19c6e7]
../Release/vws(+0xa1cb5)[0x55f51e19ecb5]
/home/sek519/warm_starting/vws/../vpc/lib/Cbc-trunk/build/lib/libCbc.so.0(_ZN8CbcModel14branchAndBoundEi+0x3bd5)[0x2b18bcfabcf5]
../Release/vws(+0xc7787)[0x55f51e1c4787]
../Release/vws(+0xc7ba7)[0x55f51e1c4ba7]
../Release/vws(+0xaf127)[0x55f51e1ac127]
../Release/vws(+0x37f21)[0x55f51e134f21]
../Release/vws(+0x3a002)[0x55f51e137002]
../Release/vws(+0x54892)[0x55f51e151892]
../Release/vws(+0x31248)[0x55f51e12e248]
/lib/x86_64-linux-gnu/libc.so.6(__libc_start_main+0xf1)[0x2b18c06732e1]
../Release/vws(+0x32681)[0x55f51e12f681]
======= Memory map: ========
2b18bcc87000-2b18bccaa000 r-xp 00000000 08:05 527455                     /lib/x86_64-linux-gnu/ld-2.24.so
2b18bccaa000-2b18bccac000 rw-p 00000000 00:00 0 
2b18bccac000-2b18bccaf000 r--p 00000000 00:2c 235724777                  /home/sek519/miniconda/envs/vws/lib/libz.so.1.2.13
2b18bccaf000-2b18bccbd000 r-xp 00003000 00:2c 235724777                  /home/sek519/miniconda/envs/vws/lib/libz.so.1.2.13
2b18bccbd000-2b18bccc4000 r--p 00011000 00:2c 235724777                  /home/sek519/miniconda/envs/vws/lib/libz.so.1.2.13
2b18bccc4000-2b18bccc5000 r--p 00017000 00:2c 235724777                  /home/sek519/miniconda/envs/vws/lib/libz.so.1.2.13
2b18bccc5000-2b18bccc6000 rw-p 00018000 00:2c 235724777                  /home/sek519/miniconda/envs/vws/lib/libz.so.1.2.13
2b18bccc6000-2b18bccc8000 r--p 00000000 00:2c 234676138                  /home/sek519/miniconda/envs/vws/lib/libbz2.so.1.0.8
2b18bccc8000-2b18bccd6000 r-xp 00002000 00:2c 234676138                  /home/sek519/miniconda/envs/vws/lib/libbz2.so.1.0.8
2b18bccd6000-2b18bccd8000 r--p 00010000 00:2c 234676138                  /home/sek519/miniconda/envs/vws/lib/libbz2.so.1.0.8
2b18bccd8000-2b18bccd9000 r--p 00011000 00:2c 234676138                  /home/sek519/miniconda/envs/vws/lib/libbz2.so.1.0.8
2b18bccd9000-2b18bccda000 rw-p 00012000 00:2c 234676138                  /home/sek519/miniconda/envs/vws/lib/libbz2.so.1.0.8
2b18bccda000-2b18bccf2000 r--p 00000000 00:2c 234710701                  /home/sek519/miniconda/envs/vws/lib/libreadline.so.8.1
2b18bccf2000-2b18bcd1d000 r-xp 00018000 00:2c 234710701                  /home/sek519/miniconda/envs/vws/lib/libreadline.so.8.1
2b18bcd1d000-2b18bcd27000 r--p 00043000 00:2c 234710701                  /home/sek519/miniconda/envs/vws/lib/libreadline.so.8.1
2b18bcd27000-2b18bcd2a000 r--p 0004c000 00:2c 234710701                  /home/sek519/miniconda/envs/vws/lib/libreadline.so.8.1
2b18bcd2a000-2b18bcd30000 rw-p 0004f000 00:2c 234710701                  /home/sek519/miniconda/envs/vws/lib/libreadline.so.8.1
2b18bcd30000-2b18bcd31000 rw-p 00000000 00:00 0 
2b18bcd31000-2b18bcd46000 r--p 00000000 00:2c 234984926                  /home/sek519/warm_starting/vpc/lib/Cbc-trunk/build/lib/libOsiClp.so.0.0.0
2b18bcd46000-2b18bcd76000 r-xp 00015000 00:2c 234984926                  /home/sek519/warm_starting/vpc/lib/Cbc-trunk/build/lib/libOsiClp.so.0.0.0
2b18bcd76000-2b18bcd80000 r--p 00045000 00:2c 234984926                  /home/sek519/warm_starting/vpc/lib/Cbc-trunk/build/lib/libOsiClp.so.0.0.0
2b18bcd80000-2b18bcd82000 r--p 0004f000 00:2c 234984926                  /home/sek519/warm_starting/vpc/lib/Cbc-trunk/build/lib/libOsiClp.so.0.0.0
2b18bcd82000-2b18bcd83000 rw-p 00051000 00:2c 234984926                  /home/sek519/warm_starting/vpc/lib/Cbc-trunk/build/lib/libOsiClp.so.0.0.0
2b18bcd83000-2b18bcd85000 rw-p 00000000 00:00 0 
2b18bcd85000-2b18bcdad000 r--p 00000000 00:2c 234984933                  /home/sek519/warm_starting/vpc/lib/Cbc-trunk/build/lib/libCgl.so.0.0.0
2b18bcdad000-2b18bce70000 r-xp 00028000 00:2c 234984933                  /home/sek519/warm_starting/vpc/lib/Cbc-trunk/build/lib/libCgl.so.0.0.0
2b18bce70000-2b18bce90000 r--p 000eb000 00:2c 234984933                  /home/sek519/warm_starting/vpc/lib/Cbc-trunk/build/lib/libCgl.so.0.0.0
2b18bce90000-2b18bce92000 r--p 0010b000 00:2c 234984933                  /home/sek519/warm_starting/vpc/lib/Cbc-trunk/build/lib/libCgl.so.0.0.0
2b18bce92000-2b18bce94000 rw-p 0010d000 00:2c 234984933                  /home/sek519/warm_starting/vpc/lib/Cbc-trunk/build/lib/libCgl.so.0.0.0
2b18bce94000-2b18bce9d000 rw-p 00000000 00:00 0 
2b18bceaa000-2b18bceab000 r--p 00023000 08:05 527455                     /lib/x86_64-linux-gnu/ld-2.24.so
2b18bceab000-2b18bceac000 rw-p 00024000 08:05 527455                     /lib/x86_64-linux-gnu/ld-2.24.so
2b18bceac000-2b18bcead000 rw-p 00000000 00:00 0 
2b18bcead000-2b18bcf1b000 r--p 00000000 00:2c 234984938                  /home/sek519/warm_starting/vpc/lib/Cbc-trunk/build/lib/libCbc.so.0.0.0
2b18bcf1b000-2b18bd069000 r-xp 0006e000 00:2c 234984938                  /home/sek519/warm_starting/vpc/lib/Cbc-trunk/build/lib/libCbc.so.0.0.0
2b18bd069000-2b18bd0b4000 r--p 001bc000 00:2c 234984938                  /home/sek519/warm_starting/vpc/lib/Cbc-trunk/build/lib/libCbc.so.0.0.0
2b18bd0b4000-2b18bd0c0000 r--p 00207000 00:2c 234984938                  /home/sek519/warm_starting/vpc/lib/Cbc-trunk/build/lib/libCbc.so.0.0.0
2b18bd0c0000-2b18bd0c4000 rw-p 00213000 00:2c 234984938                  /home/sek519/warm_starting/vpc/lib/Cbc-trunk/build/lib/libCbc.so.0.0.0
2b18bd0c4000-2b18bd0dc000 r--p 00000000 00:2c 234984897                  /home/sek519/warm_starting/vpc/lib/Cbc-trunk/build/lib/libOsi.so.0.0.0
2b18bd0dc000-2b18bd10c000 r-xp 00018000 00:2c 234984897                  /home/sek519/warm_starting/vpc/lib/Cbc-trunk/build/lib/libOsi.so.0.0.0
2b18bd10c000-2b18bd120000 r--p 00048000 00:2c 234984897                  /home/sek519/warm_starting/vpc/lib/Cbc-trunk/build/lib/libOsi.so.0.0.0
2b18bd120000-2b18bd122000 r--p 0005c000 00:2c 234984897                  /home/sek519/warm_starting/vpc/lib/Cbc-trunk/build/lib/libOsi.so.0.0.0
2b18bd122000-2b18bd123000 rw-p 0005e000 00:2c 234984897                  /home/sek519/warm_starting/vpc/lib/Cbc-trunk/build/lib/libOsi.so.0.0.0
2b18bd123000-2b18bd162000 r--p 00000000 00:2c 234984922                  /home/sek519/warm_starting/vpc/lib/Cbc-trunk/build/lib/libClp.so.0.0.0
2b18bd162000-2b18bd2ee000 r-xp 0003f000 00:2c 234984922                  /home/sek519/warm_starting/vpc/lib/Cbc-trunk/build/lib/libClp.so.0.0.0
2b18bd2ee000-2b18bd331000 r--p 001cb000 00:2c 234984922                  /home/sek519/warm_starting/vpc/lib/Cbc-trunk/build/lib/libClp.so.0.0.0
2b18bd331000-2b18bd334000 r--p 0020d000 00:2c 234984922                  /home/sek519/warm_starting/vpc/lib/Cbc-trunk/build/lib/libClp.so.0.0.0
2b18bd334000-2b18bd338000 rw-p 00210000 00:2c 234984922                  /home/sek519/warm_starting/vpc/lib/Cbc-trunk/build/lib/libClp.so.0.0.0
2b18bd338000-2b18bd372000 r--p 00000000 00:2c 234984908                  /home/sek519/warm_starting/vpc/lib/Cbc-trunk/build/lib/libCoinUtils.so.0.0.0
2b18bd372000-2b18bd458000 r-xp 0003a000 00:2c 234984908                  /home/sek519/warm_starting/vpc/lib/Cbc-trunk/build/lib/libCoinUtils.so.0.0.0
2b18bd458000-2b18bd485000 r--p 00120000 00:2c 234984908                  /home/sek519/warm_starting/vpc/lib/Cbc-trunk/build/lib/libCoinUtils.so.0.0.0
2b18bd485000-2b18bd488000 r--p 0014c000 00:2c 234984908                  /home/sek519/warm_starting/vpc/lib/Cbc-trunk/build/lib/libCoinUtils.so.0.0.0
2b18bd488000-2b18bd48b000 rw-p 0014f000 00:2c 234984908                  /home/sek519/warm_starting/vpc/lib/Cbc-trunk/build/lib/libCoinUtils.so.0.0.0
2b18bd48b000-2b18bfeae000 r-xp 00000000 00:2c 234521354                  /home/sek519/miniconda/envs/vws/lib/libgurobi100.so
2b18bfeae000-2b18c00ae000 ---p 02a23000 00:2c 234521354                  /home/sek519/miniconda/envs/vws/lib/libgurobi100.so
2b18c00ae000-2b18c0118000 r--p 02a23000 00:2c 234521354                  /home/sek519/miniconda/envs/vws/lib/libgurobi100.so
2b18c0118000-2b18c013d000 rw-p 02a8d000 00:2c 234521354                  /home/sek519/miniconda/envs/vws/lib/libgurobi100.so
2b18c013d000-2b18c014a000 rw-p 00000000 00:00 0 
2b18c014a000-2b18c014d000 rw-p 02bf6000 00:2c 234521354                  /home/sek519/miniconda/envs/vws/lib/libgurobi100.so
2b18c0182000-2b18c0285000 r-xp 00000000 08:05 527463                     /lib/x86_64-linux-gnu/libm-2.24.so
2b18c0285000-2b18c0484000 ---p 00103000 08:05 527463                     /lib/x86_64-linux-gnu/libm-2.24.so
2b18c0484000-2b18c0485000 r--p 00102000 08:05 527463                     /lib/x86_64-linux-gnu/libm-2.24.so
2b18c0485000-2b18c0486000 rw-p 00103000 08:05 527463                     /lib/x86_64-linux-gnu/libm-2.24.so
2b18c0486000-2b18c052c000 r--p 00000000 00:2c 235724303                  /home/sek519/miniconda/envs/vws/lib/libstdc++.so.6.0.30
2b18c052c000-2b18c05c0000 r-xp 000a6000 00:2c 235724303                  /home/sek519/miniconda/envs/vws/lib/libstdc++.so.6.0.30
2b18c05c0000-2b18c0628000 r--p 0013a000 00:2c 235724303                  /home/sek519/miniconda/envs/vws/lib/libstdc++.so.6.0.30
2b18c0628000-2b18c0633000 r--p 001a1000 00:2c 235724303                  /home/sek519/miniconda/envs/vws/lib/libstdc++.so.6.0.30
2b18c0633000-2b18c0637000 rw-p 001ac000 00:2c 235724303                  /home/sek519/miniconda/envs/vws/lib/libstdc++.so.6.0.30
2b18c0637000-2b18c063a000 rw-p 00000000 00:00 0 
2b18c063a000-2b18c063e000 r--p 00000000 00:2c 235727575                  /home/sek519/miniconda/envs/vws/lib/libgcc_s.so.1
2b18c063e000-2b18c064e000 r-xp 00004000 00:2c 235727575                  /home/sek519/miniconda/envs/vws/lib/libgcc_s.so.1
2b18c064e000-2b18c0651000 r--p 00014000 00:2c 235727575                  /home/sek519/miniconda/envs/vws/lib/libgcc_s.so.1
2b18c0651000-2b18c0652000 r--p 00016000 00:2c 235727575                  /home/sek519/miniconda/envs/vws/lib/libgcc_s.so.1
2b18c0652000-2b18c0653000 rw-p 00017000 00:2c 235727575                  /home/sek519/miniconda/envs/vws/lib/libgcc_s.so.1
2b18c0653000-2b18c07e8000 r-xp 00000000 08:05 527459                     /lib/x86_64-linux-gnu/libc-2.24.so
2b18c07e8000-2b18c09e8000 ---p 00195000 08:05 527459                     /lib/x86_64-linux-gnu/libc-2.24.so
2b18c09e8000-2b18c09ec000 r--p 00195000 08:05 527459                     /lib/x86_64-linux-gnu/libc-2.24.so
2b18c09ec000-2b18c09ee000 rw-p 00199000 08:05 527459                     /lib/x86_64-linux-gnu/libc-2.24.so
2b18c09ee000-2b18c09f2000 rw-p 00000000 00:00 0 
2b18c09f2000-2b18c0a02000 r--p 00000000 00:2c 235728014                  /home/sek519/miniconda/envs/vws/lib/libtinfo.so.6.3
2b18c0a02000-2b18c0a1c000 r-xp 00010000 00:2c 235728014                  /home/sek519/miniconda/envs/vws/lib/libtinfo.so.6.3
2b18c0a1c000-2b18c0a2d000 r--p 0002a000 00:2c 235728014                  /home/sek519/miniconda/envs/vws/lib/libtinfo.so.6.3
2b18c0a2d000-2b18c0a31000 r--p 0003a000 00:2c 235728014                  /home/sek519/miniconda/envs/vws/lib/libtinfo.so.6.3
2b18c0a31000-2b18c0a32000 rw-p 0003e000 00:2c 235728014                  /home/sek519/miniconda/envs/vws/lib/libtinfo.so.6.3
2b18c0a32000-2b18c0a39000 r-xp 00000000 08:05 527476                     /lib/x86_64-linux-gnu/librt-2.24.so
2b18c0a39000-2b18c0c38000 ---p 00007000 08:05 527476                     /lib/x86_64-linux-gnu/librt-2.24.so
2b18c0c38000-2b18c0c39000 r--p 00006000 08:05 527476                     /lib/x86_64-linux-gnu/librt-2.24.so
2b18c0c39000-2b18c0c3a000 rw-p 00007000 08:05 527476                     /lib/x86_64-linux-gnu/librt-2.24.so
2b18c0c3a000-2b18c0c52000 r-xp 00000000 08:05 527474                     /lib/x86_64-linux-gnu/libpthread-2.24.so
2b18c0c52000-2b18c0e51000 ---p 00018000 08:05 527474                     /lib/x86_64-linux-gnu/libpthread-2.24.so
2b18c0e51000-2b18c0e52000 r--p 00017000 08:05 527474                     /lib/x86_64-linux-gnu/libpthread-2.24.so
2b18c0e52000-2b18c0e53000 rw-p 00018000 08:05 527474                     /lib/x86_64-linux-gnu/libpthread-2.24.so
2b18c0e53000-2b18c0e57000 rw-p 00000000 00:00 0 
2b18c0e57000-2b18c0f50000 r--p 00000000 00:2c 235427053                  /home/sek519/miniconda/envs/vws/lib/libopenblasp-r0.3.12.so
2b18c0f50000-2b18c0f51000 r-xp 000f9000 00:2c 235427053                  /home/sek519/miniconda/envs/vws/lib/libopenblasp-r0.3.12.so
2b18c0f51000-2b18c0f57000 ---p 000fa000 00:2c 235427053                  /home/sek519/miniconda/envs/vws/lib/libopenblasp-r0.3.12.so
2b18c0f57000-2b18c2a3a000 r-xp 00100000 00:2c 235427053                  /home/sek519/miniconda/envs/vws/lib/libopenblasp-r0.3.12.so
2b18c2a3a000-2b18c2c0d000 r--p 01be3000 00:2c 235427053                  /home/sek519/miniconda/envs/vws/lib/libopenblasp-r0.3.12.so
2b18c2c0d000-2b18c2c1b000 r--p 01db5000 00:2c 235427053                  /home/sek519/miniconda/envs/vws/lib/libopenblasp-r0.3.12.so
2b18c2c1b000-2b18c2c29000 rw-p 01dc3000 00:2c 235427053                  /home/sek519/miniconda/envs/vws/lib/libopenblasp-r0.3.12.so
2b18c2c29000-2b18c2c3a000 rw-p 00000000 00:00 0 
2b18c2c3a000-2b18c2c3d000 r-xp 00000000 08:05 527462                     /lib/x86_64-linux-gnu/libdl-2.24.so
2b18c2c3d000-2b18c2e3c000 ---p 00003000 08:05 527462                     /lib/x86_64-linux-gnu/libdl-2.24.so
2b18c2e3c000-2b18c2e3d000 r--p 00002000 08:05 527462                     /lib/x86_64-linux-gnu/libdl-2.24.so
2b18c2e3d000-2b18c2e3e000 rw-p 00003000 08:05 527462                     /lib/x86_64-linux-gnu/libdl-2.24.so
2b18c2e3e000-2b18c2e59000 r--p 00000000 00:2c 235723995                  /home/sek519/miniconda/envs/vws/lib/libgfortran.so.4.0.0
2b18c2e59000-2b18c2f48000 r-xp 0001b000 00:2c 235723995                  /home/sek519/miniconda/envs/vws/lib/libgfortran.so.4.0.0
2b18c2f48000-2b18c2f69000 r--p 0010a000 00:2c 235723995                  /home/sek519/miniconda/envs/vws/lib/libgfortran.so.4.0.0
2b18c2f69000-2b18c2f6a000 ---p 0012b000 00:2c 235723995                  /home/sek519/miniconda/envs/vws/lib/libgfortran.so.4.0.0
2b18c2f6a000-2b18c2f6b000 r--p 0012b000 00:2c 235723995                  /home/sek519/miniconda/envs/vws/lib/libgfortran.so.4.0.0
2b18c2f6b000-2b18c2f6c000 rw-p 0012c000 00:2c 235723995                  /home/sek519/miniconda/envs/vws/lib/libgfortran.so.4.0.0
2b18c2f6c000-2b18c2f6d000 rw-p 00000000 00:00 0 
2b18c2f6d000-2b18c2f70000 r--p 00000000 00:2c 235727572                  /home/sek519/miniconda/envs/vws/lib/libquadmath.so.0.0.0
2b18c2f70000-2b18c2f8f000 r-xp 00003000 00:2c 235727572                  /home/sek519/miniconda/envs/vws/lib/libquadmath.so.0.0.0
2b18c2f8f000-2b18c2fa5000 r--p 00022000 00:2c 235727572                  /home/sek519/miniconda/envs/vws/lib/libquadmath.so.0.0.0
2b18c2fa5000-2b18c2fa6000 r--p 00038000 00:2c 235727572                  /home/sek519/miniconda/envs/vws/lib/libquadmath.so.0.0.0
2b18c2fa6000-2b18c2fa7000 rw-p 00039000 00:2c 235727572                  /home/sek519/miniconda/envs/vws/lib/libquadmath.so.0.0.0
2b18c2fa7000-2b18c2fb9000 rw-p 00000000 00:00 0 
2b18c2fb9000-2b18c2fba000 ---p 00000000 00:00 0 
2b18c2fba000-2b18c31ba000 rw-p 00000000 00:00 0 
2b18c31ba000-2b18c31bb000 ---p 00000000 00:00 0 
2b18c31bb000-2b18c33bb000 rw-p 00000000 00:00 0 
2b18c33bb000-2b18c33bc000 ---p 00000000 00:00 0 
2b18c33bc000-2b18c35bc000 rw-p 00000000 00:00 0 
2b18c35bc000-2b18c35bd000 ---p 00000000 00:00 0 
2b18c35bd000-2b18c37bd000 rw-p 00000000 00:00 0 
2b18c37bd000-2b18c37be000 ---p 00000000 00:00 0 
2b18c37be000-2b18c39be000 rw-p 00000000 00:00 0 
2b18c39be000-2b18c39bf000 ---p 00000000 00:00 0 
2b18c39bf000-2b18c3bbf000 rw-p 00000000 00:00 0 
2b18c3bbf000-2b18c3bc0000 ---p 00000000 00:00 0 
2b18c3bc0000-2b18c3dc0000 rw-p 00000000 00:00 0 
2b18c3dc0000-2b18c3dc1000 ---p 00000000 00:00 0 
2b18c3dc1000-2b18c3fc1000 rw-p 00000000 00:00 0 
2b18c3fc1000-2b18c3fc2000 ---p 00000000 00:00 0 
2b18c3fc2000-2b18c41c2000 rw-p 00000000 00:00 0 
2b18c41c2000-2b18c41c3000 ---p 00000000 00:00 0 
2b18c41c3000-2b18c43c3000 rw-p 00000000 00:00 0 
2b18c43c3000-2b18c43c4000 ---p 00000000 00:00 0 
2b18c43c4000-2b18c45c4000 rw-p 00000000 00:00 0 
2b18c45c4000-2b18c45c5000 ---p 00000000 00:00 0 
2b18c45c5000-2b18c47c5000 rw-p 00000000 00:00 0 
2b18c47c5000-2b18c47c6000 ---p 00000000 00:00 0 
2b18c47c6000-2b18c49c6000 rw-p 00000000 00:00 0 
2b18c49c6000-2b18cc9c6000 rw-p 00000000 00:00 0 
2b18cc9c6000-2b18cc9c7000 ---p 00000000 00:00 0 
2b18cc9c7000-2b18ccbc7000 rw-p 00000000 00:00 0 
2b18ccbc7000-2b18d4bc7000 rw-p 00000000 00:00 0 
2b18d4bc7000-2b18d4bc8000 ---p 00000000 00:00 0 
2b18d4bc8000-2b18d4dc8000 rw-p 00000000 00:00 0 
2b18d4dc8000-2b193cdc8000 rw-p 00000000 00:00 0 
2b1940000000-2b1940021000 rw-p 00000000 00:00 0 
2b1940021000-2b1944000000 ---p 00000000 00:00 0 
55f51e0fd000-55f51e120000 r--p 00000000 00:2c 235732531                  /home/sek519/warm_starting/vws/Release/vws
55f51e120000-55f51e1f9000 r-xp 00023000 00:2c 235732531                  /home/sek519/warm_starting/vws/Release/vws
55f51e1f9000-55f51e22e000 r--p 000fc000 00:2c 235732531                  /home/sek519/warm_starting/vws/Release/vws
55f51e22e000-55f51e234000 r--p 00130000 00:2c 235732531                  /home/sek519/warm_starting/vws/Release/vws
55f51e234000-55f51e236000 rw-p 00136000 00:2c 235732531                  /home/sek519/warm_starting/vws/Release/vws
55f51ffd3000-55f52061e000 rw-p 00000000 00:00 0                          [heap]
7ffd0ecf7000-7ffd0ed19000 rw-p 00000000 00:00 0                          [stack]
7ffd0edda000-7ffd0eddc000 r--p 00000000 00:00 0                          [vvar]
7ffd0eddc000-7ffd0edde000 r-xp 00000000 00:00 0                          [vdso]
ffffffffff600000-ffffffffff601000 r-xp 00000000 00:00 0                  [vsyscall]
/var/spool/torque/mom_priv/jobs/1397822.polyp1.ie.lehigh.edu.SC: line 4: 15296 Aborted                 ../Release/vws ${INPUT_FOLDER} ${OUTPUT_FILE} ${MAX_TIME} ${GENERATOR} ${TERMS} ${MIP_SOLVER} ${PROVIDE_PRIMAL_BOUND}
