*** Error in `../Release/vws': free(): invalid pointer: 0x0000557ca9aee650 ***
======= Backtrace: =========
/lib/x86_64-linux-gnu/libc.so.6(+0x70bfb)[0x2b42e5151bfb]
/lib/x86_64-linux-gnu/libc.so.6(+0x76fc6)[0x2b42e5157fc6]
/lib/x86_64-linux-gnu/libc.so.6(+0x7780e)[0x2b42e515880e]
../Release/vws(+0xc313a)[0x557ca5dfa13a]
../Release/vws(+0xa480f)[0x557ca5ddb80f]
../Release/vws(+0x9e3c2)[0x557ca5dd53c2]
../Release/vws(+0x9f6e7)[0x557ca5dd66e7]
../Release/vws(+0xa1cb5)[0x557ca5dd8cb5]
/home/sek519/warm_starting/vws/../vpc/lib/Cbc-trunk/build/lib/libCbc.so.0(_ZN8CbcModel14branchAndBoundEi+0x3bd5)[0x2b42e1a38cf5]
../Release/vws(+0xc7787)[0x557ca5dfe787]
../Release/vws(+0xc7ba7)[0x557ca5dfeba7]
../Release/vws(+0xaf127)[0x557ca5de6127]
../Release/vws(+0x37f21)[0x557ca5d6ef21]
../Release/vws(+0x3a002)[0x557ca5d71002]
../Release/vws(+0x54892)[0x557ca5d8b892]
../Release/vws(+0x31248)[0x557ca5d68248]
/lib/x86_64-linux-gnu/libc.so.6(__libc_start_main+0xf1)[0x2b42e51012e1]
../Release/vws(+0x32681)[0x557ca5d69681]
======= Memory map: ========
2b42e1714000-2b42e1737000 r-xp 00000000 08:01 267597                     /lib/x86_64-linux-gnu/ld-2.24.so
2b42e1737000-2b42e1739000 rw-p 00000000 00:00 0 
2b42e1739000-2b42e173c000 r--p 00000000 00:2c 235724777                  /home/sek519/miniconda/envs/vws/lib/libz.so.1.2.13
2b42e173c000-2b42e174a000 r-xp 00003000 00:2c 235724777                  /home/sek519/miniconda/envs/vws/lib/libz.so.1.2.13
2b42e174a000-2b42e1751000 r--p 00011000 00:2c 235724777                  /home/sek519/miniconda/envs/vws/lib/libz.so.1.2.13
2b42e1751000-2b42e1752000 r--p 00017000 00:2c 235724777                  /home/sek519/miniconda/envs/vws/lib/libz.so.1.2.13
2b42e1752000-2b42e1753000 rw-p 00018000 00:2c 235724777                  /home/sek519/miniconda/envs/vws/lib/libz.so.1.2.13
2b42e1753000-2b42e1755000 r--p 00000000 00:2c 234676138                  /home/sek519/miniconda/envs/vws/lib/libbz2.so.1.0.8
2b42e1755000-2b42e1763000 r-xp 00002000 00:2c 234676138                  /home/sek519/miniconda/envs/vws/lib/libbz2.so.1.0.8
2b42e1763000-2b42e1765000 r--p 00010000 00:2c 234676138                  /home/sek519/miniconda/envs/vws/lib/libbz2.so.1.0.8
2b42e1765000-2b42e1766000 r--p 00011000 00:2c 234676138                  /home/sek519/miniconda/envs/vws/lib/libbz2.so.1.0.8
2b42e1766000-2b42e1767000 rw-p 00012000 00:2c 234676138                  /home/sek519/miniconda/envs/vws/lib/libbz2.so.1.0.8
2b42e1767000-2b42e177f000 r--p 00000000 00:2c 234710701                  /home/sek519/miniconda/envs/vws/lib/libreadline.so.8.1
2b42e177f000-2b42e17aa000 r-xp 00018000 00:2c 234710701                  /home/sek519/miniconda/envs/vws/lib/libreadline.so.8.1
2b42e17aa000-2b42e17b4000 r--p 00043000 00:2c 234710701                  /home/sek519/miniconda/envs/vws/lib/libreadline.so.8.1
2b42e17b4000-2b42e17b7000 r--p 0004c000 00:2c 234710701                  /home/sek519/miniconda/envs/vws/lib/libreadline.so.8.1
2b42e17b7000-2b42e17bd000 rw-p 0004f000 00:2c 234710701                  /home/sek519/miniconda/envs/vws/lib/libreadline.so.8.1
2b42e17bd000-2b42e17be000 rw-p 00000000 00:00 0 
2b42e17be000-2b42e17d3000 r--p 00000000 00:2c 234984926                  /home/sek519/warm_starting/vpc/lib/Cbc-trunk/build/lib/libOsiClp.so.0.0.0
2b42e17d3000-2b42e1803000 r-xp 00015000 00:2c 234984926                  /home/sek519/warm_starting/vpc/lib/Cbc-trunk/build/lib/libOsiClp.so.0.0.0
2b42e1803000-2b42e180d000 r--p 00045000 00:2c 234984926                  /home/sek519/warm_starting/vpc/lib/Cbc-trunk/build/lib/libOsiClp.so.0.0.0
2b42e180d000-2b42e180f000 r--p 0004f000 00:2c 234984926                  /home/sek519/warm_starting/vpc/lib/Cbc-trunk/build/lib/libOsiClp.so.0.0.0
2b42e180f000-2b42e1810000 rw-p 00051000 00:2c 234984926                  /home/sek519/warm_starting/vpc/lib/Cbc-trunk/build/lib/libOsiClp.so.0.0.0
2b42e1810000-2b42e1812000 rw-p 00000000 00:00 0 
2b42e1812000-2b42e183a000 r--p 00000000 00:2c 234984933                  /home/sek519/warm_starting/vpc/lib/Cbc-trunk/build/lib/libCgl.so.0.0.0
2b42e183a000-2b42e18fd000 r-xp 00028000 00:2c 234984933                  /home/sek519/warm_starting/vpc/lib/Cbc-trunk/build/lib/libCgl.so.0.0.0
2b42e18fd000-2b42e191d000 r--p 000eb000 00:2c 234984933                  /home/sek519/warm_starting/vpc/lib/Cbc-trunk/build/lib/libCgl.so.0.0.0
2b42e191d000-2b42e191f000 r--p 0010b000 00:2c 234984933                  /home/sek519/warm_starting/vpc/lib/Cbc-trunk/build/lib/libCgl.so.0.0.0
2b42e191f000-2b42e1921000 rw-p 0010d000 00:2c 234984933                  /home/sek519/warm_starting/vpc/lib/Cbc-trunk/build/lib/libCgl.so.0.0.0
2b42e1921000-2b42e192a000 rw-p 00000000 00:00 0 
2b42e1937000-2b42e1938000 r--p 00023000 08:01 267597                     /lib/x86_64-linux-gnu/ld-2.24.so
2b42e1938000-2b42e1939000 rw-p 00024000 08:01 267597                     /lib/x86_64-linux-gnu/ld-2.24.so
2b42e1939000-2b42e193a000 rw-p 00000000 00:00 0 
2b42e193a000-2b42e19a8000 r--p 00000000 00:2c 234984938                  /home/sek519/warm_starting/vpc/lib/Cbc-trunk/build/lib/libCbc.so.0.0.0
2b42e19a8000-2b42e1af6000 r-xp 0006e000 00:2c 234984938                  /home/sek519/warm_starting/vpc/lib/Cbc-trunk/build/lib/libCbc.so.0.0.0
2b42e1af6000-2b42e1b41000 r--p 001bc000 00:2c 234984938                  /home/sek519/warm_starting/vpc/lib/Cbc-trunk/build/lib/libCbc.so.0.0.0
2b42e1b41000-2b42e1b4d000 r--p 00207000 00:2c 234984938                  /home/sek519/warm_starting/vpc/lib/Cbc-trunk/build/lib/libCbc.so.0.0.0
2b42e1b4d000-2b42e1b51000 rw-p 00213000 00:2c 234984938                  /home/sek519/warm_starting/vpc/lib/Cbc-trunk/build/lib/libCbc.so.0.0.0
2b42e1b51000-2b42e1b69000 r--p 00000000 00:2c 234984897                  /home/sek519/warm_starting/vpc/lib/Cbc-trunk/build/lib/libOsi.so.0.0.0
2b42e1b69000-2b42e1b99000 r-xp 00018000 00:2c 234984897                  /home/sek519/warm_starting/vpc/lib/Cbc-trunk/build/lib/libOsi.so.0.0.0
2b42e1b99000-2b42e1bad000 r--p 00048000 00:2c 234984897                  /home/sek519/warm_starting/vpc/lib/Cbc-trunk/build/lib/libOsi.so.0.0.0
2b42e1bad000-2b42e1baf000 r--p 0005c000 00:2c 234984897                  /home/sek519/warm_starting/vpc/lib/Cbc-trunk/build/lib/libOsi.so.0.0.0
2b42e1baf000-2b42e1bb0000 rw-p 0005e000 00:2c 234984897                  /home/sek519/warm_starting/vpc/lib/Cbc-trunk/build/lib/libOsi.so.0.0.0
2b42e1bb0000-2b42e1bef000 r--p 00000000 00:2c 234984922                  /home/sek519/warm_starting/vpc/lib/Cbc-trunk/build/lib/libClp.so.0.0.0
2b42e1bef000-2b42e1d7b000 r-xp 0003f000 00:2c 234984922                  /home/sek519/warm_starting/vpc/lib/Cbc-trunk/build/lib/libClp.so.0.0.0
2b42e1d7b000-2b42e1dbe000 r--p 001cb000 00:2c 234984922                  /home/sek519/warm_starting/vpc/lib/Cbc-trunk/build/lib/libClp.so.0.0.0
2b42e1dbe000-2b42e1dc1000 r--p 0020d000 00:2c 234984922                  /home/sek519/warm_starting/vpc/lib/Cbc-trunk/build/lib/libClp.so.0.0.0
2b42e1dc1000-2b42e1dc5000 rw-p 00210000 00:2c 234984922                  /home/sek519/warm_starting/vpc/lib/Cbc-trunk/build/lib/libClp.so.0.0.0
2b42e1dc5000-2b42e1dff000 r--p 00000000 00:2c 234984908                  /home/sek519/warm_starting/vpc/lib/Cbc-trunk/build/lib/libCoinUtils.so.0.0.0
2b42e1dff000-2b42e1ee5000 r-xp 0003a000 00:2c 234984908                  /home/sek519/warm_starting/vpc/lib/Cbc-trunk/build/lib/libCoinUtils.so.0.0.0
2b42e1ee5000-2b42e1f12000 r--p 00120000 00:2c 234984908                  /home/sek519/warm_starting/vpc/lib/Cbc-trunk/build/lib/libCoinUtils.so.0.0.0
2b42e1f12000-2b42e1f15000 r--p 0014c000 00:2c 234984908                  /home/sek519/warm_starting/vpc/lib/Cbc-trunk/build/lib/libCoinUtils.so.0.0.0
2b42e1f15000-2b42e1f18000 rw-p 0014f000 00:2c 234984908                  /home/sek519/warm_starting/vpc/lib/Cbc-trunk/build/lib/libCoinUtils.so.0.0.0
2b42e1f18000-2b42e493b000 r-xp 00000000 00:2c 234521354                  /home/sek519/miniconda/envs/vws/lib/libgurobi100.so
2b42e493b000-2b42e4b3b000 ---p 02a23000 00:2c 234521354                  /home/sek519/miniconda/envs/vws/lib/libgurobi100.so
2b42e4b3b000-2b42e4ba5000 r--p 02a23000 00:2c 234521354                  /home/sek519/miniconda/envs/vws/lib/libgurobi100.so
2b42e4ba5000-2b42e4bca000 rw-p 02a8d000 00:2c 234521354                  /home/sek519/miniconda/envs/vws/lib/libgurobi100.so
2b42e4bca000-2b42e4bd7000 rw-p 00000000 00:00 0 
2b42e4bd7000-2b42e4bda000 rw-p 02bf6000 00:2c 234521354                  /home/sek519/miniconda/envs/vws/lib/libgurobi100.so
2b42e4c10000-2b42e4d13000 r-xp 00000000 08:01 279536                     /lib/x86_64-linux-gnu/libm-2.24.so
2b42e4d13000-2b42e4f12000 ---p 00103000 08:01 279536                     /lib/x86_64-linux-gnu/libm-2.24.so
2b42e4f12000-2b42e4f13000 r--p 00102000 08:01 279536                     /lib/x86_64-linux-gnu/libm-2.24.so
2b42e4f13000-2b42e4f14000 rw-p 00103000 08:01 279536                     /lib/x86_64-linux-gnu/libm-2.24.so
2b42e4f14000-2b42e4fba000 r--p 00000000 00:2c 235724303                  /home/sek519/miniconda/envs/vws/lib/libstdc++.so.6.0.30
2b42e4fba000-2b42e504e000 r-xp 000a6000 00:2c 235724303                  /home/sek519/miniconda/envs/vws/lib/libstdc++.so.6.0.30
2b42e504e000-2b42e50b6000 r--p 0013a000 00:2c 235724303                  /home/sek519/miniconda/envs/vws/lib/libstdc++.so.6.0.30
2b42e50b6000-2b42e50c1000 r--p 001a1000 00:2c 235724303                  /home/sek519/miniconda/envs/vws/lib/libstdc++.so.6.0.30
2b42e50c1000-2b42e50c5000 rw-p 001ac000 00:2c 235724303                  /home/sek519/miniconda/envs/vws/lib/libstdc++.so.6.0.30
2b42e50c5000-2b42e50c8000 rw-p 00000000 00:00 0 
2b42e50c8000-2b42e50cc000 r--p 00000000 00:2c 235727575                  /home/sek519/miniconda/envs/vws/lib/libgcc_s.so.1
2b42e50cc000-2b42e50dc000 r-xp 00004000 00:2c 235727575                  /home/sek519/miniconda/envs/vws/lib/libgcc_s.so.1
2b42e50dc000-2b42e50df000 r--p 00014000 00:2c 235727575                  /home/sek519/miniconda/envs/vws/lib/libgcc_s.so.1
2b42e50df000-2b42e50e0000 r--p 00016000 00:2c 235727575                  /home/sek519/miniconda/envs/vws/lib/libgcc_s.so.1
2b42e50e0000-2b42e50e1000 rw-p 00017000 00:2c 235727575                  /home/sek519/miniconda/envs/vws/lib/libgcc_s.so.1
2b42e50e1000-2b42e5276000 r-xp 00000000 08:01 279532                     /lib/x86_64-linux-gnu/libc-2.24.so
2b42e5276000-2b42e5476000 ---p 00195000 08:01 279532                     /lib/x86_64-linux-gnu/libc-2.24.so
2b42e5476000-2b42e547a000 r--p 00195000 08:01 279532                     /lib/x86_64-linux-gnu/libc-2.24.so
2b42e547a000-2b42e547c000 rw-p 00199000 08:01 279532                     /lib/x86_64-linux-gnu/libc-2.24.so
2b42e547c000-2b42e5480000 rw-p 00000000 00:00 0 
2b42e5480000-2b42e5490000 r--p 00000000 00:2c 235728014                  /home/sek519/miniconda/envs/vws/lib/libtinfo.so.6.3
2b42e5490000-2b42e54aa000 r-xp 00010000 00:2c 235728014                  /home/sek519/miniconda/envs/vws/lib/libtinfo.so.6.3
2b42e54aa000-2b42e54bb000 r--p 0002a000 00:2c 235728014                  /home/sek519/miniconda/envs/vws/lib/libtinfo.so.6.3
2b42e54bb000-2b42e54bf000 r--p 0003a000 00:2c 235728014                  /home/sek519/miniconda/envs/vws/lib/libtinfo.so.6.3
2b42e54bf000-2b42e54c0000 rw-p 0003e000 00:2c 235728014                  /home/sek519/miniconda/envs/vws/lib/libtinfo.so.6.3
2b42e54c0000-2b42e54c7000 r-xp 00000000 08:01 279631                     /lib/x86_64-linux-gnu/librt-2.24.so
2b42e54c7000-2b42e56c6000 ---p 00007000 08:01 279631                     /lib/x86_64-linux-gnu/librt-2.24.so
2b42e56c6000-2b42e56c7000 r--p 00006000 08:01 279631                     /lib/x86_64-linux-gnu/librt-2.24.so
2b42e56c7000-2b42e56c8000 rw-p 00007000 08:01 279631                     /lib/x86_64-linux-gnu/librt-2.24.so
2b42e56c8000-2b42e56e0000 r-xp 00000000 08:01 279629                     /lib/x86_64-linux-gnu/libpthread-2.24.so
2b42e56e0000-2b42e58df000 ---p 00018000 08:01 279629                     /lib/x86_64-linux-gnu/libpthread-2.24.so
2b42e58df000-2b42e58e0000 r--p 00017000 08:01 279629                     /lib/x86_64-linux-gnu/libpthread-2.24.so
2b42e58e0000-2b42e58e1000 rw-p 00018000 08:01 279629                     /lib/x86_64-linux-gnu/libpthread-2.24.so
2b42e58e1000-2b42e58e5000 rw-p 00000000 00:00 0 
2b42e58e5000-2b42e59de000 r--p 00000000 00:2c 235427053                  /home/sek519/miniconda/envs/vws/lib/libopenblasp-r0.3.12.so
2b42e59de000-2b42e59df000 r-xp 000f9000 00:2c 235427053                  /home/sek519/miniconda/envs/vws/lib/libopenblasp-r0.3.12.so
2b42e59df000-2b42e59e5000 ---p 000fa000 00:2c 235427053                  /home/sek519/miniconda/envs/vws/lib/libopenblasp-r0.3.12.so
2b42e59e5000-2b42e74c8000 r-xp 00100000 00:2c 235427053                  /home/sek519/miniconda/envs/vws/lib/libopenblasp-r0.3.12.so
2b42e74c8000-2b42e769b000 r--p 01be3000 00:2c 235427053                  /home/sek519/miniconda/envs/vws/lib/libopenblasp-r0.3.12.so
2b42e769b000-2b42e76a9000 r--p 01db5000 00:2c 235427053                  /home/sek519/miniconda/envs/vws/lib/libopenblasp-r0.3.12.so
2b42e76a9000-2b42e76b7000 rw-p 01dc3000 00:2c 235427053                  /home/sek519/miniconda/envs/vws/lib/libopenblasp-r0.3.12.so
2b42e76b7000-2b42e76c8000 rw-p 00000000 00:00 0 
2b42e76c8000-2b42e76cb000 r-xp 00000000 08:01 279535                     /lib/x86_64-linux-gnu/libdl-2.24.so
2b42e76cb000-2b42e78ca000 ---p 00003000 08:01 279535                     /lib/x86_64-linux-gnu/libdl-2.24.so
2b42e78ca000-2b42e78cb000 r--p 00002000 08:01 279535                     /lib/x86_64-linux-gnu/libdl-2.24.so
2b42e78cb000-2b42e78cc000 rw-p 00003000 08:01 279535                     /lib/x86_64-linux-gnu/libdl-2.24.so
2b42e78cc000-2b42e78e7000 r--p 00000000 00:2c 235723995                  /home/sek519/miniconda/envs/vws/lib/libgfortran.so.4.0.0
2b42e78e7000-2b42e79d6000 r-xp 0001b000 00:2c 235723995                  /home/sek519/miniconda/envs/vws/lib/libgfortran.so.4.0.0
2b42e79d6000-2b42e79f7000 r--p 0010a000 00:2c 235723995                  /home/sek519/miniconda/envs/vws/lib/libgfortran.so.4.0.0
2b42e79f7000-2b42e79f8000 ---p 0012b000 00:2c 235723995                  /home/sek519/miniconda/envs/vws/lib/libgfortran.so.4.0.0
2b42e79f8000-2b42e79f9000 r--p 0012b000 00:2c 235723995                  /home/sek519/miniconda/envs/vws/lib/libgfortran.so.4.0.0
2b42e79f9000-2b42e79fa000 rw-p 0012c000 00:2c 235723995                  /home/sek519/miniconda/envs/vws/lib/libgfortran.so.4.0.0
2b42e79fa000-2b42e79fb000 rw-p 00000000 00:00 0 
2b42e79fb000-2b42e79fe000 r--p 00000000 00:2c 235727572                  /home/sek519/miniconda/envs/vws/lib/libquadmath.so.0.0.0
2b42e79fe000-2b42e7a1d000 r-xp 00003000 00:2c 235727572                  /home/sek519/miniconda/envs/vws/lib/libquadmath.so.0.0.0
2b42e7a1d000-2b42e7a33000 r--p 00022000 00:2c 235727572                  /home/sek519/miniconda/envs/vws/lib/libquadmath.so.0.0.0
2b42e7a33000-2b42e7a34000 r--p 00038000 00:2c 235727572                  /home/sek519/miniconda/envs/vws/lib/libquadmath.so.0.0.0
2b42e7a34000-2b42e7a35000 rw-p 00039000 00:2c 235727572                  /home/sek519/miniconda/envs/vws/lib/libquadmath.so.0.0.0
2b42e7a35000-2b42e7a47000 rw-p 00000000 00:00 0 
2b42e7a47000-2b42e7a48000 ---p 00000000 00:00 0 
2b42e7a48000-2b42e7c48000 rw-p 00000000 00:00 0 
2b42e7c48000-2b42e7c49000 ---p 00000000 00:00 0 
2b42e7c49000-2b42e7e49000 rw-p 00000000 00:00 0 
2b42e7e49000-2b42e7e4a000 ---p 00000000 00:00 0 
2b42e7e4a000-2b42e804a000 rw-p 00000000 00:00 0 
2b42e804a000-2b42e804b000 ---p 00000000 00:00 0 
2b42e804b000-2b42e824b000 rw-p 00000000 00:00 0 
2b42e824b000-2b430024b000 rw-p 00000000 00:00 0 
2b430024b000-2b430024c000 ---p 00000000 00:00 0 
2b430024c000-2b430044c000 rw-p 00000000 00:00 0 
2b430044c000-2b430044d000 ---p 00000000 00:00 0 
2b430044d000-2b430064d000 rw-p 00000000 00:00 0 
2b430064d000-2b430064e000 ---p 00000000 00:00 0 
2b430064e000-2b430084e000 rw-p 00000000 00:00 0 
2b430084e000-2b430084f000 ---p 00000000 00:00 0 
2b430084f000-2b4300a4f000 rw-p 00000000 00:00 0 
2b4300a4f000-2b4300a50000 ---p 00000000 00:00 0 
2b4300a50000-2b4300c50000 rw-p 00000000 00:00 0 
2b4300c50000-2b4300c51000 ---p 00000000 00:00 0 
2b4300c51000-2b4300e51000 rw-p 00000000 00:00 0 
2b4300e51000-2b4300e52000 ---p 00000000 00:00 0 
2b4300e52000-2b4301052000 rw-p 00000000 00:00 0 
2b4301052000-2b4301053000 ---p 00000000 00:00 0 
2b4301053000-2b4301253000 rw-p 00000000 00:00 0 
2b4301253000-2b4301254000 ---p 00000000 00:00 0 
2b4301254000-2b4301454000 rw-p 00000000 00:00 0 
2b4301454000-2b4301455000 ---p 00000000 00:00 0 
2b4301455000-2b4301655000 rw-p 00000000 00:00 0 
2b4301655000-2b4309655000 rw-p 00000000 00:00 0 
2b4309655000-2b4309656000 ---p 00000000 00:00 0 
2b4309656000-2b4309856000 rw-p 00000000 00:00 0 
2b4309856000-2b4359856000 rw-p 00000000 00:00 0 
2b4359957000-2b4361957000 rw-p 00000000 00:00 0 
2b4364000000-2b4364021000 rw-p 00000000 00:00 0 
2b4364021000-2b4368000000 ---p 00000000 00:00 0 
557ca5d37000-557ca5d5a000 r--p 00000000 00:2c 235732531                  /home/sek519/warm_starting/vws/Release/vws
557ca5d5a000-557ca5e33000 r-xp 00023000 00:2c 235732531                  /home/sek519/warm_starting/vws/Release/vws
557ca5e33000-557ca5e68000 r--p 000fc000 00:2c 235732531                  /home/sek519/warm_starting/vws/Release/vws
557ca5e68000-557ca5e6e000 r--p 00130000 00:2c 235732531                  /home/sek519/warm_starting/vws/Release/vws
557ca5e6e000-557ca5e70000 rw-p 00136000 00:2c 235732531                  /home/sek519/warm_starting/vws/Release/vws
557ca6538000-557ca9db1000 rw-p 00000000 00:00 0                          [heap]
7ffee7fdf000-7ffee8001000 rw-p 00000000 00:00 0                          [stack]
7ffee812e000-7ffee8130000 r--p 00000000 00:00 0                          [vvar]
7ffee8130000-7ffee8132000 r-xp 00000000 00:00 0                          [vdso]
ffffffffff600000-ffffffffff601000 r-xp 00000000 00:00 0                  [vsyscall]
/var/spool/torque/mom_priv/jobs/1397761.polyp1.ie.lehigh.edu.SC: line 4:   494 Aborted                 ../Release/vws ${INPUT_FOLDER} ${OUTPUT_FILE} ${MAX_TIME} ${GENERATOR} ${TERMS} ${MIP_SOLVER} ${PROVIDE_PRIMAL_BOUND}
