*** Error in `../Release/vws': double free or corruption (!prev): 0x000055b86b359860 ***
======= Backtrace: =========
/lib/x86_64-linux-gnu/libc.so.6(+0x70bfb)[0x2b517018abfb]
/lib/x86_64-linux-gnu/libc.so.6(+0x76fc6)[0x2b5170190fc6]
/lib/x86_64-linux-gnu/libc.so.6(+0x7780e)[0x2b517019180e]
../Release/vws(+0xa480f)[0x55b86900680f]
../Release/vws(+0x9e3c2)[0x55b8690003c2]
../Release/vws(+0x9f6e7)[0x55b8690016e7]
../Release/vws(+0xa1cb5)[0x55b869003cb5]
/home/sek519/warm_starting/vws/../vpc/lib/Cbc-trunk/build/lib/libCbc.so.0(_ZN8CbcModel14branchAndBoundEi+0x3bd5)[0x2b516ca72cf5]
../Release/vws(+0xc7787)[0x55b869029787]
../Release/vws(+0xc7ba7)[0x55b869029ba7]
../Release/vws(+0xaf127)[0x55b869011127]
../Release/vws(+0x37f21)[0x55b868f99f21]
../Release/vws(+0x3a002)[0x55b868f9c002]
../Release/vws(+0x54892)[0x55b868fb6892]
../Release/vws(+0x31248)[0x55b868f93248]
/lib/x86_64-linux-gnu/libc.so.6(__libc_start_main+0xf1)[0x2b517013a2e1]
../Release/vws(+0x32681)[0x55b868f94681]
======= Memory map: ========
2b516c74e000-2b516c771000 r-xp 00000000 08:05 4263                       /lib/x86_64-linux-gnu/ld-2.24.so
2b516c771000-2b516c773000 rw-p 00000000 00:00 0 
2b516c773000-2b516c776000 r--p 00000000 00:2c 235724777                  /home/sek519/miniconda/envs/vws/lib/libz.so.1.2.13
2b516c776000-2b516c784000 r-xp 00003000 00:2c 235724777                  /home/sek519/miniconda/envs/vws/lib/libz.so.1.2.13
2b516c784000-2b516c78b000 r--p 00011000 00:2c 235724777                  /home/sek519/miniconda/envs/vws/lib/libz.so.1.2.13
2b516c78b000-2b516c78c000 r--p 00017000 00:2c 235724777                  /home/sek519/miniconda/envs/vws/lib/libz.so.1.2.13
2b516c78c000-2b516c78d000 rw-p 00018000 00:2c 235724777                  /home/sek519/miniconda/envs/vws/lib/libz.so.1.2.13
2b516c78d000-2b516c78f000 r--p 00000000 00:2c 234676138                  /home/sek519/miniconda/envs/vws/lib/libbz2.so.1.0.8
2b516c78f000-2b516c79d000 r-xp 00002000 00:2c 234676138                  /home/sek519/miniconda/envs/vws/lib/libbz2.so.1.0.8
2b516c79d000-2b516c79f000 r--p 00010000 00:2c 234676138                  /home/sek519/miniconda/envs/vws/lib/libbz2.so.1.0.8
2b516c79f000-2b516c7a0000 r--p 00011000 00:2c 234676138                  /home/sek519/miniconda/envs/vws/lib/libbz2.so.1.0.8
2b516c7a0000-2b516c7a1000 rw-p 00012000 00:2c 234676138                  /home/sek519/miniconda/envs/vws/lib/libbz2.so.1.0.8
2b516c7a1000-2b516c7b9000 r--p 00000000 00:2c 234710701                  /home/sek519/miniconda/envs/vws/lib/libreadline.so.8.1
2b516c7b9000-2b516c7e4000 r-xp 00018000 00:2c 234710701                  /home/sek519/miniconda/envs/vws/lib/libreadline.so.8.1
2b516c7e4000-2b516c7ee000 r--p 00043000 00:2c 234710701                  /home/sek519/miniconda/envs/vws/lib/libreadline.so.8.1
2b516c7ee000-2b516c7f1000 r--p 0004c000 00:2c 234710701                  /home/sek519/miniconda/envs/vws/lib/libreadline.so.8.1
2b516c7f1000-2b516c7f7000 rw-p 0004f000 00:2c 234710701                  /home/sek519/miniconda/envs/vws/lib/libreadline.so.8.1
2b516c7f7000-2b516c7f8000 rw-p 00000000 00:00 0 
2b516c7f8000-2b516c80d000 r--p 00000000 00:2c 234984926                  /home/sek519/warm_starting/vpc/lib/Cbc-trunk/build/lib/libOsiClp.so.0.0.0
2b516c80d000-2b516c83d000 r-xp 00015000 00:2c 234984926                  /home/sek519/warm_starting/vpc/lib/Cbc-trunk/build/lib/libOsiClp.so.0.0.0
2b516c83d000-2b516c847000 r--p 00045000 00:2c 234984926                  /home/sek519/warm_starting/vpc/lib/Cbc-trunk/build/lib/libOsiClp.so.0.0.0
2b516c847000-2b516c849000 r--p 0004f000 00:2c 234984926                  /home/sek519/warm_starting/vpc/lib/Cbc-trunk/build/lib/libOsiClp.so.0.0.0
2b516c849000-2b516c84a000 rw-p 00051000 00:2c 234984926                  /home/sek519/warm_starting/vpc/lib/Cbc-trunk/build/lib/libOsiClp.so.0.0.0
2b516c84a000-2b516c84c000 rw-p 00000000 00:00 0 
2b516c84c000-2b516c874000 r--p 00000000 00:2c 234984933                  /home/sek519/warm_starting/vpc/lib/Cbc-trunk/build/lib/libCgl.so.0.0.0
2b516c874000-2b516c937000 r-xp 00028000 00:2c 234984933                  /home/sek519/warm_starting/vpc/lib/Cbc-trunk/build/lib/libCgl.so.0.0.0
2b516c937000-2b516c957000 r--p 000eb000 00:2c 234984933                  /home/sek519/warm_starting/vpc/lib/Cbc-trunk/build/lib/libCgl.so.0.0.0
2b516c957000-2b516c959000 r--p 0010b000 00:2c 234984933                  /home/sek519/warm_starting/vpc/lib/Cbc-trunk/build/lib/libCgl.so.0.0.0
2b516c959000-2b516c95b000 rw-p 0010d000 00:2c 234984933                  /home/sek519/warm_starting/vpc/lib/Cbc-trunk/build/lib/libCgl.so.0.0.0
2b516c95b000-2b516c964000 rw-p 00000000 00:00 0 
2b516c971000-2b516c972000 r--p 00023000 08:05 4263                       /lib/x86_64-linux-gnu/ld-2.24.so
2b516c972000-2b516c973000 rw-p 00024000 08:05 4263                       /lib/x86_64-linux-gnu/ld-2.24.so
2b516c973000-2b516c974000 rw-p 00000000 00:00 0 
2b516c974000-2b516c9e2000 r--p 00000000 00:2c 234984938                  /home/sek519/warm_starting/vpc/lib/Cbc-trunk/build/lib/libCbc.so.0.0.0
2b516c9e2000-2b516cb30000 r-xp 0006e000 00:2c 234984938                  /home/sek519/warm_starting/vpc/lib/Cbc-trunk/build/lib/libCbc.so.0.0.0
2b516cb30000-2b516cb7b000 r--p 001bc000 00:2c 234984938                  /home/sek519/warm_starting/vpc/lib/Cbc-trunk/build/lib/libCbc.so.0.0.0
2b516cb7b000-2b516cb87000 r--p 00207000 00:2c 234984938                  /home/sek519/warm_starting/vpc/lib/Cbc-trunk/build/lib/libCbc.so.0.0.0
2b516cb87000-2b516cb8b000 rw-p 00213000 00:2c 234984938                  /home/sek519/warm_starting/vpc/lib/Cbc-trunk/build/lib/libCbc.so.0.0.0
2b516cb8b000-2b516cba3000 r--p 00000000 00:2c 234984897                  /home/sek519/warm_starting/vpc/lib/Cbc-trunk/build/lib/libOsi.so.0.0.0
2b516cba3000-2b516cbd3000 r-xp 00018000 00:2c 234984897                  /home/sek519/warm_starting/vpc/lib/Cbc-trunk/build/lib/libOsi.so.0.0.0
2b516cbd3000-2b516cbe7000 r--p 00048000 00:2c 234984897                  /home/sek519/warm_starting/vpc/lib/Cbc-trunk/build/lib/libOsi.so.0.0.0
2b516cbe7000-2b516cbe9000 r--p 0005c000 00:2c 234984897                  /home/sek519/warm_starting/vpc/lib/Cbc-trunk/build/lib/libOsi.so.0.0.0
2b516cbe9000-2b516cbea000 rw-p 0005e000 00:2c 234984897                  /home/sek519/warm_starting/vpc/lib/Cbc-trunk/build/lib/libOsi.so.0.0.0
2b516cbea000-2b516cc29000 r--p 00000000 00:2c 234984922                  /home/sek519/warm_starting/vpc/lib/Cbc-trunk/build/lib/libClp.so.0.0.0
2b516cc29000-2b516cdb5000 r-xp 0003f000 00:2c 234984922                  /home/sek519/warm_starting/vpc/lib/Cbc-trunk/build/lib/libClp.so.0.0.0
2b516cdb5000-2b516cdf8000 r--p 001cb000 00:2c 234984922                  /home/sek519/warm_starting/vpc/lib/Cbc-trunk/build/lib/libClp.so.0.0.0
2b516cdf8000-2b516cdfb000 r--p 0020d000 00:2c 234984922                  /home/sek519/warm_starting/vpc/lib/Cbc-trunk/build/lib/libClp.so.0.0.0
2b516cdfb000-2b516cdff000 rw-p 00210000 00:2c 234984922                  /home/sek519/warm_starting/vpc/lib/Cbc-trunk/build/lib/libClp.so.0.0.0
2b516cdff000-2b516ce39000 r--p 00000000 00:2c 234984908                  /home/sek519/warm_starting/vpc/lib/Cbc-trunk/build/lib/libCoinUtils.so.0.0.0
2b516ce39000-2b516cf1f000 r-xp 0003a000 00:2c 234984908                  /home/sek519/warm_starting/vpc/lib/Cbc-trunk/build/lib/libCoinUtils.so.0.0.0
2b516cf1f000-2b516cf4c000 r--p 00120000 00:2c 234984908                  /home/sek519/warm_starting/vpc/lib/Cbc-trunk/build/lib/libCoinUtils.so.0.0.0
2b516cf4c000-2b516cf4f000 r--p 0014c000 00:2c 234984908                  /home/sek519/warm_starting/vpc/lib/Cbc-trunk/build/lib/libCoinUtils.so.0.0.0
2b516cf4f000-2b516cf52000 rw-p 0014f000 00:2c 234984908                  /home/sek519/warm_starting/vpc/lib/Cbc-trunk/build/lib/libCoinUtils.so.0.0.0
2b516cf52000-2b516f975000 r-xp 00000000 00:2c 234521354                  /home/sek519/miniconda/envs/vws/lib/libgurobi100.so
2b516f975000-2b516fb75000 ---p 02a23000 00:2c 234521354                  /home/sek519/miniconda/envs/vws/lib/libgurobi100.so
2b516fb75000-2b516fbdf000 r--p 02a23000 00:2c 234521354                  /home/sek519/miniconda/envs/vws/lib/libgurobi100.so
2b516fbdf000-2b516fc04000 rw-p 02a8d000 00:2c 234521354                  /home/sek519/miniconda/envs/vws/lib/libgurobi100.so
2b516fc04000-2b516fc11000 rw-p 00000000 00:00 0 
2b516fc11000-2b516fc14000 rw-p 02bf6000 00:2c 234521354                  /home/sek519/miniconda/envs/vws/lib/libgurobi100.so
2b516fc49000-2b516fd4c000 r-xp 00000000 08:05 8951                       /lib/x86_64-linux-gnu/libm-2.24.so
2b516fd4c000-2b516ff4b000 ---p 00103000 08:05 8951                       /lib/x86_64-linux-gnu/libm-2.24.so
2b516ff4b000-2b516ff4c000 r--p 00102000 08:05 8951                       /lib/x86_64-linux-gnu/libm-2.24.so
2b516ff4c000-2b516ff4d000 rw-p 00103000 08:05 8951                       /lib/x86_64-linux-gnu/libm-2.24.so
2b516ff4d000-2b516fff3000 r--p 00000000 00:2c 235724303                  /home/sek519/miniconda/envs/vws/lib/libstdc++.so.6.0.30
2b516fff3000-2b5170087000 r-xp 000a6000 00:2c 235724303                  /home/sek519/miniconda/envs/vws/lib/libstdc++.so.6.0.30
2b5170087000-2b51700ef000 r--p 0013a000 00:2c 235724303                  /home/sek519/miniconda/envs/vws/lib/libstdc++.so.6.0.30
2b51700ef000-2b51700fa000 r--p 001a1000 00:2c 235724303                  /home/sek519/miniconda/envs/vws/lib/libstdc++.so.6.0.30
2b51700fa000-2b51700fe000 rw-p 001ac000 00:2c 235724303                  /home/sek519/miniconda/envs/vws/lib/libstdc++.so.6.0.30
2b51700fe000-2b5170101000 rw-p 00000000 00:00 0 
2b5170101000-2b5170105000 r--p 00000000 00:2c 235727575                  /home/sek519/miniconda/envs/vws/lib/libgcc_s.so.1
2b5170105000-2b5170115000 r-xp 00004000 00:2c 235727575                  /home/sek519/miniconda/envs/vws/lib/libgcc_s.so.1
2b5170115000-2b5170118000 r--p 00014000 00:2c 235727575                  /home/sek519/miniconda/envs/vws/lib/libgcc_s.so.1
2b5170118000-2b5170119000 r--p 00016000 00:2c 235727575                  /home/sek519/miniconda/envs/vws/lib/libgcc_s.so.1
2b5170119000-2b517011a000 rw-p 00017000 00:2c 235727575                  /home/sek519/miniconda/envs/vws/lib/libgcc_s.so.1
2b517011a000-2b51702af000 r-xp 00000000 08:05 8947                       /lib/x86_64-linux-gnu/libc-2.24.so
2b51702af000-2b51704af000 ---p 00195000 08:05 8947                       /lib/x86_64-linux-gnu/libc-2.24.so
2b51704af000-2b51704b3000 r--p 00195000 08:05 8947                       /lib/x86_64-linux-gnu/libc-2.24.so
2b51704b3000-2b51704b5000 rw-p 00199000 08:05 8947                       /lib/x86_64-linux-gnu/libc-2.24.so
2b51704b5000-2b51704b9000 rw-p 00000000 00:00 0 
2b51704b9000-2b51704c9000 r--p 00000000 00:2c 235728014                  /home/sek519/miniconda/envs/vws/lib/libtinfo.so.6.3
2b51704c9000-2b51704e3000 r-xp 00010000 00:2c 235728014                  /home/sek519/miniconda/envs/vws/lib/libtinfo.so.6.3
2b51704e3000-2b51704f4000 r--p 0002a000 00:2c 235728014                  /home/sek519/miniconda/envs/vws/lib/libtinfo.so.6.3
2b51704f4000-2b51704f8000 r--p 0003a000 00:2c 235728014                  /home/sek519/miniconda/envs/vws/lib/libtinfo.so.6.3
2b51704f8000-2b51704f9000 rw-p 0003e000 00:2c 235728014                  /home/sek519/miniconda/envs/vws/lib/libtinfo.so.6.3
2b51704f9000-2b5170500000 r-xp 00000000 08:05 8992                       /lib/x86_64-linux-gnu/librt-2.24.so
2b5170500000-2b51706ff000 ---p 00007000 08:05 8992                       /lib/x86_64-linux-gnu/librt-2.24.so
2b51706ff000-2b5170700000 r--p 00006000 08:05 8992                       /lib/x86_64-linux-gnu/librt-2.24.so
2b5170700000-2b5170701000 rw-p 00007000 08:05 8992                       /lib/x86_64-linux-gnu/librt-2.24.so
2b5170701000-2b5170719000 r-xp 00000000 08:05 8990                       /lib/x86_64-linux-gnu/libpthread-2.24.so
2b5170719000-2b5170918000 ---p 00018000 08:05 8990                       /lib/x86_64-linux-gnu/libpthread-2.24.so
2b5170918000-2b5170919000 r--p 00017000 08:05 8990                       /lib/x86_64-linux-gnu/libpthread-2.24.so
2b5170919000-2b517091a000 rw-p 00018000 08:05 8990                       /lib/x86_64-linux-gnu/libpthread-2.24.so
2b517091a000-2b517091e000 rw-p 00000000 00:00 0 
2b517091e000-2b5170a17000 r--p 00000000 00:2c 235427053                  /home/sek519/miniconda/envs/vws/lib/libopenblasp-r0.3.12.so
2b5170a17000-2b5170a18000 r-xp 000f9000 00:2c 235427053                  /home/sek519/miniconda/envs/vws/lib/libopenblasp-r0.3.12.so
2b5170a18000-2b5170a1e000 ---p 000fa000 00:2c 235427053                  /home/sek519/miniconda/envs/vws/lib/libopenblasp-r0.3.12.so
2b5170a1e000-2b5172501000 r-xp 00100000 00:2c 235427053                  /home/sek519/miniconda/envs/vws/lib/libopenblasp-r0.3.12.so
2b5172501000-2b51726d4000 r--p 01be3000 00:2c 235427053                  /home/sek519/miniconda/envs/vws/lib/libopenblasp-r0.3.12.so
2b51726d4000-2b51726e2000 r--p 01db5000 00:2c 235427053                  /home/sek519/miniconda/envs/vws/lib/libopenblasp-r0.3.12.so
2b51726e2000-2b51726f0000 rw-p 01dc3000 00:2c 235427053                  /home/sek519/miniconda/envs/vws/lib/libopenblasp-r0.3.12.so
2b51726f0000-2b5172701000 rw-p 00000000 00:00 0 
2b5172701000-2b5172704000 r-xp 00000000 08:05 8950                       /lib/x86_64-linux-gnu/libdl-2.24.so
2b5172704000-2b5172903000 ---p 00003000 08:05 8950                       /lib/x86_64-linux-gnu/libdl-2.24.so
2b5172903000-2b5172904000 r--p 00002000 08:05 8950                       /lib/x86_64-linux-gnu/libdl-2.24.so
2b5172904000-2b5172905000 rw-p 00003000 08:05 8950                       /lib/x86_64-linux-gnu/libdl-2.24.so
2b5172905000-2b5172920000 r--p 00000000 00:2c 235723995                  /home/sek519/miniconda/envs/vws/lib/libgfortran.so.4.0.0
2b5172920000-2b5172a0f000 r-xp 0001b000 00:2c 235723995                  /home/sek519/miniconda/envs/vws/lib/libgfortran.so.4.0.0
2b5172a0f000-2b5172a30000 r--p 0010a000 00:2c 235723995                  /home/sek519/miniconda/envs/vws/lib/libgfortran.so.4.0.0
2b5172a30000-2b5172a31000 ---p 0012b000 00:2c 235723995                  /home/sek519/miniconda/envs/vws/lib/libgfortran.so.4.0.0
2b5172a31000-2b5172a32000 r--p 0012b000 00:2c 235723995                  /home/sek519/miniconda/envs/vws/lib/libgfortran.so.4.0.0
2b5172a32000-2b5172a33000 rw-p 0012c000 00:2c 235723995                  /home/sek519/miniconda/envs/vws/lib/libgfortran.so.4.0.0
2b5172a33000-2b5172a34000 rw-p 00000000 00:00 0 
2b5172a34000-2b5172a37000 r--p 00000000 00:2c 235727572                  /home/sek519/miniconda/envs/vws/lib/libquadmath.so.0.0.0
2b5172a37000-2b5172a56000 r-xp 00003000 00:2c 235727572                  /home/sek519/miniconda/envs/vws/lib/libquadmath.so.0.0.0
2b5172a56000-2b5172a6c000 r--p 00022000 00:2c 235727572                  /home/sek519/miniconda/envs/vws/lib/libquadmath.so.0.0.0
2b5172a6c000-2b5172a6d000 r--p 00038000 00:2c 235727572                  /home/sek519/miniconda/envs/vws/lib/libquadmath.so.0.0.0
2b5172a6d000-2b5172a6e000 rw-p 00039000 00:2c 235727572                  /home/sek519/miniconda/envs/vws/lib/libquadmath.so.0.0.0
2b5172a6e000-2b5172a80000 rw-p 00000000 00:00 0 
2b5172a80000-2b5172a81000 ---p 00000000 00:00 0 
2b5172a81000-2b5172c81000 rw-p 00000000 00:00 0 
2b5172c81000-2b5172c82000 ---p 00000000 00:00 0 
2b5172c82000-2b5172e82000 rw-p 00000000 00:00 0 
2b5172e82000-2b517ae82000 rw-p 00000000 00:00 0 
2b517ae82000-2b517ae83000 ---p 00000000 00:00 0 
2b517ae83000-2b517b083000 rw-p 00000000 00:00 0 
2b517b083000-2b5183083000 rw-p 00000000 00:00 0 
2b5183083000-2b5183084000 ---p 00000000 00:00 0 
2b5183084000-2b5183284000 rw-p 00000000 00:00 0 
2b5183284000-2b518b284000 rw-p 00000000 00:00 0 
2b518b284000-2b518b285000 ---p 00000000 00:00 0 
2b518b285000-2b518b485000 rw-p 00000000 00:00 0 
2b518b485000-2b5193485000 rw-p 00000000 00:00 0 
2b5193485000-2b5193486000 ---p 00000000 00:00 0 
2b5193486000-2b5193686000 rw-p 00000000 00:00 0 
2b5193686000-2b519b686000 rw-p 00000000 00:00 0 
2b519b686000-2b519b687000 ---p 00000000 00:00 0 
2b519b687000-2b519b887000 rw-p 00000000 00:00 0 
2b519b887000-2b51a3887000 rw-p 00000000 00:00 0 
2b51a3887000-2b51a3888000 ---p 00000000 00:00 0 
2b51a3888000-2b51a3a88000 rw-p 00000000 00:00 0 
2b51a3a88000-2b51aba88000 rw-p 00000000 00:00 0 
2b51aba88000-2b51aba89000 ---p 00000000 00:00 0 
2b51aba89000-2b51abc89000 rw-p 00000000 00:00 0 
2b51abc89000-2b51b3c89000 rw-p 00000000 00:00 0 
2b51b3c89000-2b51b3c8a000 ---p 00000000 00:00 0 
2b51b3c8a000-2b51b3e8a000 rw-p 00000000 00:00 0 
2b51b3e8a000-2b51b3e8b000 ---p 00000000 00:00 0 
2b51b3e8b000-2b51b408b000 rw-p 00000000 00:00 0 
2b51b408b000-2b51bc08b000 rw-p 00000000 00:00 0 
2b51bc08b000-2b51bc08c000 ---p 00000000 00:00 0 
2b51bc08c000-2b51bc28c000 rw-p 00000000 00:00 0 
2b51bc28c000-2b51c428c000 rw-p 00000000 00:00 0 
2b51c428c000-2b51c428d000 ---p 00000000 00:00 0 
2b51c428d000-2b51c448d000 rw-p 00000000 00:00 0 
2b51c448d000-2b51cc48d000 rw-p 00000000 00:00 0 
2b51cc48d000-2b51cc48e000 ---p 00000000 00:00 0 
2b51cc48e000-2b51cc68e000 rw-p 00000000 00:00 0 
2b51cc68e000-2b51cc68f000 ---p 00000000 00:00 0 
2b51cc68f000-2b51cc88f000 rw-p 00000000 00:00 0 
2b51cc88f000-2b51ec88f000 rw-p 00000000 00:00 0 
2b51f0000000-2b51f0021000 rw-p 00000000 00:00 0 
2b51f0021000-2b51f4000000 ---p 00000000 00:00 0 
55b868f62000-55b868f85000 r--p 00000000 00:2c 235732531                  /home/sek519/warm_starting/vws/Release/vws
55b868f85000-55b86905e000 r-xp 00023000 00:2c 235732531                  /home/sek519/warm_starting/vws/Release/vws
55b86905e000-55b869093000 r--p 000fc000 00:2c 235732531                  /home/sek519/warm_starting/vws/Release/vws
55b869093000-55b869099000 r--p 00130000 00:2c 235732531                  /home/sek519/warm_starting/vws/Release/vws
55b869099000-55b86909b000 rw-p 00136000 00:2c 235732531                  /home/sek519/warm_starting/vws/Release/vws
55b86a6ef000-55b86c5de000 rw-p 00000000 00:00 0                          [heap]
7fff8d664000-7fff8d686000 rw-p 00000000 00:00 0                          [stack]
7fff8d725000-7fff8d727000 r--p 00000000 00:00 0                          [vvar]
7fff8d727000-7fff8d729000 r-xp 00000000 00:00 0                          [vdso]
ffffffffff600000-ffffffffff601000 r-xp 00000000 00:00 0                  [vsyscall]
/var/spool/torque/mom_priv/jobs/1397794.polyp1.ie.lehigh.edu.SC: line 4: 21043 Aborted                 (core dumped) ../Release/vws ${INPUT_FOLDER} ${OUTPUT_FILE} ${MAX_TIME} ${GENERATOR} ${TERMS} ${MIP_SOLVER} ${PROVIDE_PRIMAL_BOUND}
