*** Error in `../Release/vws': double free or corruption (!prev): 0x000055b8de059bb0 ***
======= Backtrace: =========
/lib/x86_64-linux-gnu/libc.so.6(+0x70bfb)[0x2ba2891f9bfb]
/lib/x86_64-linux-gnu/libc.so.6(+0x76fc6)[0x2ba2891fffc6]
/lib/x86_64-linux-gnu/libc.so.6(+0x7780e)[0x2ba28920080e]
../Release/vws(+0xc314f)[0x55b8dd87514f]
../Release/vws(+0xa480f)[0x55b8dd85680f]
../Release/vws(+0x9e3c2)[0x55b8dd8503c2]
../Release/vws(+0x9f6e7)[0x55b8dd8516e7]
../Release/vws(+0xa1cb5)[0x55b8dd853cb5]
/home/sek519/warm_starting/vws/../vpc/lib/Cbc-trunk/build/lib/libCbc.so.0(_ZN8CbcModel14branchAndBoundEi+0x3bd5)[0x2ba285ae1cf5]
../Release/vws(+0xc7787)[0x55b8dd879787]
../Release/vws(+0xc7ba7)[0x55b8dd879ba7]
../Release/vws(+0xaf127)[0x55b8dd861127]
../Release/vws(+0x37f21)[0x55b8dd7e9f21]
../Release/vws(+0x3a002)[0x55b8dd7ec002]
../Release/vws(+0x54892)[0x55b8dd806892]
../Release/vws(+0x31248)[0x55b8dd7e3248]
/lib/x86_64-linux-gnu/libc.so.6(__libc_start_main+0xf1)[0x2ba2891a92e1]
../Release/vws(+0x32681)[0x55b8dd7e4681]
======= Memory map: ========
2ba2857bd000-2ba2857e0000 r-xp 00000000 08:01 4103                       /lib/x86_64-linux-gnu/ld-2.24.so
2ba2857e0000-2ba2857e2000 rw-p 00000000 00:00 0 
2ba2857e2000-2ba2857e5000 r--p 00000000 00:2c 235724777                  /home/sek519/miniconda/envs/vws/lib/libz.so.1.2.13
2ba2857e5000-2ba2857f3000 r-xp 00003000 00:2c 235724777                  /home/sek519/miniconda/envs/vws/lib/libz.so.1.2.13
2ba2857f3000-2ba2857fa000 r--p 00011000 00:2c 235724777                  /home/sek519/miniconda/envs/vws/lib/libz.so.1.2.13
2ba2857fa000-2ba2857fb000 r--p 00017000 00:2c 235724777                  /home/sek519/miniconda/envs/vws/lib/libz.so.1.2.13
2ba2857fb000-2ba2857fc000 rw-p 00018000 00:2c 235724777                  /home/sek519/miniconda/envs/vws/lib/libz.so.1.2.13
2ba2857fc000-2ba2857fe000 r--p 00000000 00:2c 234676138                  /home/sek519/miniconda/envs/vws/lib/libbz2.so.1.0.8
2ba2857fe000-2ba28580c000 r-xp 00002000 00:2c 234676138                  /home/sek519/miniconda/envs/vws/lib/libbz2.so.1.0.8
2ba28580c000-2ba28580e000 r--p 00010000 00:2c 234676138                  /home/sek519/miniconda/envs/vws/lib/libbz2.so.1.0.8
2ba28580e000-2ba28580f000 r--p 00011000 00:2c 234676138                  /home/sek519/miniconda/envs/vws/lib/libbz2.so.1.0.8
2ba28580f000-2ba285810000 rw-p 00012000 00:2c 234676138                  /home/sek519/miniconda/envs/vws/lib/libbz2.so.1.0.8
2ba285810000-2ba285828000 r--p 00000000 00:2c 234710701                  /home/sek519/miniconda/envs/vws/lib/libreadline.so.8.1
2ba285828000-2ba285853000 r-xp 00018000 00:2c 234710701                  /home/sek519/miniconda/envs/vws/lib/libreadline.so.8.1
2ba285853000-2ba28585d000 r--p 00043000 00:2c 234710701                  /home/sek519/miniconda/envs/vws/lib/libreadline.so.8.1
2ba28585d000-2ba285860000 r--p 0004c000 00:2c 234710701                  /home/sek519/miniconda/envs/vws/lib/libreadline.so.8.1
2ba285860000-2ba285866000 rw-p 0004f000 00:2c 234710701                  /home/sek519/miniconda/envs/vws/lib/libreadline.so.8.1
2ba285866000-2ba285867000 rw-p 00000000 00:00 0 
2ba285867000-2ba28587c000 r--p 00000000 00:2c 234984926                  /home/sek519/warm_starting/vpc/lib/Cbc-trunk/build/lib/libOsiClp.so.0.0.0
2ba28587c000-2ba2858ac000 r-xp 00015000 00:2c 234984926                  /home/sek519/warm_starting/vpc/lib/Cbc-trunk/build/lib/libOsiClp.so.0.0.0
2ba2858ac000-2ba2858b6000 r--p 00045000 00:2c 234984926                  /home/sek519/warm_starting/vpc/lib/Cbc-trunk/build/lib/libOsiClp.so.0.0.0
2ba2858b6000-2ba2858b8000 r--p 0004f000 00:2c 234984926                  /home/sek519/warm_starting/vpc/lib/Cbc-trunk/build/lib/libOsiClp.so.0.0.0
2ba2858b8000-2ba2858b9000 rw-p 00051000 00:2c 234984926                  /home/sek519/warm_starting/vpc/lib/Cbc-trunk/build/lib/libOsiClp.so.0.0.0
2ba2858b9000-2ba2858bb000 rw-p 00000000 00:00 0 
2ba2858bb000-2ba2858e3000 r--p 00000000 00:2c 234984933                  /home/sek519/warm_starting/vpc/lib/Cbc-trunk/build/lib/libCgl.so.0.0.0
2ba2858e3000-2ba2859a6000 r-xp 00028000 00:2c 234984933                  /home/sek519/warm_starting/vpc/lib/Cbc-trunk/build/lib/libCgl.so.0.0.0
2ba2859a6000-2ba2859c6000 r--p 000eb000 00:2c 234984933                  /home/sek519/warm_starting/vpc/lib/Cbc-trunk/build/lib/libCgl.so.0.0.0
2ba2859c6000-2ba2859c8000 r--p 0010b000 00:2c 234984933                  /home/sek519/warm_starting/vpc/lib/Cbc-trunk/build/lib/libCgl.so.0.0.0
2ba2859c8000-2ba2859ca000 rw-p 0010d000 00:2c 234984933                  /home/sek519/warm_starting/vpc/lib/Cbc-trunk/build/lib/libCgl.so.0.0.0
2ba2859ca000-2ba2859d3000 rw-p 00000000 00:00 0 
2ba2859e0000-2ba2859e1000 r--p 00023000 08:01 4103                       /lib/x86_64-linux-gnu/ld-2.24.so
2ba2859e1000-2ba2859e2000 rw-p 00024000 08:01 4103                       /lib/x86_64-linux-gnu/ld-2.24.so
2ba2859e2000-2ba2859e3000 rw-p 00000000 00:00 0 
2ba2859e3000-2ba285a51000 r--p 00000000 00:2c 234984938                  /home/sek519/warm_starting/vpc/lib/Cbc-trunk/build/lib/libCbc.so.0.0.0
2ba285a51000-2ba285b9f000 r-xp 0006e000 00:2c 234984938                  /home/sek519/warm_starting/vpc/lib/Cbc-trunk/build/lib/libCbc.so.0.0.0
2ba285b9f000-2ba285bea000 r--p 001bc000 00:2c 234984938                  /home/sek519/warm_starting/vpc/lib/Cbc-trunk/build/lib/libCbc.so.0.0.0
2ba285bea000-2ba285bf6000 r--p 00207000 00:2c 234984938                  /home/sek519/warm_starting/vpc/lib/Cbc-trunk/build/lib/libCbc.so.0.0.0
2ba285bf6000-2ba285bfa000 rw-p 00213000 00:2c 234984938                  /home/sek519/warm_starting/vpc/lib/Cbc-trunk/build/lib/libCbc.so.0.0.0
2ba285bfa000-2ba285c12000 r--p 00000000 00:2c 234984897                  /home/sek519/warm_starting/vpc/lib/Cbc-trunk/build/lib/libOsi.so.0.0.0
2ba285c12000-2ba285c42000 r-xp 00018000 00:2c 234984897                  /home/sek519/warm_starting/vpc/lib/Cbc-trunk/build/lib/libOsi.so.0.0.0
2ba285c42000-2ba285c56000 r--p 00048000 00:2c 234984897                  /home/sek519/warm_starting/vpc/lib/Cbc-trunk/build/lib/libOsi.so.0.0.0
2ba285c56000-2ba285c58000 r--p 0005c000 00:2c 234984897                  /home/sek519/warm_starting/vpc/lib/Cbc-trunk/build/lib/libOsi.so.0.0.0
2ba285c58000-2ba285c59000 rw-p 0005e000 00:2c 234984897                  /home/sek519/warm_starting/vpc/lib/Cbc-trunk/build/lib/libOsi.so.0.0.0
2ba285c59000-2ba285c98000 r--p 00000000 00:2c 234984922                  /home/sek519/warm_starting/vpc/lib/Cbc-trunk/build/lib/libClp.so.0.0.0
2ba285c98000-2ba285e24000 r-xp 0003f000 00:2c 234984922                  /home/sek519/warm_starting/vpc/lib/Cbc-trunk/build/lib/libClp.so.0.0.0
2ba285e24000-2ba285e67000 r--p 001cb000 00:2c 234984922                  /home/sek519/warm_starting/vpc/lib/Cbc-trunk/build/lib/libClp.so.0.0.0
2ba285e67000-2ba285e6a000 r--p 0020d000 00:2c 234984922                  /home/sek519/warm_starting/vpc/lib/Cbc-trunk/build/lib/libClp.so.0.0.0
2ba285e6a000-2ba285e6e000 rw-p 00210000 00:2c 234984922                  /home/sek519/warm_starting/vpc/lib/Cbc-trunk/build/lib/libClp.so.0.0.0
2ba285e6e000-2ba285ea8000 r--p 00000000 00:2c 234984908                  /home/sek519/warm_starting/vpc/lib/Cbc-trunk/build/lib/libCoinUtils.so.0.0.0
2ba285ea8000-2ba285f8e000 r-xp 0003a000 00:2c 234984908                  /home/sek519/warm_starting/vpc/lib/Cbc-trunk/build/lib/libCoinUtils.so.0.0.0
2ba285f8e000-2ba285fbb000 r--p 00120000 00:2c 234984908                  /home/sek519/warm_starting/vpc/lib/Cbc-trunk/build/lib/libCoinUtils.so.0.0.0
2ba285fbb000-2ba285fbe000 r--p 0014c000 00:2c 234984908                  /home/sek519/warm_starting/vpc/lib/Cbc-trunk/build/lib/libCoinUtils.so.0.0.0
2ba285fbe000-2ba285fc1000 rw-p 0014f000 00:2c 234984908                  /home/sek519/warm_starting/vpc/lib/Cbc-trunk/build/lib/libCoinUtils.so.0.0.0
2ba285fc1000-2ba2889e4000 r-xp 00000000 00:2c 234521354                  /home/sek519/miniconda/envs/vws/lib/libgurobi100.so
2ba2889e4000-2ba288be4000 ---p 02a23000 00:2c 234521354                  /home/sek519/miniconda/envs/vws/lib/libgurobi100.so
2ba288be4000-2ba288c4e000 r--p 02a23000 00:2c 234521354                  /home/sek519/miniconda/envs/vws/lib/libgurobi100.so
2ba288c4e000-2ba288c73000 rw-p 02a8d000 00:2c 234521354                  /home/sek519/miniconda/envs/vws/lib/libgurobi100.so
2ba288c73000-2ba288c80000 rw-p 00000000 00:00 0 
2ba288c80000-2ba288c83000 rw-p 02bf6000 00:2c 234521354                  /home/sek519/miniconda/envs/vws/lib/libgurobi100.so
2ba288cb8000-2ba288dbb000 r-xp 00000000 08:01 4775                       /lib/x86_64-linux-gnu/libm-2.24.so
2ba288dbb000-2ba288fba000 ---p 00103000 08:01 4775                       /lib/x86_64-linux-gnu/libm-2.24.so
2ba288fba000-2ba288fbb000 r--p 00102000 08:01 4775                       /lib/x86_64-linux-gnu/libm-2.24.so
2ba288fbb000-2ba288fbc000 rw-p 00103000 08:01 4775                       /lib/x86_64-linux-gnu/libm-2.24.so
2ba288fbc000-2ba289062000 r--p 00000000 00:2c 235724303                  /home/sek519/miniconda/envs/vws/lib/libstdc++.so.6.0.30
2ba289062000-2ba2890f6000 r-xp 000a6000 00:2c 235724303                  /home/sek519/miniconda/envs/vws/lib/libstdc++.so.6.0.30
2ba2890f6000-2ba28915e000 r--p 0013a000 00:2c 235724303                  /home/sek519/miniconda/envs/vws/lib/libstdc++.so.6.0.30
2ba28915e000-2ba289169000 r--p 001a1000 00:2c 235724303                  /home/sek519/miniconda/envs/vws/lib/libstdc++.so.6.0.30
2ba289169000-2ba28916d000 rw-p 001ac000 00:2c 235724303                  /home/sek519/miniconda/envs/vws/lib/libstdc++.so.6.0.30
2ba28916d000-2ba289170000 rw-p 00000000 00:00 0 
2ba289170000-2ba289174000 r--p 00000000 00:2c 235727575                  /home/sek519/miniconda/envs/vws/lib/libgcc_s.so.1
2ba289174000-2ba289184000 r-xp 00004000 00:2c 235727575                  /home/sek519/miniconda/envs/vws/lib/libgcc_s.so.1
2ba289184000-2ba289187000 r--p 00014000 00:2c 235727575                  /home/sek519/miniconda/envs/vws/lib/libgcc_s.so.1
2ba289187000-2ba289188000 r--p 00016000 00:2c 235727575                  /home/sek519/miniconda/envs/vws/lib/libgcc_s.so.1
2ba289188000-2ba289189000 rw-p 00017000 00:2c 235727575                  /home/sek519/miniconda/envs/vws/lib/libgcc_s.so.1
2ba289189000-2ba28931e000 r-xp 00000000 08:01 4771                       /lib/x86_64-linux-gnu/libc-2.24.so
2ba28931e000-2ba28951e000 ---p 00195000 08:01 4771                       /lib/x86_64-linux-gnu/libc-2.24.so
2ba28951e000-2ba289522000 r--p 00195000 08:01 4771                       /lib/x86_64-linux-gnu/libc-2.24.so
2ba289522000-2ba289524000 rw-p 00199000 08:01 4771                       /lib/x86_64-linux-gnu/libc-2.24.so
2ba289524000-2ba289528000 rw-p 00000000 00:00 0 
2ba289528000-2ba289538000 r--p 00000000 00:2c 235728014                  /home/sek519/miniconda/envs/vws/lib/libtinfo.so.6.3
2ba289538000-2ba289552000 r-xp 00010000 00:2c 235728014                  /home/sek519/miniconda/envs/vws/lib/libtinfo.so.6.3
2ba289552000-2ba289563000 r--p 0002a000 00:2c 235728014                  /home/sek519/miniconda/envs/vws/lib/libtinfo.so.6.3
2ba289563000-2ba289567000 r--p 0003a000 00:2c 235728014                  /home/sek519/miniconda/envs/vws/lib/libtinfo.so.6.3
2ba289567000-2ba289568000 rw-p 0003e000 00:2c 235728014                  /home/sek519/miniconda/envs/vws/lib/libtinfo.so.6.3
2ba289568000-2ba28956f000 r-xp 00000000 08:01 4788                       /lib/x86_64-linux-gnu/librt-2.24.so
2ba28956f000-2ba28976e000 ---p 00007000 08:01 4788                       /lib/x86_64-linux-gnu/librt-2.24.so
2ba28976e000-2ba28976f000 r--p 00006000 08:01 4788                       /lib/x86_64-linux-gnu/librt-2.24.so
2ba28976f000-2ba289770000 rw-p 00007000 08:01 4788                       /lib/x86_64-linux-gnu/librt-2.24.so
2ba289770000-2ba289788000 r-xp 00000000 08:01 4786                       /lib/x86_64-linux-gnu/libpthread-2.24.so
2ba289788000-2ba289987000 ---p 00018000 08:01 4786                       /lib/x86_64-linux-gnu/libpthread-2.24.so
2ba289987000-2ba289988000 r--p 00017000 08:01 4786                       /lib/x86_64-linux-gnu/libpthread-2.24.so
2ba289988000-2ba289989000 rw-p 00018000 08:01 4786                       /lib/x86_64-linux-gnu/libpthread-2.24.so
2ba289989000-2ba28998d000 rw-p 00000000 00:00 0 
2ba28998d000-2ba289a86000 r--p 00000000 00:2c 235427053                  /home/sek519/miniconda/envs/vws/lib/libopenblasp-r0.3.12.so
2ba289a86000-2ba289a87000 r-xp 000f9000 00:2c 235427053                  /home/sek519/miniconda/envs/vws/lib/libopenblasp-r0.3.12.so
2ba289a87000-2ba289a8d000 ---p 000fa000 00:2c 235427053                  /home/sek519/miniconda/envs/vws/lib/libopenblasp-r0.3.12.so
2ba289a8d000-2ba28b570000 r-xp 00100000 00:2c 235427053                  /home/sek519/miniconda/envs/vws/lib/libopenblasp-r0.3.12.so
2ba28b570000-2ba28b743000 r--p 01be3000 00:2c 235427053                  /home/sek519/miniconda/envs/vws/lib/libopenblasp-r0.3.12.so
2ba28b743000-2ba28b751000 r--p 01db5000 00:2c 235427053                  /home/sek519/miniconda/envs/vws/lib/libopenblasp-r0.3.12.so
2ba28b751000-2ba28b75f000 rw-p 01dc3000 00:2c 235427053                  /home/sek519/miniconda/envs/vws/lib/libopenblasp-r0.3.12.so
2ba28b75f000-2ba28b770000 rw-p 00000000 00:00 0 
2ba28b770000-2ba28b773000 r-xp 00000000 08:01 4774                       /lib/x86_64-linux-gnu/libdl-2.24.so
2ba28b773000-2ba28b972000 ---p 00003000 08:01 4774                       /lib/x86_64-linux-gnu/libdl-2.24.so
2ba28b972000-2ba28b973000 r--p 00002000 08:01 4774                       /lib/x86_64-linux-gnu/libdl-2.24.so
2ba28b973000-2ba28b974000 rw-p 00003000 08:01 4774                       /lib/x86_64-linux-gnu/libdl-2.24.so
2ba28b974000-2ba28b98f000 r--p 00000000 00:2c 235723995                  /home/sek519/miniconda/envs/vws/lib/libgfortran.so.4.0.0
2ba28b98f000-2ba28ba7e000 r-xp 0001b000 00:2c 235723995                  /home/sek519/miniconda/envs/vws/lib/libgfortran.so.4.0.0
2ba28ba7e000-2ba28ba9f000 r--p 0010a000 00:2c 235723995                  /home/sek519/miniconda/envs/vws/lib/libgfortran.so.4.0.0
2ba28ba9f000-2ba28baa0000 ---p 0012b000 00:2c 235723995                  /home/sek519/miniconda/envs/vws/lib/libgfortran.so.4.0.0
2ba28baa0000-2ba28baa1000 r--p 0012b000 00:2c 235723995                  /home/sek519/miniconda/envs/vws/lib/libgfortran.so.4.0.0
2ba28baa1000-2ba28baa2000 rw-p 0012c000 00:2c 235723995                  /home/sek519/miniconda/envs/vws/lib/libgfortran.so.4.0.0
2ba28baa2000-2ba28baa3000 rw-p 00000000 00:00 0 
2ba28baa3000-2ba28baa6000 r--p 00000000 00:2c 235727572                  /home/sek519/miniconda/envs/vws/lib/libquadmath.so.0.0.0
2ba28baa6000-2ba28bac5000 r-xp 00003000 00:2c 235727572                  /home/sek519/miniconda/envs/vws/lib/libquadmath.so.0.0.0
2ba28bac5000-2ba28badb000 r--p 00022000 00:2c 235727572                  /home/sek519/miniconda/envs/vws/lib/libquadmath.so.0.0.0
2ba28badb000-2ba28badc000 r--p 00038000 00:2c 235727572                  /home/sek519/miniconda/envs/vws/lib/libquadmath.so.0.0.0
2ba28badc000-2ba28badd000 rw-p 00039000 00:2c 235727572                  /home/sek519/miniconda/envs/vws/lib/libquadmath.so.0.0.0
2ba28badd000-2ba28baef000 rw-p 00000000 00:00 0 
2ba28baef000-2ba28baf0000 ---p 00000000 00:00 0 
2ba28baf0000-2ba28bcf0000 rw-p 00000000 00:00 0 
2ba28bcf0000-2ba28bcf1000 ---p 00000000 00:00 0 
2ba28bcf1000-2ba28bef1000 rw-p 00000000 00:00 0 
2ba28bef1000-2ba28bef2000 ---p 00000000 00:00 0 
2ba28bef2000-2ba28c0f2000 rw-p 00000000 00:00 0 
2ba28c0f2000-2ba28c0f3000 ---p 00000000 00:00 0 
2ba28c0f3000-2ba28c2f3000 rw-p 00000000 00:00 0 
2ba28c2f3000-2ba28c2f4000 ---p 00000000 00:00 0 
2ba28c2f4000-2ba28c4f4000 rw-p 00000000 00:00 0 
2ba28c4f4000-2ba28c4f5000 ---p 00000000 00:00 0 
2ba28c4f5000-2ba28c6f5000 rw-p 00000000 00:00 0 
2ba28c6f5000-2ba28c6f6000 ---p 00000000 00:00 0 
2ba28c6f6000-2ba28c8f6000 rw-p 00000000 00:00 0 
2ba28c8f6000-2ba28c8f7000 ---p 00000000 00:00 0 
2ba28c8f7000-2ba28caf7000 rw-p 00000000 00:00 0 
2ba28caf7000-2ba28caf8000 ---p 00000000 00:00 0 
2ba28caf8000-2ba28ccf8000 rw-p 00000000 00:00 0 
2ba28ccf8000-2ba28ccf9000 ---p 00000000 00:00 0 
2ba28ccf9000-2ba28cef9000 rw-p 00000000 00:00 0 
2ba28cef9000-2ba28cefa000 ---p 00000000 00:00 0 
2ba28cefa000-2ba28d0fa000 rw-p 00000000 00:00 0 
2ba28d0fa000-2ba28d0fb000 ---p 00000000 00:00 0 
2ba28d0fb000-2ba28d2fb000 rw-p 00000000 00:00 0 
2ba28d2fb000-2ba28d2fc000 ---p 00000000 00:00 0 
2ba28d2fc000-2ba28d4fc000 rw-p 00000000 00:00 0 
2ba28d4fc000-2ba28d4fd000 ---p 00000000 00:00 0 
2ba28d4fd000-2ba28d6fd000 rw-p 00000000 00:00 0 
2ba28d6fd000-2ba28d6fe000 ---p 00000000 00:00 0 
2ba28d6fe000-2ba28d8fe000 rw-p 00000000 00:00 0 
2ba28d8fe000-2ba3058fe000 rw-p 00000000 00:00 0 
2ba308000000-2ba308021000 rw-p 00000000 00:00 0 
2ba308021000-2ba30c000000 ---p 00000000 00:00 0 
55b8dd7b2000-55b8dd7d5000 r--p 00000000 00:2c 235732531                  /home/sek519/warm_starting/vws/Release/vws
55b8dd7d5000-55b8dd8ae000 r-xp 00023000 00:2c 235732531                  /home/sek519/warm_starting/vws/Release/vws
55b8dd8ae000-55b8dd8e3000 r--p 000fc000 00:2c 235732531                  /home/sek519/warm_starting/vws/Release/vws
55b8dd8e3000-55b8dd8e9000 r--p 00130000 00:2c 235732531                  /home/sek519/warm_starting/vws/Release/vws
55b8dd8e9000-55b8dd8eb000 rw-p 00136000 00:2c 235732531                  /home/sek519/warm_starting/vws/Release/vws
55b8dd975000-55b8dead3000 rw-p 00000000 00:00 0                          [heap]
7ffe14178000-7ffe1419a000 rw-p 00000000 00:00 0                          [stack]
7ffe141fb000-7ffe141fd000 r--p 00000000 00:00 0                          [vvar]
7ffe141fd000-7ffe141ff000 r-xp 00000000 00:00 0                          [vdso]
ffffffffff600000-ffffffffff601000 r-xp 00000000 00:00 0                  [vsyscall]
/var/spool/torque/mom_priv/jobs/1397840.polyp1.ie.lehigh.edu.SC: line 4: 27043 Aborted                 (core dumped) ../Release/vws ${INPUT_FOLDER} ${OUTPUT_FILE} ${MAX_TIME} ${GENERATOR} ${TERMS} ${MIP_SOLVER} ${PROVIDE_PRIMAL_BOUND}
