*** Error in `../Release/vws': free(): invalid pointer: 0x0000557d863432a0 ***
======= Backtrace: =========
/lib/x86_64-linux-gnu/libc.so.6(+0x70bfb)[0x2b05cfd23bfb]
/lib/x86_64-linux-gnu/libc.so.6(+0x76fc6)[0x2b05cfd29fc6]
/lib/x86_64-linux-gnu/libc.so.6(+0x7780e)[0x2b05cfd2a80e]
../Release/vws(+0x9e389)[0x557d841c4389]
../Release/vws(+0x9f6e7)[0x557d841c56e7]
../Release/vws(+0xa1cb5)[0x557d841c7cb5]
/home/sek519/warm_starting/vws/../vpc/lib/Cbc-trunk/build/lib/libCbc.so.0(_ZN8CbcModel14branchAndBoundEi+0x3bd5)[0x2b05cc60bcf5]
../Release/vws(+0xc7787)[0x557d841ed787]
../Release/vws(+0xc7ba7)[0x557d841edba7]
../Release/vws(+0xaf127)[0x557d841d5127]
../Release/vws(+0x37f21)[0x557d8415df21]
../Release/vws(+0x3a002)[0x557d84160002]
../Release/vws(+0x54892)[0x557d8417a892]
../Release/vws(+0x31248)[0x557d84157248]
/lib/x86_64-linux-gnu/libc.so.6(__libc_start_main+0xf1)[0x2b05cfcd32e1]
../Release/vws(+0x32681)[0x557d84158681]
======= Memory map: ========
2b05cc2e7000-2b05cc30a000 r-xp 00000000 08:05 527455                     /lib/x86_64-linux-gnu/ld-2.24.so
2b05cc30a000-2b05cc30c000 rw-p 00000000 00:00 0 
2b05cc30c000-2b05cc30f000 r--p 00000000 00:2c 235724777                  /home/sek519/miniconda/envs/vws/lib/libz.so.1.2.13
2b05cc30f000-2b05cc31d000 r-xp 00003000 00:2c 235724777                  /home/sek519/miniconda/envs/vws/lib/libz.so.1.2.13
2b05cc31d000-2b05cc324000 r--p 00011000 00:2c 235724777                  /home/sek519/miniconda/envs/vws/lib/libz.so.1.2.13
2b05cc324000-2b05cc325000 r--p 00017000 00:2c 235724777                  /home/sek519/miniconda/envs/vws/lib/libz.so.1.2.13
2b05cc325000-2b05cc326000 rw-p 00018000 00:2c 235724777                  /home/sek519/miniconda/envs/vws/lib/libz.so.1.2.13
2b05cc326000-2b05cc328000 r--p 00000000 00:2c 234676138                  /home/sek519/miniconda/envs/vws/lib/libbz2.so.1.0.8
2b05cc328000-2b05cc336000 r-xp 00002000 00:2c 234676138                  /home/sek519/miniconda/envs/vws/lib/libbz2.so.1.0.8
2b05cc336000-2b05cc338000 r--p 00010000 00:2c 234676138                  /home/sek519/miniconda/envs/vws/lib/libbz2.so.1.0.8
2b05cc338000-2b05cc339000 r--p 00011000 00:2c 234676138                  /home/sek519/miniconda/envs/vws/lib/libbz2.so.1.0.8
2b05cc339000-2b05cc33a000 rw-p 00012000 00:2c 234676138                  /home/sek519/miniconda/envs/vws/lib/libbz2.so.1.0.8
2b05cc33a000-2b05cc352000 r--p 00000000 00:2c 234710701                  /home/sek519/miniconda/envs/vws/lib/libreadline.so.8.1
2b05cc352000-2b05cc37d000 r-xp 00018000 00:2c 234710701                  /home/sek519/miniconda/envs/vws/lib/libreadline.so.8.1
2b05cc37d000-2b05cc387000 r--p 00043000 00:2c 234710701                  /home/sek519/miniconda/envs/vws/lib/libreadline.so.8.1
2b05cc387000-2b05cc38a000 r--p 0004c000 00:2c 234710701                  /home/sek519/miniconda/envs/vws/lib/libreadline.so.8.1
2b05cc38a000-2b05cc390000 rw-p 0004f000 00:2c 234710701                  /home/sek519/miniconda/envs/vws/lib/libreadline.so.8.1
2b05cc390000-2b05cc391000 rw-p 00000000 00:00 0 
2b05cc391000-2b05cc3a6000 r--p 00000000 00:2c 234984926                  /home/sek519/warm_starting/vpc/lib/Cbc-trunk/build/lib/libOsiClp.so.0.0.0
2b05cc3a6000-2b05cc3d6000 r-xp 00015000 00:2c 234984926                  /home/sek519/warm_starting/vpc/lib/Cbc-trunk/build/lib/libOsiClp.so.0.0.0
2b05cc3d6000-2b05cc3e0000 r--p 00045000 00:2c 234984926                  /home/sek519/warm_starting/vpc/lib/Cbc-trunk/build/lib/libOsiClp.so.0.0.0
2b05cc3e0000-2b05cc3e2000 r--p 0004f000 00:2c 234984926                  /home/sek519/warm_starting/vpc/lib/Cbc-trunk/build/lib/libOsiClp.so.0.0.0
2b05cc3e2000-2b05cc3e3000 rw-p 00051000 00:2c 234984926                  /home/sek519/warm_starting/vpc/lib/Cbc-trunk/build/lib/libOsiClp.so.0.0.0
2b05cc3e3000-2b05cc3e5000 rw-p 00000000 00:00 0 
2b05cc3e5000-2b05cc40d000 r--p 00000000 00:2c 234984933                  /home/sek519/warm_starting/vpc/lib/Cbc-trunk/build/lib/libCgl.so.0.0.0
2b05cc40d000-2b05cc4d0000 r-xp 00028000 00:2c 234984933                  /home/sek519/warm_starting/vpc/lib/Cbc-trunk/build/lib/libCgl.so.0.0.0
2b05cc4d0000-2b05cc4f0000 r--p 000eb000 00:2c 234984933                  /home/sek519/warm_starting/vpc/lib/Cbc-trunk/build/lib/libCgl.so.0.0.0
2b05cc4f0000-2b05cc4f2000 r--p 0010b000 00:2c 234984933                  /home/sek519/warm_starting/vpc/lib/Cbc-trunk/build/lib/libCgl.so.0.0.0
2b05cc4f2000-2b05cc4f4000 rw-p 0010d000 00:2c 234984933                  /home/sek519/warm_starting/vpc/lib/Cbc-trunk/build/lib/libCgl.so.0.0.0
2b05cc4f4000-2b05cc4fd000 rw-p 00000000 00:00 0 
2b05cc50a000-2b05cc50b000 r--p 00023000 08:05 527455                     /lib/x86_64-linux-gnu/ld-2.24.so
2b05cc50b000-2b05cc50c000 rw-p 00024000 08:05 527455                     /lib/x86_64-linux-gnu/ld-2.24.so
2b05cc50c000-2b05cc50d000 rw-p 00000000 00:00 0 
2b05cc50d000-2b05cc57b000 r--p 00000000 00:2c 234984938                  /home/sek519/warm_starting/vpc/lib/Cbc-trunk/build/lib/libCbc.so.0.0.0
2b05cc57b000-2b05cc6c9000 r-xp 0006e000 00:2c 234984938                  /home/sek519/warm_starting/vpc/lib/Cbc-trunk/build/lib/libCbc.so.0.0.0
2b05cc6c9000-2b05cc714000 r--p 001bc000 00:2c 234984938                  /home/sek519/warm_starting/vpc/lib/Cbc-trunk/build/lib/libCbc.so.0.0.0
2b05cc714000-2b05cc720000 r--p 00207000 00:2c 234984938                  /home/sek519/warm_starting/vpc/lib/Cbc-trunk/build/lib/libCbc.so.0.0.0
2b05cc720000-2b05cc724000 rw-p 00213000 00:2c 234984938                  /home/sek519/warm_starting/vpc/lib/Cbc-trunk/build/lib/libCbc.so.0.0.0
2b05cc724000-2b05cc73c000 r--p 00000000 00:2c 234984897                  /home/sek519/warm_starting/vpc/lib/Cbc-trunk/build/lib/libOsi.so.0.0.0
2b05cc73c000-2b05cc76c000 r-xp 00018000 00:2c 234984897                  /home/sek519/warm_starting/vpc/lib/Cbc-trunk/build/lib/libOsi.so.0.0.0
2b05cc76c000-2b05cc780000 r--p 00048000 00:2c 234984897                  /home/sek519/warm_starting/vpc/lib/Cbc-trunk/build/lib/libOsi.so.0.0.0
2b05cc780000-2b05cc782000 r--p 0005c000 00:2c 234984897                  /home/sek519/warm_starting/vpc/lib/Cbc-trunk/build/lib/libOsi.so.0.0.0
2b05cc782000-2b05cc783000 rw-p 0005e000 00:2c 234984897                  /home/sek519/warm_starting/vpc/lib/Cbc-trunk/build/lib/libOsi.so.0.0.0
2b05cc783000-2b05cc7c2000 r--p 00000000 00:2c 234984922                  /home/sek519/warm_starting/vpc/lib/Cbc-trunk/build/lib/libClp.so.0.0.0
2b05cc7c2000-2b05cc94e000 r-xp 0003f000 00:2c 234984922                  /home/sek519/warm_starting/vpc/lib/Cbc-trunk/build/lib/libClp.so.0.0.0
2b05cc94e000-2b05cc991000 r--p 001cb000 00:2c 234984922                  /home/sek519/warm_starting/vpc/lib/Cbc-trunk/build/lib/libClp.so.0.0.0
2b05cc991000-2b05cc994000 r--p 0020d000 00:2c 234984922                  /home/sek519/warm_starting/vpc/lib/Cbc-trunk/build/lib/libClp.so.0.0.0
2b05cc994000-2b05cc998000 rw-p 00210000 00:2c 234984922                  /home/sek519/warm_starting/vpc/lib/Cbc-trunk/build/lib/libClp.so.0.0.0
2b05cc998000-2b05cc9d2000 r--p 00000000 00:2c 234984908                  /home/sek519/warm_starting/vpc/lib/Cbc-trunk/build/lib/libCoinUtils.so.0.0.0
2b05cc9d2000-2b05ccab8000 r-xp 0003a000 00:2c 234984908                  /home/sek519/warm_starting/vpc/lib/Cbc-trunk/build/lib/libCoinUtils.so.0.0.0
2b05ccab8000-2b05ccae5000 r--p 00120000 00:2c 234984908                  /home/sek519/warm_starting/vpc/lib/Cbc-trunk/build/lib/libCoinUtils.so.0.0.0
2b05ccae5000-2b05ccae8000 r--p 0014c000 00:2c 234984908                  /home/sek519/warm_starting/vpc/lib/Cbc-trunk/build/lib/libCoinUtils.so.0.0.0
2b05ccae8000-2b05ccaeb000 rw-p 0014f000 00:2c 234984908                  /home/sek519/warm_starting/vpc/lib/Cbc-trunk/build/lib/libCoinUtils.so.0.0.0
2b05ccaeb000-2b05cf50e000 r-xp 00000000 00:2c 234521354                  /home/sek519/miniconda/envs/vws/lib/libgurobi100.so
2b05cf50e000-2b05cf70e000 ---p 02a23000 00:2c 234521354                  /home/sek519/miniconda/envs/vws/lib/libgurobi100.so
2b05cf70e000-2b05cf778000 r--p 02a23000 00:2c 234521354                  /home/sek519/miniconda/envs/vws/lib/libgurobi100.so
2b05cf778000-2b05cf79d000 rw-p 02a8d000 00:2c 234521354                  /home/sek519/miniconda/envs/vws/lib/libgurobi100.so
2b05cf79d000-2b05cf7aa000 rw-p 00000000 00:00 0 
2b05cf7aa000-2b05cf7ad000 rw-p 02bf6000 00:2c 234521354                  /home/sek519/miniconda/envs/vws/lib/libgurobi100.so
2b05cf7e2000-2b05cf8e5000 r-xp 00000000 08:05 527463                     /lib/x86_64-linux-gnu/libm-2.24.so
2b05cf8e5000-2b05cfae4000 ---p 00103000 08:05 527463                     /lib/x86_64-linux-gnu/libm-2.24.so
2b05cfae4000-2b05cfae5000 r--p 00102000 08:05 527463                     /lib/x86_64-linux-gnu/libm-2.24.so
2b05cfae5000-2b05cfae6000 rw-p 00103000 08:05 527463                     /lib/x86_64-linux-gnu/libm-2.24.so
2b05cfae6000-2b05cfb8c000 r--p 00000000 00:2c 235724303                  /home/sek519/miniconda/envs/vws/lib/libstdc++.so.6.0.30
2b05cfb8c000-2b05cfc20000 r-xp 000a6000 00:2c 235724303                  /home/sek519/miniconda/envs/vws/lib/libstdc++.so.6.0.30
2b05cfc20000-2b05cfc88000 r--p 0013a000 00:2c 235724303                  /home/sek519/miniconda/envs/vws/lib/libstdc++.so.6.0.30
2b05cfc88000-2b05cfc93000 r--p 001a1000 00:2c 235724303                  /home/sek519/miniconda/envs/vws/lib/libstdc++.so.6.0.30
2b05cfc93000-2b05cfc97000 rw-p 001ac000 00:2c 235724303                  /home/sek519/miniconda/envs/vws/lib/libstdc++.so.6.0.30
2b05cfc97000-2b05cfc9a000 rw-p 00000000 00:00 0 
2b05cfc9a000-2b05cfc9e000 r--p 00000000 00:2c 235727575                  /home/sek519/miniconda/envs/vws/lib/libgcc_s.so.1
2b05cfc9e000-2b05cfcae000 r-xp 00004000 00:2c 235727575                  /home/sek519/miniconda/envs/vws/lib/libgcc_s.so.1
2b05cfcae000-2b05cfcb1000 r--p 00014000 00:2c 235727575                  /home/sek519/miniconda/envs/vws/lib/libgcc_s.so.1
2b05cfcb1000-2b05cfcb2000 r--p 00016000 00:2c 235727575                  /home/sek519/miniconda/envs/vws/lib/libgcc_s.so.1
2b05cfcb2000-2b05cfcb3000 rw-p 00017000 00:2c 235727575                  /home/sek519/miniconda/envs/vws/lib/libgcc_s.so.1
2b05cfcb3000-2b05cfe48000 r-xp 00000000 08:05 527459                     /lib/x86_64-linux-gnu/libc-2.24.so
2b05cfe48000-2b05d0048000 ---p 00195000 08:05 527459                     /lib/x86_64-linux-gnu/libc-2.24.so
2b05d0048000-2b05d004c000 r--p 00195000 08:05 527459                     /lib/x86_64-linux-gnu/libc-2.24.so
2b05d004c000-2b05d004e000 rw-p 00199000 08:05 527459                     /lib/x86_64-linux-gnu/libc-2.24.so
2b05d004e000-2b05d0052000 rw-p 00000000 00:00 0 
2b05d0052000-2b05d0062000 r--p 00000000 00:2c 235728014                  /home/sek519/miniconda/envs/vws/lib/libtinfo.so.6.3
2b05d0062000-2b05d007c000 r-xp 00010000 00:2c 235728014                  /home/sek519/miniconda/envs/vws/lib/libtinfo.so.6.3
2b05d007c000-2b05d008d000 r--p 0002a000 00:2c 235728014                  /home/sek519/miniconda/envs/vws/lib/libtinfo.so.6.3
2b05d008d000-2b05d0091000 r--p 0003a000 00:2c 235728014                  /home/sek519/miniconda/envs/vws/lib/libtinfo.so.6.3
2b05d0091000-2b05d0092000 rw-p 0003e000 00:2c 235728014                  /home/sek519/miniconda/envs/vws/lib/libtinfo.so.6.3
2b05d0092000-2b05d0099000 r-xp 00000000 08:05 527476                     /lib/x86_64-linux-gnu/librt-2.24.so
2b05d0099000-2b05d0298000 ---p 00007000 08:05 527476                     /lib/x86_64-linux-gnu/librt-2.24.so
2b05d0298000-2b05d0299000 r--p 00006000 08:05 527476                     /lib/x86_64-linux-gnu/librt-2.24.so
2b05d0299000-2b05d029a000 rw-p 00007000 08:05 527476                     /lib/x86_64-linux-gnu/librt-2.24.so
2b05d029a000-2b05d02b2000 r-xp 00000000 08:05 527474                     /lib/x86_64-linux-gnu/libpthread-2.24.so
2b05d02b2000-2b05d04b1000 ---p 00018000 08:05 527474                     /lib/x86_64-linux-gnu/libpthread-2.24.so
2b05d04b1000-2b05d04b2000 r--p 00017000 08:05 527474                     /lib/x86_64-linux-gnu/libpthread-2.24.so
2b05d04b2000-2b05d04b3000 rw-p 00018000 08:05 527474                     /lib/x86_64-linux-gnu/libpthread-2.24.so
2b05d04b3000-2b05d04b7000 rw-p 00000000 00:00 0 
2b05d04b7000-2b05d05b0000 r--p 00000000 00:2c 235427053                  /home/sek519/miniconda/envs/vws/lib/libopenblasp-r0.3.12.so
2b05d05b0000-2b05d05b1000 r-xp 000f9000 00:2c 235427053                  /home/sek519/miniconda/envs/vws/lib/libopenblasp-r0.3.12.so
2b05d05b1000-2b05d05b7000 ---p 000fa000 00:2c 235427053                  /home/sek519/miniconda/envs/vws/lib/libopenblasp-r0.3.12.so
2b05d05b7000-2b05d209a000 r-xp 00100000 00:2c 235427053                  /home/sek519/miniconda/envs/vws/lib/libopenblasp-r0.3.12.so
2b05d209a000-2b05d226d000 r--p 01be3000 00:2c 235427053                  /home/sek519/miniconda/envs/vws/lib/libopenblasp-r0.3.12.so
2b05d226d000-2b05d227b000 r--p 01db5000 00:2c 235427053                  /home/sek519/miniconda/envs/vws/lib/libopenblasp-r0.3.12.so
2b05d227b000-2b05d2289000 rw-p 01dc3000 00:2c 235427053                  /home/sek519/miniconda/envs/vws/lib/libopenblasp-r0.3.12.so
2b05d2289000-2b05d229a000 rw-p 00000000 00:00 0 
2b05d229a000-2b05d229d000 r-xp 00000000 08:05 527462                     /lib/x86_64-linux-gnu/libdl-2.24.so
2b05d229d000-2b05d249c000 ---p 00003000 08:05 527462                     /lib/x86_64-linux-gnu/libdl-2.24.so
2b05d249c000-2b05d249d000 r--p 00002000 08:05 527462                     /lib/x86_64-linux-gnu/libdl-2.24.so
2b05d249d000-2b05d249e000 rw-p 00003000 08:05 527462                     /lib/x86_64-linux-gnu/libdl-2.24.so
2b05d249e000-2b05d24b9000 r--p 00000000 00:2c 235723995                  /home/sek519/miniconda/envs/vws/lib/libgfortran.so.4.0.0
2b05d24b9000-2b05d25a8000 r-xp 0001b000 00:2c 235723995                  /home/sek519/miniconda/envs/vws/lib/libgfortran.so.4.0.0
2b05d25a8000-2b05d25c9000 r--p 0010a000 00:2c 235723995                  /home/sek519/miniconda/envs/vws/lib/libgfortran.so.4.0.0
2b05d25c9000-2b05d25ca000 ---p 0012b000 00:2c 235723995                  /home/sek519/miniconda/envs/vws/lib/libgfortran.so.4.0.0
2b05d25ca000-2b05d25cb000 r--p 0012b000 00:2c 235723995                  /home/sek519/miniconda/envs/vws/lib/libgfortran.so.4.0.0
2b05d25cb000-2b05d25cc000 rw-p 0012c000 00:2c 235723995                  /home/sek519/miniconda/envs/vws/lib/libgfortran.so.4.0.0
2b05d25cc000-2b05d25cd000 rw-p 00000000 00:00 0 
2b05d25cd000-2b05d25d0000 r--p 00000000 00:2c 235727572                  /home/sek519/miniconda/envs/vws/lib/libquadmath.so.0.0.0
2b05d25d0000-2b05d25ef000 r-xp 00003000 00:2c 235727572                  /home/sek519/miniconda/envs/vws/lib/libquadmath.so.0.0.0
2b05d25ef000-2b05d2605000 r--p 00022000 00:2c 235727572                  /home/sek519/miniconda/envs/vws/lib/libquadmath.so.0.0.0
2b05d2605000-2b05d2606000 r--p 00038000 00:2c 235727572                  /home/sek519/miniconda/envs/vws/lib/libquadmath.so.0.0.0
2b05d2606000-2b05d2607000 rw-p 00039000 00:2c 235727572                  /home/sek519/miniconda/envs/vws/lib/libquadmath.so.0.0.0
2b05d2607000-2b05d2619000 rw-p 00000000 00:00 0 
2b05d2619000-2b05d261a000 ---p 00000000 00:00 0 
2b05d261a000-2b05d281a000 rw-p 00000000 00:00 0 
2b05d281a000-2b05d281b000 ---p 00000000 00:00 0 
2b05d281b000-2b05d2a1b000 rw-p 00000000 00:00 0 
2b05d2a1b000-2b05daa1b000 rw-p 00000000 00:00 0 
2b05daa1b000-2b05daa1c000 ---p 00000000 00:00 0 
2b05daa1c000-2b05dac1c000 rw-p 00000000 00:00 0 
2b05dac1c000-2b05e2c1c000 rw-p 00000000 00:00 0 
2b05e2c1c000-2b05e2c1d000 ---p 00000000 00:00 0 
2b05e2c1d000-2b05e2e1d000 rw-p 00000000 00:00 0 
2b05e2e1d000-2b05eae1d000 rw-p 00000000 00:00 0 
2b05eae1d000-2b05eae1e000 ---p 00000000 00:00 0 
2b05eae1e000-2b05eb01e000 rw-p 00000000 00:00 0 
2b05eb01e000-2b05f301e000 rw-p 00000000 00:00 0 
2b05f301e000-2b05f301f000 ---p 00000000 00:00 0 
2b05f301f000-2b05f321f000 rw-p 00000000 00:00 0 
2b05f321f000-2b05fb21f000 rw-p 00000000 00:00 0 
2b05fb21f000-2b05fb220000 ---p 00000000 00:00 0 
2b05fb220000-2b05fb420000 rw-p 00000000 00:00 0 
2b05fb420000-2b0603420000 rw-p 00000000 00:00 0 
2b0603420000-2b0603421000 ---p 00000000 00:00 0 
2b0603421000-2b0603621000 rw-p 00000000 00:00 0 
2b0603621000-2b060b621000 rw-p 00000000 00:00 0 
2b060b621000-2b060b622000 ---p 00000000 00:00 0 
2b060b622000-2b060b822000 rw-p 00000000 00:00 0 
2b060b822000-2b0613822000 rw-p 00000000 00:00 0 
2b0613822000-2b0613823000 ---p 00000000 00:00 0 
2b0613823000-2b0613a23000 rw-p 00000000 00:00 0 
2b0613a23000-2b061ba23000 rw-p 00000000 00:00 0 
2b061ba23000-2b061ba24000 ---p 00000000 00:00 0 
2b061ba24000-2b061bc24000 rw-p 00000000 00:00 0 
2b061bc24000-2b0623c24000 rw-p 00000000 00:00 0 
2b0623c24000-2b0623c25000 ---p 00000000 00:00 0 
2b0623c25000-2b0623e25000 rw-p 00000000 00:00 0 
2b0623e25000-2b062be25000 rw-p 00000000 00:00 0 
2b062be25000-2b062be26000 ---p 00000000 00:00 0 
2b062be26000-2b062c026000 rw-p 00000000 00:00 0 
2b062c026000-2b0634026000 rw-p 00000000 00:00 0 
2b0634026000-2b0634027000 ---p 00000000 00:00 0 
2b0634027000-2b0634227000 rw-p 00000000 00:00 0 
2b0634227000-2b063c227000 rw-p 00000000 00:00 0 
2b063c227000-2b063c228000 ---p 00000000 00:00 0 
2b063c228000-2b063c428000 rw-p 00000000 00:00 0 
2b063c428000-2b064c428000 rw-p 00000000 00:00 0 
2b0650000000-2b0650021000 rw-p 00000000 00:00 0 
2b0650021000-2b0654000000 ---p 00000000 00:00 0 
557d84126000-557d84149000 r--p 00000000 00:2c 235732531                  /home/sek519/warm_starting/vws/Release/vws
557d84149000-557d84222000 r-xp 00023000 00:2c 235732531                  /home/sek519/warm_starting/vws/Release/vws
557d84222000-557d84257000 r--p 000fc000 00:2c 235732531                  /home/sek519/warm_starting/vws/Release/vws
557d84257000-557d8425d000 r--p 00130000 00:2c 235732531                  /home/sek519/warm_starting/vws/Release/vws
557d8425d000-557d8425f000 rw-p 00136000 00:2c 235732531                  /home/sek519/warm_starting/vws/Release/vws
557d85de7000-557d869cc000 rw-p 00000000 00:00 0                          [heap]
7ffed453b000-7ffed455d000 rw-p 00000000 00:00 0                          [stack]
7ffed45c9000-7ffed45cb000 r--p 00000000 00:00 0                          [vvar]
7ffed45cb000-7ffed45cd000 r-xp 00000000 00:00 0                          [vdso]
ffffffffff600000-ffffffffff601000 r-xp 00000000 00:00 0                  [vsyscall]
/var/spool/torque/mom_priv/jobs/1397824.polyp1.ie.lehigh.edu.SC: line 4: 15297 Aborted                 ../Release/vws ${INPUT_FOLDER} ${OUTPUT_FILE} ${MAX_TIME} ${GENERATOR} ${TERMS} ${MIP_SOLVER} ${PROVIDE_PRIMAL_BOUND}
