*** Error in `../Release/vws': corrupted size vs. prev_size: 0x000055a554e10cf0 ***
======= Backtrace: =========
/lib/x86_64-linux-gnu/libc.so.6(+0x70bfb)[0x2af82aee7bfb]
/lib/x86_64-linux-gnu/libc.so.6(+0x76fc6)[0x2af82aeedfc6]
/lib/x86_64-linux-gnu/libc.so.6(+0x780a4)[0x2af82aeef0a4]
../Release/vws(+0xa4835)[0x55a55393a835]
../Release/vws(+0x9e3c2)[0x55a5539343c2]
../Release/vws(+0x9f6e7)[0x55a5539356e7]
../Release/vws(+0xa1cb5)[0x55a553937cb5]
/home/sek519/warm_starting/vws/../vpc/lib/Cbc-trunk/build/lib/libCbc.so.0(_ZN8CbcModel14branchAndBoundEi+0x3bd5)[0x2af8277cfcf5]
../Release/vws(+0xc7787)[0x55a55395d787]
../Release/vws(+0xc7ba7)[0x55a55395dba7]
../Release/vws(+0xaf127)[0x55a553945127]
../Release/vws(+0x37f21)[0x55a5538cdf21]
../Release/vws(+0x3a002)[0x55a5538d0002]
../Release/vws(+0x54892)[0x55a5538ea892]
../Release/vws(+0x31248)[0x55a5538c7248]
/lib/x86_64-linux-gnu/libc.so.6(__libc_start_main+0xf1)[0x2af82ae972e1]
../Release/vws(+0x32681)[0x55a5538c8681]
======= Memory map: ========
2af8274ab000-2af8274ce000 r-xp 00000000 08:05 8097                       /lib/x86_64-linux-gnu/ld-2.24.so
2af8274ce000-2af8274d0000 rw-p 00000000 00:00 0 
2af8274d0000-2af8274d3000 r--p 00000000 00:2c 235724777                  /home/sek519/miniconda/envs/vws/lib/libz.so.1.2.13
2af8274d3000-2af8274e1000 r-xp 00003000 00:2c 235724777                  /home/sek519/miniconda/envs/vws/lib/libz.so.1.2.13
2af8274e1000-2af8274e8000 r--p 00011000 00:2c 235724777                  /home/sek519/miniconda/envs/vws/lib/libz.so.1.2.13
2af8274e8000-2af8274e9000 r--p 00017000 00:2c 235724777                  /home/sek519/miniconda/envs/vws/lib/libz.so.1.2.13
2af8274e9000-2af8274ea000 rw-p 00018000 00:2c 235724777                  /home/sek519/miniconda/envs/vws/lib/libz.so.1.2.13
2af8274ea000-2af8274ec000 r--p 00000000 00:2c 234676138                  /home/sek519/miniconda/envs/vws/lib/libbz2.so.1.0.8
2af8274ec000-2af8274fa000 r-xp 00002000 00:2c 234676138                  /home/sek519/miniconda/envs/vws/lib/libbz2.so.1.0.8
2af8274fa000-2af8274fc000 r--p 00010000 00:2c 234676138                  /home/sek519/miniconda/envs/vws/lib/libbz2.so.1.0.8
2af8274fc000-2af8274fd000 r--p 00011000 00:2c 234676138                  /home/sek519/miniconda/envs/vws/lib/libbz2.so.1.0.8
2af8274fd000-2af8274fe000 rw-p 00012000 00:2c 234676138                  /home/sek519/miniconda/envs/vws/lib/libbz2.so.1.0.8
2af8274fe000-2af827516000 r--p 00000000 00:2c 234710701                  /home/sek519/miniconda/envs/vws/lib/libreadline.so.8.1
2af827516000-2af827541000 r-xp 00018000 00:2c 234710701                  /home/sek519/miniconda/envs/vws/lib/libreadline.so.8.1
2af827541000-2af82754b000 r--p 00043000 00:2c 234710701                  /home/sek519/miniconda/envs/vws/lib/libreadline.so.8.1
2af82754b000-2af82754e000 r--p 0004c000 00:2c 234710701                  /home/sek519/miniconda/envs/vws/lib/libreadline.so.8.1
2af82754e000-2af827554000 rw-p 0004f000 00:2c 234710701                  /home/sek519/miniconda/envs/vws/lib/libreadline.so.8.1
2af827554000-2af827555000 rw-p 00000000 00:00 0 
2af827555000-2af82756a000 r--p 00000000 00:2c 234984926                  /home/sek519/warm_starting/vpc/lib/Cbc-trunk/build/lib/libOsiClp.so.0.0.0
2af82756a000-2af82759a000 r-xp 00015000 00:2c 234984926                  /home/sek519/warm_starting/vpc/lib/Cbc-trunk/build/lib/libOsiClp.so.0.0.0
2af82759a000-2af8275a4000 r--p 00045000 00:2c 234984926                  /home/sek519/warm_starting/vpc/lib/Cbc-trunk/build/lib/libOsiClp.so.0.0.0
2af8275a4000-2af8275a6000 r--p 0004f000 00:2c 234984926                  /home/sek519/warm_starting/vpc/lib/Cbc-trunk/build/lib/libOsiClp.so.0.0.0
2af8275a6000-2af8275a7000 rw-p 00051000 00:2c 234984926                  /home/sek519/warm_starting/vpc/lib/Cbc-trunk/build/lib/libOsiClp.so.0.0.0
2af8275a7000-2af8275a9000 rw-p 00000000 00:00 0 
2af8275a9000-2af8275d1000 r--p 00000000 00:2c 234984933                  /home/sek519/warm_starting/vpc/lib/Cbc-trunk/build/lib/libCgl.so.0.0.0
2af8275d1000-2af827694000 r-xp 00028000 00:2c 234984933                  /home/sek519/warm_starting/vpc/lib/Cbc-trunk/build/lib/libCgl.so.0.0.0
2af827694000-2af8276b4000 r--p 000eb000 00:2c 234984933                  /home/sek519/warm_starting/vpc/lib/Cbc-trunk/build/lib/libCgl.so.0.0.0
2af8276b4000-2af8276b6000 r--p 0010b000 00:2c 234984933                  /home/sek519/warm_starting/vpc/lib/Cbc-trunk/build/lib/libCgl.so.0.0.0
2af8276b6000-2af8276b8000 rw-p 0010d000 00:2c 234984933                  /home/sek519/warm_starting/vpc/lib/Cbc-trunk/build/lib/libCgl.so.0.0.0
2af8276b8000-2af8276c1000 rw-p 00000000 00:00 0 
2af8276ce000-2af8276cf000 r--p 00023000 08:05 8097                       /lib/x86_64-linux-gnu/ld-2.24.so
2af8276cf000-2af8276d0000 rw-p 00024000 08:05 8097                       /lib/x86_64-linux-gnu/ld-2.24.so
2af8276d0000-2af8276d1000 rw-p 00000000 00:00 0 
2af8276d1000-2af82773f000 r--p 00000000 00:2c 234984938                  /home/sek519/warm_starting/vpc/lib/Cbc-trunk/build/lib/libCbc.so.0.0.0
2af82773f000-2af82788d000 r-xp 0006e000 00:2c 234984938                  /home/sek519/warm_starting/vpc/lib/Cbc-trunk/build/lib/libCbc.so.0.0.0
2af82788d000-2af8278d8000 r--p 001bc000 00:2c 234984938                  /home/sek519/warm_starting/vpc/lib/Cbc-trunk/build/lib/libCbc.so.0.0.0
2af8278d8000-2af8278e4000 r--p 00207000 00:2c 234984938                  /home/sek519/warm_starting/vpc/lib/Cbc-trunk/build/lib/libCbc.so.0.0.0
2af8278e4000-2af8278e8000 rw-p 00213000 00:2c 234984938                  /home/sek519/warm_starting/vpc/lib/Cbc-trunk/build/lib/libCbc.so.0.0.0
2af8278e8000-2af827900000 r--p 00000000 00:2c 234984897                  /home/sek519/warm_starting/vpc/lib/Cbc-trunk/build/lib/libOsi.so.0.0.0
2af827900000-2af827930000 r-xp 00018000 00:2c 234984897                  /home/sek519/warm_starting/vpc/lib/Cbc-trunk/build/lib/libOsi.so.0.0.0
2af827930000-2af827944000 r--p 00048000 00:2c 234984897                  /home/sek519/warm_starting/vpc/lib/Cbc-trunk/build/lib/libOsi.so.0.0.0
2af827944000-2af827946000 r--p 0005c000 00:2c 234984897                  /home/sek519/warm_starting/vpc/lib/Cbc-trunk/build/lib/libOsi.so.0.0.0
2af827946000-2af827947000 rw-p 0005e000 00:2c 234984897                  /home/sek519/warm_starting/vpc/lib/Cbc-trunk/build/lib/libOsi.so.0.0.0
2af827947000-2af827986000 r--p 00000000 00:2c 234984922                  /home/sek519/warm_starting/vpc/lib/Cbc-trunk/build/lib/libClp.so.0.0.0
2af827986000-2af827b12000 r-xp 0003f000 00:2c 234984922                  /home/sek519/warm_starting/vpc/lib/Cbc-trunk/build/lib/libClp.so.0.0.0
2af827b12000-2af827b55000 r--p 001cb000 00:2c 234984922                  /home/sek519/warm_starting/vpc/lib/Cbc-trunk/build/lib/libClp.so.0.0.0
2af827b55000-2af827b58000 r--p 0020d000 00:2c 234984922                  /home/sek519/warm_starting/vpc/lib/Cbc-trunk/build/lib/libClp.so.0.0.0
2af827b58000-2af827b5c000 rw-p 00210000 00:2c 234984922                  /home/sek519/warm_starting/vpc/lib/Cbc-trunk/build/lib/libClp.so.0.0.0
2af827b5c000-2af827b96000 r--p 00000000 00:2c 234984908                  /home/sek519/warm_starting/vpc/lib/Cbc-trunk/build/lib/libCoinUtils.so.0.0.0
2af827b96000-2af827c7c000 r-xp 0003a000 00:2c 234984908                  /home/sek519/warm_starting/vpc/lib/Cbc-trunk/build/lib/libCoinUtils.so.0.0.0
2af827c7c000-2af827ca9000 r--p 00120000 00:2c 234984908                  /home/sek519/warm_starting/vpc/lib/Cbc-trunk/build/lib/libCoinUtils.so.0.0.0
2af827ca9000-2af827cac000 r--p 0014c000 00:2c 234984908                  /home/sek519/warm_starting/vpc/lib/Cbc-trunk/build/lib/libCoinUtils.so.0.0.0
2af827cac000-2af827caf000 rw-p 0014f000 00:2c 234984908                  /home/sek519/warm_starting/vpc/lib/Cbc-trunk/build/lib/libCoinUtils.so.0.0.0
2af827caf000-2af82a6d2000 r-xp 00000000 00:2c 234521354                  /home/sek519/miniconda/envs/vws/lib/libgurobi100.so
2af82a6d2000-2af82a8d2000 ---p 02a23000 00:2c 234521354                  /home/sek519/miniconda/envs/vws/lib/libgurobi100.so
2af82a8d2000-2af82a93c000 r--p 02a23000 00:2c 234521354                  /home/sek519/miniconda/envs/vws/lib/libgurobi100.so
2af82a93c000-2af82a961000 rw-p 02a8d000 00:2c 234521354                  /home/sek519/miniconda/envs/vws/lib/libgurobi100.so
2af82a961000-2af82a96e000 rw-p 00000000 00:00 0 
2af82a96e000-2af82a971000 rw-p 02bf6000 00:2c 234521354                  /home/sek519/miniconda/envs/vws/lib/libgurobi100.so
2af82a9a6000-2af82aaa9000 r-xp 00000000 08:05 10699                      /lib/x86_64-linux-gnu/libm-2.24.so
2af82aaa9000-2af82aca8000 ---p 00103000 08:05 10699                      /lib/x86_64-linux-gnu/libm-2.24.so
2af82aca8000-2af82aca9000 r--p 00102000 08:05 10699                      /lib/x86_64-linux-gnu/libm-2.24.so
2af82aca9000-2af82acaa000 rw-p 00103000 08:05 10699                      /lib/x86_64-linux-gnu/libm-2.24.so
2af82acaa000-2af82ad50000 r--p 00000000 00:2c 235724303                  /home/sek519/miniconda/envs/vws/lib/libstdc++.so.6.0.30
2af82ad50000-2af82ade4000 r-xp 000a6000 00:2c 235724303                  /home/sek519/miniconda/envs/vws/lib/libstdc++.so.6.0.30
2af82ade4000-2af82ae4c000 r--p 0013a000 00:2c 235724303                  /home/sek519/miniconda/envs/vws/lib/libstdc++.so.6.0.30
2af82ae4c000-2af82ae57000 r--p 001a1000 00:2c 235724303                  /home/sek519/miniconda/envs/vws/lib/libstdc++.so.6.0.30
2af82ae57000-2af82ae5b000 rw-p 001ac000 00:2c 235724303                  /home/sek519/miniconda/envs/vws/lib/libstdc++.so.6.0.30
2af82ae5b000-2af82ae5e000 rw-p 00000000 00:00 0 
2af82ae5e000-2af82ae62000 r--p 00000000 00:2c 235727575                  /home/sek519/miniconda/envs/vws/lib/libgcc_s.so.1
2af82ae62000-2af82ae72000 r-xp 00004000 00:2c 235727575                  /home/sek519/miniconda/envs/vws/lib/libgcc_s.so.1
2af82ae72000-2af82ae75000 r--p 00014000 00:2c 235727575                  /home/sek519/miniconda/envs/vws/lib/libgcc_s.so.1
2af82ae75000-2af82ae76000 r--p 00016000 00:2c 235727575                  /home/sek519/miniconda/envs/vws/lib/libgcc_s.so.1
2af82ae76000-2af82ae77000 rw-p 00017000 00:2c 235727575                  /home/sek519/miniconda/envs/vws/lib/libgcc_s.so.1
2af82ae77000-2af82b00c000 r-xp 00000000 08:05 10695                      /lib/x86_64-linux-gnu/libc-2.24.so
2af82b00c000-2af82b20c000 ---p 00195000 08:05 10695                      /lib/x86_64-linux-gnu/libc-2.24.so
2af82b20c000-2af82b210000 r--p 00195000 08:05 10695                      /lib/x86_64-linux-gnu/libc-2.24.so
2af82b210000-2af82b212000 rw-p 00199000 08:05 10695                      /lib/x86_64-linux-gnu/libc-2.24.so
2af82b212000-2af82b216000 rw-p 00000000 00:00 0 
2af82b216000-2af82b226000 r--p 00000000 00:2c 235728014                  /home/sek519/miniconda/envs/vws/lib/libtinfo.so.6.3
2af82b226000-2af82b240000 r-xp 00010000 00:2c 235728014                  /home/sek519/miniconda/envs/vws/lib/libtinfo.so.6.3
2af82b240000-2af82b251000 r--p 0002a000 00:2c 235728014                  /home/sek519/miniconda/envs/vws/lib/libtinfo.so.6.3
2af82b251000-2af82b255000 r--p 0003a000 00:2c 235728014                  /home/sek519/miniconda/envs/vws/lib/libtinfo.so.6.3
2af82b255000-2af82b256000 rw-p 0003e000 00:2c 235728014                  /home/sek519/miniconda/envs/vws/lib/libtinfo.so.6.3
2af82b256000-2af82b25d000 r-xp 00000000 08:05 10742                      /lib/x86_64-linux-gnu/librt-2.24.so
2af82b25d000-2af82b45c000 ---p 00007000 08:05 10742                      /lib/x86_64-linux-gnu/librt-2.24.so
2af82b45c000-2af82b45d000 r--p 00006000 08:05 10742                      /lib/x86_64-linux-gnu/librt-2.24.so
2af82b45d000-2af82b45e000 rw-p 00007000 08:05 10742                      /lib/x86_64-linux-gnu/librt-2.24.so
2af82b45e000-2af82b476000 r-xp 00000000 08:05 10740                      /lib/x86_64-linux-gnu/libpthread-2.24.so
2af82b476000-2af82b675000 ---p 00018000 08:05 10740                      /lib/x86_64-linux-gnu/libpthread-2.24.so
2af82b675000-2af82b676000 r--p 00017000 08:05 10740                      /lib/x86_64-linux-gnu/libpthread-2.24.so
2af82b676000-2af82b677000 rw-p 00018000 08:05 10740                      /lib/x86_64-linux-gnu/libpthread-2.24.so
2af82b677000-2af82b67b000 rw-p 00000000 00:00 0 
2af82b67b000-2af82b774000 r--p 00000000 00:2c 235427053                  /home/sek519/miniconda/envs/vws/lib/libopenblasp-r0.3.12.so
2af82b774000-2af82b775000 r-xp 000f9000 00:2c 235427053                  /home/sek519/miniconda/envs/vws/lib/libopenblasp-r0.3.12.so
2af82b775000-2af82b77b000 ---p 000fa000 00:2c 235427053                  /home/sek519/miniconda/envs/vws/lib/libopenblasp-r0.3.12.so
2af82b77b000-2af82d25e000 r-xp 00100000 00:2c 235427053                  /home/sek519/miniconda/envs/vws/lib/libopenblasp-r0.3.12.so
2af82d25e000-2af82d431000 r--p 01be3000 00:2c 235427053                  /home/sek519/miniconda/envs/vws/lib/libopenblasp-r0.3.12.so
2af82d431000-2af82d43f000 r--p 01db5000 00:2c 235427053                  /home/sek519/miniconda/envs/vws/lib/libopenblasp-r0.3.12.so
2af82d43f000-2af82d44d000 rw-p 01dc3000 00:2c 235427053                  /home/sek519/miniconda/envs/vws/lib/libopenblasp-r0.3.12.so
2af82d44d000-2af82d45e000 rw-p 00000000 00:00 0 
2af82d45e000-2af82d461000 r-xp 00000000 08:05 10698                      /lib/x86_64-linux-gnu/libdl-2.24.so
2af82d461000-2af82d660000 ---p 00003000 08:05 10698                      /lib/x86_64-linux-gnu/libdl-2.24.so
2af82d660000-2af82d661000 r--p 00002000 08:05 10698                      /lib/x86_64-linux-gnu/libdl-2.24.so
2af82d661000-2af82d662000 rw-p 00003000 08:05 10698                      /lib/x86_64-linux-gnu/libdl-2.24.so
2af82d662000-2af82d67d000 r--p 00000000 00:2c 235723995                  /home/sek519/miniconda/envs/vws/lib/libgfortran.so.4.0.0
2af82d67d000-2af82d76c000 r-xp 0001b000 00:2c 235723995                  /home/sek519/miniconda/envs/vws/lib/libgfortran.so.4.0.0
2af82d76c000-2af82d78d000 r--p 0010a000 00:2c 235723995                  /home/sek519/miniconda/envs/vws/lib/libgfortran.so.4.0.0
2af82d78d000-2af82d78e000 ---p 0012b000 00:2c 235723995                  /home/sek519/miniconda/envs/vws/lib/libgfortran.so.4.0.0
2af82d78e000-2af82d78f000 r--p 0012b000 00:2c 235723995                  /home/sek519/miniconda/envs/vws/lib/libgfortran.so.4.0.0
2af82d78f000-2af82d790000 rw-p 0012c000 00:2c 235723995                  /home/sek519/miniconda/envs/vws/lib/libgfortran.so.4.0.0
2af82d790000-2af82d791000 rw-p 00000000 00:00 0 
2af82d791000-2af82d794000 r--p 00000000 00:2c 235727572                  /home/sek519/miniconda/envs/vws/lib/libquadmath.so.0.0.0
2af82d794000-2af82d7b3000 r-xp 00003000 00:2c 235727572                  /home/sek519/miniconda/envs/vws/lib/libquadmath.so.0.0.0
2af82d7b3000-2af82d7c9000 r--p 00022000 00:2c 235727572                  /home/sek519/miniconda/envs/vws/lib/libquadmath.so.0.0.0
2af82d7c9000-2af82d7ca000 r--p 00038000 00:2c 235727572                  /home/sek519/miniconda/envs/vws/lib/libquadmath.so.0.0.0
2af82d7ca000-2af82d7cb000 rw-p 00039000 00:2c 235727572                  /home/sek519/miniconda/envs/vws/lib/libquadmath.so.0.0.0
2af82d7cb000-2af82d7dd000 rw-p 00000000 00:00 0 
2af82d7dd000-2af82d7de000 ---p 00000000 00:00 0 
2af82d7de000-2af82d9de000 rw-p 00000000 00:00 0 
2af82d9de000-2af82d9df000 ---p 00000000 00:00 0 
2af82d9df000-2af82dbdf000 rw-p 00000000 00:00 0 
2af82dbdf000-2af82dbe0000 ---p 00000000 00:00 0 
2af82dbe0000-2af82dde0000 rw-p 00000000 00:00 0 
2af82dde0000-2af83dde0000 rw-p 00000000 00:00 0 
2af83dde0000-2af83dde1000 ---p 00000000 00:00 0 
2af83dde1000-2af83dfe1000 rw-p 00000000 00:00 0 
2af83dfe1000-2af83dfe2000 ---p 00000000 00:00 0 
2af83dfe2000-2af83e1e2000 rw-p 00000000 00:00 0 
2af83e1e2000-2af83e1e3000 ---p 00000000 00:00 0 
2af83e1e3000-2af83e3e3000 rw-p 00000000 00:00 0 
2af83e3e3000-2af83e3e4000 ---p 00000000 00:00 0 
2af83e3e4000-2af83e5e4000 rw-p 00000000 00:00 0 
2af83e5e4000-2af83e5e5000 ---p 00000000 00:00 0 
2af83e5e5000-2af83e7e5000 rw-p 00000000 00:00 0 
2af83e7e5000-2af83e7e6000 ---p 00000000 00:00 0 
2af83e7e6000-2af83e9e6000 rw-p 00000000 00:00 0 
2af83e9e6000-2af8469e6000 rw-p 00000000 00:00 0 
2af8469e6000-2af8469e7000 ---p 00000000 00:00 0 
2af8469e7000-2af846be7000 rw-p 00000000 00:00 0 
2af846be7000-2af84ebe7000 rw-p 00000000 00:00 0 
2af84ebe7000-2af84ebe8000 ---p 00000000 00:00 0 
2af84ebe8000-2af84ede8000 rw-p 00000000 00:00 0 
2af84ede8000-2af86ede8000 rw-p 00000000 00:00 0 
2af86ede8000-2af86ede9000 ---p 00000000 00:00 0 
2af86ede9000-2af86efe9000 rw-p 00000000 00:00 0 
2af86efe9000-2af86efea000 ---p 00000000 00:00 0 
2af86efea000-2af86f1ea000 rw-p 00000000 00:00 0 
2af86f1ea000-2af8771ea000 rw-p 00000000 00:00 0 
2af8771ea000-2af8771eb000 ---p 00000000 00:00 0 
2af8771eb000-2af8773eb000 rw-p 00000000 00:00 0 
2af8773eb000-2af87f3eb000 rw-p 00000000 00:00 0 
2af87f3eb000-2af87f3ec000 ---p 00000000 00:00 0 
2af87f3ec000-2af87f5ec000 rw-p 00000000 00:00 0 
2af87f5ec000-2af8a75ec000 rw-p 00000000 00:00 0 
2af8a8000000-2af8a8021000 rw-p 00000000 00:00 0 
2af8a8021000-2af8ac000000 ---p 00000000 00:00 0 
55a553896000-55a5538b9000 r--p 00000000 00:2c 235732531                  /home/sek519/warm_starting/vws/Release/vws
55a5538b9000-55a553992000 r-xp 00023000 00:2c 235732531                  /home/sek519/warm_starting/vws/Release/vws
55a553992000-55a5539c7000 r--p 000fc000 00:2c 235732531                  /home/sek519/warm_starting/vws/Release/vws
55a5539c7000-55a5539cd000 r--p 00130000 00:2c 235732531                  /home/sek519/warm_starting/vws/Release/vws
55a5539cd000-55a5539cf000 rw-p 00136000 00:2c 235732531                  /home/sek519/warm_starting/vws/Release/vws
55a554391000-55a554f26000 rw-p 00000000 00:00 0                          [heap]
7fff1fc5e000-7fff1fc80000 rw-p 00000000 00:00 0                          [stack]
7fff1fd33000-7fff1fd35000 r--p 00000000 00:00 0                          [vvar]
7fff1fd35000-7fff1fd37000 r-xp 00000000 00:00 0                          [vdso]
ffffffffff600000-ffffffffff601000 r-xp 00000000 00:00 0                  [vsyscall]
/var/spool/torque/mom_priv/jobs/1397797.polyp1.ie.lehigh.edu.SC: line 4: 24214 Aborted                 ../Release/vws ${INPUT_FOLDER} ${OUTPUT_FILE} ${MAX_TIME} ${GENERATOR} ${TERMS} ${MIP_SOLVER} ${PROVIDE_PRIMAL_BOUND}
