*** Error in `../Release/vws': free(): invalid size: 0x0000559bf6153430 ***
======= Backtrace: =========
/lib/x86_64-linux-gnu/libc.so.6(+0x70bfb)[0x2b3988900bfb]
/lib/x86_64-linux-gnu/libc.so.6(+0x76fc6)[0x2b3988906fc6]
/lib/x86_64-linux-gnu/libc.so.6(+0x7780e)[0x2b398890780e]
../Release/vws(+0xc314f)[0x559bf41f914f]
../Release/vws(+0xa480f)[0x559bf41da80f]
../Release/vws(+0x9e3c2)[0x559bf41d43c2]
../Release/vws(+0x9f6e7)[0x559bf41d56e7]
../Release/vws(+0xa1cb5)[0x559bf41d7cb5]
/home/sek519/warm_starting/vws/../vpc/lib/Cbc-trunk/build/lib/libCbc.so.0(_ZN8CbcModel14branchAndBoundEi+0x3bd5)[0x2b39851e8cf5]
../Release/vws(+0xc7787)[0x559bf41fd787]
../Release/vws(+0xc7ba7)[0x559bf41fdba7]
../Release/vws(+0xaf127)[0x559bf41e5127]
../Release/vws(+0x37f21)[0x559bf416df21]
../Release/vws(+0x3a002)[0x559bf4170002]
../Release/vws(+0x54892)[0x559bf418a892]
../Release/vws(+0x31248)[0x559bf4167248]
/lib/x86_64-linux-gnu/libc.so.6(__libc_start_main+0xf1)[0x2b39888b02e1]
../Release/vws(+0x32681)[0x559bf4168681]
======= Memory map: ========
2b3984ec4000-2b3984ee7000 r-xp 00000000 08:05 527455                     /lib/x86_64-linux-gnu/ld-2.24.so
2b3984ee7000-2b3984ee9000 rw-p 00000000 00:00 0 
2b3984ee9000-2b3984eec000 r--p 00000000 00:2c 235724777                  /home/sek519/miniconda/envs/vws/lib/libz.so.1.2.13
2b3984eec000-2b3984efa000 r-xp 00003000 00:2c 235724777                  /home/sek519/miniconda/envs/vws/lib/libz.so.1.2.13
2b3984efa000-2b3984f01000 r--p 00011000 00:2c 235724777                  /home/sek519/miniconda/envs/vws/lib/libz.so.1.2.13
2b3984f01000-2b3984f02000 r--p 00017000 00:2c 235724777                  /home/sek519/miniconda/envs/vws/lib/libz.so.1.2.13
2b3984f02000-2b3984f03000 rw-p 00018000 00:2c 235724777                  /home/sek519/miniconda/envs/vws/lib/libz.so.1.2.13
2b3984f03000-2b3984f05000 r--p 00000000 00:2c 234676138                  /home/sek519/miniconda/envs/vws/lib/libbz2.so.1.0.8
2b3984f05000-2b3984f13000 r-xp 00002000 00:2c 234676138                  /home/sek519/miniconda/envs/vws/lib/libbz2.so.1.0.8
2b3984f13000-2b3984f15000 r--p 00010000 00:2c 234676138                  /home/sek519/miniconda/envs/vws/lib/libbz2.so.1.0.8
2b3984f15000-2b3984f16000 r--p 00011000 00:2c 234676138                  /home/sek519/miniconda/envs/vws/lib/libbz2.so.1.0.8
2b3984f16000-2b3984f17000 rw-p 00012000 00:2c 234676138                  /home/sek519/miniconda/envs/vws/lib/libbz2.so.1.0.8
2b3984f17000-2b3984f2f000 r--p 00000000 00:2c 234710701                  /home/sek519/miniconda/envs/vws/lib/libreadline.so.8.1
2b3984f2f000-2b3984f5a000 r-xp 00018000 00:2c 234710701                  /home/sek519/miniconda/envs/vws/lib/libreadline.so.8.1
2b3984f5a000-2b3984f64000 r--p 00043000 00:2c 234710701                  /home/sek519/miniconda/envs/vws/lib/libreadline.so.8.1
2b3984f64000-2b3984f67000 r--p 0004c000 00:2c 234710701                  /home/sek519/miniconda/envs/vws/lib/libreadline.so.8.1
2b3984f67000-2b3984f6d000 rw-p 0004f000 00:2c 234710701                  /home/sek519/miniconda/envs/vws/lib/libreadline.so.8.1
2b3984f6d000-2b3984f6e000 rw-p 00000000 00:00 0 
2b3984f6e000-2b3984f83000 r--p 00000000 00:2c 234984926                  /home/sek519/warm_starting/vpc/lib/Cbc-trunk/build/lib/libOsiClp.so.0.0.0
2b3984f83000-2b3984fb3000 r-xp 00015000 00:2c 234984926                  /home/sek519/warm_starting/vpc/lib/Cbc-trunk/build/lib/libOsiClp.so.0.0.0
2b3984fb3000-2b3984fbd000 r--p 00045000 00:2c 234984926                  /home/sek519/warm_starting/vpc/lib/Cbc-trunk/build/lib/libOsiClp.so.0.0.0
2b3984fbd000-2b3984fbf000 r--p 0004f000 00:2c 234984926                  /home/sek519/warm_starting/vpc/lib/Cbc-trunk/build/lib/libOsiClp.so.0.0.0
2b3984fbf000-2b3984fc0000 rw-p 00051000 00:2c 234984926                  /home/sek519/warm_starting/vpc/lib/Cbc-trunk/build/lib/libOsiClp.so.0.0.0
2b3984fc0000-2b3984fc2000 rw-p 00000000 00:00 0 
2b3984fc2000-2b3984fea000 r--p 00000000 00:2c 234984933                  /home/sek519/warm_starting/vpc/lib/Cbc-trunk/build/lib/libCgl.so.0.0.0
2b3984fea000-2b39850ad000 r-xp 00028000 00:2c 234984933                  /home/sek519/warm_starting/vpc/lib/Cbc-trunk/build/lib/libCgl.so.0.0.0
2b39850ad000-2b39850cd000 r--p 000eb000 00:2c 234984933                  /home/sek519/warm_starting/vpc/lib/Cbc-trunk/build/lib/libCgl.so.0.0.0
2b39850cd000-2b39850cf000 r--p 0010b000 00:2c 234984933                  /home/sek519/warm_starting/vpc/lib/Cbc-trunk/build/lib/libCgl.so.0.0.0
2b39850cf000-2b39850d1000 rw-p 0010d000 00:2c 234984933                  /home/sek519/warm_starting/vpc/lib/Cbc-trunk/build/lib/libCgl.so.0.0.0
2b39850d1000-2b39850da000 rw-p 00000000 00:00 0 
2b39850e7000-2b39850e8000 r--p 00023000 08:05 527455                     /lib/x86_64-linux-gnu/ld-2.24.so
2b39850e8000-2b39850e9000 rw-p 00024000 08:05 527455                     /lib/x86_64-linux-gnu/ld-2.24.so
2b39850e9000-2b39850ea000 rw-p 00000000 00:00 0 
2b39850ea000-2b3985158000 r--p 00000000 00:2c 234984938                  /home/sek519/warm_starting/vpc/lib/Cbc-trunk/build/lib/libCbc.so.0.0.0
2b3985158000-2b39852a6000 r-xp 0006e000 00:2c 234984938                  /home/sek519/warm_starting/vpc/lib/Cbc-trunk/build/lib/libCbc.so.0.0.0
2b39852a6000-2b39852f1000 r--p 001bc000 00:2c 234984938                  /home/sek519/warm_starting/vpc/lib/Cbc-trunk/build/lib/libCbc.so.0.0.0
2b39852f1000-2b39852fd000 r--p 00207000 00:2c 234984938                  /home/sek519/warm_starting/vpc/lib/Cbc-trunk/build/lib/libCbc.so.0.0.0
2b39852fd000-2b3985301000 rw-p 00213000 00:2c 234984938                  /home/sek519/warm_starting/vpc/lib/Cbc-trunk/build/lib/libCbc.so.0.0.0
2b3985301000-2b3985319000 r--p 00000000 00:2c 234984897                  /home/sek519/warm_starting/vpc/lib/Cbc-trunk/build/lib/libOsi.so.0.0.0
2b3985319000-2b3985349000 r-xp 00018000 00:2c 234984897                  /home/sek519/warm_starting/vpc/lib/Cbc-trunk/build/lib/libOsi.so.0.0.0
2b3985349000-2b398535d000 r--p 00048000 00:2c 234984897                  /home/sek519/warm_starting/vpc/lib/Cbc-trunk/build/lib/libOsi.so.0.0.0
2b398535d000-2b398535f000 r--p 0005c000 00:2c 234984897                  /home/sek519/warm_starting/vpc/lib/Cbc-trunk/build/lib/libOsi.so.0.0.0
2b398535f000-2b3985360000 rw-p 0005e000 00:2c 234984897                  /home/sek519/warm_starting/vpc/lib/Cbc-trunk/build/lib/libOsi.so.0.0.0
2b3985360000-2b398539f000 r--p 00000000 00:2c 234984922                  /home/sek519/warm_starting/vpc/lib/Cbc-trunk/build/lib/libClp.so.0.0.0
2b398539f000-2b398552b000 r-xp 0003f000 00:2c 234984922                  /home/sek519/warm_starting/vpc/lib/Cbc-trunk/build/lib/libClp.so.0.0.0
2b398552b000-2b398556e000 r--p 001cb000 00:2c 234984922                  /home/sek519/warm_starting/vpc/lib/Cbc-trunk/build/lib/libClp.so.0.0.0
2b398556e000-2b3985571000 r--p 0020d000 00:2c 234984922                  /home/sek519/warm_starting/vpc/lib/Cbc-trunk/build/lib/libClp.so.0.0.0
2b3985571000-2b3985575000 rw-p 00210000 00:2c 234984922                  /home/sek519/warm_starting/vpc/lib/Cbc-trunk/build/lib/libClp.so.0.0.0
2b3985575000-2b39855af000 r--p 00000000 00:2c 234984908                  /home/sek519/warm_starting/vpc/lib/Cbc-trunk/build/lib/libCoinUtils.so.0.0.0
2b39855af000-2b3985695000 r-xp 0003a000 00:2c 234984908                  /home/sek519/warm_starting/vpc/lib/Cbc-trunk/build/lib/libCoinUtils.so.0.0.0
2b3985695000-2b39856c2000 r--p 00120000 00:2c 234984908                  /home/sek519/warm_starting/vpc/lib/Cbc-trunk/build/lib/libCoinUtils.so.0.0.0
2b39856c2000-2b39856c5000 r--p 0014c000 00:2c 234984908                  /home/sek519/warm_starting/vpc/lib/Cbc-trunk/build/lib/libCoinUtils.so.0.0.0
2b39856c5000-2b39856c8000 rw-p 0014f000 00:2c 234984908                  /home/sek519/warm_starting/vpc/lib/Cbc-trunk/build/lib/libCoinUtils.so.0.0.0
2b39856c8000-2b39880eb000 r-xp 00000000 00:2c 234521354                  /home/sek519/miniconda/envs/vws/lib/libgurobi100.so
2b39880eb000-2b39882eb000 ---p 02a23000 00:2c 234521354                  /home/sek519/miniconda/envs/vws/lib/libgurobi100.so
2b39882eb000-2b3988355000 r--p 02a23000 00:2c 234521354                  /home/sek519/miniconda/envs/vws/lib/libgurobi100.so
2b3988355000-2b398837a000 rw-p 02a8d000 00:2c 234521354                  /home/sek519/miniconda/envs/vws/lib/libgurobi100.so
2b398837a000-2b3988387000 rw-p 00000000 00:00 0 
2b3988387000-2b398838a000 rw-p 02bf6000 00:2c 234521354                  /home/sek519/miniconda/envs/vws/lib/libgurobi100.so
2b39883bf000-2b39884c2000 r-xp 00000000 08:05 527463                     /lib/x86_64-linux-gnu/libm-2.24.so
2b39884c2000-2b39886c1000 ---p 00103000 08:05 527463                     /lib/x86_64-linux-gnu/libm-2.24.so
2b39886c1000-2b39886c2000 r--p 00102000 08:05 527463                     /lib/x86_64-linux-gnu/libm-2.24.so
2b39886c2000-2b39886c3000 rw-p 00103000 08:05 527463                     /lib/x86_64-linux-gnu/libm-2.24.so
2b39886c3000-2b3988769000 r--p 00000000 00:2c 235724303                  /home/sek519/miniconda/envs/vws/lib/libstdc++.so.6.0.30
2b3988769000-2b39887fd000 r-xp 000a6000 00:2c 235724303                  /home/sek519/miniconda/envs/vws/lib/libstdc++.so.6.0.30
2b39887fd000-2b3988865000 r--p 0013a000 00:2c 235724303                  /home/sek519/miniconda/envs/vws/lib/libstdc++.so.6.0.30
2b3988865000-2b3988870000 r--p 001a1000 00:2c 235724303                  /home/sek519/miniconda/envs/vws/lib/libstdc++.so.6.0.30
2b3988870000-2b3988874000 rw-p 001ac000 00:2c 235724303                  /home/sek519/miniconda/envs/vws/lib/libstdc++.so.6.0.30
2b3988874000-2b3988877000 rw-p 00000000 00:00 0 
2b3988877000-2b398887b000 r--p 00000000 00:2c 235727575                  /home/sek519/miniconda/envs/vws/lib/libgcc_s.so.1
2b398887b000-2b398888b000 r-xp 00004000 00:2c 235727575                  /home/sek519/miniconda/envs/vws/lib/libgcc_s.so.1
2b398888b000-2b398888e000 r--p 00014000 00:2c 235727575                  /home/sek519/miniconda/envs/vws/lib/libgcc_s.so.1
2b398888e000-2b398888f000 r--p 00016000 00:2c 235727575                  /home/sek519/miniconda/envs/vws/lib/libgcc_s.so.1
2b398888f000-2b3988890000 rw-p 00017000 00:2c 235727575                  /home/sek519/miniconda/envs/vws/lib/libgcc_s.so.1
2b3988890000-2b3988a25000 r-xp 00000000 08:05 527459                     /lib/x86_64-linux-gnu/libc-2.24.so
2b3988a25000-2b3988c25000 ---p 00195000 08:05 527459                     /lib/x86_64-linux-gnu/libc-2.24.so
2b3988c25000-2b3988c29000 r--p 00195000 08:05 527459                     /lib/x86_64-linux-gnu/libc-2.24.so
2b3988c29000-2b3988c2b000 rw-p 00199000 08:05 527459                     /lib/x86_64-linux-gnu/libc-2.24.so
2b3988c2b000-2b3988c2f000 rw-p 00000000 00:00 0 
2b3988c2f000-2b3988c3f000 r--p 00000000 00:2c 235728014                  /home/sek519/miniconda/envs/vws/lib/libtinfo.so.6.3
2b3988c3f000-2b3988c59000 r-xp 00010000 00:2c 235728014                  /home/sek519/miniconda/envs/vws/lib/libtinfo.so.6.3
2b3988c59000-2b3988c6a000 r--p 0002a000 00:2c 235728014                  /home/sek519/miniconda/envs/vws/lib/libtinfo.so.6.3
2b3988c6a000-2b3988c6e000 r--p 0003a000 00:2c 235728014                  /home/sek519/miniconda/envs/vws/lib/libtinfo.so.6.3
2b3988c6e000-2b3988c6f000 rw-p 0003e000 00:2c 235728014                  /home/sek519/miniconda/envs/vws/lib/libtinfo.so.6.3
2b3988c6f000-2b3988c76000 r-xp 00000000 08:05 527476                     /lib/x86_64-linux-gnu/librt-2.24.so
2b3988c76000-2b3988e75000 ---p 00007000 08:05 527476                     /lib/x86_64-linux-gnu/librt-2.24.so
2b3988e75000-2b3988e76000 r--p 00006000 08:05 527476                     /lib/x86_64-linux-gnu/librt-2.24.so
2b3988e76000-2b3988e77000 rw-p 00007000 08:05 527476                     /lib/x86_64-linux-gnu/librt-2.24.so
2b3988e77000-2b3988e8f000 r-xp 00000000 08:05 527474                     /lib/x86_64-linux-gnu/libpthread-2.24.so
2b3988e8f000-2b398908e000 ---p 00018000 08:05 527474                     /lib/x86_64-linux-gnu/libpthread-2.24.so
2b398908e000-2b398908f000 r--p 00017000 08:05 527474                     /lib/x86_64-linux-gnu/libpthread-2.24.so
2b398908f000-2b3989090000 rw-p 00018000 08:05 527474                     /lib/x86_64-linux-gnu/libpthread-2.24.so
2b3989090000-2b3989094000 rw-p 00000000 00:00 0 
2b3989094000-2b398918d000 r--p 00000000 00:2c 235427053                  /home/sek519/miniconda/envs/vws/lib/libopenblasp-r0.3.12.so
2b398918d000-2b398918e000 r-xp 000f9000 00:2c 235427053                  /home/sek519/miniconda/envs/vws/lib/libopenblasp-r0.3.12.so
2b398918e000-2b3989194000 ---p 000fa000 00:2c 235427053                  /home/sek519/miniconda/envs/vws/lib/libopenblasp-r0.3.12.so
2b3989194000-2b398ac77000 r-xp 00100000 00:2c 235427053                  /home/sek519/miniconda/envs/vws/lib/libopenblasp-r0.3.12.so
2b398ac77000-2b398ae4a000 r--p 01be3000 00:2c 235427053                  /home/sek519/miniconda/envs/vws/lib/libopenblasp-r0.3.12.so
2b398ae4a000-2b398ae58000 r--p 01db5000 00:2c 235427053                  /home/sek519/miniconda/envs/vws/lib/libopenblasp-r0.3.12.so
2b398ae58000-2b398ae66000 rw-p 01dc3000 00:2c 235427053                  /home/sek519/miniconda/envs/vws/lib/libopenblasp-r0.3.12.so
2b398ae66000-2b398ae77000 rw-p 00000000 00:00 0 
2b398ae77000-2b398ae7a000 r-xp 00000000 08:05 527462                     /lib/x86_64-linux-gnu/libdl-2.24.so
2b398ae7a000-2b398b079000 ---p 00003000 08:05 527462                     /lib/x86_64-linux-gnu/libdl-2.24.so
2b398b079000-2b398b07a000 r--p 00002000 08:05 527462                     /lib/x86_64-linux-gnu/libdl-2.24.so
2b398b07a000-2b398b07b000 rw-p 00003000 08:05 527462                     /lib/x86_64-linux-gnu/libdl-2.24.so
2b398b07b000-2b398b096000 r--p 00000000 00:2c 235723995                  /home/sek519/miniconda/envs/vws/lib/libgfortran.so.4.0.0
2b398b096000-2b398b185000 r-xp 0001b000 00:2c 235723995                  /home/sek519/miniconda/envs/vws/lib/libgfortran.so.4.0.0
2b398b185000-2b398b1a6000 r--p 0010a000 00:2c 235723995                  /home/sek519/miniconda/envs/vws/lib/libgfortran.so.4.0.0
2b398b1a6000-2b398b1a7000 ---p 0012b000 00:2c 235723995                  /home/sek519/miniconda/envs/vws/lib/libgfortran.so.4.0.0
2b398b1a7000-2b398b1a8000 r--p 0012b000 00:2c 235723995                  /home/sek519/miniconda/envs/vws/lib/libgfortran.so.4.0.0
2b398b1a8000-2b398b1a9000 rw-p 0012c000 00:2c 235723995                  /home/sek519/miniconda/envs/vws/lib/libgfortran.so.4.0.0
2b398b1a9000-2b398b1aa000 rw-p 00000000 00:00 0 
2b398b1aa000-2b398b1ad000 r--p 00000000 00:2c 235727572                  /home/sek519/miniconda/envs/vws/lib/libquadmath.so.0.0.0
2b398b1ad000-2b398b1cc000 r-xp 00003000 00:2c 235727572                  /home/sek519/miniconda/envs/vws/lib/libquadmath.so.0.0.0
2b398b1cc000-2b398b1e2000 r--p 00022000 00:2c 235727572                  /home/sek519/miniconda/envs/vws/lib/libquadmath.so.0.0.0
2b398b1e2000-2b398b1e3000 r--p 00038000 00:2c 235727572                  /home/sek519/miniconda/envs/vws/lib/libquadmath.so.0.0.0
2b398b1e3000-2b398b1e4000 rw-p 00039000 00:2c 235727572                  /home/sek519/miniconda/envs/vws/lib/libquadmath.so.0.0.0
2b398b1e4000-2b398b1f6000 rw-p 00000000 00:00 0 
2b398b1f6000-2b398b1f7000 ---p 00000000 00:00 0 
2b398b1f7000-2b398b3f7000 rw-p 00000000 00:00 0 
2b398b3f7000-2b398b3f8000 ---p 00000000 00:00 0 
2b398b3f8000-2b398b5f8000 rw-p 00000000 00:00 0 
2b398b5f8000-2b39935f8000 rw-p 00000000 00:00 0 
2b39935f8000-2b39935f9000 ---p 00000000 00:00 0 
2b39935f9000-2b39937f9000 rw-p 00000000 00:00 0 
2b39937f9000-2b399b7f9000 rw-p 00000000 00:00 0 
2b399b7f9000-2b399b7fa000 ---p 00000000 00:00 0 
2b399b7fa000-2b399b9fa000 rw-p 00000000 00:00 0 
2b399b9fa000-2b39a39fa000 rw-p 00000000 00:00 0 
2b39a39fa000-2b39a39fb000 ---p 00000000 00:00 0 
2b39a39fb000-2b39a3bfb000 rw-p 00000000 00:00 0 
2b39a3bfb000-2b39abbfb000 rw-p 00000000 00:00 0 
2b39abbfb000-2b39abbfc000 ---p 00000000 00:00 0 
2b39abbfc000-2b39abdfc000 rw-p 00000000 00:00 0 
2b39abdfc000-2b39b3dfc000 rw-p 00000000 00:00 0 
2b39b3dfc000-2b39b3dfd000 ---p 00000000 00:00 0 
2b39b3dfd000-2b39b3ffd000 rw-p 00000000 00:00 0 
2b39b3ffd000-2b39bbffd000 rw-p 00000000 00:00 0 
2b39bbffd000-2b39bbffe000 ---p 00000000 00:00 0 
2b39bbffe000-2b39bc1fe000 rw-p 00000000 00:00 0 
2b39bc1fe000-2b39bc1ff000 ---p 00000000 00:00 0 
2b39bc1ff000-2b39bc3ff000 rw-p 00000000 00:00 0 
2b39bc3ff000-2b39cc3ff000 rw-p 00000000 00:00 0 
2b39cc3ff000-2b39cc400000 ---p 00000000 00:00 0 
2b39cc400000-2b39cc600000 rw-p 00000000 00:00 0 
2b39cc600000-2b39d4600000 rw-p 00000000 00:00 0 
2b39d4600000-2b39d4601000 ---p 00000000 00:00 0 
2b39d4601000-2b39d4801000 rw-p 00000000 00:00 0 
2b39d4801000-2b39dc801000 rw-p 00000000 00:00 0 
2b39dc801000-2b39dc802000 ---p 00000000 00:00 0 
2b39dc802000-2b39dca02000 rw-p 00000000 00:00 0 
2b39dca02000-2b39e4a02000 rw-p 00000000 00:00 0 
2b39e4a02000-2b39e4a03000 ---p 00000000 00:00 0 
2b39e4a03000-2b39e4c03000 rw-p 00000000 00:00 0 
2b39e4c03000-2b39e4c04000 ---p 00000000 00:00 0 
2b39e4c04000-2b39e4e04000 rw-p 00000000 00:00 0 
2b39e4e04000-2b39ece04000 rw-p 00000000 00:00 0 
2b39ece04000-2b39ece05000 ---p 00000000 00:00 0 
2b39ece05000-2b39ed005000 rw-p 00000000 00:00 0 
2b39ed005000-2b3a05005000 rw-p 00000000 00:00 0 
2b3a08000000-2b3a08021000 rw-p 00000000 00:00 0 
2b3a08021000-2b3a0c000000 ---p 00000000 00:00 0 
559bf4136000-559bf4159000 r--p 00000000 00:2c 235732531                  /home/sek519/warm_starting/vws/Release/vws
559bf4159000-559bf4232000 r-xp 00023000 00:2c 235732531                  /home/sek519/warm_starting/vws/Release/vws
559bf4232000-559bf4267000 r--p 000fc000 00:2c 235732531                  /home/sek519/warm_starting/vws/Release/vws
559bf4267000-559bf426d000 r--p 00130000 00:2c 235732531                  /home/sek519/warm_starting/vws/Release/vws
559bf426d000-559bf426f000 rw-p 00136000 00:2c 235732531                  /home/sek519/warm_starting/vws/Release/vws
559bf54bf000-559bf6dfe000 rw-p 00000000 00:00 0                          [heap]
7ffc73b9b000-7ffc73bbd000 rw-p 00000000 00:00 0                          [stack]
7ffc73bdc000-7ffc73bde000 r--p 00000000 00:00 0                          [vvar]
7ffc73bde000-7ffc73be0000 r-xp 00000000 00:00 0                          [vdso]
ffffffffff600000-ffffffffff601000 r-xp 00000000 00:00 0                  [vsyscall]
/var/spool/torque/mom_priv/jobs/1397809.polyp1.ie.lehigh.edu.SC: line 4: 14842 Aborted                 ../Release/vws ${INPUT_FOLDER} ${OUTPUT_FILE} ${MAX_TIME} ${GENERATOR} ${TERMS} ${MIP_SOLVER} ${PROVIDE_PRIMAL_BOUND}
