*** Error in `../Release/vws': free(): invalid pointer: 0x0000562c52f00910 ***
======= Backtrace: =========
/lib/x86_64-linux-gnu/libc.so.6(+0x70bfb)[0x2b86f403fbfb]
/lib/x86_64-linux-gnu/libc.so.6(+0x76fc6)[0x2b86f4045fc6]
/lib/x86_64-linux-gnu/libc.so.6(+0x7780e)[0x2b86f404680e]
../Release/vws(+0xc313a)[0x562c51be813a]
../Release/vws(+0xa480f)[0x562c51bc980f]
../Release/vws(+0x9e3c2)[0x562c51bc33c2]
../Release/vws(+0x9f6e7)[0x562c51bc46e7]
../Release/vws(+0xa1cb5)[0x562c51bc6cb5]
/home/sek519/warm_starting/vws/../vpc/lib/Cbc-trunk/build/lib/libCbc.so.0(_ZN8CbcModel14branchAndBoundEi+0x3bd5)[0x2b86f0927cf5]
../Release/vws(+0xc7787)[0x562c51bec787]
../Release/vws(+0xc7ba7)[0x562c51becba7]
../Release/vws(+0xaf127)[0x562c51bd4127]
../Release/vws(+0x37f21)[0x562c51b5cf21]
../Release/vws(+0x3a002)[0x562c51b5f002]
../Release/vws(+0x54892)[0x562c51b79892]
../Release/vws(+0x31248)[0x562c51b56248]
/lib/x86_64-linux-gnu/libc.so.6(__libc_start_main+0xf1)[0x2b86f3fef2e1]
../Release/vws(+0x32681)[0x562c51b57681]
======= Memory map: ========
2b86f0603000-2b86f0626000 r-xp 00000000 08:01 4103                       /lib/x86_64-linux-gnu/ld-2.24.so
2b86f0626000-2b86f0628000 rw-p 00000000 00:00 0 
2b86f0628000-2b86f062b000 r--p 00000000 00:2c 235724777                  /home/sek519/miniconda/envs/vws/lib/libz.so.1.2.13
2b86f062b000-2b86f0639000 r-xp 00003000 00:2c 235724777                  /home/sek519/miniconda/envs/vws/lib/libz.so.1.2.13
2b86f0639000-2b86f0640000 r--p 00011000 00:2c 235724777                  /home/sek519/miniconda/envs/vws/lib/libz.so.1.2.13
2b86f0640000-2b86f0641000 r--p 00017000 00:2c 235724777                  /home/sek519/miniconda/envs/vws/lib/libz.so.1.2.13
2b86f0641000-2b86f0642000 rw-p 00018000 00:2c 235724777                  /home/sek519/miniconda/envs/vws/lib/libz.so.1.2.13
2b86f0642000-2b86f0644000 r--p 00000000 00:2c 234676138                  /home/sek519/miniconda/envs/vws/lib/libbz2.so.1.0.8
2b86f0644000-2b86f0652000 r-xp 00002000 00:2c 234676138                  /home/sek519/miniconda/envs/vws/lib/libbz2.so.1.0.8
2b86f0652000-2b86f0654000 r--p 00010000 00:2c 234676138                  /home/sek519/miniconda/envs/vws/lib/libbz2.so.1.0.8
2b86f0654000-2b86f0655000 r--p 00011000 00:2c 234676138                  /home/sek519/miniconda/envs/vws/lib/libbz2.so.1.0.8
2b86f0655000-2b86f0656000 rw-p 00012000 00:2c 234676138                  /home/sek519/miniconda/envs/vws/lib/libbz2.so.1.0.8
2b86f0656000-2b86f066e000 r--p 00000000 00:2c 234710701                  /home/sek519/miniconda/envs/vws/lib/libreadline.so.8.1
2b86f066e000-2b86f0699000 r-xp 00018000 00:2c 234710701                  /home/sek519/miniconda/envs/vws/lib/libreadline.so.8.1
2b86f0699000-2b86f06a3000 r--p 00043000 00:2c 234710701                  /home/sek519/miniconda/envs/vws/lib/libreadline.so.8.1
2b86f06a3000-2b86f06a6000 r--p 0004c000 00:2c 234710701                  /home/sek519/miniconda/envs/vws/lib/libreadline.so.8.1
2b86f06a6000-2b86f06ac000 rw-p 0004f000 00:2c 234710701                  /home/sek519/miniconda/envs/vws/lib/libreadline.so.8.1
2b86f06ac000-2b86f06ad000 rw-p 00000000 00:00 0 
2b86f06ad000-2b86f06c2000 r--p 00000000 00:2c 234984926                  /home/sek519/warm_starting/vpc/lib/Cbc-trunk/build/lib/libOsiClp.so.0.0.0
2b86f06c2000-2b86f06f2000 r-xp 00015000 00:2c 234984926                  /home/sek519/warm_starting/vpc/lib/Cbc-trunk/build/lib/libOsiClp.so.0.0.0
2b86f06f2000-2b86f06fc000 r--p 00045000 00:2c 234984926                  /home/sek519/warm_starting/vpc/lib/Cbc-trunk/build/lib/libOsiClp.so.0.0.0
2b86f06fc000-2b86f06fe000 r--p 0004f000 00:2c 234984926                  /home/sek519/warm_starting/vpc/lib/Cbc-trunk/build/lib/libOsiClp.so.0.0.0
2b86f06fe000-2b86f06ff000 rw-p 00051000 00:2c 234984926                  /home/sek519/warm_starting/vpc/lib/Cbc-trunk/build/lib/libOsiClp.so.0.0.0
2b86f06ff000-2b86f0701000 rw-p 00000000 00:00 0 
2b86f0701000-2b86f0729000 r--p 00000000 00:2c 234984933                  /home/sek519/warm_starting/vpc/lib/Cbc-trunk/build/lib/libCgl.so.0.0.0
2b86f0729000-2b86f07ec000 r-xp 00028000 00:2c 234984933                  /home/sek519/warm_starting/vpc/lib/Cbc-trunk/build/lib/libCgl.so.0.0.0
2b86f07ec000-2b86f080c000 r--p 000eb000 00:2c 234984933                  /home/sek519/warm_starting/vpc/lib/Cbc-trunk/build/lib/libCgl.so.0.0.0
2b86f080c000-2b86f080e000 r--p 0010b000 00:2c 234984933                  /home/sek519/warm_starting/vpc/lib/Cbc-trunk/build/lib/libCgl.so.0.0.0
2b86f080e000-2b86f0810000 rw-p 0010d000 00:2c 234984933                  /home/sek519/warm_starting/vpc/lib/Cbc-trunk/build/lib/libCgl.so.0.0.0
2b86f0810000-2b86f0819000 rw-p 00000000 00:00 0 
2b86f0826000-2b86f0827000 r--p 00023000 08:01 4103                       /lib/x86_64-linux-gnu/ld-2.24.so
2b86f0827000-2b86f0828000 rw-p 00024000 08:01 4103                       /lib/x86_64-linux-gnu/ld-2.24.so
2b86f0828000-2b86f0829000 rw-p 00000000 00:00 0 
2b86f0829000-2b86f0897000 r--p 00000000 00:2c 234984938                  /home/sek519/warm_starting/vpc/lib/Cbc-trunk/build/lib/libCbc.so.0.0.0
2b86f0897000-2b86f09e5000 r-xp 0006e000 00:2c 234984938                  /home/sek519/warm_starting/vpc/lib/Cbc-trunk/build/lib/libCbc.so.0.0.0
2b86f09e5000-2b86f0a30000 r--p 001bc000 00:2c 234984938                  /home/sek519/warm_starting/vpc/lib/Cbc-trunk/build/lib/libCbc.so.0.0.0
2b86f0a30000-2b86f0a3c000 r--p 00207000 00:2c 234984938                  /home/sek519/warm_starting/vpc/lib/Cbc-trunk/build/lib/libCbc.so.0.0.0
2b86f0a3c000-2b86f0a40000 rw-p 00213000 00:2c 234984938                  /home/sek519/warm_starting/vpc/lib/Cbc-trunk/build/lib/libCbc.so.0.0.0
2b86f0a40000-2b86f0a58000 r--p 00000000 00:2c 234984897                  /home/sek519/warm_starting/vpc/lib/Cbc-trunk/build/lib/libOsi.so.0.0.0
2b86f0a58000-2b86f0a88000 r-xp 00018000 00:2c 234984897                  /home/sek519/warm_starting/vpc/lib/Cbc-trunk/build/lib/libOsi.so.0.0.0
2b86f0a88000-2b86f0a9c000 r--p 00048000 00:2c 234984897                  /home/sek519/warm_starting/vpc/lib/Cbc-trunk/build/lib/libOsi.so.0.0.0
2b86f0a9c000-2b86f0a9e000 r--p 0005c000 00:2c 234984897                  /home/sek519/warm_starting/vpc/lib/Cbc-trunk/build/lib/libOsi.so.0.0.0
2b86f0a9e000-2b86f0a9f000 rw-p 0005e000 00:2c 234984897                  /home/sek519/warm_starting/vpc/lib/Cbc-trunk/build/lib/libOsi.so.0.0.0
2b86f0a9f000-2b86f0ade000 r--p 00000000 00:2c 234984922                  /home/sek519/warm_starting/vpc/lib/Cbc-trunk/build/lib/libClp.so.0.0.0
2b86f0ade000-2b86f0c6a000 r-xp 0003f000 00:2c 234984922                  /home/sek519/warm_starting/vpc/lib/Cbc-trunk/build/lib/libClp.so.0.0.0
2b86f0c6a000-2b86f0cad000 r--p 001cb000 00:2c 234984922                  /home/sek519/warm_starting/vpc/lib/Cbc-trunk/build/lib/libClp.so.0.0.0
2b86f0cad000-2b86f0cb0000 r--p 0020d000 00:2c 234984922                  /home/sek519/warm_starting/vpc/lib/Cbc-trunk/build/lib/libClp.so.0.0.0
2b86f0cb0000-2b86f0cb4000 rw-p 00210000 00:2c 234984922                  /home/sek519/warm_starting/vpc/lib/Cbc-trunk/build/lib/libClp.so.0.0.0
2b86f0cb4000-2b86f0cee000 r--p 00000000 00:2c 234984908                  /home/sek519/warm_starting/vpc/lib/Cbc-trunk/build/lib/libCoinUtils.so.0.0.0
2b86f0cee000-2b86f0dd4000 r-xp 0003a000 00:2c 234984908                  /home/sek519/warm_starting/vpc/lib/Cbc-trunk/build/lib/libCoinUtils.so.0.0.0
2b86f0dd4000-2b86f0e01000 r--p 00120000 00:2c 234984908                  /home/sek519/warm_starting/vpc/lib/Cbc-trunk/build/lib/libCoinUtils.so.0.0.0
2b86f0e01000-2b86f0e04000 r--p 0014c000 00:2c 234984908                  /home/sek519/warm_starting/vpc/lib/Cbc-trunk/build/lib/libCoinUtils.so.0.0.0
2b86f0e04000-2b86f0e07000 rw-p 0014f000 00:2c 234984908                  /home/sek519/warm_starting/vpc/lib/Cbc-trunk/build/lib/libCoinUtils.so.0.0.0
2b86f0e07000-2b86f382a000 r-xp 00000000 00:2c 234521354                  /home/sek519/miniconda/envs/vws/lib/libgurobi100.so
2b86f382a000-2b86f3a2a000 ---p 02a23000 00:2c 234521354                  /home/sek519/miniconda/envs/vws/lib/libgurobi100.so
2b86f3a2a000-2b86f3a94000 r--p 02a23000 00:2c 234521354                  /home/sek519/miniconda/envs/vws/lib/libgurobi100.so
2b86f3a94000-2b86f3ab9000 rw-p 02a8d000 00:2c 234521354                  /home/sek519/miniconda/envs/vws/lib/libgurobi100.so
2b86f3ab9000-2b86f3ac6000 rw-p 00000000 00:00 0 
2b86f3ac6000-2b86f3ac9000 rw-p 02bf6000 00:2c 234521354                  /home/sek519/miniconda/envs/vws/lib/libgurobi100.so
2b86f3afe000-2b86f3c01000 r-xp 00000000 08:01 4775                       /lib/x86_64-linux-gnu/libm-2.24.so
2b86f3c01000-2b86f3e00000 ---p 00103000 08:01 4775                       /lib/x86_64-linux-gnu/libm-2.24.so
2b86f3e00000-2b86f3e01000 r--p 00102000 08:01 4775                       /lib/x86_64-linux-gnu/libm-2.24.so
2b86f3e01000-2b86f3e02000 rw-p 00103000 08:01 4775                       /lib/x86_64-linux-gnu/libm-2.24.so
2b86f3e02000-2b86f3ea8000 r--p 00000000 00:2c 235724303                  /home/sek519/miniconda/envs/vws/lib/libstdc++.so.6.0.30
2b86f3ea8000-2b86f3f3c000 r-xp 000a6000 00:2c 235724303                  /home/sek519/miniconda/envs/vws/lib/libstdc++.so.6.0.30
2b86f3f3c000-2b86f3fa4000 r--p 0013a000 00:2c 235724303                  /home/sek519/miniconda/envs/vws/lib/libstdc++.so.6.0.30
2b86f3fa4000-2b86f3faf000 r--p 001a1000 00:2c 235724303                  /home/sek519/miniconda/envs/vws/lib/libstdc++.so.6.0.30
2b86f3faf000-2b86f3fb3000 rw-p 001ac000 00:2c 235724303                  /home/sek519/miniconda/envs/vws/lib/libstdc++.so.6.0.30
2b86f3fb3000-2b86f3fb6000 rw-p 00000000 00:00 0 
2b86f3fb6000-2b86f3fba000 r--p 00000000 00:2c 235727575                  /home/sek519/miniconda/envs/vws/lib/libgcc_s.so.1
2b86f3fba000-2b86f3fca000 r-xp 00004000 00:2c 235727575                  /home/sek519/miniconda/envs/vws/lib/libgcc_s.so.1
2b86f3fca000-2b86f3fcd000 r--p 00014000 00:2c 235727575                  /home/sek519/miniconda/envs/vws/lib/libgcc_s.so.1
2b86f3fcd000-2b86f3fce000 r--p 00016000 00:2c 235727575                  /home/sek519/miniconda/envs/vws/lib/libgcc_s.so.1
2b86f3fce000-2b86f3fcf000 rw-p 00017000 00:2c 235727575                  /home/sek519/miniconda/envs/vws/lib/libgcc_s.so.1
2b86f3fcf000-2b86f4164000 r-xp 00000000 08:01 4771                       /lib/x86_64-linux-gnu/libc-2.24.so
2b86f4164000-2b86f4364000 ---p 00195000 08:01 4771                       /lib/x86_64-linux-gnu/libc-2.24.so
2b86f4364000-2b86f4368000 r--p 00195000 08:01 4771                       /lib/x86_64-linux-gnu/libc-2.24.so
2b86f4368000-2b86f436a000 rw-p 00199000 08:01 4771                       /lib/x86_64-linux-gnu/libc-2.24.so
2b86f436a000-2b86f436e000 rw-p 00000000 00:00 0 
2b86f436e000-2b86f437e000 r--p 00000000 00:2c 235728014                  /home/sek519/miniconda/envs/vws/lib/libtinfo.so.6.3
2b86f437e000-2b86f4398000 r-xp 00010000 00:2c 235728014                  /home/sek519/miniconda/envs/vws/lib/libtinfo.so.6.3
2b86f4398000-2b86f43a9000 r--p 0002a000 00:2c 235728014                  /home/sek519/miniconda/envs/vws/lib/libtinfo.so.6.3
2b86f43a9000-2b86f43ad000 r--p 0003a000 00:2c 235728014                  /home/sek519/miniconda/envs/vws/lib/libtinfo.so.6.3
2b86f43ad000-2b86f43ae000 rw-p 0003e000 00:2c 235728014                  /home/sek519/miniconda/envs/vws/lib/libtinfo.so.6.3
2b86f43ae000-2b86f43b5000 r-xp 00000000 08:01 4788                       /lib/x86_64-linux-gnu/librt-2.24.so
2b86f43b5000-2b86f45b4000 ---p 00007000 08:01 4788                       /lib/x86_64-linux-gnu/librt-2.24.so
2b86f45b4000-2b86f45b5000 r--p 00006000 08:01 4788                       /lib/x86_64-linux-gnu/librt-2.24.so
2b86f45b5000-2b86f45b6000 rw-p 00007000 08:01 4788                       /lib/x86_64-linux-gnu/librt-2.24.so
2b86f45b6000-2b86f45ce000 r-xp 00000000 08:01 4786                       /lib/x86_64-linux-gnu/libpthread-2.24.so
2b86f45ce000-2b86f47cd000 ---p 00018000 08:01 4786                       /lib/x86_64-linux-gnu/libpthread-2.24.so
2b86f47cd000-2b86f47ce000 r--p 00017000 08:01 4786                       /lib/x86_64-linux-gnu/libpthread-2.24.so
2b86f47ce000-2b86f47cf000 rw-p 00018000 08:01 4786                       /lib/x86_64-linux-gnu/libpthread-2.24.so
2b86f47cf000-2b86f47d3000 rw-p 00000000 00:00 0 
2b86f47d3000-2b86f48cc000 r--p 00000000 00:2c 235427053                  /home/sek519/miniconda/envs/vws/lib/libopenblasp-r0.3.12.so
2b86f48cc000-2b86f48cd000 r-xp 000f9000 00:2c 235427053                  /home/sek519/miniconda/envs/vws/lib/libopenblasp-r0.3.12.so
2b86f48cd000-2b86f48d3000 ---p 000fa000 00:2c 235427053                  /home/sek519/miniconda/envs/vws/lib/libopenblasp-r0.3.12.so
2b86f48d3000-2b86f63b6000 r-xp 00100000 00:2c 235427053                  /home/sek519/miniconda/envs/vws/lib/libopenblasp-r0.3.12.so
2b86f63b6000-2b86f6589000 r--p 01be3000 00:2c 235427053                  /home/sek519/miniconda/envs/vws/lib/libopenblasp-r0.3.12.so
2b86f6589000-2b86f6597000 r--p 01db5000 00:2c 235427053                  /home/sek519/miniconda/envs/vws/lib/libopenblasp-r0.3.12.so
2b86f6597000-2b86f65a5000 rw-p 01dc3000 00:2c 235427053                  /home/sek519/miniconda/envs/vws/lib/libopenblasp-r0.3.12.so
2b86f65a5000-2b86f65b6000 rw-p 00000000 00:00 0 
2b86f65b6000-2b86f65b9000 r-xp 00000000 08:01 4774                       /lib/x86_64-linux-gnu/libdl-2.24.so
2b86f65b9000-2b86f67b8000 ---p 00003000 08:01 4774                       /lib/x86_64-linux-gnu/libdl-2.24.so
2b86f67b8000-2b86f67b9000 r--p 00002000 08:01 4774                       /lib/x86_64-linux-gnu/libdl-2.24.so
2b86f67b9000-2b86f67ba000 rw-p 00003000 08:01 4774                       /lib/x86_64-linux-gnu/libdl-2.24.so
2b86f67ba000-2b86f67d5000 r--p 00000000 00:2c 235723995                  /home/sek519/miniconda/envs/vws/lib/libgfortran.so.4.0.0
2b86f67d5000-2b86f68c4000 r-xp 0001b000 00:2c 235723995                  /home/sek519/miniconda/envs/vws/lib/libgfortran.so.4.0.0
2b86f68c4000-2b86f68e5000 r--p 0010a000 00:2c 235723995                  /home/sek519/miniconda/envs/vws/lib/libgfortran.so.4.0.0
2b86f68e5000-2b86f68e6000 ---p 0012b000 00:2c 235723995                  /home/sek519/miniconda/envs/vws/lib/libgfortran.so.4.0.0
2b86f68e6000-2b86f68e7000 r--p 0012b000 00:2c 235723995                  /home/sek519/miniconda/envs/vws/lib/libgfortran.so.4.0.0
2b86f68e7000-2b86f68e8000 rw-p 0012c000 00:2c 235723995                  /home/sek519/miniconda/envs/vws/lib/libgfortran.so.4.0.0
2b86f68e8000-2b86f68e9000 rw-p 00000000 00:00 0 
2b86f68e9000-2b86f68ec000 r--p 00000000 00:2c 235727572                  /home/sek519/miniconda/envs/vws/lib/libquadmath.so.0.0.0
2b86f68ec000-2b86f690b000 r-xp 00003000 00:2c 235727572                  /home/sek519/miniconda/envs/vws/lib/libquadmath.so.0.0.0
2b86f690b000-2b86f6921000 r--p 00022000 00:2c 235727572                  /home/sek519/miniconda/envs/vws/lib/libquadmath.so.0.0.0
2b86f6921000-2b86f6922000 r--p 00038000 00:2c 235727572                  /home/sek519/miniconda/envs/vws/lib/libquadmath.so.0.0.0
2b86f6922000-2b86f6923000 rw-p 00039000 00:2c 235727572                  /home/sek519/miniconda/envs/vws/lib/libquadmath.so.0.0.0
2b86f6923000-2b86f6935000 rw-p 00000000 00:00 0 
2b86f6935000-2b86f6936000 ---p 00000000 00:00 0 
2b86f6936000-2b86f6b36000 rw-p 00000000 00:00 0 
2b86f6b36000-2b86f6b37000 ---p 00000000 00:00 0 
2b86f6b37000-2b86f6d37000 rw-p 00000000 00:00 0 
2b86f6d37000-2b86f6d38000 ---p 00000000 00:00 0 
2b86f6d38000-2b86f6f38000 rw-p 00000000 00:00 0 
2b86f6f38000-2b86f6f39000 ---p 00000000 00:00 0 
2b86f6f39000-2b86f7139000 rw-p 00000000 00:00 0 
2b86f7139000-2b86f713a000 ---p 00000000 00:00 0 
2b86f713a000-2b86f733a000 rw-p 00000000 00:00 0 
2b86f733a000-2b86f733b000 ---p 00000000 00:00 0 
2b86f733b000-2b86f753b000 rw-p 00000000 00:00 0 
2b86f753b000-2b86f753c000 ---p 00000000 00:00 0 
2b86f753c000-2b86f773c000 rw-p 00000000 00:00 0 
2b86f773c000-2b86f773d000 ---p 00000000 00:00 0 
2b86f773d000-2b86f793d000 rw-p 00000000 00:00 0 
2b86f793d000-2b86f793e000 ---p 00000000 00:00 0 
2b86f793e000-2b86f7b3e000 rw-p 00000000 00:00 0 
2b86f7b3e000-2b86f7b3f000 ---p 00000000 00:00 0 
2b86f7b3f000-2b86f7d3f000 rw-p 00000000 00:00 0 
2b86f7d3f000-2b86f7d40000 ---p 00000000 00:00 0 
2b86f7d40000-2b86f7f40000 rw-p 00000000 00:00 0 
2b86f7f40000-2b8707f40000 rw-p 00000000 00:00 0 
2b8707f40000-2b8707f41000 ---p 00000000 00:00 0 
2b8707f41000-2b8708141000 rw-p 00000000 00:00 0 
2b8708141000-2b8708142000 ---p 00000000 00:00 0 
2b8708142000-2b8708342000 rw-p 00000000 00:00 0 
2b8708342000-2b8708343000 ---p 00000000 00:00 0 
2b8708343000-2b8708543000 rw-p 00000000 00:00 0 
2b8708543000-2b8720543000 rw-p 00000000 00:00 0 
2b8720543000-2b8720544000 ---p 00000000 00:00 0 
2b8720544000-2b8720744000 rw-p 00000000 00:00 0 
2b8720744000-2b8770744000 rw-p 00000000 00:00 0 
2b8774000000-2b8774021000 rw-p 00000000 00:00 0 
2b8774021000-2b8778000000 ---p 00000000 00:00 0 
562c51b25000-562c51b48000 r--p 00000000 00:2c 235732531                  /home/sek519/warm_starting/vws/Release/vws
562c51b48000-562c51c21000 r-xp 00023000 00:2c 235732531                  /home/sek519/warm_starting/vws/Release/vws
562c51c21000-562c51c56000 r--p 000fc000 00:2c 235732531                  /home/sek519/warm_starting/vws/Release/vws
562c51c56000-562c51c5c000 r--p 00130000 00:2c 235732531                  /home/sek519/warm_starting/vws/Release/vws
562c51c5c000-562c51c5e000 rw-p 00136000 00:2c 235732531                  /home/sek519/warm_starting/vws/Release/vws
562c5248a000-562c531c5000 rw-p 00000000 00:00 0                          [heap]
7fff7ee20000-7fff7ee42000 rw-p 00000000 00:00 0                          [stack]
7fff7ee93000-7fff7ee95000 r--p 00000000 00:00 0                          [vvar]
7fff7ee95000-7fff7ee97000 r-xp 00000000 00:00 0                          [vdso]
ffffffffff600000-ffffffffff601000 r-xp 00000000 00:00 0                  [vsyscall]
/var/spool/torque/mom_priv/jobs/1397770.polyp1.ie.lehigh.edu.SC: line 4: 26812 Aborted                 (core dumped) ../Release/vws ${INPUT_FOLDER} ${OUTPUT_FILE} ${MAX_TIME} ${GENERATOR} ${TERMS} ${MIP_SOLVER} ${PROVIDE_PRIMAL_BOUND}
