vws: /home/sek519/warm_starting/vpc/lib/Cbc-trunk/Cbc/src/CbcModel.cpp:11117: int CbcModel::takeOffCuts(OsiCuts&, bool, OsiCuts*, int, const OsiRowCut**): Assertion `numberRowsAtContinuous_ + totalNumberCuts == solver_->getNumRows()' failed.


ERROR while running Cbc. Signal SIGABRT caught. Getting stack trace.
/home/sek519/warm_starting/vws/../vpc/lib/Cbc-trunk/buildg/lib/libCbc.so.0(_Z15CbcCrashHandleri+0x277) [0x2b2b44490a4b]
/lib/x86_64-linux-gnu/libc.so.6(+0x33060) [0x2b2b4524a060]
/lib/x86_64-linux-gnu/libc.so.6(gsignal+0xcf) [0x2b2b45249fff]
/lib/x86_64-linux-gnu/libc.so.6(abort+0x16a) [0x2b2b4524b42a]
/lib/x86_64-linux-gnu/libc.so.6(+0x2be67) [0x2b2b45242e67]
/lib/x86_64-linux-gnu/libc.so.6(+0x2bf12) [0x2b2b45242f12]
/home/sek519/warm_starting/vws/../vpc/lib/Cbc-trunk/buildg/lib/libCbc.so.0(_ZN8CbcModel11takeOffCutsER7OsiCutsbPS0_iPPK9OsiRowCut+0xf3) [0x2b2b444391e7]
/home/sek519/warm_starting/vws/../vpc/lib/Cbc-trunk/buildg/lib/libCbc.so.0(_ZN8CbcModel12chooseBranchERP7CbcNodeiS1_R7OsiCutsRbP18CoinWarmStartBasisPKdS9_RP15OsiSolverBranch+0x122f) [0x2b2b4444ae1b]
/home/sek519/warm_starting/vws/../vpc/lib/Cbc-trunk/buildg/lib/libCbc.so.0(_ZN8CbcModel14branchAndBoundEi+0xaf15) [0x2b2b4441f573]
../Debug/vws(+0x104589) [0x564c9c6f6589]
../Debug/vws(+0x127b00) [0x564c9c719b00]
../Debug/vws(+0x79d6a) [0x564c9c66bd6a]
/lib/x86_64-linux-gnu/libc.so.6(__libc_start_main+0xf1) [0x2b2b452372e1]
../Debug/vws(+0x79259) [0x564c9c66b259]




ERROR while running Cbc. Signal SIGABRT caught. Getting stack trace.
/home/sek519/warm_starting/vws/../vpc/lib/Cbc-trunk/buildg/lib/libCbc.so.0(_Z15CbcCrashHandleri+0x277) [0x2b2b44490a4b]
/lib/x86_64-linux-gnu/libc.so.6(+0x33060) [0x2b2b4524a060]
/lib/x86_64-linux-gnu/libc.so.6(gsignal+0xcf) [0x2b2b45249fff]
/lib/x86_64-linux-gnu/libc.so.6(abort+0x16a) [0x2b2b4524b42a]
/home/sek519/warm_starting/vws/../vpc/lib/Cbc-trunk/buildg/lib/libCbc.so.0(_Z15CbcCrashHandleri+0x355) [0x2b2b44490b29]
/lib/x86_64-linux-gnu/libc.so.6(+0x33060) [0x2b2b4524a060]
/lib/x86_64-linux-gnu/libc.so.6(gsignal+0xcf) [0x2b2b45249fff]
/lib/x86_64-linux-gnu/libc.so.6(abort+0x16a) [0x2b2b4524b42a]
/lib/x86_64-linux-gnu/libc.so.6(+0x2be67) [0x2b2b45242e67]
/lib/x86_64-linux-gnu/libc.so.6(+0x2bf12) [0x2b2b45242f12]
/home/sek519/warm_starting/vws/../vpc/lib/Cbc-trunk/buildg/lib/libCbc.so.0(_ZN8CbcModel11takeOffCutsER7OsiCutsbPS0_iPPK9OsiRowCut+0xf3) [0x2b2b444391e7]
/home/sek519/warm_starting/vws/../vpc/lib/Cbc-trunk/buildg/lib/libCbc.so.0(_ZN8CbcModel12chooseBranchERP7CbcNodeiS1_R7OsiCutsRbP18CoinWarmStartBasisPKdS9_RP15OsiSolverBranch+0x122f) [0x2b2b4444ae1b]
/home/sek519/warm_starting/vws/../vpc/lib/Cbc-trunk/buildg/lib/libCbc.so.0(_ZN8CbcModel14branchAndBoundEi+0xaf15) [0x2b2b4441f573]
../Debug/vws(+0x104589) [0x564c9c6f6589]
../Debug/vws(+0x127b00) [0x564c9c719b00]
../Debug/vws(+0x79d6a) [0x564c9c66bd6a]
/lib/x86_64-linux-gnu/libc.so.6(__libc_start_main+0xf1) [0x2b2b452372e1]
../Debug/vws(+0x79259) [0x564c9c66b259]


/var/spool/torque/mom_priv/jobs/1217162.polyp1.ie.lehigh.edu.SC: line 4: 25899 Aborted                 (core dumped) ../Debug/vws ${INPUT_FOLDER} ${OUTPUT_FILE} ${MAX_TIME} ${GENERATOR} ${TERMS}
