*** WARNING (version #870a55a): /home/sek519/warm_starting/vws/../vpc/src/cut/PRLP.cpp:387: PRLP is primal infeasible; giving up on this point-ray collection.
[WARNING] No vpcs were made from a new disjunction. Stopping series.
vws: /home/sek519/warm_starting/vws/../vpc/src/utility/utility.cpp:651: void verify(bool, const std::string&): Assertion `false' failed.


ERROR while running Cbc. Signal SIGABRT caught. Getting stack trace.
/home/sek519/warm_starting/vws/../vpc/lib/Cbc-trunk/buildg/lib/libCbc.so.0(_Z15CbcCrashHandleri+0x277) [0x2aba3af80a4b]
/lib/x86_64-linux-gnu/libc.so.6(+0x33060) [0x2aba3bd3a060]
/lib/x86_64-linux-gnu/libc.so.6(gsignal+0xcf) [0x2aba3bd39fff]
/lib/x86_64-linux-gnu/libc.so.6(abort+0x16a) [0x2aba3bd3b42a]
/lib/x86_64-linux-gnu/libc.so.6(+0x2be67) [0x2aba3bd32e67]
/lib/x86_64-linux-gnu/libc.so.6(+0x2bf12) [0x2aba3bd32f12]
../Debug/vws(+0x1b0427) [0x55b249de5427]
../Debug/vws(+0x127bb8) [0x55b249d5cbb8]
../Debug/vws(+0x79d6a) [0x55b249caed6a]
/lib/x86_64-linux-gnu/libc.so.6(__libc_start_main+0xf1) [0x2aba3bd272e1]
../Debug/vws(+0x79259) [0x55b249cae259]




ERROR while running Cbc. Signal SIGABRT caught. Getting stack trace.
/home/sek519/warm_starting/vws/../vpc/lib/Cbc-trunk/buildg/lib/libCbc.so.0(_Z15CbcCrashHandleri+0x277) [0x2aba3af80a4b]
/lib/x86_64-linux-gnu/libc.so.6(+0x33060) [0x2aba3bd3a060]
/lib/x86_64-linux-gnu/libc.so.6(gsignal+0xcf) [0x2aba3bd39fff]
/lib/x86_64-linux-gnu/libc.so.6(abort+0x16a) [0x2aba3bd3b42a]
/home/sek519/warm_starting/vws/../vpc/lib/Cbc-trunk/buildg/lib/libCbc.so.0(_Z15CbcCrashHandleri+0x355) [0x2aba3af80b29]
/lib/x86_64-linux-gnu/libc.so.6(+0x33060) [0x2aba3bd3a060]
/lib/x86_64-linux-gnu/libc.so.6(gsignal+0xcf) [0x2aba3bd39fff]
/lib/x86_64-linux-gnu/libc.so.6(abort+0x16a) [0x2aba3bd3b42a]
/lib/x86_64-linux-gnu/libc.so.6(+0x2be67) [0x2aba3bd32e67]
/lib/x86_64-linux-gnu/libc.so.6(+0x2bf12) [0x2aba3bd32f12]
../Debug/vws(+0x1b0427) [0x55b249de5427]
../Debug/vws(+0x127bb8) [0x55b249d5cbb8]
../Debug/vws(+0x79d6a) [0x55b249caed6a]
/lib/x86_64-linux-gnu/libc.so.6(__libc_start_main+0xf1) [0x2aba3bd272e1]
../Debug/vws(+0x79259) [0x55b249cae259]


/var/spool/torque/mom_priv/jobs/1216936.polyp1.ie.lehigh.edu.SC: line 4:   992 Aborted                 ../Debug/vws ${INPUT_FOLDER} ${OUTPUT_FILE} ${MAX_TIME} ${GENERATOR} ${TERMS}
