*** WARNING (version #870a55a): /home/sek519/warm_starting/vws/../vpc/src/cut/CglVPC.cpp:683: Nonbasic reduced cost should be >= 0 in the complemented nonbasic space. However, for nb var 139 (real var 151), it is -1.223287e-07. Small enough error that we only send warning.
*** WARNING (version #870a55a): /home/sek519/warm_starting/vws/../vpc/src/utility/nbspace.cpp:358: Ray 151: dot product with obj < 0. Obj viol from solver: -0.00000012. Calculated: -0.00000012.
*** WARNING (version #870a55a): /home/sek519/warm_starting/vws/../vpc/src/cut/CglVPC.cpp:1243: Term 13 ray 139 does not satisfy the objective cut. Activity: -0.00000012. RHS: 0.00000000. Small enough violation that we only send a warning.
*** WARNING (version #870a55a): /home/sek519/warm_starting/vws/../vpc/src/cut/PRLP.cpp:387: PRLP is primal infeasible; giving up on this point-ray collection.
[WARNING] No vpcs were made from a new disjunction. Stopping series.
vws: /home/sek519/warm_starting/vws/../vpc/src/utility/utility.cpp:651: void verify(bool, const std::string&): Assertion `false' failed.


ERROR while running Cbc. Signal SIGABRT caught. Getting stack trace.
/home/sek519/warm_starting/vws/../vpc/lib/Cbc-trunk/buildg/lib/libCbc.so.0(_Z15CbcCrashHandleri+0x277) [0x2b695526fa4b]
/lib/x86_64-linux-gnu/libc.so.6(+0x33060) [0x2b6956029060]
/lib/x86_64-linux-gnu/libc.so.6(gsignal+0xcf) [0x2b6956028fff]
/lib/x86_64-linux-gnu/libc.so.6(abort+0x16a) [0x2b695602a42a]
/lib/x86_64-linux-gnu/libc.so.6(+0x2be67) [0x2b6956021e67]
/lib/x86_64-linux-gnu/libc.so.6(+0x2bf12) [0x2b6956021f12]
../Debug/vws(+0x1b0427) [0x55874df18427]
../Debug/vws(+0x127bb8) [0x55874de8fbb8]
../Debug/vws(+0x79d6a) [0x55874dde1d6a]
/lib/x86_64-linux-gnu/libc.so.6(__libc_start_main+0xf1) [0x2b69560162e1]
../Debug/vws(+0x79259) [0x55874dde1259]




ERROR while running Cbc. Signal SIGABRT caught. Getting stack trace.
/home/sek519/warm_starting/vws/../vpc/lib/Cbc-trunk/buildg/lib/libCbc.so.0(_Z15CbcCrashHandleri+0x277) [0x2b695526fa4b]
/lib/x86_64-linux-gnu/libc.so.6(+0x33060) [0x2b6956029060]
/lib/x86_64-linux-gnu/libc.so.6(gsignal+0xcf) [0x2b6956028fff]
/lib/x86_64-linux-gnu/libc.so.6(abort+0x16a) [0x2b695602a42a]
/home/sek519/warm_starting/vws/../vpc/lib/Cbc-trunk/buildg/lib/libCbc.so.0(_Z15CbcCrashHandleri+0x355) [0x2b695526fb29]
/lib/x86_64-linux-gnu/libc.so.6(+0x33060) [0x2b6956029060]
/lib/x86_64-linux-gnu/libc.so.6(gsignal+0xcf) [0x2b6956028fff]
/lib/x86_64-linux-gnu/libc.so.6(abort+0x16a) [0x2b695602a42a]
/lib/x86_64-linux-gnu/libc.so.6(+0x2be67) [0x2b6956021e67]
/lib/x86_64-linux-gnu/libc.so.6(+0x2bf12) [0x2b6956021f12]
../Debug/vws(+0x1b0427) [0x55874df18427]
../Debug/vws(+0x127bb8) [0x55874de8fbb8]
../Debug/vws(+0x79d6a) [0x55874dde1d6a]
/lib/x86_64-linux-gnu/libc.so.6(__libc_start_main+0xf1) [0x2b69560162e1]
../Debug/vws(+0x79259) [0x55874dde1259]


/var/spool/torque/mom_priv/jobs/1216924.polyp1.ie.lehigh.edu.SC: line 4: 29037 Aborted                 ../Debug/vws ${INPUT_FOLDER} ${OUTPUT_FILE} ${MAX_TIME} ${GENERATOR} ${TERMS}
