Since we minimize, disjunctive dual bound should not be less than LP relaxation objective value.
vws: /home/sek519/warm_starting/vws/../vpc/src/utility/utility.cpp:651: void verify(bool, const std::string&): Assertion `false' failed.


ERROR while running Cbc. Signal SIGABRT caught. Getting stack trace.
/home/sek519/warm_starting/vws/../vpc/lib/Cbc-trunk/buildg/lib/libCbc.so.0(_Z15CbcCrashHandleri+0x277) [0x2ac7b0879a4b]
/lib/x86_64-linux-gnu/libc.so.6(+0x33060) [0x2ac7b1633060]
/lib/x86_64-linux-gnu/libc.so.6(gsignal+0xcf) [0x2ac7b1632fff]
/lib/x86_64-linux-gnu/libc.so.6(abort+0x16a) [0x2ac7b163442a]
/lib/x86_64-linux-gnu/libc.so.6(+0x2be67) [0x2ac7b162be67]
/lib/x86_64-linux-gnu/libc.so.6(+0x2bf12) [0x2ac7b162bf12]
../Debug/vws(+0x1b0427) [0x55826ad9b427]
../Debug/vws(+0x1fdd88) [0x55826ade8d88]
../Debug/vws(+0x10512c) [0x55826acf012c]
../Debug/vws(+0x103fb7) [0x55826aceefb7]
../Debug/vws(+0x127b00) [0x55826ad12b00]
../Debug/vws(+0x79d6a) [0x55826ac64d6a]
/lib/x86_64-linux-gnu/libc.so.6(__libc_start_main+0xf1) [0x2ac7b16202e1]
../Debug/vws(+0x79259) [0x55826ac64259]




ERROR while running Cbc. Signal SIGABRT caught. Getting stack trace.
/home/sek519/warm_starting/vws/../vpc/lib/Cbc-trunk/buildg/lib/libCbc.so.0(_Z15CbcCrashHandleri+0x277) [0x2ac7b0879a4b]
/lib/x86_64-linux-gnu/libc.so.6(+0x33060) [0x2ac7b1633060]
/lib/x86_64-linux-gnu/libc.so.6(gsignal+0xcf) [0x2ac7b1632fff]
/lib/x86_64-linux-gnu/libc.so.6(abort+0x16a) [0x2ac7b163442a]
/home/sek519/warm_starting/vws/../vpc/lib/Cbc-trunk/buildg/lib/libCbc.so.0(_Z15CbcCrashHandleri+0x355) [0x2ac7b0879b29]
/lib/x86_64-linux-gnu/libc.so.6(+0x33060) [0x2ac7b1633060]
/lib/x86_64-linux-gnu/libc.so.6(gsignal+0xcf) [0x2ac7b1632fff]
/lib/x86_64-linux-gnu/libc.so.6(abort+0x16a) [0x2ac7b163442a]
/lib/x86_64-linux-gnu/libc.so.6(+0x2be67) [0x2ac7b162be67]
/lib/x86_64-linux-gnu/libc.so.6(+0x2bf12) [0x2ac7b162bf12]
../Debug/vws(+0x1b0427) [0x55826ad9b427]
../Debug/vws(+0x1fdd88) [0x55826ade8d88]
../Debug/vws(+0x10512c) [0x55826acf012c]
../Debug/vws(+0x103fb7) [0x55826aceefb7]
../Debug/vws(+0x127b00) [0x55826ad12b00]
../Debug/vws(+0x79d6a) [0x55826ac64d6a]
/lib/x86_64-linux-gnu/libc.so.6(__libc_start_main+0xf1) [0x2ac7b16202e1]
../Debug/vws(+0x79259) [0x55826ac64259]


/var/spool/torque/mom_priv/jobs/1216638.polyp1.ie.lehigh.edu.SC: line 4: 22650 Aborted                 ../Debug/vws ${INPUT_FOLDER} ${OUTPUT_FILE} ${MAX_TIME} ${GENERATOR} ${TERMS}
