Since we minimize, disjunctive dual bound should not be less than LP relaxation objective value.
vws: /home/sek519/warm_starting/vws/../vpc/src/utility/utility.cpp:651: void verify(bool, const std::string&): Assertion `false' failed.


ERROR while running Cbc. Signal SIGABRT caught. Getting stack trace.
/home/sek519/warm_starting/vws/../vpc/lib/Cbc-trunk/buildg/lib/libCbc.so.0(_Z15CbcCrashHandleri+0x277) [0x2b829f621a4b]
/lib/x86_64-linux-gnu/libc.so.6(+0x33060) [0x2b82a03db060]
/lib/x86_64-linux-gnu/libc.so.6(gsignal+0xcf) [0x2b82a03dafff]
/lib/x86_64-linux-gnu/libc.so.6(abort+0x16a) [0x2b82a03dc42a]
/lib/x86_64-linux-gnu/libc.so.6(+0x2be67) [0x2b82a03d3e67]
/lib/x86_64-linux-gnu/libc.so.6(+0x2bf12) [0x2b82a03d3f12]
../Debug/vws(+0x1b0427) [0x561be841e427]
../Debug/vws(+0x1fdd88) [0x561be846bd88]
../Debug/vws(+0x105bb8) [0x561be8373bb8]
../Debug/vws(+0x103f4c) [0x561be8371f4c]
../Debug/vws(+0x127b00) [0x561be8395b00]
../Debug/vws(+0x79d6a) [0x561be82e7d6a]
/lib/x86_64-linux-gnu/libc.so.6(__libc_start_main+0xf1) [0x2b82a03c82e1]
../Debug/vws(+0x79259) [0x561be82e7259]




ERROR while running Cbc. Signal SIGABRT caught. Getting stack trace.
/home/sek519/warm_starting/vws/../vpc/lib/Cbc-trunk/buildg/lib/libCbc.so.0(_Z15CbcCrashHandleri+0x277) [0x2b829f621a4b]
/lib/x86_64-linux-gnu/libc.so.6(+0x33060) [0x2b82a03db060]
/lib/x86_64-linux-gnu/libc.so.6(gsignal+0xcf) [0x2b82a03dafff]
/lib/x86_64-linux-gnu/libc.so.6(abort+0x16a) [0x2b82a03dc42a]
/home/sek519/warm_starting/vws/../vpc/lib/Cbc-trunk/buildg/lib/libCbc.so.0(_Z15CbcCrashHandleri+0x355) [0x2b829f621b29]
/lib/x86_64-linux-gnu/libc.so.6(+0x33060) [0x2b82a03db060]
/lib/x86_64-linux-gnu/libc.so.6(gsignal+0xcf) [0x2b82a03dafff]
/lib/x86_64-linux-gnu/libc.so.6(abort+0x16a) [0x2b82a03dc42a]
/lib/x86_64-linux-gnu/libc.so.6(+0x2be67) [0x2b82a03d3e67]
/lib/x86_64-linux-gnu/libc.so.6(+0x2bf12) [0x2b82a03d3f12]
../Debug/vws(+0x1b0427) [0x561be841e427]
../Debug/vws(+0x1fdd88) [0x561be846bd88]
../Debug/vws(+0x105bb8) [0x561be8373bb8]
../Debug/vws(+0x103f4c) [0x561be8371f4c]
../Debug/vws(+0x127b00) [0x561be8395b00]
../Debug/vws(+0x79d6a) [0x561be82e7d6a]
/lib/x86_64-linux-gnu/libc.so.6(__libc_start_main+0xf1) [0x2b82a03c82e1]
../Debug/vws(+0x79259) [0x561be82e7259]


/var/spool/torque/mom_priv/jobs/1216629.polyp1.ie.lehigh.edu.SC: line 4: 21802 Aborted                 ../Debug/vws ${INPUT_FOLDER} ${OUTPUT_FILE} ${MAX_TIME} ${GENERATOR} ${TERMS}
