*** WARNING (version #870a55a): /home/sek519/warm_starting/vws/../vpc/src/cut/PRLP.cpp:387: PRLP is primal infeasible; giving up on this point-ray collection.
Since we minimize, disjunctive dual bound should not be less than LP relaxation objective value.
vws: /home/sek519/warm_starting/vws/../vpc/src/utility/utility.cpp:651: void verify(bool, const std::string&): Assertion `false' failed.


ERROR while running Cbc. Signal SIGABRT caught. Getting stack trace.
/home/sek519/warm_starting/vws/../vpc/lib/Cbc-trunk/buildg/lib/libCbc.so.0(_Z15CbcCrashHandleri+0x277) [0x2b8df58c1a4b]
/lib/x86_64-linux-gnu/libc.so.6(+0x33060) [0x2b8df667b060]
/lib/x86_64-linux-gnu/libc.so.6(gsignal+0xcf) [0x2b8df667afff]
/lib/x86_64-linux-gnu/libc.so.6(abort+0x16a) [0x2b8df667c42a]
/lib/x86_64-linux-gnu/libc.so.6(+0x2be67) [0x2b8df6673e67]
/lib/x86_64-linux-gnu/libc.so.6(+0x2bf12) [0x2b8df6673f12]
../Debug/vws(+0x1b0427) [0x5619cfa93427]
../Debug/vws(+0x1fdd88) [0x5619cfae0d88]
../Debug/vws(+0x105bb8) [0x5619cf9e8bb8]
../Debug/vws(+0x103f4c) [0x5619cf9e6f4c]
../Debug/vws(+0x127b00) [0x5619cfa0ab00]
../Debug/vws(+0x79d6a) [0x5619cf95cd6a]
/lib/x86_64-linux-gnu/libc.so.6(__libc_start_main+0xf1) [0x2b8df66682e1]
../Debug/vws(+0x79259) [0x5619cf95c259]




ERROR while running Cbc. Signal SIGABRT caught. Getting stack trace.
/home/sek519/warm_starting/vws/../vpc/lib/Cbc-trunk/buildg/lib/libCbc.so.0(_Z15CbcCrashHandleri+0x277) [0x2b8df58c1a4b]
/lib/x86_64-linux-gnu/libc.so.6(+0x33060) [0x2b8df667b060]
/lib/x86_64-linux-gnu/libc.so.6(gsignal+0xcf) [0x2b8df667afff]
/lib/x86_64-linux-gnu/libc.so.6(abort+0x16a) [0x2b8df667c42a]
/home/sek519/warm_starting/vws/../vpc/lib/Cbc-trunk/buildg/lib/libCbc.so.0(_Z15CbcCrashHandleri+0x355) [0x2b8df58c1b29]
/lib/x86_64-linux-gnu/libc.so.6(+0x33060) [0x2b8df667b060]
/lib/x86_64-linux-gnu/libc.so.6(gsignal+0xcf) [0x2b8df667afff]
/lib/x86_64-linux-gnu/libc.so.6(abort+0x16a) [0x2b8df667c42a]
/lib/x86_64-linux-gnu/libc.so.6(+0x2be67) [0x2b8df6673e67]
/lib/x86_64-linux-gnu/libc.so.6(+0x2bf12) [0x2b8df6673f12]
../Debug/vws(+0x1b0427) [0x5619cfa93427]
../Debug/vws(+0x1fdd88) [0x5619cfae0d88]
../Debug/vws(+0x105bb8) [0x5619cf9e8bb8]
../Debug/vws(+0x103f4c) [0x5619cf9e6f4c]
../Debug/vws(+0x127b00) [0x5619cfa0ab00]
../Debug/vws(+0x79d6a) [0x5619cf95cd6a]
/lib/x86_64-linux-gnu/libc.so.6(__libc_start_main+0xf1) [0x2b8df66682e1]
../Debug/vws(+0x79259) [0x5619cf95c259]


/var/spool/torque/mom_priv/jobs/1216609.polyp1.ie.lehigh.edu.SC: line 4:  5225 Aborted                 (core dumped) ../Debug/vws ${INPUT_FOLDER} ${OUTPUT_FILE} ${MAX_TIME} ${GENERATOR} ${TERMS}
