Solver must be optimal to create disjunctive cuts
vws: /home/sek519/warm_starting/vws/../vpc/src/utility/utility.cpp:651: void verify(bool, const std::string&): Assertion `false' failed.


ERROR while running Cbc. Signal SIGABRT caught. Getting stack trace.
/home/sek519/warm_starting/vws/../vpc/lib/Cbc-trunk/buildg/lib/libCbc.so.0(_Z15CbcCrashHandleri+0x277) [0x2abf07dfca4b]
/lib/x86_64-linux-gnu/libc.so.6(+0x33060) [0x2abf08bb6060]
/lib/x86_64-linux-gnu/libc.so.6(gsignal+0xcf) [0x2abf08bb5fff]
/lib/x86_64-linux-gnu/libc.so.6(abort+0x16a) [0x2abf08bb742a]
/lib/x86_64-linux-gnu/libc.so.6(+0x2be67) [0x2abf08baee67]
/lib/x86_64-linux-gnu/libc.so.6(+0x2bf12) [0x2abf08baef12]
../Debug/vws(+0x1b0427) [0x55ea5e880427]
../Debug/vws(+0x104b1b) [0x55ea5e7d4b1b]
../Debug/vws(+0x103ee1) [0x55ea5e7d3ee1]
../Debug/vws(+0x127b00) [0x55ea5e7f7b00]
../Debug/vws(+0x79d6a) [0x55ea5e749d6a]
/lib/x86_64-linux-gnu/libc.so.6(__libc_start_main+0xf1) [0x2abf08ba32e1]
../Debug/vws(+0x79259) [0x55ea5e749259]




ERROR while running Cbc. Signal SIGABRT caught. Getting stack trace.
/home/sek519/warm_starting/vws/../vpc/lib/Cbc-trunk/buildg/lib/libCbc.so.0(_Z15CbcCrashHandleri+0x277) [0x2abf07dfca4b]
/lib/x86_64-linux-gnu/libc.so.6(+0x33060) [0x2abf08bb6060]
/lib/x86_64-linux-gnu/libc.so.6(gsignal+0xcf) [0x2abf08bb5fff]
/lib/x86_64-linux-gnu/libc.so.6(abort+0x16a) [0x2abf08bb742a]
/home/sek519/warm_starting/vws/../vpc/lib/Cbc-trunk/buildg/lib/libCbc.so.0(_Z15CbcCrashHandleri+0x355) [0x2abf07dfcb29]
/lib/x86_64-linux-gnu/libc.so.6(+0x33060) [0x2abf08bb6060]
/lib/x86_64-linux-gnu/libc.so.6(gsignal+0xcf) [0x2abf08bb5fff]
/lib/x86_64-linux-gnu/libc.so.6(abort+0x16a) [0x2abf08bb742a]
/lib/x86_64-linux-gnu/libc.so.6(+0x2be67) [0x2abf08baee67]
/lib/x86_64-linux-gnu/libc.so.6(+0x2bf12) [0x2abf08baef12]
../Debug/vws(+0x1b0427) [0x55ea5e880427]
../Debug/vws(+0x104b1b) [0x55ea5e7d4b1b]
../Debug/vws(+0x103ee1) [0x55ea5e7d3ee1]
../Debug/vws(+0x127b00) [0x55ea5e7f7b00]
../Debug/vws(+0x79d6a) [0x55ea5e749d6a]
/lib/x86_64-linux-gnu/libc.so.6(__libc_start_main+0xf1) [0x2abf08ba32e1]
../Debug/vws(+0x79259) [0x55ea5e749259]


/var/spool/torque/mom_priv/jobs/1217048.polyp1.ie.lehigh.edu.SC: line 4: 19912 Aborted                 (core dumped) ../Debug/vws ${INPUT_FOLDER} ${OUTPUT_FILE} ${MAX_TIME} ${GENERATOR} ${TERMS}
