*** WARNING (version #870a55a): /home/sek519/warm_starting/vws/../vpc/src/branch/VPCEventHandler.cpp:1258: Objective at parent node 1/8 (node id 0) is somewhat incorrect. During BB, it was 9048.787, now it is 8939.143.


ERROR while running Cbc. Signal SIGABRT caught. Getting stack trace.
/home/sek519/warm_starting/vws/../vpc/lib/Cbc-trunk/buildg/lib/libCbc.so.0(_Z15CbcCrashHandleri+0x277) [0x2aadd2d2fa4b]
/lib/x86_64-linux-gnu/libc.so.6(+0x33060) [0x2aadd3ae9060]
/lib/x86_64-linux-gnu/libc.so.6(gsignal+0xcf) [0x2aadd3ae8fff]
/lib/x86_64-linux-gnu/libc.so.6(abort+0x16a) [0x2aadd3aea42a]
/home/sek519/warm_starting/vws/../vpc/lib/Cbc-trunk/buildg/lib/libClp.so.0(_ZN18ClpSimplexProgress7loopingEv+0xc35) [0x2aadd32fd293]
/home/sek519/warm_starting/vws/../vpc/lib/Cbc-trunk/buildg/lib/libClp.so.0(_ZN14ClpSimplexDual21statusOfProblemInDualERiiPdR11ClpDataSavei+0x216d) [0x2aadd328dfe9]
/home/sek519/warm_starting/vws/../vpc/lib/Cbc-trunk/buildg/lib/libClp.so.0(_ZN14ClpSimplexDual10gutsOfDualEiRPdiR11ClpDataSave+0x41f) [0x2aadd327f8c7]
/home/sek519/warm_starting/vws/../vpc/lib/Cbc-trunk/buildg/lib/libClp.so.0(_ZN14ClpSimplexDual4dualEii+0x2e3) [0x2aadd328010d]
/home/sek519/warm_starting/vws/../vpc/lib/Cbc-trunk/buildg/lib/libClp.so.0(_ZN10ClpSimplex4dualEii+0x168) [0x2aadd325dcee]
/home/sek519/warm_starting/vws/../vpc/lib/Cbc-trunk/buildg/lib/libOsiClp.so.0(_ZN21OsiClpSolverInterface7resolveEv+0x1584) [0x2aadd29d45ac]
/home/sek519/warm_starting/vws/../vpc/lib/Cbc-trunk/buildg/lib/libCbc.so.0(_ZN8CbcModel7resolveEP18OsiSolverInterface+0x178) [0x2aadd2ce82a0]
/home/sek519/warm_starting/vws/../vpc/lib/Cbc-trunk/buildg/lib/libCbc.so.0(_ZN8CbcModel7resolveEP11CbcNodeInfoiPdS2_S2_+0xb49) [0x2aadd2cd9681]
/home/sek519/warm_starting/vws/../vpc/lib/Cbc-trunk/buildg/lib/libCbc.so.0(_ZN8CbcModel13solveWithCutsER7OsiCutsiP7CbcNode+0x55e) [0x2aadd2cd0102]
/home/sek519/warm_starting/vws/../vpc/lib/Cbc-trunk/buildg/lib/libCbc.so.0(_ZN8CbcModel9doOneNodeEPS_RP7CbcNodeS3_+0x1f9b) [0x2aadd2cefe6b]
/home/sek519/warm_starting/vws/../vpc/lib/Cbc-trunk/buildg/lib/libCbc.so.0(_ZN8CbcModel14branchAndBoundEi+0xe44d) [0x2aadd2cc1aab]
../Debug/vws(+0x104589) [0x559b2c385589]
../Debug/vws(+0x127b00) [0x559b2c3a8b00]
../Debug/vws(+0x79d6a) [0x559b2c2fad6a]
/lib/x86_64-linux-gnu/libc.so.6(__libc_start_main+0xf1) [0x2aadd3ad62e1]
../Debug/vws(+0x79259) [0x559b2c2fa259]




ERROR while running Cbc. Signal SIGABRT caught. Getting stack trace.
/home/sek519/warm_starting/vws/../vpc/lib/Cbc-trunk/buildg/lib/libCbc.so.0(_Z15CbcCrashHandleri+0x277) [0x2aadd2d2fa4b]
/lib/x86_64-linux-gnu/libc.so.6(+0x33060) [0x2aadd3ae9060]
/lib/x86_64-linux-gnu/libc.so.6(gsignal+0xcf) [0x2aadd3ae8fff]
/lib/x86_64-linux-gnu/libc.so.6(abort+0x16a) [0x2aadd3aea42a]
/home/sek519/warm_starting/vws/../vpc/lib/Cbc-trunk/buildg/lib/libCbc.so.0(_Z15CbcCrashHandleri+0x355) [0x2aadd2d2fb29]
/lib/x86_64-linux-gnu/libc.so.6(+0x33060) [0x2aadd3ae9060]
/lib/x86_64-linux-gnu/libc.so.6(gsignal+0xcf) [0x2aadd3ae8fff]
/lib/x86_64-linux-gnu/libc.so.6(abort+0x16a) [0x2aadd3aea42a]
/home/sek519/warm_starting/vws/../vpc/lib/Cbc-trunk/buildg/lib/libClp.so.0(_ZN18ClpSimplexProgress7loopingEv+0xc35) [0x2aadd32fd293]
/home/sek519/warm_starting/vws/../vpc/lib/Cbc-trunk/buildg/lib/libClp.so.0(_ZN14ClpSimplexDual21statusOfProblemInDualERiiPdR11ClpDataSavei+0x216d) [0x2aadd328dfe9]
/home/sek519/warm_starting/vws/../vpc/lib/Cbc-trunk/buildg/lib/libClp.so.0(_ZN14ClpSimplexDual10gutsOfDualEiRPdiR11ClpDataSave+0x41f) [0x2aadd327f8c7]
/home/sek519/warm_starting/vws/../vpc/lib/Cbc-trunk/buildg/lib/libClp.so.0(_ZN14ClpSimplexDual4dualEii+0x2e3) [0x2aadd328010d]
/home/sek519/warm_starting/vws/../vpc/lib/Cbc-trunk/buildg/lib/libClp.so.0(_ZN10ClpSimplex4dualEii+0x168) [0x2aadd325dcee]
/home/sek519/warm_starting/vws/../vpc/lib/Cbc-trunk/buildg/lib/libOsiClp.so.0(_ZN21OsiClpSolverInterface7resolveEv+0x1584) [0x2aadd29d45ac]
/home/sek519/warm_starting/vws/../vpc/lib/Cbc-trunk/buildg/lib/libCbc.so.0(_ZN8CbcModel7resolveEP18OsiSolverInterface+0x178) [0x2aadd2ce82a0]
/home/sek519/warm_starting/vws/../vpc/lib/Cbc-trunk/buildg/lib/libCbc.so.0(_ZN8CbcModel7resolveEP11CbcNodeInfoiPdS2_S2_+0xb49) [0x2aadd2cd9681]
/home/sek519/warm_starting/vws/../vpc/lib/Cbc-trunk/buildg/lib/libCbc.so.0(_ZN8CbcModel13solveWithCutsER7OsiCutsiP7CbcNode+0x55e) [0x2aadd2cd0102]
/home/sek519/warm_starting/vws/../vpc/lib/Cbc-trunk/buildg/lib/libCbc.so.0(_ZN8CbcModel9doOneNodeEPS_RP7CbcNodeS3_+0x1f9b) [0x2aadd2cefe6b]
/home/sek519/warm_starting/vws/../vpc/lib/Cbc-trunk/buildg/lib/libCbc.so.0(_ZN8CbcModel14branchAndBoundEi+0xe44d) [0x2aadd2cc1aab]
../Debug/vws(+0x104589) [0x559b2c385589]
../Debug/vws(+0x127b00) [0x559b2c3a8b00]
../Debug/vws(+0x79d6a) [0x559b2c2fad6a]
/lib/x86_64-linux-gnu/libc.so.6(__libc_start_main+0xf1) [0x2aadd3ad62e1]
../Debug/vws(+0x79259) [0x559b2c2fa259]


/var/spool/torque/mom_priv/jobs/1216992.polyp1.ie.lehigh.edu.SC: line 4: 26799 Aborted                 ../Debug/vws ${INPUT_FOLDER} ${OUTPUT_FILE} ${MAX_TIME} ${GENERATOR} ${TERMS}
