Solver must be optimal to create disjunctive cuts
vws: /home/sek519/warm_starting/vws/../vpc/src/utility/utility.cpp:651: void verify(bool, const std::string&): Assertion `false' failed.


ERROR while running Cbc. Signal SIGABRT caught. Getting stack trace.
/home/sek519/warm_starting/vws/../vpc/lib/Cbc-trunk/buildg/lib/libCbc.so.0(_Z15CbcCrashHandleri+0x277) [0x2b5b724f5a4b]
/lib/x86_64-linux-gnu/libc.so.6(+0x33060) [0x2b5b732af060]
/lib/x86_64-linux-gnu/libc.so.6(gsignal+0xcf) [0x2b5b732aefff]
/lib/x86_64-linux-gnu/libc.so.6(abort+0x16a) [0x2b5b732b042a]
/lib/x86_64-linux-gnu/libc.so.6(+0x2be67) [0x2b5b732a7e67]
/lib/x86_64-linux-gnu/libc.so.6(+0x2bf12) [0x2b5b732a7f12]
../Debug/vws(+0x1b0427) [0x56494b8c6427]
../Debug/vws(+0x105a87) [0x56494b81ba87]
../Debug/vws(+0x103f4c) [0x56494b819f4c]
../Debug/vws(+0x127b00) [0x56494b83db00]
../Debug/vws(+0x79d6a) [0x56494b78fd6a]
/lib/x86_64-linux-gnu/libc.so.6(__libc_start_main+0xf1) [0x2b5b7329c2e1]
../Debug/vws(+0x79259) [0x56494b78f259]




ERROR while running Cbc. Signal SIGABRT caught. Getting stack trace.
/home/sek519/warm_starting/vws/../vpc/lib/Cbc-trunk/buildg/lib/libCbc.so.0(_Z15CbcCrashHandleri+0x277) [0x2b5b724f5a4b]
/lib/x86_64-linux-gnu/libc.so.6(+0x33060) [0x2b5b732af060]
/lib/x86_64-linux-gnu/libc.so.6(gsignal+0xcf) [0x2b5b732aefff]
/lib/x86_64-linux-gnu/libc.so.6(abort+0x16a) [0x2b5b732b042a]
/home/sek519/warm_starting/vws/../vpc/lib/Cbc-trunk/buildg/lib/libCbc.so.0(_Z15CbcCrashHandleri+0x355) [0x2b5b724f5b29]
/lib/x86_64-linux-gnu/libc.so.6(+0x33060) [0x2b5b732af060]
/lib/x86_64-linux-gnu/libc.so.6(gsignal+0xcf) [0x2b5b732aefff]
/lib/x86_64-linux-gnu/libc.so.6(abort+0x16a) [0x2b5b732b042a]
/lib/x86_64-linux-gnu/libc.so.6(+0x2be67) [0x2b5b732a7e67]
/lib/x86_64-linux-gnu/libc.so.6(+0x2bf12) [0x2b5b732a7f12]
../Debug/vws(+0x1b0427) [0x56494b8c6427]
../Debug/vws(+0x105a87) [0x56494b81ba87]
../Debug/vws(+0x103f4c) [0x56494b819f4c]
../Debug/vws(+0x127b00) [0x56494b83db00]
../Debug/vws(+0x79d6a) [0x56494b78fd6a]
/lib/x86_64-linux-gnu/libc.so.6(__libc_start_main+0xf1) [0x2b5b7329c2e1]
../Debug/vws(+0x79259) [0x56494b78f259]


/var/spool/torque/mom_priv/jobs/1217033.polyp1.ie.lehigh.edu.SC: line 4: 12134 Aborted                 ../Debug/vws ${INPUT_FOLDER} ${OUTPUT_FILE} ${MAX_TIME} ${GENERATOR} ${TERMS}
