*** WARNING (version #870a55a): /home/sek519/warm_starting/vws/../vpc/src/branch/VPCEventHandler.cpp:1258: Objective at parent node 1/32 (node id 0) is somewhat incorrect. During BB, it was 136.890, now it is 135.355.
messed up a farkas cofficient
vws: /home/sek519/warm_starting/vws/../vpc/src/utility/utility.cpp:651: void verify(bool, const std::string&): Assertion `false' failed.


ERROR while running Cbc. Signal SIGABRT caught. Getting stack trace.
/home/sek519/warm_starting/vws/../vpc/lib/Cbc-trunk/buildg/lib/libCbc.so.0(_Z15CbcCrashHandleri+0x277) [0x2b250b0e7a4b]
/lib/x86_64-linux-gnu/libc.so.6(+0x33060) [0x2b250bea1060]
/lib/x86_64-linux-gnu/libc.so.6(gsignal+0xcf) [0x2b250bea0fff]
/lib/x86_64-linux-gnu/libc.so.6(abort+0x16a) [0x2b250bea242a]
/lib/x86_64-linux-gnu/libc.so.6(+0x2be67) [0x2b250be99e67]
/lib/x86_64-linux-gnu/libc.so.6(+0x2bf12) [0x2b250be99f12]
../Debug/vws(+0x1b0427) [0x559f12f5c427]
../Debug/vws(+0x133373) [0x559f12edf373]
../Debug/vws(+0x131b3a) [0x559f12eddb3a]
../Debug/vws(+0x1312e6) [0x559f12edd2e6]
../Debug/vws(+0x104daf) [0x559f12eb0daf]
../Debug/vws(+0x103ee1) [0x559f12eafee1]
../Debug/vws(+0x127b00) [0x559f12ed3b00]
../Debug/vws(+0x79d6a) [0x559f12e25d6a]
/lib/x86_64-linux-gnu/libc.so.6(__libc_start_main+0xf1) [0x2b250be8e2e1]
../Debug/vws(+0x79259) [0x559f12e25259]




ERROR while running Cbc. Signal SIGABRT caught. Getting stack trace.
/home/sek519/warm_starting/vws/../vpc/lib/Cbc-trunk/buildg/lib/libCbc.so.0(_Z15CbcCrashHandleri+0x277) [0x2b250b0e7a4b]
/lib/x86_64-linux-gnu/libc.so.6(+0x33060) [0x2b250bea1060]
/lib/x86_64-linux-gnu/libc.so.6(gsignal+0xcf) [0x2b250bea0fff]
/lib/x86_64-linux-gnu/libc.so.6(abort+0x16a) [0x2b250bea242a]
/home/sek519/warm_starting/vws/../vpc/lib/Cbc-trunk/buildg/lib/libCbc.so.0(_Z15CbcCrashHandleri+0x355) [0x2b250b0e7b29]
/lib/x86_64-linux-gnu/libc.so.6(+0x33060) [0x2b250bea1060]
/lib/x86_64-linux-gnu/libc.so.6(gsignal+0xcf) [0x2b250bea0fff]
/lib/x86_64-linux-gnu/libc.so.6(abort+0x16a) [0x2b250bea242a]
/lib/x86_64-linux-gnu/libc.so.6(+0x2be67) [0x2b250be99e67]
/lib/x86_64-linux-gnu/libc.so.6(+0x2bf12) [0x2b250be99f12]
../Debug/vws(+0x1b0427) [0x559f12f5c427]
../Debug/vws(+0x133373) [0x559f12edf373]
../Debug/vws(+0x131b3a) [0x559f12eddb3a]
../Debug/vws(+0x1312e6) [0x559f12edd2e6]
../Debug/vws(+0x104daf) [0x559f12eb0daf]
../Debug/vws(+0x103ee1) [0x559f12eafee1]
../Debug/vws(+0x127b00) [0x559f12ed3b00]
../Debug/vws(+0x79d6a) [0x559f12e25d6a]
/lib/x86_64-linux-gnu/libc.so.6(__libc_start_main+0xf1) [0x2b250be8e2e1]
../Debug/vws(+0x79259) [0x559f12e25259]


/var/spool/torque/mom_priv/jobs/1216864.polyp1.ie.lehigh.edu.SC: line 4: 10564 Aborted                 (core dumped) ../Debug/vws ${INPUT_FOLDER} ${OUTPUT_FILE} ${MAX_TIME} ${GENERATOR} ${TERMS}
