Solver must be optimal to create disjunctive cuts
vws: /home/sek519/warm_starting/vws/../vpc/src/utility/utility.cpp:651: void verify(bool, const std::string&): Assertion `false' failed.


ERROR while running Cbc. Signal SIGABRT caught. Getting stack trace.
/home/sek519/warm_starting/vws/../vpc/lib/Cbc-trunk/buildg/lib/libCbc.so.0(_Z15CbcCrashHandleri+0x277) [0x2adb1c232a4b]
/lib/x86_64-linux-gnu/libc.so.6(+0x33060) [0x2adb1cfec060]
/lib/x86_64-linux-gnu/libc.so.6(gsignal+0xcf) [0x2adb1cfebfff]
/lib/x86_64-linux-gnu/libc.so.6(abort+0x16a) [0x2adb1cfed42a]
/lib/x86_64-linux-gnu/libc.so.6(+0x2be67) [0x2adb1cfe4e67]
/lib/x86_64-linux-gnu/libc.so.6(+0x2bf12) [0x2adb1cfe4f12]
../Debug/vws(+0x1b0427) [0x558eba7c5427]
../Debug/vws(+0x104b1b) [0x558eba719b1b]
../Debug/vws(+0x103ee1) [0x558eba718ee1]
../Debug/vws(+0x127b00) [0x558eba73cb00]
../Debug/vws(+0x79d6a) [0x558eba68ed6a]
/lib/x86_64-linux-gnu/libc.so.6(__libc_start_main+0xf1) [0x2adb1cfd92e1]
../Debug/vws(+0x79259) [0x558eba68e259]




ERROR while running Cbc. Signal SIGABRT caught. Getting stack trace.
/home/sek519/warm_starting/vws/../vpc/lib/Cbc-trunk/buildg/lib/libCbc.so.0(_Z15CbcCrashHandleri+0x277) [0x2adb1c232a4b]
/lib/x86_64-linux-gnu/libc.so.6(+0x33060) [0x2adb1cfec060]
/lib/x86_64-linux-gnu/libc.so.6(gsignal+0xcf) [0x2adb1cfebfff]
/lib/x86_64-linux-gnu/libc.so.6(abort+0x16a) [0x2adb1cfed42a]
/home/sek519/warm_starting/vws/../vpc/lib/Cbc-trunk/buildg/lib/libCbc.so.0(_Z15CbcCrashHandleri+0x355) [0x2adb1c232b29]
/lib/x86_64-linux-gnu/libc.so.6(+0x33060) [0x2adb1cfec060]
/lib/x86_64-linux-gnu/libc.so.6(gsignal+0xcf) [0x2adb1cfebfff]
/lib/x86_64-linux-gnu/libc.so.6(abort+0x16a) [0x2adb1cfed42a]
/lib/x86_64-linux-gnu/libc.so.6(+0x2be67) [0x2adb1cfe4e67]
/lib/x86_64-linux-gnu/libc.so.6(+0x2bf12) [0x2adb1cfe4f12]
../Debug/vws(+0x1b0427) [0x558eba7c5427]
../Debug/vws(+0x104b1b) [0x558eba719b1b]
../Debug/vws(+0x103ee1) [0x558eba718ee1]
../Debug/vws(+0x127b00) [0x558eba73cb00]
../Debug/vws(+0x79d6a) [0x558eba68ed6a]
/lib/x86_64-linux-gnu/libc.so.6(__libc_start_main+0xf1) [0x2adb1cfd92e1]
../Debug/vws(+0x79259) [0x558eba68e259]


/var/spool/torque/mom_priv/jobs/1217028.polyp1.ie.lehigh.edu.SC: line 4: 31826 Aborted                 (core dumped) ../Debug/vws ${INPUT_FOLDER} ${OUTPUT_FILE} ${MAX_TIME} ${GENERATOR} ${TERMS}
