Solver must be optimal to create disjunctive cuts
vws: /home/sek519/warm_starting/vws/../vpc/src/utility/utility.cpp:651: void verify(bool, const std::string&): Assertion `false' failed.


ERROR while running Cbc. Signal SIGABRT caught. Getting stack trace.
/home/sek519/warm_starting/vws/../vpc/lib/Cbc-trunk/buildg/lib/libCbc.so.0(_Z15CbcCrashHandleri+0x277) [0x2b66ee2b4a4b]
/lib/x86_64-linux-gnu/libc.so.6(+0x33060) [0x2b66ef06e060]
/lib/x86_64-linux-gnu/libc.so.6(gsignal+0xcf) [0x2b66ef06dfff]
/lib/x86_64-linux-gnu/libc.so.6(abort+0x16a) [0x2b66ef06f42a]
/lib/x86_64-linux-gnu/libc.so.6(+0x2be67) [0x2b66ef066e67]
/lib/x86_64-linux-gnu/libc.so.6(+0x2bf12) [0x2b66ef066f12]
../Debug/vws(+0x1b0427) [0x55fd69e15427]
../Debug/vws(+0x105a87) [0x55fd69d6aa87]
../Debug/vws(+0x103f4c) [0x55fd69d68f4c]
../Debug/vws(+0x127b00) [0x55fd69d8cb00]
../Debug/vws(+0x79d6a) [0x55fd69cded6a]
/lib/x86_64-linux-gnu/libc.so.6(__libc_start_main+0xf1) [0x2b66ef05b2e1]
../Debug/vws(+0x79259) [0x55fd69cde259]




ERROR while running Cbc. Signal SIGABRT caught. Getting stack trace.
/home/sek519/warm_starting/vws/../vpc/lib/Cbc-trunk/buildg/lib/libCbc.so.0(_Z15CbcCrashHandleri+0x277) [0x2b66ee2b4a4b]
/lib/x86_64-linux-gnu/libc.so.6(+0x33060) [0x2b66ef06e060]
/lib/x86_64-linux-gnu/libc.so.6(gsignal+0xcf) [0x2b66ef06dfff]
/lib/x86_64-linux-gnu/libc.so.6(abort+0x16a) [0x2b66ef06f42a]
/home/sek519/warm_starting/vws/../vpc/lib/Cbc-trunk/buildg/lib/libCbc.so.0(_Z15CbcCrashHandleri+0x355) [0x2b66ee2b4b29]
/lib/x86_64-linux-gnu/libc.so.6(+0x33060) [0x2b66ef06e060]
/lib/x86_64-linux-gnu/libc.so.6(gsignal+0xcf) [0x2b66ef06dfff]
/lib/x86_64-linux-gnu/libc.so.6(abort+0x16a) [0x2b66ef06f42a]
/lib/x86_64-linux-gnu/libc.so.6(+0x2be67) [0x2b66ef066e67]
/lib/x86_64-linux-gnu/libc.so.6(+0x2bf12) [0x2b66ef066f12]
../Debug/vws(+0x1b0427) [0x55fd69e15427]
../Debug/vws(+0x105a87) [0x55fd69d6aa87]
../Debug/vws(+0x103f4c) [0x55fd69d68f4c]
../Debug/vws(+0x127b00) [0x55fd69d8cb00]
../Debug/vws(+0x79d6a) [0x55fd69cded6a]
/lib/x86_64-linux-gnu/libc.so.6(__libc_start_main+0xf1) [0x2b66ef05b2e1]
../Debug/vws(+0x79259) [0x55fd69cde259]


/var/spool/torque/mom_priv/jobs/1217065.polyp1.ie.lehigh.edu.SC: line 4: 19653 Aborted                 ../Debug/vws ${INPUT_FOLDER} ${OUTPUT_FILE} ${MAX_TIME} ${GENERATOR} ${TERMS}
