Calculated A_i . x = 415442.428740 instead of correct value of b_i = 415442.428740.
214: cut: 415442	calc: 415442	diff: 3.82483e-07
*** WARNING (version #29c91db): src/VwsUtility.cpp:280: Number of differences between true and calculated cuts: 1. Total difference: 3.82483e-07. Small enough difference that we will try to continue, but beware of numerical issues.
x:
x[0] = -0
x[1] = 0
x[2] = 258062
x[3] = 23.1463
x[4] = 0
x[5] = 0
x[6] = 2.12737e-15
x[7] = 0
x[8] = 0
x[9] = 0
x[10] = 0
x[11] = 0
x[12] = 0
x[13] = 0
x[14] = 0
x[15] = 0
x[16] = 0
x[17] = 27.36
x[18] = 0
x[19] = 0
x[20] = 0
x[21] = 0
x[22] = 0
x[23] = 27.9184
x[24] = 0
x[25] = 0
x[26] = 0
x[27] = 0
x[28] = 4.70053
x[29] = 0
x[30] = 0
x[31] = 0
x[32] = 0
x[33] = 430965
x[34] = 0
x[35] = 19.3272
x[36] = 0
x[37] = 413898
x[38] = 0
x[39] = 422345
x[40] = -0
x[41] = 1.77636e-15
x[42] = -0
x[43] = -0
x[44] = 0
x[45] = 0
x[46] = -0
x[47] = 0
x[48] = 0
x[49] = 0
x[50] = 0
x[51] = 0
x[52] = -0
x[53] = -0
x[54] = -0
x[55] = 0
x[56] = 0
x[57] = 0
x[58] = -0
x[59] = -0
x[60] = 0
x[61] = -0
x[62] = 22.8456
x[63] = -0
x[64] = -0
x[65] = 0
x[66] = 0
x[67] = -0
x[68] = 0
x[69] = -0
x[70] = 0
x[71] = 0
x[72] = 23.3119
x[73] = 0
x[74] = 0
x[75] = 0
x[76] = 0
x[77] = 23.7876
x[78] = 0
x[79] = 0
x[80] = 0
x[81] = -0
x[82] = -0
x[83] = 0
x[84] = -0
x[85] = -0
x[86] = -0
x[87] = -0
x[88] = -0
x[89] = -0
x[90] = 0
x[91] = 0
x[92] = -0
x[93] = 0
x[94] = -0
x[95] = 0
x[96] = -0
x[97] = -0
x[98] = -0
x[99] = -0
x[100] = -0
x[101] = -0
x[102] = 0
x[103] = 0
x[104] = -0
x[105] = -0
x[106] = 0
x[107] = -0
x[108] = -0
x[109] = 0
x[110] = -0
x[111] = -0
x[112] = 0
x[113] = -0
x[114] = -0
x[115] = -819543
x[116] = 0
x[117] = -0
x[118] = -0
x[119] = 0
x[120] = 0
x[121] = -0
x[122] = 0
x[123] = 0
x[124] = 0
x[125] = -0
x[126] = -0
x[127] = -0
x[128] = -0
x[129] = 0
x[130] = 0
x[131] = -0
x[132] = 0
x[133] = 0
x[134] = 1.42268e+10
x[135] = -0
x[136] = 0
x[137] = 0
x[138] = 0
x[139] = 430926
x[140] = 17066.7
x[141] = 8645.23
x[142] = 19.3272
x[143] = 413910
x[144] = 16725.4
x[145] = 422345
x[146] = 422358
x[147] = 8459.74
x[148] = 12.5847
x[149] = 0
x[150] = 8447.15
x[151] = 0
x[152] = 0
x[153] = 0
x[154] = 0
x[155] = 0
x[156] = 0
x[157] = 0
x[158] = 0
x[159] = 0
x[160] = 0
x[161] = 0
x[162] = 0
x[163] = 0
x[164] = 3.55271e-15
x[165] = 0
x[166] = 0
x[167] = 22.8456
x[168] = -7.10543e-15
x[169] = 22.8456
x[170] = 0
x[171] = 0.456913
x[172] = 0
x[173] = 0
x[174] = 0
x[175] = 0
x[176] = 0
x[177] = 0
x[178] = 0
x[179] = 0
x[180] = 0
x[181] = 0
x[182] = 7.10543e-15
x[183] = 0
x[184] = 0
x[185] = 23.3119
x[186] = 23.3119
x[187] = 0
x[188] = 7.10543e-15
x[189] = 0
x[190] = 0
x[191] = 2980.94
x[192] = 0
x[193] = 0
x[194] = 0
x[195] = 24.2539
x[196] = 3.55271e-15
x[197] = 23.7876
x[198] = 0
x[199] = 0
x[200] = 0
x[201] = 0
x[202] = 0
x[203] = 2980.94
x[204] = 0
x[205] = 0
x[206] = 0
x[207] = 0
x[208] = 0
x[209] = 0
x[210] = 0
x[211] = 0
x[212] = 0
x[213] = 0
x[214] = 0
x[215] = 0
x[216] = 0
x[217] = 0
x[218] = 0
x[219] = 0
x[220] = 0
x[221] = 0
x[222] = 0
x[223] = 0
x[224] = 0
x[225] = 0
x[226] = 0
x[227] = 0
x[228] = 0
x[229] = 0
x[230] = 0
x[231] = 0
x[232] = 0
x[233] = 0
x[234] = 0
x[235] = 0
x[236] = 0
x[237] = 0
x[238] = 0
x[239] = 0
x[240] = 0
x[241] = 0
x[242] = 0
x[243] = 0
x[244] = 0
x[245] = 0
x[246] = 0
x[247] = 0
x[248] = 0
x[249] = 0
x[250] = 0
x[251] = 0
x[252] = 0
x[253] = 0
x[254] = 0
x[255] = 0
x[256] = 0
x[257] = 0
x[258] = 0
x[259] = 0
x[260] = 0
x[261] = 0
x[262] = 0
x[263] = 0
x[264] = 0
x[265] = 0
x[266] = 0
x[267] = 0
x[268] = 0
x[269] = 0
x[270] = 0
x[271] = 0
x[272] = 0
x[273] = 0
x[274] = 0
x[275] = 0
x[276] = 0
x[277] = 0
x[278] = 0
x[279] = 0
x[280] = 0
x[281] = 0
x[282] = 0
x[283] = 0
x[284] = 0
x[285] = 0
x[286] = 0
x[287] = 0
x[288] = 0
x[289] = 0
x[290] = 0
x[291] = 0
x[292] = 0
x[293] = 0
x[294] = 0
x[295] = -388691
x[296] = 0
x[297] = 0
x[298] = 0
x[299] = 0
x[300] = 0
x[301] = 0
x[302] = 0
x[303] = 0
x[304] = 0
x[305] = 0
x[306] = 0
x[307] = 0
x[308] = 0
x[309] = 0
x[310] = 0
x[311] = 0
x[312] = 0
x[313] = 0
x[314] = 0
x[315] = 0
x[316] = 0
x[317] = 0
x[318] = 0
x[319] = 0
x[320] = 0
x[321] = 0
x[322] = 0
x[323] = 0
x[324] = 0
x[325] = 0
x[326] = 0
x[327] = 0
x[328] = 0
x[329] = 0
x[330] = 0
x[331] = 495686
x[332] = 505802
x[333] = 0
x[334] = 0
x[335] = 0
x[336] = 0
x[337] = -2.12737e-15
x[338] = 0
x[339] = 0
x[340] = 0
x[341] = 0
x[342] = 0
x[343] = 0
x[344] = 0
x[345] = 0
x[346] = 1.06581e-14
x[347] = 0
x[348] = 0
x[349] = 0
x[350] = 0
x[351] = 7.10543e-15
x[352] = 0
x[353] = 3642.84
x[354] = 0
x[355] = 0
x[356] = 8.88178e-16
x[357] = 0
x[358] = 0
x[359] = 0
x[360] = 2.91038e-11
x[361] = -7.10543e-15
x[362] = 0
x[363] = 0
x[364] = -2.12737e-15
x[365] = 0
x[366] = 0
x[367] = 0
x[368] = 0
x[369] = 0
x[370] = 0
x[371] = 0
x[372] = 0
x[373] = 0
x[374] = 0
x[375] = 1.06581e-14
x[376] = 0
x[377] = 0
x[378] = 0
x[379] = 0
x[380] = 0
x[381] = 7.10543e-15
x[382] = 0
x[383] = 3642.84
x[384] = 0
x[385] = 0
x[386] = 8.88178e-16
x[387] = 0
x[388] = 0
x[389] = 0
x[390] = 0
x[391] = 5.82077e-11
x[392] = 0
x[393] = 0
x[394] = 0
x[395] = -2.12737e-15
x[396] = 0
x[397] = 0
x[398] = 0
x[399] = 0
x[400] = 0
x[401] = 0
x[402] = 0
x[403] = 0
x[404] = 0
x[405] = 0
x[406] = 1.06581e-14
x[407] = 0
x[408] = 0
x[409] = 0
x[410] = 0
x[411] = 0
x[412] = 7.10543e-15
x[413] = 0
x[414] = 3642.84
x[415] = 0
x[416] = 0
x[417] = 1.77636e-15
x[418] = 0
x[419] = 0
x[420] = 0
x[421] = 0
b:
b[0] = 0
b[1] = 0
b[2] = 0
b[3] = 0
b[4] = 0
b[5] = 0.498355
b[6] = 6.60762
b[7] = 0
b[8] = 0
b[9] = 12.0864
b[10] = 0
b[11] = 0.488388
b[12] = 0
b[13] = 12.333
b[14] = 18.9406
b[15] = 12.8314
b[16] = 12.5847
b[17] = -23.931
b[18] = 0
b[19] = 0
b[20] = 0.246661
b[21] = 0
b[22] = 0
b[23] = 0
b[24] = 0
b[25] = 0
b[26] = 0
b[27] = 0
b[28] = 0
b[29] = 0
b[30] = 0
b[31] = 0
b[32] = 0
b[33] = 0
b[34] = 0
b[35] = 0
b[36] = 0
b[37] = 0
b[38] = 0
b[39] = 0
b[40] = 22.3887
b[41] = 0
b[42] = 0
b[43] = 0
b[44] = 0
b[45] = 0
b[46] = 0
b[47] = 0
b[48] = 22.3887
b[49] = 0
b[50] = 0
b[51] = 0
b[52] = -22.8456
b[53] = 0
b[54] = 0
b[55] = 0
b[56] = 0
b[57] = 0
b[58] = 0
b[59] = 0
b[60] = 0
b[61] = 0
b[62] = 0
b[63] = 0
b[64] = 0
b[65] = 0
b[66] = 0
b[67] = 0
b[68] = 0
b[69] = 0
b[70] = 22.8456
b[71] = 0
b[72] = -0.923151
b[73] = 0
b[74] = 0
b[75] = 0
b[76] = 0
b[77] = 22.8456
b[78] = 0
b[79] = 0
b[80] = 0
b[81] = 0
b[82] = 0
b[83] = 2980.94
b[84] = 0
b[85] = 0
b[86] = 0
b[87] = 23.3119
b[88] = 0
b[89] = -23.7876
b[90] = 0
b[91] = 0
b[92] = 23.3119
b[93] = 0
b[94] = 0
b[95] = 0
b[96] = 0
b[97] = 0
b[98] = 0
b[99] = 0
b[100] = 0
b[101] = 2980.94
b[102] = 0
b[103] = 0
b[104] = 0
b[105] = 0
b[106] = 0
b[107] = 0
b[108] = 0
b[109] = 0
b[110] = 0
b[111] = 0
b[112] = 0
b[113] = 0
b[114] = 0
b[115] = 0
b[116] = 0
b[117] = 0
b[118] = 0
b[119] = 0
b[120] = 0
b[121] = 0
b[122] = 0
b[123] = 0
b[124] = 0
b[125] = 0
b[126] = 0
b[127] = 0
b[128] = 0
b[129] = 0
b[130] = 0
b[131] = 0
b[132] = 0
b[133] = 0
b[134] = 0
b[135] = 0
b[136] = 0
b[137] = 0
b[138] = 0
b[139] = 0
b[140] = 0
b[141] = 0
b[142] = 0
b[143] = 0
b[144] = 0
b[145] = 0
b[146] = 0
b[147] = 0
b[148] = 0
b[149] = 0
b[150] = 0
b[151] = 0
b[152] = 0
b[153] = 0
b[154] = 0
b[155] = 0
b[156] = 0
b[157] = 0
b[158] = 0
b[159] = 0
b[160] = 0
b[161] = 0
b[162] = 0
b[163] = 0
b[164] = 0
b[165] = 0
b[166] = 0
b[167] = 0
b[168] = 0
b[169] = 0
b[170] = 0
b[171] = 0
b[172] = 0
b[173] = 0
b[174] = 0
b[175] = 0
b[176] = 0
b[177] = 0
b[178] = 0
b[179] = 0
b[180] = 0
b[181] = 0
b[182] = 0
b[183] = 0
b[184] = 0
b[185] = 0
b[186] = 0
b[187] = 0
b[188] = 0
b[189] = 0
b[190] = 0
b[191] = 0
b[192] = 0
b[193] = 0
b[194] = 0
b[195] = 0
b[196] = 0
b[197] = 0
b[198] = 0
b[199] = 0
b[200] = 0
b[201] = 0
b[202] = 0
b[203] = 0
b[204] = 0
b[205] = 0
b[206] = 0
b[207] = 0
b[208] = 0
b[209] = 0
b[210] = 0
b[211] = 0
b[212] = 0
b[213] = 0
b[214] = 415442
b[215] = 0
b[216] = 0
b[217] = 0
b[218] = 0
b[219] = 0
b[220] = 0
b[221] = 0
b[222] = 0
b[223] = 0
b[224] = 0
b[225] = 0
b[226] = 0
b[227] = 0
b[228] = 0
b[229] = 0
b[230] = 0
b[231] = 0
b[232] = 0
b[233] = 0
b[234] = 0
b[235] = 0
b[236] = 0
b[237] = 0
b[238] = 0
b[239] = 0
b[240] = -388691
b[241] = 0
b[242] = 0
b[243] = 0
b[244] = 0
b[245] = 0
b[246] = 0
b[247] = 0
b[248] = 0
b[249] = 0
b[250] = 0
b[251] = 0
b[252] = 0
b[253] = 0
b[254] = 0
b[255] = 0
b[256] = 0
b[257] = 0
b[258] = 0
b[259] = 0
b[260] = 0
b[261] = 0
b[262] = 0
b[263] = 0
b[264] = 0
b[265] = 0
b[266] = 0
b[267] = 0
b[268] = 0
b[269] = 0
b[270] = 0
b[271] = 0
b[272] = 0
b[273] = 0
b[274] = 0
b[275] = 0
b[276] = 0
b[277] = 0
b[278] = 0
b[279] = 0
b[280] = 0
b[281] = 0
b[282] = 0
b[283] = 0
b[284] = 0
b[285] = 0
b[286] = 0
b[287] = 0
b[288] = 0
b[289] = 0
b[290] = 0
b[291] = 0
b[292] = 0
b[293] = 0
b[294] = 0
b[295] = 0
b[296] = 0
b[297] = 0
b[298] = 0
b[299] = 0
b[300] = 0
b[301] = 0
b[302] = 0
b[303] = 0
b[304] = 0
b[305] = 0
b[306] = 0
b[307] = 0
b[308] = 0
b[309] = 0
b[310] = 0
b[311] = 0
b[312] = 0
b[313] = 0
b[314] = 0
b[315] = 0
b[316] = 0
b[317] = 0
b[318] = 0
b[319] = 0
b[320] = 0
b[321] = 0
b[322] = 0
b[323] = 0
b[324] = 0
b[325] = 0
b[326] = 0
b[327] = 0
b[328] = 0
b[329] = 258062
b[330] = 23.1463
b[331] = 0
b[332] = 0
b[333] = 0
b[334] = 0
b[335] = 0
b[336] = 0
b[337] = 0
b[338] = 0
b[339] = 0
b[340] = 0
b[341] = 0
b[342] = 0
b[343] = 0
b[344] = 27.36
b[345] = 0
b[346] = 0
b[347] = 0
b[348] = 0
b[349] = 0
b[350] = 27.9184
b[351] = 0
b[352] = 3642.84
b[353] = 0
b[354] = 0
b[355] = 4.70053
b[356] = 0
b[357] = 0
b[358] = 0
b[359] = 0
b[360] = 258062
b[361] = 46.2926
b[362] = 0
b[363] = 0
b[364] = 0
b[365] = 0
b[366] = 0
b[367] = 0
b[368] = 0
b[369] = 0
b[370] = 0
b[371] = 0
b[372] = 0
b[373] = 0
b[374] = 0
b[375] = 27.36
b[376] = 0
b[377] = 0
b[378] = 0
b[379] = 0
b[380] = 0
b[381] = 27.9184
b[382] = 0
b[383] = 3642.84
b[384] = 0
b[385] = 0
b[386] = 4.70053
b[387] = 0
b[388] = 0
b[389] = 0
b[390] = 0
b[391] = 516125
b[392] = 23.1463
b[393] = 0
b[394] = 0
b[395] = 0
b[396] = 0
b[397] = 0
b[398] = 0
b[399] = 0
b[400] = 0
b[401] = 0
b[402] = 0
b[403] = 0
b[404] = 0
b[405] = 0
b[406] = 27.36
b[407] = 0
b[408] = 0
b[409] = 0
b[410] = 0
b[411] = 0
b[412] = 27.9184
b[413] = 0
b[414] = 3642.84
b[415] = 0
b[416] = 0
b[417] = 14.1016
b[418] = 0
b[419] = 0
b[420] = 0
b[421] = 0
v:
v[0] = 0
v[1] = 0
v[2] = -0
v[3] = 0
v[4] = 258062
v[5] = 23.1463
v[6] = 0
v[7] = 0
v[8] = 2.12737e-15
v[9] = 0
v[10] = 0
v[11] = 0
v[12] = 0
v[13] = 0
v[14] = 0
v[15] = 0
v[16] = 0
v[17] = 0
v[18] = 0
v[19] = 27.36
v[20] = 0
v[21] = 0
v[22] = 0
v[23] = 0
v[24] = 0
v[25] = 27.9184
v[26] = 0
v[27] = 0
v[28] = 0
v[29] = 0
v[30] = 4.70053
v[31] = 0
v[32] = 0
v[33] = 0
v[34] = 0
v[35] = 430965
v[36] = 0
v[37] = 19.3272
v[38] = 0
v[39] = 413898
v[40] = 0
v[41] = 422345
v[42] = -0
v[43] = 1.77636e-15
v[44] = -0
v[45] = -0
v[46] = 0
v[47] = 0
v[48] = -0
v[49] = 0
v[50] = 0
v[51] = 0
v[52] = 0
v[53] = 0
v[54] = 0
v[55] = -0
v[56] = -0
v[57] = -0
v[58] = 0
v[59] = 0
v[60] = 0
v[61] = -0
v[62] = -0
v[63] = 0
v[64] = -0
v[65] = 22.8456
v[66] = -0
v[67] = -0
v[68] = 0
v[69] = 0
v[70] = -0
v[71] = 0
v[72] = 0
v[73] = -0
v[74] = 0
v[75] = 0
v[76] = 0
v[77] = 23.3119
v[78] = 0
v[79] = 0
v[80] = 0
v[81] = 0
v[82] = 0
v[83] = 0
v[84] = 0
v[85] = 0
v[86] = 0
v[87] = 23.7876
v[88] = 0
v[89] = 0
v[90] = 0
v[91] = 0
v[92] = -0
v[93] = -0
v[94] = 0
v[95] = 0
v[96] = 0
v[97] = 0
v[98] = 0
v[99] = 0
v[100] = 0
v[101] = 0
v[102] = 0
v[103] = 0
v[104] = 0
v[105] = 0
v[106] = 0
v[107] = 0
v[108] = -0
v[109] = 0
v[110] = 0
v[111] = -0
v[112] = -0
v[113] = -0
v[114] = 0
v[115] = 0
v[116] = -0
v[117] = 0
v[118] = 0
v[119] = 0
v[120] = 0
v[121] = 0
v[122] = -0
v[123] = 0
v[124] = 0
v[125] = 0
v[126] = 0
v[127] = 0
v[128] = 0
v[129] = 0
v[130] = -0
v[131] = 0
v[132] = 0
v[133] = -0
v[134] = 0
v[135] = 0
v[136] = 0
v[137] = 0
v[138] = -0
v[139] = -0
v[140] = 0
v[141] = -0
v[142] = 0
v[143] = 0
v[144] = 0
v[145] = 0
v[146] = 0
v[147] = 0
v[148] = 0
v[149] = 0
v[150] = 0
v[151] = -0
v[152] = 0
v[153] = 0
v[154] = -0
v[155] = 0
v[156] = 0
v[157] = 0
v[158] = 0
v[159] = 0
v[160] = 0
v[161] = -0
v[162] = 0
v[163] = 0
v[164] = 0
v[165] = 0
v[166] = 0
v[167] = 0
v[168] = 0
v[169] = -0
v[170] = 0
v[171] = 0
v[172] = 0
v[173] = 0
v[174] = 0
v[175] = 0
v[176] = 0
v[177] = 0
v[178] = 0
v[179] = -0
v[180] = 0
v[181] = 0
v[182] = 0
v[183] = 0
v[184] = 0
v[185] = 0
v[186] = 0
v[187] = 0
v[188] = 0
v[189] = 0
v[190] = 0
v[191] = -0
v[192] = 0
v[193] = -0
v[194] = 0
v[195] = 0
v[196] = -0
v[197] = -0
v[198] = 0
v[199] = 0
v[200] = 0
v[201] = -0
v[202] = 0
v[203] = 0
v[204] = -0
v[205] = 0
v[206] = 0
v[207] = -819543
v[208] = 0
v[209] = 0
v[210] = 0
v[211] = 0
v[212] = 0
v[213] = 0
v[214] = 0
v[215] = -0
v[216] = 0
v[217] = -0
v[218] = 0
v[219] = 0
v[220] = 0
v[221] = 0
v[222] = 0
v[223] = 0
v[224] = 0
v[225] = -0
v[226] = 0
v[227] = 0
v[228] = 0
v[229] = 0
v[230] = 0
v[231] = 0
v[232] = 0
v[233] = 0
v[234] = 0
v[235] = 0
v[236] = 0
v[237] = 0
v[238] = 0
v[239] = 0
v[240] = 0
v[241] = 0
v[242] = 0
v[243] = 0
v[244] = 0
v[245] = 0
v[246] = 0
v[247] = 0
v[248] = 0
v[249] = 0
v[250] = 0
v[251] = 0
v[252] = 0
v[253] = 0
v[254] = -0
v[255] = 0
v[256] = 0
v[257] = 0
v[258] = 0
v[259] = 0
v[260] = 0
v[261] = 0
v[262] = 0
v[263] = 0
v[264] = 0
v[265] = 0
v[266] = 0
v[267] = 0
v[268] = 0
v[269] = 0
v[270] = 0
v[271] = 0
v[272] = -0
v[273] = -0
v[274] = 0
v[275] = -0
v[276] = 0
v[277] = 0
v[278] = 0
v[279] = 0
v[280] = 0
v[281] = 0
v[282] = 0
v[283] = 0
v[284] = 0
v[285] = 0
v[286] = 0
v[287] = -0
v[288] = 0
v[289] = 0
v[290] = 0
v[291] = 0
v[292] = 0
v[293] = 0
v[294] = 1.42268e+10
v[295] = -0
v[296] = 0
v[297] = 0
v[298] = 0
v[299] = 0
v[300] = 430926
v[301] = 17066.7
v[302] = 8645.23
v[303] = 19.3272
v[304] = 0
v[305] = 413910
v[306] = 0
v[307] = 16725.4
v[308] = 422345
v[309] = 422358
v[310] = 0
v[311] = 8459.74
v[312] = 12.5847
v[313] = 0
v[314] = 0
v[315] = 0
v[316] = 8447.15
v[317] = 0
v[318] = 0
v[319] = 0
v[320] = 0
v[321] = 0
v[322] = 0
v[323] = 0
v[324] = 0
v[325] = 0
v[326] = 0
v[327] = 0
v[328] = 0
v[329] = 0
v[330] = 0
v[331] = 0
v[332] = 0
v[333] = 0
v[334] = 0
v[335] = 0
v[336] = 0
v[337] = 0
v[338] = 0
v[339] = 0
v[340] = 0
v[341] = 0
v[342] = 0
v[343] = 0
v[344] = 3.55271e-15
v[345] = 0
v[346] = 0
v[347] = 22.8456
v[348] = -7.10543e-15
v[349] = 22.8456
v[350] = 0
v[351] = 0
v[352] = 0.456913
v[353] = 0
v[354] = 0
v[355] = 0
v[356] = 0
v[357] = 0
v[358] = 0
v[359] = 0
v[360] = 0
v[361] = 0
v[362] = 0
v[363] = 0
v[364] = 0
v[365] = 0
v[366] = 7.10543e-15
v[367] = 0
v[368] = 0
v[369] = 23.3119
v[370] = 23.3119
v[371] = 0
v[372] = 0
v[373] = 7.10543e-15
v[374] = 0
v[375] = 0
v[376] = 0
v[377] = 0
v[378] = 0
v[379] = 2980.94
v[380] = 0
v[381] = 0
v[382] = 0
v[383] = 0
v[384] = 24.2539
v[385] = 3.55271e-15
v[386] = 23.7876
v[387] = 0
v[388] = 0
v[389] = 0
v[390] = 0
v[391] = 0
v[392] = 0
v[393] = 0
v[394] = 0
v[395] = 0
v[396] = 0
v[397] = 2980.94
v[398] = 0
v[399] = 0
v[400] = 0
v[401] = 0
v[402] = 0
v[403] = 0
v[404] = 0
v[405] = 0
v[406] = 0
v[407] = 0
v[408] = 0
v[409] = 0
v[410] = 0
v[411] = 0
v[412] = 0
v[413] = 0
v[414] = 0
v[415] = 0
v[416] = 0
v[417] = 0
v[418] = 0
v[419] = 0
v[420] = 0
v[421] = 0
v[422] = 0
v[423] = 0
v[424] = 0
v[425] = 0
v[426] = 0
v[427] = 0
v[428] = 0
v[429] = 0
v[430] = 0
v[431] = 0
v[432] = 0
v[433] = 0
v[434] = 0
v[435] = 0
v[436] = 0
v[437] = 0
v[438] = 0
v[439] = 0
v[440] = 0
v[441] = 0
v[442] = 0
v[443] = 0
v[444] = 0
v[445] = 0
v[446] = 0
v[447] = 0
v[448] = 0
v[449] = 0
v[450] = 0
v[451] = 0
v[452] = 0
v[453] = 0
v[454] = 0
v[455] = 0
v[456] = 0
v[457] = 0
v[458] = 0
v[459] = 0
v[460] = 0
v[461] = 0
v[462] = 0
v[463] = 0
v[464] = 0
v[465] = 0
v[466] = 0
v[467] = 0
v[468] = 0
v[469] = 0
v[470] = 0
v[471] = 0
v[472] = 0
v[473] = 0
v[474] = 0
v[475] = 0
v[476] = 0
v[477] = 0
v[478] = 0
v[479] = 0
v[480] = 0
v[481] = 0
v[482] = 0
v[483] = 0
v[484] = 0
v[485] = 0
v[486] = 0
v[487] = 0
v[488] = 0
v[489] = 0
v[490] = 0
v[491] = 0
v[492] = 0
v[493] = 0
v[494] = 0
v[495] = 0
v[496] = 0
v[497] = 0
v[498] = 0
v[499] = 0
v[500] = 0
v[501] = 0
v[502] = 0
v[503] = 0
v[504] = 0
v[505] = 0
v[506] = 0
v[507] = 0
v[508] = 0
v[509] = 0
v[510] = 0
v[511] = 0
v[512] = 0
v[513] = 0
v[514] = 0
v[515] = 0
v[516] = 0
v[517] = 0
v[518] = 0
v[519] = 0
v[520] = 0
v[521] = 0
v[522] = 0
v[523] = 0
v[524] = 0
v[525] = 0
v[526] = 0
v[527] = 0
v[528] = 0
v[529] = 0
v[530] = 0
v[531] = 0
v[532] = 0
v[533] = 0
v[534] = 0
v[535] = 0
v[536] = -388691
v[537] = 0
v[538] = 0
v[539] = 0
v[540] = 0
v[541] = 0
v[542] = 0
v[543] = 0
v[544] = 0
v[545] = 0
v[546] = 0
v[547] = 0
v[548] = 0
v[549] = 0
v[550] = 0
v[551] = 0
v[552] = 0
v[553] = 0
v[554] = 0
v[555] = 0
v[556] = 0
v[557] = 0
v[558] = 0
v[559] = 0
v[560] = 0
v[561] = 0
v[562] = 0
v[563] = 0
v[564] = 0
v[565] = 0
v[566] = 0
v[567] = 0
v[568] = 0
v[569] = 0
v[570] = 0
v[571] = 0
v[572] = 0
v[573] = 0
v[574] = 0
v[575] = 0
v[576] = 0
v[577] = 0
v[578] = 0
v[579] = 0
v[580] = 0
v[581] = 0
v[582] = 0
v[583] = 0
v[584] = 0
v[585] = 0
v[586] = 0
v[587] = 0
v[588] = 0
v[589] = 0
v[590] = 0
v[591] = 0
v[592] = 0
v[593] = 0
v[594] = 0
v[595] = 0
v[596] = 495686
v[597] = 505802
v[598] = 0
v[599] = 0
v[600] = 0
v[601] = 0
v[602] = 0
v[603] = 0
v[604] = 0
v[605] = 0
v[606] = 0
v[607] = 0
v[608] = 0
v[609] = 0
v[610] = 0
v[611] = 0
v[612] = 0
v[613] = 0
v[614] = 0
v[615] = 0
v[616] = 0
v[617] = 0
v[618] = 0
v[619] = 0
v[620] = 0
v[621] = 0
v[622] = 0
v[623] = 0
v[624] = 0
v[625] = 0
v[626] = 0
v[627] = 0
v[628] = 0
v[629] = -2.12737e-15
v[630] = 0
v[631] = 0
v[632] = 0
v[633] = 0
v[634] = 0
v[635] = 0
v[636] = 0
v[637] = 0
v[638] = 0
v[639] = 0
v[640] = 1.06581e-14
v[641] = 0
v[642] = 0
v[643] = 0
v[644] = 0
v[645] = 0
v[646] = 7.10543e-15
v[647] = 0
v[648] = 3642.84
v[649] = 0
v[650] = 0
v[651] = 8.88178e-16
v[652] = 0
v[653] = 0
v[654] = 0
v[655] = 0
v[656] = 2.91038e-11
v[657] = -7.10543e-15
v[658] = 0
v[659] = 0
v[660] = -2.12737e-15
v[661] = 0
v[662] = 0
v[663] = 0
v[664] = 0
v[665] = 0
v[666] = 0
v[667] = 0
v[668] = 0
v[669] = 0
v[670] = 0
v[671] = 1.06581e-14
v[672] = 0
v[673] = 0
v[674] = 0
v[675] = 0
v[676] = 0
v[677] = 7.10543e-15
v[678] = 0
v[679] = 3642.84
v[680] = 0
v[681] = 0
v[682] = 8.88178e-16
v[683] = 0
v[684] = 0
v[685] = 0
v[686] = 0
v[687] = 5.82077e-11
v[688] = 0
v[689] = 0
v[690] = 0
v[691] = -2.12737e-15
v[692] = 0
v[693] = 0
v[694] = 0
v[695] = 0
v[696] = 0
v[697] = 0
v[698] = 0
v[699] = 0
v[700] = 0
v[701] = 0
v[702] = 1.06581e-14
v[703] = 0
v[704] = 0
v[705] = 0
v[706] = 0
v[707] = 0
v[708] = 7.10543e-15
v[709] = 0
v[710] = 3642.84
v[711] = 0
v[712] = 0
v[713] = 1.77636e-15
v[714] = 0
v[715] = 0
v[716] = 0
v[717] = 0
Calculated A_i . x = 415442.428740 instead of correct value of b_i = 415442.428740.
214: cut: 415442	calc: 415442	diff: 3.82483e-07
*** WARNING (version #29c91db): src/VwsUtility.cpp:280: Number of differences between true and calculated cuts: 1. Total difference: 3.82483e-07. Small enough difference that we will try to continue, but beware of numerical issues.
x:
x[0] = -0
x[1] = 0
x[2] = 258062
x[3] = 23.1463
x[4] = 0
x[5] = 0
x[6] = 2.12737e-15
x[7] = 0
x[8] = 0
x[9] = 0
x[10] = 0
x[11] = 0
x[12] = 0
x[13] = 0
x[14] = 0
x[15] = 0
x[16] = 0
x[17] = 27.36
x[18] = 0
x[19] = 0
x[20] = 0
x[21] = 0
x[22] = 0
x[23] = 27.9184
x[24] = 0
x[25] = 0
x[26] = 0
x[27] = 0
x[28] = 4.70053
x[29] = 0
x[30] = 0
x[31] = 0
x[32] = 0
x[33] = 430965
x[34] = 0
x[35] = 19.3272
x[36] = 0
x[37] = 413898
x[38] = 0
x[39] = 422345
x[40] = -0
x[41] = 1.77636e-15
x[42] = -0
x[43] = 0
x[44] = 0
x[45] = 0
x[46] = -0
x[47] = 0
x[48] = 0
x[49] = 0
x[50] = 0
x[51] = 0
x[52] = -0
x[53] = -0
x[54] = -0
x[55] = 0
x[56] = 0
x[57] = 0
x[58] = -0
x[59] = -0
x[60] = 0
x[61] = -0
x[62] = 22.8456
x[63] = -0
x[64] = -0
x[65] = 0
x[66] = 0
x[67] = -0
x[68] = 0
x[69] = -0
x[70] = 0
x[71] = 0
x[72] = 23.3119
x[73] = 0
x[74] = 0
x[75] = 0
x[76] = 0
x[77] = 23.7876
x[78] = 0
x[79] = 0
x[80] = 0
x[81] = -0
x[82] = -0
x[83] = 0
x[84] = -0
x[85] = -0
x[86] = -0
x[87] = -0
x[88] = -0
x[89] = 0
x[90] = -0
x[91] = -0
x[92] = 0
x[93] = -0
x[94] = 0
x[95] = -0
x[96] = -0
x[97] = -0
x[98] = -0
x[99] = -0
x[100] = -0
x[101] = 0
x[102] = 0
x[103] = -0
x[104] = -0
x[105] = 0
x[106] = -0
x[107] = -0
x[108] = 0
x[109] = -0
x[110] = -0
x[111] = 0
x[112] = -0
x[113] = -0
x[114] = -819543
x[115] = 0
x[116] = -0
x[117] = -0
x[118] = 0
x[119] = -0
x[120] = 0
x[121] = 0
x[122] = 0
x[123] = -0
x[124] = -0
x[125] = -0
x[126] = -0
x[127] = 0
x[128] = 0
x[129] = -0
x[130] = 0
x[131] = 0
x[132] = 1.42268e+10
x[133] = 0
x[134] = 0
x[135] = 0
x[136] = 0
x[137] = 430926
x[138] = 17066.7
x[139] = 8645.23
x[140] = 19.3272
x[141] = 413910
x[142] = 16725.4
x[143] = 422345
x[144] = 422358
x[145] = 8459.74
x[146] = 12.5847
x[147] = 0
x[148] = 8447.15
x[149] = 0
x[150] = 0
x[151] = 0
x[152] = 0
x[153] = 0
x[154] = 0
x[155] = 0
x[156] = 0
x[157] = 0
x[158] = 0
x[159] = 0
x[160] = 0
x[161] = 0
x[162] = 0
x[163] = 3.55271e-15
x[164] = 0
x[165] = 0
x[166] = 22.8456
x[167] = -7.10543e-15
x[168] = 22.8456
x[169] = 0
x[170] = 0.456913
x[171] = 0
x[172] = 0
x[173] = 0
x[174] = 0
x[175] = 0
x[176] = 0
x[177] = 0
x[178] = 0
x[179] = 0
x[180] = 0
x[181] = 7.10543e-15
x[182] = 0
x[183] = 0
x[184] = 23.3119
x[185] = 23.3119
x[186] = 0
x[187] = 7.10543e-15
x[188] = 0
x[189] = 0
x[190] = 2980.94
x[191] = 0
x[192] = 0
x[193] = 0
x[194] = 24.2539
x[195] = 3.55271e-15
x[196] = 23.7876
x[197] = 0
x[198] = 0
x[199] = 0
x[200] = 0
x[201] = 0
x[202] = 2980.94
x[203] = 0
x[204] = 0
x[205] = 0
x[206] = 0
x[207] = 0
x[208] = 0
x[209] = 0
x[210] = 0
x[211] = 0
x[212] = 0
x[213] = 0
x[214] = 0
x[215] = 0
x[216] = 0
x[217] = 0
x[218] = 0
x[219] = 0
x[220] = 0
x[221] = 0
x[222] = 0
x[223] = 0
x[224] = 0
x[225] = 0
x[226] = 0
x[227] = 0
x[228] = 0
x[229] = 0
x[230] = 0
x[231] = 0
x[232] = 0
x[233] = 0
x[234] = 0
x[235] = 0
x[236] = 0
x[237] = 0
x[238] = 0
x[239] = 0
x[240] = 0
x[241] = 0
x[242] = 0
x[243] = 0
x[244] = 0
x[245] = 0
x[246] = 0
x[247] = 0
x[248] = 0
x[249] = 0
x[250] = 0
x[251] = 0
x[252] = 0
x[253] = 0
x[254] = 0
x[255] = 0
x[256] = 0
x[257] = 0
x[258] = 0
x[259] = 0
x[260] = 0
x[261] = 0
x[262] = 0
x[263] = 0
x[264] = 0
x[265] = 0
x[266] = 0
x[267] = 0
x[268] = 0
x[269] = 0
x[270] = 0
x[271] = 0
x[272] = 0
x[273] = 0
x[274] = 0
x[275] = 0
x[276] = 0
x[277] = 0
x[278] = 0
x[279] = 0
x[280] = 0
x[281] = 0
x[282] = 0
x[283] = 0
x[284] = 0
x[285] = 0
x[286] = 0
x[287] = 0
x[288] = 0
x[289] = 0
x[290] = 0
x[291] = 0
x[292] = 0
x[293] = 0
x[294] = 0
x[295] = -388691
x[296] = 0
x[297] = 0
x[298] = 0
x[299] = 0
x[300] = 0
x[301] = 0
x[302] = 0
x[303] = 0
x[304] = 0
x[305] = 0
x[306] = 0
x[307] = 0
x[308] = 0
x[309] = 0
x[310] = 0
x[311] = 0
x[312] = 0
x[313] = 0
x[314] = 0
x[315] = 0
x[316] = 0
x[317] = 0
x[318] = 0
x[319] = 0
x[320] = 0
x[321] = 0
x[322] = 0
x[323] = 0
x[324] = 0
x[325] = 0
x[326] = 0
x[327] = 0
x[328] = 0
x[329] = 0
x[330] = 0
x[331] = 495686
x[332] = 505802
x[333] = 0
x[334] = 0
x[335] = 0
x[336] = 0
x[337] = -2.12737e-15
x[338] = 0
x[339] = 0
x[340] = 0
x[341] = 0
x[342] = 0
x[343] = 0
x[344] = 0
x[345] = 0
x[346] = 1.06581e-14
x[347] = 0
x[348] = 0
x[349] = 0
x[350] = 0
x[351] = 7.10543e-15
x[352] = 0
x[353] = 3642.84
x[354] = 0
x[355] = 0
x[356] = 8.88178e-16
x[357] = 0
x[358] = 0
x[359] = 0
x[360] = 2.91038e-11
x[361] = -7.10543e-15
x[362] = 0
x[363] = 0
x[364] = -2.12737e-15
x[365] = 0
x[366] = 0
x[367] = 0
x[368] = 0
x[369] = 0
x[370] = 0
x[371] = 0
x[372] = 0
x[373] = 0
x[374] = 0
x[375] = 1.06581e-14
x[376] = 0
x[377] = 0
x[378] = 0
x[379] = 0
x[380] = 0
x[381] = 7.10543e-15
x[382] = 0
x[383] = 3642.84
x[384] = 0
x[385] = 0
x[386] = 8.88178e-16
x[387] = 0
x[388] = 0
x[389] = 0
x[390] = 0
x[391] = 5.82077e-11
x[392] = 0
x[393] = 0
x[394] = 0
x[395] = -2.12737e-15
x[396] = 0
x[397] = 0
x[398] = 0
x[399] = 0
x[400] = 0
x[401] = 0
x[402] = 0
x[403] = 0
x[404] = 0
x[405] = 0
x[406] = 1.06581e-14
x[407] = 0
x[408] = 0
x[409] = 0
x[410] = 0
x[411] = 0
x[412] = 7.10543e-15
x[413] = 0
x[414] = 3642.84
x[415] = 0
x[416] = 0
x[417] = 1.77636e-15
x[418] = 0
x[419] = 0
x[420] = 0
x[421] = 0
b:
b[0] = 0
b[1] = 0
b[2] = 0
b[3] = 0
b[4] = 0
b[5] = 0.498355
b[6] = 6.60762
b[7] = 0
b[8] = 0
b[9] = 12.0864
b[10] = 0
b[11] = 0.488388
b[12] = 0
b[13] = 12.333
b[14] = 18.9406
b[15] = 12.8314
b[16] = 12.5847
b[17] = -23.931
b[18] = 0
b[19] = 0
b[20] = 0.246661
b[21] = 0
b[22] = 0
b[23] = 0
b[24] = 0
b[25] = 0
b[26] = 0
b[27] = 0
b[28] = 0
b[29] = 0
b[30] = 0
b[31] = 0
b[32] = 0
b[33] = 0
b[34] = 0
b[35] = 0
b[36] = 0
b[37] = 0
b[38] = 0
b[39] = 0
b[40] = 22.3887
b[41] = 0
b[42] = 0
b[43] = 0
b[44] = 0
b[45] = 0
b[46] = 0
b[47] = 0
b[48] = 22.3887
b[49] = 0
b[50] = 0
b[51] = 0
b[52] = -22.8456
b[53] = 0
b[54] = 0
b[55] = 0
b[56] = 0
b[57] = 0
b[58] = 0
b[59] = 0
b[60] = 0
b[61] = 0
b[62] = 0
b[63] = 0
b[64] = 0
b[65] = 0
b[66] = 0
b[67] = 0
b[68] = 0
b[69] = 0
b[70] = 22.8456
b[71] = 0
b[72] = -0.923151
b[73] = 0
b[74] = 0
b[75] = 0
b[76] = 0
b[77] = 22.8456
b[78] = 0
b[79] = 0
b[80] = 0
b[81] = 0
b[82] = 0
b[83] = 2980.94
b[84] = 0
b[85] = 0
b[86] = 0
b[87] = 23.3119
b[88] = 0
b[89] = -23.7876
b[90] = 0
b[91] = 0
b[92] = 23.3119
b[93] = 0
b[94] = 0
b[95] = 0
b[96] = 0
b[97] = 0
b[98] = 0
b[99] = 0
b[100] = 0
b[101] = 2980.94
b[102] = 0
b[103] = 0
b[104] = 0
b[105] = 0
b[106] = 0
b[107] = 0
b[108] = 0
b[109] = 0
b[110] = 0
b[111] = 0
b[112] = 0
b[113] = 0
b[114] = 0
b[115] = 0
b[116] = 0
b[117] = 0
b[118] = 0
b[119] = 0
b[120] = 0
b[121] = 0
b[122] = 0
b[123] = 0
b[124] = 0
b[125] = 0
b[126] = 0
b[127] = 0
b[128] = 0
b[129] = 0
b[130] = 0
b[131] = 0
b[132] = 0
b[133] = 0
b[134] = 0
b[135] = 0
b[136] = 0
b[137] = 0
b[138] = 0
b[139] = 0
b[140] = 0
b[141] = 0
b[142] = 0
b[143] = 0
b[144] = 0
b[145] = 0
b[146] = 0
b[147] = 0
b[148] = 0
b[149] = 0
b[150] = 0
b[151] = 0
b[152] = 0
b[153] = 0
b[154] = 0
b[155] = 0
b[156] = 0
b[157] = 0
b[158] = 0
b[159] = 0
b[160] = 0
b[161] = 0
b[162] = 0
b[163] = 0
b[164] = 0
b[165] = 0
b[166] = 0
b[167] = 0
b[168] = 0
b[169] = 0
b[170] = 0
b[171] = 0
b[172] = 0
b[173] = 0
b[174] = 0
b[175] = 0
b[176] = 0
b[177] = 0
b[178] = 0
b[179] = 0
b[180] = 0
b[181] = 0
b[182] = 0
b[183] = 0
b[184] = 0
b[185] = 0
b[186] = 0
b[187] = 0
b[188] = 0
b[189] = 0
b[190] = 0
b[191] = 0
b[192] = 0
b[193] = 0
b[194] = 0
b[195] = 0
b[196] = 0
b[197] = 0
b[198] = 0
b[199] = 0
b[200] = 0
b[201] = 0
b[202] = 0
b[203] = 0
b[204] = 0
b[205] = 0
b[206] = 0
b[207] = 0
b[208] = 0
b[209] = 0
b[210] = 0
b[211] = 0
b[212] = 0
b[213] = 0
b[214] = 415442
b[215] = 0
b[216] = 0
b[217] = 0
b[218] = 0
b[219] = 0
b[220] = 0
b[221] = 0
b[222] = 0
b[223] = 0
b[224] = 0
b[225] = 0
b[226] = 0
b[227] = 0
b[228] = 0
b[229] = 0
b[230] = 0
b[231] = 0
b[232] = 0
b[233] = 0
b[234] = 0
b[235] = 0
b[236] = 0
b[237] = 0
b[238] = 0
b[239] = 0
b[240] = -388691
b[241] = 0
b[242] = 0
b[243] = 0
b[244] = 0
b[245] = 0
b[246] = 0
b[247] = 0
b[248] = 0
b[249] = 0
b[250] = 0
b[251] = 0
b[252] = 0
b[253] = 0
b[254] = 0
b[255] = 0
b[256] = 0
b[257] = 0
b[258] = 0
b[259] = 0
b[260] = 0
b[261] = 0
b[262] = 0
b[263] = 0
b[264] = 0
b[265] = 0
b[266] = 0
b[267] = 0
b[268] = 0
b[269] = 0
b[270] = 0
b[271] = 0
b[272] = 0
b[273] = 0
b[274] = 0
b[275] = 0
b[276] = 0
b[277] = 0
b[278] = 0
b[279] = 0
b[280] = 0
b[281] = 0
b[282] = 0
b[283] = 0
b[284] = 0
b[285] = 0
b[286] = 0
b[287] = 0
b[288] = 0
b[289] = 0
b[290] = 0
b[291] = 0
b[292] = 0
b[293] = 0
b[294] = 0
b[295] = 0
b[296] = 0
b[297] = 0
b[298] = 0
b[299] = 0
b[300] = 0
b[301] = 0
b[302] = 0
b[303] = 0
b[304] = 0
b[305] = 0
b[306] = 0
b[307] = 0
b[308] = 0
b[309] = 0
b[310] = 0
b[311] = 0
b[312] = 0
b[313] = 0
b[314] = 0
b[315] = 0
b[316] = 0
b[317] = 0
b[318] = 0
b[319] = 0
b[320] = 0
b[321] = 0
b[322] = 0
b[323] = 0
b[324] = 0
b[325] = 0
b[326] = 0
b[327] = 0
b[328] = 0
b[329] = 258062
b[330] = 23.1463
b[331] = 0
b[332] = 0
b[333] = 0
b[334] = 0
b[335] = 0
b[336] = 0
b[337] = 0
b[338] = 0
b[339] = 0
b[340] = 0
b[341] = 0
b[342] = 0
b[343] = 0
b[344] = 27.36
b[345] = 0
b[346] = 0
b[347] = 0
b[348] = 0
b[349] = 0
b[350] = 27.9184
b[351] = 0
b[352] = 3642.84
b[353] = 0
b[354] = 0
b[355] = 4.70053
b[356] = 0
b[357] = 0
b[358] = 0
b[359] = 0
b[360] = 258062
b[361] = 46.2926
b[362] = 0
b[363] = 0
b[364] = 0
b[365] = 0
b[366] = 0
b[367] = 0
b[368] = 0
b[369] = 0
b[370] = 0
b[371] = 0
b[372] = 0
b[373] = 0
b[374] = 0
b[375] = 27.36
b[376] = 0
b[377] = 0
b[378] = 0
b[379] = 0
b[380] = 0
b[381] = 27.9184
b[382] = 0
b[383] = 3642.84
b[384] = 0
b[385] = 0
b[386] = 4.70053
b[387] = 0
b[388] = 0
b[389] = 0
b[390] = 0
b[391] = 516125
b[392] = 23.1463
b[393] = 0
b[394] = 0
b[395] = 0
b[396] = 0
b[397] = 0
b[398] = 0
b[399] = 0
b[400] = 0
b[401] = 0
b[402] = 0
b[403] = 0
b[404] = 0
b[405] = 0
b[406] = 27.36
b[407] = 0
b[408] = 0
b[409] = 0
b[410] = 0
b[411] = 0
b[412] = 27.9184
b[413] = 0
b[414] = 3642.84
b[415] = 0
b[416] = 0
b[417] = 14.1016
b[418] = 0
b[419] = 0
b[420] = 0
b[421] = 0
v:
v[0] = 0
v[1] = 0
v[2] = -0
v[3] = 0
v[4] = 258062
v[5] = 23.1463
v[6] = 0
v[7] = 0
v[8] = 2.12737e-15
v[9] = 0
v[10] = 0
v[11] = 0
v[12] = 0
v[13] = 0
v[14] = 0
v[15] = 0
v[16] = 0
v[17] = 0
v[18] = 0
v[19] = 27.36
v[20] = 0
v[21] = 0
v[22] = 0
v[23] = 0
v[24] = 0
v[25] = 27.9184
v[26] = 0
v[27] = 0
v[28] = 0
v[29] = 0
v[30] = 4.70053
v[31] = 0
v[32] = 0
v[33] = 0
v[34] = 0
v[35] = 430965
v[36] = 0
v[37] = 19.3272
v[38] = 0
v[39] = 413898
v[40] = 0
v[41] = 422345
v[42] = -0
v[43] = 1.77636e-15
v[44] = -0
v[45] = 0
v[46] = 0
v[47] = 0
v[48] = -0
v[49] = 0
v[50] = 0
v[51] = 0
v[52] = 0
v[53] = 0
v[54] = 0
v[55] = -0
v[56] = -0
v[57] = -0
v[58] = 0
v[59] = 0
v[60] = 0
v[61] = -0
v[62] = -0
v[63] = 0
v[64] = -0
v[65] = 22.8456
v[66] = -0
v[67] = -0
v[68] = 0
v[69] = 0
v[70] = -0
v[71] = 0
v[72] = 0
v[73] = -0
v[74] = 0
v[75] = 0
v[76] = 0
v[77] = 23.3119
v[78] = 0
v[79] = 0
v[80] = 0
v[81] = 0
v[82] = 0
v[83] = 0
v[84] = 0
v[85] = 0
v[86] = 0
v[87] = 23.7876
v[88] = 0
v[89] = 0
v[90] = 0
v[91] = 0
v[92] = -0
v[93] = -0
v[94] = 0
v[95] = 0
v[96] = 0
v[97] = 0
v[98] = 0
v[99] = 0
v[100] = 0
v[101] = 0
v[102] = 0
v[103] = 0
v[104] = 0
v[105] = 0
v[106] = 0
v[107] = 0
v[108] = -0
v[109] = 0
v[110] = 0
v[111] = 0
v[112] = -0
v[113] = -0
v[114] = 0
v[115] = 0
v[116] = -0
v[117] = 0
v[118] = 0
v[119] = 0
v[120] = 0
v[121] = 0
v[122] = -0
v[123] = 0
v[124] = 0
v[125] = 0
v[126] = 0
v[127] = 0
v[128] = 0
v[129] = -0
v[130] = -0
v[131] = 0
v[132] = 0
v[133] = -0
v[134] = 0
v[135] = 0
v[136] = 0
v[137] = 0
v[138] = -0
v[139] = -0
v[140] = 0
v[141] = -0
v[142] = 0
v[143] = 0
v[144] = 0
v[145] = 0
v[146] = 0
v[147] = 0
v[148] = 0
v[149] = 0
v[150] = 0
v[151] = -0
v[152] = 0
v[153] = 0
v[154] = -0
v[155] = 0
v[156] = 0
v[157] = 0
v[158] = 0
v[159] = 0
v[160] = 0
v[161] = -0
v[162] = 0
v[163] = 0
v[164] = 0
v[165] = 0
v[166] = 0
v[167] = 0
v[168] = 0
v[169] = -0
v[170] = 0
v[171] = 0
v[172] = 0
v[173] = 0
v[174] = 0
v[175] = 0
v[176] = 0
v[177] = 0
v[178] = 0
v[179] = -0
v[180] = 0
v[181] = 0
v[182] = 0
v[183] = 0
v[184] = 0
v[185] = 0
v[186] = 0
v[187] = 0
v[188] = 0
v[189] = 0
v[190] = 0
v[191] = -0
v[192] = 0
v[193] = -0
v[194] = 0
v[195] = 0
v[196] = -0
v[197] = -0
v[198] = 0
v[199] = 0
v[200] = 0
v[201] = -0
v[202] = 0
v[203] = 0
v[204] = -0
v[205] = 0
v[206] = 0
v[207] = -819543
v[208] = 0
v[209] = -0
v[210] = 0
v[211] = 0
v[212] = 0
v[213] = 0
v[214] = 0
v[215] = -0
v[216] = 0
v[217] = 0
v[218] = 0
v[219] = 0
v[220] = 0
v[221] = 0
v[222] = 0
v[223] = 0
v[224] = 0
v[225] = -0
v[226] = 0
v[227] = 0
v[228] = 0
v[229] = 0
v[230] = 0
v[231] = 0
v[232] = 0
v[233] = 0
v[234] = 0
v[235] = 0
v[236] = 0
v[237] = 0
v[238] = 0
v[239] = 0
v[240] = 0
v[241] = 0
v[242] = 0
v[243] = 0
v[244] = 0
v[245] = 0
v[246] = 0
v[247] = 0
v[248] = 0
v[249] = 0
v[250] = 0
v[251] = 0
v[252] = 0
v[253] = 0
v[254] = -0
v[255] = 0
v[256] = 0
v[257] = 0
v[258] = 0
v[259] = 0
v[260] = 0
v[261] = 0
v[262] = 0
v[263] = 0
v[264] = 0
v[265] = 0
v[266] = 0
v[267] = 0
v[268] = 0
v[269] = 0
v[270] = 0
v[271] = 0
v[272] = -0
v[273] = -0
v[274] = 0
v[275] = -0
v[276] = 0
v[277] = 0
v[278] = 0
v[279] = 0
v[280] = 0
v[281] = 0
v[282] = 0
v[283] = 0
v[284] = 0
v[285] = 0
v[286] = 0
v[287] = -0
v[288] = 0
v[289] = 0
v[290] = 0
v[291] = 0
v[292] = 0
v[293] = 0
v[294] = 1.42268e+10
v[295] = 0
v[296] = 0
v[297] = 0
v[298] = 0
v[299] = 0
v[300] = 430926
v[301] = 17066.7
v[302] = 8645.23
v[303] = 19.3272
v[304] = 0
v[305] = 413910
v[306] = 0
v[307] = 16725.4
v[308] = 422345
v[309] = 422358
v[310] = 0
v[311] = 8459.74
v[312] = 12.5847
v[313] = 0
v[314] = 0
v[315] = 0
v[316] = 8447.15
v[317] = 0
v[318] = 0
v[319] = 0
v[320] = 0
v[321] = 0
v[322] = 0
v[323] = 0
v[324] = 0
v[325] = 0
v[326] = 0
v[327] = 0
v[328] = 0
v[329] = 0
v[330] = 0
v[331] = 0
v[332] = 0
v[333] = 0
v[334] = 0
v[335] = 0
v[336] = 0
v[337] = 0
v[338] = 0
v[339] = 0
v[340] = 0
v[341] = 0
v[342] = 0
v[343] = 0
v[344] = 3.55271e-15
v[345] = 0
v[346] = 0
v[347] = 22.8456
v[348] = -7.10543e-15
v[349] = 22.8456
v[350] = 0
v[351] = 0
v[352] = 0.456913
v[353] = 0
v[354] = 0
v[355] = 0
v[356] = 0
v[357] = 0
v[358] = 0
v[359] = 0
v[360] = 0
v[361] = 0
v[362] = 0
v[363] = 0
v[364] = 0
v[365] = 0
v[366] = 7.10543e-15
v[367] = 0
v[368] = 0
v[369] = 23.3119
v[370] = 23.3119
v[371] = 0
v[372] = 0
v[373] = 7.10543e-15
v[374] = 0
v[375] = 0
v[376] = 0
v[377] = 0
v[378] = 0
v[379] = 2980.94
v[380] = 0
v[381] = 0
v[382] = 0
v[383] = 0
v[384] = 24.2539
v[385] = 3.55271e-15
v[386] = 23.7876
v[387] = 0
v[388] = 0
v[389] = 0
v[390] = 0
v[391] = 0
v[392] = 0
v[393] = 0
v[394] = 0
v[395] = 0
v[396] = 0
v[397] = 2980.94
v[398] = 0
v[399] = 0
v[400] = 0
v[401] = 0
v[402] = 0
v[403] = 0
v[404] = 0
v[405] = 0
v[406] = 0
v[407] = 0
v[408] = 0
v[409] = 0
v[410] = 0
v[411] = 0
v[412] = 0
v[413] = 0
v[414] = 0
v[415] = 0
v[416] = 0
v[417] = 0
v[418] = 0
v[419] = 0
v[420] = 0
v[421] = 0
v[422] = 0
v[423] = 0
v[424] = 0
v[425] = 0
v[426] = 0
v[427] = 0
v[428] = 0
v[429] = 0
v[430] = 0
v[431] = 0
v[432] = 0
v[433] = 0
v[434] = 0
v[435] = 0
v[436] = 0
v[437] = 0
v[438] = 0
v[439] = 0
v[440] = 0
v[441] = 0
v[442] = 0
v[443] = 0
v[444] = 0
v[445] = 0
v[446] = 0
v[447] = 0
v[448] = 0
v[449] = 0
v[450] = 0
v[451] = 0
v[452] = 0
v[453] = 0
v[454] = 0
v[455] = 0
v[456] = 0
v[457] = 0
v[458] = 0
v[459] = 0
v[460] = 0
v[461] = 0
v[462] = 0
v[463] = 0
v[464] = 0
v[465] = 0
v[466] = 0
v[467] = 0
v[468] = 0
v[469] = 0
v[470] = 0
v[471] = 0
v[472] = 0
v[473] = 0
v[474] = 0
v[475] = 0
v[476] = 0
v[477] = 0
v[478] = 0
v[479] = 0
v[480] = 0
v[481] = 0
v[482] = 0
v[483] = 0
v[484] = 0
v[485] = 0
v[486] = 0
v[487] = 0
v[488] = 0
v[489] = 0
v[490] = 0
v[491] = 0
v[492] = 0
v[493] = 0
v[494] = 0
v[495] = 0
v[496] = 0
v[497] = 0
v[498] = 0
v[499] = 0
v[500] = 0
v[501] = 0
v[502] = 0
v[503] = 0
v[504] = 0
v[505] = 0
v[506] = 0
v[507] = 0
v[508] = 0
v[509] = 0
v[510] = 0
v[511] = 0
v[512] = 0
v[513] = 0
v[514] = 0
v[515] = 0
v[516] = 0
v[517] = 0
v[518] = 0
v[519] = 0
v[520] = 0
v[521] = 0
v[522] = 0
v[523] = 0
v[524] = 0
v[525] = 0
v[526] = 0
v[527] = 0
v[528] = 0
v[529] = 0
v[530] = 0
v[531] = 0
v[532] = 0
v[533] = 0
v[534] = 0
v[535] = 0
v[536] = -388691
v[537] = 0
v[538] = 0
v[539] = 0
v[540] = 0
v[541] = 0
v[542] = 0
v[543] = 0
v[544] = 0
v[545] = 0
v[546] = 0
v[547] = 0
v[548] = 0
v[549] = 0
v[550] = 0
v[551] = 0
v[552] = 0
v[553] = 0
v[554] = 0
v[555] = 0
v[556] = 0
v[557] = 0
v[558] = 0
v[559] = 0
v[560] = 0
v[561] = 0
v[562] = 0
v[563] = 0
v[564] = 0
v[565] = 0
v[566] = 0
v[567] = 0
v[568] = 0
v[569] = 0
v[570] = 0
v[571] = 0
v[572] = 0
v[573] = 0
v[574] = 0
v[575] = 0
v[576] = 0
v[577] = 0
v[578] = 0
v[579] = 0
v[580] = 0
v[581] = 0
v[582] = 0
v[583] = 0
v[584] = 0
v[585] = 0
v[586] = 0
v[587] = 0
v[588] = 0
v[589] = 0
v[590] = 0
v[591] = 0
v[592] = 0
v[593] = 0
v[594] = 0
v[595] = 0
v[596] = 495686
v[597] = 505802
v[598] = 0
v[599] = 0
v[600] = 0
v[601] = 0
v[602] = 0
v[603] = 0
v[604] = 0
v[605] = 0
v[606] = 0
v[607] = 0
v[608] = 0
v[609] = 0
v[610] = 0
v[611] = 0
v[612] = 0
v[613] = 0
v[614] = 0
v[615] = 0
v[616] = 0
v[617] = 0
v[618] = 0
v[619] = 0
v[620] = 0
v[621] = 0
v[622] = 0
v[623] = 0
v[624] = 0
v[625] = 0
v[626] = 0
v[627] = 0
v[628] = 0
v[629] = -2.12737e-15
v[630] = 0
v[631] = 0
v[632] = 0
v[633] = 0
v[634] = 0
v[635] = 0
v[636] = 0
v[637] = 0
v[638] = 0
v[639] = 0
v[640] = 1.06581e-14
v[641] = 0
v[642] = 0
v[643] = 0
v[644] = 0
v[645] = 0
v[646] = 7.10543e-15
v[647] = 0
v[648] = 3642.84
v[649] = 0
v[650] = 0
v[651] = 8.88178e-16
v[652] = 0
v[653] = 0
v[654] = 0
v[655] = 0
v[656] = 2.91038e-11
v[657] = -7.10543e-15
v[658] = 0
v[659] = 0
v[660] = -2.12737e-15
v[661] = 0
v[662] = 0
v[663] = 0
v[664] = 0
v[665] = 0
v[666] = 0
v[667] = 0
v[668] = 0
v[669] = 0
v[670] = 0
v[671] = 1.06581e-14
v[672] = 0
v[673] = 0
v[674] = 0
v[675] = 0
v[676] = 0
v[677] = 7.10543e-15
v[678] = 0
v[679] = 3642.84
v[680] = 0
v[681] = 0
v[682] = 8.88178e-16
v[683] = 0
v[684] = 0
v[685] = 0
v[686] = 0
v[687] = 5.82077e-11
v[688] = 0
v[689] = 0
v[690] = 0
v[691] = -2.12737e-15
v[692] = 0
v[693] = 0
v[694] = 0
v[695] = 0
v[696] = 0
v[697] = 0
v[698] = 0
v[699] = 0
v[700] = 0
v[701] = 0
v[702] = 1.06581e-14
v[703] = 0
v[704] = 0
v[705] = 0
v[706] = 0
v[707] = 0
v[708] = 7.10543e-15
v[709] = 0
v[710] = 3642.84
v[711] = 0
v[712] = 0
v[713] = 1.77636e-15
v[714] = 0
v[715] = 0
v[716] = 0
v[717] = 0
