*** WARNING (version #1531bee): /home/sek519/warm_starting/vws/../vpc/src/cut/CglVPC.cpp:683: Nonbasic reduced cost should be >= 0 in the complemented nonbasic space. However, for nb var 860 (real var 1459), it is -3.021228e-06. Small enough error that we only send warning.
*** WARNING (version #1531bee): /home/sek519/warm_starting/vws/../vpc/src/cut/CglVPC.cpp:683: Nonbasic reduced cost should be >= 0 in the complemented nonbasic space. However, for nb var 861 (real var 1467), it is -3.021138e-06. Small enough error that we only send warning.
*** WARNING (version #1531bee): /home/sek519/warm_starting/vws/../vpc/src/cut/CglVPC.cpp:683: Nonbasic reduced cost should be >= 0 in the complemented nonbasic space. However, for nb var 862 (real var 1491), it is -7.140213e-07. Small enough error that we only send warning.
*** WARNING (version #1531bee): /home/sek519/warm_starting/vws/../vpc/src/cut/CglVPC.cpp:683: Nonbasic reduced cost should be >= 0 in the complemented nonbasic space. However, for nb var 859 (real var 1459), it is -3.021231e-06. Small enough error that we only send warning.
*** WARNING (version #1531bee): /home/sek519/warm_starting/vws/../vpc/src/cut/CglVPC.cpp:683: Nonbasic reduced cost should be >= 0 in the complemented nonbasic space. However, for nb var 860 (real var 1467), it is -3.021142e-06. Small enough error that we only send warning.
*** WARNING (version #1531bee): /home/sek519/warm_starting/vws/../vpc/src/cut/CglVPC.cpp:683: Nonbasic reduced cost should be >= 0 in the complemented nonbasic space. However, for nb var 861 (real var 1491), it is -7.140265e-07. Small enough error that we only send warning.
*** WARNING (version #1531bee): /home/sek519/warm_starting/vws/../vpc/src/utility/nbspace.cpp:354: Ray 1459: dot product with obj < 0. Obj viol from solver: -0.00000302. Calculated: -0.00000302.
*** WARNING (version #1531bee): /home/sek519/warm_starting/vws/../vpc/src/cut/CglVPC.cpp:1244: Term 0 ray 859 does not satisfy the objective cut. Activity: -0.00000302. RHS: 0.00000000. Small enough violation that we only send a warning.
*** WARNING (version #1531bee): /home/sek519/warm_starting/vws/../vpc/src/utility/nbspace.cpp:354: Ray 1467: dot product with obj < 0. Obj viol from solver: -0.00000302. Calculated: -0.00000302.
*** WARNING (version #1531bee): /home/sek519/warm_starting/vws/../vpc/src/cut/CglVPC.cpp:1244: Term 0 ray 860 does not satisfy the objective cut. Activity: -0.00000302. RHS: 0.00000000. Small enough violation that we only send a warning.
*** WARNING (version #1531bee): /home/sek519/warm_starting/vws/../vpc/src/utility/nbspace.cpp:354: Ray 1491: dot product with obj < 0. Obj viol from solver: -0.00000071. Calculated: -0.00000071.
*** WARNING (version #1531bee): /home/sek519/warm_starting/vws/../vpc/src/cut/CglVPC.cpp:1244: Term 0 ray 861 does not satisfy the objective cut. Activity: -0.00000071. RHS: 0.00000000. Small enough violation that we only send a warning.
*** WARNING (version #1531bee): /home/sek519/warm_starting/vws/../vpc/src/cut/CglVPC.cpp:683: Nonbasic reduced cost should be >= 0 in the complemented nonbasic space. However, for nb var 859 (real var 1459), it is -3.021231e-06. Small enough error that we only send warning.
*** WARNING (version #1531bee): /home/sek519/warm_starting/vws/../vpc/src/cut/CglVPC.cpp:683: Nonbasic reduced cost should be >= 0 in the complemented nonbasic space. However, for nb var 860 (real var 1467), it is -3.021142e-06. Small enough error that we only send warning.
*** WARNING (version #1531bee): /home/sek519/warm_starting/vws/../vpc/src/cut/CglVPC.cpp:683: Nonbasic reduced cost should be >= 0 in the complemented nonbasic space. However, for nb var 861 (real var 1491), it is -7.140265e-07. Small enough error that we only send warning.
*** WARNING (version #1531bee): /home/sek519/warm_starting/vws/../vpc/src/utility/nbspace.cpp:354: Ray 1459: dot product with obj < 0. Obj viol from solver: -0.00000302. Calculated: -0.00000302.
*** WARNING (version #1531bee): /home/sek519/warm_starting/vws/../vpc/src/cut/CglVPC.cpp:1244: Term 1 ray 859 does not satisfy the objective cut. Activity: -0.00000302. RHS: 0.00000000. Small enough violation that we only send a warning.
*** WARNING (version #1531bee): /home/sek519/warm_starting/vws/../vpc/src/utility/nbspace.cpp:354: Ray 1467: dot product with obj < 0. Obj viol from solver: -0.00000302. Calculated: -0.00000302.
*** WARNING (version #1531bee): /home/sek519/warm_starting/vws/../vpc/src/cut/CglVPC.cpp:1244: Term 1 ray 860 does not satisfy the objective cut. Activity: -0.00000302. RHS: 0.00000000. Small enough violation that we only send a warning.
*** WARNING (version #1531bee): /home/sek519/warm_starting/vws/../vpc/src/utility/nbspace.cpp:354: Ray 1491: dot product with obj < 0. Obj viol from solver: -0.00000071. Calculated: -0.00000071.
*** WARNING (version #1531bee): /home/sek519/warm_starting/vws/../vpc/src/cut/CglVPC.cpp:1244: Term 1 ray 861 does not satisfy the objective cut. Activity: -0.00000071. RHS: 0.00000000. Small enough violation that we only send a warning.
*** WARNING (version #1531bee): /home/sek519/warm_starting/vws/../vpc/src/cut/CglVPC.cpp:683: Nonbasic reduced cost should be >= 0 in the complemented nonbasic space. However, for nb var 725 (real var 903), it is -1.497938e-07. Small enough error that we only send warning.
*** WARNING (version #1531bee): /home/sek519/warm_starting/vws/../vpc/src/cut/CglVPC.cpp:683: Nonbasic reduced cost should be >= 0 in the complemented nonbasic space. However, for nb var 726 (real var 904), it is -1.497992e-07. Small enough error that we only send warning.
*** WARNING (version #1531bee): /home/sek519/warm_starting/vws/../vpc/src/cut/CglVPC.cpp:683: Nonbasic reduced cost should be >= 0 in the complemented nonbasic space. However, for nb var 859 (real var 1459), it is -3.021230e-06. Small enough error that we only send warning.
*** WARNING (version #1531bee): /home/sek519/warm_starting/vws/../vpc/src/cut/CglVPC.cpp:683: Nonbasic reduced cost should be >= 0 in the complemented nonbasic space. However, for nb var 860 (real var 1467), it is -3.021140e-06. Small enough error that we only send warning.
*** WARNING (version #1531bee): /home/sek519/warm_starting/vws/../vpc/src/cut/CglVPC.cpp:683: Nonbasic reduced cost should be >= 0 in the complemented nonbasic space. However, for nb var 861 (real var 1491), it is -7.140139e-07. Small enough error that we only send warning.
*** WARNING (version #1531bee): /home/sek519/warm_starting/vws/../vpc/src/utility/nbspace.cpp:354: Ray 903: dot product with obj < 0. Obj viol from solver: -0.00000015. Calculated: -0.00000015.
*** WARNING (version #1531bee): /home/sek519/warm_starting/vws/../vpc/src/cut/CglVPC.cpp:1244: Term 2 ray 725 does not satisfy the objective cut. Activity: -0.00000015. RHS: 0.00000000. Small enough violation that we only send a warning.
*** WARNING (version #1531bee): /home/sek519/warm_starting/vws/../vpc/src/utility/nbspace.cpp:354: Ray 904: dot product with obj < 0. Obj viol from solver: -0.00000015. Calculated: -0.00000015.
*** WARNING (version #1531bee): /home/sek519/warm_starting/vws/../vpc/src/cut/CglVPC.cpp:1244: Term 2 ray 726 does not satisfy the objective cut. Activity: -0.00000015. RHS: 0.00000000. Small enough violation that we only send a warning.
*** WARNING (version #1531bee): /home/sek519/warm_starting/vws/../vpc/src/utility/nbspace.cpp:354: Ray 1459: dot product with obj < 0. Obj viol from solver: -0.00000302. Calculated: -0.00000302.
*** WARNING (version #1531bee): /home/sek519/warm_starting/vws/../vpc/src/cut/CglVPC.cpp:1244: Term 2 ray 859 does not satisfy the objective cut. Activity: -0.00000302. RHS: 0.00000000. Small enough violation that we only send a warning.
*** WARNING (version #1531bee): /home/sek519/warm_starting/vws/../vpc/src/utility/nbspace.cpp:354: Ray 1467: dot product with obj < 0. Obj viol from solver: -0.00000302. Calculated: -0.00000302.
*** WARNING (version #1531bee): /home/sek519/warm_starting/vws/../vpc/src/cut/CglVPC.cpp:1244: Term 2 ray 860 does not satisfy the objective cut. Activity: -0.00000302. RHS: 0.00000000. Small enough violation that we only send a warning.
*** WARNING (version #1531bee): /home/sek519/warm_starting/vws/../vpc/src/utility/nbspace.cpp:354: Ray 1491: dot product with obj < 0. Obj viol from solver: -0.00000071. Calculated: -0.00000071.
*** WARNING (version #1531bee): /home/sek519/warm_starting/vws/../vpc/src/cut/CglVPC.cpp:1244: Term 2 ray 861 does not satisfy the objective cut. Activity: -0.00000071. RHS: 0.00000000. Small enough violation that we only send a warning.
*** WARNING (version #1531bee): /home/sek519/warm_starting/vws/../vpc/src/cut/CglVPC.cpp:683: Nonbasic reduced cost should be >= 0 in the complemented nonbasic space. However, for nb var 859 (real var 1459), it is -3.021226e-06. Small enough error that we only send warning.
*** WARNING (version #1531bee): /home/sek519/warm_starting/vws/../vpc/src/cut/CglVPC.cpp:683: Nonbasic reduced cost should be >= 0 in the complemented nonbasic space. However, for nb var 860 (real var 1467), it is -3.021138e-06. Small enough error that we only send warning.
*** WARNING (version #1531bee): /home/sek519/warm_starting/vws/../vpc/src/cut/CglVPC.cpp:683: Nonbasic reduced cost should be >= 0 in the complemented nonbasic space. However, for nb var 861 (real var 1491), it is -7.140112e-07. Small enough error that we only send warning.
*** WARNING (version #1531bee): /home/sek519/warm_starting/vws/../vpc/src/utility/nbspace.cpp:354: Ray 1459: dot product with obj < 0. Obj viol from solver: -0.00000302. Calculated: -0.00000302.
*** WARNING (version #1531bee): /home/sek519/warm_starting/vws/../vpc/src/cut/CglVPC.cpp:1244: Term 3 ray 859 does not satisfy the objective cut. Activity: -0.00000302. RHS: 0.00000000. Small enough violation that we only send a warning.
*** WARNING (version #1531bee): /home/sek519/warm_starting/vws/../vpc/src/utility/nbspace.cpp:354: Ray 1467: dot product with obj < 0. Obj viol from solver: -0.00000302. Calculated: -0.00000302.
*** WARNING (version #1531bee): /home/sek519/warm_starting/vws/../vpc/src/cut/CglVPC.cpp:1244: Term 3 ray 860 does not satisfy the objective cut. Activity: -0.00000302. RHS: 0.00000000. Small enough violation that we only send a warning.
*** WARNING (version #1531bee): /home/sek519/warm_starting/vws/../vpc/src/utility/nbspace.cpp:354: Ray 1491: dot product with obj < 0. Obj viol from solver: -0.00000071. Calculated: -0.00000071.
*** WARNING (version #1531bee): /home/sek519/warm_starting/vws/../vpc/src/cut/CglVPC.cpp:1244: Term 3 ray 861 does not satisfy the objective cut. Activity: -0.00000071. RHS: 0.00000000. Small enough violation that we only send a warning.
messed up a farkas cofficient
setting all farkas coefficients to 0
messed up a farkas cofficient
setting all farkas coefficients to 0
messed up a farkas cofficient
setting all farkas coefficients to 0
