*** WARNING (version #95fe077): /home/sek519/warm_starting/vws/../vpc/src/cut/CglVPC.cpp:683: Nonbasic reduced cost should be >= 0 in the complemented nonbasic space. However, for nb var 79 (real var 215), it is -1.469897e-07. Small enough error that we only send warning.
*** WARNING (version #95fe077): /home/sek519/warm_starting/vws/../vpc/src/cut/CglVPC.cpp:683: Nonbasic reduced cost should be >= 0 in the complemented nonbasic space. However, for nb var 72 (real var 215), it is -1.402654e-07. Small enough error that we only send warning.
*** WARNING (version #95fe077): /home/sek519/warm_starting/vws/../vpc/src/utility/nbspace.cpp:354: Ray 215: dot product with obj < 0. Obj viol from solver: -0.00000014. Calculated: -0.00000014.
*** WARNING (version #95fe077): /home/sek519/warm_starting/vws/../vpc/src/cut/CglVPC.cpp:1242: Term 4 ray 72 does not satisfy the objective cut. Activity: -0.00000014. RHS: 0.00000000. Small enough violation that we only send a warning.
*** WARNING (version #95fe077): /home/sek519/warm_starting/vws/../vpc/src/cut/CglVPC.cpp:683: Nonbasic reduced cost should be >= 0 in the complemented nonbasic space. However, for nb var 73 (real var 215), it is -1.402654e-07. Small enough error that we only send warning.
*** WARNING (version #95fe077): /home/sek519/warm_starting/vws/../vpc/src/utility/nbspace.cpp:354: Ray 215: dot product with obj < 0. Obj viol from solver: -0.00000014. Calculated: -0.00000014.
*** WARNING (version #95fe077): /home/sek519/warm_starting/vws/../vpc/src/cut/CglVPC.cpp:1242: Term 5 ray 73 does not satisfy the objective cut. Activity: -0.00000014. RHS: 0.00000000. Small enough violation that we only send a warning.
*** WARNING (version #95fe077): /home/sek519/warm_starting/vws/../vpc/src/cut/CglVPC.cpp:683: Nonbasic reduced cost should be >= 0 in the complemented nonbasic space. However, for nb var 75 (real var 215), it is -1.469897e-07. Small enough error that we only send warning.
*** WARNING (version #95fe077): /home/sek519/warm_starting/vws/../vpc/src/utility/nbspace.cpp:354: Ray 215: dot product with obj < 0. Obj viol from solver: -0.00000015. Calculated: -0.00000015.
*** WARNING (version #95fe077): /home/sek519/warm_starting/vws/../vpc/src/cut/CglVPC.cpp:1242: Term 6 ray 75 does not satisfy the objective cut. Activity: -0.00000015. RHS: 0.00000000. Small enough violation that we only send a warning.
*** WARNING (version #95fe077): /home/sek519/warm_starting/vws/../vpc/src/cut/CglVPC.cpp:683: Nonbasic reduced cost should be >= 0 in the complemented nonbasic space. However, for nb var 75 (real var 215), it is -1.469897e-07. Small enough error that we only send warning.
*** WARNING (version #95fe077): /home/sek519/warm_starting/vws/../vpc/src/utility/nbspace.cpp:354: Ray 215: dot product with obj < 0. Obj viol from solver: -0.00000015. Calculated: -0.00000015.
*** WARNING (version #95fe077): /home/sek519/warm_starting/vws/../vpc/src/cut/CglVPC.cpp:1242: Term 10 ray 75 does not satisfy the objective cut. Activity: -0.00000015. RHS: 0.00000000. Small enough violation that we only send a warning.
*** WARNING (version #95fe077): /home/sek519/warm_starting/vws/../vpc/src/cut/CglVPC.cpp:683: Nonbasic reduced cost should be >= 0 in the complemented nonbasic space. However, for nb var 80 (real var 215), it is -1.402654e-07. Small enough error that we only send warning.
*** WARNING (version #95fe077): /home/sek519/warm_starting/vws/../vpc/src/utility/nbspace.cpp:354: Ray 215: dot product with obj < 0. Obj viol from solver: -0.00000014. Calculated: -0.00000014.
*** WARNING (version #95fe077): /home/sek519/warm_starting/vws/../vpc/src/cut/CglVPC.cpp:1242: Term 11 ray 80 does not satisfy the objective cut. Activity: -0.00000014. RHS: 0.00000000. Small enough violation that we only send a warning.
*** WARNING (version #95fe077): /home/sek519/warm_starting/vws/../vpc/src/cut/CglVPC.cpp:683: Nonbasic reduced cost should be >= 0 in the complemented nonbasic space. However, for nb var 75 (real var 215), it is -1.402654e-07. Small enough error that we only send warning.
*** WARNING (version #95fe077): /home/sek519/warm_starting/vws/../vpc/src/utility/nbspace.cpp:354: Ray 215: dot product with obj < 0. Obj viol from solver: -0.00000014. Calculated: -0.00000014.
*** WARNING (version #95fe077): /home/sek519/warm_starting/vws/../vpc/src/cut/CglVPC.cpp:1242: Term 16 ray 75 does not satisfy the objective cut. Activity: -0.00000014. RHS: 0.00000000. Small enough violation that we only send a warning.
*** WARNING (version #95fe077): /home/sek519/warm_starting/vws/../vpc/src/cut/CglVPC.cpp:683: Nonbasic reduced cost should be >= 0 in the complemented nonbasic space. However, for nb var 76 (real var 215), it is -1.402654e-07. Small enough error that we only send warning.
*** WARNING (version #95fe077): /home/sek519/warm_starting/vws/../vpc/src/utility/nbspace.cpp:354: Ray 215: dot product with obj < 0. Obj viol from solver: -0.00000014. Calculated: -0.00000014.
*** WARNING (version #95fe077): /home/sek519/warm_starting/vws/../vpc/src/cut/CglVPC.cpp:1242: Term 17 ray 76 does not satisfy the objective cut. Activity: -0.00000014. RHS: 0.00000000. Small enough violation that we only send a warning.
*** WARNING (version #95fe077): /home/sek519/warm_starting/vws/../vpc/src/cut/CglVPC.cpp:683: Nonbasic reduced cost should be >= 0 in the complemented nonbasic space. However, for nb var 75 (real var 215), it is -1.402654e-07. Small enough error that we only send warning.
*** WARNING (version #95fe077): /home/sek519/warm_starting/vws/../vpc/src/utility/nbspace.cpp:354: Ray 215: dot product with obj < 0. Obj viol from solver: -0.00000014. Calculated: -0.00000014.
*** WARNING (version #95fe077): /home/sek519/warm_starting/vws/../vpc/src/cut/CglVPC.cpp:1242: Term 20 ray 75 does not satisfy the objective cut. Activity: -0.00000014. RHS: 0.00000000. Small enough violation that we only send a warning.
*** WARNING (version #95fe077): /home/sek519/warm_starting/vws/../vpc/src/cut/CglVPC.cpp:683: Nonbasic reduced cost should be >= 0 in the complemented nonbasic space. However, for nb var 77 (real var 215), it is -1.402654e-07. Small enough error that we only send warning.
*** WARNING (version #95fe077): /home/sek519/warm_starting/vws/../vpc/src/utility/nbspace.cpp:354: Ray 215: dot product with obj < 0. Obj viol from solver: -0.00000014. Calculated: -0.00000014.
*** WARNING (version #95fe077): /home/sek519/warm_starting/vws/../vpc/src/cut/CglVPC.cpp:1242: Term 21 ray 77 does not satisfy the objective cut. Activity: -0.00000014. RHS: 0.00000000. Small enough violation that we only send a warning.
*** WARNING (version #95fe077): /home/sek519/warm_starting/vws/../vpc/src/cut/CglVPC.cpp:683: Nonbasic reduced cost should be >= 0 in the complemented nonbasic space. However, for nb var 73 (real var 215), it is -1.402654e-07. Small enough error that we only send warning.
*** WARNING (version #95fe077): /home/sek519/warm_starting/vws/../vpc/src/utility/nbspace.cpp:354: Ray 215: dot product with obj < 0. Obj viol from solver: -0.00000014. Calculated: -0.00000014.
*** WARNING (version #95fe077): /home/sek519/warm_starting/vws/../vpc/src/cut/CglVPC.cpp:1242: Term 22 ray 73 does not satisfy the objective cut. Activity: -0.00000014. RHS: 0.00000000. Small enough violation that we only send a warning.
*** WARNING (version #95fe077): /home/sek519/warm_starting/vws/../vpc/src/cut/CglVPC.cpp:683: Nonbasic reduced cost should be >= 0 in the complemented nonbasic space. However, for nb var 74 (real var 215), it is -1.402654e-07. Small enough error that we only send warning.
*** WARNING (version #95fe077): /home/sek519/warm_starting/vws/../vpc/src/utility/nbspace.cpp:354: Ray 215: dot product with obj < 0. Obj viol from solver: -0.00000014. Calculated: -0.00000014.
*** WARNING (version #95fe077): /home/sek519/warm_starting/vws/../vpc/src/cut/CglVPC.cpp:1242: Term 23 ray 74 does not satisfy the objective cut. Activity: -0.00000014. RHS: 0.00000000. Small enough violation that we only send a warning.
*** WARNING (version #95fe077): /home/sek519/warm_starting/vws/../vpc/src/cut/CglVPC.cpp:683: Nonbasic reduced cost should be >= 0 in the complemented nonbasic space. However, for nb var 78 (real var 215), it is -1.402654e-07. Small enough error that we only send warning.
*** WARNING (version #95fe077): /home/sek519/warm_starting/vws/../vpc/src/utility/nbspace.cpp:354: Ray 215: dot product with obj < 0. Obj viol from solver: -0.00000014. Calculated: -0.00000014.
*** WARNING (version #95fe077): /home/sek519/warm_starting/vws/../vpc/src/cut/CglVPC.cpp:1242: Term 24 ray 78 does not satisfy the objective cut. Activity: -0.00000014. RHS: 0.00000000. Small enough violation that we only send a warning.
*** WARNING (version #95fe077): /home/sek519/warm_starting/vws/../vpc/src/cut/CglVPC.cpp:683: Nonbasic reduced cost should be >= 0 in the complemented nonbasic space. However, for nb var 76 (real var 215), it is -1.402654e-07. Small enough error that we only send warning.
*** WARNING (version #95fe077): /home/sek519/warm_starting/vws/../vpc/src/cut/CglVPC.cpp:683: Nonbasic reduced cost should be >= 0 in the complemented nonbasic space. However, for nb var 192 (real var 417), it is -3.458383e-07. Small enough error that we only send warning.
*** WARNING (version #95fe077): /home/sek519/warm_starting/vws/../vpc/src/utility/nbspace.cpp:354: Ray 215: dot product with obj < 0. Obj viol from solver: -0.00000014. Calculated: -0.00000014.
*** WARNING (version #95fe077): /home/sek519/warm_starting/vws/../vpc/src/cut/CglVPC.cpp:1242: Term 25 ray 76 does not satisfy the objective cut. Activity: -0.00000014. RHS: 0.00000000. Small enough violation that we only send a warning.
*** WARNING (version #95fe077): /home/sek519/warm_starting/vws/../vpc/src/utility/nbspace.cpp:354: Ray 417: dot product with obj < 0. Obj viol from solver: -0.00000035. Calculated: -0.00000035.
*** WARNING (version #95fe077): /home/sek519/warm_starting/vws/../vpc/src/cut/CglVPC.cpp:1242: Term 25 ray 192 does not satisfy the objective cut. Activity: -0.00000035. RHS: 0.00000000. Small enough violation that we only send a warning.
*** WARNING (version #95fe077): /home/sek519/warm_starting/vws/../vpc/src/cut/CglVPC.cpp:683: Nonbasic reduced cost should be >= 0 in the complemented nonbasic space. However, for nb var 76 (real var 215), it is -1.469897e-07. Small enough error that we only send warning.
*** WARNING (version #95fe077): /home/sek519/warm_starting/vws/../vpc/src/utility/nbspace.cpp:354: Ray 215: dot product with obj < 0. Obj viol from solver: -0.00000015. Calculated: -0.00000015.
*** WARNING (version #95fe077): /home/sek519/warm_starting/vws/../vpc/src/cut/CglVPC.cpp:1242: Term 27 ray 76 does not satisfy the objective cut. Activity: -0.00000015. RHS: 0.00000000. Small enough violation that we only send a warning.
*** WARNING (version #95fe077): /home/sek519/warm_starting/vws/../vpc/src/cut/CglVPC.cpp:683: Nonbasic reduced cost should be >= 0 in the complemented nonbasic space. However, for nb var 77 (real var 215), it is -1.469897e-07. Small enough error that we only send warning.
*** WARNING (version #95fe077): /home/sek519/warm_starting/vws/../vpc/src/utility/nbspace.cpp:354: Ray 215: dot product with obj < 0. Obj viol from solver: -0.00000015. Calculated: -0.00000015.
*** WARNING (version #95fe077): /home/sek519/warm_starting/vws/../vpc/src/cut/CglVPC.cpp:1242: Term 28 ray 77 does not satisfy the objective cut. Activity: -0.00000015. RHS: 0.00000000. Small enough violation that we only send a warning.
*** WARNING (version #95fe077): /home/sek519/warm_starting/vws/../vpc/src/cut/CglVPC.cpp:683: Nonbasic reduced cost should be >= 0 in the complemented nonbasic space. However, for nb var 82 (real var 217), it is -7.826048e-07. Small enough error that we only send warning.
*** WARNING (version #95fe077): /home/sek519/warm_starting/vws/../vpc/src/cut/CglVPC.cpp:683: Nonbasic reduced cost should be >= 0 in the complemented nonbasic space. However, for nb var 192 (real var 386), it is -1.024321e-07. Small enough error that we only send warning.
*** WARNING (version #95fe077): /home/sek519/warm_starting/vws/../vpc/src/cut/CglVPC.cpp:683: Nonbasic reduced cost should be >= 0 in the complemented nonbasic space. However, for nb var 184 (real var 391), it is -8.247409e-07. Small enough error that we only send warning.
*** WARNING (version #95fe077): /home/sek519/warm_starting/vws/../vpc/src/cut/CglVPC.cpp:683: Nonbasic reduced cost should be >= 0 in the complemented nonbasic space. However, for nb var 185 (real var 392), it is -1.138962e-07. Small enough error that we only send warning.
*** WARNING (version #95fe077): /home/sek519/warm_starting/vws/../vpc/src/cut/CglVPC.cpp:683: Nonbasic reduced cost should be >= 0 in the complemented nonbasic space. However, for nb var 187 (real var 399), it is -4.104576e-07. Small enough error that we only send warning.
*** WARNING (version #95fe077): /home/sek519/warm_starting/vws/../vpc/src/cut/CglVPC.cpp:683: Nonbasic reduced cost should be >= 0 in the complemented nonbasic space. However, for nb var 192 (real var 409), it is -1.294749e-07. Small enough error that we only send warning.
*** WARNING (version #95fe077): /home/sek519/warm_starting/vws/../vpc/src/utility/nbspace.cpp:354: Ray 391: dot product with obj < 0. Obj viol from solver: -0.00000082. Calculated: -0.00000082.
*** WARNING (version #95fe077): /home/sek519/warm_starting/vws/../vpc/src/cut/CglVPC.cpp:1242: Term 15 ray 184 does not satisfy the objective cut. Activity: -0.00000082. RHS: 0.00000000. Small enough violation that we only send a warning.
*** WARNING (version #95fe077): /home/sek519/warm_starting/vws/../vpc/src/utility/nbspace.cpp:354: Ray 392: dot product with obj < 0. Obj viol from solver: -0.00000011. Calculated: -0.00000011.
*** WARNING (version #95fe077): /home/sek519/warm_starting/vws/../vpc/src/cut/CglVPC.cpp:1242: Term 15 ray 185 does not satisfy the objective cut. Activity: -0.00000011. RHS: 0.00000000. Small enough violation that we only send a warning.
*** WARNING (version #95fe077): /home/sek519/warm_starting/vws/../vpc/src/utility/nbspace.cpp:354: Ray 399: dot product with obj < 0. Obj viol from solver: -0.00000041. Calculated: -0.00000041.
*** WARNING (version #95fe077): /home/sek519/warm_starting/vws/../vpc/src/cut/CglVPC.cpp:1242: Term 15 ray 187 does not satisfy the objective cut. Activity: -0.00000041. RHS: 0.00000000. Small enough violation that we only send a warning.
*** WARNING (version #95fe077): /home/sek519/warm_starting/vws/../vpc/src/utility/nbspace.cpp:354: Ray 409: dot product with obj < 0. Obj viol from solver: -0.00000013. Calculated: -0.00000013.
*** WARNING (version #95fe077): /home/sek519/warm_starting/vws/../vpc/src/cut/CglVPC.cpp:1242: Term 15 ray 192 does not satisfy the objective cut. Activity: -0.00000013. RHS: 0.00000000. Small enough violation that we only send a warning.
*** WARNING (version #95fe077): /home/sek519/warm_starting/vws/../vpc/src/cut/CglVPC.cpp:683: Nonbasic reduced cost should be >= 0 in the complemented nonbasic space. However, for nb var 185 (real var 406), it is -1.622802e-07. Small enough error that we only send warning.
*** WARNING (version #95fe077): /home/sek519/warm_starting/vws/../vpc/src/cut/CglVPC.cpp:683: Nonbasic reduced cost should be >= 0 in the complemented nonbasic space. However, for nb var 193 (real var 421), it is -6.482477e-07. Small enough error that we only send warning.
*** WARNING (version #95fe077): /home/sek519/warm_starting/vws/../vpc/src/cut/CglVPC.cpp:683: Nonbasic reduced cost should be >= 0 in the complemented nonbasic space. However, for nb var 194 (real var 422), it is -8.354788e-07. Small enough error that we only send warning.
*** WARNING (version #95fe077): /home/sek519/warm_starting/vws/../vpc/src/cut/CglVPC.cpp:683: Nonbasic reduced cost should be >= 0 in the complemented nonbasic space. However, for nb var 197 (real var 430), it is -5.431176e-07. Small enough error that we only send warning.
*** WARNING (version #95fe077): /home/sek519/warm_starting/vws/../vpc/src/utility/nbspace.cpp:354: Ray 406: dot product with obj < 0. Obj viol from solver: -0.00000016. Calculated: -0.00000016.
*** WARNING (version #95fe077): /home/sek519/warm_starting/vws/../vpc/src/cut/CglVPC.cpp:1242: Term 19 ray 185 does not satisfy the objective cut. Activity: -0.00000016. RHS: 0.00000000. Small enough violation that we only send a warning.
*** WARNING (version #95fe077): /home/sek519/warm_starting/vws/../vpc/src/utility/nbspace.cpp:354: Ray 421: dot product with obj < 0. Obj viol from solver: -0.00000065. Calculated: -0.00000065.
*** WARNING (version #95fe077): /home/sek519/warm_starting/vws/../vpc/src/cut/CglVPC.cpp:1242: Term 19 ray 193 does not satisfy the objective cut. Activity: -0.00000065. RHS: 0.00000000. Small enough violation that we only send a warning.
*** WARNING (version #95fe077): /home/sek519/warm_starting/vws/../vpc/src/utility/nbspace.cpp:354: Ray 422: dot product with obj < 0. Obj viol from solver: -0.00000084. Calculated: -0.00000084.
*** WARNING (version #95fe077): /home/sek519/warm_starting/vws/../vpc/src/cut/CglVPC.cpp:1242: Term 19 ray 194 does not satisfy the objective cut. Activity: -0.00000084. RHS: 0.00000000. Small enough violation that we only send a warning.
*** WARNING (version #95fe077): /home/sek519/warm_starting/vws/../vpc/src/utility/nbspace.cpp:354: Ray 430: dot product with obj < 0. Obj viol from solver: -0.00000054. Calculated: -0.00000054.
*** WARNING (version #95fe077): /home/sek519/warm_starting/vws/../vpc/src/cut/CglVPC.cpp:1242: Term 19 ray 197 does not satisfy the objective cut. Activity: -0.00000054. RHS: 0.00000000. Small enough violation that we only send a warning.
*** WARNING (version #95fe077): /home/sek519/warm_starting/vws/../vpc/src/cut/CglVPC.cpp:683: Nonbasic reduced cost should be >= 0 in the complemented nonbasic space. However, for nb var 184 (real var 406), it is -2.615633e-07. Small enough error that we only send warning.
*** WARNING (version #95fe077): /home/sek519/warm_starting/vws/../vpc/src/utility/nbspace.cpp:354: Ray 406: dot product with obj < 0. Obj viol from solver: -0.00000026. Calculated: -0.00000026.
*** WARNING (version #95fe077): /home/sek519/warm_starting/vws/../vpc/src/cut/CglVPC.cpp:1242: Term 20 ray 184 does not satisfy the objective cut. Activity: -0.00000026. RHS: 0.00000000. Small enough violation that we only send a warning.
*** WARNING (version #95fe077): /home/sek519/warm_starting/vws/../vpc/src/cut/CglVPC.cpp:683: Nonbasic reduced cost should be >= 0 in the complemented nonbasic space. However, for nb var 201 (real var 433), it is -1.147958e-07. Small enough error that we only send warning.
*** WARNING (version #95fe077): /home/sek519/warm_starting/vws/../vpc/src/utility/nbspace.cpp:354: Ray 433: dot product with obj < 0. Obj viol from solver: -0.00000011. Calculated: -0.00000011.
*** WARNING (version #95fe077): /home/sek519/warm_starting/vws/../vpc/src/cut/CglVPC.cpp:1242: Term 22 ray 201 does not satisfy the objective cut. Activity: -0.00000011. RHS: 0.00000000. Small enough violation that we only send a warning.
*** WARNING (version #95fe077): /home/sek519/warm_starting/vws/../vpc/src/cut/CglVPC.cpp:683: Nonbasic reduced cost should be >= 0 in the complemented nonbasic space. However, for nb var 136 (real var 335), it is -3.557122e-07. Small enough error that we only send warning.
*** WARNING (version #95fe077): /home/sek519/warm_starting/vws/../vpc/src/utility/nbspace.cpp:354: Ray 335: dot product with obj < 0. Obj viol from solver: -0.00000036. Calculated: -0.00000036.
*** WARNING (version #95fe077): /home/sek519/warm_starting/vws/../vpc/src/cut/CglVPC.cpp:1242: Term 25 ray 136 does not satisfy the objective cut. Activity: -0.00000036. RHS: 0.00000000. Small enough violation that we only send a warning.
*** WARNING (version #95fe077): /home/sek519/warm_starting/vws/../vpc/src/cut/CglVPC.cpp:683: Nonbasic reduced cost should be >= 0 in the complemented nonbasic space. However, for nb var 153 (real var 335), it is -3.557122e-07. Small enough error that we only send warning.
*** WARNING (version #95fe077): /home/sek519/warm_starting/vws/../vpc/src/utility/nbspace.cpp:354: Ray 335: dot product with obj < 0. Obj viol from solver: -0.00000036. Calculated: -0.00000036.
*** WARNING (version #95fe077): /home/sek519/warm_starting/vws/../vpc/src/cut/CglVPC.cpp:1242: Term 26 ray 153 does not satisfy the objective cut. Activity: -0.00000036. RHS: 0.00000000. Small enough violation that we only send a warning.
*** WARNING (version #95fe077): /home/sek519/warm_starting/vws/../vpc/src/cut/CglVPC.cpp:683: Nonbasic reduced cost should be >= 0 in the complemented nonbasic space. However, for nb var 188 (real var 406), it is -2.817313e-07. Small enough error that we only send warning.
*** WARNING (version #95fe077): /home/sek519/warm_starting/vws/../vpc/src/cut/CglVPC.cpp:683: Nonbasic reduced cost should be >= 0 in the complemented nonbasic space. However, for nb var 198 (real var 430), it is -6.137363e-07. Small enough error that we only send warning.
*** WARNING (version #95fe077): /home/sek519/warm_starting/vws/../vpc/src/cut/CglVPC.cpp:683: Nonbasic reduced cost should be >= 0 in the complemented nonbasic space. However, for nb var 200 (real var 433), it is -4.233030e-07. Small enough error that we only send warning.
*** WARNING (version #95fe077): /home/sek519/warm_starting/vws/../vpc/src/utility/nbspace.cpp:354: Ray 406: dot product with obj < 0. Obj viol from solver: -0.00000028. Calculated: -0.00000028.
*** WARNING (version #95fe077): /home/sek519/warm_starting/vws/../vpc/src/cut/CglVPC.cpp:1242: Term 28 ray 188 does not satisfy the objective cut. Activity: -0.00000028. RHS: 0.00000000. Small enough violation that we only send a warning.
*** WARNING (version #95fe077): /home/sek519/warm_starting/vws/../vpc/src/utility/nbspace.cpp:354: Ray 430: dot product with obj < 0. Obj viol from solver: -0.00000061. Calculated: -0.00000061.
*** WARNING (version #95fe077): /home/sek519/warm_starting/vws/../vpc/src/cut/CglVPC.cpp:1242: Term 28 ray 198 does not satisfy the objective cut. Activity: -0.00000061. RHS: 0.00000000. Small enough violation that we only send a warning.
*** WARNING (version #95fe077): /home/sek519/warm_starting/vws/../vpc/src/utility/nbspace.cpp:354: Ray 433: dot product with obj < 0. Obj viol from solver: -0.00000042. Calculated: -0.00000042.
*** WARNING (version #95fe077): /home/sek519/warm_starting/vws/../vpc/src/cut/CglVPC.cpp:1242: Term 28 ray 200 does not satisfy the objective cut. Activity: -0.00000042. RHS: 0.00000000. Small enough violation that we only send a warning.
*** WARNING (version #95fe077): /home/sek519/warm_starting/vws/../vpc/src/cut/CglVPC.cpp:683: Nonbasic reduced cost should be >= 0 in the complemented nonbasic space. However, for nb var 146 (real var 335), it is -3.557122e-07. Small enough error that we only send warning.
*** WARNING (version #95fe077): /home/sek519/warm_starting/vws/../vpc/src/utility/nbspace.cpp:354: Ray 335: dot product with obj < 0. Obj viol from solver: -0.00000036. Calculated: -0.00000036.
*** WARNING (version #95fe077): /home/sek519/warm_starting/vws/../vpc/src/cut/CglVPC.cpp:1242: Term 30 ray 146 does not satisfy the objective cut. Activity: -0.00000036. RHS: 0.00000000. Small enough violation that we only send a warning.
*** WARNING (version #95fe077): /home/sek519/warm_starting/vws/../vpc/src/cut/CglVPC.cpp:683: Nonbasic reduced cost should be >= 0 in the complemented nonbasic space. However, for nb var 145 (real var 335), it is -3.557122e-07. Small enough error that we only send warning.
*** WARNING (version #95fe077): /home/sek519/warm_starting/vws/../vpc/src/utility/nbspace.cpp:354: Ray 335: dot product with obj < 0. Obj viol from solver: -0.00000036. Calculated: -0.00000036.
*** WARNING (version #95fe077): /home/sek519/warm_starting/vws/../vpc/src/cut/CglVPC.cpp:1242: Term 31 ray 145 does not satisfy the objective cut. Activity: -0.00000036. RHS: 0.00000000. Small enough violation that we only send a warning.
*** WARNING (version #95fe077): /home/sek519/warm_starting/vws/../vpc/src/cut/CglVPC.cpp:683: Nonbasic reduced cost should be >= 0 in the complemented nonbasic space. However, for nb var 149 (real var 335), it is -3.557122e-07. Small enough error that we only send warning.
*** WARNING (version #95fe077): /home/sek519/warm_starting/vws/../vpc/src/utility/nbspace.cpp:354: Ray 335: dot product with obj < 0. Obj viol from solver: -0.00000036. Calculated: -0.00000036.
*** WARNING (version #95fe077): /home/sek519/warm_starting/vws/../vpc/src/cut/CglVPC.cpp:1242: Term 34 ray 149 does not satisfy the objective cut. Activity: -0.00000036. RHS: 0.00000000. Small enough violation that we only send a warning.
*** WARNING (version #95fe077): /home/sek519/warm_starting/vws/../vpc/src/cut/CglVPC.cpp:683: Nonbasic reduced cost should be >= 0 in the complemented nonbasic space. However, for nb var 144 (real var 335), it is -3.557122e-07. Small enough error that we only send warning.
*** WARNING (version #95fe077): /home/sek519/warm_starting/vws/../vpc/src/utility/nbspace.cpp:354: Ray 335: dot product with obj < 0. Obj viol from solver: -0.00000036. Calculated: -0.00000036.
*** WARNING (version #95fe077): /home/sek519/warm_starting/vws/../vpc/src/cut/CglVPC.cpp:1242: Term 35 ray 144 does not satisfy the objective cut. Activity: -0.00000036. RHS: 0.00000000. Small enough violation that we only send a warning.
*** WARNING (version #95fe077): /home/sek519/warm_starting/vws/../vpc/src/cut/CglVPC.cpp:683: Nonbasic reduced cost should be >= 0 in the complemented nonbasic space. However, for nb var 180 (real var 385), it is -3.176560e-07. Small enough error that we only send warning.
*** WARNING (version #95fe077): /home/sek519/warm_starting/vws/../vpc/src/cut/CglVPC.cpp:683: Nonbasic reduced cost should be >= 0 in the complemented nonbasic space. However, for nb var 181 (real var 387), it is -3.176560e-07. Small enough error that we only send warning.
*** WARNING (version #95fe077): /home/sek519/warm_starting/vws/../vpc/src/cut/CglVPC.cpp:683: Nonbasic reduced cost should be >= 0 in the complemented nonbasic space. However, for nb var 182 (real var 388), it is -3.958010e-07. Small enough error that we only send warning.
*** WARNING (version #95fe077): /home/sek519/warm_starting/vws/../vpc/src/cut/CglVPC.cpp:683: Nonbasic reduced cost should be >= 0 in the complemented nonbasic space. However, for nb var 188 (real var 408), it is -4.881061e-07. Small enough error that we only send warning.
*** WARNING (version #95fe077): /home/sek519/warm_starting/vws/../vpc/src/utility/nbspace.cpp:354: Ray 385: dot product with obj < 0. Obj viol from solver: -0.00000032. Calculated: -0.00000032.
*** WARNING (version #95fe077): /home/sek519/warm_starting/vws/../vpc/src/cut/CglVPC.cpp:1242: Term 36 ray 180 does not satisfy the objective cut. Activity: -0.00000032. RHS: 0.00000000. Small enough violation that we only send a warning.
*** WARNING (version #95fe077): /home/sek519/warm_starting/vws/../vpc/src/utility/nbspace.cpp:354: Ray 387: dot product with obj < 0. Obj viol from solver: -0.00000032. Calculated: -0.00000032.
*** WARNING (version #95fe077): /home/sek519/warm_starting/vws/../vpc/src/cut/CglVPC.cpp:1242: Term 36 ray 181 does not satisfy the objective cut. Activity: -0.00000032. RHS: 0.00000000. Small enough violation that we only send a warning.
*** WARNING (version #95fe077): /home/sek519/warm_starting/vws/../vpc/src/utility/nbspace.cpp:354: Ray 388: dot product with obj < 0. Obj viol from solver: -0.00000040. Calculated: -0.00000040.
*** WARNING (version #95fe077): /home/sek519/warm_starting/vws/../vpc/src/cut/CglVPC.cpp:1242: Term 36 ray 182 does not satisfy the objective cut. Activity: -0.00000040. RHS: 0.00000000. Small enough violation that we only send a warning.
*** WARNING (version #95fe077): /home/sek519/warm_starting/vws/../vpc/src/utility/nbspace.cpp:354: Ray 408: dot product with obj < 0. Obj viol from solver: -0.00000049. Calculated: -0.00000049.
*** WARNING (version #95fe077): /home/sek519/warm_starting/vws/../vpc/src/cut/CglVPC.cpp:1242: Term 36 ray 188 does not satisfy the objective cut. Activity: -0.00000049. RHS: 0.00000000. Small enough violation that we only send a warning.
*** WARNING (version #95fe077): /home/sek519/warm_starting/vws/../vpc/src/cut/CglVPC.cpp:683: Nonbasic reduced cost should be >= 0 in the complemented nonbasic space. However, for nb var 12 (real var 27), it is -7.802217e-07. Small enough error that we only send warning.
*** WARNING (version #95fe077): /home/sek519/warm_starting/vws/../vpc/src/utility/nbspace.cpp:354: Ray 27: dot product with obj < 0. Obj viol from solver: -0.00000078. Calculated: -0.00000078.
*** WARNING (version #95fe077): /home/sek519/warm_starting/vws/../vpc/src/cut/CglVPC.cpp:1242: Term 37 ray 12 does not satisfy the objective cut. Activity: -0.00000078. RHS: 0.00000000. Small enough violation that we only send a warning.
*** WARNING (version #95fe077): /home/sek519/warm_starting/vws/../vpc/src/cut/CglVPC.cpp:683: Nonbasic reduced cost should be >= 0 in the complemented nonbasic space. However, for nb var 196 (real var 419), it is -3.097921e-07. Small enough error that we only send warning.
*** WARNING (version #95fe077): /home/sek519/warm_starting/vws/../vpc/src/utility/nbspace.cpp:354: Ray 419: dot product with obj < 0. Obj viol from solver: -0.00000031. Calculated: -0.00000031.
*** WARNING (version #95fe077): /home/sek519/warm_starting/vws/../vpc/src/cut/CglVPC.cpp:1242: Term 38 ray 196 does not satisfy the objective cut. Activity: -0.00000031. RHS: 0.00000000. Small enough violation that we only send a warning.
*** WARNING (version #95fe077): /home/sek519/warm_starting/vws/../vpc/src/cut/CglVPC.cpp:683: Nonbasic reduced cost should be >= 0 in the complemented nonbasic space. However, for nb var 196 (real var 419), it is -3.097921e-07. Small enough error that we only send warning.
*** WARNING (version #95fe077): /home/sek519/warm_starting/vws/../vpc/src/utility/nbspace.cpp:354: Ray 419: dot product with obj < 0. Obj viol from solver: -0.00000031. Calculated: -0.00000031.
*** WARNING (version #95fe077): /home/sek519/warm_starting/vws/../vpc/src/cut/CglVPC.cpp:1242: Term 39 ray 196 does not satisfy the objective cut. Activity: -0.00000031. RHS: 0.00000000. Small enough violation that we only send a warning.
messed up a farkas cofficient
setting all farkas coefficients to 0
messed up a farkas cofficient
setting all farkas coefficients to 0
messed up a farkas cofficient
setting all farkas coefficients to 0
messed up a farkas cofficient
setting all farkas coefficients to 0
messed up a farkas cofficient
setting all farkas coefficients to 0
messed up a farkas cofficient
setting all farkas coefficients to 0
messed up a farkas cofficient
setting all farkas coefficients to 0
messed up a farkas cofficient
setting all farkas coefficients to 0
messed up a farkas cofficient
setting all farkas coefficients to 0
messed up a farkas cofficient
setting all farkas coefficients to 0
messed up a farkas cofficient
setting all farkas coefficients to 0
messed up a farkas cofficient
setting all farkas coefficients to 0
messed up a farkas cofficient
setting all farkas coefficients to 0
messed up a farkas cofficient
setting all farkas coefficients to 0
messed up a farkas cofficient
setting all farkas coefficients to 0
messed up a farkas cofficient
setting all farkas coefficients to 0
messed up a farkas cofficient
setting all farkas coefficients to 0
