*** WARNING (version #c05a931): /home/sek519/warm_starting/vws/../vpc/src/cut/CglVPC.cpp:683: Nonbasic reduced cost should be >= 0 in the complemented nonbasic space. However, for nb var 79 (real var 215), it is -1.469897e-07. Small enough error that we only send warning.
*** WARNING (version #c05a931): /home/sek519/warm_starting/vws/../vpc/src/cut/CglVPC.cpp:683: Nonbasic reduced cost should be >= 0 in the complemented nonbasic space. However, for nb var 76 (real var 215), it is -1.469897e-07. Small enough error that we only send warning.
*** WARNING (version #c05a931): /home/sek519/warm_starting/vws/../vpc/src/utility/nbspace.cpp:358: Ray 215: dot product with obj < 0. Obj viol from solver: -0.00000015. Calculated: -0.00000015.
*** WARNING (version #c05a931): /home/sek519/warm_starting/vws/../vpc/src/cut/CglVPC.cpp:1242: Term 3 ray 76 does not satisfy the objective cut. Activity: -0.00000015. RHS: 0.00000000. Small enough violation that we only send a warning.
*** WARNING (version #c05a931): /home/sek519/warm_starting/vws/../vpc/src/cut/CglVPC.cpp:683: Nonbasic reduced cost should be >= 0 in the complemented nonbasic space. However, for nb var 74 (real var 215), it is -1.469897e-07. Small enough error that we only send warning.
*** WARNING (version #c05a931): /home/sek519/warm_starting/vws/../vpc/src/utility/nbspace.cpp:358: Ray 215: dot product with obj < 0. Obj viol from solver: -0.00000015. Calculated: -0.00000015.
*** WARNING (version #c05a931): /home/sek519/warm_starting/vws/../vpc/src/cut/CglVPC.cpp:1242: Term 4 ray 74 does not satisfy the objective cut. Activity: -0.00000015. RHS: 0.00000000. Small enough violation that we only send a warning.
*** WARNING (version #c05a931): /home/sek519/warm_starting/vws/../vpc/src/cut/CglVPC.cpp:683: Nonbasic reduced cost should be >= 0 in the complemented nonbasic space. However, for nb var 77 (real var 215), it is -1.402654e-07. Small enough error that we only send warning.
*** WARNING (version #c05a931): /home/sek519/warm_starting/vws/../vpc/src/utility/nbspace.cpp:358: Ray 215: dot product with obj < 0. Obj viol from solver: -0.00000014. Calculated: -0.00000014.
*** WARNING (version #c05a931): /home/sek519/warm_starting/vws/../vpc/src/cut/CglVPC.cpp:1242: Term 5 ray 77 does not satisfy the objective cut. Activity: -0.00000014. RHS: 0.00000000. Small enough violation that we only send a warning.
*** WARNING (version #c05a931): /home/sek519/warm_starting/vws/../vpc/src/cut/CglVPC.cpp:683: Nonbasic reduced cost should be >= 0 in the complemented nonbasic space. However, for nb var 77 (real var 215), it is -1.469897e-07. Small enough error that we only send warning.
*** WARNING (version #c05a931): /home/sek519/warm_starting/vws/../vpc/src/utility/nbspace.cpp:358: Ray 215: dot product with obj < 0. Obj viol from solver: -0.00000015. Calculated: -0.00000015.
*** WARNING (version #c05a931): /home/sek519/warm_starting/vws/../vpc/src/cut/CglVPC.cpp:1242: Term 6 ray 77 does not satisfy the objective cut. Activity: -0.00000015. RHS: 0.00000000. Small enough violation that we only send a warning.
messed up a farkas cofficient
setting all farkas coefficients to 0
messed up a farkas cofficient
setting all farkas coefficients to 0
messed up a farkas cofficient
setting all farkas coefficients to 0
messed up a farkas cofficient
setting all farkas coefficients to 0
messed up a farkas cofficient
setting all farkas coefficients to 0
messed up a farkas cofficient
setting all farkas coefficients to 0
messed up a farkas cofficient
setting all farkas coefficients to 0
messed up a farkas cofficient
setting all farkas coefficients to 0
messed up a farkas cofficient
setting all farkas coefficients to 0
messed up a farkas cofficient
setting all farkas coefficients to 0
messed up a farkas cofficient
setting all farkas coefficients to 0
messed up a farkas cofficient
setting all farkas coefficients to 0
messed up a farkas cofficient
setting all farkas coefficients to 0
messed up a farkas cofficient
setting all farkas coefficients to 0
messed up a farkas cofficient
setting all farkas coefficients to 0
messed up a farkas cofficient
setting all farkas coefficients to 0
messed up a farkas cofficient
setting all farkas coefficients to 0
messed up a farkas cofficient
setting all farkas coefficients to 0
messed up a farkas cofficient
setting all farkas coefficients to 0
messed up a farkas cofficient
setting all farkas coefficients to 0
messed up a farkas cofficient
setting all farkas coefficients to 0
messed up a farkas cofficient
setting all farkas coefficients to 0
*** WARNING (version #c05a931): /home/sek519/warm_starting/vws/../vpc/src/cut/CglVPC.cpp:683: Nonbasic reduced cost should be >= 0 in the complemented nonbasic space. However, for nb var 82 (real var 217), it is -7.826048e-07. Small enough error that we only send warning.
*** WARNING (version #c05a931): /home/sek519/warm_starting/vws/../vpc/src/cut/CglVPC.cpp:683: Nonbasic reduced cost should be >= 0 in the complemented nonbasic space. However, for nb var 192 (real var 386), it is -1.024321e-07. Small enough error that we only send warning.
*** WARNING (version #c05a931): /home/sek519/warm_starting/vws/../vpc/src/cut/CglVPC.cpp:683: Nonbasic reduced cost should be >= 0 in the complemented nonbasic space. However, for nb var 196 (real var 419), it is -3.097921e-07. Small enough error that we only send warning.
*** WARNING (version #c05a931): /home/sek519/warm_starting/vws/../vpc/src/utility/nbspace.cpp:358: Ray 419: dot product with obj < 0. Obj viol from solver: -0.00000031. Calculated: -0.00000031.
*** WARNING (version #c05a931): /home/sek519/warm_starting/vws/../vpc/src/cut/CglVPC.cpp:1242: Term 16 ray 196 does not satisfy the objective cut. Activity: -0.00000031. RHS: 0.00000000. Small enough violation that we only send a warning.
*** WARNING (version #c05a931): /home/sek519/warm_starting/vws/../vpc/src/cut/CglVPC.cpp:683: Nonbasic reduced cost should be >= 0 in the complemented nonbasic space. However, for nb var 196 (real var 419), it is -3.097921e-07. Small enough error that we only send warning.
*** WARNING (version #c05a931): /home/sek519/warm_starting/vws/../vpc/src/utility/nbspace.cpp:358: Ray 419: dot product with obj < 0. Obj viol from solver: -0.00000031. Calculated: -0.00000031.
*** WARNING (version #c05a931): /home/sek519/warm_starting/vws/../vpc/src/cut/CglVPC.cpp:1242: Term 17 ray 196 does not satisfy the objective cut. Activity: -0.00000031. RHS: 0.00000000. Small enough violation that we only send a warning.
