*** WARNING (version #1531bee): /home/sek519/warm_starting/vws/../vpc/src/cut/CglVPC.cpp:683: Nonbasic reduced cost should be >= 0 in the complemented nonbasic space. However, for nb var 235 (real var 300), it is -8.500263e-07. Small enough error that we only send warning.
*** WARNING (version #1531bee): /home/sek519/warm_starting/vws/../vpc/src/cut/CglVPC.cpp:683: Nonbasic reduced cost should be >= 0 in the complemented nonbasic space. However, for nb var 366 (real var 451), it is -8.500524e-07. Small enough error that we only send warning.
*** WARNING (version #1531bee): /home/sek519/warm_starting/vws/../vpc/src/utility/nbspace.cpp:354: Ray 300: dot product with obj < 0. Obj viol from solver: -0.00000085. Calculated: -0.00000085.
*** WARNING (version #1531bee): /home/sek519/warm_starting/vws/../vpc/src/cut/CglVPC.cpp:1244: Term 9 ray 235 does not satisfy the objective cut. Activity: -0.00000085. RHS: 0.00000000. Small enough violation that we only send a warning.
*** WARNING (version #1531bee): /home/sek519/warm_starting/vws/../vpc/src/utility/nbspace.cpp:354: Ray 451: dot product with obj < 0. Obj viol from solver: -0.00000085. Calculated: -0.00000085.
*** WARNING (version #1531bee): /home/sek519/warm_starting/vws/../vpc/src/cut/CglVPC.cpp:1244: Term 9 ray 366 does not satisfy the objective cut. Activity: -0.00000085. RHS: 0.00000000. Small enough violation that we only send a warning.
messed up a farkas cofficient
setting all farkas coefficients to 0
messed up a farkas cofficient
setting all farkas coefficients to 0
messed up a farkas cofficient
setting all farkas coefficients to 0
messed up a farkas cofficient
setting all farkas coefficients to 0
messed up a farkas cofficient
setting all farkas coefficients to 0
messed up a farkas cofficient
setting all farkas coefficients to 0
messed up a farkas cofficient
setting all farkas coefficients to 0
messed up a farkas cofficient
setting all farkas coefficients to 0
messed up a farkas cofficient
setting all farkas coefficients to 0
messed up a farkas cofficient
setting all farkas coefficients to 0
messed up a farkas cofficient
setting all farkas coefficients to 0
messed up a farkas cofficient
setting all farkas coefficients to 0
messed up a farkas cofficient
setting all farkas coefficients to 0
messed up a farkas cofficient
setting all farkas coefficients to 0
messed up a farkas cofficient
setting all farkas coefficients to 0
messed up a farkas cofficient
setting all farkas coefficients to 0
messed up a farkas cofficient
setting all farkas coefficients to 0
messed up a farkas cofficient
setting all farkas coefficients to 0
messed up a farkas cofficient
setting all farkas coefficients to 0
messed up a farkas cofficient
setting all farkas coefficients to 0
messed up a farkas cofficient
setting all farkas coefficients to 0
messed up a farkas cofficient
setting all farkas coefficients to 0
messed up a farkas cofficient
setting all farkas coefficients to 0
messed up a farkas cofficient
setting all farkas coefficients to 0
messed up a farkas cofficient
setting all farkas coefficients to 0
messed up a farkas cofficient
setting all farkas coefficients to 0
