*** WARNING (version #95fe077): /home/sek519/warm_starting/vws/../vpc/src/cut/CglVPC.cpp:683: Nonbasic reduced cost should be >= 0 in the complemented nonbasic space. However, for nb var 235 (real var 300), it is -8.500263e-07. Small enough error that we only send warning.
*** WARNING (version #95fe077): /home/sek519/warm_starting/vws/../vpc/src/cut/CglVPC.cpp:683: Nonbasic reduced cost should be >= 0 in the complemented nonbasic space. However, for nb var 366 (real var 451), it is -8.500524e-07. Small enough error that we only send warning.
*** WARNING (version #95fe077): /home/sek519/warm_starting/vws/../vpc/src/utility/nbspace.cpp:354: Ray 300: dot product with obj < 0. Obj viol from solver: -0.00000085. Calculated: -0.00000085.
*** WARNING (version #95fe077): /home/sek519/warm_starting/vws/../vpc/src/cut/CglVPC.cpp:1242: Term 17 ray 235 does not satisfy the objective cut. Activity: -0.00000085. RHS: 0.00000000. Small enough violation that we only send a warning.
*** WARNING (version #95fe077): /home/sek519/warm_starting/vws/../vpc/src/utility/nbspace.cpp:354: Ray 451: dot product with obj < 0. Obj viol from solver: -0.00000085. Calculated: -0.00000085.
*** WARNING (version #95fe077): /home/sek519/warm_starting/vws/../vpc/src/cut/CglVPC.cpp:1242: Term 17 ray 366 does not satisfy the objective cut. Activity: -0.00000085. RHS: 0.00000000. Small enough violation that we only send a warning.
messed up a farkas cofficient
setting all farkas coefficients to 0
messed up a farkas cofficient
setting all farkas coefficients to 0
messed up a farkas cofficient
setting all farkas coefficients to 0
messed up a farkas cofficient
setting all farkas coefficients to 0
messed up a farkas cofficient
setting all farkas coefficients to 0
messed up a farkas cofficient
setting all farkas coefficients to 0
messed up a farkas cofficient
setting all farkas coefficients to 0
messed up a farkas cofficient
setting all farkas coefficients to 0
messed up a farkas cofficient
setting all farkas coefficients to 0
messed up a farkas cofficient
setting all farkas coefficients to 0
messed up a farkas cofficient
setting all farkas coefficients to 0
messed up a farkas cofficient
setting all farkas coefficients to 0
messed up a farkas cofficient
setting all farkas coefficients to 0
messed up a farkas cofficient
setting all farkas coefficients to 0
messed up a farkas cofficient
setting all farkas coefficients to 0
messed up a farkas cofficient
setting all farkas coefficients to 0
messed up a farkas cofficient
setting all farkas coefficients to 0
messed up a farkas cofficient
setting all farkas coefficients to 0
messed up a farkas cofficient
setting all farkas coefficients to 0
messed up a farkas cofficient
setting all farkas coefficients to 0
messed up a farkas cofficient
setting all farkas coefficients to 0
messed up a farkas cofficient
setting all farkas coefficients to 0
messed up a farkas cofficient
setting all farkas coefficients to 0
messed up a farkas cofficient
setting all farkas coefficients to 0
messed up a farkas cofficient
setting all farkas coefficients to 0
messed up a farkas cofficient
setting all farkas coefficients to 0
messed up a farkas cofficient
setting all farkas coefficients to 0
messed up a farkas cofficient
setting all farkas coefficients to 0
messed up a farkas cofficient
setting all farkas coefficients to 0
messed up a farkas cofficient
setting all farkas coefficients to 0
messed up a farkas cofficient
setting all farkas coefficients to 0
messed up a farkas cofficient
setting all farkas coefficients to 0
*** WARNING (version #95fe077): /home/sek519/warm_starting/vws/../vpc/src/utility/nbspace.cpp:368: Ray 156: Calculated dot product with obj differs from solver's. Obj viol from solver: 2.03705299. Calculated: 2.03705288.
*** WARNING (version #95fe077): /home/sek519/warm_starting/vws/../vpc/src/utility/nbspace.cpp:368: Ray 228: Calculated dot product with obj differs from solver's. Obj viol from solver: 4.52531006. Calculated: 4.52531016.
*** WARNING (version #95fe077): /home/sek519/warm_starting/vws/../vpc/src/utility/nbspace.cpp:368: Ray 1268: Calculated dot product with obj differs from solver's. Obj viol from solver: 5.97916591. Calculated: 5.97916603.
*** WARNING (version #95fe077): /home/sek519/warm_starting/vws/../vpc/src/utility/nbspace.cpp:368: Ray 1: Calculated dot product with obj differs from solver's. Obj viol from solver: 4.56163362. Calculated: 4.56163342.
*** WARNING (version #95fe077): /home/sek519/warm_starting/vws/../vpc/src/utility/nbspace.cpp:368: Ray 8: Calculated dot product with obj differs from solver's. Obj viol from solver: 4.42051418. Calculated: 4.42051406.
*** WARNING (version #95fe077): /home/sek519/warm_starting/vws/../vpc/src/utility/nbspace.cpp:368: Ray 229: Calculated dot product with obj differs from solver's. Obj viol from solver: 5.77232786. Calculated: 5.77232772.
*** WARNING (version #95fe077): /home/sek519/warm_starting/vws/../vpc/src/utility/nbspace.cpp:368: Ray 328: Calculated dot product with obj differs from solver's. Obj viol from solver: 5.57652146. Calculated: 5.57652160.
*** WARNING (version #95fe077): /home/sek519/warm_starting/vws/../vpc/src/utility/nbspace.cpp:368: Ray 622: Calculated dot product with obj differs from solver's. Obj viol from solver: 3.57652146. Calculated: 3.57652160.
*** WARNING (version #95fe077): /home/sek519/warm_starting/vws/../vpc/src/utility/nbspace.cpp:368: Ray 672: Calculated dot product with obj differs from solver's. Obj viol from solver: 8.74126289. Calculated: 8.74126270.
*** WARNING (version #95fe077): /home/sek519/warm_starting/vws/../vpc/src/utility/nbspace.cpp:368: Ray 795: Calculated dot product with obj differs from solver's. Obj viol from solver: 7.57652146. Calculated: 7.57652160.
*** WARNING (version #95fe077): /home/sek519/warm_starting/vws/../vpc/src/utility/nbspace.cpp:368: Ray 1087: Calculated dot product with obj differs from solver's. Obj viol from solver: 2.74126289. Calculated: 2.74126270.
*** WARNING (version #95fe077): /home/sek519/warm_starting/vws/../vpc/src/utility/nbspace.cpp:368: Ray 22: Calculated dot product with obj differs from solver's. Obj viol from solver: 1.82638898. Calculated: 1.82638886.
*** WARNING (version #95fe077): /home/sek519/warm_starting/vws/../vpc/src/utility/nbspace.cpp:368: Ray 1164: Calculated dot product with obj differs from solver's. Obj viol from solver: 21.89105791. Calculated: 21.89105802.
*** WARNING (version #95fe077): /home/sek519/warm_starting/vws/../vpc/src/utility/nbspace.cpp:368: Ray 88: Calculated dot product with obj differs from solver's. Obj viol from solver: 0.76688602. Calculated: 0.76688613.
*** WARNING (version #95fe077): /home/sek519/warm_starting/vws/../vpc/src/utility/nbspace.cpp:368: Ray 47: Calculated dot product with obj differs from solver's. Obj viol from solver: 3.74604999. Calculated: 3.74605010.
*** WARNING (version #95fe077): /home/sek519/warm_starting/vws/../vpc/src/utility/nbspace.cpp:368: Ray 87: Calculated dot product with obj differs from solver's. Obj viol from solver: 0.34983915. Calculated: 0.34983904.
*** WARNING (version #95fe077): /home/sek519/warm_starting/vws/../vpc/src/utility/nbspace.cpp:368: Ray 268: Calculated dot product with obj differs from solver's. Obj viol from solver: 0.13065074. Calculated: 0.13065085.
*** WARNING (version #95fe077): /home/sek519/warm_starting/vws/../vpc/src/utility/nbspace.cpp:368: Ray 298: Calculated dot product with obj differs from solver's. Obj viol from solver: 3.66523772. Calculated: 3.66523783.
*** WARNING (version #95fe077): /home/sek519/warm_starting/vws/../vpc/src/utility/nbspace.cpp:368: Ray 203: Calculated dot product with obj differs from solver's. Obj viol from solver: 5.01336166. Calculated: 5.01336156.
*** WARNING (version #95fe077): /home/sek519/warm_starting/vws/../vpc/src/utility/nbspace.cpp:368: Ray 582: Calculated dot product with obj differs from solver's. Obj viol from solver: 2.01336166. Calculated: 2.01336156.
*** WARNING (version #95fe077): /home/sek519/warm_starting/vws/../vpc/src/utility/nbspace.cpp:368: Ray 698: Calculated dot product with obj differs from solver's. Obj viol from solver: 2.85431747. Calculated: 2.85431736.
*** WARNING (version #95fe077): /home/sek519/warm_starting/vws/../vpc/src/utility/nbspace.cpp:368: Ray 699: Calculated dot product with obj differs from solver's. Obj viol from solver: 1.42883525. Calculated: 1.42883537.
*** WARNING (version #95fe077): /home/sek519/warm_starting/vws/../vpc/src/utility/nbspace.cpp:368: Ray 860: Calculated dot product with obj differs from solver's. Obj viol from solver: 380.72747661. Calculated: 380.72747651.
*** WARNING (version #95fe077): /home/sek519/warm_starting/vws/../vpc/src/utility/nbspace.cpp:368: Ray 1111: Calculated dot product with obj differs from solver's. Obj viol from solver: 1.12124810. Calculated: 1.12124825.
*** WARNING (version #95fe077): /home/sek519/warm_starting/vws/../vpc/src/utility/nbspace.cpp:368: Ray 1268: Calculated dot product with obj differs from solver's. Obj viol from solver: 3.38762054. Calculated: 3.38762043.
*** WARNING (version #95fe077): /home/sek519/warm_starting/vws/../vpc/src/utility/nbspace.cpp:368: Ray 698: Calculated dot product with obj differs from solver's. Obj viol from solver: 2.85431747. Calculated: 2.85431736.
*** WARNING (version #95fe077): /home/sek519/warm_starting/vws/../vpc/src/utility/nbspace.cpp:368: Ray 699: Calculated dot product with obj differs from solver's. Obj viol from solver: 1.42883525. Calculated: 1.42883537.
*** WARNING (version #95fe077): /home/sek519/warm_starting/vws/../vpc/src/utility/nbspace.cpp:368: Ray 1268: Calculated dot product with obj differs from solver's. Obj viol from solver: 3.38762053. Calculated: 3.38762043.
*** WARNING (version #95fe077): /home/sek519/warm_starting/vws/../vpc/src/cut/PRLP.cpp:387: PRLP is primal infeasible; giving up on this point-ray collection.
