*** WARNING (version #1531bee): /home/sek519/warm_starting/vws/../vpc/src/cut/CglVPC.cpp:683: Nonbasic reduced cost should be >= 0 in the complemented nonbasic space. However, for nb var 188 (real var 247), it is -7.454323e-07. Small enough error that we only send warning.
*** WARNING (version #1531bee): /home/sek519/warm_starting/vws/../vpc/src/utility/nbspace.cpp:354: Ray 247: dot product with obj < 0. Obj viol from solver: -0.00000075. Calculated: -0.00000075.
*** WARNING (version #1531bee): /home/sek519/warm_starting/vws/../vpc/src/cut/CglVPC.cpp:1244: Term 0 ray 188 does not satisfy the objective cut. Activity: -0.00000075. RHS: 0.00000000. Small enough violation that we only send a warning.
messed up a farkas cofficient
setting all farkas coefficients to 0
messed up a farkas cofficient
setting all farkas coefficients to 0
messed up a farkas cofficient
setting all farkas coefficients to 0
messed up a farkas cofficient
setting all farkas coefficients to 0
messed up a farkas cofficient
setting all farkas coefficients to 0
messed up a farkas cofficient
setting all farkas coefficients to 0
messed up a farkas cofficient
setting all farkas coefficients to 0
messed up a farkas cofficient
setting all farkas coefficients to 0
messed up a farkas cofficient
setting all farkas coefficients to 0
messed up a farkas cofficient
setting all farkas coefficients to 0
messed up a farkas cofficient
setting all farkas coefficients to 0
messed up a farkas cofficient
setting all farkas coefficients to 0
messed up a farkas cofficient
setting all farkas coefficients to 0
messed up a farkas cofficient
setting all farkas coefficients to 0
messed up a farkas cofficient
setting all farkas coefficients to 0
messed up a farkas cofficient
setting all farkas coefficients to 0
messed up a farkas cofficient
setting all farkas coefficients to 0
messed up a farkas cofficient
setting all farkas coefficients to 0
*** WARNING (version #1531bee): /home/sek519/warm_starting/vws/../vpc/src/utility/nbspace.cpp:368: Ray 299: Calculated dot product with obj differs from solver's. Obj viol from solver: 3.84229814. Calculated: 3.84229802.
messed up a farkas cofficient
setting all farkas coefficients to 0
messed up a farkas cofficient
setting all farkas coefficients to 0
messed up a farkas cofficient
setting all farkas coefficients to 0
messed up a farkas cofficient
setting all farkas coefficients to 0
messed up a farkas cofficient
setting all farkas coefficients to 0
*** WARNING (version #1531bee): /home/sek519/warm_starting/vws/../vpc/src/utility/nbspace.cpp:368: Ray 48: Calculated dot product with obj differs from solver's. Obj viol from solver: 21.47420814. Calculated: 21.47420802.
*** WARNING (version #1531bee): /home/sek519/warm_starting/vws/../vpc/src/utility/nbspace.cpp:368: Ray 954: Calculated dot product with obj differs from solver's. Obj viol from solver: 1.49710234. Calculated: 1.49710245.
*** WARNING (version #1531bee): /home/sek519/warm_starting/vws/../vpc/src/utility/nbspace.cpp:368: Ray 47: Calculated dot product with obj differs from solver's. Obj viol from solver: 2.85650015. Calculated: 2.85650026.
*** WARNING (version #1531bee): /home/sek519/warm_starting/vws/../vpc/src/utility/nbspace.cpp:368: Ray 290: Calculated dot product with obj differs from solver's. Obj viol from solver: 5.80443007. Calculated: 5.80443020.
*** WARNING (version #1531bee): /home/sek519/warm_starting/vws/../vpc/src/utility/nbspace.cpp:368: Ray 321: Calculated dot product with obj differs from solver's. Obj viol from solver: 11.38349987. Calculated: 11.38349976.
*** WARNING (version #1531bee): /home/sek519/warm_starting/vws/../vpc/src/utility/nbspace.cpp:368: Ray 645: Calculated dot product with obj differs from solver's. Obj viol from solver: 2.80443007. Calculated: 2.80443020.
*** WARNING (version #1531bee): /home/sek519/warm_starting/vws/../vpc/src/utility/nbspace.cpp:368: Ray 90: Calculated dot product with obj differs from solver's. Obj viol from solver: 4.25039267. Calculated: 4.25039257.
*** WARNING (version #1531bee): /home/sek519/warm_starting/vws/../vpc/src/utility/nbspace.cpp:368: Ray 91: Calculated dot product with obj differs from solver's. Obj viol from solver: 1.24953086. Calculated: 1.24953072.
*** WARNING (version #1531bee): /home/sek519/warm_starting/vws/../vpc/src/utility/nbspace.cpp:368: Ray 102: Calculated dot product with obj differs from solver's. Obj viol from solver: 1.40585603. Calculated: 1.40585589.
*** WARNING (version #1531bee): /home/sek519/warm_starting/vws/../vpc/src/utility/nbspace.cpp:368: Ray 111: Calculated dot product with obj differs from solver's. Obj viol from solver: 7.75046914. Calculated: 7.75046928.
*** WARNING (version #1531bee): /home/sek519/warm_starting/vws/../vpc/src/utility/nbspace.cpp:368: Ray 156: Calculated dot product with obj differs from solver's. Obj viol from solver: 0.57329824. Calculated: 0.57329837.
*** WARNING (version #1531bee): /home/sek519/warm_starting/vws/../vpc/src/utility/nbspace.cpp:368: Ray 216: Calculated dot product with obj differs from solver's. Obj viol from solver: 0.75046914. Calculated: 0.75046928.
*** WARNING (version #1531bee): /home/sek519/warm_starting/vws/../vpc/src/utility/nbspace.cpp:368: Ray 322: Calculated dot product with obj differs from solver's. Obj viol from solver: 4.60603590. Calculated: 4.60603579.
*** WARNING (version #1531bee): /home/sek519/warm_starting/vws/../vpc/src/utility/nbspace.cpp:368: Ray 412: Calculated dot product with obj differs from solver's. Obj viol from solver: 3.75046914. Calculated: 3.75046928.
*** WARNING (version #1531bee): /home/sek519/warm_starting/vws/../vpc/src/utility/nbspace.cpp:368: Ray 493: Calculated dot product with obj differs from solver's. Obj viol from solver: 5.24953086. Calculated: 5.24953072.
*** WARNING (version #1531bee): /home/sek519/warm_starting/vws/../vpc/src/utility/nbspace.cpp:368: Ray 497: Calculated dot product with obj differs from solver's. Obj viol from solver: 2.24953086. Calculated: 2.24953072.
*** WARNING (version #1531bee): /home/sek519/warm_starting/vws/../vpc/src/utility/nbspace.cpp:368: Ray 550: Calculated dot product with obj differs from solver's. Obj viol from solver: 0.24953086. Calculated: 0.24953072.
*** WARNING (version #1531bee): /home/sek519/warm_starting/vws/../vpc/src/utility/nbspace.cpp:368: Ray 576: Calculated dot product with obj differs from solver's. Obj viol from solver: 7.24953086. Calculated: 7.24953072.
*** WARNING (version #1531bee): /home/sek519/warm_starting/vws/../vpc/src/utility/nbspace.cpp:368: Ray 578: Calculated dot product with obj differs from solver's. Obj viol from solver: 4.24953086. Calculated: 4.24953072.
*** WARNING (version #1531bee): /home/sek519/warm_starting/vws/../vpc/src/utility/nbspace.cpp:368: Ray 614: Calculated dot product with obj differs from solver's. Obj viol from solver: 4.75046914. Calculated: 4.75046928.
*** WARNING (version #1531bee): /home/sek519/warm_starting/vws/../vpc/src/utility/nbspace.cpp:368: Ray 620: Calculated dot product with obj differs from solver's. Obj viol from solver: 2.75046914. Calculated: 2.75046928.
*** WARNING (version #1531bee): /home/sek519/warm_starting/vws/../vpc/src/utility/nbspace.cpp:368: Ray 630: Calculated dot product with obj differs from solver's. Obj viol from solver: 3.75046914. Calculated: 3.75046928.
*** WARNING (version #1531bee): /home/sek519/warm_starting/vws/../vpc/src/utility/nbspace.cpp:368: Ray 869: Calculated dot product with obj differs from solver's. Obj viol from solver: 2.75046914. Calculated: 2.75046928.
*** WARNING (version #1531bee): /home/sek519/warm_starting/vws/../vpc/src/utility/nbspace.cpp:368: Ray 324: Calculated dot product with obj differs from solver's. Obj viol from solver: 3.14676396. Calculated: 3.14676409.
messed up a farkas cofficient
setting all farkas coefficients to 0
messed up a farkas cofficient
setting all farkas coefficients to 0
messed up a farkas cofficient
setting all farkas coefficients to 0
messed up a farkas cofficient
setting all farkas coefficients to 0
messed up a farkas cofficient
setting all farkas coefficients to 0
messed up a farkas cofficient
setting all farkas coefficients to 0
messed up a farkas cofficient
setting all farkas coefficients to 0
messed up a farkas cofficient
setting all farkas coefficients to 0
messed up a farkas cofficient
setting all farkas coefficients to 0
messed up a farkas cofficient
setting all farkas coefficients to 0
messed up a farkas cofficient
setting all farkas coefficients to 0
messed up a farkas cofficient
setting all farkas coefficients to 0
messed up a farkas cofficient
setting all farkas coefficients to 0
messed up a farkas cofficient
setting all farkas coefficients to 0
messed up a farkas cofficient
setting all farkas coefficients to 0
*** WARNING (version #1531bee): /home/sek519/warm_starting/vws/../vpc/src/utility/nbspace.cpp:368: Ray 2: Calculated dot product with obj differs from solver's. Obj viol from solver: 0.71131416. Calculated: 0.71131427.
*** WARNING (version #1531bee): /home/sek519/warm_starting/vws/../vpc/src/utility/nbspace.cpp:368: Ray 93: Calculated dot product with obj differs from solver's. Obj viol from solver: 0.96678086. Calculated: 0.96678100.
*** WARNING (version #1531bee): /home/sek519/warm_starting/vws/../vpc/src/utility/nbspace.cpp:368: Ray 208: Calculated dot product with obj differs from solver's. Obj viol from solver: 1.96678086. Calculated: 1.96678100.
messed up a farkas cofficient
setting all farkas coefficients to 0
*** ERROR (version #1531bee): /home/sek519/warm_starting/vws/../vpc/src/test/GurobiHelper.cpp:488: Gurobi: Exception caught: Out of memory
