*** WARNING (version #95fe077): /home/sek519/warm_starting/vws/../vpc/src/cut/CglVPC.cpp:683: Nonbasic reduced cost should be >= 0 in the complemented nonbasic space. However, for nb var 235 (real var 300), it is -8.500263e-07. Small enough error that we only send warning.
*** WARNING (version #95fe077): /home/sek519/warm_starting/vws/../vpc/src/cut/CglVPC.cpp:683: Nonbasic reduced cost should be >= 0 in the complemented nonbasic space. However, for nb var 366 (real var 451), it is -8.500524e-07. Small enough error that we only send warning.
*** WARNING (version #95fe077): /home/sek519/warm_starting/vws/../vpc/src/utility/nbspace.cpp:354: Ray 300: dot product with obj < 0. Obj viol from solver: -0.00000085. Calculated: -0.00000085.
*** WARNING (version #95fe077): /home/sek519/warm_starting/vws/../vpc/src/cut/CglVPC.cpp:1242: Term 17 ray 235 does not satisfy the objective cut. Activity: -0.00000085. RHS: 0.00000000. Small enough violation that we only send a warning.
*** WARNING (version #95fe077): /home/sek519/warm_starting/vws/../vpc/src/utility/nbspace.cpp:354: Ray 451: dot product with obj < 0. Obj viol from solver: -0.00000085. Calculated: -0.00000085.
*** WARNING (version #95fe077): /home/sek519/warm_starting/vws/../vpc/src/cut/CglVPC.cpp:1242: Term 17 ray 366 does not satisfy the objective cut. Activity: -0.00000085. RHS: 0.00000000. Small enough violation that we only send a warning.
messed up a farkas cofficient
setting all farkas coefficients to 0
messed up a farkas cofficient
setting all farkas coefficients to 0
messed up a farkas cofficient
setting all farkas coefficients to 0
messed up a farkas cofficient
setting all farkas coefficients to 0
messed up a farkas cofficient
setting all farkas coefficients to 0
messed up a farkas cofficient
setting all farkas coefficients to 0
messed up a farkas cofficient
setting all farkas coefficients to 0
messed up a farkas cofficient
setting all farkas coefficients to 0
messed up a farkas cofficient
setting all farkas coefficients to 0
messed up a farkas cofficient
setting all farkas coefficients to 0
messed up a farkas cofficient
setting all farkas coefficients to 0
messed up a farkas cofficient
setting all farkas coefficients to 0
messed up a farkas cofficient
setting all farkas coefficients to 0
messed up a farkas cofficient
setting all farkas coefficients to 0
messed up a farkas cofficient
setting all farkas coefficients to 0
messed up a farkas cofficient
setting all farkas coefficients to 0
messed up a farkas cofficient
setting all farkas coefficients to 0
messed up a farkas cofficient
setting all farkas coefficients to 0
messed up a farkas cofficient
setting all farkas coefficients to 0
messed up a farkas cofficient
setting all farkas coefficients to 0
messed up a farkas cofficient
setting all farkas coefficients to 0
messed up a farkas cofficient
setting all farkas coefficients to 0
messed up a farkas cofficient
setting all farkas coefficients to 0
messed up a farkas cofficient
setting all farkas coefficients to 0
messed up a farkas cofficient
setting all farkas coefficients to 0
messed up a farkas cofficient
setting all farkas coefficients to 0
messed up a farkas cofficient
setting all farkas coefficients to 0
messed up a farkas cofficient
setting all farkas coefficients to 0
messed up a farkas cofficient
setting all farkas coefficients to 0
messed up a farkas cofficient
setting all farkas coefficients to 0
messed up a farkas cofficient
setting all farkas coefficients to 0
messed up a farkas cofficient
setting all farkas coefficients to 0
*** WARNING (version #95fe077): /home/sek519/warm_starting/vws/../vpc/src/cut/CglVPC.cpp:683: Nonbasic reduced cost should be >= 0 in the complemented nonbasic space. However, for nb var 351 (real var 451), it is -8.500339e-07. Small enough error that we only send warning.
*** WARNING (version #95fe077): /home/sek519/warm_starting/vws/../vpc/src/utility/nbspace.cpp:354: Ray 451: dot product with obj < 0. Obj viol from solver: -0.00000085. Calculated: -0.00000085.
*** WARNING (version #95fe077): /home/sek519/warm_starting/vws/../vpc/src/cut/CglVPC.cpp:1242: Term 17 ray 351 does not satisfy the objective cut. Activity: -0.00000085. RHS: 0.00000000. Small enough violation that we only send a warning.
*** WARNING (version #95fe077): /home/sek519/warm_starting/vws/../vpc/src/cut/CglVPC.cpp:683: Nonbasic reduced cost should be >= 0 in the complemented nonbasic space. However, for nb var 912 (real var 1080), it is -1.418583e-06. Small enough error that we only send warning.
*** WARNING (version #95fe077): /home/sek519/warm_starting/vws/../vpc/src/utility/nbspace.cpp:354: Ray 1080: dot product with obj < 0. Obj viol from solver: -0.00000142. Calculated: -0.00000142.
*** WARNING (version #95fe077): /home/sek519/warm_starting/vws/../vpc/src/cut/CglVPC.cpp:1242: Term 17 ray 912 does not satisfy the objective cut. Activity: -0.00000142. RHS: 0.00000000. Small enough violation that we only send a warning.
*** WARNING (version #95fe077): /home/sek519/warm_starting/vws/../vpc/src/cut/CglVPC.cpp:683: Nonbasic reduced cost should be >= 0 in the complemented nonbasic space. However, for nb var 212 (real var 279), it is -1.199107e-06. Small enough error that we only send warning.
*** WARNING (version #95fe077): /home/sek519/warm_starting/vws/../vpc/src/cut/CglVPC.cpp:683: Nonbasic reduced cost should be >= 0 in the complemented nonbasic space. However, for nb var 436 (real var 541), it is -1.199092e-06. Small enough error that we only send warning.
*** WARNING (version #95fe077): /home/sek519/warm_starting/vws/../vpc/src/utility/nbspace.cpp:354: Ray 279: dot product with obj < 0. Obj viol from solver: -0.00000120. Calculated: -0.00000120.
*** WARNING (version #95fe077): /home/sek519/warm_starting/vws/../vpc/src/cut/CglVPC.cpp:1242: Term 54 ray 212 does not satisfy the objective cut. Activity: -0.00000120. RHS: 0.00000000. Small enough violation that we only send a warning.
*** WARNING (version #95fe077): /home/sek519/warm_starting/vws/../vpc/src/utility/nbspace.cpp:354: Ray 541: dot product with obj < 0. Obj viol from solver: -0.00000120. Calculated: -0.00000120.
*** WARNING (version #95fe077): /home/sek519/warm_starting/vws/../vpc/src/cut/CglVPC.cpp:1242: Term 54 ray 436 does not satisfy the objective cut. Activity: -0.00000120. RHS: 0.00000000. Small enough violation that we only send a warning.
*** WARNING (version #95fe077): /home/sek519/warm_starting/vws/../vpc/src/cut/CglVPC.cpp:683: Nonbasic reduced cost should be >= 0 in the complemented nonbasic space. However, for nb var 535 (real var 650), it is -5.696158e-06. Small enough error that we only send warning.
*** WARNING (version #95fe077): /home/sek519/warm_starting/vws/../vpc/src/cut/CglVPC.cpp:683: Nonbasic reduced cost should be >= 0 in the complemented nonbasic space. However, for nb var 690 (real var 813), it is -5.696151e-06. Small enough error that we only send warning.
*** WARNING (version #95fe077): /home/sek519/warm_starting/vws/../vpc/src/utility/nbspace.cpp:354: Ray 650: dot product with obj < 0. Obj viol from solver: -0.00000570. Calculated: -0.00000570.
*** WARNING (version #95fe077): /home/sek519/warm_starting/vws/../vpc/src/cut/CglVPC.cpp:1242: Term 107 ray 535 does not satisfy the objective cut. Activity: -0.00000570. RHS: 0.00000000. Small enough violation that we only send a warning.
*** WARNING (version #95fe077): /home/sek519/warm_starting/vws/../vpc/src/utility/nbspace.cpp:354: Ray 813: dot product with obj < 0. Obj viol from solver: -0.00000570. Calculated: -0.00000570.
*** WARNING (version #95fe077): /home/sek519/warm_starting/vws/../vpc/src/cut/CglVPC.cpp:1242: Term 107 ray 690 does not satisfy the objective cut. Activity: -0.00000570. RHS: 0.00000000. Small enough violation that we only send a warning.
