*** WARNING (version #95fe077): /home/sek519/warm_starting/vws/../vpc/src/cut/CglVPC.cpp:683: Nonbasic reduced cost should be >= 0 in the complemented nonbasic space. However, for nb var 235 (real var 300), it is -8.500263e-07. Small enough error that we only send warning.
*** WARNING (version #95fe077): /home/sek519/warm_starting/vws/../vpc/src/cut/CglVPC.cpp:683: Nonbasic reduced cost should be >= 0 in the complemented nonbasic space. However, for nb var 366 (real var 451), it is -8.500524e-07. Small enough error that we only send warning.
*** WARNING (version #95fe077): /home/sek519/warm_starting/vws/../vpc/src/utility/nbspace.cpp:354: Ray 300: dot product with obj < 0. Obj viol from solver: -0.00000085. Calculated: -0.00000085.
*** WARNING (version #95fe077): /home/sek519/warm_starting/vws/../vpc/src/cut/CglVPC.cpp:1242: Term 17 ray 235 does not satisfy the objective cut. Activity: -0.00000085. RHS: 0.00000000. Small enough violation that we only send a warning.
*** WARNING (version #95fe077): /home/sek519/warm_starting/vws/../vpc/src/utility/nbspace.cpp:354: Ray 451: dot product with obj < 0. Obj viol from solver: -0.00000085. Calculated: -0.00000085.
*** WARNING (version #95fe077): /home/sek519/warm_starting/vws/../vpc/src/cut/CglVPC.cpp:1242: Term 17 ray 366 does not satisfy the objective cut. Activity: -0.00000085. RHS: 0.00000000. Small enough violation that we only send a warning.
messed up a farkas cofficient
setting all farkas coefficients to 0
messed up a farkas cofficient
setting all farkas coefficients to 0
messed up a farkas cofficient
setting all farkas coefficients to 0
messed up a farkas cofficient
setting all farkas coefficients to 0
messed up a farkas cofficient
setting all farkas coefficients to 0
messed up a farkas cofficient
setting all farkas coefficients to 0
messed up a farkas cofficient
setting all farkas coefficients to 0
messed up a farkas cofficient
setting all farkas coefficients to 0
messed up a farkas cofficient
setting all farkas coefficients to 0
messed up a farkas cofficient
setting all farkas coefficients to 0
messed up a farkas cofficient
setting all farkas coefficients to 0
messed up a farkas cofficient
setting all farkas coefficients to 0
messed up a farkas cofficient
setting all farkas coefficients to 0
messed up a farkas cofficient
setting all farkas coefficients to 0
messed up a farkas cofficient
setting all farkas coefficients to 0
messed up a farkas cofficient
setting all farkas coefficients to 0
messed up a farkas cofficient
setting all farkas coefficients to 0
messed up a farkas cofficient
setting all farkas coefficients to 0
messed up a farkas cofficient
setting all farkas coefficients to 0
messed up a farkas cofficient
setting all farkas coefficients to 0
messed up a farkas cofficient
setting all farkas coefficients to 0
messed up a farkas cofficient
setting all farkas coefficients to 0
messed up a farkas cofficient
setting all farkas coefficients to 0
messed up a farkas cofficient
setting all farkas coefficients to 0
messed up a farkas cofficient
setting all farkas coefficients to 0
messed up a farkas cofficient
setting all farkas coefficients to 0
messed up a farkas cofficient
setting all farkas coefficients to 0
messed up a farkas cofficient
setting all farkas coefficients to 0
messed up a farkas cofficient
setting all farkas coefficients to 0
messed up a farkas cofficient
setting all farkas coefficients to 0
messed up a farkas cofficient
setting all farkas coefficients to 0
messed up a farkas cofficient
setting all farkas coefficients to 0
*** WARNING (version #95fe077): /home/sek519/warm_starting/vws/../vpc/src/utility/nbspace.cpp:368: Ray 593: Calculated dot product with obj differs from solver's. Obj viol from solver: 4.28930554. Calculated: 4.28930543.
*** WARNING (version #95fe077): /home/sek519/warm_starting/vws/../vpc/src/utility/nbspace.cpp:368: Ray 156: Calculated dot product with obj differs from solver's. Obj viol from solver: 2.03705299. Calculated: 2.03705288.
*** WARNING (version #95fe077): /home/sek519/warm_starting/vws/../vpc/src/utility/nbspace.cpp:368: Ray 228: Calculated dot product with obj differs from solver's. Obj viol from solver: 4.52531006. Calculated: 4.52531016.
*** WARNING (version #95fe077): /home/sek519/warm_starting/vws/../vpc/src/utility/nbspace.cpp:368: Ray 279: Calculated dot product with obj differs from solver's. Obj viol from solver: 0.02083409. Calculated: 0.02083397.
*** WARNING (version #95fe077): /home/sek519/warm_starting/vws/../vpc/src/utility/nbspace.cpp:368: Ray 591: Calculated dot product with obj differs from solver's. Obj viol from solver: 11.13317201. Calculated: 11.13317212.
*** WARNING (version #95fe077): /home/sek519/warm_starting/vws/../vpc/src/utility/nbspace.cpp:368: Ray 1268: Calculated dot product with obj differs from solver's. Obj viol from solver: 5.97916591. Calculated: 5.97916603.
*** WARNING (version #95fe077): /home/sek519/warm_starting/vws/../vpc/src/utility/nbspace.cpp:368: Ray 51: Calculated dot product with obj differs from solver's. Obj viol from solver: 3.83581928. Calculated: 3.83581917.
*** WARNING (version #95fe077): /home/sek519/warm_starting/vws/../vpc/src/utility/nbspace.cpp:368: Ray 731: Calculated dot product with obj differs from solver's. Obj viol from solver: 6.83581928. Calculated: 6.83581917.
*** WARNING (version #95fe077): /home/sek519/warm_starting/vws/../vpc/src/utility/nbspace.cpp:368: Ray 763: Calculated dot product with obj differs from solver's. Obj viol from solver: 0.83581928. Calculated: 0.83581917.
*** WARNING (version #95fe077): /home/sek519/warm_starting/vws/../vpc/src/utility/nbspace.cpp:368: Ray 764: Calculated dot product with obj differs from solver's. Obj viol from solver: 1.83581928. Calculated: 1.83581917.
*** WARNING (version #95fe077): /home/sek519/warm_starting/vws/../vpc/src/utility/nbspace.cpp:368: Ray 765: Calculated dot product with obj differs from solver's. Obj viol from solver: 8.35866726. Calculated: 8.35866714.
*** WARNING (version #95fe077): /home/sek519/warm_starting/vws/../vpc/src/utility/nbspace.cpp:368: Ray 794: Calculated dot product with obj differs from solver's. Obj viol from solver: 3.83587187. Calculated: 3.83587175.
*** WARNING (version #95fe077): /home/sek519/warm_starting/vws/../vpc/src/utility/nbspace.cpp:368: Ray 1: Calculated dot product with obj differs from solver's. Obj viol from solver: 4.56163364. Calculated: 4.56163351.
*** WARNING (version #95fe077): /home/sek519/warm_starting/vws/../vpc/src/utility/nbspace.cpp:368: Ray 39: Calculated dot product with obj differs from solver's. Obj viol from solver: 8.74126291. Calculated: 8.74126278.
*** WARNING (version #95fe077): /home/sek519/warm_starting/vws/../vpc/src/utility/nbspace.cpp:368: Ray 304: Calculated dot product with obj differs from solver's. Obj viol from solver: 4.25425348. Calculated: 4.25425359.
*** WARNING (version #95fe077): /home/sek519/warm_starting/vws/../vpc/src/utility/nbspace.cpp:368: Ray 1087: Calculated dot product with obj differs from solver's. Obj viol from solver: 2.74126291. Calculated: 2.74126278.
*** WARNING (version #95fe077): /home/sek519/warm_starting/vws/../vpc/src/utility/nbspace.cpp:368: Ray 158: Calculated dot product with obj differs from solver's. Obj viol from solver: 1.82592112. Calculated: 1.82592123.
*** WARNING (version #95fe077): /home/sek519/warm_starting/vws/../vpc/src/utility/nbspace.cpp:368: Ray 280: Calculated dot product with obj differs from solver's. Obj viol from solver: 4.87826128. Calculated: 4.87826118.
messed up a farkas cofficient
setting all farkas coefficients to 0
messed up a farkas cofficient
setting all farkas coefficients to 0
messed up a farkas cofficient
setting all farkas coefficients to 0
messed up a farkas cofficient
setting all farkas coefficients to 0
messed up a farkas cofficient
setting all farkas coefficients to 0
messed up a farkas cofficient
setting all farkas coefficients to 0
messed up a farkas cofficient
setting all farkas coefficients to 0
messed up a farkas cofficient
setting all farkas coefficients to 0
messed up a farkas cofficient
setting all farkas coefficients to 0
messed up a farkas cofficient
setting all farkas coefficients to 0
messed up a farkas cofficient
setting all farkas coefficients to 0
messed up a farkas cofficient
setting all farkas coefficients to 0
messed up a farkas cofficient
setting all farkas coefficients to 0
messed up a farkas cofficient
setting all farkas coefficients to 0
messed up a farkas cofficient
setting all farkas coefficients to 0
messed up a farkas cofficient
setting all farkas coefficients to 0
messed up a farkas cofficient
setting all farkas coefficients to 0
messed up a farkas cofficient
setting all farkas coefficients to 0
messed up a farkas cofficient
setting all farkas coefficients to 0
*** WARNING (version #95fe077): /home/sek519/warm_starting/vws/../vpc/src/utility/nbspace.cpp:368: Ray 87: Calculated dot product with obj differs from solver's. Obj viol from solver: 0.34983936. Calculated: 0.34983922.
*** WARNING (version #95fe077): /home/sek519/warm_starting/vws/../vpc/src/utility/nbspace.cpp:368: Ray 229: Calculated dot product with obj differs from solver's. Obj viol from solver: 2.08809721. Calculated: 2.08809737.
*** WARNING (version #95fe077): /home/sek519/warm_starting/vws/../vpc/src/utility/nbspace.cpp:368: Ray 233: Calculated dot product with obj differs from solver's. Obj viol from solver: 0.90703591. Calculated: 0.90703604.
*** WARNING (version #95fe077): /home/sek519/warm_starting/vws/../vpc/src/utility/nbspace.cpp:368: Ray 238: Calculated dot product with obj differs from solver's. Obj viol from solver: 2.07964249. Calculated: 2.07964266.
*** WARNING (version #95fe077): /home/sek519/warm_starting/vws/../vpc/src/utility/nbspace.cpp:368: Ray 240: Calculated dot product with obj differs from solver's. Obj viol from solver: 0.99143626. Calculated: 0.99143636.
*** WARNING (version #95fe077): /home/sek519/warm_starting/vws/../vpc/src/utility/nbspace.cpp:368: Ray 298: Calculated dot product with obj differs from solver's. Obj viol from solver: 5.65740623. Calculated: 5.65740634.
*** WARNING (version #95fe077): /home/sek519/warm_starting/vws/../vpc/src/utility/nbspace.cpp:368: Ray 322: Calculated dot product with obj differs from solver's. Obj viol from solver: 1.63625137. Calculated: 1.63625148.
*** WARNING (version #95fe077): /home/sek519/warm_starting/vws/../vpc/src/utility/nbspace.cpp:368: Ray 323: Calculated dot product with obj differs from solver's. Obj viol from solver: 1.08271525. Calculated: 1.08271536.
*** WARNING (version #95fe077): /home/sek519/warm_starting/vws/../vpc/src/utility/nbspace.cpp:368: Ray 1177: Calculated dot product with obj differs from solver's. Obj viol from solver: 0.14647592. Calculated: 0.14647602.
*** WARNING (version #95fe077): /home/sek519/warm_starting/vws/../vpc/src/utility/nbspace.cpp:368: Ray 7: Calculated dot product with obj differs from solver's. Obj viol from solver: 0.95321395. Calculated: 0.95321410.
*** WARNING (version #95fe077): /home/sek519/warm_starting/vws/../vpc/src/utility/nbspace.cpp:368: Ray 17: Calculated dot product with obj differs from solver's. Obj viol from solver: 0.96296203. Calculated: 0.96296214.
*** WARNING (version #95fe077): /home/sek519/warm_starting/vws/../vpc/src/utility/nbspace.cpp:368: Ray 22: Calculated dot product with obj differs from solver's. Obj viol from solver: 0.01525284. Calculated: 0.01525274.
*** WARNING (version #95fe077): /home/sek519/warm_starting/vws/../vpc/src/utility/nbspace.cpp:368: Ray 34: Calculated dot product with obj differs from solver's. Obj viol from solver: 2.98021929. Calculated: 2.98021945.
*** WARNING (version #95fe077): /home/sek519/warm_starting/vws/../vpc/src/utility/nbspace.cpp:368: Ray 304: Calculated dot product with obj differs from solver's. Obj viol from solver: 4.76650459. Calculated: 4.76650469.
*** WARNING (version #95fe077): /home/sek519/warm_starting/vws/../vpc/src/utility/nbspace.cpp:368: Ray 414: Calculated dot product with obj differs from solver's. Obj viol from solver: 6.76650459. Calculated: 6.76650469.
*** WARNING (version #95fe077): /home/sek519/warm_starting/vws/../vpc/src/utility/nbspace.cpp:368: Ray 450: Calculated dot product with obj differs from solver's. Obj viol from solver: 7.76650459. Calculated: 7.76650469.
*** WARNING (version #95fe077): /home/sek519/warm_starting/vws/../vpc/src/utility/nbspace.cpp:368: Ray 157: Calculated dot product with obj differs from solver's. Obj viol from solver: 0.60339395. Calculated: 0.60339410.
*** WARNING (version #95fe077): /home/sek519/warm_starting/vws/../vpc/src/utility/nbspace.cpp:368: Ray 158: Calculated dot product with obj differs from solver's. Obj viol from solver: 0.78221250. Calculated: 0.78221266.
*** WARNING (version #95fe077): /home/sek519/warm_starting/vws/../vpc/src/utility/nbspace.cpp:368: Ray 300: Calculated dot product with obj differs from solver's. Obj viol from solver: 0.59439716. Calculated: 0.59439706.
*** WARNING (version #95fe077): /home/sek519/warm_starting/vws/../vpc/src/utility/nbspace.cpp:368: Ray 451: Calculated dot product with obj differs from solver's. Obj viol from solver: 1.59439716. Calculated: 1.59439706.
*** WARNING (version #95fe077): /home/sek519/warm_starting/vws/../vpc/src/utility/nbspace.cpp:368: Ray 470: Calculated dot product with obj differs from solver's. Obj viol from solver: 1.60339395. Calculated: 1.60339410.
*** WARNING (version #95fe077): /home/sek519/warm_starting/vws/../vpc/src/utility/nbspace.cpp:368: Ray 1260: Calculated dot product with obj differs from solver's. Obj viol from solver: 2.19431774. Calculated: 2.19431759.
*** WARNING (version #95fe077): /home/sek519/warm_starting/vws/../vpc/src/utility/nbspace.cpp:368: Ray 1264: Calculated dot product with obj differs from solver's. Obj viol from solver: 0.73595334. Calculated: 0.73595350.
*** WARNING (version #95fe077): /home/sek519/warm_starting/vws/../vpc/src/utility/nbspace.cpp:368: Ray 48: Calculated dot product with obj differs from solver's. Obj viol from solver: 0.60596625. Calculated: 0.60596636.
*** WARNING (version #95fe077): /home/sek519/warm_starting/vws/../vpc/src/utility/nbspace.cpp:368: Ray 1263: Calculated dot product with obj differs from solver's. Obj viol from solver: 1.84014982. Calculated: 1.84014996.
*** WARNING (version #95fe077): /home/sek519/warm_starting/vws/../vpc/src/utility/nbspace.cpp:368: Ray 47: Calculated dot product with obj differs from solver's. Obj viol from solver: 3.74605002. Calculated: 3.74605013.
*** WARNING (version #95fe077): /home/sek519/warm_starting/vws/../vpc/src/utility/nbspace.cpp:368: Ray 87: Calculated dot product with obj differs from solver's. Obj viol from solver: 0.34983912. Calculated: 0.34983901.
*** WARNING (version #95fe077): /home/sek519/warm_starting/vws/../vpc/src/utility/nbspace.cpp:368: Ray 1264: Calculated dot product with obj differs from solver's. Obj viol from solver: 0.75006471. Calculated: 0.75006483.
*** WARNING (version #95fe077): /home/sek519/warm_starting/vws/../vpc/src/utility/nbspace.cpp:368: Ray 47: Calculated dot product with obj differs from solver's. Obj viol from solver: 3.74603259. Calculated: 3.74603270.
*** WARNING (version #95fe077): /home/sek519/warm_starting/vws/../vpc/src/utility/nbspace.cpp:368: Ray 87: Calculated dot product with obj differs from solver's. Obj viol from solver: 0.34985709. Calculated: 0.34985697.
*** WARNING (version #95fe077): /home/sek519/warm_starting/vws/../vpc/src/utility/nbspace.cpp:368: Ray 89: Calculated dot product with obj differs from solver's. Obj viol from solver: 0.30212731. Calculated: 0.30212742.
*** WARNING (version #95fe077): /home/sek519/warm_starting/vws/../vpc/src/utility/nbspace.cpp:368: Ray 1264: Calculated dot product with obj differs from solver's. Obj viol from solver: 0.75004621. Calculated: 0.75004633.
messed up a farkas cofficient
setting all farkas coefficients to 0
messed up a farkas cofficient
setting all farkas coefficients to 0
messed up a farkas cofficient
setting all farkas coefficients to 0
messed up a farkas cofficient
setting all farkas coefficients to 0
messed up a farkas cofficient
setting all farkas coefficients to 0
messed up a farkas cofficient
setting all farkas coefficients to 0
messed up a farkas cofficient
setting all farkas coefficients to 0
messed up a farkas cofficient
setting all farkas coefficients to 0
messed up a farkas cofficient
setting all farkas coefficients to 0
messed up a farkas cofficient
setting all farkas coefficients to 0
messed up a farkas cofficient
setting all farkas coefficients to 0
messed up a farkas cofficient
setting all farkas coefficients to 0
messed up a farkas cofficient
setting all farkas coefficients to 0
messed up a farkas cofficient
setting all farkas coefficients to 0
messed up a farkas cofficient
setting all farkas coefficients to 0
messed up a farkas cofficient
setting all farkas coefficients to 0
messed up a farkas cofficient
setting all farkas coefficients to 0
messed up a farkas cofficient
setting all farkas coefficients to 0
messed up a farkas cofficient
setting all farkas coefficients to 0
messed up a farkas cofficient
setting all farkas coefficients to 0
messed up a farkas cofficient
setting all farkas coefficients to 0
messed up a farkas cofficient
setting all farkas coefficients to 0
messed up a farkas cofficient
setting all farkas coefficients to 0
messed up a farkas cofficient
setting all farkas coefficients to 0
messed up a farkas cofficient
setting all farkas coefficients to 0
messed up a farkas cofficient
setting all farkas coefficients to 0
messed up a farkas cofficient
setting all farkas coefficients to 0
messed up a farkas cofficient
setting all farkas coefficients to 0
messed up a farkas cofficient
setting all farkas coefficients to 0
messed up a farkas cofficient
setting all farkas coefficients to 0
messed up a farkas cofficient
setting all farkas coefficients to 0
messed up a farkas cofficient
setting all farkas coefficients to 0
messed up a farkas cofficient
setting all farkas coefficients to 0
messed up a farkas cofficient
setting all farkas coefficients to 0
messed up a farkas cofficient
setting all farkas coefficients to 0
messed up a farkas cofficient
setting all farkas coefficients to 0
messed up a farkas cofficient
setting all farkas coefficients to 0
messed up a farkas cofficient
setting all farkas coefficients to 0
messed up a farkas cofficient
setting all farkas coefficients to 0
messed up a farkas cofficient
setting all farkas coefficients to 0
messed up a farkas cofficient
setting all farkas coefficients to 0
messed up a farkas cofficient
setting all farkas coefficients to 0
messed up a farkas cofficient
setting all farkas coefficients to 0
messed up a farkas cofficient
setting all farkas coefficients to 0
messed up a farkas cofficient
setting all farkas coefficients to 0
messed up a farkas cofficient
setting all farkas coefficients to 0
messed up a farkas cofficient
setting all farkas coefficients to 0
messed up a farkas cofficient
setting all farkas coefficients to 0
messed up a farkas cofficient
setting all farkas coefficients to 0
*** WARNING (version #95fe077): /home/sek519/warm_starting/vws/../vpc/src/utility/nbspace.cpp:368: Ray 89: Calculated dot product with obj differs from solver's. Obj viol from solver: 3.03622508. Calculated: 3.03622520.
*** WARNING (version #95fe077): /home/sek519/warm_starting/vws/../vpc/src/utility/nbspace.cpp:368: Ray 159: Calculated dot product with obj differs from solver's. Obj viol from solver: 2.26787294. Calculated: 2.26787308.
*** WARNING (version #95fe077): /home/sek519/warm_starting/vws/../vpc/src/utility/nbspace.cpp:368: Ray 250: Calculated dot product with obj differs from solver's. Obj viol from solver: 10.45063751. Calculated: 10.45063731.
*** WARNING (version #95fe077): /home/sek519/warm_starting/vws/../vpc/src/utility/nbspace.cpp:368: Ray 1: Calculated dot product with obj differs from solver's. Obj viol from solver: 2.70797426. Calculated: 2.70797438.
*** WARNING (version #95fe077): /home/sek519/warm_starting/vws/../vpc/src/utility/nbspace.cpp:368: Ray 7: Calculated dot product with obj differs from solver's. Obj viol from solver: 5.83914432. Calculated: 5.83914413.
*** WARNING (version #95fe077): /home/sek519/warm_starting/vws/../vpc/src/utility/nbspace.cpp:368: Ray 249: Calculated dot product with obj differs from solver's. Obj viol from solver: 2.51365910. Calculated: 2.51365921.
*** WARNING (version #95fe077): /home/sek519/warm_starting/vws/../vpc/src/utility/nbspace.cpp:368: Ray 1245: Calculated dot product with obj differs from solver's. Obj viol from solver: 0.06683032. Calculated: 0.06683020.
*** WARNING (version #95fe077): /home/sek519/warm_starting/vws/../vpc/src/utility/nbspace.cpp:368: Ray 1268: Calculated dot product with obj differs from solver's. Obj viol from solver: 5.97779805. Calculated: 5.97779794.
*** WARNING (version #95fe077): /home/sek519/warm_starting/vws/../vpc/src/utility/nbspace.cpp:368: Ray 23: Calculated dot product with obj differs from solver's. Obj viol from solver: 5.99607969. Calculated: 5.99607956.
*** WARNING (version #95fe077): /home/sek519/warm_starting/vws/../vpc/src/utility/nbspace.cpp:368: Ray 273: Calculated dot product with obj differs from solver's. Obj viol from solver: 2.69105066. Calculated: 2.69105051.
*** WARNING (version #95fe077): /home/sek519/warm_starting/vws/../vpc/src/utility/nbspace.cpp:368: Ray 894: Calculated dot product with obj differs from solver's. Obj viol from solver: 249.96939155. Calculated: 249.96939140.
*** WARNING (version #95fe077): /home/sek519/warm_starting/vws/../vpc/src/utility/nbspace.cpp:368: Ray 1: Calculated dot product with obj differs from solver's. Obj viol from solver: 2.70797428. Calculated: 2.70797414.
*** WARNING (version #95fe077): /home/sek519/warm_starting/vws/../vpc/src/utility/nbspace.cpp:368: Ray 7: Calculated dot product with obj differs from solver's. Obj viol from solver: 5.83914430. Calculated: 5.83914443.
*** WARNING (version #95fe077): /home/sek519/warm_starting/vws/../vpc/src/utility/nbspace.cpp:368: Ray 23: Calculated dot product with obj differs from solver's. Obj viol from solver: 5.99607881. Calculated: 5.99607891.
*** WARNING (version #95fe077): /home/sek519/warm_starting/vws/../vpc/src/utility/nbspace.cpp:368: Ray 241: Calculated dot product with obj differs from solver's. Obj viol from solver: 0.80259410. Calculated: 0.80259400.
*** WARNING (version #95fe077): /home/sek519/warm_starting/vws/../vpc/src/utility/nbspace.cpp:368: Ray 283: Calculated dot product with obj differs from solver's. Obj viol from solver: 3.69468769. Calculated: 3.69468781.
*** WARNING (version #95fe077): /home/sek519/warm_starting/vws/../vpc/src/utility/nbspace.cpp:368: Ray 304: Calculated dot product with obj differs from solver's. Obj viol from solver: 4.86390094. Calculated: 4.86390105.
*** WARNING (version #95fe077): /home/sek519/warm_starting/vws/../vpc/src/utility/nbspace.cpp:368: Ray 458: Calculated dot product with obj differs from solver's. Obj viol from solver: 3.69468769. Calculated: 3.69468781.
*** WARNING (version #95fe077): /home/sek519/warm_starting/vws/../vpc/src/utility/nbspace.cpp:368: Ray 591: Calculated dot product with obj differs from solver's. Obj viol from solver: 4.69468769. Calculated: 4.69468781.
*** WARNING (version #95fe077): /home/sek519/warm_starting/vws/../vpc/src/utility/nbspace.cpp:368: Ray 706: Calculated dot product with obj differs from solver's. Obj viol from solver: 1.69468769. Calculated: 1.69468781.
*** WARNING (version #95fe077): /home/sek519/warm_starting/vws/../vpc/src/utility/nbspace.cpp:368: Ray 776: Calculated dot product with obj differs from solver's. Obj viol from solver: 678.13527573. Calculated: 678.13527562.
*** WARNING (version #95fe077): /home/sek519/warm_starting/vws/../vpc/src/utility/nbspace.cpp:368: Ray 1268: Calculated dot product with obj differs from solver's. Obj viol from solver: 5.22257991. Calculated: 5.22258002.
*** WARNING (version #95fe077): /home/sek519/warm_starting/vws/../vpc/src/utility/nbspace.cpp:368: Ray 1269: Calculated dot product with obj differs from solver's. Obj viol from solver: 2.14365323. Calculated: 2.14365335.
*** WARNING (version #95fe077): /home/sek519/warm_starting/vws/../vpc/src/utility/nbspace.cpp:368: Ray 273: Calculated dot product with obj differs from solver's. Obj viol from solver: 1.21398814. Calculated: 1.21398827.
*** WARNING (version #95fe077): /home/sek519/warm_starting/vws/../vpc/src/utility/nbspace.cpp:368: Ray 699: Calculated dot product with obj differs from solver's. Obj viol from solver: 2.21398814. Calculated: 2.21398827.
*** WARNING (version #95fe077): /home/sek519/warm_starting/vws/../vpc/src/utility/nbspace.cpp:368: Ray 23: Calculated dot product with obj differs from solver's. Obj viol from solver: 6.65202533. Calculated: 6.65202544.
*** WARNING (version #95fe077): /home/sek519/warm_starting/vws/../vpc/src/utility/nbspace.cpp:368: Ray 1202: Calculated dot product with obj differs from solver's. Obj viol from solver: 0.43355328. Calculated: 0.43355316.
*** WARNING (version #95fe077): /home/sek519/warm_starting/vws/../vpc/src/utility/nbspace.cpp:368: Ray 1265: Calculated dot product with obj differs from solver's. Obj viol from solver: 2.02881689. Calculated: 2.02881677.
*** WARNING (version #95fe077): /home/sek519/warm_starting/vws/../vpc/src/utility/nbspace.cpp:368: Ray 284: Calculated dot product with obj differs from solver's. Obj viol from solver: 2.00011592. Calculated: 2.00011578.
*** WARNING (version #95fe077): /home/sek519/warm_starting/vws/../vpc/src/utility/nbspace.cpp:368: Ray 541: Calculated dot product with obj differs from solver's. Obj viol from solver: 7.00275015. Calculated: 7.00275029.
*** WARNING (version #95fe077): /home/sek519/warm_starting/vws/../vpc/src/utility/nbspace.cpp:368: Ray 707: Calculated dot product with obj differs from solver's. Obj viol from solver: 4.00011592. Calculated: 4.00011578.
*** WARNING (version #95fe077): /home/sek519/warm_starting/vws/../vpc/src/utility/nbspace.cpp:368: Ray 49: Calculated dot product with obj differs from solver's. Obj viol from solver: 1.21808168. Calculated: 1.21808186.
*** WARNING (version #95fe077): /home/sek519/warm_starting/vws/../vpc/src/utility/nbspace.cpp:368: Ray 243: Calculated dot product with obj differs from solver's. Obj viol from solver: 1.05339678. Calculated: 1.05339664.
*** WARNING (version #95fe077): /home/sek519/warm_starting/vws/../vpc/src/utility/nbspace.cpp:368: Ray 280: Calculated dot product with obj differs from solver's. Obj viol from solver: 6.67569580. Calculated: 6.67569569.
*** WARNING (version #95fe077): /home/sek519/warm_starting/vws/../vpc/src/utility/nbspace.cpp:368: Ray 324: Calculated dot product with obj differs from solver's. Obj viol from solver: 9.32142208. Calculated: 9.32142196.
*** WARNING (version #95fe077): /home/sek519/warm_starting/vws/../vpc/src/utility/nbspace.cpp:368: Ray 659: Calculated dot product with obj differs from solver's. Obj viol from solver: 503.09368449. Calculated: 503.09368439.
*** WARNING (version #95fe077): /home/sek519/warm_starting/vws/../vpc/src/utility/nbspace.cpp:368: Ray 1265: Calculated dot product with obj differs from solver's. Obj viol from solver: 4.40208831. Calculated: 4.40208818.
*** WARNING (version #95fe077): /home/sek519/warm_starting/vws/../vpc/src/utility/nbspace.cpp:368: Ray 16: Calculated dot product with obj differs from solver's. Obj viol from solver: 6.17059892. Calculated: 6.17059879.
*** WARNING (version #95fe077): /home/sek519/warm_starting/vws/../vpc/src/utility/nbspace.cpp:368: Ray 23: Calculated dot product with obj differs from solver's. Obj viol from solver: 5.99607626. Calculated: 5.99607642.
*** WARNING (version #95fe077): /home/sek519/warm_starting/vws/../vpc/src/utility/nbspace.cpp:368: Ray 283: Calculated dot product with obj differs from solver's. Obj viol from solver: 3.48586474. Calculated: 3.48586488.
*** WARNING (version #95fe077): /home/sek519/warm_starting/vws/../vpc/src/utility/nbspace.cpp:368: Ray 288: Calculated dot product with obj differs from solver's. Obj viol from solver: 2.48586474. Calculated: 2.48586488.
*** WARNING (version #95fe077): /home/sek519/warm_starting/vws/../vpc/src/utility/nbspace.cpp:368: Ray 591: Calculated dot product with obj differs from solver's. Obj viol from solver: 3.57410550. Calculated: 3.57410572.
*** WARNING (version #95fe077): /home/sek519/warm_starting/vws/../vpc/src/utility/nbspace.cpp:368: Ray 772: Calculated dot product with obj differs from solver's. Obj viol from solver: 811.24698250. Calculated: 811.24698261.
*** WARNING (version #95fe077): /home/sek519/warm_starting/vws/../vpc/src/utility/nbspace.cpp:368: Ray 1277: Calculated dot product with obj differs from solver's. Obj viol from solver: 2.12578113. Calculated: 2.12578132.
