156: cut: -8.72419e+06	calc: -8.72419e+06	diff: 1.04308e-07
*** WARNING (version #53bfdf0): src/VwsUtility.cpp:280: Number of differences between true and calculated cuts: 1. Total difference: 1.04308e-07. Small enough difference that we will try to continue, but beware of numerical issues.
x:
x[0] = 2.27114e-11
x[1] = 1.25006e-11
x[2] = -1.34868e-12
x[3] = 1.40609e-11
x[4] = 0
x[5] = 0
x[6] = -2.03114e-13
x[7] = -3.23192e-12
x[8] = -1.0563e-11
x[9] = 9.62218e-12
x[10] = -200.955
x[11] = -2.57884e-11
x[12] = 1.06627e-11
x[13] = 3.86578e-11
x[14] = -2.08831e-11
x[15] = 1.90694e-12
x[16] = -7.90493e-12
x[17] = 6.3275e-12
x[18] = -2.50537e-12
x[19] = -2.42045e-12
x[20] = -8.07271e-12
x[21] = -1.72324e-11
x[22] = 1.41094e-11
x[23] = 4.99717e-12
x[24] = 3.33013e-12
x[25] = 3.00422e-12
x[26] = 4.57867e-12
x[27] = 1.02058e-11
x[28] = -4.34977e-12
x[29] = 1.04248e-11
x[30] = 2.48491e-12
x[31] = -8.42434e-13
x[32] = 3.57386e-13
x[33] = -1.03193e-12
x[34] = 2.92571e-12
x[35] = -1.0821e-11
x[36] = -1.49435e-12
x[37] = -3.73622
x[38] = -2.30596e-12
x[39] = 7.34821e-12
x[40] = 5.13631e-12
x[41] = 1.03118e-11
x[42] = 7.684e-12
x[43] = -6.60888e-12
x[44] = -1.29266e-11
x[45] = -2.70119e-12
x[46] = 0
x[47] = -13878.4
x[48] = -2.37562e-12
x[49] = -1.09523e-11
x[50] = 4.74486e-12
x[51] = -5.90363e-12
x[52] = -1.0551e-11
x[53] = -1.57061e-12
x[54] = -7.7757e-12
x[55] = -1.93116e-12
x[56] = -4.19456e-12
x[57] = 1.13356e-12
x[58] = 6.18114e-12
x[59] = -5.34434e-13
x[60] = 2.97052e-12
x[61] = -2.41544e-12
x[62] = 2.84088e-13
x[63] = 9.92732e-12
x[64] = 4.885e-12
x[65] = 4.78633e-12
x[66] = -1.40899e-12
x[67] = 2.10621e-11
x[68] = 3.61834e-13
x[69] = -3.96311e-12
x[70] = -1.88855e-12
x[71] = -1.24579e-12
x[72] = -1.93389
x[73] = -1.13895e-08
x[74] = 247.058
x[75] = 380.294
x[76] = 0
x[77] = -5.04988e-09
x[78] = 3.28491e-09
x[79] = -6.15117e-10
x[80] = 3.80294
x[81] = 3.80294
x[82] = 3.80294
x[83] = 3.80294
x[84] = 3.80294
x[85] = 3.80294
x[86] = 3.80294
x[87] = 3.80294
x[88] = 3.80294
x[89] = 3.80294
x[90] = 3.80294
x[91] = 3.80294
x[92] = 3.80294
x[93] = 3.80294
x[94] = 3.80294
x[95] = 0
x[96] = -3042.35
x[97] = 1342.57
x[98] = 201569
x[99] = 4.18074e+06
x[100] = 7.24397e+06
x[101] = 7.1646e+06
x[102] = 6009.11
x[103] = 7048.12
x[104] = 8.04167e+06
x[105] = 197492
x[106] = 3330.17
x[107] = 5.49834e+06
x[108] = 2762.74
x[109] = 9.33418e+06
x[110] = 6413.42
x[111] = 487.777
x[112] = 973.086
x[113] = 2776.01
x[114] = 2164.67
x[115] = 339097
x[116] = 4.18202e+06
x[117] = 5.34709e+06
x[118] = 2.13734e+07
x[119] = 2702.16
x[120] = 7015.36
x[121] = 4519.49
x[122] = 8.95678e+06
x[123] = 223089
x[124] = 1.07132e+07
x[125] = 6404.68
x[126] = 6577.22
x[127] = 5.04821e+06
x[128] = 2502.73
x[129] = 9.42463e+06
x[130] = 295.762
x[131] = 3745.83
x[132] = 1110.53
x[133] = 1072.56
x[134] = 3865.39
x[135] = 5031.49
x[136] = 5214.3
x[137] = 4523.03
x[138] = 315.31
x[139] = 1371.39
x[140] = 123122
x[141] = 242530
x[142] = 69135.3
x[143] = 2.35382e+07
x[144] = 6331.23
x[145] = 4179.63
x[146] = 2.01552e+07
x[147] = 714.619
x[148] = 5.60978e+06
x[149] = 8.93917e+06
x[150] = 2.48797e+06
x[151] = 5724.56
x[152] = 1.24907e+06
x[153] = 5696.34
x[154] = 1.65461e+07
x[155] = 127667
x[156] = 2.31416e+06
x[157] = 6394.28
x[158] = 1.08662e+07
x[159] = 2.62527e+07
x[160] = 2.18911e+06
x[161] = 1.96681e+07
x[162] = -6.55692e-08
x[163] = 1.24087e+07
x[164] = 2.20479e+06
x[165] = 3.98674e+06
x[166] = 4.99889e+06
x[167] = 4499.81
x[168] = 4896.72
x[169] = 1.86911e+07
x[170] = 2.12684e+07
x[171] = 4937.55
x[172] = 1.22034e+07
x[173] = 1.26621e+07
x[174] = 1843.36
x[175] = 8.90364e+06
x[176] = 2.20666e+07
x[177] = 4.92637e+06
x[178] = 2574.26
x[179] = 2406.53
x[180] = 7.73115e+06
x[181] = 6338.57
x[182] = 5.10211e+06
x[183] = 9.65541e+06
x[184] = 5080.26
x[185] = 1.40285e+07
x[186] = 73334.2
x[187] = 2.17313e+07
x[188] = 8.30941e+06
x[189] = 1.42614e+07
x[190] = 6558.2
x[191] = 9.73129e+06
x[192] = 1691.24
x[193] = 4.41594e+06
x[194] = 2457.57
x[195] = 3.53265e+06
x[196] = 2.69857e+06
x[197] = 2.27114e-09
x[198] = 1.25006e-09
x[199] = -1.34868e-10
x[200] = 1.43421e-09
x[201] = 0
x[202] = 0
x[203] = -2.03114e-11
x[204] = -3.23192e-10
x[205] = -1.0563e-09
x[206] = 9.62218e-10
x[207] = 1.57161e-09
x[208] = -2.57884e-09
x[209] = 1.06627e-09
x[210] = 3.90444e-09
x[211] = -2.06743e-09
x[212] = 1.926e-10
x[213] = -7.90493e-10
x[214] = -2.50537e-10
x[215] = -2.42045e-10
x[216] = -8.07271e-10
x[217] = -1.72324e-09
x[218] = 1.41094e-09
x[219] = 4.99717e-10
x[220] = 3.36343e-10
x[221] = 3.00422e-10
x[222] = 4.62446e-10
x[223] = 1.02058e-09
x[224] = -4.34977e-10
x[225] = 1.0529e-09
x[226] = 2.48491e-10
x[227] = -8.42434e-11
x[228] = 3.57386e-11
x[229] = -1.03193e-10
x[230] = 2.92571e-10
x[231] = -1.0821e-09
x[232] = -1.50929e-10
x[233] = -2.9047e-11
x[234] = -2.30596e-10
x[235] = 7.34821e-10
x[236] = 5.13631e-10
x[237] = 1.03118e-09
x[238] = 7.684e-10
x[239] = -6.67497e-10
x[240] = -1.29266e-09
x[241] = -2.70119e-10
x[242] = 0
x[243] = -4.65661e-10
x[244] = -2.37562e-10
x[245] = -1.09523e-09
x[246] = 4.74486e-10
x[247] = -5.90363e-10
x[248] = -1.0551e-09
x[249] = -1.57061e-10
x[250] = -7.85345e-10
x[251] = -4.15261e-10
x[252] = 1.12222e-10
x[253] = 6.67182
x[254] = 6.18114e-10
x[255] = -5.34434e-11
x[256] = -2.39129e-10
x[257] = 2.86929e-11
x[258] = 1.00266e-09
x[259] = 4.885e-10
x[260] = 4.78633e-10
x[261] = -1.40899e-10
x[262] = 2.10621e-09
x[263] = -3.96311e-10
x[264] = -1.88855e-10
x[265] = -1.24579e-10
b:
b[0] = 1.86905
b[1] = 1.86905
b[2] = 1.86905
b[3] = 1.86905
b[4] = 1.86905
b[5] = 1.86905
b[6] = 1.86905
b[7] = 1.86905
b[8] = 1.86905
b[9] = 1.86905
b[10] = 1.86905
b[11] = 1.86905
b[12] = 1.86905
b[13] = 1.86905
b[14] = 1.86905
b[15] = 0
b[16] = 0
b[17] = 0
b[18] = 0
b[19] = 0
b[20] = 0
b[21] = 0
b[22] = 0
b[23] = 0
b[24] = 0
b[25] = -200955
b[26] = 0
b[27] = 0
b[28] = 0
b[29] = 0
b[30] = 0
b[31] = 0
b[32] = 0
b[33] = 0
b[34] = 0
b[35] = 0
b[36] = 0
b[37] = 0
b[38] = 0
b[39] = 0
b[40] = 0
b[41] = 0
b[42] = 0
b[43] = 0
b[44] = 0
b[45] = 0
b[46] = 0
b[47] = 0
b[48] = 0
b[49] = 0
b[50] = 0
b[51] = 0
b[52] = -6351.58
b[53] = 0
b[54] = 0
b[55] = 0
b[56] = 0
b[57] = 0
b[58] = 0
b[59] = 0
b[60] = 0
b[61] = 0
b[62] = 0
b[63] = -1.52662e+07
b[64] = 0
b[65] = 0
b[66] = 0
b[67] = 0
b[68] = 0
b[69] = 0
b[70] = 0
b[71] = 0
b[72] = 0
b[73] = 0
b[74] = -247.058
b[75] = 0
b[76] = 0
b[77] = 0
b[78] = -3042.35
b[79] = 0
b[80] = 0
b[81] = 0
b[82] = 0
b[83] = 0
b[84] = 0
b[85] = 0
b[86] = 0
b[87] = 0
b[88] = 0
b[89] = 0
b[90] = -1.5159e+06
b[91] = -1.39072e+07
b[92] = -1.29057e+07
b[93] = -1.07086e+07
b[94] = -3.0747e+06
b[95] = -8.5948e+06
b[96] = -1.30522e+07
b[97] = -1.33849e+07
b[98] = -1.10265e+07
b[99] = -4.75741e+06
b[100] = -1.42391e+07
b[101] = -1.09479e+07
b[102] = -9.06171e+06
b[103] = -7.96949e+06
b[104] = -1.64075e+07
b[105] = -2.44608e+07
b[106] = -1.70312e+07
b[107] = -2.57615e+07
b[108] = -3.98599e+06
b[109] = -2.1692e+07
b[110] = -718691
b[111] = -2.14777e+06
b[112] = -1.91343e+07
b[113] = -1.44416e+07
b[114] = -1.98105e+06
b[115] = -424754
b[116] = -1.55785e+06
b[117] = -1.80503e+06
b[118] = -3.46984e+06
b[119] = -4.10465e+06
b[120] = -1.37055e+07
b[121] = -4.52921e+06
b[122] = -1.58163e+07
b[123] = -8.52143e+06
b[124] = -1.57913e+07
b[125] = -6.53301e+06
b[126] = -3.5882e+06
b[127] = -1.09585e+07
b[128] = -1.43067e+07
b[129] = -9.51678e+06
b[130] = -8.94499e+06
b[131] = -1.16787e+06
b[132] = -5.24594e+06
b[133] = -2.35856e+06
b[134] = -5.62344e+06
b[135] = -1.26724e+07
b[136] = -1.23211e+06
b[137] = -6.86004e+06
b[138] = -1.31723e+07
b[139] = -5.9298e+06
b[140] = -1.68385e+07
b[141] = -1.15813e+07
b[142] = -1.47771e+07
b[143] = -2.37614e+07
b[144] = -485358
b[145] = -1.39163e+07
b[146] = -2.42806e+07
b[147] = -2.58039e+06
b[148] = -5.70379e+06
b[149] = -1.21939e+07
b[150] = -2.93002e+06
b[151] = -1.3355e+07
b[152] = -72541.5
b[153] = -6.56485e+06
b[154] = -5.42272e+06
b[155] = -2.23926e+06
b[156] = -8.72419e+06
b[157] = -2.07066e+07
b[158] = -4.27353e+06
b[159] = -1.92013e+07
b[160] = -726075
b[161] = -1.56154e+07
b[162] = -7.81644e+06
b[163] = -3.76066e+06
b[164] = -1.22341e+07
b[165] = -1.07771e+07
b[166] = -5.62283e+06
b[167] = -1.66123e+07
b[168] = -3.32766e+06
b[169] = -5.06266e+06
b[170] = -2.08332e+07
b[171] = -2.1392e+07
b[172] = -1.50956e+07
b[173] = -1.75405e+07
b[174] = -1.17498e+07
b[175] = -1.6736e+07
b[176] = -7.49512e+06
b[177] = -1.58753e+07
b[178] = -2.45213e+06
b[179] = -6.61122e+06
b[180] = -692868
b[181] = -1.91576e+07
b[182] = -1.34115e+07
b[183] = -8.16588e+06
b[184] = -1.52951e+07
b[185] = -2.90028e+06
b[186] = -2.7912e+06
b[187] = -2.2068e+07
b[188] = -8.87287e+06
b[189] = -1.43299e+07
b[190] = 0
b[191] = 0
b[192] = 0
b[193] = 0
b[194] = 0
b[195] = 0
b[196] = 0
b[197] = 0
b[198] = 0
b[199] = 0
b[200] = 19693.6
b[201] = 0
b[202] = 0
b[203] = 0
b[204] = 0
b[205] = 0
b[206] = 0
b[207] = 0
b[208] = 0
b[209] = 0
b[210] = 0
b[211] = 0
b[212] = 0
b[213] = 0
b[214] = 0
b[215] = 0
b[216] = 0
b[217] = 0
b[218] = 0
b[219] = 0
b[220] = 0
b[221] = 0
b[222] = 0
b[223] = 0
b[224] = 0
b[225] = 0
b[226] = 0
b[227] = 373.622
b[228] = 0
b[229] = 0
b[230] = 0
b[231] = 0
b[232] = 0
b[233] = 0
b[234] = 0
b[235] = 0
b[236] = 0
b[237] = 0
b[238] = 1.38784e+06
b[239] = 0
b[240] = 0
b[241] = 0
b[242] = 0
b[243] = 0
b[244] = 0
b[245] = 0
b[246] = 0
b[247] = 0
b[248] = 0
b[249] = 6.67182
b[250] = 0
b[251] = 0
b[252] = 0
b[253] = 380.294
b[254] = 0
b[255] = 0
b[256] = 0
b[257] = 0
b[258] = 0
b[259] = 0
b[260] = 0
b[261] = 0
b[262] = 0
b[263] = 0
b[264] = 0
b[265] = 14077.5
v:
v[0] = 2.27114e-11
v[1] = 1.25006e-11
v[2] = -1.34868e-12
v[3] = 1.40609e-11
v[4] = 0
v[5] = 0
v[6] = -2.03114e-13
v[7] = -3.23192e-12
v[8] = -1.0563e-11
v[9] = 9.62218e-12
v[10] = -200.955
v[11] = -2.57884e-11
v[12] = 1.06627e-11
v[13] = 3.86578e-11
v[14] = -2.08831e-11
v[15] = 1.90694e-12
v[16] = -7.90493e-12
v[17] = 6.3275e-12
v[18] = -2.50537e-12
v[19] = -2.42045e-12
v[20] = -8.07271e-12
v[21] = -1.72324e-11
v[22] = 1.41094e-11
v[23] = 4.99717e-12
v[24] = 3.33013e-12
v[25] = 3.00422e-12
v[26] = 4.57867e-12
v[27] = 1.02058e-11
v[28] = -4.34977e-12
v[29] = 1.04248e-11
v[30] = 2.48491e-12
v[31] = -8.42434e-13
v[32] = 3.57386e-13
v[33] = -1.03193e-12
v[34] = 2.92571e-12
v[35] = -1.0821e-11
v[36] = -1.49435e-12
v[37] = -3.73622
v[38] = 0
v[39] = -2.30596e-12
v[40] = 7.34821e-12
v[41] = 5.13631e-12
v[42] = 1.03118e-11
v[43] = 7.684e-12
v[44] = -6.60888e-12
v[45] = -1.29266e-11
v[46] = -2.70119e-12
v[47] = 0
v[48] = -13878.4
v[49] = -2.37562e-12
v[50] = -1.09523e-11
v[51] = 4.74486e-12
v[52] = -5.90363e-12
v[53] = -1.0551e-11
v[54] = -1.57061e-12
v[55] = -7.7757e-12
v[56] = -1.93116e-12
v[57] = -4.19456e-12
v[58] = 1.13356e-12
v[59] = 0
v[60] = 6.18114e-12
v[61] = -5.34434e-13
v[62] = 2.97052e-12
v[63] = 0
v[64] = -2.41544e-12
v[65] = 2.84088e-13
v[66] = 9.92732e-12
v[67] = 4.885e-12
v[68] = 4.78633e-12
v[69] = -1.40899e-12
v[70] = 2.10621e-11
v[71] = 3.61834e-13
v[72] = -3.96311e-12
v[73] = -1.88855e-12
v[74] = -1.24579e-12
v[75] = -1.93389
v[76] = -1.13895e-08
v[77] = 247.058
v[78] = 0
v[79] = 0
v[80] = 0
v[81] = 380.294
v[82] = 0
v[83] = 0
v[84] = -5.04988e-09
v[85] = 0
v[86] = 3.28491e-09
v[87] = 0
v[88] = -6.15117e-10
v[89] = 3.80294
v[90] = 3.80294
v[91] = 3.80294
v[92] = 3.80294
v[93] = 3.80294
v[94] = 3.80294
v[95] = 3.80294
v[96] = 3.80294
v[97] = 3.80294
v[98] = 3.80294
v[99] = 3.80294
v[100] = 3.80294
v[101] = 3.80294
v[102] = 3.80294
v[103] = 3.80294
v[104] = 0
v[105] = 0
v[106] = 0
v[107] = 0
v[108] = 0
v[109] = 0
v[110] = 0
v[111] = 0
v[112] = 0
v[113] = 0
v[114] = 0
v[115] = 0
v[116] = 0
v[117] = 0
v[118] = 0
v[119] = 0
v[120] = 0
v[121] = 0
v[122] = 0
v[123] = 0
v[124] = 0
v[125] = 0
v[126] = 0
v[127] = 0
v[128] = 0
v[129] = 0
v[130] = 0
v[131] = 0
v[132] = 0
v[133] = 0
v[134] = 0
v[135] = 0
v[136] = 0
v[137] = 0
v[138] = 0
v[139] = 0
v[140] = 0
v[141] = 0
v[142] = 0
v[143] = 0
v[144] = 0
v[145] = 0
v[146] = 0
v[147] = 0
v[148] = 0
v[149] = 0
v[150] = 0
v[151] = 0
v[152] = 0
v[153] = 0
v[154] = 0
v[155] = 0
v[156] = 0
v[157] = 0
v[158] = 0
v[159] = 0
v[160] = 0
v[161] = 0
v[162] = 0
v[163] = 0
v[164] = 0
v[165] = 0
v[166] = 0
v[167] = -3042.35
v[168] = 0
v[169] = 0
v[170] = 0
v[171] = 0
v[172] = 0
v[173] = 0
v[174] = 0
v[175] = 0
v[176] = 0
v[177] = 0
v[178] = 0
v[179] = 1342.57
v[180] = 201569
v[181] = 4.18074e+06
v[182] = 7.24397e+06
v[183] = 7.1646e+06
v[184] = 6009.11
v[185] = 7048.12
v[186] = 8.04167e+06
v[187] = 197492
v[188] = 3330.17
v[189] = 5.49834e+06
v[190] = 2762.74
v[191] = 9.33418e+06
v[192] = 6413.42
v[193] = 487.777
v[194] = 973.086
v[195] = 2776.01
v[196] = 2164.67
v[197] = 339097
v[198] = 4.18202e+06
v[199] = 5.34709e+06
v[200] = 2.13734e+07
v[201] = 2702.16
v[202] = 7015.36
v[203] = 4519.49
v[204] = 8.95678e+06
v[205] = 223089
v[206] = 1.07132e+07
v[207] = 6404.68
v[208] = 6577.22
v[209] = 5.04821e+06
v[210] = 2502.73
v[211] = 9.42463e+06
v[212] = 295.762
v[213] = 3745.83
v[214] = 1110.53
v[215] = 1072.56
v[216] = 3865.39
v[217] = 5031.49
v[218] = 5214.3
v[219] = 4523.03
v[220] = 315.31
v[221] = 1371.39
v[222] = 123122
v[223] = 242530
v[224] = 69135.3
v[225] = 2.35382e+07
v[226] = 6331.23
v[227] = 4179.63
v[228] = 2.01552e+07
v[229] = 714.619
v[230] = 5.60978e+06
v[231] = 8.93917e+06
v[232] = 2.48797e+06
v[233] = 5724.56
v[234] = 1.24907e+06
v[235] = 5696.34
v[236] = 1.65461e+07
v[237] = 127667
v[238] = 2.31416e+06
v[239] = 6394.28
v[240] = 1.08662e+07
v[241] = 2.62527e+07
v[242] = 2.18911e+06
v[243] = 1.96681e+07
v[244] = -6.55692e-08
v[245] = 1.24087e+07
v[246] = 2.20479e+06
v[247] = 3.98674e+06
v[248] = 4.99889e+06
v[249] = 4499.81
v[250] = 4896.72
v[251] = 1.86911e+07
v[252] = 2.12684e+07
v[253] = 4937.55
v[254] = 1.22034e+07
v[255] = 1.26621e+07
v[256] = 1843.36
v[257] = 8.90364e+06
v[258] = 2.20666e+07
v[259] = 4.92637e+06
v[260] = 2574.26
v[261] = 2406.53
v[262] = 7.73115e+06
v[263] = 6338.57
v[264] = 5.10211e+06
v[265] = 9.65541e+06
v[266] = 5080.26
v[267] = 1.40285e+07
v[268] = 73334.2
v[269] = 2.17313e+07
v[270] = 8.30941e+06
v[271] = 1.42614e+07
v[272] = 6558.2
v[273] = 9.73129e+06
v[274] = 1691.24
v[275] = 4.41594e+06
v[276] = 2457.57
v[277] = 3.53265e+06
v[278] = 2.69857e+06
v[279] = 2.27114e-09
v[280] = 1.25006e-09
v[281] = -1.34868e-10
v[282] = 1.43421e-09
v[283] = 0
v[284] = 0
v[285] = -2.03114e-11
v[286] = -3.23192e-10
v[287] = -1.0563e-09
v[288] = 9.62218e-10
v[289] = 1.57161e-09
v[290] = -2.57884e-09
v[291] = 1.06627e-09
v[292] = 3.90444e-09
v[293] = -2.06743e-09
v[294] = 1.926e-10
v[295] = -7.90493e-10
v[296] = 0
v[297] = -2.50537e-10
v[298] = -2.42045e-10
v[299] = -8.07271e-10
v[300] = -1.72324e-09
v[301] = 1.41094e-09
v[302] = 4.99717e-10
v[303] = 3.36343e-10
v[304] = 3.00422e-10
v[305] = 4.62446e-10
v[306] = 1.02058e-09
v[307] = -4.34977e-10
v[308] = 1.0529e-09
v[309] = 2.48491e-10
v[310] = -8.42434e-11
v[311] = 3.57386e-11
v[312] = -1.03193e-10
v[313] = 2.92571e-10
v[314] = -1.0821e-09
v[315] = -1.50929e-10
v[316] = -2.9047e-11
v[317] = 0
v[318] = -2.30596e-10
v[319] = 7.34821e-10
v[320] = 5.13631e-10
v[321] = 1.03118e-09
v[322] = 7.684e-10
v[323] = -6.67497e-10
v[324] = -1.29266e-09
v[325] = -2.70119e-10
v[326] = 0
v[327] = -4.65661e-10
v[328] = -2.37562e-10
v[329] = -1.09523e-09
v[330] = 4.74486e-10
v[331] = -5.90363e-10
v[332] = -1.0551e-09
v[333] = -1.57061e-10
v[334] = -7.85345e-10
v[335] = 0
v[336] = -4.15261e-10
v[337] = 1.12222e-10
v[338] = 6.67182
v[339] = 6.18114e-10
v[340] = -5.34434e-11
v[341] = 0
v[342] = 0
v[343] = -2.39129e-10
v[344] = 2.86929e-11
v[345] = 1.00266e-09
v[346] = 4.885e-10
v[347] = 4.78633e-10
v[348] = -1.40899e-10
v[349] = 2.10621e-09
v[350] = 0
v[351] = -3.96311e-10
v[352] = -1.88855e-10
v[353] = -1.24579e-10
v[354] = 0
141: cut: -1.15813e+07	calc: -1.15813e+07	diff: -1.21072e-07
158: cut: -4.27353e+06	calc: -4.27353e+06	diff: -1.24797e-07
*** WARNING (version #53bfdf0): src/VwsUtility.cpp:280: Number of differences between true and calculated cuts: 2. Total difference: 2.45869e-07. Small enough difference that we will try to continue, but beware of numerical issues.
x:
x[0] = 1.02669e-11
x[1] = 3.07119e-11
x[2] = 1.10185e-11
x[3] = -1.18456e-11
x[4] = 0
x[5] = 0
x[6] = -8.38913e-12
x[7] = -1.52792e-11
x[8] = -6.06608e-12
x[9] = 1.76521e-11
x[10] = -200.955
x[11] = -1.68433e-11
x[12] = 8.59721e-13
x[13] = 1.86334e-11
x[14] = -2.45352e-12
x[15] = -9.64865e-13
x[16] = -1.11405e-11
x[17] = -1.00634e-11
x[18] = -2.2139e-12
x[19] = 3.2602e-11
x[20] = -1.17822e-11
x[21] = 7.04727e-12
x[22] = -1.31956e-11
x[23] = -4.28018e-12
x[24] = 6.64137e-12
x[25] = -3.44941e-12
x[26] = 2.17429e-12
x[27] = 5.84044e-12
x[28] = 1.60038e-11
x[29] = -4.2108e-12
x[30] = -6.65226e-12
x[31] = 5.60973e-12
x[32] = 1.86155e-11
x[33] = 8.02272e-12
x[34] = -1.20812e-11
x[35] = 1.1648e-11
x[36] = -1.04362e-11
x[37] = -3.73622
x[38] = 2.18764e-12
x[39] = -4.60593e-13
x[40] = 3.15214e-12
x[41] = 1.3687e-12
x[42] = 9.26669e-12
x[43] = 1.71911e-11
x[44] = 5.74569e-13
x[45] = -5.04964e-12
x[46] = 1.12124e-11
x[47] = -13878.4
x[48] = -3.28817e-12
x[49] = -4.6493e-14
x[50] = -1.23013e-12
x[51] = -1.04998e-11
x[52] = 1.24605e-11
x[53] = 7.13768e-12
x[54] = -5.22446e-12
x[55] = 7.37646e-13
x[56] = 1.12841e-11
x[57] = -3.65025e-12
x[58] = 8.9837e-12
x[59] = 7.5728e-12
x[60] = 4.9482e-13
x[61] = -7.36166e-12
x[62] = -6.48119e-12
x[63] = -3.11494e-12
x[64] = -1.05324e-11
x[65] = -1.57432e-11
x[66] = -8.77748e-12
x[67] = 8.07758e-12
x[68] = 4.4259e-12
x[69] = -1.69481e-11
x[70] = -1.00436e-11
x[71] = 6.22894e-13
x[72] = -1.93389
x[73] = 1.81141e-08
x[74] = 247.058
x[75] = 3042.35
x[76] = -0
x[77] = 3.80294
x[78] = 3.80294
x[79] = 3.80294
x[80] = 3.80294
x[81] = 3.80294
x[82] = 3.80294
x[83] = 3.80294
x[84] = 3.80294
x[85] = 3.80294
x[86] = 3.80294
x[87] = 3.80294
x[88] = 3.80294
x[89] = 3.80294
x[90] = 3.80294
x[91] = 3.80294
x[92] = 1342.57
x[93] = 201569
x[94] = 4.18074e+06
x[95] = 7.24397e+06
x[96] = 7.1646e+06
x[97] = 6009.11
x[98] = 7048.12
x[99] = 8.04167e+06
x[100] = 197492
x[101] = 3330.17
x[102] = 5.49834e+06
x[103] = 2762.74
x[104] = 9.33418e+06
x[105] = 6413.42
x[106] = 487.777
x[107] = 973.086
x[108] = 2776.01
x[109] = 2164.67
x[110] = 339097
x[111] = 4.18202e+06
x[112] = 5.34709e+06
x[113] = 2.13734e+07
x[114] = 2702.16
x[115] = 7015.36
x[116] = 4519.49
x[117] = 8.95678e+06
x[118] = 223089
x[119] = 1.07132e+07
x[120] = 6404.68
x[121] = 6577.22
x[122] = 5.04821e+06
x[123] = 2502.73
x[124] = 9.42463e+06
x[125] = 295.762
x[126] = 3745.83
x[127] = 1110.53
x[128] = 1072.56
x[129] = 3865.39
x[130] = 5031.49
x[131] = 5214.3
x[132] = 4523.03
x[133] = 315.31
x[134] = 1371.39
x[135] = 123122
x[136] = 242530
x[137] = 69135.3
x[138] = 2.35382e+07
x[139] = 6331.23
x[140] = 4179.63
x[141] = 2.01552e+07
x[142] = 714.619
x[143] = 5.60978e+06
x[144] = 8.93917e+06
x[145] = 2.48797e+06
x[146] = 5724.56
x[147] = 1.24907e+06
x[148] = 5696.34
x[149] = 1.65461e+07
x[150] = 127667
x[151] = 2.31416e+06
x[152] = 6394.28
x[153] = 1.08662e+07
x[154] = 2.62527e+07
x[155] = 2.18911e+06
x[156] = 1.96681e+07
x[157] = -5.16793e-08
x[158] = 1.24087e+07
x[159] = 2.20479e+06
x[160] = 3.98674e+06
x[161] = 4.99889e+06
x[162] = 4499.81
x[163] = 4896.72
x[164] = 1.86911e+07
x[165] = 2.12684e+07
x[166] = 4937.55
x[167] = 1.22034e+07
x[168] = 1.26621e+07
x[169] = 1843.36
x[170] = 8.90364e+06
x[171] = 2.20666e+07
x[172] = 4.92637e+06
x[173] = 2574.26
x[174] = 2406.53
x[175] = 7.73115e+06
x[176] = 6338.57
x[177] = 5.10211e+06
x[178] = 9.65541e+06
x[179] = 5080.26
x[180] = 1.40285e+07
x[181] = 73334.2
x[182] = 2.17313e+07
x[183] = 8.30941e+06
x[184] = 1.42614e+07
x[185] = 6558.2
x[186] = 9.73129e+06
x[187] = 1691.24
x[188] = 4.41594e+06
x[189] = 2457.57
x[190] = 3.53265e+06
x[191] = 2.69857e+06
x[192] = 1.02669e-09
x[193] = 3.07119e-09
x[194] = 1.10185e-09
x[195] = -1.20825e-09
x[196] = 0
x[197] = 0
x[198] = -8.38913e-10
x[199] = -1.52792e-09
x[200] = -6.06608e-10
x[201] = 1.76521e-09
x[202] = 1.14596e-09
x[203] = -1.68433e-09
x[204] = 8.59721e-11
x[205] = 1.88198e-09
x[206] = -2.42898e-10
x[207] = -9.74514e-11
x[208] = -1.11405e-09
x[209] = -2.2139e-10
x[210] = 3.2602e-09
x[211] = -1.17822e-09
x[212] = 7.04727e-10
x[213] = -1.31956e-09
x[214] = -4.28018e-10
x[215] = 6.70779e-10
x[216] = -3.44941e-10
x[217] = 2.19603e-10
x[218] = 5.84044e-10
x[219] = 1.60038e-09
x[220] = -4.25291e-10
x[221] = -6.65226e-10
x[222] = 5.60973e-10
x[223] = 1.86155e-09
x[224] = 8.02272e-10
x[225] = -1.20812e-09
x[226] = 1.1648e-09
x[227] = -1.05405e-09
x[228] = 1.71849e-09
x[229] = 0
x[230] = 2.18764e-10
x[231] = -4.60593e-11
x[232] = 3.15214e-10
x[233] = 1.3687e-10
x[234] = 9.26669e-10
x[235] = 1.7363e-09
x[236] = 5.74569e-11
x[237] = -5.04964e-10
x[238] = 1.12124e-09
x[239] = -1.39698e-09
x[240] = -3.28817e-10
x[241] = -4.6493e-12
x[242] = -1.23013e-10
x[243] = -1.04998e-09
x[244] = 1.24605e-09
x[245] = 7.13768e-10
x[246] = -5.27671e-10
x[247] = 7.37646e-11
x[248] = 1.11712e-09
x[249] = -3.61375e-10
x[250] = 6.67182
x[251] = 8.9837e-10
x[252] = 7.5728e-10
x[253] = 4.89872e-11
x[254] = 380.294
x[255] = -7.28805e-10
x[256] = -6.546e-10
x[257] = -3.14609e-10
x[258] = -1.05324e-09
x[259] = -1.57432e-09
x[260] = -8.77748e-10
x[261] = 8.07758e-10
x[262] = 4.47016e-10
x[263] = -1.69481e-09
x[264] = -1.00436e-09
x[265] = 6.22894e-11
b:
b[0] = 1.86905
b[1] = 1.86905
b[2] = 1.86905
b[3] = 1.86905
b[4] = 1.86905
b[5] = 1.86905
b[6] = 1.86905
b[7] = 1.86905
b[8] = 1.86905
b[9] = 1.86905
b[10] = 1.86905
b[11] = 1.86905
b[12] = 1.86905
b[13] = 1.86905
b[14] = 1.86905
b[15] = 0
b[16] = 0
b[17] = 0
b[18] = 0
b[19] = 0
b[20] = 0
b[21] = 0
b[22] = 0
b[23] = 0
b[24] = 0
b[25] = -200955
b[26] = 0
b[27] = 0
b[28] = 0
b[29] = 0
b[30] = 0
b[31] = 0
b[32] = 0
b[33] = 0
b[34] = 0
b[35] = 0
b[36] = 0
b[37] = 0
b[38] = 0
b[39] = 0
b[40] = 0
b[41] = 0
b[42] = 0
b[43] = 0
b[44] = 0
b[45] = 0
b[46] = 0
b[47] = 0
b[48] = 0
b[49] = 0
b[50] = 0
b[51] = 0
b[52] = -6351.58
b[53] = 0
b[54] = 0
b[55] = 0
b[56] = 0
b[57] = 0
b[58] = 0
b[59] = 0
b[60] = 0
b[61] = 0
b[62] = 0
b[63] = -1.52662e+07
b[64] = 0
b[65] = 0
b[66] = 0
b[67] = 0
b[68] = 0
b[69] = 0
b[70] = 0
b[71] = 0
b[72] = 0
b[73] = 0
b[74] = -247.058
b[75] = 0
b[76] = 0
b[77] = 0
b[78] = -3042.35
b[79] = 0
b[80] = 0
b[81] = 0
b[82] = 0
b[83] = 0
b[84] = 0
b[85] = 0
b[86] = 0
b[87] = 0
b[88] = 0
b[89] = 0
b[90] = -1.5159e+06
b[91] = -1.39072e+07
b[92] = -1.29057e+07
b[93] = -1.07086e+07
b[94] = -3.0747e+06
b[95] = -8.5948e+06
b[96] = -1.30522e+07
b[97] = -1.33849e+07
b[98] = -1.10265e+07
b[99] = -4.75741e+06
b[100] = -1.42391e+07
b[101] = -1.09479e+07
b[102] = -9.06171e+06
b[103] = -7.96949e+06
b[104] = -1.64075e+07
b[105] = -2.44608e+07
b[106] = -1.70312e+07
b[107] = -2.57615e+07
b[108] = -3.98599e+06
b[109] = -2.1692e+07
b[110] = -718691
b[111] = -2.14777e+06
b[112] = -1.91343e+07
b[113] = -1.44416e+07
b[114] = -1.98105e+06
b[115] = -424754
b[116] = -1.55785e+06
b[117] = -1.80503e+06
b[118] = -3.46984e+06
b[119] = -4.10465e+06
b[120] = -1.37055e+07
b[121] = -4.52921e+06
b[122] = -1.58163e+07
b[123] = -8.52143e+06
b[124] = -1.57913e+07
b[125] = -6.53301e+06
b[126] = -3.5882e+06
b[127] = -1.09585e+07
b[128] = -1.43067e+07
b[129] = -9.51678e+06
b[130] = -8.94499e+06
b[131] = -1.16787e+06
b[132] = -5.24594e+06
b[133] = -2.35856e+06
b[134] = -5.62344e+06
b[135] = -1.26724e+07
b[136] = -1.23211e+06
b[137] = -6.86004e+06
b[138] = -1.31723e+07
b[139] = -5.9298e+06
b[140] = -1.68385e+07
b[141] = -1.15813e+07
b[142] = -1.47771e+07
b[143] = -2.37614e+07
b[144] = -485358
b[145] = -1.39163e+07
b[146] = -2.42806e+07
b[147] = -2.58039e+06
b[148] = -5.70379e+06
b[149] = -1.21939e+07
b[150] = -2.93002e+06
b[151] = -1.3355e+07
b[152] = -72541.5
b[153] = -6.56485e+06
b[154] = -5.42272e+06
b[155] = -2.23926e+06
b[156] = -8.72419e+06
b[157] = -2.07066e+07
b[158] = -4.27353e+06
b[159] = -1.92013e+07
b[160] = -726075
b[161] = -1.56154e+07
b[162] = -7.81644e+06
b[163] = -3.76066e+06
b[164] = -1.22341e+07
b[165] = -1.07771e+07
b[166] = -5.62283e+06
b[167] = -1.66123e+07
b[168] = -3.32766e+06
b[169] = -5.06266e+06
b[170] = -2.08332e+07
b[171] = -2.1392e+07
b[172] = -1.50956e+07
b[173] = -1.75405e+07
b[174] = -1.17498e+07
b[175] = -1.6736e+07
b[176] = -7.49512e+06
b[177] = -1.58753e+07
b[178] = -2.45213e+06
b[179] = -6.61122e+06
b[180] = -692868
b[181] = -1.91576e+07
b[182] = -1.34115e+07
b[183] = -8.16588e+06
b[184] = -1.52951e+07
b[185] = -2.90028e+06
b[186] = -2.7912e+06
b[187] = -2.2068e+07
b[188] = -8.87287e+06
b[189] = -1.43299e+07
b[190] = 0
b[191] = 0
b[192] = 0
b[193] = 0
b[194] = 0
b[195] = 0
b[196] = 0
b[197] = 0
b[198] = 0
b[199] = 0
b[200] = 19693.6
b[201] = 0
b[202] = 0
b[203] = 0
b[204] = 0
b[205] = 0
b[206] = 0
b[207] = 0
b[208] = 0
b[209] = 0
b[210] = 0
b[211] = 0
b[212] = 0
b[213] = 0
b[214] = 0
b[215] = 0
b[216] = 0
b[217] = 0
b[218] = 0
b[219] = 0
b[220] = 0
b[221] = 0
b[222] = 0
b[223] = 0
b[224] = 0
b[225] = 0
b[226] = 0
b[227] = 373.622
b[228] = 0
b[229] = 0
b[230] = 0
b[231] = 0
b[232] = 0
b[233] = 0
b[234] = 0
b[235] = 0
b[236] = 0
b[237] = 0
b[238] = 1.38784e+06
b[239] = 0
b[240] = 0
b[241] = 0
b[242] = 0
b[243] = 0
b[244] = 0
b[245] = 0
b[246] = 0
b[247] = 0
b[248] = 0
b[249] = 6.67182
b[250] = 0
b[251] = 0
b[252] = 0
b[253] = 380.294
b[254] = 0
b[255] = 0
b[256] = 0
b[257] = 0
b[258] = 0
b[259] = 0
b[260] = 0
b[261] = 0
b[262] = 0
b[263] = 0
b[264] = 0
b[265] = 14077.5
v:
v[0] = 1.02669e-11
v[1] = 3.07119e-11
v[2] = 1.10185e-11
v[3] = -1.18456e-11
v[4] = 0
v[5] = 0
v[6] = -8.38913e-12
v[7] = -1.52792e-11
v[8] = -6.06608e-12
v[9] = 1.76521e-11
v[10] = -200.955
v[11] = -1.68433e-11
v[12] = 8.59721e-13
v[13] = 1.86334e-11
v[14] = -2.45352e-12
v[15] = -9.64865e-13
v[16] = -1.11405e-11
v[17] = -1.00634e-11
v[18] = -2.2139e-12
v[19] = 3.2602e-11
v[20] = -1.17822e-11
v[21] = 7.04727e-12
v[22] = -1.31956e-11
v[23] = -4.28018e-12
v[24] = 6.64137e-12
v[25] = -3.44941e-12
v[26] = 2.17429e-12
v[27] = 5.84044e-12
v[28] = 1.60038e-11
v[29] = -4.2108e-12
v[30] = -6.65226e-12
v[31] = 5.60973e-12
v[32] = 1.86155e-11
v[33] = 8.02272e-12
v[34] = -1.20812e-11
v[35] = 1.1648e-11
v[36] = -1.04362e-11
v[37] = -3.73622
v[38] = 0
v[39] = 2.18764e-12
v[40] = -4.60593e-13
v[41] = 3.15214e-12
v[42] = 1.3687e-12
v[43] = 9.26669e-12
v[44] = 1.71911e-11
v[45] = 5.74569e-13
v[46] = -5.04964e-12
v[47] = 1.12124e-11
v[48] = -13878.4
v[49] = -3.28817e-12
v[50] = -4.6493e-14
v[51] = -1.23013e-12
v[52] = -1.04998e-11
v[53] = 1.24605e-11
v[54] = 7.13768e-12
v[55] = -5.22446e-12
v[56] = 7.37646e-13
v[57] = 1.12841e-11
v[58] = -3.65025e-12
v[59] = 0
v[60] = 8.9837e-12
v[61] = 7.5728e-12
v[62] = 4.9482e-13
v[63] = 0
v[64] = -7.36166e-12
v[65] = -6.48119e-12
v[66] = -3.11494e-12
v[67] = -1.05324e-11
v[68] = -1.57432e-11
v[69] = -8.77748e-12
v[70] = 8.07758e-12
v[71] = 4.4259e-12
v[72] = -1.69481e-11
v[73] = -1.00436e-11
v[74] = 6.22894e-13
v[75] = -1.93389
v[76] = 1.81141e-08
v[77] = 247.058
v[78] = 3042.35
v[79] = 0
v[80] = -0
v[81] = 3.80294
v[82] = 3.80294
v[83] = 3.80294
v[84] = 3.80294
v[85] = 3.80294
v[86] = 3.80294
v[87] = 3.80294
v[88] = 3.80294
v[89] = 3.80294
v[90] = 3.80294
v[91] = 3.80294
v[92] = 3.80294
v[93] = 3.80294
v[94] = 3.80294
v[95] = 3.80294
v[96] = 0
v[97] = 0
v[98] = 0
v[99] = 0
v[100] = 0
v[101] = 0
v[102] = 0
v[103] = 0
v[104] = 0
v[105] = 0
v[106] = 0
v[107] = 0
v[108] = 0
v[109] = 0
v[110] = 0
v[111] = 0
v[112] = 0
v[113] = 0
v[114] = 0
v[115] = 0
v[116] = 0
v[117] = 0
v[118] = 0
v[119] = 0
v[120] = 0
v[121] = 0
v[122] = 0
v[123] = 0
v[124] = 0
v[125] = 0
v[126] = 0
v[127] = 0
v[128] = 0
v[129] = 0
v[130] = 0
v[131] = 0
v[132] = 0
v[133] = 0
v[134] = 0
v[135] = 0
v[136] = 0
v[137] = 0
v[138] = 0
v[139] = 0
v[140] = 0
v[141] = 0
v[142] = 0
v[143] = 0
v[144] = 0
v[145] = 0
v[146] = 0
v[147] = 0
v[148] = 0
v[149] = 0
v[150] = 0
v[151] = 0
v[152] = 0
v[153] = 0
v[154] = 0
v[155] = 0
v[156] = 0
v[157] = 0
v[158] = 0
v[159] = 0
v[160] = 0
v[161] = 0
v[162] = 0
v[163] = 0
v[164] = 0
v[165] = 0
v[166] = 0
v[167] = 0
v[168] = 0
v[169] = 0
v[170] = 0
v[171] = 1342.57
v[172] = 201569
v[173] = 4.18074e+06
v[174] = 7.24397e+06
v[175] = 7.1646e+06
v[176] = 6009.11
v[177] = 7048.12
v[178] = 8.04167e+06
v[179] = 197492
v[180] = 3330.17
v[181] = 5.49834e+06
v[182] = 2762.74
v[183] = 9.33418e+06
v[184] = 6413.42
v[185] = 487.777
v[186] = 973.086
v[187] = 2776.01
v[188] = 2164.67
v[189] = 339097
v[190] = 4.18202e+06
v[191] = 5.34709e+06
v[192] = 2.13734e+07
v[193] = 2702.16
v[194] = 7015.36
v[195] = 4519.49
v[196] = 8.95678e+06
v[197] = 223089
v[198] = 1.07132e+07
v[199] = 6404.68
v[200] = 6577.22
v[201] = 5.04821e+06
v[202] = 2502.73
v[203] = 9.42463e+06
v[204] = 295.762
v[205] = 3745.83
v[206] = 1110.53
v[207] = 1072.56
v[208] = 3865.39
v[209] = 5031.49
v[210] = 5214.3
v[211] = 4523.03
v[212] = 315.31
v[213] = 1371.39
v[214] = 123122
v[215] = 242530
v[216] = 69135.3
v[217] = 2.35382e+07
v[218] = 6331.23
v[219] = 4179.63
v[220] = 2.01552e+07
v[221] = 714.619
v[222] = 5.60978e+06
v[223] = 8.93917e+06
v[224] = 2.48797e+06
v[225] = 5724.56
v[226] = 1.24907e+06
v[227] = 5696.34
v[228] = 1.65461e+07
v[229] = 127667
v[230] = 2.31416e+06
v[231] = 6394.28
v[232] = 1.08662e+07
v[233] = 2.62527e+07
v[234] = 2.18911e+06
v[235] = 1.96681e+07
v[236] = -5.16793e-08
v[237] = 1.24087e+07
v[238] = 2.20479e+06
v[239] = 3.98674e+06
v[240] = 4.99889e+06
v[241] = 4499.81
v[242] = 4896.72
v[243] = 1.86911e+07
v[244] = 2.12684e+07
v[245] = 4937.55
v[246] = 1.22034e+07
v[247] = 1.26621e+07
v[248] = 1843.36
v[249] = 8.90364e+06
v[250] = 2.20666e+07
v[251] = 4.92637e+06
v[252] = 2574.26
v[253] = 2406.53
v[254] = 7.73115e+06
v[255] = 6338.57
v[256] = 5.10211e+06
v[257] = 9.65541e+06
v[258] = 5080.26
v[259] = 1.40285e+07
v[260] = 73334.2
v[261] = 2.17313e+07
v[262] = 8.30941e+06
v[263] = 1.42614e+07
v[264] = 6558.2
v[265] = 9.73129e+06
v[266] = 1691.24
v[267] = 4.41594e+06
v[268] = 2457.57
v[269] = 3.53265e+06
v[270] = 2.69857e+06
v[271] = 1.02669e-09
v[272] = 3.07119e-09
v[273] = 1.10185e-09
v[274] = -1.20825e-09
v[275] = 0
v[276] = 0
v[277] = -8.38913e-10
v[278] = -1.52792e-09
v[279] = -6.06608e-10
v[280] = 1.76521e-09
v[281] = 1.14596e-09
v[282] = -1.68433e-09
v[283] = 8.59721e-11
v[284] = 1.88198e-09
v[285] = -2.42898e-10
v[286] = -9.74514e-11
v[287] = -1.11405e-09
v[288] = 0
v[289] = -2.2139e-10
v[290] = 3.2602e-09
v[291] = -1.17822e-09
v[292] = 7.04727e-10
v[293] = -1.31956e-09
v[294] = -4.28018e-10
v[295] = 6.70779e-10
v[296] = -3.44941e-10
v[297] = 2.19603e-10
v[298] = 5.84044e-10
v[299] = 1.60038e-09
v[300] = -4.25291e-10
v[301] = -6.65226e-10
v[302] = 5.60973e-10
v[303] = 1.86155e-09
v[304] = 8.02272e-10
v[305] = -1.20812e-09
v[306] = 1.1648e-09
v[307] = -1.05405e-09
v[308] = 1.71849e-09
v[309] = 0
v[310] = 2.18764e-10
v[311] = -4.60593e-11
v[312] = 3.15214e-10
v[313] = 1.3687e-10
v[314] = 9.26669e-10
v[315] = 1.7363e-09
v[316] = 5.74569e-11
v[317] = -5.04964e-10
v[318] = 1.12124e-09
v[319] = -1.39698e-09
v[320] = -3.28817e-10
v[321] = -4.6493e-12
v[322] = -1.23013e-10
v[323] = -1.04998e-09
v[324] = 1.24605e-09
v[325] = 7.13768e-10
v[326] = -5.27671e-10
v[327] = 7.37646e-11
v[328] = 1.11712e-09
v[329] = -3.61375e-10
v[330] = 6.67182
v[331] = 8.9837e-10
v[332] = 7.5728e-10
v[333] = 4.89872e-11
v[334] = 380.294
v[335] = -7.28805e-10
v[336] = -6.546e-10
v[337] = -3.14609e-10
v[338] = -1.05324e-09
v[339] = -1.57432e-09
v[340] = -8.77748e-10
v[341] = 8.07758e-10
v[342] = 4.47016e-10
v[343] = -1.69481e-09
v[344] = -1.00436e-09
v[345] = 6.22894e-11
v[346] = 0
131: cut: -1.16787e+06	calc: -1.16787e+06	diff: -1.24099e-07
*** WARNING (version #53bfdf0): src/VwsUtility.cpp:280: Number of differences between true and calculated cuts: 1. Total difference: 1.24099e-07. Small enough difference that we will try to continue, but beware of numerical issues.
x:
x[0] = -2.01106e-11
x[1] = -1.67425e-11
x[2] = 1.22688e-11
x[3] = -3.7426e-11
x[4] = 0
x[5] = 0
x[6] = -1.37179e-11
x[7] = 1.00721e-11
x[8] = 4.28037e-12
x[9] = 7.01706e-12
x[10] = -200.955
x[11] = 1.18314e-11
x[12] = 5.21229e-12
x[13] = -1.44819e-11
x[14] = -8.92543e-12
x[15] = -4.07311e-12
x[16] = -1.65246e-11
x[17] = -8.564e-12
x[18] = 1.82931e-12
x[19] = 1.65035e-13
x[20] = -9.58646e-12
x[21] = 3.55624e-12
x[22] = -2.28224e-13
x[23] = -2.07839e-11
x[24] = 2.55802e-13
x[25] = -1.38634e-12
x[26] = -2.66488e-12
x[27] = -1.73109e-11
x[28] = 7.49462e-12
x[29] = -1.32647e-11
x[30] = 8.66192e-13
x[31] = 1.73125e-11
x[32] = -1.17917e-11
x[33] = 9.58818e-12
x[34] = -4.11123e-12
x[35] = 3.0959e-11
x[36] = -6.04239e-12
x[37] = -3.73622
x[38] = -3.21053e-12
x[39] = 6.00101e-13
x[40] = -5.0509e-12
x[41] = -5.30052e-12
x[42] = -8.98423e-12
x[43] = 1.13046e-11
x[44] = -2.0198e-12
x[45] = 2.80377e-12
x[46] = 2.55187e-12
x[47] = -13878.4
x[48] = 6.58192e-12
x[49] = 7.06358e-12
x[50] = 1.89922e-11
x[51] = -1.7009e-12
x[52] = -9.08575e-12
x[53] = 2.4595e-12
x[54] = 6.90135e-12
x[55] = 7.70191e-12
x[56] = -8.36565e-12
x[57] = 1.20731e-11
x[58] = -0.0667182
x[59] = -6.81418e-12
x[60] = -1.82402e-12
x[61] = 5.88295e-12
x[62] = -4.73218e-12
x[63] = 5.14777e-12
x[64] = -2.70829e-12
x[65] = -3.88134e-12
x[66] = 5.9019e-12
x[67] = 2.91529e-12
x[68] = 1.05663e-12
x[69] = 4.31424e-12
x[70] = 2.9071e-12
x[71] = 6.51518e-12
x[72] = -4.16787e-12
x[73] = -1.86718
x[74] = 1.54152e-08
x[75] = 3042.35
x[76] = 0
x[77] = -1.0001e-08
x[78] = -1.31009e-08
x[79] = -7.33421e-09
x[80] = 3.73622
x[81] = 3.73622
x[82] = 3.73622
x[83] = 3.73622
x[84] = 3.73622
x[85] = 3.73622
x[86] = 3.73622
x[87] = 3.73622
x[88] = 3.73622
x[89] = 3.73622
x[90] = 3.73622
x[91] = 3.73622
x[92] = 3.73622
x[93] = 3.73622
x[94] = 3.73622
x[95] = 0
x[96] = 3.53158e-09
x[97] = -133.637
x[98] = 1367.46
x[99] = 201650
x[100] = 4.18083e+06
x[101] = 7.24405e+06
x[102] = 7.16469e+06
x[103] = 6127.4
x[104] = 7050.25
x[105] = 8.0418e+06
x[106] = 197584
x[107] = 3332.71
x[108] = 5.49837e+06
x[109] = 2876.89
x[110] = 9.33428e+06
x[111] = 6538.39
x[112] = 609.004
x[113] = 975.154
x[114] = 2828.32
x[115] = 2234.26
x[116] = 339192
x[117] = 4.18212e+06
x[118] = 5.34721e+06
x[119] = 2.13735e+07
x[120] = 2772.28
x[121] = 7117.5
x[122] = 4606.76
x[123] = 8.95689e+06
x[124] = 223174
x[125] = 1.07133e+07
x[126] = 6504.76
x[127] = 6684.1
x[128] = 5.04831e+06
x[129] = 2600.41
x[130] = 9.42469e+06
x[131] = 373.622
x[132] = 3769.85
x[133] = 1184.38
x[134] = 1143.28
x[135] = 3982.81
x[136] = 5055.11
x[137] = 5264.34
x[138] = 4636.65
x[139] = 328.788
x[140] = 1498.22
x[141] = 123172
x[142] = 242649
x[143] = 69164.1
x[144] = 2.35383e+07
x[145] = 6336.63
x[146] = 4285.45
x[147] = 2.01553e+07
x[148] = 743.508
x[149] = 5.60979e+06
x[150] = 8.93926e+06
x[151] = 2.48803e+06
x[152] = 5828.51
x[153] = 1.24912e+06
x[154] = 5772.46
x[155] = 1.65462e+07
x[156] = 127670
x[157] = 2.31425e+06
x[158] = 6467.4
x[159] = 1.08663e+07
x[160] = 2.62528e+07
x[161] = 2.18922e+06
x[162] = 1.96682e+07
x[163] = 41.0984
x[164] = 1.24087e+07
x[165] = 2.20485e+06
x[166] = 3.9868e+06
x[167] = 4.999e+06
x[168] = 4576.87
x[169] = 4935.55
x[170] = 1.86912e+07
x[171] = 2.12685e+07
x[172] = 4943.02
x[173] = 1.22035e+07
x[174] = 1.26621e+07
x[175] = 1898
x[176] = 8.90376e+06
x[177] = 2.20667e+07
x[178] = 4.92638e+06
x[179] = 2645.24
x[180] = 2428.54
x[181] = 7.73116e+06
x[182] = 6344.1
x[183] = 5.10213e+06
x[184] = 9.65547e+06
x[185] = 5103.68
x[186] = 1.40286e+07
x[187] = 73448.2
x[188] = 2.17313e+07
x[189] = 8.3095e+06
x[190] = 1.42615e+07
x[191] = 6672.89
x[192] = 9.73135e+06
x[193] = 1782.18
x[194] = 4.41599e+06
x[195] = 2577.99
x[196] = 3.53266e+06
x[197] = 2.69868e+06
x[198] = -2.01106e-09
x[199] = -1.67425e-09
x[200] = 1.22688e-09
x[201] = -3.81745e-09
x[202] = 0
x[203] = 0
x[204] = -1.37179e-09
x[205] = 1.00721e-09
x[206] = 4.28037e-10
x[207] = 7.01706e-10
x[208] = 1.77897e-09
x[209] = 1.18314e-09
x[210] = 5.21229e-10
x[211] = -1.46268e-09
x[212] = -8.83618e-10
x[213] = -4.11385e-10
x[214] = -1.65246e-09
x[215] = 1.82931e-10
x[216] = 1.65035e-11
x[217] = -9.58646e-10
x[218] = 3.55624e-10
x[219] = -2.28224e-11
x[220] = -2.07839e-09
x[221] = 2.5836e-11
x[222] = -1.38634e-10
x[223] = -2.69153e-10
x[224] = -1.73109e-09
x[225] = 7.49462e-10
x[226] = -1.33973e-09
x[227] = 8.66192e-11
x[228] = 1.73125e-09
x[229] = -1.17917e-09
x[230] = 9.58818e-10
x[231] = -4.11123e-10
x[232] = 3.0959e-09
x[233] = -6.10281e-10
x[234] = -1.94558e-09
x[235] = 6.00101e-11
x[236] = -5.0509e-10
x[237] = -5.30052e-10
x[238] = -8.98423e-10
x[239] = 1.14176e-09
x[240] = -2.0198e-10
x[241] = 2.80377e-10
x[242] = 2.55187e-10
x[243] = 1.39698e-09
x[244] = 6.58192e-10
x[245] = 7.06358e-10
x[246] = 1.89922e-09
x[247] = -1.7009e-10
x[248] = -9.08575e-10
x[249] = 2.4595e-10
x[250] = 6.97037e-10
x[251] = -8.28199e-10
x[252] = 1.19523e-09
x[253] = -6.81418e-10
x[254] = -1.82402e-10
x[255] = 380.294
x[256] = -4.68486e-10
x[257] = 5.19925e-10
x[258] = -2.73537e-10
x[259] = -3.88134e-10
x[260] = 5.9019e-10
x[261] = 2.91529e-10
x[262] = 1.05663e-10
x[263] = 2.9071e-10
x[264] = 6.51518e-10
x[265] = -4.16787e-10
b:
b[0] = 1.86905
b[1] = 1.86905
b[2] = 1.86905
b[3] = 1.86905
b[4] = 1.86905
b[5] = 1.86905
b[6] = 1.86905
b[7] = 1.86905
b[8] = 1.86905
b[9] = 1.86905
b[10] = 1.86905
b[11] = 1.86905
b[12] = 1.86905
b[13] = 1.86905
b[14] = 1.86905
b[15] = 0
b[16] = 0
b[17] = 0
b[18] = 0
b[19] = 0
b[20] = 0
b[21] = 0
b[22] = 0
b[23] = 0
b[24] = 0
b[25] = -200955
b[26] = 0
b[27] = 0
b[28] = 0
b[29] = 0
b[30] = 0
b[31] = 0
b[32] = 0
b[33] = 0
b[34] = 0
b[35] = 0
b[36] = 0
b[37] = 0
b[38] = 0
b[39] = 0
b[40] = 0
b[41] = 0
b[42] = 0
b[43] = 0
b[44] = 0
b[45] = 0
b[46] = 0
b[47] = 0
b[48] = 0
b[49] = 0
b[50] = 0
b[51] = 0
b[52] = -6351.58
b[53] = 0
b[54] = 0
b[55] = 0
b[56] = 0
b[57] = 0
b[58] = 0
b[59] = 0
b[60] = 0
b[61] = 0
b[62] = 0
b[63] = -1.52662e+07
b[64] = 0
b[65] = 0
b[66] = 0
b[67] = 0
b[68] = 0
b[69] = 0
b[70] = 0
b[71] = 0
b[72] = 0
b[73] = 0
b[74] = -247.058
b[75] = 0
b[76] = 0
b[77] = 0
b[78] = -3042.35
b[79] = 0
b[80] = 0
b[81] = 0
b[82] = 0
b[83] = 0
b[84] = 0
b[85] = 0
b[86] = 0
b[87] = 0
b[88] = 0
b[89] = 0
b[90] = -1.5159e+06
b[91] = -1.39072e+07
b[92] = -1.29057e+07
b[93] = -1.07086e+07
b[94] = -3.0747e+06
b[95] = -8.5948e+06
b[96] = -1.30522e+07
b[97] = -1.33849e+07
b[98] = -1.10265e+07
b[99] = -4.75741e+06
b[100] = -1.42391e+07
b[101] = -1.09479e+07
b[102] = -9.06171e+06
b[103] = -7.96949e+06
b[104] = -1.64075e+07
b[105] = -2.44608e+07
b[106] = -1.70312e+07
b[107] = -2.57615e+07
b[108] = -3.98599e+06
b[109] = -2.1692e+07
b[110] = -718691
b[111] = -2.14777e+06
b[112] = -1.91343e+07
b[113] = -1.44416e+07
b[114] = -1.98105e+06
b[115] = -424754
b[116] = -1.55785e+06
b[117] = -1.80503e+06
b[118] = -3.46984e+06
b[119] = -4.10465e+06
b[120] = -1.37055e+07
b[121] = -4.52921e+06
b[122] = -1.58163e+07
b[123] = -8.52143e+06
b[124] = -1.57913e+07
b[125] = -6.53301e+06
b[126] = -3.5882e+06
b[127] = -1.09585e+07
b[128] = -1.43067e+07
b[129] = -9.51678e+06
b[130] = -8.94499e+06
b[131] = -1.16787e+06
b[132] = -5.24594e+06
b[133] = -2.35856e+06
b[134] = -5.62344e+06
b[135] = -1.26724e+07
b[136] = -1.23211e+06
b[137] = -6.86004e+06
b[138] = -1.31723e+07
b[139] = -5.9298e+06
b[140] = -1.68385e+07
b[141] = -1.15813e+07
b[142] = -1.47771e+07
b[143] = -2.37614e+07
b[144] = -485358
b[145] = -1.39163e+07
b[146] = -2.42806e+07
b[147] = -2.58039e+06
b[148] = -5.70379e+06
b[149] = -1.21939e+07
b[150] = -2.93002e+06
b[151] = -1.3355e+07
b[152] = -72541.5
b[153] = -6.56485e+06
b[154] = -5.42272e+06
b[155] = -2.23926e+06
b[156] = -8.72419e+06
b[157] = -2.07066e+07
b[158] = -4.27353e+06
b[159] = -1.92013e+07
b[160] = -726075
b[161] = -1.56154e+07
b[162] = -7.81644e+06
b[163] = -3.76066e+06
b[164] = -1.22341e+07
b[165] = -1.07771e+07
b[166] = -5.62283e+06
b[167] = -1.66123e+07
b[168] = -3.32766e+06
b[169] = -5.06266e+06
b[170] = -2.08332e+07
b[171] = -2.1392e+07
b[172] = -1.50956e+07
b[173] = -1.75405e+07
b[174] = -1.17498e+07
b[175] = -1.6736e+07
b[176] = -7.49512e+06
b[177] = -1.58753e+07
b[178] = -2.45213e+06
b[179] = -6.61122e+06
b[180] = -692868
b[181] = -1.91576e+07
b[182] = -1.34115e+07
b[183] = -8.16588e+06
b[184] = -1.52951e+07
b[185] = -2.90028e+06
b[186] = -2.7912e+06
b[187] = -2.2068e+07
b[188] = -8.87287e+06
b[189] = -1.43299e+07
b[190] = 0
b[191] = 0
b[192] = 0
b[193] = 0
b[194] = 0
b[195] = 0
b[196] = 0
b[197] = 0
b[198] = 0
b[199] = 0
b[200] = 19693.6
b[201] = 0
b[202] = 0
b[203] = 0
b[204] = 0
b[205] = 0
b[206] = 0
b[207] = 0
b[208] = 0
b[209] = 0
b[210] = 0
b[211] = 0
b[212] = 0
b[213] = 0
b[214] = 0
b[215] = 0
b[216] = 0
b[217] = 0
b[218] = 0
b[219] = 0
b[220] = 0
b[221] = 0
b[222] = 0
b[223] = 0
b[224] = 0
b[225] = 0
b[226] = 0
b[227] = 373.622
b[228] = 0
b[229] = 0
b[230] = 0
b[231] = 0
b[232] = 0
b[233] = 0
b[234] = 0
b[235] = 0
b[236] = 0
b[237] = 0
b[238] = 1.38784e+06
b[239] = 0
b[240] = 0
b[241] = 0
b[242] = 0
b[243] = 0
b[244] = 0
b[245] = 0
b[246] = 0
b[247] = 0
b[248] = 0
b[249] = 6.67182
b[250] = 0
b[251] = 0
b[252] = 0
b[253] = 380.294
b[254] = 0
b[255] = 0
b[256] = 0
b[257] = 0
b[258] = 0
b[259] = 0
b[260] = 0
b[261] = 0
b[262] = 0
b[263] = 0
b[264] = 0
b[265] = 14077.5
v:
v[0] = -2.01106e-11
v[1] = -1.67425e-11
v[2] = 1.22688e-11
v[3] = -3.7426e-11
v[4] = 0
v[5] = 0
v[6] = -1.37179e-11
v[7] = 1.00721e-11
v[8] = 4.28037e-12
v[9] = 7.01706e-12
v[10] = -200.955
v[11] = 1.18314e-11
v[12] = 5.21229e-12
v[13] = -1.44819e-11
v[14] = -8.92543e-12
v[15] = -4.07311e-12
v[16] = -1.65246e-11
v[17] = -8.564e-12
v[18] = 1.82931e-12
v[19] = 1.65035e-13
v[20] = -9.58646e-12
v[21] = 3.55624e-12
v[22] = -2.28224e-13
v[23] = -2.07839e-11
v[24] = 2.55802e-13
v[25] = -1.38634e-12
v[26] = -2.66488e-12
v[27] = -1.73109e-11
v[28] = 7.49462e-12
v[29] = -1.32647e-11
v[30] = 8.66192e-13
v[31] = 1.73125e-11
v[32] = -1.17917e-11
v[33] = 9.58818e-12
v[34] = -4.11123e-12
v[35] = 3.0959e-11
v[36] = -6.04239e-12
v[37] = -3.73622
v[38] = 0
v[39] = -3.21053e-12
v[40] = 6.00101e-13
v[41] = -5.0509e-12
v[42] = -5.30052e-12
v[43] = -8.98423e-12
v[44] = 1.13046e-11
v[45] = -2.0198e-12
v[46] = 2.80377e-12
v[47] = 2.55187e-12
v[48] = -13878.4
v[49] = 6.58192e-12
v[50] = 7.06358e-12
v[51] = 1.89922e-11
v[52] = -1.7009e-12
v[53] = -9.08575e-12
v[54] = 2.4595e-12
v[55] = 6.90135e-12
v[56] = 7.70191e-12
v[57] = -8.36565e-12
v[58] = 1.20731e-11
v[59] = -0.0667182
v[60] = -6.81418e-12
v[61] = -1.82402e-12
v[62] = 5.88295e-12
v[63] = 0
v[64] = -4.73218e-12
v[65] = 5.14777e-12
v[66] = -2.70829e-12
v[67] = -3.88134e-12
v[68] = 5.9019e-12
v[69] = 2.91529e-12
v[70] = 1.05663e-12
v[71] = 4.31424e-12
v[72] = 2.9071e-12
v[73] = 6.51518e-12
v[74] = -4.16787e-12
v[75] = -1.86718
v[76] = 1.54152e-08
v[77] = 0
v[78] = 3042.35
v[79] = 0
v[80] = 0
v[81] = 0
v[82] = 0
v[83] = 0
v[84] = -1.0001e-08
v[85] = -1.31009e-08
v[86] = 0
v[87] = 0
v[88] = -7.33421e-09
v[89] = 3.73622
v[90] = 3.73622
v[91] = 3.73622
v[92] = 3.73622
v[93] = 3.73622
v[94] = 3.73622
v[95] = 3.73622
v[96] = 3.73622
v[97] = 3.73622
v[98] = 3.73622
v[99] = 3.73622
v[100] = 3.73622
v[101] = 3.73622
v[102] = 3.73622
v[103] = 3.73622
v[104] = 0
v[105] = 0
v[106] = 0
v[107] = 0
v[108] = 0
v[109] = 0
v[110] = 0
v[111] = 0
v[112] = 0
v[113] = 0
v[114] = 0
v[115] = 0
v[116] = 0
v[117] = 0
v[118] = 0
v[119] = 0
v[120] = 0
v[121] = 0
v[122] = 0
v[123] = 0
v[124] = 0
v[125] = 0
v[126] = 0
v[127] = 0
v[128] = 0
v[129] = 0
v[130] = 0
v[131] = 0
v[132] = 0
v[133] = 0
v[134] = 0
v[135] = 0
v[136] = 0
v[137] = 0
v[138] = 0
v[139] = 0
v[140] = 0
v[141] = 0
v[142] = 0
v[143] = 3.53158e-09
v[144] = 0
v[145] = 0
v[146] = 0
v[147] = 0
v[148] = 0
v[149] = 0
v[150] = 0
v[151] = 0
v[152] = 0
v[153] = 0
v[154] = 0
v[155] = 0
v[156] = 0
v[157] = 0
v[158] = 0
v[159] = 0
v[160] = 0
v[161] = 0
v[162] = 0
v[163] = -133.637
v[164] = 0
v[165] = 0
v[166] = 0
v[167] = 0
v[168] = 0
v[169] = 0
v[170] = 0
v[171] = 0
v[172] = 0
v[173] = 0
v[174] = 0
v[175] = 0
v[176] = 0
v[177] = 0
v[178] = 0
v[179] = 1367.46
v[180] = 201650
v[181] = 4.18083e+06
v[182] = 7.24405e+06
v[183] = 7.16469e+06
v[184] = 6127.4
v[185] = 7050.25
v[186] = 8.0418e+06
v[187] = 197584
v[188] = 3332.71
v[189] = 5.49837e+06
v[190] = 2876.89
v[191] = 9.33428e+06
v[192] = 6538.39
v[193] = 609.004
v[194] = 975.154
v[195] = 2828.32
v[196] = 2234.26
v[197] = 339192
v[198] = 4.18212e+06
v[199] = 5.34721e+06
v[200] = 2.13735e+07
v[201] = 2772.28
v[202] = 7117.5
v[203] = 4606.76
v[204] = 8.95689e+06
v[205] = 223174
v[206] = 1.07133e+07
v[207] = 6504.76
v[208] = 6684.1
v[209] = 5.04831e+06
v[210] = 2600.41
v[211] = 9.42469e+06
v[212] = 373.622
v[213] = 3769.85
v[214] = 1184.38
v[215] = 1143.28
v[216] = 3982.81
v[217] = 5055.11
v[218] = 5264.34
v[219] = 4636.65
v[220] = 328.788
v[221] = 1498.22
v[222] = 123172
v[223] = 242649
v[224] = 69164.1
v[225] = 2.35383e+07
v[226] = 6336.63
v[227] = 4285.45
v[228] = 2.01553e+07
v[229] = 743.508
v[230] = 5.60979e+06
v[231] = 8.93926e+06
v[232] = 2.48803e+06
v[233] = 5828.51
v[234] = 1.24912e+06
v[235] = 5772.46
v[236] = 1.65462e+07
v[237] = 127670
v[238] = 2.31425e+06
v[239] = 6467.4
v[240] = 1.08663e+07
v[241] = 2.62528e+07
v[242] = 2.18922e+06
v[243] = 1.96682e+07
v[244] = 41.0984
v[245] = 1.24087e+07
v[246] = 2.20485e+06
v[247] = 3.9868e+06
v[248] = 4.999e+06
v[249] = 4576.87
v[250] = 4935.55
v[251] = 1.86912e+07
v[252] = 2.12685e+07
v[253] = 4943.02
v[254] = 1.22035e+07
v[255] = 1.26621e+07
v[256] = 1898
v[257] = 8.90376e+06
v[258] = 2.20667e+07
v[259] = 4.92638e+06
v[260] = 2645.24
v[261] = 2428.54
v[262] = 7.73116e+06
v[263] = 6344.1
v[264] = 5.10213e+06
v[265] = 9.65547e+06
v[266] = 5103.68
v[267] = 1.40286e+07
v[268] = 73448.2
v[269] = 2.17313e+07
v[270] = 8.3095e+06
v[271] = 1.42615e+07
v[272] = 6672.89
v[273] = 9.73135e+06
v[274] = 1782.18
v[275] = 4.41599e+06
v[276] = 2577.99
v[277] = 3.53266e+06
v[278] = 2.69868e+06
v[279] = -2.01106e-09
v[280] = -1.67425e-09
v[281] = 1.22688e-09
v[282] = -3.81745e-09
v[283] = 0
v[284] = 0
v[285] = -1.37179e-09
v[286] = 1.00721e-09
v[287] = 4.28037e-10
v[288] = 7.01706e-10
v[289] = 1.77897e-09
v[290] = 1.18314e-09
v[291] = 5.21229e-10
v[292] = -1.46268e-09
v[293] = -8.83618e-10
v[294] = -4.11385e-10
v[295] = -1.65246e-09
v[296] = 0
v[297] = 1.82931e-10
v[298] = 1.65035e-11
v[299] = -9.58646e-10
v[300] = 3.55624e-10
v[301] = -2.28224e-11
v[302] = -2.07839e-09
v[303] = 2.5836e-11
v[304] = -1.38634e-10
v[305] = -2.69153e-10
v[306] = -1.73109e-09
v[307] = 7.49462e-10
v[308] = -1.33973e-09
v[309] = 8.66192e-11
v[310] = 1.73125e-09
v[311] = -1.17917e-09
v[312] = 9.58818e-10
v[313] = -4.11123e-10
v[314] = 3.0959e-09
v[315] = -6.10281e-10
v[316] = -1.94558e-09
v[317] = 0
v[318] = 0
v[319] = 6.00101e-11
v[320] = -5.0509e-10
v[321] = -5.30052e-10
v[322] = -8.98423e-10
v[323] = 1.14176e-09
v[324] = -2.0198e-10
v[325] = 2.80377e-10
v[326] = 2.55187e-10
v[327] = 1.39698e-09
v[328] = 6.58192e-10
v[329] = 7.06358e-10
v[330] = 1.89922e-09
v[331] = -1.7009e-10
v[332] = -9.08575e-10
v[333] = 2.4595e-10
v[334] = 6.97037e-10
v[335] = 0
v[336] = -8.28199e-10
v[337] = 1.19523e-09
v[338] = 0
v[339] = -6.81418e-10
v[340] = -1.82402e-10
v[341] = 0
v[342] = 380.294
v[343] = -4.68486e-10
v[344] = 5.19925e-10
v[345] = -2.73537e-10
v[346] = -3.88134e-10
v[347] = 5.9019e-10
v[348] = 2.91529e-10
v[349] = 1.05663e-10
v[350] = 0
v[351] = 2.9071e-10
v[352] = 6.51518e-10
v[353] = -4.16787e-10
v[354] = 0
168: cut: -3.32766e+06	calc: -3.32766e+06	diff: 1.03842e-07
*** WARNING (version #53bfdf0): src/VwsUtility.cpp:280: Number of differences between true and calculated cuts: 1. Total difference: 1.03842e-07. Small enough difference that we will try to continue, but beware of numerical issues.
x:
x[0] = 1.3957e-11
x[1] = 2.69974e-13
x[2] = 7.70476e-12
x[3] = 7.86062e-12
x[4] = 0
x[5] = 0
x[6] = -2.10335e-12
x[7] = 1.2849e-11
x[8] = 1.79576e-12
x[9] = -8.0664e-12
x[10] = -200.955
x[11] = 3.13115e-12
x[12] = -1.06613e-11
x[13] = -1.57778e-11
x[14] = -7.08958e-12
x[15] = 2.52101e-11
x[16] = -6.15992e-12
x[17] = -1.06505e-12
x[18] = 5.64599e-12
x[19] = -1.11236e-11
x[20] = 3.83723e-11
x[21] = -5.79931e-12
x[22] = -1.92267e-11
x[23] = 1.69269e-11
x[24] = -2.63788e-12
x[25] = -1.25087e-11
x[26] = 2.16905e-11
x[27] = 1.12952e-11
x[28] = -8.31501e-12
x[29] = 2.02355e-11
x[30] = 5.64103e-12
x[31] = -4.2635e-12
x[32] = 6.25326e-12
x[33] = -1.04325e-12
x[34] = 8.40077e-12
x[35] = -1.76685e-11
x[36] = -9.45124e-13
x[37] = -3.73622
x[38] = 2.25703e-11
x[39] = 5.44649e-12
x[40] = 7.99161e-13
x[41] = -9.17541e-12
x[42] = 5.9752e-12
x[43] = -1.91171e-11
x[44] = -4.05535e-12
x[45] = -7.17531e-12
x[46] = -1.73282e-11
x[47] = -13878.4
x[48] = -5.13677e-12
x[49] = -6.38613e-12
x[50] = 6.26704e-12
x[51] = 1.01081e-11
x[52] = -1.26192e-11
x[53] = -7.32924e-12
x[54] = 7.43331e-13
x[55] = -1.23644e-11
x[56] = -1.98136e-11
x[57] = -8.99597e-12
x[58] = -0.0667182
x[59] = -1.14481e-11
x[60] = 1.60352e-12
x[61] = 3.79077e-12
x[62] = -7.98685e-12
x[63] = -4.71588e-12
x[64] = 7.66041e-12
x[65] = 6.5132e-12
x[66] = 9.06069e-12
x[67] = 6.13559e-12
x[68] = -6.30034e-13
x[69] = 2.37923e-11
x[70] = 5.81433e-12
x[71] = -4.24012e-12
x[72] = -1.86718
x[73] = 1.91708e-09
x[74] = 3042.35
x[75] = 0
x[76] = -6.44432e-09
x[77] = 2.10318e-08
x[78] = -0
x[79] = 3.73622
x[80] = 3.73622
x[81] = 3.73622
x[82] = 3.73622
x[83] = 3.73622
x[84] = 3.73622
x[85] = 3.73622
x[86] = 3.73622
x[87] = 3.73622
x[88] = 3.73622
x[89] = 3.73622
x[90] = 3.73622
x[91] = 3.73622
x[92] = 3.73622
x[93] = 3.73622
x[94] = 0
x[95] = -2.48273e-08
x[96] = -133.637
x[97] = 1367.46
x[98] = 201650
x[99] = 4.18083e+06
x[100] = 7.24405e+06
x[101] = 7.16469e+06
x[102] = 6127.4
x[103] = 7050.25
x[104] = 8.0418e+06
x[105] = 197584
x[106] = 3332.71
x[107] = 5.49837e+06
x[108] = 2876.89
x[109] = 9.33428e+06
x[110] = 6538.39
x[111] = 609.004
x[112] = 975.154
x[113] = 2828.32
x[114] = 2234.26
x[115] = 339192
x[116] = 4.18212e+06
x[117] = 5.34721e+06
x[118] = 2.13735e+07
x[119] = 2772.28
x[120] = 7117.5
x[121] = 4606.76
x[122] = 8.95689e+06
x[123] = 223174
x[124] = 1.07133e+07
x[125] = 6504.76
x[126] = 6684.1
x[127] = 5.04831e+06
x[128] = 2600.41
x[129] = 9.42469e+06
x[130] = 373.622
x[131] = 3769.85
x[132] = 1184.38
x[133] = 1143.28
x[134] = 3982.81
x[135] = 5055.11
x[136] = 5264.34
x[137] = 4636.65
x[138] = 328.788
x[139] = 1498.22
x[140] = 123172
x[141] = 242649
x[142] = 69164.1
x[143] = 2.35383e+07
x[144] = 6336.63
x[145] = 4285.45
x[146] = 2.01553e+07
x[147] = 743.508
x[148] = 5.60979e+06
x[149] = 8.93926e+06
x[150] = 2.48803e+06
x[151] = 5828.51
x[152] = 1.24912e+06
x[153] = 5772.46
x[154] = 1.65462e+07
x[155] = 127670
x[156] = 2.31425e+06
x[157] = 6467.4
x[158] = 1.08663e+07
x[159] = 2.62528e+07
x[160] = 2.18922e+06
x[161] = 1.96682e+07
x[162] = 41.0984
x[163] = 1.24087e+07
x[164] = 2.20485e+06
x[165] = 3.9868e+06
x[166] = 4.999e+06
x[167] = 4576.87
x[168] = 4935.55
x[169] = 1.86912e+07
x[170] = 2.12685e+07
x[171] = 4943.02
x[172] = 1.22035e+07
x[173] = 1.26621e+07
x[174] = 1898
x[175] = 8.90376e+06
x[176] = 2.20667e+07
x[177] = 4.92638e+06
x[178] = 2645.24
x[179] = 2428.54
x[180] = 7.73116e+06
x[181] = 6344.1
x[182] = 5.10213e+06
x[183] = 9.65547e+06
x[184] = 5103.68
x[185] = 1.40286e+07
x[186] = 73448.2
x[187] = 2.17313e+07
x[188] = 8.3095e+06
x[189] = 1.42615e+07
x[190] = 6672.89
x[191] = 9.73135e+06
x[192] = 1782.18
x[193] = 4.41599e+06
x[194] = 2577.99
x[195] = 3.53266e+06
x[196] = 2.69868e+06
x[197] = 1.3957e-09
x[198] = 2.69974e-11
x[199] = 7.70476e-10
x[200] = 8.01783e-10
x[201] = 0
x[202] = 0
x[203] = -2.10335e-10
x[204] = 1.2849e-09
x[205] = 1.79576e-10
x[206] = -8.0664e-10
x[207] = -6.54836e-10
x[208] = 3.13115e-10
x[209] = -1.06613e-09
x[210] = -1.59355e-09
x[211] = -7.01868e-10
x[212] = 2.54622e-09
x[213] = -6.15992e-10
x[214] = 5.64599e-10
x[215] = -1.11236e-09
x[216] = 3.83723e-09
x[217] = -5.79931e-10
x[218] = -1.92267e-09
x[219] = 1.69269e-09
x[220] = -2.66426e-10
x[221] = -1.25087e-09
x[222] = 2.19074e-09
x[223] = 1.12952e-09
x[224] = -8.31501e-10
x[225] = 2.04379e-09
x[226] = 5.64103e-10
x[227] = -4.2635e-10
x[228] = 6.25326e-10
x[229] = -1.04325e-10
x[230] = 8.40077e-10
x[231] = -1.76685e-09
x[232] = -9.54575e-11
x[233] = -1.44018e-09
x[234] = 5.44649e-10
x[235] = 7.99161e-11
x[236] = -9.17541e-10
x[237] = 5.9752e-10
x[238] = -1.93083e-09
x[239] = -4.05535e-10
x[240] = -7.17531e-10
x[241] = -1.73282e-09
x[242] = -4.65661e-10
x[243] = -5.13677e-10
x[244] = -6.38613e-10
x[245] = 6.26704e-10
x[246] = 1.01081e-09
x[247] = -1.26192e-09
x[248] = -7.32924e-10
x[249] = 7.50764e-11
x[250] = -1.96154e-09
x[251] = -8.90601e-10
x[252] = -1.14481e-09
x[253] = 1.60352e-10
x[254] = 380.294
x[255] = -7.90698e-10
x[256] = -4.76304e-10
x[257] = 7.73701e-10
x[258] = 6.5132e-10
x[259] = 9.06069e-10
x[260] = 6.13559e-10
x[261] = -6.30034e-11
x[262] = 0
x[263] = 2.37923e-09
x[264] = 5.81433e-10
x[265] = -4.24012e-10
b:
b[0] = 1.86905
b[1] = 1.86905
b[2] = 1.86905
b[3] = 1.86905
b[4] = 1.86905
b[5] = 1.86905
b[6] = 1.86905
b[7] = 1.86905
b[8] = 1.86905
b[9] = 1.86905
b[10] = 1.86905
b[11] = 1.86905
b[12] = 1.86905
b[13] = 1.86905
b[14] = 1.86905
b[15] = 0
b[16] = 0
b[17] = 0
b[18] = 0
b[19] = 0
b[20] = 0
b[21] = 0
b[22] = 0
b[23] = 0
b[24] = 0
b[25] = -200955
b[26] = 0
b[27] = 0
b[28] = 0
b[29] = 0
b[30] = 0
b[31] = 0
b[32] = 0
b[33] = 0
b[34] = 0
b[35] = 0
b[36] = 0
b[37] = 0
b[38] = 0
b[39] = 0
b[40] = 0
b[41] = 0
b[42] = 0
b[43] = 0
b[44] = 0
b[45] = 0
b[46] = 0
b[47] = 0
b[48] = 0
b[49] = 0
b[50] = 0
b[51] = 0
b[52] = -6351.58
b[53] = 0
b[54] = 0
b[55] = 0
b[56] = 0
b[57] = 0
b[58] = 0
b[59] = 0
b[60] = 0
b[61] = 0
b[62] = 0
b[63] = -1.52662e+07
b[64] = 0
b[65] = 0
b[66] = 0
b[67] = 0
b[68] = 0
b[69] = 0
b[70] = 0
b[71] = 0
b[72] = 0
b[73] = 0
b[74] = -247.058
b[75] = 0
b[76] = 0
b[77] = 0
b[78] = -3042.35
b[79] = 0
b[80] = 0
b[81] = 0
b[82] = 0
b[83] = 0
b[84] = 0
b[85] = 0
b[86] = 0
b[87] = 0
b[88] = 0
b[89] = 0
b[90] = -1.5159e+06
b[91] = -1.39072e+07
b[92] = -1.29057e+07
b[93] = -1.07086e+07
b[94] = -3.0747e+06
b[95] = -8.5948e+06
b[96] = -1.30522e+07
b[97] = -1.33849e+07
b[98] = -1.10265e+07
b[99] = -4.75741e+06
b[100] = -1.42391e+07
b[101] = -1.09479e+07
b[102] = -9.06171e+06
b[103] = -7.96949e+06
b[104] = -1.64075e+07
b[105] = -2.44608e+07
b[106] = -1.70312e+07
b[107] = -2.57615e+07
b[108] = -3.98599e+06
b[109] = -2.1692e+07
b[110] = -718691
b[111] = -2.14777e+06
b[112] = -1.91343e+07
b[113] = -1.44416e+07
b[114] = -1.98105e+06
b[115] = -424754
b[116] = -1.55785e+06
b[117] = -1.80503e+06
b[118] = -3.46984e+06
b[119] = -4.10465e+06
b[120] = -1.37055e+07
b[121] = -4.52921e+06
b[122] = -1.58163e+07
b[123] = -8.52143e+06
b[124] = -1.57913e+07
b[125] = -6.53301e+06
b[126] = -3.5882e+06
b[127] = -1.09585e+07
b[128] = -1.43067e+07
b[129] = -9.51678e+06
b[130] = -8.94499e+06
b[131] = -1.16787e+06
b[132] = -5.24594e+06
b[133] = -2.35856e+06
b[134] = -5.62344e+06
b[135] = -1.26724e+07
b[136] = -1.23211e+06
b[137] = -6.86004e+06
b[138] = -1.31723e+07
b[139] = -5.9298e+06
b[140] = -1.68385e+07
b[141] = -1.15813e+07
b[142] = -1.47771e+07
b[143] = -2.37614e+07
b[144] = -485358
b[145] = -1.39163e+07
b[146] = -2.42806e+07
b[147] = -2.58039e+06
b[148] = -5.70379e+06
b[149] = -1.21939e+07
b[150] = -2.93002e+06
b[151] = -1.3355e+07
b[152] = -72541.5
b[153] = -6.56485e+06
b[154] = -5.42272e+06
b[155] = -2.23926e+06
b[156] = -8.72419e+06
b[157] = -2.07066e+07
b[158] = -4.27353e+06
b[159] = -1.92013e+07
b[160] = -726075
b[161] = -1.56154e+07
b[162] = -7.81644e+06
b[163] = -3.76066e+06
b[164] = -1.22341e+07
b[165] = -1.07771e+07
b[166] = -5.62283e+06
b[167] = -1.66123e+07
b[168] = -3.32766e+06
b[169] = -5.06266e+06
b[170] = -2.08332e+07
b[171] = -2.1392e+07
b[172] = -1.50956e+07
b[173] = -1.75405e+07
b[174] = -1.17498e+07
b[175] = -1.6736e+07
b[176] = -7.49512e+06
b[177] = -1.58753e+07
b[178] = -2.45213e+06
b[179] = -6.61122e+06
b[180] = -692868
b[181] = -1.91576e+07
b[182] = -1.34115e+07
b[183] = -8.16588e+06
b[184] = -1.52951e+07
b[185] = -2.90028e+06
b[186] = -2.7912e+06
b[187] = -2.2068e+07
b[188] = -8.87287e+06
b[189] = -1.43299e+07
b[190] = 0
b[191] = 0
b[192] = 0
b[193] = 0
b[194] = 0
b[195] = 0
b[196] = 0
b[197] = 0
b[198] = 0
b[199] = 0
b[200] = 19693.6
b[201] = 0
b[202] = 0
b[203] = 0
b[204] = 0
b[205] = 0
b[206] = 0
b[207] = 0
b[208] = 0
b[209] = 0
b[210] = 0
b[211] = 0
b[212] = 0
b[213] = 0
b[214] = 0
b[215] = 0
b[216] = 0
b[217] = 0
b[218] = 0
b[219] = 0
b[220] = 0
b[221] = 0
b[222] = 0
b[223] = 0
b[224] = 0
b[225] = 0
b[226] = 0
b[227] = 373.622
b[228] = 0
b[229] = 0
b[230] = 0
b[231] = 0
b[232] = 0
b[233] = 0
b[234] = 0
b[235] = 0
b[236] = 0
b[237] = 0
b[238] = 1.38784e+06
b[239] = 0
b[240] = 0
b[241] = 0
b[242] = 0
b[243] = 0
b[244] = 0
b[245] = 0
b[246] = 0
b[247] = 0
b[248] = 0
b[249] = 6.67182
b[250] = 0
b[251] = 0
b[252] = 0
b[253] = 380.294
b[254] = 0
b[255] = 0
b[256] = 0
b[257] = 0
b[258] = 0
b[259] = 0
b[260] = 0
b[261] = 0
b[262] = 0
b[263] = 0
b[264] = 0
b[265] = 14077.5
v:
v[0] = 1.3957e-11
v[1] = 2.69974e-13
v[2] = 7.70476e-12
v[3] = 7.86062e-12
v[4] = 0
v[5] = 0
v[6] = -2.10335e-12
v[7] = 1.2849e-11
v[8] = 1.79576e-12
v[9] = -8.0664e-12
v[10] = -200.955
v[11] = 3.13115e-12
v[12] = -1.06613e-11
v[13] = -1.57778e-11
v[14] = -7.08958e-12
v[15] = 2.52101e-11
v[16] = -6.15992e-12
v[17] = -1.06505e-12
v[18] = 5.64599e-12
v[19] = -1.11236e-11
v[20] = 3.83723e-11
v[21] = -5.79931e-12
v[22] = -1.92267e-11
v[23] = 1.69269e-11
v[24] = -2.63788e-12
v[25] = -1.25087e-11
v[26] = 2.16905e-11
v[27] = 1.12952e-11
v[28] = -8.31501e-12
v[29] = 2.02355e-11
v[30] = 5.64103e-12
v[31] = -4.2635e-12
v[32] = 6.25326e-12
v[33] = -1.04325e-12
v[34] = 8.40077e-12
v[35] = -1.76685e-11
v[36] = -9.45124e-13
v[37] = -3.73622
v[38] = 0
v[39] = 2.25703e-11
v[40] = 5.44649e-12
v[41] = 7.99161e-13
v[42] = -9.17541e-12
v[43] = 5.9752e-12
v[44] = -1.91171e-11
v[45] = -4.05535e-12
v[46] = -7.17531e-12
v[47] = -1.73282e-11
v[48] = -13878.4
v[49] = -5.13677e-12
v[50] = -6.38613e-12
v[51] = 6.26704e-12
v[52] = 1.01081e-11
v[53] = -1.26192e-11
v[54] = -7.32924e-12
v[55] = 7.43331e-13
v[56] = -1.23644e-11
v[57] = -1.98136e-11
v[58] = -8.99597e-12
v[59] = -0.0667182
v[60] = -1.14481e-11
v[61] = 1.60352e-12
v[62] = 3.79077e-12
v[63] = 0
v[64] = -7.98685e-12
v[65] = -4.71588e-12
v[66] = 7.66041e-12
v[67] = 6.5132e-12
v[68] = 9.06069e-12
v[69] = 6.13559e-12
v[70] = -6.30034e-13
v[71] = 0
v[72] = 2.37923e-11
v[73] = 5.81433e-12
v[74] = -4.24012e-12
v[75] = -1.86718
v[76] = 1.91708e-09
v[77] = 0
v[78] = 3042.35
v[79] = 0
v[80] = 0
v[81] = 0
v[82] = 0
v[83] = 0
v[84] = -6.44432e-09
v[85] = 2.10318e-08
v[86] = 0
v[87] = 0
v[88] = -0
v[89] = 3.73622
v[90] = 3.73622
v[91] = 3.73622
v[92] = 3.73622
v[93] = 3.73622
v[94] = 3.73622
v[95] = 3.73622
v[96] = 3.73622
v[97] = 3.73622
v[98] = 3.73622
v[99] = 3.73622
v[100] = 3.73622
v[101] = 3.73622
v[102] = 3.73622
v[103] = 3.73622
v[104] = 0
v[105] = 0
v[106] = 0
v[107] = 0
v[108] = 0
v[109] = 0
v[110] = 0
v[111] = 0
v[112] = 0
v[113] = 0
v[114] = 0
v[115] = 0
v[116] = 0
v[117] = 0
v[118] = 0
v[119] = 0
v[120] = 0
v[121] = 0
v[122] = 0
v[123] = 0
v[124] = 0
v[125] = 0
v[126] = 0
v[127] = 0
v[128] = 0
v[129] = 0
v[130] = 0
v[131] = 0
v[132] = 0
v[133] = 0
v[134] = 0
v[135] = 0
v[136] = 0
v[137] = 0
v[138] = 0
v[139] = 0
v[140] = 0
v[141] = 0
v[142] = 0
v[143] = -2.48273e-08
v[144] = 0
v[145] = 0
v[146] = 0
v[147] = 0
v[148] = 0
v[149] = 0
v[150] = 0
v[151] = 0
v[152] = 0
v[153] = 0
v[154] = 0
v[155] = 0
v[156] = 0
v[157] = 0
v[158] = 0
v[159] = 0
v[160] = 0
v[161] = 0
v[162] = 0
v[163] = -133.637
v[164] = 0
v[165] = 0
v[166] = 0
v[167] = 0
v[168] = 0
v[169] = 0
v[170] = 0
v[171] = 0
v[172] = 0
v[173] = 0
v[174] = 0
v[175] = 0
v[176] = 0
v[177] = 0
v[178] = 0
v[179] = 1367.46
v[180] = 201650
v[181] = 4.18083e+06
v[182] = 7.24405e+06
v[183] = 7.16469e+06
v[184] = 6127.4
v[185] = 7050.25
v[186] = 8.0418e+06
v[187] = 197584
v[188] = 3332.71
v[189] = 5.49837e+06
v[190] = 2876.89
v[191] = 9.33428e+06
v[192] = 6538.39
v[193] = 609.004
v[194] = 975.154
v[195] = 2828.32
v[196] = 2234.26
v[197] = 339192
v[198] = 4.18212e+06
v[199] = 5.34721e+06
v[200] = 2.13735e+07
v[201] = 2772.28
v[202] = 7117.5
v[203] = 4606.76
v[204] = 8.95689e+06
v[205] = 223174
v[206] = 1.07133e+07
v[207] = 6504.76
v[208] = 6684.1
v[209] = 5.04831e+06
v[210] = 2600.41
v[211] = 9.42469e+06
v[212] = 373.622
v[213] = 3769.85
v[214] = 1184.38
v[215] = 1143.28
v[216] = 3982.81
v[217] = 5055.11
v[218] = 5264.34
v[219] = 4636.65
v[220] = 328.788
v[221] = 1498.22
v[222] = 123172
v[223] = 242649
v[224] = 69164.1
v[225] = 2.35383e+07
v[226] = 6336.63
v[227] = 4285.45
v[228] = 2.01553e+07
v[229] = 743.508
v[230] = 5.60979e+06
v[231] = 8.93926e+06
v[232] = 2.48803e+06
v[233] = 5828.51
v[234] = 1.24912e+06
v[235] = 5772.46
v[236] = 1.65462e+07
v[237] = 127670
v[238] = 2.31425e+06
v[239] = 6467.4
v[240] = 1.08663e+07
v[241] = 2.62528e+07
v[242] = 2.18922e+06
v[243] = 1.96682e+07
v[244] = 41.0984
v[245] = 1.24087e+07
v[246] = 2.20485e+06
v[247] = 3.9868e+06
v[248] = 4.999e+06
v[249] = 4576.87
v[250] = 4935.55
v[251] = 1.86912e+07
v[252] = 2.12685e+07
v[253] = 4943.02
v[254] = 1.22035e+07
v[255] = 1.26621e+07
v[256] = 1898
v[257] = 8.90376e+06
v[258] = 2.20667e+07
v[259] = 4.92638e+06
v[260] = 2645.24
v[261] = 2428.54
v[262] = 7.73116e+06
v[263] = 6344.1
v[264] = 5.10213e+06
v[265] = 9.65547e+06
v[266] = 5103.68
v[267] = 1.40286e+07
v[268] = 73448.2
v[269] = 2.17313e+07
v[270] = 8.3095e+06
v[271] = 1.42615e+07
v[272] = 6672.89
v[273] = 9.73135e+06
v[274] = 1782.18
v[275] = 4.41599e+06
v[276] = 2577.99
v[277] = 3.53266e+06
v[278] = 2.69868e+06
v[279] = 1.3957e-09
v[280] = 2.69974e-11
v[281] = 7.70476e-10
v[282] = 8.01783e-10
v[283] = 0
v[284] = 0
v[285] = -2.10335e-10
v[286] = 1.2849e-09
v[287] = 1.79576e-10
v[288] = -8.0664e-10
v[289] = -6.54836e-10
v[290] = 3.13115e-10
v[291] = -1.06613e-09
v[292] = -1.59355e-09
v[293] = -7.01868e-10
v[294] = 2.54622e-09
v[295] = -6.15992e-10
v[296] = 0
v[297] = 5.64599e-10
v[298] = -1.11236e-09
v[299] = 3.83723e-09
v[300] = -5.79931e-10
v[301] = -1.92267e-09
v[302] = 1.69269e-09
v[303] = -2.66426e-10
v[304] = -1.25087e-09
v[305] = 2.19074e-09
v[306] = 1.12952e-09
v[307] = -8.31501e-10
v[308] = 2.04379e-09
v[309] = 5.64103e-10
v[310] = -4.2635e-10
v[311] = 6.25326e-10
v[312] = -1.04325e-10
v[313] = 8.40077e-10
v[314] = -1.76685e-09
v[315] = -9.54575e-11
v[316] = -1.44018e-09
v[317] = 0
v[318] = 0
v[319] = 5.44649e-10
v[320] = 7.99161e-11
v[321] = -9.17541e-10
v[322] = 5.9752e-10
v[323] = -1.93083e-09
v[324] = -4.05535e-10
v[325] = -7.17531e-10
v[326] = -1.73282e-09
v[327] = -4.65661e-10
v[328] = -5.13677e-10
v[329] = -6.38613e-10
v[330] = 6.26704e-10
v[331] = 1.01081e-09
v[332] = -1.26192e-09
v[333] = -7.32924e-10
v[334] = 7.50764e-11
v[335] = 0
v[336] = -1.96154e-09
v[337] = -8.90601e-10
v[338] = 0
v[339] = -1.14481e-09
v[340] = 1.60352e-10
v[341] = 0
v[342] = 380.294
v[343] = -7.90698e-10
v[344] = -4.76304e-10
v[345] = 7.73701e-10
v[346] = 6.5132e-10
v[347] = 9.06069e-10
v[348] = 6.13559e-10
v[349] = -6.30034e-11
v[350] = 0
v[351] = 2.37923e-09
v[352] = 5.81433e-10
v[353] = -4.24012e-10
v[354] = 0
131: cut: -1.16787e+06	calc: -1.16787e+06	diff: -1.24099e-07
*** WARNING (version #53bfdf0): src/VwsUtility.cpp:280: Number of differences between true and calculated cuts: 1. Total difference: 1.24099e-07. Small enough difference that we will try to continue, but beware of numerical issues.
x:
x[0] = -2.01106e-11
x[1] = -1.67425e-11
x[2] = 1.22688e-11
x[3] = -3.7426e-11
x[4] = 0
x[5] = 0
x[6] = -1.37179e-11
x[7] = 1.00721e-11
x[8] = 4.28037e-12
x[9] = 7.01706e-12
x[10] = -200.955
x[11] = 1.18314e-11
x[12] = 5.21229e-12
x[13] = -1.44819e-11
x[14] = -8.92543e-12
x[15] = -4.07311e-12
x[16] = -1.65246e-11
x[17] = -8.564e-12
x[18] = 1.82931e-12
x[19] = 1.65035e-13
x[20] = -9.58646e-12
x[21] = 3.55624e-12
x[22] = -2.28224e-13
x[23] = -2.07839e-11
x[24] = 2.55802e-13
x[25] = -1.38634e-12
x[26] = -2.66488e-12
x[27] = -1.73109e-11
x[28] = 7.49462e-12
x[29] = -1.32647e-11
x[30] = 8.66192e-13
x[31] = 1.73125e-11
x[32] = -1.17917e-11
x[33] = 9.58818e-12
x[34] = -4.11123e-12
x[35] = 3.0959e-11
x[36] = -6.04239e-12
x[37] = -3.73622
x[38] = -3.21053e-12
x[39] = 6.00101e-13
x[40] = -5.0509e-12
x[41] = -5.30052e-12
x[42] = -8.98423e-12
x[43] = 1.13046e-11
x[44] = -2.0198e-12
x[45] = 2.80377e-12
x[46] = 2.55187e-12
x[47] = -13878.4
x[48] = 6.58192e-12
x[49] = 7.06358e-12
x[50] = 1.89922e-11
x[51] = -1.7009e-12
x[52] = -9.08575e-12
x[53] = 2.4595e-12
x[54] = 6.90135e-12
x[55] = 7.70191e-12
x[56] = -8.36565e-12
x[57] = 1.20731e-11
x[58] = -0.0667182
x[59] = -6.81418e-12
x[60] = -1.82402e-12
x[61] = 5.88295e-12
x[62] = -4.73218e-12
x[63] = 5.14777e-12
x[64] = -2.70829e-12
x[65] = -3.88134e-12
x[66] = 5.9019e-12
x[67] = 2.91529e-12
x[68] = 1.05663e-12
x[69] = 4.31424e-12
x[70] = 2.9071e-12
x[71] = 6.51518e-12
x[72] = -4.16787e-12
x[73] = -1.86718
x[74] = 1.54152e-08
x[75] = 380.294
x[76] = -0
x[77] = -1.0001e-08
x[78] = -1.31009e-08
x[79] = -7.33421e-09
x[80] = 3.73622
x[81] = 3.73622
x[82] = 3.73622
x[83] = 3.73622
x[84] = 3.73622
x[85] = 3.73622
x[86] = 3.73622
x[87] = 3.73622
x[88] = 3.73622
x[89] = 3.73622
x[90] = 3.73622
x[91] = 3.73622
x[92] = 3.73622
x[93] = 3.73622
x[94] = 3.73622
x[95] = 3.53158e-09
x[96] = -133.637
x[97] = -3042.35
x[98] = 1367.46
x[99] = 201650
x[100] = 4.18083e+06
x[101] = 7.24405e+06
x[102] = 7.16469e+06
x[103] = 6127.4
x[104] = 7050.25
x[105] = 8.0418e+06
x[106] = 197584
x[107] = 3332.71
x[108] = 5.49837e+06
x[109] = 2876.89
x[110] = 9.33428e+06
x[111] = 6538.39
x[112] = 609.004
x[113] = 975.154
x[114] = 2828.32
x[115] = 2234.26
x[116] = 339192
x[117] = 4.18212e+06
x[118] = 5.34721e+06
x[119] = 2.13735e+07
x[120] = 2772.28
x[121] = 7117.5
x[122] = 4606.76
x[123] = 8.95689e+06
x[124] = 223174
x[125] = 1.07133e+07
x[126] = 6504.76
x[127] = 6684.1
x[128] = 5.04831e+06
x[129] = 2600.41
x[130] = 9.42469e+06
x[131] = 373.622
x[132] = 3769.85
x[133] = 1184.38
x[134] = 1143.28
x[135] = 3982.81
x[136] = 5055.11
x[137] = 5264.34
x[138] = 4636.65
x[139] = 328.788
x[140] = 1498.22
x[141] = 123172
x[142] = 242649
x[143] = 69164.1
x[144] = 2.35383e+07
x[145] = 6336.63
x[146] = 4285.45
x[147] = 2.01553e+07
x[148] = 743.508
x[149] = 5.60979e+06
x[150] = 8.93926e+06
x[151] = 2.48803e+06
x[152] = 5828.51
x[153] = 1.24912e+06
x[154] = 5772.46
x[155] = 1.65462e+07
x[156] = 127670
x[157] = 2.31425e+06
x[158] = 6467.4
x[159] = 1.08663e+07
x[160] = 2.62528e+07
x[161] = 2.18922e+06
x[162] = 1.96682e+07
x[163] = 41.0984
x[164] = 1.24087e+07
x[165] = 2.20485e+06
x[166] = 3.9868e+06
x[167] = 4.999e+06
x[168] = 4576.87
x[169] = 4935.55
x[170] = 1.86912e+07
x[171] = 2.12685e+07
x[172] = 4943.02
x[173] = 1.22035e+07
x[174] = 1.26621e+07
x[175] = 1898
x[176] = 8.90376e+06
x[177] = 2.20667e+07
x[178] = 4.92638e+06
x[179] = 2645.24
x[180] = 2428.54
x[181] = 7.73116e+06
x[182] = 6344.1
x[183] = 5.10213e+06
x[184] = 9.65547e+06
x[185] = 5103.68
x[186] = 1.40286e+07
x[187] = 73448.2
x[188] = 2.17313e+07
x[189] = 8.3095e+06
x[190] = 1.42615e+07
x[191] = 6672.89
x[192] = 9.73135e+06
x[193] = 1782.18
x[194] = 4.41599e+06
x[195] = 2577.99
x[196] = 3.53266e+06
x[197] = 2.69868e+06
x[198] = -2.01106e-09
x[199] = -1.67425e-09
x[200] = 1.22688e-09
x[201] = -3.81745e-09
x[202] = 0
x[203] = 0
x[204] = -1.37179e-09
x[205] = 1.00721e-09
x[206] = 4.28037e-10
x[207] = 7.01706e-10
x[208] = 1.77897e-09
x[209] = 1.18314e-09
x[210] = 5.21229e-10
x[211] = -1.46268e-09
x[212] = -8.83618e-10
x[213] = -4.11385e-10
x[214] = -1.65246e-09
x[215] = 1.82931e-10
x[216] = 1.65035e-11
x[217] = -9.58646e-10
x[218] = 3.55624e-10
x[219] = -2.28224e-11
x[220] = -2.07839e-09
x[221] = 2.5836e-11
x[222] = -1.38634e-10
x[223] = -2.69153e-10
x[224] = -1.73109e-09
x[225] = 7.49462e-10
x[226] = -1.33973e-09
x[227] = 8.66192e-11
x[228] = 1.73125e-09
x[229] = -1.17917e-09
x[230] = 9.58818e-10
x[231] = -4.11123e-10
x[232] = 3.0959e-09
x[233] = -6.10281e-10
x[234] = -1.94558e-09
x[235] = 0
x[236] = 6.00101e-11
x[237] = -5.0509e-10
x[238] = -5.30052e-10
x[239] = -8.98423e-10
x[240] = 1.14176e-09
x[241] = -2.0198e-10
x[242] = 2.80377e-10
x[243] = 2.55187e-10
x[244] = 1.39698e-09
x[245] = 6.58192e-10
x[246] = 7.06358e-10
x[247] = 1.89922e-09
x[248] = -1.7009e-10
x[249] = -9.08575e-10
x[250] = 2.4595e-10
x[251] = 6.97037e-10
x[252] = -8.28199e-10
x[253] = 1.19523e-09
x[254] = -6.81418e-10
x[255] = -1.82402e-10
x[256] = -4.68486e-10
x[257] = 5.19925e-10
x[258] = -2.73537e-10
x[259] = -3.88134e-10
x[260] = 5.9019e-10
x[261] = 2.91529e-10
x[262] = 1.05663e-10
x[263] = 2.9071e-10
x[264] = 6.51518e-10
x[265] = -4.16787e-10
b:
b[0] = 1.86905
b[1] = 1.86905
b[2] = 1.86905
b[3] = 1.86905
b[4] = 1.86905
b[5] = 1.86905
b[6] = 1.86905
b[7] = 1.86905
b[8] = 1.86905
b[9] = 1.86905
b[10] = 1.86905
b[11] = 1.86905
b[12] = 1.86905
b[13] = 1.86905
b[14] = 1.86905
b[15] = 0
b[16] = 0
b[17] = 0
b[18] = 0
b[19] = 0
b[20] = 0
b[21] = 0
b[22] = 0
b[23] = 0
b[24] = 0
b[25] = -200955
b[26] = 0
b[27] = 0
b[28] = 0
b[29] = 0
b[30] = 0
b[31] = 0
b[32] = 0
b[33] = 0
b[34] = 0
b[35] = 0
b[36] = 0
b[37] = 0
b[38] = 0
b[39] = 0
b[40] = 0
b[41] = 0
b[42] = 0
b[43] = 0
b[44] = 0
b[45] = 0
b[46] = 0
b[47] = 0
b[48] = 0
b[49] = 0
b[50] = 0
b[51] = 0
b[52] = -6351.58
b[53] = 0
b[54] = 0
b[55] = 0
b[56] = 0
b[57] = 0
b[58] = 0
b[59] = 0
b[60] = 0
b[61] = 0
b[62] = 0
b[63] = -1.52662e+07
b[64] = 0
b[65] = 0
b[66] = 0
b[67] = 0
b[68] = 0
b[69] = 0
b[70] = 0
b[71] = 0
b[72] = 0
b[73] = 0
b[74] = -247.058
b[75] = 0
b[76] = 0
b[77] = 0
b[78] = -3042.35
b[79] = 0
b[80] = 0
b[81] = 0
b[82] = 0
b[83] = 0
b[84] = 0
b[85] = 0
b[86] = 0
b[87] = 0
b[88] = 0
b[89] = 0
b[90] = -1.5159e+06
b[91] = -1.39072e+07
b[92] = -1.29057e+07
b[93] = -1.07086e+07
b[94] = -3.0747e+06
b[95] = -8.5948e+06
b[96] = -1.30522e+07
b[97] = -1.33849e+07
b[98] = -1.10265e+07
b[99] = -4.75741e+06
b[100] = -1.42391e+07
b[101] = -1.09479e+07
b[102] = -9.06171e+06
b[103] = -7.96949e+06
b[104] = -1.64075e+07
b[105] = -2.44608e+07
b[106] = -1.70312e+07
b[107] = -2.57615e+07
b[108] = -3.98599e+06
b[109] = -2.1692e+07
b[110] = -718691
b[111] = -2.14777e+06
b[112] = -1.91343e+07
b[113] = -1.44416e+07
b[114] = -1.98105e+06
b[115] = -424754
b[116] = -1.55785e+06
b[117] = -1.80503e+06
b[118] = -3.46984e+06
b[119] = -4.10465e+06
b[120] = -1.37055e+07
b[121] = -4.52921e+06
b[122] = -1.58163e+07
b[123] = -8.52143e+06
b[124] = -1.57913e+07
b[125] = -6.53301e+06
b[126] = -3.5882e+06
b[127] = -1.09585e+07
b[128] = -1.43067e+07
b[129] = -9.51678e+06
b[130] = -8.94499e+06
b[131] = -1.16787e+06
b[132] = -5.24594e+06
b[133] = -2.35856e+06
b[134] = -5.62344e+06
b[135] = -1.26724e+07
b[136] = -1.23211e+06
b[137] = -6.86004e+06
b[138] = -1.31723e+07
b[139] = -5.9298e+06
b[140] = -1.68385e+07
b[141] = -1.15813e+07
b[142] = -1.47771e+07
b[143] = -2.37614e+07
b[144] = -485358
b[145] = -1.39163e+07
b[146] = -2.42806e+07
b[147] = -2.58039e+06
b[148] = -5.70379e+06
b[149] = -1.21939e+07
b[150] = -2.93002e+06
b[151] = -1.3355e+07
b[152] = -72541.5
b[153] = -6.56485e+06
b[154] = -5.42272e+06
b[155] = -2.23926e+06
b[156] = -8.72419e+06
b[157] = -2.07066e+07
b[158] = -4.27353e+06
b[159] = -1.92013e+07
b[160] = -726075
b[161] = -1.56154e+07
b[162] = -7.81644e+06
b[163] = -3.76066e+06
b[164] = -1.22341e+07
b[165] = -1.07771e+07
b[166] = -5.62283e+06
b[167] = -1.66123e+07
b[168] = -3.32766e+06
b[169] = -5.06266e+06
b[170] = -2.08332e+07
b[171] = -2.1392e+07
b[172] = -1.50956e+07
b[173] = -1.75405e+07
b[174] = -1.17498e+07
b[175] = -1.6736e+07
b[176] = -7.49512e+06
b[177] = -1.58753e+07
b[178] = -2.45213e+06
b[179] = -6.61122e+06
b[180] = -692868
b[181] = -1.91576e+07
b[182] = -1.34115e+07
b[183] = -8.16588e+06
b[184] = -1.52951e+07
b[185] = -2.90028e+06
b[186] = -2.7912e+06
b[187] = -2.2068e+07
b[188] = -8.87287e+06
b[189] = -1.43299e+07
b[190] = 0
b[191] = 0
b[192] = 0
b[193] = 0
b[194] = 0
b[195] = 0
b[196] = 0
b[197] = 0
b[198] = 0
b[199] = 0
b[200] = 19693.6
b[201] = 0
b[202] = 0
b[203] = 0
b[204] = 0
b[205] = 0
b[206] = 0
b[207] = 0
b[208] = 0
b[209] = 0
b[210] = 0
b[211] = 0
b[212] = 0
b[213] = 0
b[214] = 0
b[215] = 0
b[216] = 0
b[217] = 0
b[218] = 0
b[219] = 0
b[220] = 0
b[221] = 0
b[222] = 0
b[223] = 0
b[224] = 0
b[225] = 0
b[226] = 0
b[227] = 373.622
b[228] = 0
b[229] = 0
b[230] = 0
b[231] = 0
b[232] = 0
b[233] = 0
b[234] = 0
b[235] = 0
b[236] = 0
b[237] = 0
b[238] = 1.38784e+06
b[239] = 0
b[240] = 0
b[241] = 0
b[242] = 0
b[243] = 0
b[244] = 0
b[245] = 0
b[246] = 0
b[247] = 0
b[248] = 0
b[249] = 6.67182
b[250] = 0
b[251] = 0
b[252] = 0
b[253] = 380.294
b[254] = 0
b[255] = 0
b[256] = 0
b[257] = 0
b[258] = 0
b[259] = 0
b[260] = 0
b[261] = 0
b[262] = 0
b[263] = 0
b[264] = 0
b[265] = 14077.5
v:
v[0] = -2.01106e-11
v[1] = -1.67425e-11
v[2] = 1.22688e-11
v[3] = -3.7426e-11
v[4] = 0
v[5] = 0
v[6] = -1.37179e-11
v[7] = 1.00721e-11
v[8] = 4.28037e-12
v[9] = 7.01706e-12
v[10] = -200.955
v[11] = 1.18314e-11
v[12] = 5.21229e-12
v[13] = -1.44819e-11
v[14] = -8.92543e-12
v[15] = -4.07311e-12
v[16] = -1.65246e-11
v[17] = -8.564e-12
v[18] = 1.82931e-12
v[19] = 1.65035e-13
v[20] = -9.58646e-12
v[21] = 3.55624e-12
v[22] = -2.28224e-13
v[23] = -2.07839e-11
v[24] = 2.55802e-13
v[25] = -1.38634e-12
v[26] = -2.66488e-12
v[27] = -1.73109e-11
v[28] = 7.49462e-12
v[29] = -1.32647e-11
v[30] = 8.66192e-13
v[31] = 1.73125e-11
v[32] = -1.17917e-11
v[33] = 9.58818e-12
v[34] = -4.11123e-12
v[35] = 3.0959e-11
v[36] = -6.04239e-12
v[37] = -3.73622
v[38] = 0
v[39] = -3.21053e-12
v[40] = 6.00101e-13
v[41] = -5.0509e-12
v[42] = -5.30052e-12
v[43] = -8.98423e-12
v[44] = 1.13046e-11
v[45] = -2.0198e-12
v[46] = 2.80377e-12
v[47] = 2.55187e-12
v[48] = -13878.4
v[49] = 6.58192e-12
v[50] = 7.06358e-12
v[51] = 1.89922e-11
v[52] = -1.7009e-12
v[53] = -9.08575e-12
v[54] = 2.4595e-12
v[55] = 6.90135e-12
v[56] = 7.70191e-12
v[57] = -8.36565e-12
v[58] = 1.20731e-11
v[59] = -0.0667182
v[60] = -6.81418e-12
v[61] = -1.82402e-12
v[62] = 5.88295e-12
v[63] = 0
v[64] = -4.73218e-12
v[65] = 5.14777e-12
v[66] = -2.70829e-12
v[67] = -3.88134e-12
v[68] = 5.9019e-12
v[69] = 2.91529e-12
v[70] = 1.05663e-12
v[71] = 4.31424e-12
v[72] = 2.9071e-12
v[73] = 6.51518e-12
v[74] = -4.16787e-12
v[75] = -1.86718
v[76] = 1.54152e-08
v[77] = 0
v[78] = 0
v[79] = 0
v[80] = 0
v[81] = 0
v[82] = 380.294
v[83] = -0
v[84] = -1.0001e-08
v[85] = -1.31009e-08
v[86] = 0
v[87] = 0
v[88] = -7.33421e-09
v[89] = 3.73622
v[90] = 3.73622
v[91] = 3.73622
v[92] = 3.73622
v[93] = 3.73622
v[94] = 3.73622
v[95] = 3.73622
v[96] = 3.73622
v[97] = 3.73622
v[98] = 3.73622
v[99] = 3.73622
v[100] = 3.73622
v[101] = 3.73622
v[102] = 3.73622
v[103] = 3.73622
v[104] = 0
v[105] = 0
v[106] = 0
v[107] = 0
v[108] = 0
v[109] = 0
v[110] = 0
v[111] = 0
v[112] = 0
v[113] = 0
v[114] = 0
v[115] = 0
v[116] = 0
v[117] = 0
v[118] = 0
v[119] = 0
v[120] = 0
v[121] = 0
v[122] = 0
v[123] = 0
v[124] = 0
v[125] = 0
v[126] = 0
v[127] = 0
v[128] = 0
v[129] = 0
v[130] = 0
v[131] = 0
v[132] = 0
v[133] = 0
v[134] = 0
v[135] = 0
v[136] = 0
v[137] = 0
v[138] = 0
v[139] = 0
v[140] = 0
v[141] = 0
v[142] = 0
v[143] = 3.53158e-09
v[144] = 0
v[145] = 0
v[146] = 0
v[147] = 0
v[148] = 0
v[149] = 0
v[150] = 0
v[151] = 0
v[152] = 0
v[153] = 0
v[154] = 0
v[155] = 0
v[156] = 0
v[157] = 0
v[158] = 0
v[159] = 0
v[160] = 0
v[161] = 0
v[162] = 0
v[163] = -133.637
v[164] = 0
v[165] = 0
v[166] = 0
v[167] = -3042.35
v[168] = 0
v[169] = 0
v[170] = 0
v[171] = 0
v[172] = 0
v[173] = 0
v[174] = 0
v[175] = 0
v[176] = 0
v[177] = 0
v[178] = 0
v[179] = 1367.46
v[180] = 201650
v[181] = 4.18083e+06
v[182] = 7.24405e+06
v[183] = 7.16469e+06
v[184] = 6127.4
v[185] = 7050.25
v[186] = 8.0418e+06
v[187] = 197584
v[188] = 3332.71
v[189] = 5.49837e+06
v[190] = 2876.89
v[191] = 9.33428e+06
v[192] = 6538.39
v[193] = 609.004
v[194] = 975.154
v[195] = 2828.32
v[196] = 2234.26
v[197] = 339192
v[198] = 4.18212e+06
v[199] = 5.34721e+06
v[200] = 2.13735e+07
v[201] = 2772.28
v[202] = 7117.5
v[203] = 4606.76
v[204] = 8.95689e+06
v[205] = 223174
v[206] = 1.07133e+07
v[207] = 6504.76
v[208] = 6684.1
v[209] = 5.04831e+06
v[210] = 2600.41
v[211] = 9.42469e+06
v[212] = 373.622
v[213] = 3769.85
v[214] = 1184.38
v[215] = 1143.28
v[216] = 3982.81
v[217] = 5055.11
v[218] = 5264.34
v[219] = 4636.65
v[220] = 328.788
v[221] = 1498.22
v[222] = 123172
v[223] = 242649
v[224] = 69164.1
v[225] = 2.35383e+07
v[226] = 6336.63
v[227] = 4285.45
v[228] = 2.01553e+07
v[229] = 743.508
v[230] = 5.60979e+06
v[231] = 8.93926e+06
v[232] = 2.48803e+06
v[233] = 5828.51
v[234] = 1.24912e+06
v[235] = 5772.46
v[236] = 1.65462e+07
v[237] = 127670
v[238] = 2.31425e+06
v[239] = 6467.4
v[240] = 1.08663e+07
v[241] = 2.62528e+07
v[242] = 2.18922e+06
v[243] = 1.96682e+07
v[244] = 41.0984
v[245] = 1.24087e+07
v[246] = 2.20485e+06
v[247] = 3.9868e+06
v[248] = 4.999e+06
v[249] = 4576.87
v[250] = 4935.55
v[251] = 1.86912e+07
v[252] = 2.12685e+07
v[253] = 4943.02
v[254] = 1.22035e+07
v[255] = 1.26621e+07
v[256] = 1898
v[257] = 8.90376e+06
v[258] = 2.20667e+07
v[259] = 4.92638e+06
v[260] = 2645.24
v[261] = 2428.54
v[262] = 7.73116e+06
v[263] = 6344.1
v[264] = 5.10213e+06
v[265] = 9.65547e+06
v[266] = 5103.68
v[267] = 1.40286e+07
v[268] = 73448.2
v[269] = 2.17313e+07
v[270] = 8.3095e+06
v[271] = 1.42615e+07
v[272] = 6672.89
v[273] = 9.73135e+06
v[274] = 1782.18
v[275] = 4.41599e+06
v[276] = 2577.99
v[277] = 3.53266e+06
v[278] = 2.69868e+06
v[279] = -2.01106e-09
v[280] = -1.67425e-09
v[281] = 1.22688e-09
v[282] = -3.81745e-09
v[283] = 0
v[284] = 0
v[285] = -1.37179e-09
v[286] = 1.00721e-09
v[287] = 4.28037e-10
v[288] = 7.01706e-10
v[289] = 1.77897e-09
v[290] = 1.18314e-09
v[291] = 5.21229e-10
v[292] = -1.46268e-09
v[293] = -8.83618e-10
v[294] = -4.11385e-10
v[295] = -1.65246e-09
v[296] = 0
v[297] = 1.82931e-10
v[298] = 1.65035e-11
v[299] = -9.58646e-10
v[300] = 3.55624e-10
v[301] = -2.28224e-11
v[302] = -2.07839e-09
v[303] = 2.5836e-11
v[304] = -1.38634e-10
v[305] = -2.69153e-10
v[306] = -1.73109e-09
v[307] = 7.49462e-10
v[308] = -1.33973e-09
v[309] = 8.66192e-11
v[310] = 1.73125e-09
v[311] = -1.17917e-09
v[312] = 9.58818e-10
v[313] = -4.11123e-10
v[314] = 3.0959e-09
v[315] = -6.10281e-10
v[316] = -1.94558e-09
v[317] = 0
v[318] = 0
v[319] = 6.00101e-11
v[320] = -5.0509e-10
v[321] = -5.30052e-10
v[322] = -8.98423e-10
v[323] = 1.14176e-09
v[324] = -2.0198e-10
v[325] = 2.80377e-10
v[326] = 2.55187e-10
v[327] = 1.39698e-09
v[328] = 6.58192e-10
v[329] = 7.06358e-10
v[330] = 1.89922e-09
v[331] = -1.7009e-10
v[332] = -9.08575e-10
v[333] = 2.4595e-10
v[334] = 6.97037e-10
v[335] = 0
v[336] = -8.28199e-10
v[337] = 1.19523e-09
v[338] = 0
v[339] = -6.81418e-10
v[340] = -1.82402e-10
v[341] = 0
v[342] = 0
v[343] = -4.68486e-10
v[344] = 5.19925e-10
v[345] = -2.73537e-10
v[346] = -3.88134e-10
v[347] = 5.9019e-10
v[348] = 2.91529e-10
v[349] = 1.05663e-10
v[350] = 0
v[351] = 2.9071e-10
v[352] = 6.51518e-10
v[353] = -4.16787e-10
v[354] = 0
168: cut: -3.32766e+06	calc: -3.32766e+06	diff: 1.03842e-07
*** WARNING (version #53bfdf0): src/VwsUtility.cpp:280: Number of differences between true and calculated cuts: 1. Total difference: 1.03842e-07. Small enough difference that we will try to continue, but beware of numerical issues.
x:
x[0] = 1.3957e-11
x[1] = 2.69974e-13
x[2] = 7.70476e-12
x[3] = 7.86062e-12
x[4] = 0
x[5] = 0
x[6] = -2.10335e-12
x[7] = 1.2849e-11
x[8] = 1.79576e-12
x[9] = -8.0664e-12
x[10] = -200.955
x[11] = 3.13115e-12
x[12] = -1.06613e-11
x[13] = -1.57778e-11
x[14] = -7.08958e-12
x[15] = 2.52101e-11
x[16] = -6.15992e-12
x[17] = -1.06505e-12
x[18] = 5.64599e-12
x[19] = -1.11236e-11
x[20] = 3.83723e-11
x[21] = -5.79931e-12
x[22] = -1.92267e-11
x[23] = 1.69269e-11
x[24] = -2.63788e-12
x[25] = -1.25087e-11
x[26] = 2.16905e-11
x[27] = 1.12952e-11
x[28] = -8.31501e-12
x[29] = 2.02355e-11
x[30] = 5.64103e-12
x[31] = -4.2635e-12
x[32] = 6.25326e-12
x[33] = -1.04325e-12
x[34] = 8.40077e-12
x[35] = -1.76685e-11
x[36] = -9.45124e-13
x[37] = -3.73622
x[38] = 2.25703e-11
x[39] = 5.44649e-12
x[40] = 7.99161e-13
x[41] = -9.17541e-12
x[42] = 5.9752e-12
x[43] = -1.91171e-11
x[44] = -4.05535e-12
x[45] = -7.17531e-12
x[46] = -1.73282e-11
x[47] = -13878.4
x[48] = -5.13677e-12
x[49] = -6.38613e-12
x[50] = 6.26704e-12
x[51] = 1.01081e-11
x[52] = -1.26192e-11
x[53] = -7.32924e-12
x[54] = 7.43331e-13
x[55] = -1.23644e-11
x[56] = -1.98136e-11
x[57] = -8.99597e-12
x[58] = -0.0667182
x[59] = -1.14481e-11
x[60] = 1.60352e-12
x[61] = 3.79077e-12
x[62] = -7.98685e-12
x[63] = -4.71588e-12
x[64] = 7.66041e-12
x[65] = 6.5132e-12
x[66] = 9.06069e-12
x[67] = 6.13559e-12
x[68] = -6.30034e-13
x[69] = 2.37923e-11
x[70] = 5.81433e-12
x[71] = -4.24012e-12
x[72] = -1.86718
x[73] = 1.91708e-09
x[74] = 380.294
x[75] = -0
x[76] = -6.44432e-09
x[77] = 2.10318e-08
x[78] = -0
x[79] = 3.73622
x[80] = 3.73622
x[81] = 3.73622
x[82] = 3.73622
x[83] = 3.73622
x[84] = 3.73622
x[85] = 3.73622
x[86] = 3.73622
x[87] = 3.73622
x[88] = 3.73622
x[89] = 3.73622
x[90] = 3.73622
x[91] = 3.73622
x[92] = 3.73622
x[93] = 3.73622
x[94] = -2.48273e-08
x[95] = -133.637
x[96] = -3042.35
x[97] = 1367.46
x[98] = 201650
x[99] = 4.18083e+06
x[100] = 7.24405e+06
x[101] = 7.16469e+06
x[102] = 6127.4
x[103] = 7050.25
x[104] = 8.0418e+06
x[105] = 197584
x[106] = 3332.71
x[107] = 5.49837e+06
x[108] = 2876.89
x[109] = 9.33428e+06
x[110] = 6538.39
x[111] = 609.004
x[112] = 975.154
x[113] = 2828.32
x[114] = 2234.26
x[115] = 339192
x[116] = 4.18212e+06
x[117] = 5.34721e+06
x[118] = 2.13735e+07
x[119] = 2772.28
x[120] = 7117.5
x[121] = 4606.76
x[122] = 8.95689e+06
x[123] = 223174
x[124] = 1.07133e+07
x[125] = 6504.76
x[126] = 6684.1
x[127] = 5.04831e+06
x[128] = 2600.41
x[129] = 9.42469e+06
x[130] = 373.622
x[131] = 3769.85
x[132] = 1184.38
x[133] = 1143.28
x[134] = 3982.81
x[135] = 5055.11
x[136] = 5264.34
x[137] = 4636.65
x[138] = 328.788
x[139] = 1498.22
x[140] = 123172
x[141] = 242649
x[142] = 69164.1
x[143] = 2.35383e+07
x[144] = 6336.63
x[145] = 4285.45
x[146] = 2.01553e+07
x[147] = 743.508
x[148] = 5.60979e+06
x[149] = 8.93926e+06
x[150] = 2.48803e+06
x[151] = 5828.51
x[152] = 1.24912e+06
x[153] = 5772.46
x[154] = 1.65462e+07
x[155] = 127670
x[156] = 2.31425e+06
x[157] = 6467.4
x[158] = 1.08663e+07
x[159] = 2.62528e+07
x[160] = 2.18922e+06
x[161] = 1.96682e+07
x[162] = 41.0984
x[163] = 1.24087e+07
x[164] = 2.20485e+06
x[165] = 3.9868e+06
x[166] = 4.999e+06
x[167] = 4576.87
x[168] = 4935.55
x[169] = 1.86912e+07
x[170] = 2.12685e+07
x[171] = 4943.02
x[172] = 1.22035e+07
x[173] = 1.26621e+07
x[174] = 1898
x[175] = 8.90376e+06
x[176] = 2.20667e+07
x[177] = 4.92638e+06
x[178] = 2645.24
x[179] = 2428.54
x[180] = 7.73116e+06
x[181] = 6344.1
x[182] = 5.10213e+06
x[183] = 9.65547e+06
x[184] = 5103.68
x[185] = 1.40286e+07
x[186] = 73448.2
x[187] = 2.17313e+07
x[188] = 8.3095e+06
x[189] = 1.42615e+07
x[190] = 6672.89
x[191] = 9.73135e+06
x[192] = 1782.18
x[193] = 4.41599e+06
x[194] = 2577.99
x[195] = 3.53266e+06
x[196] = 2.69868e+06
x[197] = 1.3957e-09
x[198] = 2.69974e-11
x[199] = 7.70476e-10
x[200] = 8.01783e-10
x[201] = 0
x[202] = 0
x[203] = -2.10335e-10
x[204] = 1.2849e-09
x[205] = 1.79576e-10
x[206] = -8.0664e-10
x[207] = -6.54836e-10
x[208] = 3.13115e-10
x[209] = -1.06613e-09
x[210] = -1.59355e-09
x[211] = -7.01868e-10
x[212] = 2.54622e-09
x[213] = -6.15992e-10
x[214] = 5.64599e-10
x[215] = -1.11236e-09
x[216] = 3.83723e-09
x[217] = -5.79931e-10
x[218] = -1.92267e-09
x[219] = 1.69269e-09
x[220] = -2.66426e-10
x[221] = -1.25087e-09
x[222] = 2.19074e-09
x[223] = 1.12952e-09
x[224] = -8.31501e-10
x[225] = 2.04379e-09
x[226] = 5.64103e-10
x[227] = -4.2635e-10
x[228] = 6.25326e-10
x[229] = -1.04325e-10
x[230] = 8.40077e-10
x[231] = -1.76685e-09
x[232] = -9.54575e-11
x[233] = -1.44018e-09
x[234] = 0
x[235] = 5.44649e-10
x[236] = 7.99161e-11
x[237] = -9.17541e-10
x[238] = 5.9752e-10
x[239] = -1.93083e-09
x[240] = -4.05535e-10
x[241] = -7.17531e-10
x[242] = -1.73282e-09
x[243] = -4.65661e-10
x[244] = -5.13677e-10
x[245] = -6.38613e-10
x[246] = 6.26704e-10
x[247] = 1.01081e-09
x[248] = -1.26192e-09
x[249] = -7.32924e-10
x[250] = 7.50764e-11
x[251] = -1.96154e-09
x[252] = -8.90601e-10
x[253] = -1.14481e-09
x[254] = 1.60352e-10
x[255] = -7.90698e-10
x[256] = -4.76304e-10
x[257] = 7.73701e-10
x[258] = 6.5132e-10
x[259] = 9.06069e-10
x[260] = 6.13559e-10
x[261] = -6.30034e-11
x[262] = 0
x[263] = 2.37923e-09
x[264] = 5.81433e-10
x[265] = -4.24012e-10
b:
b[0] = 1.86905
b[1] = 1.86905
b[2] = 1.86905
b[3] = 1.86905
b[4] = 1.86905
b[5] = 1.86905
b[6] = 1.86905
b[7] = 1.86905
b[8] = 1.86905
b[9] = 1.86905
b[10] = 1.86905
b[11] = 1.86905
b[12] = 1.86905
b[13] = 1.86905
b[14] = 1.86905
b[15] = 0
b[16] = 0
b[17] = 0
b[18] = 0
b[19] = 0
b[20] = 0
b[21] = 0
b[22] = 0
b[23] = 0
b[24] = 0
b[25] = -200955
b[26] = 0
b[27] = 0
b[28] = 0
b[29] = 0
b[30] = 0
b[31] = 0
b[32] = 0
b[33] = 0
b[34] = 0
b[35] = 0
b[36] = 0
b[37] = 0
b[38] = 0
b[39] = 0
b[40] = 0
b[41] = 0
b[42] = 0
b[43] = 0
b[44] = 0
b[45] = 0
b[46] = 0
b[47] = 0
b[48] = 0
b[49] = 0
b[50] = 0
b[51] = 0
b[52] = -6351.58
b[53] = 0
b[54] = 0
b[55] = 0
b[56] = 0
b[57] = 0
b[58] = 0
b[59] = 0
b[60] = 0
b[61] = 0
b[62] = 0
b[63] = -1.52662e+07
b[64] = 0
b[65] = 0
b[66] = 0
b[67] = 0
b[68] = 0
b[69] = 0
b[70] = 0
b[71] = 0
b[72] = 0
b[73] = 0
b[74] = -247.058
b[75] = 0
b[76] = 0
b[77] = 0
b[78] = -3042.35
b[79] = 0
b[80] = 0
b[81] = 0
b[82] = 0
b[83] = 0
b[84] = 0
b[85] = 0
b[86] = 0
b[87] = 0
b[88] = 0
b[89] = 0
b[90] = -1.5159e+06
b[91] = -1.39072e+07
b[92] = -1.29057e+07
b[93] = -1.07086e+07
b[94] = -3.0747e+06
b[95] = -8.5948e+06
b[96] = -1.30522e+07
b[97] = -1.33849e+07
b[98] = -1.10265e+07
b[99] = -4.75741e+06
b[100] = -1.42391e+07
b[101] = -1.09479e+07
b[102] = -9.06171e+06
b[103] = -7.96949e+06
b[104] = -1.64075e+07
b[105] = -2.44608e+07
b[106] = -1.70312e+07
b[107] = -2.57615e+07
b[108] = -3.98599e+06
b[109] = -2.1692e+07
b[110] = -718691
b[111] = -2.14777e+06
b[112] = -1.91343e+07
b[113] = -1.44416e+07
b[114] = -1.98105e+06
b[115] = -424754
b[116] = -1.55785e+06
b[117] = -1.80503e+06
b[118] = -3.46984e+06
b[119] = -4.10465e+06
b[120] = -1.37055e+07
b[121] = -4.52921e+06
b[122] = -1.58163e+07
b[123] = -8.52143e+06
b[124] = -1.57913e+07
b[125] = -6.53301e+06
b[126] = -3.5882e+06
b[127] = -1.09585e+07
b[128] = -1.43067e+07
b[129] = -9.51678e+06
b[130] = -8.94499e+06
b[131] = -1.16787e+06
b[132] = -5.24594e+06
b[133] = -2.35856e+06
b[134] = -5.62344e+06
b[135] = -1.26724e+07
b[136] = -1.23211e+06
b[137] = -6.86004e+06
b[138] = -1.31723e+07
b[139] = -5.9298e+06
b[140] = -1.68385e+07
b[141] = -1.15813e+07
b[142] = -1.47771e+07
b[143] = -2.37614e+07
b[144] = -485358
b[145] = -1.39163e+07
b[146] = -2.42806e+07
b[147] = -2.58039e+06
b[148] = -5.70379e+06
b[149] = -1.21939e+07
b[150] = -2.93002e+06
b[151] = -1.3355e+07
b[152] = -72541.5
b[153] = -6.56485e+06
b[154] = -5.42272e+06
b[155] = -2.23926e+06
b[156] = -8.72419e+06
b[157] = -2.07066e+07
b[158] = -4.27353e+06
b[159] = -1.92013e+07
b[160] = -726075
b[161] = -1.56154e+07
b[162] = -7.81644e+06
b[163] = -3.76066e+06
b[164] = -1.22341e+07
b[165] = -1.07771e+07
b[166] = -5.62283e+06
b[167] = -1.66123e+07
b[168] = -3.32766e+06
b[169] = -5.06266e+06
b[170] = -2.08332e+07
b[171] = -2.1392e+07
b[172] = -1.50956e+07
b[173] = -1.75405e+07
b[174] = -1.17498e+07
b[175] = -1.6736e+07
b[176] = -7.49512e+06
b[177] = -1.58753e+07
b[178] = -2.45213e+06
b[179] = -6.61122e+06
b[180] = -692868
b[181] = -1.91576e+07
b[182] = -1.34115e+07
b[183] = -8.16588e+06
b[184] = -1.52951e+07
b[185] = -2.90028e+06
b[186] = -2.7912e+06
b[187] = -2.2068e+07
b[188] = -8.87287e+06
b[189] = -1.43299e+07
b[190] = 0
b[191] = 0
b[192] = 0
b[193] = 0
b[194] = 0
b[195] = 0
b[196] = 0
b[197] = 0
b[198] = 0
b[199] = 0
b[200] = 19693.6
b[201] = 0
b[202] = 0
b[203] = 0
b[204] = 0
b[205] = 0
b[206] = 0
b[207] = 0
b[208] = 0
b[209] = 0
b[210] = 0
b[211] = 0
b[212] = 0
b[213] = 0
b[214] = 0
b[215] = 0
b[216] = 0
b[217] = 0
b[218] = 0
b[219] = 0
b[220] = 0
b[221] = 0
b[222] = 0
b[223] = 0
b[224] = 0
b[225] = 0
b[226] = 0
b[227] = 373.622
b[228] = 0
b[229] = 0
b[230] = 0
b[231] = 0
b[232] = 0
b[233] = 0
b[234] = 0
b[235] = 0
b[236] = 0
b[237] = 0
b[238] = 1.38784e+06
b[239] = 0
b[240] = 0
b[241] = 0
b[242] = 0
b[243] = 0
b[244] = 0
b[245] = 0
b[246] = 0
b[247] = 0
b[248] = 0
b[249] = 6.67182
b[250] = 0
b[251] = 0
b[252] = 0
b[253] = 380.294
b[254] = 0
b[255] = 0
b[256] = 0
b[257] = 0
b[258] = 0
b[259] = 0
b[260] = 0
b[261] = 0
b[262] = 0
b[263] = 0
b[264] = 0
b[265] = 14077.5
v:
v[0] = 1.3957e-11
v[1] = 2.69974e-13
v[2] = 7.70476e-12
v[3] = 7.86062e-12
v[4] = 0
v[5] = 0
v[6] = -2.10335e-12
v[7] = 1.2849e-11
v[8] = 1.79576e-12
v[9] = -8.0664e-12
v[10] = -200.955
v[11] = 3.13115e-12
v[12] = -1.06613e-11
v[13] = -1.57778e-11
v[14] = -7.08958e-12
v[15] = 2.52101e-11
v[16] = -6.15992e-12
v[17] = -1.06505e-12
v[18] = 5.64599e-12
v[19] = -1.11236e-11
v[20] = 3.83723e-11
v[21] = -5.79931e-12
v[22] = -1.92267e-11
v[23] = 1.69269e-11
v[24] = -2.63788e-12
v[25] = -1.25087e-11
v[26] = 2.16905e-11
v[27] = 1.12952e-11
v[28] = -8.31501e-12
v[29] = 2.02355e-11
v[30] = 5.64103e-12
v[31] = -4.2635e-12
v[32] = 6.25326e-12
v[33] = -1.04325e-12
v[34] = 8.40077e-12
v[35] = -1.76685e-11
v[36] = -9.45124e-13
v[37] = -3.73622
v[38] = 0
v[39] = 2.25703e-11
v[40] = 5.44649e-12
v[41] = 7.99161e-13
v[42] = -9.17541e-12
v[43] = 5.9752e-12
v[44] = -1.91171e-11
v[45] = -4.05535e-12
v[46] = -7.17531e-12
v[47] = -1.73282e-11
v[48] = -13878.4
v[49] = -5.13677e-12
v[50] = -6.38613e-12
v[51] = 6.26704e-12
v[52] = 1.01081e-11
v[53] = -1.26192e-11
v[54] = -7.32924e-12
v[55] = 7.43331e-13
v[56] = -1.23644e-11
v[57] = -1.98136e-11
v[58] = -8.99597e-12
v[59] = -0.0667182
v[60] = -1.14481e-11
v[61] = 1.60352e-12
v[62] = 3.79077e-12
v[63] = 0
v[64] = -7.98685e-12
v[65] = -4.71588e-12
v[66] = 7.66041e-12
v[67] = 6.5132e-12
v[68] = 9.06069e-12
v[69] = 6.13559e-12
v[70] = -6.30034e-13
v[71] = 0
v[72] = 2.37923e-11
v[73] = 5.81433e-12
v[74] = -4.24012e-12
v[75] = -1.86718
v[76] = 1.91708e-09
v[77] = 0
v[78] = 0
v[79] = 0
v[80] = 0
v[81] = 0
v[82] = 380.294
v[83] = -0
v[84] = -6.44432e-09
v[85] = 2.10318e-08
v[86] = 0
v[87] = 0
v[88] = -0
v[89] = 3.73622
v[90] = 3.73622
v[91] = 3.73622
v[92] = 3.73622
v[93] = 3.73622
v[94] = 3.73622
v[95] = 3.73622
v[96] = 3.73622
v[97] = 3.73622
v[98] = 3.73622
v[99] = 3.73622
v[100] = 3.73622
v[101] = 3.73622
v[102] = 3.73622
v[103] = 3.73622
v[104] = 0
v[105] = 0
v[106] = 0
v[107] = 0
v[108] = 0
v[109] = 0
v[110] = 0
v[111] = 0
v[112] = 0
v[113] = 0
v[114] = 0
v[115] = 0
v[116] = 0
v[117] = 0
v[118] = 0
v[119] = 0
v[120] = 0
v[121] = 0
v[122] = 0
v[123] = 0
v[124] = 0
v[125] = 0
v[126] = 0
v[127] = 0
v[128] = 0
v[129] = 0
v[130] = 0
v[131] = 0
v[132] = 0
v[133] = 0
v[134] = 0
v[135] = 0
v[136] = 0
v[137] = 0
v[138] = 0
v[139] = 0
v[140] = 0
v[141] = 0
v[142] = 0
v[143] = -2.48273e-08
v[144] = 0
v[145] = 0
v[146] = 0
v[147] = 0
v[148] = 0
v[149] = 0
v[150] = 0
v[151] = 0
v[152] = 0
v[153] = 0
v[154] = 0
v[155] = 0
v[156] = 0
v[157] = 0
v[158] = 0
v[159] = 0
v[160] = 0
v[161] = 0
v[162] = 0
v[163] = -133.637
v[164] = 0
v[165] = 0
v[166] = 0
v[167] = -3042.35
v[168] = 0
v[169] = 0
v[170] = 0
v[171] = 0
v[172] = 0
v[173] = 0
v[174] = 0
v[175] = 0
v[176] = 0
v[177] = 0
v[178] = 0
v[179] = 1367.46
v[180] = 201650
v[181] = 4.18083e+06
v[182] = 7.24405e+06
v[183] = 7.16469e+06
v[184] = 6127.4
v[185] = 7050.25
v[186] = 8.0418e+06
v[187] = 197584
v[188] = 3332.71
v[189] = 5.49837e+06
v[190] = 2876.89
v[191] = 9.33428e+06
v[192] = 6538.39
v[193] = 609.004
v[194] = 975.154
v[195] = 2828.32
v[196] = 2234.26
v[197] = 339192
v[198] = 4.18212e+06
v[199] = 5.34721e+06
v[200] = 2.13735e+07
v[201] = 2772.28
v[202] = 7117.5
v[203] = 4606.76
v[204] = 8.95689e+06
v[205] = 223174
v[206] = 1.07133e+07
v[207] = 6504.76
v[208] = 6684.1
v[209] = 5.04831e+06
v[210] = 2600.41
v[211] = 9.42469e+06
v[212] = 373.622
v[213] = 3769.85
v[214] = 1184.38
v[215] = 1143.28
v[216] = 3982.81
v[217] = 5055.11
v[218] = 5264.34
v[219] = 4636.65
v[220] = 328.788
v[221] = 1498.22
v[222] = 123172
v[223] = 242649
v[224] = 69164.1
v[225] = 2.35383e+07
v[226] = 6336.63
v[227] = 4285.45
v[228] = 2.01553e+07
v[229] = 743.508
v[230] = 5.60979e+06
v[231] = 8.93926e+06
v[232] = 2.48803e+06
v[233] = 5828.51
v[234] = 1.24912e+06
v[235] = 5772.46
v[236] = 1.65462e+07
v[237] = 127670
v[238] = 2.31425e+06
v[239] = 6467.4
v[240] = 1.08663e+07
v[241] = 2.62528e+07
v[242] = 2.18922e+06
v[243] = 1.96682e+07
v[244] = 41.0984
v[245] = 1.24087e+07
v[246] = 2.20485e+06
v[247] = 3.9868e+06
v[248] = 4.999e+06
v[249] = 4576.87
v[250] = 4935.55
v[251] = 1.86912e+07
v[252] = 2.12685e+07
v[253] = 4943.02
v[254] = 1.22035e+07
v[255] = 1.26621e+07
v[256] = 1898
v[257] = 8.90376e+06
v[258] = 2.20667e+07
v[259] = 4.92638e+06
v[260] = 2645.24
v[261] = 2428.54
v[262] = 7.73116e+06
v[263] = 6344.1
v[264] = 5.10213e+06
v[265] = 9.65547e+06
v[266] = 5103.68
v[267] = 1.40286e+07
v[268] = 73448.2
v[269] = 2.17313e+07
v[270] = 8.3095e+06
v[271] = 1.42615e+07
v[272] = 6672.89
v[273] = 9.73135e+06
v[274] = 1782.18
v[275] = 4.41599e+06
v[276] = 2577.99
v[277] = 3.53266e+06
v[278] = 2.69868e+06
v[279] = 1.3957e-09
v[280] = 2.69974e-11
v[281] = 7.70476e-10
v[282] = 8.01783e-10
v[283] = 0
v[284] = 0
v[285] = -2.10335e-10
v[286] = 1.2849e-09
v[287] = 1.79576e-10
v[288] = -8.0664e-10
v[289] = -6.54836e-10
v[290] = 3.13115e-10
v[291] = -1.06613e-09
v[292] = -1.59355e-09
v[293] = -7.01868e-10
v[294] = 2.54622e-09
v[295] = -6.15992e-10
v[296] = 0
v[297] = 5.64599e-10
v[298] = -1.11236e-09
v[299] = 3.83723e-09
v[300] = -5.79931e-10
v[301] = -1.92267e-09
v[302] = 1.69269e-09
v[303] = -2.66426e-10
v[304] = -1.25087e-09
v[305] = 2.19074e-09
v[306] = 1.12952e-09
v[307] = -8.31501e-10
v[308] = 2.04379e-09
v[309] = 5.64103e-10
v[310] = -4.2635e-10
v[311] = 6.25326e-10
v[312] = -1.04325e-10
v[313] = 8.40077e-10
v[314] = -1.76685e-09
v[315] = -9.54575e-11
v[316] = -1.44018e-09
v[317] = 0
v[318] = 0
v[319] = 5.44649e-10
v[320] = 7.99161e-11
v[321] = -9.17541e-10
v[322] = 5.9752e-10
v[323] = -1.93083e-09
v[324] = -4.05535e-10
v[325] = -7.17531e-10
v[326] = -1.73282e-09
v[327] = -4.65661e-10
v[328] = -5.13677e-10
v[329] = -6.38613e-10
v[330] = 6.26704e-10
v[331] = 1.01081e-09
v[332] = -1.26192e-09
v[333] = -7.32924e-10
v[334] = 7.50764e-11
v[335] = 0
v[336] = -1.96154e-09
v[337] = -8.90601e-10
v[338] = 0
v[339] = -1.14481e-09
v[340] = 1.60352e-10
v[341] = 0
v[342] = 0
v[343] = -7.90698e-10
v[344] = -4.76304e-10
v[345] = 7.73701e-10
v[346] = 6.5132e-10
v[347] = 9.06069e-10
v[348] = 6.13559e-10
v[349] = -6.30034e-11
v[350] = 0
v[351] = 2.37923e-09
v[352] = 5.81433e-10
v[353] = -4.24012e-10
v[354] = 0
messed up a farkas cofficient
vws: /home/sek519/warm_starting/vws/../vpc/src/utility/utility.cpp:653: void verify(bool, const std::string&): Assertion `false' failed.
/var/spool/torque/mom_priv/jobs/1444468.polyp1.ie.lehigh.edu.SC: line 4: 23847 Aborted                 ../Release/vws ${INPUT_FOLDER} ${OUTPUT_FILE} ${MAX_TIME} ${GENERATOR} ${TERMS} ${MIP_SOLVER} ${PROVIDE_PRIMAL_BOUND}
