*** WARNING (version #1531bee): /home/sek519/warm_starting/vws/../vpc/src/cut/CglVPC.cpp:683: Nonbasic reduced cost should be >= 0 in the complemented nonbasic space. However, for nb var 1578 (real var 1846), it is -2.870572e-06. Small enough error that we only send warning.
*** WARNING (version #1531bee): /home/sek519/warm_starting/vws/../vpc/src/cut/CglVPC.cpp:683: Nonbasic reduced cost should be >= 0 in the complemented nonbasic space. However, for nb var 1660 (real var 1991), it is -5.742723e-07. Small enough error that we only send warning.
*** WARNING (version #1531bee): /home/sek519/warm_starting/vws/../vpc/src/cut/CglVPC.cpp:683: Nonbasic reduced cost should be >= 0 in the complemented nonbasic space. However, for nb var 1661 (real var 1992), it is -1.148545e-06. Small enough error that we only send warning.
*** WARNING (version #1531bee): /home/sek519/warm_starting/vws/../vpc/src/cut/CglVPC.cpp:683: Nonbasic reduced cost should be >= 0 in the complemented nonbasic space. However, for nb var 1662 (real var 1993), it is -1.722817e-06. Small enough error that we only send warning.
*** WARNING (version #1531bee): /home/sek519/warm_starting/vws/../vpc/src/cut/CglVPC.cpp:683: Nonbasic reduced cost should be >= 0 in the complemented nonbasic space. However, for nb var 1663 (real var 1994), it is -2.297089e-06. Small enough error that we only send warning.
*** WARNING (version #1531bee): /home/sek519/warm_starting/vws/../vpc/src/cut/CglVPC.cpp:683: Nonbasic reduced cost should be >= 0 in the complemented nonbasic space. However, for nb var 1664 (real var 1995), it is -2.861587e-06. Small enough error that we only send warning.
*** WARNING (version #1531bee): /home/sek519/warm_starting/vws/../vpc/src/utility/nbspace.cpp:368: Ray 705: Calculated dot product with obj differs from solver's. Obj viol from solver: 752919.18518518. Calculated: 752919.18518537.
*** WARNING (version #1531bee): /home/sek519/warm_starting/vws/../vpc/src/utility/nbspace.cpp:368: Ray 785: Calculated dot product with obj differs from solver's. Obj viol from solver: 752912.18518518. Calculated: 752912.18518537.
*** WARNING (version #1531bee): /home/sek519/warm_starting/vws/../vpc/src/utility/nbspace.cpp:368: Ray 865: Calculated dot product with obj differs from solver's. Obj viol from solver: 752906.18518518. Calculated: 752906.18518537.
*** WARNING (version #1531bee): /home/sek519/warm_starting/vws/../vpc/src/utility/nbspace.cpp:368: Ray 945: Calculated dot product with obj differs from solver's. Obj viol from solver: 752901.18518518. Calculated: 752901.18518537.
*** WARNING (version #1531bee): /home/sek519/warm_starting/vws/../vpc/src/utility/nbspace.cpp:368: Ray 1025: Calculated dot product with obj differs from solver's. Obj viol from solver: 752897.18518518. Calculated: 752897.18518537.
*** WARNING (version #1531bee): /home/sek519/warm_starting/vws/../vpc/src/utility/nbspace.cpp:368: Ray 1105: Calculated dot product with obj differs from solver's. Obj viol from solver: 752894.18518518. Calculated: 752894.18518537.
*** WARNING (version #1531bee): /home/sek519/warm_starting/vws/../vpc/src/utility/nbspace.cpp:368: Ray 1185: Calculated dot product with obj differs from solver's. Obj viol from solver: 752892.18518518. Calculated: 752892.18518537.
*** WARNING (version #1531bee): /home/sek519/warm_starting/vws/../vpc/src/utility/nbspace.cpp:368: Ray 1265: Calculated dot product with obj differs from solver's. Obj viol from solver: 752891.18518518. Calculated: 752891.18518537.
*** WARNING (version #1531bee): /home/sek519/warm_starting/vws/../vpc/src/utility/nbspace.cpp:368: Ray 1345: Calculated dot product with obj differs from solver's. Obj viol from solver: 752891.18518518. Calculated: 752891.18518537.
*** WARNING (version #1531bee): /home/sek519/warm_starting/vws/../vpc/src/utility/nbspace.cpp:368: Ray 1425: Calculated dot product with obj differs from solver's. Obj viol from solver: 752891.18518518. Calculated: 752891.18518537.
*** WARNING (version #1531bee): /home/sek519/warm_starting/vws/../vpc/src/utility/nbspace.cpp:368: Ray 1505: Calculated dot product with obj differs from solver's. Obj viol from solver: 752891.18518518. Calculated: 752891.18518537.
*** WARNING (version #1531bee): /home/sek519/warm_starting/vws/../vpc/src/utility/nbspace.cpp:368: Ray 1585: Calculated dot product with obj differs from solver's. Obj viol from solver: 752891.18518518. Calculated: 752891.18518537.
*** WARNING (version #1531bee): /home/sek519/warm_starting/vws/../vpc/src/utility/nbspace.cpp:368: Ray 1745: Calculated dot product with obj differs from solver's. Obj viol from solver: 752891.18518518. Calculated: 752891.18518537.
*** WARNING (version #1531bee): /home/sek519/warm_starting/vws/../vpc/src/utility/nbspace.cpp:368: Ray 1825: Calculated dot product with obj differs from solver's. Obj viol from solver: 752891.18518518. Calculated: 752891.18518537.
*** WARNING (version #1531bee): /home/sek519/warm_starting/vws/../vpc/src/utility/nbspace.cpp:368: Ray 1988: Calculated dot product with obj differs from solver's. Obj viol from solver: 205759.55555573. Calculated: 205759.55555562.
messed up a farkas cofficient
setting all farkas coefficients to 0
messed up a farkas cofficient
setting all farkas coefficients to 0
messed up a farkas cofficient
setting all farkas coefficients to 0
messed up a farkas cofficient
setting all farkas coefficients to 0
messed up a farkas cofficient
setting all farkas coefficients to 0
messed up a farkas cofficient
setting all farkas coefficients to 0
messed up a farkas cofficient
setting all farkas coefficients to 0
messed up a farkas cofficient
setting all farkas coefficients to 0
*** WARNING (version #1531bee): /home/sek519/warm_starting/vws/../vpc/src/cut/PRLP.cpp:392: PRLP took too long to solve (68.228000 sec, with limit of 60.000000 sec); giving up on this point-ray collection.
messed up a farkas cofficient
setting all farkas coefficients to 0
messed up a farkas cofficient
setting all farkas coefficients to 0
