*** WARNING (version #1531bee): /home/sek519/warm_starting/vws/../vpc/src/utility/nbspace.cpp:149: Point: Calculated dot product with obj differs from solver's. Obj viol from solver: 2400019.36703110. Calculated: 2400019.36703151.
*** WARNING (version #1531bee): /home/sek519/warm_starting/vws/../vpc/src/utility/nbspace.cpp:149: Point: Calculated dot product with obj differs from solver's. Obj viol from solver: 2400019.36703110. Calculated: 2400019.36703151.
*** WARNING (version #1531bee): /home/sek519/warm_starting/vws/../vpc/src/utility/nbspace.cpp:149: Point: Calculated dot product with obj differs from solver's. Obj viol from solver: 2400019.36702633. Calculated: 2400019.36703153.
*** WARNING (version #1531bee): /home/sek519/warm_starting/vws/../vpc/src/utility/nbspace.cpp:149: Point: Calculated dot product with obj differs from solver's. Obj viol from solver: 3518940.90310574. Calculated: 3518940.90311685.
*** WARNING (version #1531bee): /home/sek519/warm_starting/vws/../vpc/src/utility/nbspace.cpp:149: Point: Calculated dot product with obj differs from solver's. Obj viol from solver: 3435156.59589100. Calculated: 3435156.59589978.
*** WARNING (version #1531bee): /home/sek519/warm_starting/vws/../vpc/src/utility/nbspace.cpp:368: Ray 3684: Calculated dot product with obj differs from solver's. Obj viol from solver: 0.00000024. Calculated: 0.00000014.
*** WARNING (version #1531bee): /home/sek519/warm_starting/vws/../vpc/src/utility/nbspace.cpp:368: Ray 3690: Calculated dot product with obj differs from solver's. Obj viol from solver: 0.00000019. Calculated: 0.00000009.
*** WARNING (version #1531bee): /home/sek519/warm_starting/vws/../vpc/src/utility/nbspace.cpp:368: Ray 3709: Calculated dot product with obj differs from solver's. Obj viol from solver: 0.00000027. Calculated: 0.00000014.
*** WARNING (version #1531bee): /home/sek519/warm_starting/vws/../vpc/src/utility/nbspace.cpp:368: Ray 3714: Calculated dot product with obj differs from solver's. Obj viol from solver: 0.00000024. Calculated: 0.00000014.
*** WARNING (version #1531bee): /home/sek519/warm_starting/vws/../vpc/src/utility/nbspace.cpp:368: Ray 3729: Calculated dot product with obj differs from solver's. Obj viol from solver: 0.00000023. Calculated: 0.00000012.
*** WARNING (version #1531bee): /home/sek519/warm_starting/vws/../vpc/src/utility/nbspace.cpp:149: Point: Calculated dot product with obj differs from solver's. Obj viol from solver: 3100019.36702347. Calculated: 3100019.36703149.
*** WARNING (version #1531bee): /home/sek519/warm_starting/vws/../vpc/src/utility/nbspace.cpp:149: Point: Calculated dot product with obj differs from solver's. Obj viol from solver: 1000019.36702251. Calculated: 1000019.36703151.
*** WARNING (version #1531bee): /home/sek519/warm_starting/vws/../vpc/src/utility/nbspace.cpp:149: Point: Calculated dot product with obj differs from solver's. Obj viol from solver: 1000019.36702251. Calculated: 1000019.36703151.
*** WARNING (version #1531bee): /home/sek519/warm_starting/vws/../vpc/src/utility/nbspace.cpp:149: Point: Calculated dot product with obj differs from solver's. Obj viol from solver: 1000019.36702251. Calculated: 1000019.36703151.
*** WARNING (version #1531bee): /home/sek519/warm_starting/vws/../vpc/src/utility/nbspace.cpp:149: Point: Calculated dot product with obj differs from solver's. Obj viol from solver: 1929751.71391582. Calculated: 1929751.71392767.
*** WARNING (version #1531bee): /home/sek519/warm_starting/vws/../vpc/src/utility/nbspace.cpp:149: Point: Calculated dot product with obj differs from solver's. Obj viol from solver: 1883805.24453831. Calculated: 1883805.24454843.
*** WARNING (version #1531bee): /home/sek519/warm_starting/vws/../vpc/src/utility/nbspace.cpp:149: Point: Calculated dot product with obj differs from solver's. Obj viol from solver: 1700019.36702442. Calculated: 1700019.36703151.
*** WARNING (version #1531bee): /home/sek519/warm_starting/vws/../vpc/src/utility/nbspace.cpp:149: Point: Calculated dot product with obj differs from solver's. Obj viol from solver: 1000019.36702347. Calculated: 1000019.36703150.
*** WARNING (version #1531bee): /home/sek519/warm_starting/vws/../vpc/src/utility/nbspace.cpp:149: Point: Calculated dot product with obj differs from solver's. Obj viol from solver: 1000019.36702251. Calculated: 1000019.36703151.
*** WARNING (version #1531bee): /home/sek519/warm_starting/vws/../vpc/src/utility/nbspace.cpp:149: Point: Calculated dot product with obj differs from solver's. Obj viol from solver: 1000019.36702251. Calculated: 1000019.36703151.
*** WARNING (version #1531bee): /home/sek519/warm_starting/vws/../vpc/src/utility/nbspace.cpp:149: Point: Calculated dot product with obj differs from solver's. Obj viol from solver: 1929751.71391773. Calculated: 1929751.71392766.
*** WARNING (version #1531bee): /home/sek519/warm_starting/vws/../vpc/src/utility/nbspace.cpp:149: Point: Calculated dot product with obj differs from solver's. Obj viol from solver: 1883805.24454117. Calculated: 1883805.24454843.
*** WARNING (version #1531bee): /home/sek519/warm_starting/vws/../vpc/src/utility/nbspace.cpp:149: Point: Calculated dot product with obj differs from solver's. Obj viol from solver: 1700019.36702347. Calculated: 1700019.36703151.
*** WARNING (version #1531bee): /home/sek519/warm_starting/vws/../vpc/src/utility/nbspace.cpp:149: Point: Calculated dot product with obj differs from solver's. Obj viol from solver: 3100019.36702251. Calculated: 3100019.36703151.
*** WARNING (version #1531bee): /home/sek519/warm_starting/vws/../vpc/src/utility/nbspace.cpp:149: Point: Calculated dot product with obj differs from solver's. Obj viol from solver: 3100019.36702251. Calculated: 3100019.36703151.
*** WARNING (version #1531bee): /home/sek519/warm_starting/vws/../vpc/src/utility/nbspace.cpp:149: Point: Calculated dot product with obj differs from solver's. Obj viol from solver: 3100019.36703205. Calculated: 3100019.36703150.
*** WARNING (version #1531bee): /home/sek519/warm_starting/vws/../vpc/src/utility/nbspace.cpp:368: Ray 2424: Calculated dot product with obj differs from solver's. Obj viol from solver: 1700000.00000005. Calculated: 1699999.99999994.
*** WARNING (version #1531bee): /home/sek519/warm_starting/vws/../vpc/src/utility/nbspace.cpp:149: Point: Calculated dot product with obj differs from solver's. Obj viol from solver: 4313535.49770260. Calculated: 4313535.49771144.
*** WARNING (version #1531bee): /home/sek519/warm_starting/vws/../vpc/src/utility/nbspace.cpp:149: Point: Calculated dot product with obj differs from solver's. Obj viol from solver: 4210832.27157307. Calculated: 4210832.27157545.
*** WARNING (version #1531bee): /home/sek519/warm_starting/vws/../vpc/src/utility/nbspace.cpp:149: Point: Calculated dot product with obj differs from solver's. Obj viol from solver: 3800019.36703396. Calculated: 3800019.36703151.
*** WARNING (version #1531bee): /home/sek519/warm_starting/vws/../vpc/src/utility/nbspace.cpp:149: Point: Calculated dot product with obj differs from solver's. Obj viol from solver: -0.00000668. Calculated: -0.00000002.
*** WARNING (version #1531bee): /home/sek519/warm_starting/vws/../vpc/src/utility/nbspace.cpp:149: Point: Calculated dot product with obj differs from solver's. Obj viol from solver: 700540.54053116. Calculated: 700540.54054052.
*** WARNING (version #1531bee): /home/sek519/warm_starting/vws/../vpc/src/utility/nbspace.cpp:149: Point: Calculated dot product with obj differs from solver's. Obj viol from solver: 4231728.17476559. Calculated: 4231728.17477272.
*** WARNING (version #1531bee): /home/sek519/warm_starting/vws/../vpc/src/utility/nbspace.cpp:149: Point: Calculated dot product with obj differs from solver's. Obj viol from solver: 4231728.17476559. Calculated: 4231728.17477272.
*** WARNING (version #1531bee): /home/sek519/warm_starting/vws/../vpc/src/utility/nbspace.cpp:149: Point: Calculated dot product with obj differs from solver's. Obj viol from solver: 4231728.17476940. Calculated: 4231728.17477270.
*** WARNING (version #1531bee): /home/sek519/warm_starting/vws/../vpc/src/utility/nbspace.cpp:149: Point: Calculated dot product with obj differs from solver's. Obj viol from solver: 4147943.86755085. Calculated: 4147943.86755564.
*** WARNING (version #1531bee): /home/sek519/warm_starting/vws/../vpc/src/utility/nbspace.cpp:149: Point: Calculated dot product with obj differs from solver's. Obj viol from solver: 4147943.86755085. Calculated: 4147943.86755564.
*** WARNING (version #1531bee): /home/sek519/warm_starting/vws/../vpc/src/utility/nbspace.cpp:149: Point: Calculated dot product with obj differs from solver's. Obj viol from solver: 4147943.86755085. Calculated: 4147943.86755564.
*** WARNING (version #1531bee): /home/sek519/warm_starting/vws/../vpc/src/utility/nbspace.cpp:149: Point: Calculated dot product with obj differs from solver's. Obj viol from solver: 3812806.63868523. Calculated: 3812806.63868737.
*** WARNING (version #1531bee): /home/sek519/warm_starting/vws/../vpc/src/utility/nbspace.cpp:149: Point: Calculated dot product with obj differs from solver's. Obj viol from solver: 3812806.63868523. Calculated: 3812806.63868737.
*** WARNING (version #1531bee): /home/sek519/warm_starting/vws/../vpc/src/utility/nbspace.cpp:149: Point: Calculated dot product with obj differs from solver's. Obj viol from solver: 3812806.63868523. Calculated: 3812806.63868737.
*** WARNING (version #1531bee): /home/sek519/warm_starting/vws/../vpc/src/utility/nbspace.cpp:149: Point: Calculated dot product with obj differs from solver's. Obj viol from solver: 4144463.81147671. Calculated: 4144463.81147597.
*** WARNING (version #1531bee): /home/sek519/warm_starting/vws/../vpc/src/utility/nbspace.cpp:149: Point: Calculated dot product with obj differs from solver's. Obj viol from solver: 4144463.81147480. Calculated: 4144463.81147596.
*** WARNING (version #1531bee): /home/sek519/warm_starting/vws/../vpc/src/utility/nbspace.cpp:149: Point: Calculated dot product with obj differs from solver's. Obj viol from solver: 4144463.81146812. Calculated: 4144463.81147597.
*** WARNING (version #1531bee): /home/sek519/warm_starting/vws/../vpc/src/utility/nbspace.cpp:368: Ray 2544: Calculated dot product with obj differs from solver's. Obj viol from solver: 1700019.36703143. Calculated: 1700019.36703153.
*** WARNING (version #1531bee): /home/sek519/warm_starting/vws/../vpc/src/utility/nbspace.cpp:368: Ray 2556: Calculated dot product with obj differs from solver's. Obj viol from solver: 2399999.99999991. Calculated: 2400000.00000001.
*** WARNING (version #1531bee): /home/sek519/warm_starting/vws/../vpc/src/utility/nbspace.cpp:368: Ray 2568: Calculated dot product with obj differs from solver's. Obj viol from solver: 3099999.99999992. Calculated: 3100000.00000002.
*** WARNING (version #1531bee): /home/sek519/warm_starting/vws/../vpc/src/utility/nbspace.cpp:149: Point: Calculated dot product with obj differs from solver's. Obj viol from solver: 4657979.94215298. Calculated: 4657979.94215589.
*** WARNING (version #1531bee): /home/sek519/warm_starting/vws/../vpc/src/utility/nbspace.cpp:149: Point: Calculated dot product with obj differs from solver's. Obj viol from solver: 4657979.94215298. Calculated: 4657979.94215589.
*** WARNING (version #1531bee): /home/sek519/warm_starting/vws/../vpc/src/utility/nbspace.cpp:149: Point: Calculated dot product with obj differs from solver's. Obj viol from solver: 4555276.71601582. Calculated: 4555276.71601990.
*** WARNING (version #1531bee): /home/sek519/warm_starting/vws/../vpc/src/utility/nbspace.cpp:149: Point: Calculated dot product with obj differs from solver's. Obj viol from solver: 4555276.71601582. Calculated: 4555276.71601990.
*** WARNING (version #1531bee): /home/sek519/warm_starting/vws/../vpc/src/utility/nbspace.cpp:149: Point: Calculated dot product with obj differs from solver's. Obj viol from solver: 4144463.81147480. Calculated: 4144463.81147596.
*** WARNING (version #1531bee): /home/sek519/warm_starting/vws/../vpc/src/utility/nbspace.cpp:149: Point: Calculated dot product with obj differs from solver's. Obj viol from solver: 4144463.81147480. Calculated: 4144463.81147596.
*** WARNING (version #1531bee): /home/sek519/warm_starting/vws/../vpc/src/utility/nbspace.cpp:149: Point: Calculated dot product with obj differs from solver's. Obj viol from solver: 344446.59632969. Calculated: 344446.59633683.
*** WARNING (version #1531bee): /home/sek519/warm_starting/vws/../vpc/src/utility/nbspace.cpp:149: Point: Calculated dot product with obj differs from solver's. Obj viol from solver: 516669.89450169. Calculated: 516669.89450524.
*** WARNING (version #1531bee): /home/sek519/warm_starting/vws/../vpc/src/utility/nbspace.cpp:149: Point: Calculated dot product with obj differs from solver's. Obj viol from solver: 700540.54053211. Calculated: 700540.54054055.
*** WARNING (version #1531bee): /home/sek519/warm_starting/vws/../vpc/src/utility/nbspace.cpp:149: Point: Calculated dot product with obj differs from solver's. Obj viol from solver: 400003.22783375. Calculated: 400003.22783858.
*** WARNING (version #1531bee): /home/sek519/warm_starting/vws/../vpc/src/utility/nbspace.cpp:149: Point: Calculated dot product with obj differs from solver's. Obj viol from solver: 1100543.76836777. Calculated: 1100543.76837912.
*** WARNING (version #1531bee): /home/sek519/warm_starting/vws/../vpc/src/utility/nbspace.cpp:368: Ray 2131: Calculated dot product with obj differs from solver's. Obj viol from solver: 1699999.99999988. Calculated: 1700000.00000004.
*** WARNING (version #1531bee): /home/sek519/warm_starting/vws/../vpc/src/utility/nbspace.cpp:368: Ray 2143: Calculated dot product with obj differs from solver's. Obj viol from solver: 2399999.99999991. Calculated: 2400000.00000002.
*** WARNING (version #1531bee): /home/sek519/warm_starting/vws/../vpc/src/utility/nbspace.cpp:368: Ray 2203: Calculated dot product with obj differs from solver's. Obj viol from solver: 2399999.99999989. Calculated: 2400000.00000002.
*** WARNING (version #1531bee): /home/sek519/warm_starting/vws/../vpc/src/utility/nbspace.cpp:368: Ray 2215: Calculated dot product with obj differs from solver's. Obj viol from solver: 3099999.99999991. Calculated: 3100000.00000001.
*** WARNING (version #1531bee): /home/sek519/warm_starting/vws/../vpc/src/utility/nbspace.cpp:368: Ray 2240: Calculated dot product with obj differs from solver's. Obj viol from solver: 999999.99999991. Calculated: 1000000.00000002.
*** WARNING (version #1531bee): /home/sek519/warm_starting/vws/../vpc/src/utility/nbspace.cpp:368: Ray 2241: Calculated dot product with obj differs from solver's. Obj viol from solver: 999999.99999991. Calculated: 1000000.00000002.
*** WARNING (version #1531bee): /home/sek519/warm_starting/vws/../vpc/src/utility/nbspace.cpp:368: Ray 2251: Calculated dot product with obj differs from solver's. Obj viol from solver: 1699999.99999987. Calculated: 1700000.00000004.
*** WARNING (version #1531bee): /home/sek519/warm_starting/vws/../vpc/src/utility/nbspace.cpp:368: Ray 2263: Calculated dot product with obj differs from solver's. Obj viol from solver: 2399999.99999991. Calculated: 2400000.00000003.
*** WARNING (version #1531bee): /home/sek519/warm_starting/vws/../vpc/src/utility/nbspace.cpp:368: Ray 2323: Calculated dot product with obj differs from solver's. Obj viol from solver: 2399999.99999991. Calculated: 2400000.00000003.
*** WARNING (version #1531bee): /home/sek519/warm_starting/vws/../vpc/src/utility/nbspace.cpp:368: Ray 2420: Calculated dot product with obj differs from solver's. Obj viol from solver: 999999.99999991. Calculated: 1000000.00000003.
*** WARNING (version #1531bee): /home/sek519/warm_starting/vws/../vpc/src/utility/nbspace.cpp:368: Ray 2421: Calculated dot product with obj differs from solver's. Obj viol from solver: 999999.99999991. Calculated: 1000000.00000002.
*** WARNING (version #1531bee): /home/sek519/warm_starting/vws/../vpc/src/utility/nbspace.cpp:368: Ray 2431: Calculated dot product with obj differs from solver's. Obj viol from solver: 1699999.99999986. Calculated: 1700000.00000003.
*** WARNING (version #1531bee): /home/sek519/warm_starting/vws/../vpc/src/utility/nbspace.cpp:368: Ray 2443: Calculated dot product with obj differs from solver's. Obj viol from solver: 2400019.36703142. Calculated: 2400019.36703154.
*** WARNING (version #1531bee): /home/sek519/warm_starting/vws/../vpc/src/utility/nbspace.cpp:368: Ray 2503: Calculated dot product with obj differs from solver's. Obj viol from solver: 2399999.99999990. Calculated: 2400000.00000003.
*** WARNING (version #1531bee): /home/sek519/warm_starting/vws/../vpc/src/utility/nbspace.cpp:368: Ray 2551: Calculated dot product with obj differs from solver's. Obj viol from solver: 1700019.36703142. Calculated: 1700019.36703154.
*** WARNING (version #1531bee): /home/sek519/warm_starting/vws/../vpc/src/utility/nbspace.cpp:368: Ray 2660: Calculated dot product with obj differs from solver's. Obj viol from solver: 999999.99999992. Calculated: 1000000.00000002.
*** WARNING (version #1531bee): /home/sek519/warm_starting/vws/../vpc/src/utility/nbspace.cpp:368: Ray 2671: Calculated dot product with obj differs from solver's. Obj viol from solver: 1700009.63731308. Calculated: 1700009.63731320.
*** WARNING (version #1531bee): /home/sek519/warm_starting/vws/../vpc/src/utility/nbspace.cpp:368: Ray 2724: Calculated dot product with obj differs from solver's. Obj viol from solver: 60806367.62765286. Calculated: 60806367.62765298.
*** WARNING (version #1531bee): /home/sek519/warm_starting/vws/../vpc/src/utility/nbspace.cpp:149: Point: Calculated dot product with obj differs from solver's. Obj viol from solver: 700540.54054165. Calculated: 700540.54054054.
*** WARNING (version #1531bee): /home/sek519/warm_starting/vws/../vpc/src/utility/nbspace.cpp:149: Point: Calculated dot product with obj differs from solver's. Obj viol from solver: 1100543.76836872. Calculated: 1100543.76837911.
*** WARNING (version #1531bee): /home/sek519/warm_starting/vws/../vpc/src/utility/nbspace.cpp:149: Point: Calculated dot product with obj differs from solver's. Obj viol from solver: 3100559.90756607. Calculated: 3100559.90757206.
*** WARNING (version #1531bee): /home/sek519/warm_starting/vws/../vpc/src/utility/nbspace.cpp:149: Point: Calculated dot product with obj differs from solver's. Obj viol from solver: 3100559.90756607. Calculated: 3100559.90757206.
*** WARNING (version #1531bee): /home/sek519/warm_starting/vws/../vpc/src/utility/nbspace.cpp:149: Point: Calculated dot product with obj differs from solver's. Obj viol from solver: 3100559.90757275. Calculated: 3100559.90757208.
*** WARNING (version #1531bee): /home/sek519/warm_starting/vws/../vpc/src/utility/nbspace.cpp:149: Point: Calculated dot product with obj differs from solver's. Obj viol from solver: 4219481.44365501. Calculated: 4219481.44365739.
*** WARNING (version #1531bee): /home/sek519/warm_starting/vws/../vpc/src/utility/nbspace.cpp:149: Point: Calculated dot product with obj differs from solver's. Obj viol from solver: 4135697.13643360. Calculated: 4135697.13644033.
*** WARNING (version #1531bee): /home/sek519/warm_starting/vws/../vpc/src/utility/nbspace.cpp:149: Point: Calculated dot product with obj differs from solver's. Obj viol from solver: 3800559.90757084. Calculated: 3800559.90757203.
*** WARNING (version #1531bee): /home/sek519/warm_starting/vws/../vpc/src/utility/nbspace.cpp:149: Point: Calculated dot product with obj differs from solver's. Obj viol from solver: 1700559.90756416. Calculated: 1700559.90757205.
*** WARNING (version #1531bee): /home/sek519/warm_starting/vws/../vpc/src/utility/nbspace.cpp:149: Point: Calculated dot product with obj differs from solver's. Obj viol from solver: 1700559.90756702. Calculated: 1700559.90757206.
*** WARNING (version #1531bee): /home/sek519/warm_starting/vws/../vpc/src/utility/nbspace.cpp:149: Point: Calculated dot product with obj differs from solver's. Obj viol from solver: 1700559.90756702. Calculated: 1700559.90757206.
*** WARNING (version #1531bee): /home/sek519/warm_starting/vws/../vpc/src/utility/nbspace.cpp:149: Point: Calculated dot product with obj differs from solver's. Obj viol from solver: 2630292.25446415. Calculated: 2630292.25446821.
*** WARNING (version #1531bee): /home/sek519/warm_starting/vws/../vpc/src/utility/nbspace.cpp:149: Point: Calculated dot product with obj differs from solver's. Obj viol from solver: 2584345.78508568. Calculated: 2584345.78508898.
*** WARNING (version #1531bee): /home/sek519/warm_starting/vws/../vpc/src/utility/nbspace.cpp:149: Point: Calculated dot product with obj differs from solver's. Obj viol from solver: 2400559.90756416. Calculated: 2400559.90757206.
*** WARNING (version #1531bee): /home/sek519/warm_starting/vws/../vpc/src/utility/nbspace.cpp:149: Point: Calculated dot product with obj differs from solver's. Obj viol from solver: 1835697.65986919. Calculated: 1835697.65987362.
*** WARNING (version #1531bee): /home/sek519/warm_starting/vws/../vpc/src/utility/nbspace.cpp:149: Point: Calculated dot product with obj differs from solver's. Obj viol from solver: 1835697.65986919. Calculated: 1835697.65987362.
*** WARNING (version #1531bee): /home/sek519/warm_starting/vws/../vpc/src/utility/nbspace.cpp:149: Point: Calculated dot product with obj differs from solver's. Obj viol from solver: 1835697.65986538. Calculated: 1835697.65987362.
*** WARNING (version #1531bee): /home/sek519/warm_starting/vws/../vpc/src/utility/nbspace.cpp:149: Point: Calculated dot product with obj differs from solver's. Obj viol from solver: 1808670.10941029. Calculated: 1808670.10941330.
*** WARNING (version #1531bee): /home/sek519/warm_starting/vws/../vpc/src/utility/nbspace.cpp:149: Point: Calculated dot product with obj differs from solver's. Obj viol from solver: 1808670.10941029. Calculated: 1808670.10941330.
*** WARNING (version #1531bee): /home/sek519/warm_starting/vws/../vpc/src/utility/nbspace.cpp:149: Point: Calculated dot product with obj differs from solver's. Obj viol from solver: 1808670.10941029. Calculated: 1808670.10941330.
*** WARNING (version #1531bee): /home/sek519/warm_starting/vws/../vpc/src/utility/nbspace.cpp:149: Point: Calculated dot product with obj differs from solver's. Obj viol from solver: 1700559.90756893. Calculated: 1700559.90757206.
*** WARNING (version #1531bee): /home/sek519/warm_starting/vws/../vpc/src/utility/nbspace.cpp:149: Point: Calculated dot product with obj differs from solver's. Obj viol from solver: 1700559.90757084. Calculated: 1700559.90757206.
*** WARNING (version #1531bee): /home/sek519/warm_starting/vws/../vpc/src/utility/nbspace.cpp:149: Point: Calculated dot product with obj differs from solver's. Obj viol from solver: 1700559.90756702. Calculated: 1700559.90757206.
*** WARNING (version #1531bee): /home/sek519/warm_starting/vws/../vpc/src/utility/nbspace.cpp:149: Point: Calculated dot product with obj differs from solver's. Obj viol from solver: 2400559.90757084. Calculated: 2400559.90757206.
*** WARNING (version #1531bee): /home/sek519/warm_starting/vws/../vpc/src/utility/nbspace.cpp:149: Point: Calculated dot product with obj differs from solver's. Obj viol from solver: 2400559.90757084. Calculated: 2400559.90757206.
*** WARNING (version #1531bee): /home/sek519/warm_starting/vws/../vpc/src/utility/nbspace.cpp:149: Point: Calculated dot product with obj differs from solver's. Obj viol from solver: 2400559.90757084. Calculated: 2400559.90757205.
*** WARNING (version #1531bee): /home/sek519/warm_starting/vws/../vpc/src/utility/nbspace.cpp:149: Point: Calculated dot product with obj differs from solver's. Obj viol from solver: 2630292.25446987. Calculated: 2630292.25446821.
*** WARNING (version #1531bee): /home/sek519/warm_starting/vws/../vpc/src/utility/nbspace.cpp:149: Point: Calculated dot product with obj differs from solver's. Obj viol from solver: 2630292.25446987. Calculated: 2630292.25446821.
*** WARNING (version #1531bee): /home/sek519/warm_starting/vws/../vpc/src/utility/nbspace.cpp:149: Point: Calculated dot product with obj differs from solver's. Obj viol from solver: 2584345.78508854. Calculated: 2584345.78508898.
*** WARNING (version #1531bee): /home/sek519/warm_starting/vws/../vpc/src/utility/nbspace.cpp:149: Point: Calculated dot product with obj differs from solver's. Obj viol from solver: 2584345.78508854. Calculated: 2584345.78508898.
*** WARNING (version #1531bee): /home/sek519/warm_starting/vws/../vpc/src/utility/nbspace.cpp:149: Point: Calculated dot product with obj differs from solver's. Obj viol from solver: 2400559.90757084. Calculated: 2400559.90757206.
*** WARNING (version #1531bee): /home/sek519/warm_starting/vws/../vpc/src/utility/nbspace.cpp:149: Point: Calculated dot product with obj differs from solver's. Obj viol from solver: 2400559.90757084. Calculated: 2400559.90757206.
*** WARNING (version #1531bee): /home/sek519/warm_starting/vws/../vpc/src/utility/nbspace.cpp:149: Point: Calculated dot product with obj differs from solver's. Obj viol from solver: 700540.54053211. Calculated: 700540.54054054.
*** WARNING (version #1531bee): /home/sek519/warm_starting/vws/../vpc/src/utility/nbspace.cpp:149: Point: Calculated dot product with obj differs from solver's. Obj viol from solver: 1401081.08107376. Calculated: 1401081.08108108.
*** WARNING (version #1531bee): /home/sek519/warm_starting/vws/../vpc/src/utility/nbspace.cpp:368: Ray 2671: Calculated dot product with obj differs from solver's. Obj viol from solver: 1700000.00000008. Calculated: 1699999.99999998.
*** WARNING (version #1531bee): /home/sek519/warm_starting/vws/../vpc/src/utility/nbspace.cpp:149: Point: Calculated dot product with obj differs from solver's. Obj viol from solver: 2445466.93411541. Calculated: 2445466.93411648.
*** WARNING (version #1531bee): /home/sek519/warm_starting/vws/../vpc/src/utility/nbspace.cpp:149: Point: Calculated dot product with obj differs from solver's. Obj viol from solver: 2445466.93411541. Calculated: 2445466.93411648.
*** WARNING (version #1531bee): /home/sek519/warm_starting/vws/../vpc/src/utility/nbspace.cpp:149: Point: Calculated dot product with obj differs from solver's. Obj viol from solver: 2445466.93410683. Calculated: 2445466.93411648.
*** WARNING (version #1531bee): /home/sek519/warm_starting/vws/../vpc/src/utility/nbspace.cpp:149: Point: Calculated dot product with obj differs from solver's. Obj viol from solver: 3565046.12784481. Calculated: 3565046.12785947.
*** WARNING (version #1531bee): /home/sek519/warm_starting/vws/../vpc/src/utility/nbspace.cpp:149: Point: Calculated dot product with obj differs from solver's. Obj viol from solver: 3481230.28909969. Calculated: 3481230.28911087.
*** WARNING (version #1531bee): /home/sek519/warm_starting/vws/../vpc/src/utility/nbspace.cpp:149: Point: Calculated dot product with obj differs from solver's. Obj viol from solver: 3145966.93410110. Calculated: 3145966.93411648.
*** WARNING (version #1531bee): /home/sek519/warm_starting/vws/../vpc/src/utility/nbspace.cpp:149: Point: Calculated dot product with obj differs from solver's. Obj viol from solver: 1044577.99611855. Calculated: 1044577.99613057.
*** WARNING (version #1531bee): /home/sek519/warm_starting/vws/../vpc/src/utility/nbspace.cpp:149: Point: Calculated dot product with obj differs from solver's. Obj viol from solver: 1044577.99611759. Calculated: 1044577.99613057.
*** WARNING (version #1531bee): /home/sek519/warm_starting/vws/../vpc/src/utility/nbspace.cpp:149: Point: Calculated dot product with obj differs from solver's. Obj viol from solver: 1044577.99611950. Calculated: 1044577.99613057.
*** WARNING (version #1531bee): /home/sek519/warm_starting/vws/../vpc/src/utility/nbspace.cpp:149: Point: Calculated dot product with obj differs from solver's. Obj viol from solver: 1974743.43070507. Calculated: 1974743.43071428.
*** WARNING (version #1531bee): /home/sek519/warm_starting/vws/../vpc/src/utility/nbspace.cpp:149: Point: Calculated dot product with obj differs from solver's. Obj viol from solver: 1928789.75478268. Calculated: 1928789.75479341.
*** WARNING (version #1531bee): /home/sek519/warm_starting/vws/../vpc/src/utility/nbspace.cpp:149: Point: Calculated dot product with obj differs from solver's. Obj viol from solver: 1744975.05109882. Calculated: 1744975.05110995.
*** WARNING (version #1531bee): /home/sek519/warm_starting/vws/../vpc/src/utility/nbspace.cpp:149: Point: Calculated dot product with obj differs from solver's. Obj viol from solver: 1044578.05880833. Calculated: 1044578.05882254.
*** WARNING (version #1531bee): /home/sek519/warm_starting/vws/../vpc/src/utility/nbspace.cpp:149: Point: Calculated dot product with obj differs from solver's. Obj viol from solver: 1044578.05881023. Calculated: 1044578.05882254.
*** WARNING (version #1531bee): /home/sek519/warm_starting/vws/../vpc/src/utility/nbspace.cpp:149: Point: Calculated dot product with obj differs from solver's. Obj viol from solver: 1044578.05881023. Calculated: 1044578.05882253.
*** WARNING (version #1531bee): /home/sek519/warm_starting/vws/../vpc/src/utility/nbspace.cpp:149: Point: Calculated dot product with obj differs from solver's. Obj viol from solver: 1974743.53273296. Calculated: 1974743.53274233.
*** WARNING (version #1531bee): /home/sek519/warm_starting/vws/../vpc/src/utility/nbspace.cpp:149: Point: Calculated dot product with obj differs from solver's. Obj viol from solver: 1928789.85438538. Calculated: 1928789.85439222.
*** WARNING (version #1531bee): /home/sek519/warm_starting/vws/../vpc/src/utility/nbspace.cpp:368: Ray 4071: Calculated dot product with obj differs from solver's. Obj viol from solver: 42499.85945942. Calculated: 42499.85945952.
*** WARNING (version #1531bee): /home/sek519/warm_starting/vws/../vpc/src/utility/nbspace.cpp:149: Point: Calculated dot product with obj differs from solver's. Obj viol from solver: 1744975.14098072. Calculated: 1744975.14099180.
*** WARNING (version #1531bee): /home/sek519/warm_starting/vws/../vpc/src/utility/nbspace.cpp:149: Point: Calculated dot product with obj differs from solver's. Obj viol from solver: 3164891.74266148. Calculated: 3164891.74267505.
*** WARNING (version #1531bee): /home/sek519/warm_starting/vws/../vpc/src/utility/nbspace.cpp:149: Point: Calculated dot product with obj differs from solver's. Obj viol from solver: 3164891.74266148. Calculated: 3164891.74267505.
*** WARNING (version #1531bee): /home/sek519/warm_starting/vws/../vpc/src/utility/nbspace.cpp:149: Point: Calculated dot product with obj differs from solver's. Obj viol from solver: 3164891.74266148. Calculated: 3164891.74267505.
*** WARNING (version #1531bee): /home/sek519/warm_starting/vws/../vpc/src/utility/nbspace.cpp:149: Point: Calculated dot product with obj differs from solver's. Obj viol from solver: 4379164.63010311. Calculated: 4379164.63011174.
*** WARNING (version #1531bee): /home/sek519/warm_starting/vws/../vpc/src/utility/nbspace.cpp:149: Point: Calculated dot product with obj differs from solver's. Obj viol from solver: 4276443.38594723. Calculated: 4276443.38595773.
*** WARNING (version #1531bee): /home/sek519/warm_starting/vws/../vpc/src/utility/nbspace.cpp:149: Point: Calculated dot product with obj differs from solver's. Obj viol from solver: 3865558.40932941. Calculated: 3865558.40934171.
*** WARNING (version #1531bee): /home/sek519/warm_starting/vws/../vpc/src/utility/nbspace.cpp:149: Point: Calculated dot product with obj differs from solver's. Obj viol from solver: 78940.22689152. Calculated: 78940.22690285.
*** WARNING (version #1531bee): /home/sek519/warm_starting/vws/../vpc/src/utility/nbspace.cpp:149: Point: Calculated dot product with obj differs from solver's. Obj viol from solver: 730688.88330269. Calculated: 730688.88330874.
*** WARNING (version #1531bee): /home/sek519/warm_starting/vws/../vpc/src/utility/nbspace.cpp:368: Ray 3558: Calculated dot product with obj differs from solver's. Obj viol from solver: 17277659.61486486. Calculated: 17277659.61486459.
*** WARNING (version #1531bee): /home/sek519/warm_starting/vws/../vpc/src/utility/nbspace.cpp:149: Point: Calculated dot product with obj differs from solver's. Obj viol from solver: 4271456.89980030. Calculated: 4271456.89980336.
*** WARNING (version #1531bee): /home/sek519/warm_starting/vws/../vpc/src/utility/nbspace.cpp:149: Point: Calculated dot product with obj differs from solver's. Obj viol from solver: 4271457.89980030. Calculated: 4271457.89980336.
*** WARNING (version #1531bee): /home/sek519/warm_starting/vws/../vpc/src/utility/nbspace.cpp:149: Point: Calculated dot product with obj differs from solver's. Obj viol from solver: 4271457.89979649. Calculated: 4271457.89980336.
*** WARNING (version #1531bee): /home/sek519/warm_starting/vws/../vpc/src/utility/nbspace.cpp:149: Point: Calculated dot product with obj differs from solver's. Obj viol from solver: 4187637.55626869. Calculated: 4187637.55627468.
*** WARNING (version #1531bee): /home/sek519/warm_starting/vws/../vpc/src/utility/nbspace.cpp:149: Point: Calculated dot product with obj differs from solver's. Obj viol from solver: 4187637.55626965. Calculated: 4187637.55627468.
*** WARNING (version #1531bee): /home/sek519/warm_starting/vws/../vpc/src/utility/nbspace.cpp:149: Point: Calculated dot product with obj differs from solver's. Obj viol from solver: 4187637.55626583. Calculated: 4187637.55627468.
*** WARNING (version #1531bee): /home/sek519/warm_starting/vws/../vpc/src/utility/nbspace.cpp:368: Ray 2304: Calculated dot product with obj differs from solver's. Obj viol from solver: 1701332.30274458. Calculated: 1701332.30274468.
*** WARNING (version #1531bee): /home/sek519/warm_starting/vws/../vpc/src/utility/nbspace.cpp:149: Point: Calculated dot product with obj differs from solver's. Obj viol from solver: 3852356.18216610. Calculated: 3852356.18215997.
*** WARNING (version #1531bee): /home/sek519/warm_starting/vws/../vpc/src/utility/nbspace.cpp:149: Point: Calculated dot product with obj differs from solver's. Obj viol from solver: 3852356.18216801. Calculated: 3852356.18215997.
*** WARNING (version #1531bee): /home/sek519/warm_starting/vws/../vpc/src/utility/nbspace.cpp:368: Ray 2551: Calculated dot product with obj differs from solver's. Obj viol from solver: 1684319.67993604. Calculated: 1684319.67993592.
*** WARNING (version #1531bee): /home/sek519/warm_starting/vws/../vpc/src/utility/nbspace.cpp:368: Ray 2568: Calculated dot product with obj differs from solver's. Obj viol from solver: 3084320.95032817. Calculated: 3084320.95032827.
*** WARNING (version #1531bee): /home/sek519/warm_starting/vws/../vpc/src/utility/nbspace.cpp:149: Point: Calculated dot product with obj differs from solver's. Obj viol from solver: 3852356.18216610. Calculated: 3852356.18215997.
*** WARNING (version #1531bee): /home/sek519/warm_starting/vws/../vpc/src/utility/nbspace.cpp:149: Point: Calculated dot product with obj differs from solver's. Obj viol from solver: 4191856.63480282. Calculated: 4191856.63480981.
*** WARNING (version #1531bee): /home/sek519/warm_starting/vws/../vpc/src/utility/nbspace.cpp:149: Point: Calculated dot product with obj differs from solver's. Obj viol from solver: 4191856.63480282. Calculated: 4191856.63480981.
*** WARNING (version #1531bee): /home/sek519/warm_starting/vws/../vpc/src/utility/nbspace.cpp:149: Point: Calculated dot product with obj differs from solver's. Obj viol from solver: 4191856.63480663. Calculated: 4191856.63480983.
*** WARNING (version #1531bee): /home/sek519/warm_starting/vws/../vpc/src/utility/nbspace.cpp:149: Point: Calculated dot product with obj differs from solver's. Obj viol from solver: 4705552.94704151. Calculated: 4705552.94704780.
*** WARNING (version #1531bee): /home/sek519/warm_starting/vws/../vpc/src/utility/nbspace.cpp:368: Ray 3558: Calculated dot product with obj differs from solver's. Obj viol from solver: 17277666.61486510. Calculated: 17277666.61486464.
*** WARNING (version #1531bee): /home/sek519/warm_starting/vws/../vpc/src/utility/nbspace.cpp:149: Point: Calculated dot product with obj differs from solver's. Obj viol from solver: 4705552.94704151. Calculated: 4705552.94704780.
*** WARNING (version #1531bee): /home/sek519/warm_starting/vws/../vpc/src/utility/nbspace.cpp:368: Ray 3558: Calculated dot product with obj differs from solver's. Obj viol from solver: 17277666.61486510. Calculated: 17277666.61486464.
*** WARNING (version #1531bee): /home/sek519/warm_starting/vws/../vpc/src/utility/nbspace.cpp:149: Point: Calculated dot product with obj differs from solver's. Obj viol from solver: 4602813.68459606. Calculated: 4602813.68460021.
*** WARNING (version #1531bee): /home/sek519/warm_starting/vws/../vpc/src/utility/nbspace.cpp:368: Ray 2745: Calculated dot product with obj differs from solver's. Obj viol from solver: 53978070.63515451. Calculated: 53978070.63515472.
*** WARNING (version #1531bee): /home/sek519/warm_starting/vws/../vpc/src/utility/nbspace.cpp:368: Ray 3535: Calculated dot product with obj differs from solver's. Obj viol from solver: 29761673.44150800. Calculated: 29761673.44150757.
*** WARNING (version #1531bee): /home/sek519/warm_starting/vws/../vpc/src/utility/nbspace.cpp:149: Point: Calculated dot product with obj differs from solver's. Obj viol from solver: 4602813.68459606. Calculated: 4602813.68460021.
*** WARNING (version #1531bee): /home/sek519/warm_starting/vws/../vpc/src/utility/nbspace.cpp:368: Ray 2745: Calculated dot product with obj differs from solver's. Obj viol from solver: 53978070.63515451. Calculated: 53978070.63515472.
*** WARNING (version #1531bee): /home/sek519/warm_starting/vws/../vpc/src/utility/nbspace.cpp:368: Ray 3535: Calculated dot product with obj differs from solver's. Obj viol from solver: 29761673.44150800. Calculated: 29761673.44150757.
*** WARNING (version #1531bee): /home/sek519/warm_starting/vws/../vpc/src/utility/nbspace.cpp:149: Point: Calculated dot product with obj differs from solver's. Obj viol from solver: 4191856.63480282. Calculated: 4191856.63480981.
*** WARNING (version #1531bee): /home/sek519/warm_starting/vws/../vpc/src/utility/nbspace.cpp:149: Point: Calculated dot product with obj differs from solver's. Obj viol from solver: 4191855.63480282. Calculated: 4191855.63480981.
*** WARNING (version #1531bee): /home/sek519/warm_starting/vws/../vpc/src/utility/nbspace.cpp:149: Point: Calculated dot product with obj differs from solver's. Obj viol from solver: 394592.59387302. Calculated: 394592.59387763.
*** WARNING (version #1531bee): /home/sek519/warm_starting/vws/../vpc/src/utility/nbspace.cpp:149: Point: Calculated dot product with obj differs from solver's. Obj viol from solver: 598899.29631424. Calculated: 598899.29631778.
*** WARNING (version #1531bee): /home/sek519/warm_starting/vws/../vpc/src/utility/nbspace.cpp:368: Ray 3689: Calculated dot product with obj differs from solver's. Obj viol from solver: 16345.94594602. Calculated: 16345.94594591.
*** WARNING (version #1531bee): /home/sek519/warm_starting/vws/../vpc/src/utility/nbspace.cpp:368: Ray 3694: Calculated dot product with obj differs from solver's. Obj viol from solver: 16345.94594600. Calculated: 16345.94594589.
*** WARNING (version #1531bee): /home/sek519/warm_starting/vws/../vpc/src/utility/nbspace.cpp:368: Ray 4109: Calculated dot product with obj differs from solver's. Obj viol from solver: 0.99999993. Calculated: 1.00000006.
*** WARNING (version #1531bee): /home/sek519/warm_starting/vws/../vpc/src/utility/nbspace.cpp:368: Ray 4110: Calculated dot product with obj differs from solver's. Obj viol from solver: -0.00000005. Calculated: 0.00000005.
*** WARNING (version #1531bee): /home/sek519/warm_starting/vws/../vpc/src/utility/nbspace.cpp:149: Point: Calculated dot product with obj differs from solver's. Obj viol from solver: 669274.98133564. Calculated: 669274.98133848.
*** WARNING (version #1531bee): /home/sek519/warm_starting/vws/../vpc/src/utility/nbspace.cpp:149: Point: Calculated dot product with obj differs from solver's. Obj viol from solver: 443412.32747936. Calculated: 443412.32747394.
*** WARNING (version #1531bee): /home/sek519/warm_starting/vws/../vpc/src/utility/nbspace.cpp:368: Ray 4070: Calculated dot product with obj differs from solver's. Obj viol from solver: 163459.45945949. Calculated: 163459.45946016.
*** WARNING (version #1531bee): /home/sek519/warm_starting/vws/../vpc/src/utility/nbspace.cpp:149: Point: Calculated dot product with obj differs from solver's. Obj viol from solver: 786537.38611698. Calculated: 786537.38612413.
*** WARNING (version #1531bee): /home/sek519/warm_starting/vws/../vpc/src/utility/nbspace.cpp:149: Point: Calculated dot product with obj differs from solver's. Obj viol from solver: 1194578.60170364. Calculated: 1194578.60171252.
*** WARNING (version #1531bee): /home/sek519/warm_starting/vws/../vpc/src/utility/nbspace.cpp:149: Point: Calculated dot product with obj differs from solver's. Obj viol from solver: 3094480.43395329. Calculated: 3094480.43395559.
*** WARNING (version #1531bee): /home/sek519/warm_starting/vws/../vpc/src/utility/nbspace.cpp:368: Ray 2731: Calculated dot product with obj differs from solver's. Obj viol from solver: 53947608.70873404. Calculated: 53947608.70873392.
*** WARNING (version #1531bee): /home/sek519/warm_starting/vws/../vpc/src/utility/nbspace.cpp:368: Ray 3523: Calculated dot product with obj differs from solver's. Obj viol from solver: 34326487.48648649. Calculated: 34326487.48648689.
*** WARNING (version #1531bee): /home/sek519/warm_starting/vws/../vpc/src/utility/nbspace.cpp:149: Point: Calculated dot product with obj differs from solver's. Obj viol from solver: 3094480.43395329. Calculated: 3094480.43395559.
*** WARNING (version #1531bee): /home/sek519/warm_starting/vws/../vpc/src/utility/nbspace.cpp:368: Ray 2731: Calculated dot product with obj differs from solver's. Obj viol from solver: 53947608.70873404. Calculated: 53947608.70873392.
*** WARNING (version #1531bee): /home/sek519/warm_starting/vws/../vpc/src/utility/nbspace.cpp:368: Ray 3523: Calculated dot product with obj differs from solver's. Obj viol from solver: 34326487.48648649. Calculated: 34326487.48648689.
*** WARNING (version #1531bee): /home/sek519/warm_starting/vws/../vpc/src/utility/nbspace.cpp:149: Point: Calculated dot product with obj differs from solver's. Obj viol from solver: 3094480.43395805. Calculated: 3094480.43395559.
*** WARNING (version #1531bee): /home/sek519/warm_starting/vws/../vpc/src/utility/nbspace.cpp:368: Ray 3523: Calculated dot product with obj differs from solver's. Obj viol from solver: 34326487.48648649. Calculated: 34326487.48648689.
*** WARNING (version #1531bee): /home/sek519/warm_starting/vws/../vpc/src/utility/nbspace.cpp:149: Point: Calculated dot product with obj differs from solver's. Obj viol from solver: 4213492.06013203. Calculated: 4213492.06013101.
*** WARNING (version #1531bee): /home/sek519/warm_starting/vws/../vpc/src/utility/nbspace.cpp:149: Point: Calculated dot product with obj differs from solver's. Obj viol from solver: 4129689.73489094. Calculated: 4129689.73489593.
*** WARNING (version #1531bee): /home/sek519/warm_starting/vws/../vpc/src/utility/nbspace.cpp:149: Point: Calculated dot product with obj differs from solver's. Obj viol from solver: 3794480.43395329. Calculated: 3794480.43395558.
*** WARNING (version #1531bee): /home/sek519/warm_starting/vws/../vpc/src/utility/nbspace.cpp:368: Ray 3534: Calculated dot product with obj differs from solver's. Obj viol from solver: 17163243.24324325. Calculated: 17163243.24324338.
*** WARNING (version #1531bee): /home/sek519/warm_starting/vws/../vpc/src/utility/nbspace.cpp:149: Point: Calculated dot product with obj differs from solver's. Obj viol from solver: 1693813.71819210. Calculated: 1693813.71819191.
*** WARNING (version #1531bee): /home/sek519/warm_starting/vws/../vpc/src/utility/nbspace.cpp:149: Point: Calculated dot product with obj differs from solver's. Obj viol from solver: 1693813.71818733. Calculated: 1693813.71819191.
*** WARNING (version #1531bee): /home/sek519/warm_starting/vws/../vpc/src/utility/nbspace.cpp:149: Point: Calculated dot product with obj differs from solver's. Obj viol from solver: 1693813.71818733. Calculated: 1693813.71819190.
*** WARNING (version #1531bee): /home/sek519/warm_starting/vws/../vpc/src/utility/nbspace.cpp:149: Point: Calculated dot product with obj differs from solver's. Obj viol from solver: 2624302.81520844. Calculated: 2624302.81521007.
*** WARNING (version #1531bee): /home/sek519/warm_starting/vws/../vpc/src/utility/nbspace.cpp:149: Point: Calculated dot product with obj differs from solver's. Obj viol from solver: 2578338.32913303. Calculated: 2578338.32913977.
*** WARNING (version #1531bee): /home/sek519/warm_starting/vws/../vpc/src/utility/nbspace.cpp:149: Point: Calculated dot product with obj differs from solver's. Obj viol from solver: 2394480.38485432. Calculated: 2394480.38485857.
*** WARNING (version #1531bee): /home/sek519/warm_starting/vws/../vpc/src/utility/nbspace.cpp:368: Ray 2731: Calculated dot product with obj differs from solver's. Obj viol from solver: 53947608.70873404. Calculated: 53947608.70873391.
*** WARNING (version #1531bee): /home/sek519/warm_starting/vws/../vpc/src/utility/nbspace.cpp:368: Ray 3523: Calculated dot product with obj differs from solver's. Obj viol from solver: 34326487.48648649. Calculated: 34326487.48648689.
*** WARNING (version #1531bee): /home/sek519/warm_starting/vws/../vpc/src/utility/nbspace.cpp:149: Point: Calculated dot product with obj differs from solver's. Obj viol from solver: 1829708.27634335. Calculated: 1829708.27634723.
*** WARNING (version #1531bee): /home/sek519/warm_starting/vws/../vpc/src/utility/nbspace.cpp:368: Ray 2731: Calculated dot product with obj differs from solver's. Obj viol from solver: 53947608.70873404. Calculated: 53947608.70873393.
*** WARNING (version #1531bee): /home/sek519/warm_starting/vws/../vpc/src/utility/nbspace.cpp:368: Ray 3523: Calculated dot product with obj differs from solver's. Obj viol from solver: 34326487.48648649. Calculated: 34326487.48648689.
*** WARNING (version #1531bee): /home/sek519/warm_starting/vws/../vpc/src/utility/nbspace.cpp:149: Point: Calculated dot product with obj differs from solver's. Obj viol from solver: 1829708.27634335. Calculated: 1829708.27634723.
*** WARNING (version #1531bee): /home/sek519/warm_starting/vws/../vpc/src/utility/nbspace.cpp:368: Ray 2731: Calculated dot product with obj differs from solver's. Obj viol from solver: 53947608.70873404. Calculated: 53947608.70873393.
*** WARNING (version #1531bee): /home/sek519/warm_starting/vws/../vpc/src/utility/nbspace.cpp:368: Ray 3523: Calculated dot product with obj differs from solver's. Obj viol from solver: 34326487.48648649. Calculated: 34326487.48648689.
*** WARNING (version #1531bee): /home/sek519/warm_starting/vws/../vpc/src/utility/nbspace.cpp:368: Ray 2731: Calculated dot product with obj differs from solver's. Obj viol from solver: 43649662.76278809. Calculated: 43649662.76278792.
*** WARNING (version #1531bee): /home/sek519/warm_starting/vws/../vpc/src/utility/nbspace.cpp:368: Ray 3523: Calculated dot product with obj differs from solver's. Obj viol from solver: 34326487.48648649. Calculated: 34326487.48648689.
*** WARNING (version #1531bee): /home/sek519/warm_starting/vws/../vpc/src/utility/nbspace.cpp:368: Ray 3524: Calculated dot product with obj differs from solver's. Obj viol from solver: 51489729.72972974. Calculated: 51489729.72972998.
*** WARNING (version #1531bee): /home/sek519/warm_starting/vws/../vpc/src/utility/nbspace.cpp:149: Point: Calculated dot product with obj differs from solver's. Obj viol from solver: 1802662.70786285. Calculated: 1802662.70786890.
*** WARNING (version #1531bee): /home/sek519/warm_starting/vws/../vpc/src/utility/nbspace.cpp:368: Ray 2731: Calculated dot product with obj differs from solver's. Obj viol from solver: 53947608.70873404. Calculated: 53947608.70873392.
*** WARNING (version #1531bee): /home/sek519/warm_starting/vws/../vpc/src/utility/nbspace.cpp:368: Ray 3523: Calculated dot product with obj differs from solver's. Obj viol from solver: 34326487.48648649. Calculated: 34326487.48648689.
*** WARNING (version #1531bee): /home/sek519/warm_starting/vws/../vpc/src/utility/nbspace.cpp:149: Point: Calculated dot product with obj differs from solver's. Obj viol from solver: 1802662.70786285. Calculated: 1802662.70786890.
*** WARNING (version #1531bee): /home/sek519/warm_starting/vws/../vpc/src/utility/nbspace.cpp:368: Ray 2731: Calculated dot product with obj differs from solver's. Obj viol from solver: 53947608.70873404. Calculated: 53947608.70873392.
*** WARNING (version #1531bee): /home/sek519/warm_starting/vws/../vpc/src/utility/nbspace.cpp:368: Ray 3523: Calculated dot product with obj differs from solver's. Obj viol from solver: 34326487.48648649. Calculated: 34326487.48648689.
*** WARNING (version #1531bee): /home/sek519/warm_starting/vws/../vpc/src/utility/nbspace.cpp:149: Point: Calculated dot product with obj differs from solver's. Obj viol from solver: 1802662.70786285. Calculated: 1802662.70786890.
*** WARNING (version #1531bee): /home/sek519/warm_starting/vws/../vpc/src/utility/nbspace.cpp:368: Ray 2731: Calculated dot product with obj differs from solver's. Obj viol from solver: 53947608.70873404. Calculated: 53947608.70873392.
*** WARNING (version #1531bee): /home/sek519/warm_starting/vws/../vpc/src/utility/nbspace.cpp:368: Ray 3523: Calculated dot product with obj differs from solver's. Obj viol from solver: 34326487.48648649. Calculated: 34326487.48648689.
*** WARNING (version #1531bee): /home/sek519/warm_starting/vws/../vpc/src/utility/nbspace.cpp:149: Point: Calculated dot product with obj differs from solver's. Obj viol from solver: 1694480.43395329. Calculated: 1694480.43395558.
*** WARNING (version #1531bee): /home/sek519/warm_starting/vws/../vpc/src/utility/nbspace.cpp:368: Ray 3523: Calculated dot product with obj differs from solver's. Obj viol from solver: 34326487.48648649. Calculated: 34326487.48648689.
*** WARNING (version #1531bee): /home/sek519/warm_starting/vws/../vpc/src/utility/nbspace.cpp:149: Point: Calculated dot product with obj differs from solver's. Obj viol from solver: 1694480.43395138. Calculated: 1694480.43395559.
*** WARNING (version #1531bee): /home/sek519/warm_starting/vws/../vpc/src/utility/nbspace.cpp:368: Ray 3523: Calculated dot product with obj differs from solver's. Obj viol from solver: 34440902.10810814. Calculated: 34440902.10810840.
*** WARNING (version #1531bee): /home/sek519/warm_starting/vws/../vpc/src/utility/nbspace.cpp:149: Point: Calculated dot product with obj differs from solver's. Obj viol from solver: 1694480.43395138. Calculated: 1694480.43395559.
*** WARNING (version #1531bee): /home/sek519/warm_starting/vws/../vpc/src/utility/nbspace.cpp:149: Point: Calculated dot product with obj differs from solver's. Obj viol from solver: 2394480.39316750. Calculated: 2394480.39317075.
*** WARNING (version #1531bee): /home/sek519/warm_starting/vws/../vpc/src/utility/nbspace.cpp:149: Point: Calculated dot product with obj differs from solver's. Obj viol from solver: 2394480.39316750. Calculated: 2394480.39317075.
*** WARNING (version #1531bee): /home/sek519/warm_starting/vws/../vpc/src/utility/nbspace.cpp:149: Point: Calculated dot product with obj differs from solver's. Obj viol from solver: 2394480.39317226. Calculated: 2394480.39317077.
*** WARNING (version #1531bee): /home/sek519/warm_starting/vws/../vpc/src/utility/nbspace.cpp:149: Point: Calculated dot product with obj differs from solver's. Obj viol from solver: 2624302.82464504. Calculated: 2624302.82464553.
*** WARNING (version #1531bee): /home/sek519/warm_starting/vws/../vpc/src/utility/nbspace.cpp:149: Point: Calculated dot product with obj differs from solver's. Obj viol from solver: 2624302.82464504. Calculated: 2624302.82464553.
*** WARNING (version #1531bee): /home/sek519/warm_starting/vws/../vpc/src/utility/nbspace.cpp:149: Point: Calculated dot product with obj differs from solver's. Obj viol from solver: 2578338.33834362. Calculated: 2578338.33835057.
*** WARNING (version #1531bee): /home/sek519/warm_starting/vws/../vpc/src/utility/nbspace.cpp:149: Point: Calculated dot product with obj differs from solver's. Obj viol from solver: 2578338.33834362. Calculated: 2578338.33835057.
*** WARNING (version #1531bee): /home/sek519/warm_starting/vws/../vpc/src/utility/nbspace.cpp:149: Point: Calculated dot product with obj differs from solver's. Obj viol from solver: 2394480.39316463. Calculated: 2394480.39317075.
*** WARNING (version #1531bee): /home/sek519/warm_starting/vws/../vpc/src/utility/nbspace.cpp:368: Ray 3523: Calculated dot product with obj differs from solver's. Obj viol from solver: 34326487.48648649. Calculated: 34326487.48648689.
*** WARNING (version #1531bee): /home/sek519/warm_starting/vws/../vpc/src/utility/nbspace.cpp:149: Point: Calculated dot product with obj differs from solver's. Obj viol from solver: 2394480.39316463. Calculated: 2394480.39317075.
*** WARNING (version #1531bee): /home/sek519/warm_starting/vws/../vpc/src/utility/nbspace.cpp:368: Ray 3523: Calculated dot product with obj differs from solver's. Obj viol from solver: 34326487.48648649. Calculated: 34326487.48648689.
*** WARNING (version #1531bee): /home/sek519/warm_starting/vws/../vpc/src/utility/nbspace.cpp:149: Point: Calculated dot product with obj differs from solver's. Obj viol from solver: 696064.67052555. Calculated: 696064.67052769.
*** WARNING (version #1531bee): /home/sek519/warm_starting/vws/../vpc/src/utility/nbspace.cpp:368: Ray 2731: Calculated dot product with obj differs from solver's. Obj viol from solver: 53947608.90873404. Calculated: 53947608.90873391.
*** WARNING (version #1531bee): /home/sek519/warm_starting/vws/../vpc/src/utility/nbspace.cpp:368: Ray 3523: Calculated dot product with obj differs from solver's. Obj viol from solver: 34326486.48648649. Calculated: 34326486.48648689.
*** WARNING (version #1531bee): /home/sek519/warm_starting/vws/../vpc/src/utility/nbspace.cpp:368: Ray 4104: Calculated dot product with obj differs from solver's. Obj viol from solver: 1.00000000. Calculated: 0.99999988.
*** WARNING (version #1531bee): /home/sek519/warm_starting/vws/../vpc/src/utility/nbspace.cpp:149: Point: Calculated dot product with obj differs from solver's. Obj viol from solver: 1436755.70527363. Calculated: 1436755.70527674.
*** WARNING (version #1531bee): /home/sek519/warm_starting/vws/../vpc/src/utility/nbspace.cpp:368: Ray 2137: Calculated dot product with obj differs from solver's. Obj viol from solver: 2542278.91891895. Calculated: 2542278.91891883.
*** WARNING (version #1531bee): /home/sek519/warm_starting/vws/../vpc/src/utility/nbspace.cpp:368: Ray 2140: Calculated dot product with obj differs from solver's. Obj viol from solver: 2477623.06306310. Calculated: 2477623.06306297.
*** WARNING (version #1531bee): /home/sek519/warm_starting/vws/../vpc/src/utility/nbspace.cpp:368: Ray 2143: Calculated dot product with obj differs from solver's. Obj viol from solver: 2169961.80180183. Calculated: 2169961.80180226.
*** WARNING (version #1531bee): /home/sek519/warm_starting/vws/../vpc/src/utility/nbspace.cpp:368: Ray 3740: Calculated dot product with obj differs from solver's. Obj viol from solver: 173267.02702700. Calculated: 173267.02702747.
*** WARNING (version #1531bee): /home/sek519/warm_starting/vws/../vpc/src/utility/nbspace.cpp:368: Ray 3905: Calculated dot product with obj differs from solver's. Obj viol from solver: 173267.02702700. Calculated: 173267.02702748.
*** WARNING (version #1531bee): /home/sek519/warm_starting/vws/../vpc/src/utility/nbspace.cpp:368: Ray 4070: Calculated dot product with obj differs from solver's. Obj viol from solver: 222304.86486484. Calculated: 222304.86486539.
*** WARNING (version #1531bee): /home/sek519/warm_starting/vws/../vpc/src/utility/nbspace.cpp:149: Point: Calculated dot product with obj differs from solver's. Obj viol from solver: 2467665.56875992. Calculated: 2467665.56875509.
*** WARNING (version #1531bee): /home/sek519/warm_starting/vws/../vpc/src/utility/nbspace.cpp:368: Ray 2244: Calculated dot product with obj differs from solver's. Obj viol from solver: 1674046.89872190. Calculated: 1674046.89872202.
*** WARNING (version #1531bee): /home/sek519/warm_starting/vws/../vpc/src/utility/nbspace.cpp:149: Point: Calculated dot product with obj differs from solver's. Obj viol from solver: 2467665.56875896. Calculated: 2467665.56875509.
*** WARNING (version #1531bee): /home/sek519/warm_starting/vws/../vpc/src/utility/nbspace.cpp:149: Point: Calculated dot product with obj differs from solver's. Obj viol from solver: 2467665.56876278. Calculated: 2467665.56875509.
*** WARNING (version #1531bee): /home/sek519/warm_starting/vws/../vpc/src/utility/nbspace.cpp:368: Ray 2251: Calculated dot product with obj differs from solver's. Obj viol from solver: 1652796.86899220. Calculated: 1652796.86899230.
*** WARNING (version #1531bee): /home/sek519/warm_starting/vws/../vpc/src/utility/nbspace.cpp:368: Ray 3694: Calculated dot product with obj differs from solver's. Obj viol from solver: 26153.11351356. Calculated: 26153.11351344.
*** WARNING (version #1531bee): /home/sek519/warm_starting/vws/../vpc/src/utility/nbspace.cpp:368: Ray 3694: Calculated dot product with obj differs from solver's. Obj viol from solver: 26153.11351355. Calculated: 26153.11351344.
*** WARNING (version #1531bee): /home/sek519/warm_starting/vws/../vpc/src/utility/nbspace.cpp:368: Ray 4080: Calculated dot product with obj differs from solver's. Obj viol from solver: 21251.02972972. Calculated: 21251.02972984.
*** WARNING (version #1531bee): /home/sek519/warm_starting/vws/../vpc/src/utility/nbspace.cpp:149: Point: Calculated dot product with obj differs from solver's. Obj viol from solver: 3504649.66915607. Calculated: 3504649.66915903.
*** WARNING (version #1531bee): /home/sek519/warm_starting/vws/../vpc/src/utility/nbspace.cpp:368: Ray 2268: Calculated dot product with obj differs from solver's. Obj viol from solver: 3064239.73115428. Calculated: 3064239.73115440.
*** WARNING (version #1531bee): /home/sek519/warm_starting/vws/../vpc/src/utility/nbspace.cpp:368: Ray 2304: Calculated dot product with obj differs from solver's. Obj viol from solver: 1684321.72072066. Calculated: 1684321.72072076.
*** WARNING (version #1531bee): /home/sek519/warm_starting/vws/../vpc/src/utility/nbspace.cpp:368: Ray 2766: Calculated dot product with obj differs from solver's. Obj viol from solver: 44106959.83742117. Calculated: 44106959.83742131.
*** WARNING (version #1531bee): /home/sek519/warm_starting/vws/../vpc/src/utility/nbspace.cpp:368: Ray 3696: Calculated dot product with obj differs from solver's. Obj viol from solver: 35960.28108113. Calculated: 35960.28108102.
*** WARNING (version #1531bee): /home/sek519/warm_starting/vws/../vpc/src/utility/nbspace.cpp:149: Point: Calculated dot product with obj differs from solver's. Obj viol from solver: 3169332.25581741. Calculated: 3169332.25581418.
*** WARNING (version #1531bee): /home/sek519/warm_starting/vws/../vpc/src/utility/nbspace.cpp:149: Point: Calculated dot product with obj differs from solver's. Obj viol from solver: 1067668.30892372. Calculated: 1067668.30891830.
*** WARNING (version #1531bee): /home/sek519/warm_starting/vws/../vpc/src/utility/nbspace.cpp:149: Point: Calculated dot product with obj differs from solver's. Obj viol from solver: 1067667.30891991. Calculated: 1067667.30891830.
*** WARNING (version #1531bee): /home/sek519/warm_starting/vws/../vpc/src/utility/nbspace.cpp:149: Point: Calculated dot product with obj differs from solver's. Obj viol from solver: 1067668.30892181. Calculated: 1067668.30891830.
*** WARNING (version #1531bee): /home/sek519/warm_starting/vws/../vpc/src/utility/nbspace.cpp:149: Point: Calculated dot product with obj differs from solver's. Obj viol from solver: 1998305.98064995. Calculated: 1998305.98065014.
*** WARNING (version #1531bee): /home/sek519/warm_starting/vws/../vpc/src/utility/nbspace.cpp:368: Ray 2251: Calculated dot product with obj differs from solver's. Obj viol from solver: 1683419.36353792. Calculated: 1683419.36353803.
*** WARNING (version #1531bee): /home/sek519/warm_starting/vws/../vpc/src/utility/nbspace.cpp:368: Ray 3525: Calculated dot product with obj differs from solver's. Obj viol from solver: 68651338.27837841. Calculated: 68651338.27837829.
*** WARNING (version #1531bee): /home/sek519/warm_starting/vws/../vpc/src/utility/nbspace.cpp:149: Point: Calculated dot product with obj differs from solver's. Obj viol from solver: 1952337.89021873. Calculated: 1952337.89021500.
*** WARNING (version #1531bee): /home/sek519/warm_starting/vws/../vpc/src/utility/nbspace.cpp:149: Point: Calculated dot product with obj differs from solver's. Obj viol from solver: 1768465.52847958. Calculated: 1768465.52847444.
*** WARNING (version #1531bee): /home/sek519/warm_starting/vws/../vpc/src/utility/nbspace.cpp:149: Point: Calculated dot product with obj differs from solver's. Obj viol from solver: 1067465.55976486. Calculated: 1067465.55976757.
*** WARNING (version #1531bee): /home/sek519/warm_starting/vws/../vpc/src/utility/nbspace.cpp:368: Ray 2304: Calculated dot product with obj differs from solver's. Obj viol from solver: 1684321.72072066. Calculated: 1684321.72072076.
*** WARNING (version #1531bee): /home/sek519/warm_starting/vws/../vpc/src/utility/nbspace.cpp:368: Ray 2766: Calculated dot product with obj differs from solver's. Obj viol from solver: 44107614.51525899. Calculated: 44107614.51525913.
*** WARNING (version #1531bee): /home/sek519/warm_starting/vws/../vpc/src/utility/nbspace.cpp:368: Ray 3567: Calculated dot product with obj differs from solver's. Obj viol from solver: 68904708.94054051. Calculated: 68904708.94054036.
*** WARNING (version #1531bee): /home/sek519/warm_starting/vws/../vpc/src/utility/nbspace.cpp:149: Point: Calculated dot product with obj differs from solver's. Obj viol from solver: 1067464.55976486. Calculated: 1067464.55976731.
*** WARNING (version #1531bee): /home/sek519/warm_starting/vws/../vpc/src/utility/nbspace.cpp:149: Point: Calculated dot product with obj differs from solver's. Obj viol from solver: 1067465.55976486. Calculated: 1067465.55976731.
*** WARNING (version #1531bee): /home/sek519/warm_starting/vws/../vpc/src/utility/nbspace.cpp:368: Ray 2268: Calculated dot product with obj differs from solver's. Obj viol from solver: 3064239.73115429. Calculated: 3064239.73115440.
*** WARNING (version #1531bee): /home/sek519/warm_starting/vws/../vpc/src/utility/nbspace.cpp:149: Point: Calculated dot product with obj differs from solver's. Obj viol from solver: 1998230.35901642. Calculated: 1998230.35901462.
*** WARNING (version #1531bee): /home/sek519/warm_starting/vws/../vpc/src/utility/nbspace.cpp:368: Ray 2251: Calculated dot product with obj differs from solver's. Obj viol from solver: 1683419.36353785. Calculated: 1683419.36353803.
*** WARNING (version #1531bee): /home/sek519/warm_starting/vws/../vpc/src/utility/nbspace.cpp:368: Ray 2263: Calculated dot product with obj differs from solver's. Obj viol from solver: 2388855.77249801. Calculated: 2388855.77249818.
*** WARNING (version #1531bee): /home/sek519/warm_starting/vws/../vpc/src/utility/nbspace.cpp:368: Ray 2268: Calculated dot product with obj differs from solver's. Obj viol from solver: 3093294.20185073. Calculated: 3093294.20185059.
*** WARNING (version #1531bee): /home/sek519/warm_starting/vws/../vpc/src/utility/nbspace.cpp:368: Ray 2287: Calculated dot product with obj differs from solver's. Obj viol from solver: 981717.99819813. Calculated: 981717.99819824.
*** WARNING (version #1531bee): /home/sek519/warm_starting/vws/../vpc/src/utility/nbspace.cpp:149: Point: Calculated dot product with obj differs from solver's. Obj viol from solver: 1952264.06909943. Calculated: 1952264.06909461.
*** WARNING (version #1531bee): /home/sek519/warm_starting/vws/../vpc/src/utility/nbspace.cpp:368: Ray 2263: Calculated dot product with obj differs from solver's. Obj viol from solver: 2356531.91261261. Calculated: 2356531.91261272.
*** WARNING (version #1531bee): /home/sek519/warm_starting/vws/../vpc/src/utility/nbspace.cpp:368: Ray 3567: Calculated dot product with obj differs from solver's. Obj viol from solver: 68904708.94054058. Calculated: 68904708.94054036.
*** WARNING (version #1531bee): /home/sek519/warm_starting/vws/../vpc/src/utility/nbspace.cpp:149: Point: Calculated dot product with obj differs from solver's. Obj viol from solver: 1768398.90941429. Calculated: 1768398.90941457.
*** WARNING (version #1531bee): /home/sek519/warm_starting/vws/../vpc/src/utility/nbspace.cpp:149: Point: Calculated dot product with obj differs from solver's. Obj viol from solver: 3193118.68588066. Calculated: 3193118.68587404.
*** WARNING (version #1531bee): /home/sek519/warm_starting/vws/../vpc/src/utility/nbspace.cpp:368: Ray 3547: Calculated dot product with obj differs from solver's. Obj viol from solver: 34412307.95270265. Calculated: 34412307.95270280.
*** WARNING (version #1531bee): /home/sek519/warm_starting/vws/../vpc/src/utility/nbspace.cpp:149: Point: Calculated dot product with obj differs from solver's. Obj viol from solver: 3193118.68588066. Calculated: 3193118.68587404.
*** WARNING (version #1531bee): /home/sek519/warm_starting/vws/../vpc/src/utility/nbspace.cpp:368: Ray 3547: Calculated dot product with obj differs from solver's. Obj viol from solver: 34412307.95270265. Calculated: 34412307.95270280.
*** WARNING (version #1531bee): /home/sek519/warm_starting/vws/../vpc/src/utility/nbspace.cpp:149: Point: Calculated dot product with obj differs from solver's. Obj viol from solver: 3193118.68587875. Calculated: 3193118.68587404.
*** WARNING (version #1531bee): /home/sek519/warm_starting/vws/../vpc/src/utility/nbspace.cpp:149: Point: Calculated dot product with obj differs from solver's. Obj viol from solver: 4408337.52837753. Calculated: 4408337.52837293.
*** WARNING (version #1531bee): /home/sek519/warm_starting/vws/../vpc/src/utility/nbspace.cpp:149: Point: Calculated dot product with obj differs from solver's. Obj viol from solver: 4305593.76191521. Calculated: 4305593.76191239.
*** WARNING (version #1531bee): /home/sek519/warm_starting/vws/../vpc/src/utility/nbspace.cpp:149: Point: Calculated dot product with obj differs from solver's. Obj viol from solver: 3894618.69607353. Calculated: 3894618.69607025.
*** WARNING (version #1531bee): /home/sek519/warm_starting/vws/../vpc/src/utility/nbspace.cpp:149: Point: Calculated dot product with obj differs from solver's. Obj viol from solver: 154245.64545250. Calculated: 154245.64544710.
*** WARNING (version #1531bee): /home/sek519/warm_starting/vws/../vpc/src/utility/nbspace.cpp:368: Ray 3567: Calculated dot product with obj differs from solver's. Obj viol from solver: 68953337.60472979. Calculated: 68953337.60472958.
*** WARNING (version #1531bee): /home/sek519/warm_starting/vws/../vpc/src/utility/nbspace.cpp:149: Point: Calculated dot product with obj differs from solver's. Obj viol from solver: 775484.58140469. Calculated: 775484.58140289.
*** WARNING (version #1531bee): /home/sek519/warm_starting/vws/../vpc/src/utility/nbspace.cpp:149: Point: Calculated dot product with obj differs from solver's. Obj viol from solver: 4302237.26010418. Calculated: 4302237.26010578.
*** WARNING (version #1531bee): /home/sek519/warm_starting/vws/../vpc/src/utility/nbspace.cpp:368: Ray 2544: Calculated dot product with obj differs from solver's. Obj viol from solver: 1673648.07414350. Calculated: 1673648.07414366.
*** WARNING (version #1531bee): /home/sek519/warm_starting/vws/../vpc/src/utility/nbspace.cpp:368: Ray 2556: Calculated dot product with obj differs from solver's. Obj viol from solver: 2384989.46895696. Calculated: 2384989.46895709.
*** WARNING (version #1531bee): /home/sek519/warm_starting/vws/../vpc/src/utility/nbspace.cpp:368: Ray 2568: Calculated dot product with obj differs from solver's. Obj viol from solver: 3079096.97455584. Calculated: 3079096.97455595.
*** WARNING (version #1531bee): /home/sek519/warm_starting/vws/../vpc/src/utility/nbspace.cpp:368: Ray 2766: Calculated dot product with obj differs from solver's. Obj viol from solver: 60833066.63588969. Calculated: 60833066.63588981.
*** WARNING (version #1531bee): /home/sek519/warm_starting/vws/../vpc/src/utility/nbspace.cpp:368: Ray 3541: Calculated dot product with obj differs from solver's. Obj viol from solver: 34479050.98198181. Calculated: 34479050.98198235.
*** WARNING (version #1531bee): /home/sek519/warm_starting/vws/../vpc/src/utility/nbspace.cpp:368: Ray 4079: Calculated dot product with obj differs from solver's. Obj viol from solver: 21794.92792789. Calculated: 21794.92792799.
*** WARNING (version #1531bee): /home/sek519/warm_starting/vws/../vpc/src/utility/nbspace.cpp:149: Point: Calculated dot product with obj differs from solver's. Obj viol from solver: 4302237.26010418. Calculated: 4302237.26010578.
*** WARNING (version #1531bee): /home/sek519/warm_starting/vws/../vpc/src/utility/nbspace.cpp:368: Ray 2544: Calculated dot product with obj differs from solver's. Obj viol from solver: 1673648.07414350. Calculated: 1673648.07414366.
*** WARNING (version #1531bee): /home/sek519/warm_starting/vws/../vpc/src/utility/nbspace.cpp:368: Ray 2556: Calculated dot product with obj differs from solver's. Obj viol from solver: 2384989.46895696. Calculated: 2384989.46895709.
*** WARNING (version #1531bee): /home/sek519/warm_starting/vws/../vpc/src/utility/nbspace.cpp:368: Ray 2568: Calculated dot product with obj differs from solver's. Obj viol from solver: 3079096.97455584. Calculated: 3079096.97455595.
*** WARNING (version #1531bee): /home/sek519/warm_starting/vws/../vpc/src/utility/nbspace.cpp:368: Ray 2766: Calculated dot product with obj differs from solver's. Obj viol from solver: 60833066.63588969. Calculated: 60833066.63588981.
*** WARNING (version #1531bee): /home/sek519/warm_starting/vws/../vpc/src/utility/nbspace.cpp:368: Ray 3541: Calculated dot product with obj differs from solver's. Obj viol from solver: 34479050.98198181. Calculated: 34479050.98198235.
*** WARNING (version #1531bee): /home/sek519/warm_starting/vws/../vpc/src/utility/nbspace.cpp:368: Ray 4079: Calculated dot product with obj differs from solver's. Obj viol from solver: 21794.92792789. Calculated: 21794.92792799.
*** WARNING (version #1531bee): /home/sek519/warm_starting/vws/../vpc/src/utility/nbspace.cpp:149: Point: Calculated dot product with obj differs from solver's. Obj viol from solver: 4302237.26010323. Calculated: 4302237.26010578.
*** WARNING (version #1531bee): /home/sek519/warm_starting/vws/../vpc/src/utility/nbspace.cpp:368: Ray 3547: Calculated dot product with obj differs from solver's. Obj viol from solver: 34440915.10810870. Calculated: 34440915.10810844.
*** WARNING (version #1531bee): /home/sek519/warm_starting/vws/../vpc/src/utility/nbspace.cpp:368: Ray 3567: Calculated dot product with obj differs from solver's. Obj viol from solver: 68919966.09009039. Calculated: 68919966.09009019.
*** WARNING (version #1531bee): /home/sek519/warm_starting/vws/../vpc/src/utility/nbspace.cpp:149: Point: Calculated dot product with obj differs from solver's. Obj viol from solver: 4218380.88130569. Calculated: 4218380.88130821.
*** WARNING (version #1531bee): /home/sek519/warm_starting/vws/../vpc/src/utility/nbspace.cpp:149: Point: Calculated dot product with obj differs from solver's. Obj viol from solver: 4218380.88130569. Calculated: 4218380.88130821.
*** WARNING (version #1531bee): /home/sek519/warm_starting/vws/../vpc/src/utility/nbspace.cpp:149: Point: Calculated dot product with obj differs from solver's. Obj viol from solver: 4218381.88130951. Calculated: 4218381.88130821.
*** WARNING (version #1531bee): /home/sek519/warm_starting/vws/../vpc/src/utility/nbspace.cpp:149: Point: Calculated dot product with obj differs from solver's. Obj viol from solver: 3882955.36611652. Calculated: 3882955.36611790.
*** WARNING (version #1531bee): /home/sek519/warm_starting/vws/../vpc/src/utility/nbspace.cpp:149: Point: Calculated dot product with obj differs from solver's. Obj viol from solver: 3882955.36611557. Calculated: 3882955.36611790.
*** WARNING (version #1531bee): /home/sek519/warm_starting/vws/../vpc/src/utility/nbspace.cpp:368: Ray 2421: Calculated dot product with obj differs from solver's. Obj viol from solver: 988436.36936943. Calculated: 988436.36936931.
*** WARNING (version #1531bee): /home/sek519/warm_starting/vws/../vpc/src/utility/nbspace.cpp:368: Ray 2540: Calculated dot product with obj differs from solver's. Obj viol from solver: 989766.70270279. Calculated: 989766.70270264.
*** WARNING (version #1531bee): /home/sek519/warm_starting/vws/../vpc/src/utility/nbspace.cpp:368: Ray 2544: Calculated dot product with obj differs from solver's. Obj viol from solver: 1673648.07414352. Calculated: 1673648.07414366.
*** WARNING (version #1531bee): /home/sek519/warm_starting/vws/../vpc/src/utility/nbspace.cpp:368: Ray 3547: Calculated dot product with obj differs from solver's. Obj viol from solver: 34440915.10810793. Calculated: 34440915.10810865.
*** WARNING (version #1531bee): /home/sek519/warm_starting/vws/../vpc/src/utility/nbspace.cpp:368: Ray 4203: Calculated dot product with obj differs from solver's. Obj viol from solver: 10896.96396391. Calculated: 10896.96396402.
*** WARNING (version #1531bee): /home/sek519/warm_starting/vws/../vpc/src/utility/nbspace.cpp:149: Point: Calculated dot product with obj differs from solver's. Obj viol from solver: 3882955.36611557. Calculated: 3882955.36611790.
*** WARNING (version #1531bee): /home/sek519/warm_starting/vws/../vpc/src/utility/nbspace.cpp:368: Ray 2421: Calculated dot product with obj differs from solver's. Obj viol from solver: 988436.36936943. Calculated: 988436.36936931.
*** WARNING (version #1531bee): /home/sek519/warm_starting/vws/../vpc/src/utility/nbspace.cpp:368: Ray 2540: Calculated dot product with obj differs from solver's. Obj viol from solver: 989766.70270279. Calculated: 989766.70270264.
*** WARNING (version #1531bee): /home/sek519/warm_starting/vws/../vpc/src/utility/nbspace.cpp:368: Ray 2544: Calculated dot product with obj differs from solver's. Obj viol from solver: 1673648.07414352. Calculated: 1673648.07414366.
*** WARNING (version #1531bee): /home/sek519/warm_starting/vws/../vpc/src/utility/nbspace.cpp:368: Ray 3547: Calculated dot product with obj differs from solver's. Obj viol from solver: 34440915.10810793. Calculated: 34440915.10810865.
*** WARNING (version #1531bee): /home/sek519/warm_starting/vws/../vpc/src/utility/nbspace.cpp:368: Ray 4203: Calculated dot product with obj differs from solver's. Obj viol from solver: 10896.96396391. Calculated: 10896.96396402.
*** WARNING (version #1531bee): /home/sek519/warm_starting/vws/../vpc/src/utility/nbspace.cpp:149: Point: Calculated dot product with obj differs from solver's. Obj viol from solver: 4220792.49133682. Calculated: 4220792.49133917.
*** WARNING (version #1531bee): /home/sek519/warm_starting/vws/../vpc/src/utility/nbspace.cpp:149: Point: Calculated dot product with obj differs from solver's. Obj viol from solver: 4220792.49133682. Calculated: 4220792.49133918.
*** WARNING (version #1531bee): /home/sek519/warm_starting/vws/../vpc/src/utility/nbspace.cpp:368: Ray 4084: Calculated dot product with obj differs from solver's. Obj viol from solver: 5449.98198195. Calculated: 5449.98198206.
*** WARNING (version #1531bee): /home/sek519/warm_starting/vws/../vpc/src/utility/nbspace.cpp:149: Point: Calculated dot product with obj differs from solver's. Obj viol from solver: 4220792.49133682. Calculated: 4220792.49133917.
*** WARNING (version #1531bee): /home/sek519/warm_starting/vws/../vpc/src/utility/nbspace.cpp:368: Ray 3555: Calculated dot product with obj differs from solver's. Obj viol from solver: 68843667.34234238. Calculated: 68843667.34234218.
*** WARNING (version #1531bee): /home/sek519/warm_starting/vws/../vpc/src/utility/nbspace.cpp:149: Point: Calculated dot product with obj differs from solver's. Obj viol from solver: 4734578.88983345. Calculated: 4734578.88983156.
*** WARNING (version #1531bee): /home/sek519/warm_starting/vws/../vpc/src/utility/nbspace.cpp:368: Ray 2544: Calculated dot product with obj differs from solver's. Obj viol from solver: 1673648.07414356. Calculated: 1673648.07414366.
*** WARNING (version #1531bee): /home/sek519/warm_starting/vws/../vpc/src/utility/nbspace.cpp:149: Point: Calculated dot product with obj differs from solver's. Obj viol from solver: 4734578.88983345. Calculated: 4734578.88983156.
*** WARNING (version #1531bee): /home/sek519/warm_starting/vws/../vpc/src/utility/nbspace.cpp:368: Ray 2544: Calculated dot product with obj differs from solver's. Obj viol from solver: 1673648.07414356. Calculated: 1673648.07414366.
*** WARNING (version #1531bee): /home/sek519/warm_starting/vws/../vpc/src/utility/nbspace.cpp:149: Point: Calculated dot product with obj differs from solver's. Obj viol from solver: 4631821.61012840. Calculated: 4631821.61013308.
*** WARNING (version #1531bee): /home/sek519/warm_starting/vws/../vpc/src/utility/nbspace.cpp:149: Point: Calculated dot product with obj differs from solver's. Obj viol from solver: 4631821.61012840. Calculated: 4631821.61013308.
*** WARNING (version #1531bee): /home/sek519/warm_starting/vws/../vpc/src/utility/nbspace.cpp:149: Point: Calculated dot product with obj differs from solver's. Obj viol from solver: 4220792.49133682. Calculated: 4220792.49133918.
*** WARNING (version #1531bee): /home/sek519/warm_starting/vws/../vpc/src/utility/nbspace.cpp:368: Ray 4084: Calculated dot product with obj differs from solver's. Obj viol from solver: 5449.98198195. Calculated: 5449.98198206.
*** WARNING (version #1531bee): /home/sek519/warm_starting/vws/../vpc/src/utility/nbspace.cpp:149: Point: Calculated dot product with obj differs from solver's. Obj viol from solver: 4220792.49133682. Calculated: 4220792.49133918.
*** WARNING (version #1531bee): /home/sek519/warm_starting/vws/../vpc/src/utility/nbspace.cpp:368: Ray 4084: Calculated dot product with obj differs from solver's. Obj viol from solver: 5449.98198195. Calculated: 5449.98198206.
*** WARNING (version #1531bee): /home/sek519/warm_starting/vws/../vpc/src/utility/nbspace.cpp:149: Point: Calculated dot product with obj differs from solver's. Obj viol from solver: 439627.88388252. Calculated: 439627.88387935.
*** WARNING (version #1531bee): /home/sek519/warm_starting/vws/../vpc/src/utility/nbspace.cpp:149: Point: Calculated dot product with obj differs from solver's. Obj viol from solver: 603649.10804749. Calculated: 603649.10804781.
*** WARNING (version #1531bee): /home/sek519/warm_starting/vws/../vpc/src/utility/nbspace.cpp:149: Point: Calculated dot product with obj differs from solver's. Obj viol from solver: 681437.66345501. Calculated: 681437.66345597.
*** WARNING (version #1531bee): /home/sek519/warm_starting/vws/../vpc/src/utility/nbspace.cpp:368: Ray 2185: Calculated dot product with obj differs from solver's. Obj viol from solver: 1382485.59720015. Calculated: 1382485.59719942.
*** WARNING (version #1531bee): /home/sek519/warm_starting/vws/../vpc/src/utility/nbspace.cpp:368: Ray 2188: Calculated dot product with obj differs from solver's. Obj viol from solver: 1369807.57558085. Calculated: 1369807.57558012.
*** WARNING (version #1531bee): /home/sek519/warm_starting/vws/../vpc/src/utility/nbspace.cpp:368: Ray 2197: Calculated dot product with obj differs from solver's. Obj viol from solver: 2540477.67883519. Calculated: 2540477.67883495.
*** WARNING (version #1531bee): /home/sek519/warm_starting/vws/../vpc/src/utility/nbspace.cpp:368: Ray 2200: Calculated dot product with obj differs from solver's. Obj viol from solver: 2475806.50091248. Calculated: 2475806.50091223.
*** WARNING (version #1531bee): /home/sek519/warm_starting/vws/../vpc/src/utility/nbspace.cpp:368: Ray 2203: Calculated dot product with obj differs from solver's. Obj viol from solver: 2217120.28922162. Calculated: 2217120.28922137.
*** WARNING (version #1531bee): /home/sek519/warm_starting/vws/../vpc/src/utility/nbspace.cpp:368: Ray 2724: Calculated dot product with obj differs from solver's. Obj viol from solver: 55646058.23320857. Calculated: 55646058.23320842.
*** WARNING (version #1531bee): /home/sek519/warm_starting/vws/../vpc/src/utility/nbspace.cpp:368: Ray 3744: Calculated dot product with obj differs from solver's. Obj viol from solver: 523050.77026996. Calculated: 523050.77027066.
*** WARNING (version #1531bee): /home/sek519/warm_starting/vws/../vpc/src/utility/nbspace.cpp:368: Ray 3745: Calculated dot product with obj differs from solver's. Obj viol from solver: 175712.79391882. Calculated: 175712.79391905.
*** WARNING (version #1531bee): /home/sek519/warm_starting/vws/../vpc/src/utility/nbspace.cpp:368: Ray 3909: Calculated dot product with obj differs from solver's. Obj viol from solver: 490358.87837807. Calculated: 490358.87837877.
*** WARNING (version #1531bee): /home/sek519/warm_starting/vws/../vpc/src/utility/nbspace.cpp:368: Ray 3910: Calculated dot product with obj differs from solver's. Obj viol from solver: 175712.79391882. Calculated: 175712.79391905.
*** WARNING (version #1531bee): /home/sek519/warm_starting/vws/../vpc/src/utility/nbspace.cpp:368: Ray 4075: Calculated dot product with obj differs from solver's. Obj viol from solver: 175713.29391881. Calculated: 175713.29391905.
*** WARNING (version #1531bee): /home/sek519/warm_starting/vws/../vpc/src/utility/nbspace.cpp:149: Point: Calculated dot product with obj differs from solver's. Obj viol from solver: 436299.51367760. Calculated: 436299.51367498.
*** WARNING (version #1531bee): /home/sek519/warm_starting/vws/../vpc/src/utility/nbspace.cpp:368: Ray 3542: Calculated dot product with obj differs from solver's. Obj viol from solver: 51506052.67567571. Calculated: 51506052.67567518.
*** WARNING (version #1531bee): /home/sek519/warm_starting/vws/../vpc/src/utility/nbspace.cpp:368: Ray 3567: Calculated dot product with obj differs from solver's. Obj viol from solver: 68816434.43243243. Calculated: 68816434.43243265.
*** WARNING (version #1531bee): /home/sek519/warm_starting/vws/../vpc/src/utility/nbspace.cpp:149: Point: Calculated dot product with obj differs from solver's. Obj viol from solver: 1095682.46823502. Calculated: 1095682.46823331.
*** WARNING (version #1531bee): /home/sek519/warm_starting/vws/../vpc/src/utility/nbspace.cpp:149: Point: Calculated dot product with obj differs from solver's. Obj viol from solver: 745125.71061230. Calculated: 745125.71060775.
*** WARNING (version #1531bee): /home/sek519/warm_starting/vws/../vpc/src/utility/nbspace.cpp:149: Point: Calculated dot product with obj differs from solver's. Obj viol from solver: 1172131.67918777. Calculated: 1172131.67919064.
*** WARNING (version #1531bee): /home/sek519/warm_starting/vws/../vpc/src/utility/nbspace.cpp:368: Ray 3510: Calculated dot product with obj differs from solver's. Obj viol from solver: 8707209.26289945. Calculated: 8707209.26290069.
*** WARNING (version #1531bee): /home/sek519/warm_starting/vws/../vpc/src/utility/nbspace.cpp:149: Point: Calculated dot product with obj differs from solver's. Obj viol from solver: 3055939.91214943. Calculated: 3055939.91215082.
*** WARNING (version #1531bee): /home/sek519/warm_starting/vws/../vpc/src/utility/nbspace.cpp:368: Ray 4084: Calculated dot product with obj differs from solver's. Obj viol from solver: 8171.72297288. Calculated: 8171.72297299.
*** WARNING (version #1531bee): /home/sek519/warm_starting/vws/../vpc/src/utility/nbspace.cpp:149: Point: Calculated dot product with obj differs from solver's. Obj viol from solver: 3055939.91215038. Calculated: 3055939.91215082.
*** WARNING (version #1531bee): /home/sek519/warm_starting/vws/../vpc/src/utility/nbspace.cpp:368: Ray 3567: Calculated dot product with obj differs from solver's. Obj viol from solver: 68824607.15540543. Calculated: 68824607.15540564.
*** WARNING (version #1531bee): /home/sek519/warm_starting/vws/../vpc/src/utility/nbspace.cpp:149: Point: Calculated dot product with obj differs from solver's. Obj viol from solver: 3055939.91214943. Calculated: 3055939.91215082.
*** WARNING (version #1531bee): /home/sek519/warm_starting/vws/../vpc/src/utility/nbspace.cpp:149: Point: Calculated dot product with obj differs from solver's. Obj viol from solver: 4176374.95790005. Calculated: 4176374.95789950.
*** WARNING (version #1531bee): /home/sek519/warm_starting/vws/../vpc/src/utility/nbspace.cpp:368: Ray 3541: Calculated dot product with obj differs from solver's. Obj viol from solver: 34383704.29729727. Calculated: 34383704.29729741.
*** WARNING (version #1531bee): /home/sek519/warm_starting/vws/../vpc/src/utility/nbspace.cpp:149: Point: Calculated dot product with obj differs from solver's. Obj viol from solver: 4092554.61412239. Calculated: 4092554.61412344.
*** WARNING (version #1531bee): /home/sek519/warm_starting/vws/../vpc/src/utility/nbspace.cpp:149: Point: Calculated dot product with obj differs from solver's. Obj viol from solver: 3757273.23902130. Calculated: 3757273.23901921.
*** WARNING (version #1531bee): /home/sek519/warm_starting/vws/../vpc/src/utility/nbspace.cpp:149: Point: Calculated dot product with obj differs from solver's. Obj viol from solver: 1655912.11907578. Calculated: 1655912.11907310.
*** WARNING (version #1531bee): /home/sek519/warm_starting/vws/../vpc/src/utility/nbspace.cpp:368: Ray 3555: Calculated dot product with obj differs from solver's. Obj viol from solver: 68881810.21621627. Calculated: 68881810.21621610.
*** WARNING (version #1531bee): /home/sek519/warm_starting/vws/../vpc/src/utility/nbspace.cpp:149: Point: Calculated dot product with obj differs from solver's. Obj viol from solver: 1655911.11907578. Calculated: 1655911.11907310.
*** WARNING (version #1531bee): /home/sek519/warm_starting/vws/../vpc/src/utility/nbspace.cpp:368: Ray 3541: Calculated dot product with obj differs from solver's. Obj viol from solver: 34383706.04729728. Calculated: 34383706.04729740.
*** WARNING (version #1531bee): /home/sek519/warm_starting/vws/../vpc/src/utility/nbspace.cpp:149: Point: Calculated dot product with obj differs from solver's. Obj viol from solver: 1655912.11907578. Calculated: 1655912.11907310.
*** WARNING (version #1531bee): /home/sek519/warm_starting/vws/../vpc/src/utility/nbspace.cpp:368: Ray 3541: Calculated dot product with obj differs from solver's. Obj viol from solver: 34383706.04729728. Calculated: 34383706.04729740.
*** WARNING (version #1531bee): /home/sek519/warm_starting/vws/../vpc/src/utility/nbspace.cpp:149: Point: Calculated dot product with obj differs from solver's. Obj viol from solver: 2585987.58565140. Calculated: 2585987.58565123.
*** WARNING (version #1531bee): /home/sek519/warm_starting/vws/../vpc/src/utility/nbspace.cpp:149: Point: Calculated dot product with obj differs from solver's. Obj viol from solver: 2540033.60803795. Calculated: 2540033.60803501.
*** WARNING (version #1531bee): /home/sek519/warm_starting/vws/../vpc/src/utility/nbspace.cpp:368: Ray 3567: Calculated dot product with obj differs from solver's. Obj viol from solver: 68824607.15540548. Calculated: 68824607.15540564.
*** WARNING (version #1531bee): /home/sek519/warm_starting/vws/../vpc/src/utility/nbspace.cpp:149: Point: Calculated dot product with obj differs from solver's. Obj viol from solver: 2356217.69757462. Calculated: 2356217.69757013.
*** WARNING (version #1531bee): /home/sek519/warm_starting/vws/../vpc/src/utility/nbspace.cpp:368: Ray 3567: Calculated dot product with obj differs from solver's. Obj viol from solver: 68824607.15540545. Calculated: 68824607.15540564.
*** WARNING (version #1531bee): /home/sek519/warm_starting/vws/../vpc/src/utility/nbspace.cpp:149: Point: Calculated dot product with obj differs from solver's. Obj viol from solver: 1792591.13797379. Calculated: 1792591.13797091.
*** WARNING (version #1531bee): /home/sek519/warm_starting/vws/../vpc/src/utility/nbspace.cpp:149: Point: Calculated dot product with obj differs from solver's. Obj viol from solver: 1792591.13797379. Calculated: 1792591.13797091.
*** WARNING (version #1531bee): /home/sek519/warm_starting/vws/../vpc/src/utility/nbspace.cpp:149: Point: Calculated dot product with obj differs from solver's. Obj viol from solver: 1792591.13796997. Calculated: 1792591.13797091.
*** WARNING (version #1531bee): /home/sek519/warm_starting/vws/../vpc/src/utility/nbspace.cpp:368: Ray 3567: Calculated dot product with obj differs from solver's. Obj viol from solver: 68824607.15540554. Calculated: 68824607.15540564.
*** WARNING (version #1531bee): /home/sek519/warm_starting/vws/../vpc/src/utility/nbspace.cpp:149: Point: Calculated dot product with obj differs from solver's. Obj viol from solver: 1765528.55196381. Calculated: 1765528.55196612.
*** WARNING (version #1531bee): /home/sek519/warm_starting/vws/../vpc/src/utility/nbspace.cpp:368: Ray 3523: Calculated dot product with obj differs from solver's. Obj viol from solver: 34383688.54729737. Calculated: 34383688.54729693.
*** WARNING (version #1531bee): /home/sek519/warm_starting/vws/../vpc/src/utility/nbspace.cpp:368: Ray 3541: Calculated dot product with obj differs from solver's. Obj viol from solver: 34440894.10810839. Calculated: 34440894.10810806.
*** WARNING (version #1531bee): /home/sek519/warm_starting/vws/../vpc/src/utility/nbspace.cpp:368: Ray 3567: Calculated dot product with obj differs from solver's. Obj viol from solver: 68824607.15540546. Calculated: 68824607.15540564.
*** WARNING (version #1531bee): /home/sek519/warm_starting/vws/../vpc/src/utility/nbspace.cpp:149: Point: Calculated dot product with obj differs from solver's. Obj viol from solver: 1765527.55196762. Calculated: 1765527.55196612.
*** WARNING (version #1531bee): /home/sek519/warm_starting/vws/../vpc/src/utility/nbspace.cpp:368: Ray 3523: Calculated dot product with obj differs from solver's. Obj viol from solver: 34383688.54729730. Calculated: 34383688.54729693.
*** WARNING (version #1531bee): /home/sek519/warm_starting/vws/../vpc/src/utility/nbspace.cpp:368: Ray 3567: Calculated dot product with obj differs from solver's. Obj viol from solver: 68824607.15540551. Calculated: 68824607.15540564.
*** WARNING (version #1531bee): /home/sek519/warm_starting/vws/../vpc/src/utility/nbspace.cpp:149: Point: Calculated dot product with obj differs from solver's. Obj viol from solver: 1765527.55196571. Calculated: 1765527.55196612.
*** WARNING (version #1531bee): /home/sek519/warm_starting/vws/../vpc/src/utility/nbspace.cpp:368: Ray 3523: Calculated dot product with obj differs from solver's. Obj viol from solver: 34383688.54729730. Calculated: 34383688.54729693.
*** WARNING (version #1531bee): /home/sek519/warm_starting/vws/../vpc/src/utility/nbspace.cpp:368: Ray 3567: Calculated dot product with obj differs from solver's. Obj viol from solver: 68824607.15540551. Calculated: 68824607.15540564.
*** WARNING (version #1531bee): /home/sek519/warm_starting/vws/../vpc/src/utility/nbspace.cpp:149: Point: Calculated dot product with obj differs from solver's. Obj viol from solver: 1657273.20794868. Calculated: 1657273.20794698.
*** WARNING (version #1531bee): /home/sek519/warm_starting/vws/../vpc/src/utility/nbspace.cpp:149: Point: Calculated dot product with obj differs from solver's. Obj viol from solver: 1657273.20794868. Calculated: 1657273.20794698.
*** WARNING (version #1531bee): /home/sek519/warm_starting/vws/../vpc/src/utility/nbspace.cpp:149: Point: Calculated dot product with obj differs from solver's. Obj viol from solver: 1657273.20794868. Calculated: 1657273.20794699.
*** WARNING (version #1531bee): /home/sek519/warm_starting/vws/../vpc/src/utility/nbspace.cpp:368: Ray 3555: Calculated dot product with obj differs from solver's. Obj viol from solver: 68824601.15540548. Calculated: 68824601.15540536.
*** WARNING (version #1531bee): /home/sek519/warm_starting/vws/../vpc/src/utility/nbspace.cpp:368: Ray 3567: Calculated dot product with obj differs from solver's. Obj viol from solver: 68824607.15540549. Calculated: 68824607.15540564.
*** WARNING (version #1531bee): /home/sek519/warm_starting/vws/../vpc/src/utility/nbspace.cpp:149: Point: Calculated dot product with obj differs from solver's. Obj viol from solver: 2357273.20794773. Calculated: 2357273.20794699.
*** WARNING (version #1531bee): /home/sek519/warm_starting/vws/../vpc/src/utility/nbspace.cpp:149: Point: Calculated dot product with obj differs from solver's. Obj viol from solver: 2357272.20794773. Calculated: 2357272.20794699.
*** WARNING (version #1531bee): /home/sek519/warm_starting/vws/../vpc/src/utility/nbspace.cpp:368: Ray 3541: Calculated dot product with obj differs from solver's. Obj viol from solver: 34440894.10810820. Calculated: 34440894.10810807.
*** WARNING (version #1531bee): /home/sek519/warm_starting/vws/../vpc/src/utility/nbspace.cpp:149: Point: Calculated dot product with obj differs from solver's. Obj viol from solver: 2357273.20794868. Calculated: 2357273.20794698.
*** WARNING (version #1531bee): /home/sek519/warm_starting/vws/../vpc/src/utility/nbspace.cpp:149: Point: Calculated dot product with obj differs from solver's. Obj viol from solver: 2587185.73256493. Calculated: 2587185.73256550.
*** WARNING (version #1531bee): /home/sek519/warm_starting/vws/../vpc/src/utility/nbspace.cpp:368: Ray 3523: Calculated dot product with obj differs from solver's. Obj viol from solver: 34383688.54729733. Calculated: 34383688.54729693.
*** WARNING (version #1531bee): /home/sek519/warm_starting/vws/../vpc/src/utility/nbspace.cpp:368: Ray 3541: Calculated dot product with obj differs from solver's. Obj viol from solver: 34440894.10810821. Calculated: 34440894.10810806.
*** WARNING (version #1531bee): /home/sek519/warm_starting/vws/../vpc/src/utility/nbspace.cpp:149: Point: Calculated dot product with obj differs from solver's. Obj viol from solver: 2587184.73256683. Calculated: 2587184.73256550.
*** WARNING (version #1531bee): /home/sek519/warm_starting/vws/../vpc/src/utility/nbspace.cpp:368: Ray 3523: Calculated dot product with obj differs from solver's. Obj viol from solver: 34383688.54729733. Calculated: 34383688.54729693.
*** WARNING (version #1531bee): /home/sek519/warm_starting/vws/../vpc/src/utility/nbspace.cpp:368: Ray 3541: Calculated dot product with obj differs from solver's. Obj viol from solver: 34440894.10810824. Calculated: 34440894.10810806.
*** WARNING (version #1531bee): /home/sek519/warm_starting/vws/../vpc/src/utility/nbspace.cpp:149: Point: Calculated dot product with obj differs from solver's. Obj viol from solver: 2541203.22764111. Calculated: 2541203.22764180.
*** WARNING (version #1531bee): /home/sek519/warm_starting/vws/../vpc/src/utility/nbspace.cpp:368: Ray 3523: Calculated dot product with obj differs from solver's. Obj viol from solver: 34383688.54729722. Calculated: 34383688.54729693.
*** WARNING (version #1531bee): /home/sek519/warm_starting/vws/../vpc/src/utility/nbspace.cpp:368: Ray 3541: Calculated dot product with obj differs from solver's. Obj viol from solver: 34440894.10810780. Calculated: 34440894.10810806.
*** WARNING (version #1531bee): /home/sek519/warm_starting/vws/../vpc/src/utility/nbspace.cpp:149: Point: Calculated dot product with obj differs from solver's. Obj viol from solver: 2541204.22764397. Calculated: 2541204.22764180.
*** WARNING (version #1531bee): /home/sek519/warm_starting/vws/../vpc/src/utility/nbspace.cpp:368: Ray 2731: Calculated dot product with obj differs from solver's. Obj viol from solver: 40209660.19835655. Calculated: 40209660.19835667.
*** WARNING (version #1531bee): /home/sek519/warm_starting/vws/../vpc/src/utility/nbspace.cpp:368: Ray 3523: Calculated dot product with obj differs from solver's. Obj viol from solver: 34383688.54729725. Calculated: 34383688.54729693.
*** WARNING (version #1531bee): /home/sek519/warm_starting/vws/../vpc/src/utility/nbspace.cpp:368: Ray 3541: Calculated dot product with obj differs from solver's. Obj viol from solver: 34440894.10810781. Calculated: 34440894.10810806.
*** WARNING (version #1531bee): /home/sek519/warm_starting/vws/../vpc/src/utility/nbspace.cpp:149: Point: Calculated dot product with obj differs from solver's. Obj viol from solver: 2357273.20794773. Calculated: 2357273.20794699.
*** WARNING (version #1531bee): /home/sek519/warm_starting/vws/../vpc/src/utility/nbspace.cpp:149: Point: Calculated dot product with obj differs from solver's. Obj viol from solver: 2357272.20794868. Calculated: 2357272.20794699.
*** WARNING (version #1531bee): /home/sek519/warm_starting/vws/../vpc/src/utility/nbspace.cpp:149: Point: Calculated dot product with obj differs from solver's. Obj viol from solver: 681490.23938465. Calculated: 681490.23938224.
*** WARNING (version #1531bee): /home/sek519/warm_starting/vws/../vpc/src/utility/nbspace.cpp:368: Ray 2424: Calculated dot product with obj differs from solver's. Obj viol from solver: 1701164.66666675. Calculated: 1701164.66666664.
*** WARNING (version #1531bee): /home/sek519/warm_starting/vws/../vpc/src/utility/nbspace.cpp:149: Point: Calculated dot product with obj differs from solver's. Obj viol from solver: 1336200.63793278. Calculated: 1336200.63792885.
terminate called after throwing an instance of 'std::bad_alloc'
  what():  std::bad_alloc
/var/spool/torque/mom_priv/jobs/1545489.polyp1.ie.lehigh.edu.SC: line 4: 12332 Aborted                 (core dumped) ../Release/vws ${INPUT_FOLDER} ${OUTPUT_FILE} ${MAX_TIME} ${GENERATOR} ${TERMS} ${MIP_SOLVER} ${PROVIDE_PRIMAL_BOUND}
