messed up a farkas cofficient
setting all farkas coefficients to 0
messed up a farkas cofficient
setting all farkas coefficients to 0
messed up a farkas cofficient
setting all farkas coefficients to 0
*** WARNING (version #1531bee): /home/sek519/warm_starting/vws/../vpc/src/utility/nbspace.cpp:368: Ray 552: Calculated dot product with obj differs from solver's. Obj viol from solver: 9.55580386. Calculated: 9.55580372.
*** WARNING (version #1531bee): /home/sek519/warm_starting/vws/../vpc/src/utility/nbspace.cpp:368: Ray 5: Calculated dot product with obj differs from solver's. Obj viol from solver: 0.99987751. Calculated: 0.99987785.
*** WARNING (version #1531bee): /home/sek519/warm_starting/vws/../vpc/src/utility/nbspace.cpp:368: Ray 253: Calculated dot product with obj differs from solver's. Obj viol from solver: 5.00048996. Calculated: 5.00048985.
*** WARNING (version #1531bee): /home/sek519/warm_starting/vws/../vpc/src/utility/nbspace.cpp:368: Ray 266: Calculated dot product with obj differs from solver's. Obj viol from solver: 5.00048996. Calculated: 5.00048985.
*** WARNING (version #1531bee): /home/sek519/warm_starting/vws/../vpc/src/utility/nbspace.cpp:368: Ray 280: Calculated dot product with obj differs from solver's. Obj viol from solver: 5.00048996. Calculated: 5.00048985.
*** WARNING (version #1531bee): /home/sek519/warm_starting/vws/../vpc/src/utility/nbspace.cpp:368: Ray 284: Calculated dot product with obj differs from solver's. Obj viol from solver: 5.00048996. Calculated: 5.00048985.
*** WARNING (version #1531bee): /home/sek519/warm_starting/vws/../vpc/src/utility/nbspace.cpp:368: Ray 286: Calculated dot product with obj differs from solver's. Obj viol from solver: 5.63206891. Calculated: 5.63206879.
*** WARNING (version #1531bee): /home/sek519/warm_starting/vws/../vpc/src/utility/nbspace.cpp:368: Ray 292: Calculated dot product with obj differs from solver's. Obj viol from solver: 23.50048996. Calculated: 23.50048985.
*** WARNING (version #1531bee): /home/sek519/warm_starting/vws/../vpc/src/utility/nbspace.cpp:368: Ray 310: Calculated dot product with obj differs from solver's. Obj viol from solver: 5.00048996. Calculated: 5.00048985.
*** WARNING (version #1531bee): /home/sek519/warm_starting/vws/../vpc/src/utility/nbspace.cpp:368: Ray 2008: Calculated dot product with obj differs from solver's. Obj viol from solver: 6.00012249. Calculated: 6.00012218.
*** WARNING (version #1531bee): /home/sek519/warm_starting/vws/../vpc/src/utility/nbspace.cpp:368: Ray 2009: Calculated dot product with obj differs from solver's. Obj viol from solver: 4.00012249. Calculated: 4.00012218.
*** WARNING (version #1531bee): /home/sek519/warm_starting/vws/../vpc/src/utility/nbspace.cpp:368: Ray 2010: Calculated dot product with obj differs from solver's. Obj viol from solver: 3.00012249. Calculated: 3.00012218.
*** WARNING (version #1531bee): /home/sek519/warm_starting/vws/../vpc/src/utility/nbspace.cpp:368: Ray 2011: Calculated dot product with obj differs from solver's. Obj viol from solver: 2.00012249. Calculated: 2.00012218.
*** WARNING (version #1531bee): /home/sek519/warm_starting/vws/../vpc/src/utility/nbspace.cpp:368: Ray 2012: Calculated dot product with obj differs from solver's. Obj viol from solver: 1.00012249. Calculated: 1.00012216.
*** WARNING (version #1531bee): /home/sek519/warm_starting/vws/../vpc/src/utility/nbspace.cpp:368: Ray 2013: Calculated dot product with obj differs from solver's. Obj viol from solver: 0.00012249. Calculated: 0.00012215.
*** WARNING (version #1531bee): /home/sek519/warm_starting/vws/../vpc/src/utility/nbspace.cpp:368: Ray 290: Calculated dot product with obj differs from solver's. Obj viol from solver: 25.00059948. Calculated: 25.00059931.
*** WARNING (version #1531bee): /home/sek519/warm_starting/vws/../vpc/src/utility/nbspace.cpp:368: Ray 159: Calculated dot product with obj differs from solver's. Obj viol from solver: 0.99965457. Calculated: 0.99965446.
*** WARNING (version #1531bee): /home/sek519/warm_starting/vws/../vpc/src/utility/nbspace.cpp:368: Ray 1284: Calculated dot product with obj differs from solver's. Obj viol from solver: 0.00034543. Calculated: 0.00034554.
*** WARNING (version #1531bee): /home/sek519/warm_starting/vws/../vpc/src/utility/nbspace.cpp:368: Ray 1312: Calculated dot product with obj differs from solver's. Obj viol from solver: 2.49965457. Calculated: 2.49965446.
*** WARNING (version #1531bee): /home/sek519/warm_starting/vws/../vpc/src/utility/nbspace.cpp:368: Ray 1324: Calculated dot product with obj differs from solver's. Obj viol from solver: 0.00034543. Calculated: 0.00034554.
*** WARNING (version #1531bee): /home/sek519/warm_starting/vws/../vpc/src/utility/nbspace.cpp:368: Ray 2163: Calculated dot product with obj differs from solver's. Obj viol from solver: 0.00034543. Calculated: 0.00034554.
*** WARNING (version #1531bee): /home/sek519/warm_starting/vws/../vpc/src/utility/nbspace.cpp:368: Ray 9: Calculated dot product with obj differs from solver's. Obj viol from solver: 0.90004986. Calculated: 0.90004959.
*** WARNING (version #1531bee): /home/sek519/warm_starting/vws/../vpc/src/utility/nbspace.cpp:368: Ray 45: Calculated dot product with obj differs from solver's. Obj viol from solver: 0.46700510. Calculated: 0.46700465.
*** WARNING (version #1531bee): /home/sek519/warm_starting/vws/../vpc/src/utility/nbspace.cpp:368: Ray 162: Calculated dot product with obj differs from solver's. Obj viol from solver: 0.09995014. Calculated: 0.09995041.
*** WARNING (version #1531bee): /home/sek519/warm_starting/vws/../vpc/src/utility/nbspace.cpp:368: Ray 200: Calculated dot product with obj differs from solver's. Obj viol from solver: 0.53299490. Calculated: 0.53299535.
*** WARNING (version #1531bee): /home/sek519/warm_starting/vws/../vpc/src/utility/nbspace.cpp:368: Ray 201: Calculated dot product with obj differs from solver's. Obj viol from solver: 0.56621375. Calculated: 0.56621349.
*** WARNING (version #1531bee): /home/sek519/warm_starting/vws/../vpc/src/utility/nbspace.cpp:368: Ray 809: Calculated dot product with obj differs from solver's. Obj viol from solver: 0.10589918. Calculated: 0.10589872.
*** WARNING (version #1531bee): /home/sek519/warm_starting/vws/../vpc/src/utility/nbspace.cpp:368: Ray 1097: Calculated dot product with obj differs from solver's. Obj viol from solver: 0.99932999. Calculated: 0.99933012.
*** WARNING (version #1531bee): /home/sek519/warm_starting/vws/../vpc/src/utility/nbspace.cpp:368: Ray 1204: Calculated dot product with obj differs from solver's. Obj viol from solver: 0.03458713. Calculated: 0.03458691.
*** WARNING (version #1531bee): /home/sek519/warm_starting/vws/../vpc/src/utility/nbspace.cpp:368: Ray 1368: Calculated dot product with obj differs from solver's. Obj viol from solver: 3.62344876. Calculated: 3.62344852.
*** WARNING (version #1531bee): /home/sek519/warm_starting/vws/../vpc/src/utility/nbspace.cpp:368: Ray 1428: Calculated dot product with obj differs from solver's. Obj viol from solver: 3.07299527. Calculated: 3.07299558.
*** WARNING (version #1531bee): /home/sek519/warm_starting/vws/../vpc/src/utility/nbspace.cpp:368: Ray 1657: Calculated dot product with obj differs from solver's. Obj viol from solver: 1.03010212. Calculated: 1.03010199.
*** WARNING (version #1531bee): /home/sek519/warm_starting/vws/../vpc/src/utility/nbspace.cpp:368: Ray 2166: Calculated dot product with obj differs from solver's. Obj viol from solver: 0.90004986. Calculated: 0.90004959.
*** WARNING (version #1531bee): /home/sek519/warm_starting/vws/../vpc/src/utility/nbspace.cpp:368: Ray 2204: Calculated dot product with obj differs from solver's. Obj viol from solver: 0.46700510. Calculated: 0.46700465.
*** WARNING (version #1531bee): /home/sek519/warm_starting/vws/../vpc/src/utility/nbspace.cpp:368: Ray 2205: Calculated dot product with obj differs from solver's. Obj viol from solver: 0.43378625. Calculated: 0.43378651.
*** WARNING (version #1531bee): /home/sek519/warm_starting/vws/../vpc/src/utility/nbspace.cpp:368: Ray 707: Calculated dot product with obj differs from solver's. Obj viol from solver: 1.19218458. Calculated: 1.19218470.
*** WARNING (version #1531bee): /home/sek519/warm_starting/vws/../vpc/src/utility/nbspace.cpp:368: Ray 795: Calculated dot product with obj differs from solver's. Obj viol from solver: 1.76972321. Calculated: 1.76972302.
*** WARNING (version #1531bee): /home/sek519/warm_starting/vws/../vpc/src/utility/nbspace.cpp:368: Ray 796: Calculated dot product with obj differs from solver's. Obj viol from solver: 4.38510782. Calculated: 4.38510764.
*** WARNING (version #1531bee): /home/sek519/warm_starting/vws/../vpc/src/cut/PRLP.cpp:392: PRLP took too long to solve (70.324000 sec, with limit of 60.000000 sec); giving up on this point-ray collection.
*** WARNING (version #1531bee): /home/sek519/warm_starting/vws/../vpc/src/cut/PRLP.cpp:392: PRLP took too long to solve (64.476000 sec, with limit of 60.000000 sec); giving up on this point-ray collection.
*** WARNING (version #1531bee): /home/sek519/warm_starting/vws/../vpc/src/cut/PRLP.cpp:392: PRLP took too long to solve (66.920000 sec, with limit of 60.000000 sec); giving up on this point-ray collection.
terminate called after throwing an instance of 'std::bad_alloc'
  what():  std::bad_alloc
/var/spool/torque/mom_priv/jobs/1550242.polyp1.ie.lehigh.edu.SC: line 4:  4899 Aborted                 ../Release/vws ${INPUT_FOLDER} ${OUTPUT_FILE} ${MAX_TIME} ${GENERATOR} ${TERMS} ${MIP_SOLVER} ${PROVIDE_PRIMAL_BOUND}
