*** WARNING (version #53bfdf0): /home/sek519/warm_starting/vws/../vpc/src/utility/nbspace.cpp:372: Ray 338: Calculated dot product with obj differs from solver's. Obj viol from solver: 143.00000065. Calculated: 143.00000052.
*** WARNING (version #53bfdf0): /home/sek519/warm_starting/vws/../vpc/src/utility/nbspace.cpp:372: Ray 338: Calculated dot product with obj differs from solver's. Obj viol from solver: 143.00000065. Calculated: 143.00000052.
*** WARNING (version #53bfdf0): /home/sek519/warm_starting/vws/../vpc/src/utility/nbspace.cpp:372: Ray 48: Calculated dot product with obj differs from solver's. Obj viol from solver: 2000.20823958. Calculated: 2000.20823976.
*** WARNING (version #53bfdf0): /home/sek519/warm_starting/vws/../vpc/src/utility/nbspace.cpp:372: Ray 58: Calculated dot product with obj differs from solver's. Obj viol from solver: 2000.21023958. Calculated: 2000.21023976.
*** WARNING (version #53bfdf0): /home/sek519/warm_starting/vws/../vpc/src/utility/nbspace.cpp:372: Ray 69: Calculated dot product with obj differs from solver's. Obj viol from solver: 2161.20723958. Calculated: 2161.20723976.
*** WARNING (version #53bfdf0): /home/sek519/warm_starting/vws/../vpc/src/utility/nbspace.cpp:372: Ray 109: Calculated dot product with obj differs from solver's. Obj viol from solver: 161.21123958. Calculated: 161.21123976.
*** WARNING (version #53bfdf0): /home/sek519/warm_starting/vws/../vpc/src/utility/nbspace.cpp:372: Ray 116: Calculated dot product with obj differs from solver's. Obj viol from solver: 2000.21023958. Calculated: 2000.21023976.
*** WARNING (version #53bfdf0): /home/sek519/warm_starting/vws/../vpc/src/utility/nbspace.cpp:372: Ray 128: Calculated dot product with obj differs from solver's. Obj viol from solver: 500.19323958. Calculated: 500.19323976.
*** WARNING (version #53bfdf0): /home/sek519/warm_starting/vws/../vpc/src/utility/nbspace.cpp:372: Ray 78: Calculated dot product with obj differs from solver's. Obj viol from solver: 2170.57999980. Calculated: 2170.57999969.
*** WARNING (version #53bfdf0): /home/sek519/warm_starting/vws/../vpc/src/utility/nbspace.cpp:372: Ray 92: Calculated dot product with obj differs from solver's. Obj viol from solver: 2008.57999980. Calculated: 2008.57999969.
*** WARNING (version #53bfdf0): /home/sek519/warm_starting/vws/../vpc/src/utility/nbspace.cpp:372: Ray 107: Calculated dot product with obj differs from solver's. Obj viol from solver: 2009.03857325. Calculated: 2009.03857314.
*** WARNING (version #53bfdf0): /home/sek519/warm_starting/vws/../vpc/src/utility/nbspace.cpp:372: Ray 120: Calculated dot product with obj differs from solver's. Obj viol from solver: 508.57999980. Calculated: 508.57999969.
*** WARNING (version #53bfdf0): /home/sek519/warm_starting/vws/../vpc/src/utility/nbspace.cpp:372: Ray 472: Calculated dot product with obj differs from solver's. Obj viol from solver: 8.57999980. Calculated: 8.57999969.
*** WARNING (version #53bfdf0): /home/sek519/warm_starting/vws/../vpc/src/utility/nbspace.cpp:372: Ray 78: Calculated dot product with obj differs from solver's. Obj viol from solver: 2170.57999983. Calculated: 2170.57999969.
*** WARNING (version #53bfdf0): /home/sek519/warm_starting/vws/../vpc/src/utility/nbspace.cpp:372: Ray 92: Calculated dot product with obj differs from solver's. Obj viol from solver: 2008.57999983. Calculated: 2008.57999969.
*** WARNING (version #53bfdf0): /home/sek519/warm_starting/vws/../vpc/src/utility/nbspace.cpp:372: Ray 107: Calculated dot product with obj differs from solver's. Obj viol from solver: 2008.57999983. Calculated: 2008.57999969.
*** WARNING (version #53bfdf0): /home/sek519/warm_starting/vws/../vpc/src/utility/nbspace.cpp:372: Ray 120: Calculated dot product with obj differs from solver's. Obj viol from solver: 508.57999983. Calculated: 508.57999969.
*** WARNING (version #53bfdf0): /home/sek519/warm_starting/vws/../vpc/src/utility/nbspace.cpp:372: Ray 472: Calculated dot product with obj differs from solver's. Obj viol from solver: 8.57999983. Calculated: 8.57999969.
*** WARNING (version #53bfdf0): /home/sek519/warm_starting/vws/../vpc/src/utility/nbspace.cpp:372: Ray 311: Calculated dot product with obj differs from solver's. Obj viol from solver: 144.00000122. Calculated: 144.00000134.
*** WARNING (version #53bfdf0): /home/sek519/warm_starting/vws/../vpc/src/utility/nbspace.cpp:372: Ray 338: Calculated dot product with obj differs from solver's. Obj viol from solver: 143.00000065. Calculated: 143.00000052.
*** WARNING (version #53bfdf0): /home/sek519/warm_starting/vws/../vpc/src/utility/nbspace.cpp:372: Ray 338: Calculated dot product with obj differs from solver's. Obj viol from solver: 143.00000065. Calculated: 143.00000052.
*** WARNING (version #53bfdf0): /home/sek519/warm_starting/vws/../vpc/src/utility/nbspace.cpp:372: Ray 108: Calculated dot product with obj differs from solver's. Obj viol from solver: 1840.17817173. Calculated: 1840.17817188.
*** WARNING (version #53bfdf0): /home/sek519/warm_starting/vws/../vpc/src/utility/nbspace.cpp:372: Ray 115: Calculated dot product with obj differs from solver's. Obj viol from solver: 2003.12789703. Calculated: 2003.12789718.
*** WARNING (version #53bfdf0): /home/sek519/warm_starting/vws/../vpc/src/utility/nbspace.cpp:372: Ray 121: Calculated dot product with obj differs from solver's. Obj viol from solver: 498.33997660. Calculated: 498.33997674.
*** WARNING (version #53bfdf0): /home/sek519/warm_starting/vws/../vpc/src/utility/nbspace.cpp:155: Point: Calculated dot product with obj differs from solver's. Obj viol from solver: 2791.32238842. Calculated: 2791.32238854.
*** WARNING (version #53bfdf0): /home/sek519/warm_starting/vws/../vpc/src/utility/nbspace.cpp:372: Ray 747: Calculated dot product with obj differs from solver's. Obj viol from solver: 0.61987984. Calculated: 0.61988002.
*** WARNING (version #53bfdf0): /home/sek519/warm_starting/vws/../vpc/src/utility/nbspace.cpp:372: Ray 762: Calculated dot product with obj differs from solver's. Obj viol from solver: 0.51469446. Calculated: 0.51469428.
*** WARNING (version #53bfdf0): /home/sek519/warm_starting/vws/../vpc/src/utility/nbspace.cpp:372: Ray 747: Calculated dot product with obj differs from solver's. Obj viol from solver: 0.61987984. Calculated: 0.61988002.
*** WARNING (version #53bfdf0): /home/sek519/warm_starting/vws/../vpc/src/utility/nbspace.cpp:372: Ray 762: Calculated dot product with obj differs from solver's. Obj viol from solver: 0.51469446. Calculated: 0.51469428.
messed up a farkas cofficient
vws: /home/sek519/warm_starting/vws/../vpc/src/utility/utility.cpp:653: void verify(bool, const std::string&): Assertion `false' failed.
/var/spool/torque/mom_priv/jobs/1463349.polyp1.ie.lehigh.edu.SC: line 4: 31944 Aborted                 ../Release/vws ${INPUT_FOLDER} ${OUTPUT_FILE} ${MAX_TIME} ${GENERATOR} ${TERMS} ${MIP_SOLVER} ${PROVIDE_PRIMAL_BOUND}
