*** WARNING (version #53bfdf0): /home/sek519/warm_starting/vws/../vpc/src/cut/CglVPC.cpp:683: Nonbasic reduced cost should be >= 0 in the complemented nonbasic space. However, for nb var 2061 (real var 2194), it is -1.432890e-07. Small enough error that we only send warning.
*** WARNING (version #53bfdf0): /home/sek519/warm_starting/vws/../vpc/src/cut/CglVPC.cpp:683: Nonbasic reduced cost should be >= 0 in the complemented nonbasic space. However, for nb var 2070 (real var 2194), it is -1.432890e-07. Small enough error that we only send warning.
*** WARNING (version #53bfdf0): /home/sek519/warm_starting/vws/../vpc/src/utility/nbspace.cpp:358: Ray 2194: dot product with obj < 0. Obj viol from solver: -0.00000014. Calculated: -0.00000014.
*** WARNING (version #53bfdf0): /home/sek519/warm_starting/vws/../vpc/src/cut/CglVPC.cpp:1243: Term 351 ray 2070 does not satisfy the objective cut. Activity: -0.00000014. RHS: 0.00000000. Small enough violation that we only send a warning.
*** WARNING (version #53bfdf0): /home/sek519/warm_starting/vws/../vpc/src/utility/nbspace.cpp:372: Ray 3083: Calculated dot product with obj differs from solver's. Obj viol from solver: 102962.26750509. Calculated: 102962.26750494.
*** WARNING (version #53bfdf0): /home/sek519/warm_starting/vws/../vpc/src/utility/nbspace.cpp:372: Ray 3091: Calculated dot product with obj differs from solver's. Obj viol from solver: 106257.66028182. Calculated: 106257.66028167.
*** WARNING (version #53bfdf0): /home/sek519/warm_starting/vws/../vpc/src/utility/nbspace.cpp:372: Ray 3561: Calculated dot product with obj differs from solver's. Obj viol from solver: 8816.33177327. Calculated: 8816.33177343.
*** WARNING (version #53bfdf0): /home/sek519/warm_starting/vws/../vpc/src/utility/nbspace.cpp:372: Ray 3562: Calculated dot product with obj differs from solver's. Obj viol from solver: 6520.99265327. Calculated: 6520.99265343.
*** WARNING (version #53bfdf0): /home/sek519/warm_starting/vws/../vpc/src/utility/nbspace.cpp:372: Ray 3563: Calculated dot product with obj differs from solver's. Obj viol from solver: 589349.88915181. Calculated: 589349.88915197.
*** WARNING (version #53bfdf0): /home/sek519/warm_starting/vws/../vpc/src/utility/nbspace.cpp:372: Ray 3564: Calculated dot product with obj differs from solver's. Obj viol from solver: 85935.35284787. Calculated: 85935.35284803.
*** WARNING (version #53bfdf0): /home/sek519/warm_starting/vws/../vpc/src/utility/nbspace.cpp:372: Ray 3565: Calculated dot product with obj differs from solver's. Obj viol from solver: 597381.12717127. Calculated: 597381.12717143.
*** WARNING (version #53bfdf0): /home/sek519/warm_starting/vws/../vpc/src/utility/nbspace.cpp:372: Ray 3566: Calculated dot product with obj differs from solver's. Obj viol from solver: 597380.66406236. Calculated: 597380.66406252.
*** WARNING (version #53bfdf0): /home/sek519/warm_starting/vws/../vpc/src/utility/nbspace.cpp:372: Ray 3567: Calculated dot product with obj differs from solver's. Obj viol from solver: 597380.61775147. Calculated: 597380.61775163.
*** WARNING (version #53bfdf0): /home/sek519/warm_starting/vws/../vpc/src/utility/nbspace.cpp:372: Ray 3568: Calculated dot product with obj differs from solver's. Obj viol from solver: 597380.61312038. Calculated: 597380.61312054.
*** WARNING (version #53bfdf0): /home/sek519/warm_starting/vws/../vpc/src/utility/nbspace.cpp:372: Ray 3569: Calculated dot product with obj differs from solver's. Obj viol from solver: 597380.61265727. Calculated: 597380.61265743.
*** WARNING (version #53bfdf0): /home/sek519/warm_starting/vws/../vpc/src/utility/nbspace.cpp:372: Ray 3571: Calculated dot product with obj differs from solver's. Obj viol from solver: 1107932.99801887. Calculated: 1107932.99801904.
*** WARNING (version #53bfdf0): /home/sek519/warm_starting/vws/../vpc/src/utility/nbspace.cpp:372: Ray 3572: Calculated dot product with obj differs from solver's. Obj viol from solver: 597380.61260586. Calculated: 597380.61260602.
*** WARNING (version #53bfdf0): /home/sek519/warm_starting/vws/../vpc/src/utility/nbspace.cpp:372: Ray 3573: Calculated dot product with obj differs from solver's. Obj viol from solver: 597350.67771844. Calculated: 597350.67771869.
*** WARNING (version #53bfdf0): /home/sek519/warm_starting/vws/../vpc/src/utility/nbspace.cpp:372: Ray 3574: Calculated dot product with obj differs from solver's. Obj viol from solver: 597380.61260581. Calculated: 597380.61260597.
*** WARNING (version #53bfdf0): /home/sek519/warm_starting/vws/../vpc/src/cut/CglVPC.cpp:683: Nonbasic reduced cost should be >= 0 in the complemented nonbasic space. However, for nb var 2061 (real var 2194), it is -1.432890e-07. Small enough error that we only send warning.
*** WARNING (version #53bfdf0): /home/sek519/warm_starting/vws/../vpc/src/utility/nbspace.cpp:372: Ray 391: Calculated dot product with obj differs from solver's. Obj viol from solver: 87805.86077276. Calculated: 87805.86077265.
*** WARNING (version #53bfdf0): /home/sek519/warm_starting/vws/../vpc/src/utility/nbspace.cpp:372: Ray 1836: Calculated dot product with obj differs from solver's. Obj viol from solver: 8755.85265363. Calculated: 8755.85265339.
*** WARNING (version #53bfdf0): /home/sek519/warm_starting/vws/../vpc/src/utility/nbspace.cpp:372: Ray 1837: Calculated dot product with obj differs from solver's. Obj viol from solver: 97147.52531720. Calculated: 97147.52531696.
*** WARNING (version #53bfdf0): /home/sek519/warm_starting/vws/../vpc/src/utility/nbspace.cpp:372: Ray 1838: Calculated dot product with obj differs from solver's. Obj viol from solver: 111021.20693720. Calculated: 111021.20693696.
*** WARNING (version #53bfdf0): /home/sek519/warm_starting/vws/../vpc/src/utility/nbspace.cpp:372: Ray 1839: Calculated dot product with obj differs from solver's. Obj viol from solver: 109479.17769920. Calculated: 109479.17769896.
*** WARNING (version #53bfdf0): /home/sek519/warm_starting/vws/../vpc/src/utility/nbspace.cpp:372: Ray 1840: Calculated dot product with obj differs from solver's. Obj viol from solver: 111020.13791540. Calculated: 111020.13791516.
*** WARNING (version #53bfdf0): /home/sek519/warm_starting/vws/../vpc/src/utility/nbspace.cpp:372: Ray 1841: Calculated dot product with obj differs from solver's. Obj viol from solver: 111048.22070208. Calculated: 111048.22070185.
*** WARNING (version #53bfdf0): /home/sek519/warm_starting/vws/../vpc/src/utility/nbspace.cpp:372: Ray 1842: Calculated dot product with obj differs from solver's. Obj viol from solver: 111020.12722519. Calculated: 111020.12722494.
*** WARNING (version #53bfdf0): /home/sek519/warm_starting/vws/../vpc/src/utility/nbspace.cpp:372: Ray 1843: Calculated dot product with obj differs from solver's. Obj viol from solver: 111020.12712800. Calculated: 111020.12712776.
*** WARNING (version #53bfdf0): /home/sek519/warm_starting/vws/../vpc/src/utility/nbspace.cpp:372: Ray 1844: Calculated dot product with obj differs from solver's. Obj viol from solver: 111020.12711828. Calculated: 111020.12711804.
*** WARNING (version #53bfdf0): /home/sek519/warm_starting/vws/../vpc/src/utility/nbspace.cpp:372: Ray 1845: Calculated dot product with obj differs from solver's. Obj viol from solver: 111020.12711731. Calculated: 111020.12711707.
*** WARNING (version #53bfdf0): /home/sek519/warm_starting/vws/../vpc/src/utility/nbspace.cpp:372: Ray 1846: Calculated dot product with obj differs from solver's. Obj viol from solver: 111020.12711722. Calculated: 111020.12711697.
*** WARNING (version #53bfdf0): /home/sek519/warm_starting/vws/../vpc/src/utility/nbspace.cpp:372: Ray 1847: Calculated dot product with obj differs from solver's. Obj viol from solver: 111020.12711721. Calculated: 111020.12711696.
*** WARNING (version #53bfdf0): /home/sek519/warm_starting/vws/../vpc/src/utility/nbspace.cpp:372: Ray 1848: Calculated dot product with obj differs from solver's. Obj viol from solver: 111020.12711720. Calculated: 111020.12711696.
*** WARNING (version #53bfdf0): /home/sek519/warm_starting/vws/../vpc/src/utility/nbspace.cpp:372: Ray 1849: Calculated dot product with obj differs from solver's. Obj viol from solver: 111020.12711720. Calculated: 111020.12711696.
*** WARNING (version #53bfdf0): /home/sek519/warm_starting/vws/../vpc/src/utility/nbspace.cpp:358: Ray 2194: dot product with obj < 0. Obj viol from solver: -0.00000014. Calculated: -0.00000014.
*** WARNING (version #53bfdf0): /home/sek519/warm_starting/vws/../vpc/src/cut/CglVPC.cpp:1243: Term 405 ray 2061 does not satisfy the objective cut. Activity: -0.00000014. RHS: 0.00000000. Small enough violation that we only send a warning.
*** WARNING (version #53bfdf0): /home/sek519/warm_starting/vws/../vpc/src/utility/nbspace.cpp:372: Ray 3030: Calculated dot product with obj differs from solver's. Obj viol from solver: 500151.36823567. Calculated: 500151.36823554.
*** WARNING (version #53bfdf0): /home/sek519/warm_starting/vws/../vpc/src/utility/nbspace.cpp:372: Ray 3260: Calculated dot product with obj differs from solver's. Obj viol from solver: 2851.42891499. Calculated: 2851.42891489.
*** WARNING (version #53bfdf0): /home/sek519/warm_starting/vws/../vpc/src/utility/nbspace.cpp:372: Ray 3261: Calculated dot product with obj differs from solver's. Obj viol from solver: 1230.76035395. Calculated: 1230.76035367.
*** WARNING (version #53bfdf0): /home/sek519/warm_starting/vws/../vpc/src/utility/nbspace.cpp:372: Ray 3262: Calculated dot product with obj differs from solver's. Obj viol from solver: 266296.09886619. Calculated: 266296.09886593.
*** WARNING (version #53bfdf0): /home/sek519/warm_starting/vws/../vpc/src/utility/nbspace.cpp:372: Ray 3263: Calculated dot product with obj differs from solver's. Obj viol from solver: 303728.77887819. Calculated: 303728.77887793.
*** WARNING (version #53bfdf0): /home/sek519/warm_starting/vws/../vpc/src/utility/nbspace.cpp:372: Ray 3266: Calculated dot product with obj differs from solver's. Obj viol from solver: 307887.98150453. Calculated: 307887.98150426.
*** WARNING (version #53bfdf0): /home/sek519/warm_starting/vws/../vpc/src/utility/nbspace.cpp:372: Ray 3267: Calculated dot product with obj differs from solver's. Obj viol from solver: 307887.96714203. Calculated: 307887.96714176.
*** WARNING (version #53bfdf0): /home/sek519/warm_starting/vws/../vpc/src/utility/nbspace.cpp:372: Ray 3268: Calculated dot product with obj differs from solver's. Obj viol from solver: 307887.96570578. Calculated: 307887.96570551.
*** WARNING (version #53bfdf0): /home/sek519/warm_starting/vws/../vpc/src/utility/nbspace.cpp:372: Ray 3269: Calculated dot product with obj differs from solver's. Obj viol from solver: 307887.96556215. Calculated: 307887.96556189.
*** WARNING (version #53bfdf0): /home/sek519/warm_starting/vws/../vpc/src/utility/nbspace.cpp:372: Ray 3270: Calculated dot product with obj differs from solver's. Obj viol from solver: 307887.96554779. Calculated: 307887.96554752.
*** WARNING (version #53bfdf0): /home/sek519/warm_starting/vws/../vpc/src/utility/nbspace.cpp:372: Ray 3272: Calculated dot product with obj differs from solver's. Obj viol from solver: 307887.96554621. Calculated: 307887.96554594.
*** WARNING (version #53bfdf0): /home/sek519/warm_starting/vws/../vpc/src/utility/nbspace.cpp:372: Ray 3273: Calculated dot product with obj differs from solver's. Obj viol from solver: 307887.96554620. Calculated: 307887.96554593.
*** WARNING (version #53bfdf0): /home/sek519/warm_starting/vws/../vpc/src/utility/nbspace.cpp:372: Ray 3274: Calculated dot product with obj differs from solver's. Obj viol from solver: 307887.96554619. Calculated: 307887.96554593.
*** WARNING (version #53bfdf0): /home/sek519/warm_starting/vws/../vpc/src/utility/nbspace.cpp:372: Ray 3275: Calculated dot product with obj differs from solver's. Obj viol from solver: 2934.50478374. Calculated: 2934.50478362.
*** WARNING (version #53bfdf0): /home/sek519/warm_starting/vws/../vpc/src/utility/nbspace.cpp:372: Ray 3500: Calculated dot product with obj differs from solver's. Obj viol from solver: 32206.41790321. Calculated: 32206.41790306.
*** WARNING (version #53bfdf0): /home/sek519/warm_starting/vws/../vpc/src/utility/nbspace.cpp:372: Ray 3501: Calculated dot product with obj differs from solver's. Obj viol from solver: 4270.12456861. Calculated: 4270.12456844.
*** WARNING (version #53bfdf0): /home/sek519/warm_starting/vws/../vpc/src/utility/nbspace.cpp:372: Ray 3502: Calculated dot product with obj differs from solver's. Obj viol from solver: 2621.35984861. Calculated: 2621.35984844.
*** WARNING (version #53bfdf0): /home/sek519/warm_starting/vws/../vpc/src/utility/nbspace.cpp:372: Ray 3503: Calculated dot product with obj differs from solver's. Obj viol from solver: 587966.77183501. Calculated: 587966.77183486.
*** WARNING (version #53bfdf0): /home/sek519/warm_starting/vws/../vpc/src/utility/nbspace.cpp:372: Ray 3504: Calculated dot product with obj differs from solver's. Obj viol from solver: 82106.84322721. Calculated: 82106.84322704.
*** WARNING (version #53bfdf0): /home/sek519/warm_starting/vws/../vpc/src/utility/nbspace.cpp:372: Ray 3505: Calculated dot product with obj differs from solver's. Obj viol from solver: 596005.12217287. Calculated: 596005.12217272.
*** WARNING (version #53bfdf0): /home/sek519/warm_starting/vws/../vpc/src/utility/nbspace.cpp:372: Ray 3506: Calculated dot product with obj differs from solver's. Obj viol from solver: 595974.85778236. Calculated: 595974.85778218.
*** WARNING (version #53bfdf0): /home/sek519/warm_starting/vws/../vpc/src/utility/nbspace.cpp:372: Ray 3507: Calculated dot product with obj differs from solver's. Obj viol from solver: 595974.81793721. Calculated: 595974.81793703.
*** WARNING (version #53bfdf0): /home/sek519/warm_starting/vws/../vpc/src/utility/nbspace.cpp:372: Ray 3508: Calculated dot product with obj differs from solver's. Obj viol from solver: 595974.81395270. Calculated: 595974.81395252.
*** WARNING (version #53bfdf0): /home/sek519/warm_starting/vws/../vpc/src/utility/nbspace.cpp:372: Ray 3511: Calculated dot product with obj differs from solver's. Obj viol from solver: 1109008.92290986. Calculated: 1109008.92290974.
*** WARNING (version #53bfdf0): /home/sek519/warm_starting/vws/../vpc/src/utility/nbspace.cpp:372: Ray 3512: Calculated dot product with obj differs from solver's. Obj viol from solver: 596004.67944906. Calculated: 596004.67944890.
*** WARNING (version #53bfdf0): /home/sek519/warm_starting/vws/../vpc/src/utility/nbspace.cpp:372: Ray 3513: Calculated dot product with obj differs from solver's. Obj viol from solver: 596004.67944902. Calculated: 596004.67944886.
*** WARNING (version #53bfdf0): /home/sek519/warm_starting/vws/../vpc/src/utility/nbspace.cpp:372: Ray 3514: Calculated dot product with obj differs from solver's. Obj viol from solver: 596004.67944901. Calculated: 596004.67944886.
*** WARNING (version #53bfdf0): /home/sek519/warm_starting/vws/../vpc/src/utility/nbspace.cpp:372: Ray 3515: Calculated dot product with obj differs from solver's. Obj viol from solver: 33291.24422945. Calculated: 33291.24422930.
*** WARNING (version #53bfdf0): /home/sek519/warm_starting/vws/../vpc/src/utility/nbspace.cpp:372: Ray 3530: Calculated dot product with obj differs from solver's. Obj viol from solver: 40595.43828268. Calculated: 40595.43828279.
*** WARNING (version #53bfdf0): /home/sek519/warm_starting/vws/../vpc/src/utility/nbspace.cpp:372: Ray 3575: Calculated dot product with obj differs from solver's. Obj viol from solver: 34993.50274358. Calculated: 34993.50274371.
*** WARNING (version #53bfdf0): /home/sek519/warm_starting/vws/../vpc/src/utility/nbspace.cpp:372: Ray 5493: Calculated dot product with obj differs from solver's. Obj viol from solver: 9430.98696963. Calculated: 9430.98696939.
*** WARNING (version #53bfdf0): /home/sek519/warm_starting/vws/../vpc/src/cut/CglVPC.cpp:683: Nonbasic reduced cost should be >= 0 in the complemented nonbasic space. However, for nb var 2072 (real var 2194), it is -1.432890e-07. Small enough error that we only send warning.
*** WARNING (version #53bfdf0): /home/sek519/warm_starting/vws/../vpc/src/utility/nbspace.cpp:155: Point: Calculated dot product with obj differs from solver's. Obj viol from solver: 1290616.73366565. Calculated: 1290616.73367167.
*** WARNING (version #53bfdf0): /home/sek519/warm_starting/vws/../vpc/src/utility/nbspace.cpp:372: Ray 110: Calculated dot product with obj differs from solver's. Obj viol from solver: 1761.28709999. Calculated: 1761.28709411.
*** WARNING (version #53bfdf0): /home/sek519/warm_starting/vws/../vpc/src/utility/nbspace.cpp:372: Ray 112: Calculated dot product with obj differs from solver's. Obj viol from solver: 75287.78670492. Calculated: 75287.78670297.
*** WARNING (version #53bfdf0): /home/sek519/warm_starting/vws/../vpc/src/utility/nbspace.cpp:372: Ray 113: Calculated dot product with obj differs from solver's. Obj viol from solver: 85799.31971742. Calculated: 85799.31971547.
*** WARNING (version #53bfdf0): /home/sek519/warm_starting/vws/../vpc/src/utility/nbspace.cpp:372: Ray 115: Calculated dot product with obj differs from solver's. Obj viol from solver: 87085.76547379. Calculated: 87085.76547184.
*** WARNING (version #53bfdf0): /home/sek519/warm_starting/vws/../vpc/src/utility/nbspace.cpp:372: Ray 118: Calculated dot product with obj differs from solver's. Obj viol from solver: 87098.89286506. Calculated: 87098.89286311.
*** WARNING (version #53bfdf0): /home/sek519/warm_starting/vws/../vpc/src/utility/nbspace.cpp:372: Ray 119: Calculated dot product with obj differs from solver's. Obj viol from solver: 87098.89283343. Calculated: 87098.89283148.
*** WARNING (version #53bfdf0): /home/sek519/warm_starting/vws/../vpc/src/utility/nbspace.cpp:372: Ray 120: Calculated dot product with obj differs from solver's. Obj viol from solver: 87098.89283027. Calculated: 87098.89282832.
*** WARNING (version #53bfdf0): /home/sek519/warm_starting/vws/../vpc/src/utility/nbspace.cpp:372: Ray 121: Calculated dot product with obj differs from solver's. Obj viol from solver: 87098.89282995. Calculated: 87098.89282800.
*** WARNING (version #53bfdf0): /home/sek519/warm_starting/vws/../vpc/src/utility/nbspace.cpp:372: Ray 122: Calculated dot product with obj differs from solver's. Obj viol from solver: 87098.89282992. Calculated: 87098.89282797.
*** WARNING (version #53bfdf0): /home/sek519/warm_starting/vws/../vpc/src/utility/nbspace.cpp:372: Ray 123: Calculated dot product with obj differs from solver's. Obj viol from solver: 87098.89282992. Calculated: 87098.89282797.
*** WARNING (version #53bfdf0): /home/sek519/warm_starting/vws/../vpc/src/utility/nbspace.cpp:372: Ray 124: Calculated dot product with obj differs from solver's. Obj viol from solver: 87098.89282992. Calculated: 87098.89282797.
*** WARNING (version #53bfdf0): /home/sek519/warm_starting/vws/../vpc/src/utility/nbspace.cpp:372: Ray 350: Calculated dot product with obj differs from solver's. Obj viol from solver: 4018.22753926. Calculated: 4018.22753336.
*** WARNING (version #53bfdf0): /home/sek519/warm_starting/vws/../vpc/src/utility/nbspace.cpp:372: Ray 351: Calculated dot product with obj differs from solver's. Obj viol from solver: 906.27032338. Calculated: 906.27032142.
*** WARNING (version #53bfdf0): /home/sek519/warm_starting/vws/../vpc/src/utility/nbspace.cpp:372: Ray 352: Calculated dot product with obj differs from solver's. Obj viol from solver: 18644.70930872. Calculated: 18644.70930676.
*** WARNING (version #53bfdf0): /home/sek519/warm_starting/vws/../vpc/src/utility/nbspace.cpp:372: Ray 353: Calculated dot product with obj differs from solver's. Obj viol from solver: 143356.47155538. Calculated: 143356.47155341.
*** WARNING (version #53bfdf0): /home/sek519/warm_starting/vws/../vpc/src/utility/nbspace.cpp:372: Ray 354: Calculated dot product with obj differs from solver's. Obj viol from solver: 87576.10411285. Calculated: 87576.10411088.
*** WARNING (version #53bfdf0): /home/sek519/warm_starting/vws/../vpc/src/utility/nbspace.cpp:372: Ray 356: Calculated dot product with obj differs from solver's. Obj viol from solver: 87575.33894700. Calculated: 87575.33894503.
*** WARNING (version #53bfdf0): /home/sek519/warm_starting/vws/../vpc/src/utility/nbspace.cpp:372: Ray 357: Calculated dot product with obj differs from solver's. Obj viol from solver: 87575.33199094. Calculated: 87575.33198898.
*** WARNING (version #53bfdf0): /home/sek519/warm_starting/vws/../vpc/src/utility/nbspace.cpp:372: Ray 358: Calculated dot product with obj differs from solver's. Obj viol from solver: 87575.33129534. Calculated: 87575.33129337.
*** WARNING (version #53bfdf0): /home/sek519/warm_starting/vws/../vpc/src/utility/nbspace.cpp:372: Ray 359: Calculated dot product with obj differs from solver's. Obj viol from solver: 87575.33122578. Calculated: 87575.33122381.
*** WARNING (version #53bfdf0): /home/sek519/warm_starting/vws/../vpc/src/utility/nbspace.cpp:372: Ray 360: Calculated dot product with obj differs from solver's. Obj viol from solver: 87575.33121882. Calculated: 87575.33121686.
*** WARNING (version #53bfdf0): /home/sek519/warm_starting/vws/../vpc/src/utility/nbspace.cpp:372: Ray 361: Calculated dot product with obj differs from solver's. Obj viol from solver: 87605.10861738. Calculated: 87605.10861542.
*** WARNING (version #53bfdf0): /home/sek519/warm_starting/vws/../vpc/src/utility/nbspace.cpp:372: Ray 362: Calculated dot product with obj differs from solver's. Obj viol from solver: 87575.33121806. Calculated: 87575.33121609.
*** WARNING (version #53bfdf0): /home/sek519/warm_starting/vws/../vpc/src/utility/nbspace.cpp:372: Ray 363: Calculated dot product with obj differs from solver's. Obj viol from solver: 87575.33121805. Calculated: 87575.33121609.
*** WARNING (version #53bfdf0): /home/sek519/warm_starting/vws/../vpc/src/utility/nbspace.cpp:372: Ray 591: Calculated dot product with obj differs from solver's. Obj viol from solver: 1602.70893150. Calculated: 1602.70893559.
*** WARNING (version #53bfdf0): /home/sek519/warm_starting/vws/../vpc/src/utility/nbspace.cpp:372: Ray 592: Calculated dot product with obj differs from solver's. Obj viol from solver: 2095.98647610. Calculated: 2095.98648019.
*** WARNING (version #53bfdf0): /home/sek519/warm_starting/vws/../vpc/src/utility/nbspace.cpp:372: Ray 593: Calculated dot product with obj differs from solver's. Obj viol from solver: 136055.40641168. Calculated: 136055.40641577.
*** WARNING (version #53bfdf0): /home/sek519/warm_starting/vws/../vpc/src/utility/nbspace.cpp:372: Ray 594: Calculated dot product with obj differs from solver's. Obj viol from solver: 92231.51671948. Calculated: 92231.51672358.
*** WARNING (version #53bfdf0): /home/sek519/warm_starting/vws/../vpc/src/utility/nbspace.cpp:372: Ray 595: Calculated dot product with obj differs from solver's. Obj viol from solver: 92339.14708343. Calculated: 92339.14708753.
*** WARNING (version #53bfdf0): /home/sek519/warm_starting/vws/../vpc/src/utility/nbspace.cpp:372: Ray 597: Calculated dot product with obj differs from solver's. Obj viol from solver: 92339.12978738. Calculated: 92339.12979148.
*** WARNING (version #53bfdf0): /home/sek519/warm_starting/vws/../vpc/src/utility/nbspace.cpp:372: Ray 598: Calculated dot product with obj differs from solver's. Obj viol from solver: 92339.12963015. Calculated: 92339.12963424.
*** WARNING (version #53bfdf0): /home/sek519/warm_starting/vws/../vpc/src/utility/nbspace.cpp:372: Ray 599: Calculated dot product with obj differs from solver's. Obj viol from solver: 92339.12961442. Calculated: 92339.12961852.
*** WARNING (version #53bfdf0): /home/sek519/warm_starting/vws/../vpc/src/utility/nbspace.cpp:372: Ray 600: Calculated dot product with obj differs from solver's. Obj viol from solver: 92339.12961285. Calculated: 92339.12961695.
*** WARNING (version #53bfdf0): /home/sek519/warm_starting/vws/../vpc/src/utility/nbspace.cpp:372: Ray 601: Calculated dot product with obj differs from solver's. Obj viol from solver: 92368.90701195. Calculated: 92368.90701605.
*** WARNING (version #53bfdf0): /home/sek519/warm_starting/vws/../vpc/src/utility/nbspace.cpp:372: Ray 602: Calculated dot product with obj differs from solver's. Obj viol from solver: 92339.12961268. Calculated: 92339.12961677.
*** WARNING (version #53bfdf0): /home/sek519/warm_starting/vws/../vpc/src/utility/nbspace.cpp:372: Ray 603: Calculated dot product with obj differs from solver's. Obj viol from solver: 92339.12961268. Calculated: 92339.12961677.
*** WARNING (version #53bfdf0): /home/sek519/warm_starting/vws/../vpc/src/utility/nbspace.cpp:372: Ray 604: Calculated dot product with obj differs from solver's. Obj viol from solver: 92339.12961268. Calculated: 92339.12961677.
*** WARNING (version #53bfdf0): /home/sek519/warm_starting/vws/../vpc/src/utility/nbspace.cpp:372: Ray 830: Calculated dot product with obj differs from solver's. Obj viol from solver: 3390.50948100. Calculated: 3390.50947486.
*** WARNING (version #53bfdf0): /home/sek519/warm_starting/vws/../vpc/src/utility/nbspace.cpp:372: Ray 831: Calculated dot product with obj differs from solver's. Obj viol from solver: 783.87848100. Calculated: 783.87847896.
*** WARNING (version #53bfdf0): /home/sek519/warm_starting/vws/../vpc/src/utility/nbspace.cpp:372: Ray 833: Calculated dot product with obj differs from solver's. Obj viol from solver: 91123.97793976. Calculated: 91123.97793772.
*** WARNING (version #53bfdf0): /home/sek519/warm_starting/vws/../vpc/src/utility/nbspace.cpp:372: Ray 834: Calculated dot product with obj differs from solver's. Obj viol from solver: 91119.35535076. Calculated: 91119.35534872.
*** WARNING (version #53bfdf0): /home/sek519/warm_starting/vws/../vpc/src/utility/nbspace.cpp:372: Ray 835: Calculated dot product with obj differs from solver's. Obj viol from solver: 91106.50009186. Calculated: 91106.50008982.
*** WARNING (version #53bfdf0): /home/sek519/warm_starting/vws/../vpc/src/utility/nbspace.cpp:372: Ray 836: Calculated dot product with obj differs from solver's. Obj viol from solver: 91117.47000367. Calculated: 91117.47000163.
*** WARNING (version #53bfdf0): /home/sek519/warm_starting/vws/../vpc/src/utility/nbspace.cpp:372: Ray 837: Calculated dot product with obj differs from solver's. Obj viol from solver: 91118.84224338. Calculated: 91118.84224134.
*** WARNING (version #53bfdf0): /home/sek519/warm_starting/vws/../vpc/src/utility/nbspace.cpp:372: Ray 838: Calculated dot product with obj differs from solver's. Obj viol from solver: 91089.06438186. Calculated: 91089.06437982.
*** WARNING (version #53bfdf0): /home/sek519/warm_starting/vws/../vpc/src/utility/nbspace.cpp:372: Ray 839: Calculated dot product with obj differs from solver's. Obj viol from solver: 91118.84173490. Calculated: 91118.84173285.
*** WARNING (version #53bfdf0): /home/sek519/warm_starting/vws/../vpc/src/utility/nbspace.cpp:372: Ray 840: Calculated dot product with obj differs from solver's. Obj viol from solver: 91118.84159257. Calculated: 91118.84159053.
*** WARNING (version #53bfdf0): /home/sek519/warm_starting/vws/../vpc/src/utility/nbspace.cpp:372: Ray 841: Calculated dot product with obj differs from solver's. Obj viol from solver: 91118.84172981. Calculated: 91118.84172777.
*** WARNING (version #53bfdf0): /home/sek519/warm_starting/vws/../vpc/src/utility/nbspace.cpp:372: Ray 842: Calculated dot product with obj differs from solver's. Obj viol from solver: 91118.84172977. Calculated: 91118.84172772.
*** WARNING (version #53bfdf0): /home/sek519/warm_starting/vws/../vpc/src/utility/nbspace.cpp:372: Ray 843: Calculated dot product with obj differs from solver's. Obj viol from solver: 91118.84172976. Calculated: 91118.84172772.
*** WARNING (version #53bfdf0): /home/sek519/warm_starting/vws/../vpc/src/utility/nbspace.cpp:372: Ray 844: Calculated dot product with obj differs from solver's. Obj viol from solver: 91118.84172976. Calculated: 91118.84172772.
*** WARNING (version #53bfdf0): /home/sek519/warm_starting/vws/../vpc/src/utility/nbspace.cpp:372: Ray 1070: Calculated dot product with obj differs from solver's. Obj viol from solver: 4755.98669036. Calculated: 4755.98668412.
*** WARNING (version #53bfdf0): /home/sek519/warm_starting/vws/../vpc/src/utility/nbspace.cpp:372: Ray 1071: Calculated dot product with obj differs from solver's. Obj viol from solver: 918.27508961. Calculated: 918.27508754.
*** WARNING (version #53bfdf0): /home/sek519/warm_starting/vws/../vpc/src/utility/nbspace.cpp:372: Ray 1072: Calculated dot product with obj differs from solver's. Obj viol from solver: 79371.99448989. Calculated: 79371.99448782.
*** WARNING (version #53bfdf0): /home/sek519/warm_starting/vws/../vpc/src/utility/nbspace.cpp:372: Ray 1073: Calculated dot product with obj differs from solver's. Obj viol from solver: 91895.82524439. Calculated: 91895.82524232.
*** WARNING (version #53bfdf0): /home/sek519/warm_starting/vws/../vpc/src/utility/nbspace.cpp:372: Ray 1074: Calculated dot product with obj differs from solver's. Obj viol from solver: 92380.62396984. Calculated: 92380.62396777.
*** WARNING (version #53bfdf0): /home/sek519/warm_starting/vws/../vpc/src/utility/nbspace.cpp:372: Ray 1075: Calculated dot product with obj differs from solver's. Obj viol from solver: 92518.44562739. Calculated: 92518.44562531.
*** WARNING (version #53bfdf0): /home/sek519/warm_starting/vws/../vpc/src/utility/nbspace.cpp:372: Ray 1076: Calculated dot product with obj differs from solver's. Obj viol from solver: 92516.98935629. Calculated: 92516.98935422.
*** WARNING (version #53bfdf0): /home/sek519/warm_starting/vws/../vpc/src/utility/nbspace.cpp:372: Ray 1077: Calculated dot product with obj differs from solver's. Obj viol from solver: 92518.38015622. Calculated: 92518.38015414.
*** WARNING (version #53bfdf0): /home/sek519/warm_starting/vws/../vpc/src/utility/nbspace.cpp:372: Ray 1078: Calculated dot product with obj differs from solver's. Obj viol from solver: 92518.37956102. Calculated: 92518.37955895.
*** WARNING (version #53bfdf0): /home/sek519/warm_starting/vws/../vpc/src/utility/nbspace.cpp:372: Ray 1079: Calculated dot product with obj differs from solver's. Obj viol from solver: 92488.60070410. Calculated: 92488.60070202.
*** WARNING (version #53bfdf0): /home/sek519/warm_starting/vws/../vpc/src/utility/nbspace.cpp:372: Ray 1080: Calculated dot product with obj differs from solver's. Obj viol from solver: 92518.37949555. Calculated: 92518.37949348.
*** WARNING (version #53bfdf0): /home/sek519/warm_starting/vws/../vpc/src/utility/nbspace.cpp:372: Ray 1081: Calculated dot product with obj differs from solver's. Obj viol from solver: 92518.37949496. Calculated: 92518.37949288.
*** WARNING (version #53bfdf0): /home/sek519/warm_starting/vws/../vpc/src/utility/nbspace.cpp:372: Ray 1082: Calculated dot product with obj differs from solver's. Obj viol from solver: 92518.37949490. Calculated: 92518.37949282.
*** WARNING (version #53bfdf0): /home/sek519/warm_starting/vws/../vpc/src/utility/nbspace.cpp:372: Ray 1084: Calculated dot product with obj differs from solver's. Obj viol from solver: 92518.37949489. Calculated: 92518.37949282.
*** WARNING (version #53bfdf0): /home/sek519/warm_starting/vws/../vpc/src/utility/nbspace.cpp:372: Ray 1312: Calculated dot product with obj differs from solver's. Obj viol from solver: 87257.87434730. Calculated: 87257.87435167.
*** WARNING (version #53bfdf0): /home/sek519/warm_starting/vws/../vpc/src/utility/nbspace.cpp:372: Ray 1313: Calculated dot product with obj differs from solver's. Obj viol from solver: 101798.99434730. Calculated: 101798.99435167.
*** WARNING (version #53bfdf0): /home/sek519/warm_starting/vws/../vpc/src/utility/nbspace.cpp:372: Ray 1314: Calculated dot product with obj differs from solver's. Obj viol from solver: 101652.11434731. Calculated: 101652.11435169.
*** WARNING (version #53bfdf0): /home/sek519/warm_starting/vws/../vpc/src/utility/nbspace.cpp:372: Ray 1315: Calculated dot product with obj differs from solver's. Obj viol from solver: 101798.99434730. Calculated: 101798.99435167.
*** WARNING (version #53bfdf0): /home/sek519/warm_starting/vws/../vpc/src/utility/nbspace.cpp:372: Ray 1316: Calculated dot product with obj differs from solver's. Obj viol from solver: 101798.99434730. Calculated: 101798.99435167.
*** WARNING (version #53bfdf0): /home/sek519/warm_starting/vws/../vpc/src/utility/nbspace.cpp:372: Ray 1317: Calculated dot product with obj differs from solver's. Obj viol from solver: 101798.99434730. Calculated: 101798.99435167.
*** WARNING (version #53bfdf0): /home/sek519/warm_starting/vws/../vpc/src/utility/nbspace.cpp:372: Ray 1318: Calculated dot product with obj differs from solver's. Obj viol from solver: 101798.99434730. Calculated: 101798.99435167.
*** WARNING (version #53bfdf0): /home/sek519/warm_starting/vws/../vpc/src/utility/nbspace.cpp:372: Ray 1319: Calculated dot product with obj differs from solver's. Obj viol from solver: 101798.99434730. Calculated: 101798.99435167.
*** WARNING (version #53bfdf0): /home/sek519/warm_starting/vws/../vpc/src/utility/nbspace.cpp:372: Ray 1320: Calculated dot product with obj differs from solver's. Obj viol from solver: 101798.99434730. Calculated: 101798.99435167.
*** WARNING (version #53bfdf0): /home/sek519/warm_starting/vws/../vpc/src/utility/nbspace.cpp:372: Ray 1321: Calculated dot product with obj differs from solver's. Obj viol from solver: 101798.99434730. Calculated: 101798.99435167.
*** WARNING (version #53bfdf0): /home/sek519/warm_starting/vws/../vpc/src/utility/nbspace.cpp:372: Ray 1322: Calculated dot product with obj differs from solver's. Obj viol from solver: 101798.99434730. Calculated: 101798.99435167.
*** WARNING (version #53bfdf0): /home/sek519/warm_starting/vws/../vpc/src/utility/nbspace.cpp:372: Ray 1323: Calculated dot product with obj differs from solver's. Obj viol from solver: 101798.99434730. Calculated: 101798.99435167.
*** WARNING (version #53bfdf0): /home/sek519/warm_starting/vws/../vpc/src/utility/nbspace.cpp:372: Ray 1324: Calculated dot product with obj differs from solver's. Obj viol from solver: 101769.21694803. Calculated: 101769.21695240.
*** WARNING (version #53bfdf0): /home/sek519/warm_starting/vws/../vpc/src/utility/nbspace.cpp:372: Ray 1550: Calculated dot product with obj differs from solver's. Obj viol from solver: 1799.85733486. Calculated: 1799.85732804.
*** WARNING (version #53bfdf0): /home/sek519/warm_starting/vws/../vpc/src/utility/nbspace.cpp:372: Ray 1551: Calculated dot product with obj differs from solver's. Obj viol from solver: 398.40460452. Calculated: 398.40460225.
*** WARNING (version #53bfdf0): /home/sek519/warm_starting/vws/../vpc/src/utility/nbspace.cpp:372: Ray 1552: Calculated dot product with obj differs from solver's. Obj viol from solver: 954.79742878. Calculated: 954.79742651.
*** WARNING (version #53bfdf0): /home/sek519/warm_starting/vws/../vpc/src/utility/nbspace.cpp:372: Ray 1553: Calculated dot product with obj differs from solver's. Obj viol from solver: 101098.10513372. Calculated: 101098.10513145.
*** WARNING (version #53bfdf0): /home/sek519/warm_starting/vws/../vpc/src/utility/nbspace.cpp:372: Ray 1555: Calculated dot product with obj differs from solver's. Obj viol from solver: 101094.30882775. Calculated: 101094.30882548.
*** WARNING (version #53bfdf0): /home/sek519/warm_starting/vws/../vpc/src/utility/nbspace.cpp:372: Ray 1556: Calculated dot product with obj differs from solver's. Obj viol from solver: 101064.49691662. Calculated: 101064.49691435.
*** WARNING (version #53bfdf0): /home/sek519/warm_starting/vws/../vpc/src/utility/nbspace.cpp:372: Ray 1557: Calculated dot product with obj differs from solver's. Obj viol from solver: 101094.11809121. Calculated: 101094.11808895.
*** WARNING (version #53bfdf0): /home/sek519/warm_starting/vws/../vpc/src/utility/nbspace.cpp:372: Ray 1558: Calculated dot product with obj differs from solver's. Obj viol from solver: 101094.27051957. Calculated: 101094.27051730.
*** WARNING (version #53bfdf0): /home/sek519/warm_starting/vws/../vpc/src/utility/nbspace.cpp:372: Ray 1559: Calculated dot product with obj differs from solver's. Obj viol from solver: 101094.27048506. Calculated: 101094.27048279.
*** WARNING (version #53bfdf0): /home/sek519/warm_starting/vws/../vpc/src/utility/nbspace.cpp:372: Ray 1560: Calculated dot product with obj differs from solver's. Obj viol from solver: 101094.27048161. Calculated: 101094.27047934.
*** WARNING (version #53bfdf0): /home/sek519/warm_starting/vws/../vpc/src/utility/nbspace.cpp:372: Ray 1561: Calculated dot product with obj differs from solver's. Obj viol from solver: 101094.27048126. Calculated: 101094.27047899.
*** WARNING (version #53bfdf0): /home/sek519/warm_starting/vws/../vpc/src/utility/nbspace.cpp:372: Ray 1562: Calculated dot product with obj differs from solver's. Obj viol from solver: 101094.27047970. Calculated: 101094.27047743.
*** WARNING (version #53bfdf0): /home/sek519/warm_starting/vws/../vpc/src/utility/nbspace.cpp:372: Ray 1563: Calculated dot product with obj differs from solver's. Obj viol from solver: 101094.27048122. Calculated: 101094.27047896.
*** WARNING (version #53bfdf0): /home/sek519/warm_starting/vws/../vpc/src/utility/nbspace.cpp:372: Ray 1564: Calculated dot product with obj differs from solver's. Obj viol from solver: 101094.27048122. Calculated: 101094.27047896.
*** WARNING (version #53bfdf0): /home/sek519/warm_starting/vws/../vpc/src/utility/nbspace.cpp:372: Ray 1790: Calculated dot product with obj differs from solver's. Obj viol from solver: 1230.03906768. Calculated: 1230.03906080.
*** WARNING (version #53bfdf0): /home/sek519/warm_starting/vws/../vpc/src/utility/nbspace.cpp:372: Ray 1791: Calculated dot product with obj differs from solver's. Obj viol from solver: 434.67176768. Calculated: 434.67176540.
*** WARNING (version #53bfdf0): /home/sek519/warm_starting/vws/../vpc/src/utility/nbspace.cpp:372: Ray 1792: Calculated dot product with obj differs from solver's. Obj viol from solver: 88259.39889600. Calculated: 88259.39889371.
*** WARNING (version #53bfdf0): /home/sek519/warm_starting/vws/../vpc/src/utility/nbspace.cpp:372: Ray 1793: Calculated dot product with obj differs from solver's. Obj viol from solver: 102080.53434074. Calculated: 102080.53433845.
*** WARNING (version #53bfdf0): /home/sek519/warm_starting/vws/../vpc/src/utility/nbspace.cpp:372: Ray 1794: Calculated dot product with obj differs from solver's. Obj viol from solver: 100536.22822514. Calculated: 100536.22822285.
*** WARNING (version #53bfdf0): /home/sek519/warm_starting/vws/../vpc/src/utility/nbspace.cpp:372: Ray 1795: Calculated dot product with obj differs from solver's. Obj viol from solver: 102076.96075358. Calculated: 102076.96075129.
*** WARNING (version #53bfdf0): /home/sek519/warm_starting/vws/../vpc/src/utility/nbspace.cpp:372: Ray 1796: Calculated dot product with obj differs from solver's. Obj viol from solver: 102075.38566642. Calculated: 102075.38566413.
*** WARNING (version #53bfdf0): /home/sek519/warm_starting/vws/../vpc/src/utility/nbspace.cpp:372: Ray 1797: Calculated dot product with obj differs from solver's. Obj viol from solver: 102076.92501771. Calculated: 102076.92501542.
*** WARNING (version #53bfdf0): /home/sek519/warm_starting/vws/../vpc/src/utility/nbspace.cpp:372: Ray 1798: Calculated dot product with obj differs from solver's. Obj viol from solver: 102076.92469284. Calculated: 102076.92469055.
*** WARNING (version #53bfdf0): /home/sek519/warm_starting/vws/../vpc/src/utility/nbspace.cpp:372: Ray 1799: Calculated dot product with obj differs from solver's. Obj viol from solver: 102076.92466035. Calculated: 102076.92465806.
*** WARNING (version #53bfdf0): /home/sek519/warm_starting/vws/../vpc/src/utility/nbspace.cpp:372: Ray 1800: Calculated dot product with obj differs from solver's. Obj viol from solver: 102076.92465710. Calculated: 102076.92465481.
*** WARNING (version #53bfdf0): /home/sek519/warm_starting/vws/../vpc/src/utility/nbspace.cpp:372: Ray 1801: Calculated dot product with obj differs from solver's. Obj viol from solver: 102076.92465677. Calculated: 102076.92465449.
*** WARNING (version #53bfdf0): /home/sek519/warm_starting/vws/../vpc/src/utility/nbspace.cpp:372: Ray 1802: Calculated dot product with obj differs from solver's. Obj viol from solver: 102076.92465674. Calculated: 102076.92465445.
*** WARNING (version #53bfdf0): /home/sek519/warm_starting/vws/../vpc/src/utility/nbspace.cpp:372: Ray 1803: Calculated dot product with obj differs from solver's. Obj viol from solver: 102076.92465674. Calculated: 102076.92465445.
*** WARNING (version #53bfdf0): /home/sek519/warm_starting/vws/../vpc/src/utility/nbspace.cpp:372: Ray 1804: Calculated dot product with obj differs from solver's. Obj viol from solver: 102076.92465674. Calculated: 102076.92465445.
*** WARNING (version #53bfdf0): /home/sek519/warm_starting/vws/../vpc/src/utility/nbspace.cpp:372: Ray 2030: Calculated dot product with obj differs from solver's. Obj viol from solver: 3083.75759157. Calculated: 3083.75758447.
*** WARNING (version #53bfdf0): /home/sek519/warm_starting/vws/../vpc/src/utility/nbspace.cpp:372: Ray 2032: Calculated dot product with obj differs from solver's. Obj viol from solver: 52786.42263869. Calculated: 52786.42263632.
*** WARNING (version #53bfdf0): /home/sek519/warm_starting/vws/../vpc/src/utility/nbspace.cpp:372: Ray 2033: Calculated dot product with obj differs from solver's. Obj viol from solver: 103764.98750729. Calculated: 103764.98750493.
*** WARNING (version #53bfdf0): /home/sek519/warm_starting/vws/../vpc/src/utility/nbspace.cpp:372: Ray 2034: Calculated dot product with obj differs from solver's. Obj viol from solver: 105352.90346833. Calculated: 105352.90346597.
*** WARNING (version #53bfdf0): /home/sek519/warm_starting/vws/../vpc/src/utility/nbspace.cpp:372: Ray 2035: Calculated dot product with obj differs from solver's. Obj viol from solver: 105352.48506445. Calculated: 105352.48506209.
*** WARNING (version #53bfdf0): /home/sek519/warm_starting/vws/../vpc/src/utility/nbspace.cpp:372: Ray 2036: Calculated dot product with obj differs from solver's. Obj viol from solver: 105352.44322406. Calculated: 105352.44322170.
*** WARNING (version #53bfdf0): /home/sek519/warm_starting/vws/../vpc/src/utility/nbspace.cpp:372: Ray 2037: Calculated dot product with obj differs from solver's. Obj viol from solver: 105352.43904002. Calculated: 105352.43903766.
*** WARNING (version #53bfdf0): /home/sek519/warm_starting/vws/../vpc/src/utility/nbspace.cpp:372: Ray 2038: Calculated dot product with obj differs from solver's. Obj viol from solver: 105322.66122236. Calculated: 105322.66122000.
*** WARNING (version #53bfdf0): /home/sek519/warm_starting/vws/../vpc/src/utility/nbspace.cpp:372: Ray 2039: Calculated dot product with obj differs from solver's. Obj viol from solver: 105352.43857978. Calculated: 105352.43857742.
*** WARNING (version #53bfdf0): /home/sek519/warm_starting/vws/../vpc/src/utility/nbspace.cpp:372: Ray 2040: Calculated dot product with obj differs from solver's. Obj viol from solver: 105382.21597485. Calculated: 105382.21597249.
*** WARNING (version #53bfdf0): /home/sek519/warm_starting/vws/../vpc/src/utility/nbspace.cpp:372: Ray 2041: Calculated dot product with obj differs from solver's. Obj viol from solver: 105352.43857518. Calculated: 105352.43857281.
*** WARNING (version #53bfdf0): /home/sek519/warm_starting/vws/../vpc/src/utility/nbspace.cpp:372: Ray 2042: Calculated dot product with obj differs from solver's. Obj viol from solver: 105352.43857513. Calculated: 105352.43857277.
*** WARNING (version #53bfdf0): /home/sek519/warm_starting/vws/../vpc/src/utility/nbspace.cpp:372: Ray 2043: Calculated dot product with obj differs from solver's. Obj viol from solver: 105322.66117587. Calculated: 105322.66117351.
*** WARNING (version #53bfdf0): /home/sek519/warm_starting/vws/../vpc/src/utility/nbspace.cpp:372: Ray 2044: Calculated dot product with obj differs from solver's. Obj viol from solver: 105352.43857497. Calculated: 105352.43857261.
*** WARNING (version #53bfdf0): /home/sek519/warm_starting/vws/../vpc/src/utility/nbspace.cpp:358: Ray 2194: dot product with obj < 0. Obj viol from solver: -0.00000014. Calculated: -0.00000014.
*** WARNING (version #53bfdf0): /home/sek519/warm_starting/vws/../vpc/src/cut/CglVPC.cpp:1243: Term 406 ray 2072 does not satisfy the objective cut. Activity: -0.00000014. RHS: 0.00000000. Small enough violation that we only send a warning.
*** WARNING (version #53bfdf0): /home/sek519/warm_starting/vws/../vpc/src/utility/nbspace.cpp:372: Ray 2270: Calculated dot product with obj differs from solver's. Obj viol from solver: 4328.37282724. Calculated: 4328.37282012.
*** WARNING (version #53bfdf0): /home/sek519/warm_starting/vws/../vpc/src/utility/nbspace.cpp:372: Ray 2271: Calculated dot product with obj differs from solver's. Obj viol from solver: 988.66167476. Calculated: 988.66167240.
*** WARNING (version #53bfdf0): /home/sek519/warm_starting/vws/../vpc/src/utility/nbspace.cpp:372: Ray 2273: Calculated dot product with obj differs from solver's. Obj viol from solver: 110438.75515819. Calculated: 110438.75515582.
*** WARNING (version #53bfdf0): /home/sek519/warm_starting/vws/../vpc/src/utility/nbspace.cpp:372: Ray 2274: Calculated dot product with obj differs from solver's. Obj viol from solver: 105448.05325159. Calculated: 105448.05324923.
*** WARNING (version #53bfdf0): /home/sek519/warm_starting/vws/../vpc/src/utility/nbspace.cpp:372: Ray 2275: Calculated dot product with obj differs from solver's. Obj viol from solver: 105574.80161743. Calculated: 105574.80161507.
*** WARNING (version #53bfdf0): /home/sek519/warm_starting/vws/../vpc/src/utility/nbspace.cpp:372: Ray 2276: Calculated dot product with obj differs from solver's. Obj viol from solver: 105590.66785402. Calculated: 105590.66785165.
*** WARNING (version #53bfdf0): /home/sek519/warm_starting/vws/../vpc/src/utility/nbspace.cpp:372: Ray 2277: Calculated dot product with obj differs from solver's. Obj viol from solver: 105590.65877768. Calculated: 105590.65877531.
*** WARNING (version #53bfdf0): /home/sek519/warm_starting/vws/../vpc/src/utility/nbspace.cpp:372: Ray 2278: Calculated dot product with obj differs from solver's. Obj viol from solver: 105590.65787004. Calculated: 105590.65786767.
*** WARNING (version #53bfdf0): /home/sek519/warm_starting/vws/../vpc/src/utility/nbspace.cpp:372: Ray 2279: Calculated dot product with obj differs from solver's. Obj viol from solver: 105590.65777928. Calculated: 105590.65777691.
*** WARNING (version #53bfdf0): /home/sek519/warm_starting/vws/../vpc/src/utility/nbspace.cpp:372: Ray 2280: Calculated dot product with obj differs from solver's. Obj viol from solver: 105590.65777020. Calculated: 105590.65776783.
*** WARNING (version #53bfdf0): /home/sek519/warm_starting/vws/../vpc/src/utility/nbspace.cpp:372: Ray 2281: Calculated dot product with obj differs from solver's. Obj viol from solver: 105590.65776929. Calculated: 105590.65776693.
*** WARNING (version #53bfdf0): /home/sek519/warm_starting/vws/../vpc/src/utility/nbspace.cpp:372: Ray 2282: Calculated dot product with obj differs from solver's. Obj viol from solver: 105590.65776920. Calculated: 105590.65776684.
*** WARNING (version #53bfdf0): /home/sek519/warm_starting/vws/../vpc/src/utility/nbspace.cpp:372: Ray 2283: Calculated dot product with obj differs from solver's. Obj viol from solver: 105590.65776919. Calculated: 105590.65776683.
*** WARNING (version #53bfdf0): /home/sek519/warm_starting/vws/../vpc/src/utility/nbspace.cpp:372: Ray 2284: Calculated dot product with obj differs from solver's. Obj viol from solver: 105590.65776919. Calculated: 105590.65776683.
*** WARNING (version #53bfdf0): /home/sek519/warm_starting/vws/../vpc/src/utility/nbspace.cpp:372: Ray 2511: Calculated dot product with obj differs from solver's. Obj viol from solver: 1045.84355944. Calculated: 1045.84355673.
*** WARNING (version #53bfdf0): /home/sek519/warm_starting/vws/../vpc/src/utility/nbspace.cpp:372: Ray 2512: Calculated dot product with obj differs from solver's. Obj viol from solver: 104508.61240859. Calculated: 104508.61240588.
*** WARNING (version #53bfdf0): /home/sek519/warm_starting/vws/../vpc/src/utility/nbspace.cpp:372: Ray 2513: Calculated dot product with obj differs from solver's. Obj viol from solver: 119230.67847059. Calculated: 119230.67846788.
*** WARNING (version #53bfdf0): /home/sek519/warm_starting/vws/../vpc/src/utility/nbspace.cpp:372: Ray 2514: Calculated dot product with obj differs from solver's. Obj viol from solver: 120702.88507679. Calculated: 120702.88507408.
*** WARNING (version #53bfdf0): /home/sek519/warm_starting/vws/../vpc/src/utility/nbspace.cpp:372: Ray 2515: Calculated dot product with obj differs from solver's. Obj viol from solver: 120848.46184241. Calculated: 120848.46183970.
*** WARNING (version #53bfdf0): /home/sek519/warm_starting/vws/../vpc/src/utility/nbspace.cpp:372: Ray 2516: Calculated dot product with obj differs from solver's. Obj viol from solver: 120866.47169848. Calculated: 120866.47169577.
*** WARNING (version #53bfdf0): /home/sek519/warm_starting/vws/../vpc/src/utility/nbspace.cpp:372: Ray 2517: Calculated dot product with obj differs from solver's. Obj viol from solver: 120866.28174458. Calculated: 120866.28174187.
*** WARNING (version #53bfdf0): /home/sek519/warm_starting/vws/../vpc/src/utility/nbspace.cpp:372: Ray 2518: Calculated dot product with obj differs from solver's. Obj viol from solver: 120866.46366969. Calculated: 120866.46366698.
*** WARNING (version #53bfdf0): /home/sek519/warm_starting/vws/../vpc/src/utility/nbspace.cpp:372: Ray 2519: Calculated dot product with obj differs from solver's. Obj viol from solver: 120866.46359670. Calculated: 120866.46359399.
*** WARNING (version #53bfdf0): /home/sek519/warm_starting/vws/../vpc/src/utility/nbspace.cpp:372: Ray 2520: Calculated dot product with obj differs from solver's. Obj viol from solver: 120866.46358941. Calculated: 120866.46358670.
*** WARNING (version #53bfdf0): /home/sek519/warm_starting/vws/../vpc/src/utility/nbspace.cpp:372: Ray 2521: Calculated dot product with obj differs from solver's. Obj viol from solver: 120866.46358868. Calculated: 120866.46358597.
*** WARNING (version #53bfdf0): /home/sek519/warm_starting/vws/../vpc/src/utility/nbspace.cpp:372: Ray 2522: Calculated dot product with obj differs from solver's. Obj viol from solver: 120866.46358860. Calculated: 120866.46358589.
*** WARNING (version #53bfdf0): /home/sek519/warm_starting/vws/../vpc/src/utility/nbspace.cpp:372: Ray 2523: Calculated dot product with obj differs from solver's. Obj viol from solver: 120866.46358860. Calculated: 120866.46358589.
*** WARNING (version #53bfdf0): /home/sek519/warm_starting/vws/../vpc/src/utility/nbspace.cpp:372: Ray 2524: Calculated dot product with obj differs from solver's. Obj viol from solver: 120866.46358859. Calculated: 120866.46358588.
*** WARNING (version #53bfdf0): /home/sek519/warm_starting/vws/../vpc/src/utility/nbspace.cpp:372: Ray 2750: Calculated dot product with obj differs from solver's. Obj viol from solver: 4834.73294656. Calculated: 4834.73293435.
*** WARNING (version #53bfdf0): /home/sek519/warm_starting/vws/../vpc/src/utility/nbspace.cpp:372: Ray 2751: Calculated dot product with obj differs from solver's. Obj viol from solver: 90513.98509887. Calculated: 90513.98509481.
*** WARNING (version #53bfdf0): /home/sek519/warm_starting/vws/../vpc/src/utility/nbspace.cpp:372: Ray 2752: Calculated dot product with obj differs from solver's. Obj viol from solver: 1690.52473656. Calculated: 1690.52473250.
*** WARNING (version #53bfdf0): /home/sek519/warm_starting/vws/../vpc/src/utility/nbspace.cpp:372: Ray 2753: Calculated dot product with obj differs from solver's. Obj viol from solver: 1674.08269070. Calculated: 1674.08268664.
*** WARNING (version #53bfdf0): /home/sek519/warm_starting/vws/../vpc/src/utility/nbspace.cpp:372: Ray 2754: Calculated dot product with obj differs from solver's. Obj viol from solver: 181107.00167431. Calculated: 181107.00167025.
*** WARNING (version #53bfdf0): /home/sek519/warm_starting/vws/../vpc/src/utility/nbspace.cpp:372: Ray 2755: Calculated dot product with obj differs from solver's. Obj viol from solver: 181106.22822637. Calculated: 181106.22822231.
*** WARNING (version #53bfdf0): /home/sek519/warm_starting/vws/../vpc/src/utility/nbspace.cpp:372: Ray 2756: Calculated dot product with obj differs from solver's. Obj viol from solver: 181106.15088158. Calculated: 181106.15087752.
*** WARNING (version #53bfdf0): /home/sek519/warm_starting/vws/../vpc/src/utility/nbspace.cpp:372: Ray 2757: Calculated dot product with obj differs from solver's. Obj viol from solver: 181106.14314710. Calculated: 181106.14314304.
*** WARNING (version #53bfdf0): /home/sek519/warm_starting/vws/../vpc/src/utility/nbspace.cpp:372: Ray 2758: Calculated dot product with obj differs from solver's. Obj viol from solver: 181106.14237365. Calculated: 181106.14236959.
*** WARNING (version #53bfdf0): /home/sek519/warm_starting/vws/../vpc/src/utility/nbspace.cpp:372: Ray 2759: Calculated dot product with obj differs from solver's. Obj viol from solver: 181135.91969557. Calculated: 181135.91969150.
*** WARNING (version #53bfdf0): /home/sek519/warm_starting/vws/../vpc/src/utility/nbspace.cpp:372: Ray 2760: Calculated dot product with obj differs from solver's. Obj viol from solver: 181106.14228857. Calculated: 181106.14228451.
*** WARNING (version #53bfdf0): /home/sek519/warm_starting/vws/../vpc/src/utility/nbspace.cpp:372: Ray 2761: Calculated dot product with obj differs from solver's. Obj viol from solver: 181106.14228780. Calculated: 181106.14228374.
*** WARNING (version #53bfdf0): /home/sek519/warm_starting/vws/../vpc/src/utility/nbspace.cpp:372: Ray 2762: Calculated dot product with obj differs from solver's. Obj viol from solver: 357809.89575073. Calculated: 357809.89574667.
*** WARNING (version #53bfdf0): /home/sek519/warm_starting/vws/../vpc/src/utility/nbspace.cpp:372: Ray 2763: Calculated dot product with obj differs from solver's. Obj viol from solver: 181106.14228772. Calculated: 181106.14228365.
*** WARNING (version #53bfdf0): /home/sek519/warm_starting/vws/../vpc/src/utility/nbspace.cpp:372: Ray 2764: Calculated dot product with obj differs from solver's. Obj viol from solver: 181106.14228771. Calculated: 181106.14228365.
*** WARNING (version #53bfdf0): /home/sek519/warm_starting/vws/../vpc/src/utility/nbspace.cpp:372: Ray 2990: Calculated dot product with obj differs from solver's. Obj viol from solver: 11916.25951972. Calculated: 11916.25950328.
*** WARNING (version #53bfdf0): /home/sek519/warm_starting/vws/../vpc/src/utility/nbspace.cpp:372: Ray 2991: Calculated dot product with obj differs from solver's. Obj viol from solver: 2604.51471720. Calculated: 2604.51471173.
*** WARNING (version #53bfdf0): /home/sek519/warm_starting/vws/../vpc/src/utility/nbspace.cpp:372: Ray 2993: Calculated dot product with obj differs from solver's. Obj viol from solver: 2181.64326771. Calculated: 2181.64326224.
*** WARNING (version #53bfdf0): /home/sek519/warm_starting/vws/../vpc/src/utility/nbspace.cpp:372: Ray 2994: Calculated dot product with obj differs from solver's. Obj viol from solver: 122620.86054508. Calculated: 122620.86053962.
*** WARNING (version #53bfdf0): /home/sek519/warm_starting/vws/../vpc/src/utility/nbspace.cpp:372: Ray 2995: Calculated dot product with obj differs from solver's. Obj viol from solver: 2092.34398940. Calculated: 2092.34398393.
*** WARNING (version #53bfdf0): /home/sek519/warm_starting/vws/../vpc/src/utility/nbspace.cpp:372: Ray 2997: Calculated dot product with obj differs from solver's. Obj viol from solver: 11145.32592085. Calculated: 11145.32591538.
*** WARNING (version #53bfdf0): /home/sek519/warm_starting/vws/../vpc/src/utility/nbspace.cpp:372: Ray 2998: Calculated dot product with obj differs from solver's. Obj viol from solver: 591630.70679104. Calculated: 591630.70678557.
*** WARNING (version #53bfdf0): /home/sek519/warm_starting/vws/../vpc/src/utility/nbspace.cpp:372: Ray 2999: Calculated dot product with obj differs from solver's. Obj viol from solver: 113777.54036821. Calculated: 113777.54036275.
*** WARNING (version #53bfdf0): /home/sek519/warm_starting/vws/../vpc/src/utility/nbspace.cpp:372: Ray 3000: Calculated dot product with obj differs from solver's. Obj viol from solver: 503986.28687437. Calculated: 503986.28686890.
*** WARNING (version #53bfdf0): /home/sek519/warm_starting/vws/../vpc/src/utility/nbspace.cpp:372: Ray 3001: Calculated dot product with obj differs from solver's. Obj viol from solver: 122934.72649546. Calculated: 122934.72648999.
*** WARNING (version #53bfdf0): /home/sek519/warm_starting/vws/../vpc/src/utility/nbspace.cpp:372: Ray 3002: Calculated dot product with obj differs from solver's. Obj viol from solver: 482223.73150685. Calculated: 482223.73150138.
*** WARNING (version #53bfdf0): /home/sek519/warm_starting/vws/../vpc/src/utility/nbspace.cpp:372: Ray 3003: Calculated dot product with obj differs from solver's. Obj viol from solver: 243847.12252415. Calculated: 243847.12251868.
*** WARNING (version #53bfdf0): /home/sek519/warm_starting/vws/../vpc/src/utility/nbspace.cpp:372: Ray 3004: Calculated dot product with obj differs from solver's. Obj viol from solver: 243847.12252451. Calculated: 243847.12251905.
*** WARNING (version #53bfdf0): /home/sek519/warm_starting/vws/../vpc/src/utility/nbspace.cpp:372: Ray 3082: Calculated dot product with obj differs from solver's. Obj viol from solver: 102775.88963808. Calculated: 102775.88963794.
*** WARNING (version #53bfdf0): /home/sek519/warm_starting/vws/../vpc/src/utility/nbspace.cpp:372: Ray 3232: Calculated dot product with obj differs from solver's. Obj viol from solver: 270495.67311250. Calculated: 270495.67312631.
*** WARNING (version #53bfdf0): /home/sek519/warm_starting/vws/../vpc/src/utility/nbspace.cpp:372: Ray 3233: Calculated dot product with obj differs from solver's. Obj viol from solver: 308020.62382900. Calculated: 308020.62384281.
*** WARNING (version #53bfdf0): /home/sek519/warm_starting/vws/../vpc/src/utility/nbspace.cpp:372: Ray 3234: Calculated dot product with obj differs from solver's. Obj viol from solver: 311726.72840065. Calculated: 311726.72841446.
*** WARNING (version #53bfdf0): /home/sek519/warm_starting/vws/../vpc/src/utility/nbspace.cpp:372: Ray 3235: Calculated dot product with obj differs from solver's. Obj viol from solver: 312190.11985781. Calculated: 312190.11987163.
*** WARNING (version #53bfdf0): /home/sek519/warm_starting/vws/../vpc/src/utility/nbspace.cpp:372: Ray 3236: Calculated dot product with obj differs from solver's. Obj viol from solver: 312190.06850353. Calculated: 312190.06851734.
*** WARNING (version #53bfdf0): /home/sek519/warm_starting/vws/../vpc/src/utility/nbspace.cpp:372: Ray 3237: Calculated dot product with obj differs from solver's. Obj viol from solver: 312190.06336810. Calculated: 312190.06338191.
*** WARNING (version #53bfdf0): /home/sek519/warm_starting/vws/../vpc/src/utility/nbspace.cpp:372: Ray 3238: Calculated dot product with obj differs from solver's. Obj viol from solver: 312190.06285456. Calculated: 312190.06286837.
*** WARNING (version #53bfdf0): /home/sek519/warm_starting/vws/../vpc/src/utility/nbspace.cpp:372: Ray 3239: Calculated dot product with obj differs from solver's. Obj viol from solver: 312190.06280321. Calculated: 312190.06281702.
*** WARNING (version #53bfdf0): /home/sek519/warm_starting/vws/../vpc/src/utility/nbspace.cpp:372: Ray 3241: Calculated dot product with obj differs from solver's. Obj viol from solver: 312190.06279756. Calculated: 312190.06281137.
*** WARNING (version #53bfdf0): /home/sek519/warm_starting/vws/../vpc/src/utility/nbspace.cpp:372: Ray 3242: Calculated dot product with obj differs from solver's. Obj viol from solver: 312190.06279751. Calculated: 312190.06281132.
*** WARNING (version #53bfdf0): /home/sek519/warm_starting/vws/../vpc/src/utility/nbspace.cpp:372: Ray 3243: Calculated dot product with obj differs from solver's. Obj viol from solver: 312190.06279750. Calculated: 312190.06281131.
*** WARNING (version #53bfdf0): /home/sek519/warm_starting/vws/../vpc/src/utility/nbspace.cpp:372: Ray 3244: Calculated dot product with obj differs from solver's. Obj viol from solver: 312190.06279750. Calculated: 312190.06281131.
*** WARNING (version #53bfdf0): /home/sek519/warm_starting/vws/../vpc/src/utility/nbspace.cpp:372: Ray 3470: Calculated dot product with obj differs from solver's. Obj viol from solver: 21075.55230652. Calculated: 21075.55226646.
*** WARNING (version #53bfdf0): /home/sek519/warm_starting/vws/../vpc/src/utility/nbspace.cpp:372: Ray 3471: Calculated dot product with obj differs from solver's. Obj viol from solver: 4066.04296193. Calculated: 4066.04294861.
*** WARNING (version #53bfdf0): /home/sek519/warm_starting/vws/../vpc/src/utility/nbspace.cpp:372: Ray 3472: Calculated dot product with obj differs from solver's. Obj viol from solver: 3217.41406193. Calculated: 3217.41404861.
*** WARNING (version #53bfdf0): /home/sek519/warm_starting/vws/../vpc/src/utility/nbspace.cpp:372: Ray 3473: Calculated dot product with obj differs from solver's. Obj viol from solver: 586190.98158248. Calculated: 586190.98156916.
*** WARNING (version #53bfdf0): /home/sek519/warm_starting/vws/../vpc/src/utility/nbspace.cpp:372: Ray 3474: Calculated dot product with obj differs from solver's. Obj viol from solver: 82790.91238073. Calculated: 82790.91236741.
*** WARNING (version #53bfdf0): /home/sek519/warm_starting/vws/../vpc/src/utility/nbspace.cpp:372: Ray 3475: Calculated dot product with obj differs from solver's. Obj viol from solver: 594238.13341436. Calculated: 594238.13340104.
*** WARNING (version #53bfdf0): /home/sek519/warm_starting/vws/../vpc/src/utility/nbspace.cpp:372: Ray 3476: Calculated dot product with obj differs from solver's. Obj viol from solver: 594237.81497647. Calculated: 594237.81496314.
*** WARNING (version #53bfdf0): /home/sek519/warm_starting/vws/../vpc/src/utility/nbspace.cpp:372: Ray 3477: Calculated dot product with obj differs from solver's. Obj viol from solver: 594237.78313268. Calculated: 594237.78311935.
*** WARNING (version #53bfdf0): /home/sek519/warm_starting/vws/../vpc/src/utility/nbspace.cpp:372: Ray 3478: Calculated dot product with obj differs from solver's. Obj viol from solver: 594237.77994830. Calculated: 594237.77993498.
*** WARNING (version #53bfdf0): /home/sek519/warm_starting/vws/../vpc/src/utility/nbspace.cpp:372: Ray 3479: Calculated dot product with obj differs from solver's. Obj viol from solver: 594237.77962986. Calculated: 594237.77961654.
*** WARNING (version #53bfdf0): /home/sek519/warm_starting/vws/../vpc/src/utility/nbspace.cpp:372: Ray 3480: Calculated dot product with obj differs from solver's. Obj viol from solver: 594237.77959802. Calculated: 594237.77958469.
*** WARNING (version #53bfdf0): /home/sek519/warm_starting/vws/../vpc/src/utility/nbspace.cpp:372: Ray 3481: Calculated dot product with obj differs from solver's. Obj viol from solver: 1104790.16500738. Calculated: 1104790.16499406.
*** WARNING (version #53bfdf0): /home/sek519/warm_starting/vws/../vpc/src/utility/nbspace.cpp:372: Ray 3482: Calculated dot product with obj differs from solver's. Obj viol from solver: 594237.77959452. Calculated: 594237.77958119.
*** WARNING (version #53bfdf0): /home/sek519/warm_starting/vws/../vpc/src/utility/nbspace.cpp:372: Ray 3483: Calculated dot product with obj differs from solver's. Obj viol from solver: 594237.77959448. Calculated: 594237.77958116.
*** WARNING (version #53bfdf0): /home/sek519/warm_starting/vws/../vpc/src/utility/nbspace.cpp:372: Ray 3484: Calculated dot product with obj differs from solver's. Obj viol from solver: 594237.77959448. Calculated: 594237.77958116.
*** WARNING (version #53bfdf0): /home/sek519/warm_starting/vws/../vpc/src/utility/nbspace.cpp:372: Ray 3561: Calculated dot product with obj differs from solver's. Obj viol from solver: 8816.33177327. Calculated: 8816.33177343.
*** WARNING (version #53bfdf0): /home/sek519/warm_starting/vws/../vpc/src/utility/nbspace.cpp:372: Ray 3562: Calculated dot product with obj differs from solver's. Obj viol from solver: 6520.99265327. Calculated: 6520.99265343.
*** WARNING (version #53bfdf0): /home/sek519/warm_starting/vws/../vpc/src/utility/nbspace.cpp:372: Ray 3563: Calculated dot product with obj differs from solver's. Obj viol from solver: 589349.88915181. Calculated: 589349.88915197.
*** WARNING (version #53bfdf0): /home/sek519/warm_starting/vws/../vpc/src/utility/nbspace.cpp:372: Ray 3564: Calculated dot product with obj differs from solver's. Obj viol from solver: 85935.35284787. Calculated: 85935.35284803.
*** WARNING (version #53bfdf0): /home/sek519/warm_starting/vws/../vpc/src/utility/nbspace.cpp:372: Ray 3565: Calculated dot product with obj differs from solver's. Obj viol from solver: 597381.12717127. Calculated: 597381.12717143.
*** WARNING (version #53bfdf0): /home/sek519/warm_starting/vws/../vpc/src/utility/nbspace.cpp:372: Ray 3566: Calculated dot product with obj differs from solver's. Obj viol from solver: 597380.66406236. Calculated: 597380.66406252.
*** WARNING (version #53bfdf0): /home/sek519/warm_starting/vws/../vpc/src/utility/nbspace.cpp:372: Ray 3567: Calculated dot product with obj differs from solver's. Obj viol from solver: 597380.61775147. Calculated: 597380.61775163.
*** WARNING (version #53bfdf0): /home/sek519/warm_starting/vws/../vpc/src/utility/nbspace.cpp:372: Ray 3568: Calculated dot product with obj differs from solver's. Obj viol from solver: 597380.61312038. Calculated: 597380.61312054.
*** WARNING (version #53bfdf0): /home/sek519/warm_starting/vws/../vpc/src/utility/nbspace.cpp:372: Ray 3569: Calculated dot product with obj differs from solver's. Obj viol from solver: 597380.61265727. Calculated: 597380.61265743.
*** WARNING (version #53bfdf0): /home/sek519/warm_starting/vws/../vpc/src/utility/nbspace.cpp:372: Ray 3571: Calculated dot product with obj differs from solver's. Obj viol from solver: 1107932.99801887. Calculated: 1107932.99801904.
*** WARNING (version #53bfdf0): /home/sek519/warm_starting/vws/../vpc/src/utility/nbspace.cpp:372: Ray 3572: Calculated dot product with obj differs from solver's. Obj viol from solver: 597380.61260586. Calculated: 597380.61260602.
*** WARNING (version #53bfdf0): /home/sek519/warm_starting/vws/../vpc/src/utility/nbspace.cpp:372: Ray 3573: Calculated dot product with obj differs from solver's. Obj viol from solver: 597350.67771844. Calculated: 597350.67771869.
*** WARNING (version #53bfdf0): /home/sek519/warm_starting/vws/../vpc/src/utility/nbspace.cpp:372: Ray 3574: Calculated dot product with obj differs from solver's. Obj viol from solver: 597380.61260581. Calculated: 597380.61260597.
*** WARNING (version #53bfdf0): /home/sek519/warm_starting/vws/../vpc/src/utility/nbspace.cpp:372: Ray 5415: Calculated dot product with obj differs from solver's. Obj viol from solver: 1309.62008069. Calculated: 1309.62008683.
*** WARNING (version #53bfdf0): /home/sek519/warm_starting/vws/../vpc/src/utility/nbspace.cpp:372: Ray 5460: Calculated dot product with obj differs from solver's. Obj viol from solver: 4605.56316889. Calculated: 4605.56317544.
*** WARNING (version #53bfdf0): /home/sek519/warm_starting/vws/../vpc/src/utility/nbspace.cpp:372: Ray 5580: Calculated dot product with obj differs from solver's. Obj viol from solver: 5214.85384583. Calculated: 5214.85386653.
*** WARNING (version #53bfdf0): /home/sek519/warm_starting/vws/../vpc/src/cut/CglVPC.cpp:683: Nonbasic reduced cost should be >= 0 in the complemented nonbasic space. However, for nb var 2061 (real var 2194), it is -1.432890e-07. Small enough error that we only send warning.
*** WARNING (version #53bfdf0): /home/sek519/warm_starting/vws/../vpc/src/utility/nbspace.cpp:372: Ray 391: Calculated dot product with obj differs from solver's. Obj viol from solver: 87805.86077276. Calculated: 87805.86077265.
*** WARNING (version #53bfdf0): /home/sek519/warm_starting/vws/../vpc/src/utility/nbspace.cpp:372: Ray 1836: Calculated dot product with obj differs from solver's. Obj viol from solver: 8755.85265363. Calculated: 8755.85265339.
*** WARNING (version #53bfdf0): /home/sek519/warm_starting/vws/../vpc/src/utility/nbspace.cpp:372: Ray 1837: Calculated dot product with obj differs from solver's. Obj viol from solver: 97147.52531720. Calculated: 97147.52531696.
*** WARNING (version #53bfdf0): /home/sek519/warm_starting/vws/../vpc/src/utility/nbspace.cpp:372: Ray 1838: Calculated dot product with obj differs from solver's. Obj viol from solver: 111021.20693720. Calculated: 111021.20693696.
*** WARNING (version #53bfdf0): /home/sek519/warm_starting/vws/../vpc/src/utility/nbspace.cpp:372: Ray 1839: Calculated dot product with obj differs from solver's. Obj viol from solver: 109479.17769920. Calculated: 109479.17769896.
*** WARNING (version #53bfdf0): /home/sek519/warm_starting/vws/../vpc/src/utility/nbspace.cpp:372: Ray 1840: Calculated dot product with obj differs from solver's. Obj viol from solver: 111020.13791540. Calculated: 111020.13791516.
*** WARNING (version #53bfdf0): /home/sek519/warm_starting/vws/../vpc/src/utility/nbspace.cpp:372: Ray 1841: Calculated dot product with obj differs from solver's. Obj viol from solver: 111048.22070208. Calculated: 111048.22070185.
*** WARNING (version #53bfdf0): /home/sek519/warm_starting/vws/../vpc/src/utility/nbspace.cpp:372: Ray 1842: Calculated dot product with obj differs from solver's. Obj viol from solver: 111020.12722519. Calculated: 111020.12722494.
*** WARNING (version #53bfdf0): /home/sek519/warm_starting/vws/../vpc/src/utility/nbspace.cpp:372: Ray 1843: Calculated dot product with obj differs from solver's. Obj viol from solver: 111020.12712800. Calculated: 111020.12712776.
*** WARNING (version #53bfdf0): /home/sek519/warm_starting/vws/../vpc/src/utility/nbspace.cpp:372: Ray 1844: Calculated dot product with obj differs from solver's. Obj viol from solver: 111020.12711828. Calculated: 111020.12711804.
*** WARNING (version #53bfdf0): /home/sek519/warm_starting/vws/../vpc/src/utility/nbspace.cpp:372: Ray 1845: Calculated dot product with obj differs from solver's. Obj viol from solver: 111020.12711731. Calculated: 111020.12711707.
*** WARNING (version #53bfdf0): /home/sek519/warm_starting/vws/../vpc/src/utility/nbspace.cpp:372: Ray 1846: Calculated dot product with obj differs from solver's. Obj viol from solver: 111020.12711722. Calculated: 111020.12711697.
*** WARNING (version #53bfdf0): /home/sek519/warm_starting/vws/../vpc/src/utility/nbspace.cpp:372: Ray 1847: Calculated dot product with obj differs from solver's. Obj viol from solver: 111020.12711721. Calculated: 111020.12711696.
*** WARNING (version #53bfdf0): /home/sek519/warm_starting/vws/../vpc/src/utility/nbspace.cpp:372: Ray 1848: Calculated dot product with obj differs from solver's. Obj viol from solver: 111020.12711720. Calculated: 111020.12711696.
*** WARNING (version #53bfdf0): /home/sek519/warm_starting/vws/../vpc/src/utility/nbspace.cpp:372: Ray 1849: Calculated dot product with obj differs from solver's. Obj viol from solver: 111020.12711720. Calculated: 111020.12711696.
*** WARNING (version #53bfdf0): /home/sek519/warm_starting/vws/../vpc/src/utility/nbspace.cpp:358: Ray 2194: dot product with obj < 0. Obj viol from solver: -0.00000014. Calculated: -0.00000014.
*** WARNING (version #53bfdf0): /home/sek519/warm_starting/vws/../vpc/src/cut/CglVPC.cpp:1243: Term 407 ray 2061 does not satisfy the objective cut. Activity: -0.00000014. RHS: 0.00000000. Small enough violation that we only send a warning.
*** WARNING (version #53bfdf0): /home/sek519/warm_starting/vws/../vpc/src/utility/nbspace.cpp:372: Ray 3030: Calculated dot product with obj differs from solver's. Obj viol from solver: 500151.36823567. Calculated: 500151.36823554.
*** WARNING (version #53bfdf0): /home/sek519/warm_starting/vws/../vpc/src/utility/nbspace.cpp:372: Ray 3260: Calculated dot product with obj differs from solver's. Obj viol from solver: 2851.42891499. Calculated: 2851.42891489.
*** WARNING (version #53bfdf0): /home/sek519/warm_starting/vws/../vpc/src/utility/nbspace.cpp:372: Ray 3261: Calculated dot product with obj differs from solver's. Obj viol from solver: 1230.76035395. Calculated: 1230.76035367.
*** WARNING (version #53bfdf0): /home/sek519/warm_starting/vws/../vpc/src/utility/nbspace.cpp:372: Ray 3262: Calculated dot product with obj differs from solver's. Obj viol from solver: 266296.09886619. Calculated: 266296.09886593.
*** WARNING (version #53bfdf0): /home/sek519/warm_starting/vws/../vpc/src/utility/nbspace.cpp:372: Ray 3263: Calculated dot product with obj differs from solver's. Obj viol from solver: 303728.77887819. Calculated: 303728.77887793.
*** WARNING (version #53bfdf0): /home/sek519/warm_starting/vws/../vpc/src/utility/nbspace.cpp:372: Ray 3266: Calculated dot product with obj differs from solver's. Obj viol from solver: 307887.98150453. Calculated: 307887.98150426.
*** WARNING (version #53bfdf0): /home/sek519/warm_starting/vws/../vpc/src/utility/nbspace.cpp:372: Ray 3267: Calculated dot product with obj differs from solver's. Obj viol from solver: 307887.96714203. Calculated: 307887.96714176.
*** WARNING (version #53bfdf0): /home/sek519/warm_starting/vws/../vpc/src/utility/nbspace.cpp:372: Ray 3268: Calculated dot product with obj differs from solver's. Obj viol from solver: 307887.96570578. Calculated: 307887.96570551.
*** WARNING (version #53bfdf0): /home/sek519/warm_starting/vws/../vpc/src/utility/nbspace.cpp:372: Ray 3269: Calculated dot product with obj differs from solver's. Obj viol from solver: 307887.96556215. Calculated: 307887.96556189.
*** WARNING (version #53bfdf0): /home/sek519/warm_starting/vws/../vpc/src/utility/nbspace.cpp:372: Ray 3270: Calculated dot product with obj differs from solver's. Obj viol from solver: 307887.96554779. Calculated: 307887.96554752.
*** WARNING (version #53bfdf0): /home/sek519/warm_starting/vws/../vpc/src/utility/nbspace.cpp:372: Ray 3272: Calculated dot product with obj differs from solver's. Obj viol from solver: 307887.96554621. Calculated: 307887.96554594.
*** WARNING (version #53bfdf0): /home/sek519/warm_starting/vws/../vpc/src/utility/nbspace.cpp:372: Ray 3273: Calculated dot product with obj differs from solver's. Obj viol from solver: 307887.96554620. Calculated: 307887.96554593.
*** WARNING (version #53bfdf0): /home/sek519/warm_starting/vws/../vpc/src/utility/nbspace.cpp:372: Ray 3274: Calculated dot product with obj differs from solver's. Obj viol from solver: 307887.96554619. Calculated: 307887.96554593.
*** WARNING (version #53bfdf0): /home/sek519/warm_starting/vws/../vpc/src/utility/nbspace.cpp:372: Ray 3275: Calculated dot product with obj differs from solver's. Obj viol from solver: 2934.50478374. Calculated: 2934.50478362.
*** WARNING (version #53bfdf0): /home/sek519/warm_starting/vws/../vpc/src/utility/nbspace.cpp:372: Ray 3500: Calculated dot product with obj differs from solver's. Obj viol from solver: 32206.41790321. Calculated: 32206.41790306.
*** WARNING (version #53bfdf0): /home/sek519/warm_starting/vws/../vpc/src/utility/nbspace.cpp:372: Ray 3501: Calculated dot product with obj differs from solver's. Obj viol from solver: 4270.12456861. Calculated: 4270.12456844.
*** WARNING (version #53bfdf0): /home/sek519/warm_starting/vws/../vpc/src/utility/nbspace.cpp:372: Ray 3502: Calculated dot product with obj differs from solver's. Obj viol from solver: 2621.35984861. Calculated: 2621.35984844.
*** WARNING (version #53bfdf0): /home/sek519/warm_starting/vws/../vpc/src/utility/nbspace.cpp:372: Ray 3503: Calculated dot product with obj differs from solver's. Obj viol from solver: 587966.77183501. Calculated: 587966.77183486.
*** WARNING (version #53bfdf0): /home/sek519/warm_starting/vws/../vpc/src/utility/nbspace.cpp:372: Ray 3504: Calculated dot product with obj differs from solver's. Obj viol from solver: 82106.84322721. Calculated: 82106.84322704.
*** WARNING (version #53bfdf0): /home/sek519/warm_starting/vws/../vpc/src/utility/nbspace.cpp:372: Ray 3505: Calculated dot product with obj differs from solver's. Obj viol from solver: 596005.12217287. Calculated: 596005.12217272.
*** WARNING (version #53bfdf0): /home/sek519/warm_starting/vws/../vpc/src/utility/nbspace.cpp:372: Ray 3506: Calculated dot product with obj differs from solver's. Obj viol from solver: 595974.85778236. Calculated: 595974.85778218.
*** WARNING (version #53bfdf0): /home/sek519/warm_starting/vws/../vpc/src/utility/nbspace.cpp:372: Ray 3507: Calculated dot product with obj differs from solver's. Obj viol from solver: 595974.81793721. Calculated: 595974.81793703.
*** WARNING (version #53bfdf0): /home/sek519/warm_starting/vws/../vpc/src/utility/nbspace.cpp:372: Ray 3508: Calculated dot product with obj differs from solver's. Obj viol from solver: 595974.81395270. Calculated: 595974.81395252.
*** WARNING (version #53bfdf0): /home/sek519/warm_starting/vws/../vpc/src/utility/nbspace.cpp:372: Ray 3511: Calculated dot product with obj differs from solver's. Obj viol from solver: 1109008.92290986. Calculated: 1109008.92290974.
*** WARNING (version #53bfdf0): /home/sek519/warm_starting/vws/../vpc/src/utility/nbspace.cpp:372: Ray 3512: Calculated dot product with obj differs from solver's. Obj viol from solver: 596004.67944906. Calculated: 596004.67944890.
*** WARNING (version #53bfdf0): /home/sek519/warm_starting/vws/../vpc/src/utility/nbspace.cpp:372: Ray 3513: Calculated dot product with obj differs from solver's. Obj viol from solver: 596004.67944902. Calculated: 596004.67944886.
*** WARNING (version #53bfdf0): /home/sek519/warm_starting/vws/../vpc/src/utility/nbspace.cpp:372: Ray 3514: Calculated dot product with obj differs from solver's. Obj viol from solver: 596004.67944901. Calculated: 596004.67944886.
*** WARNING (version #53bfdf0): /home/sek519/warm_starting/vws/../vpc/src/utility/nbspace.cpp:372: Ray 3515: Calculated dot product with obj differs from solver's. Obj viol from solver: 33291.24422945. Calculated: 33291.24422930.
*** WARNING (version #53bfdf0): /home/sek519/warm_starting/vws/../vpc/src/utility/nbspace.cpp:372: Ray 3530: Calculated dot product with obj differs from solver's. Obj viol from solver: 40595.43828268. Calculated: 40595.43828279.
*** WARNING (version #53bfdf0): /home/sek519/warm_starting/vws/../vpc/src/utility/nbspace.cpp:372: Ray 3575: Calculated dot product with obj differs from solver's. Obj viol from solver: 34993.50274358. Calculated: 34993.50274371.
*** WARNING (version #53bfdf0): /home/sek519/warm_starting/vws/../vpc/src/utility/nbspace.cpp:372: Ray 5493: Calculated dot product with obj differs from solver's. Obj viol from solver: 9430.98696963. Calculated: 9430.98696939.
*** WARNING (version #53bfdf0): /home/sek519/warm_starting/vws/../vpc/src/cut/CglVPC.cpp:683: Nonbasic reduced cost should be >= 0 in the complemented nonbasic space. However, for nb var 2061 (real var 2194), it is -1.432890e-07. Small enough error that we only send warning.
*** WARNING (version #53bfdf0): /home/sek519/warm_starting/vws/../vpc/src/utility/nbspace.cpp:372: Ray 391: Calculated dot product with obj differs from solver's. Obj viol from solver: 87805.86077276. Calculated: 87805.86077265.
*** WARNING (version #53bfdf0): /home/sek519/warm_starting/vws/../vpc/src/utility/nbspace.cpp:372: Ray 1836: Calculated dot product with obj differs from solver's. Obj viol from solver: 8755.85265363. Calculated: 8755.85265339.
*** WARNING (version #53bfdf0): /home/sek519/warm_starting/vws/../vpc/src/utility/nbspace.cpp:372: Ray 1837: Calculated dot product with obj differs from solver's. Obj viol from solver: 97147.52531720. Calculated: 97147.52531696.
*** WARNING (version #53bfdf0): /home/sek519/warm_starting/vws/../vpc/src/utility/nbspace.cpp:372: Ray 1838: Calculated dot product with obj differs from solver's. Obj viol from solver: 111021.20693720. Calculated: 111021.20693696.
*** WARNING (version #53bfdf0): /home/sek519/warm_starting/vws/../vpc/src/utility/nbspace.cpp:372: Ray 1839: Calculated dot product with obj differs from solver's. Obj viol from solver: 109479.17769920. Calculated: 109479.17769896.
*** WARNING (version #53bfdf0): /home/sek519/warm_starting/vws/../vpc/src/utility/nbspace.cpp:372: Ray 1840: Calculated dot product with obj differs from solver's. Obj viol from solver: 111020.13791540. Calculated: 111020.13791516.
*** WARNING (version #53bfdf0): /home/sek519/warm_starting/vws/../vpc/src/utility/nbspace.cpp:372: Ray 1841: Calculated dot product with obj differs from solver's. Obj viol from solver: 111048.22070208. Calculated: 111048.22070185.
*** WARNING (version #53bfdf0): /home/sek519/warm_starting/vws/../vpc/src/utility/nbspace.cpp:372: Ray 1842: Calculated dot product with obj differs from solver's. Obj viol from solver: 111020.12722519. Calculated: 111020.12722494.
*** WARNING (version #53bfdf0): /home/sek519/warm_starting/vws/../vpc/src/utility/nbspace.cpp:372: Ray 1843: Calculated dot product with obj differs from solver's. Obj viol from solver: 111020.12712800. Calculated: 111020.12712776.
*** WARNING (version #53bfdf0): /home/sek519/warm_starting/vws/../vpc/src/utility/nbspace.cpp:372: Ray 1844: Calculated dot product with obj differs from solver's. Obj viol from solver: 111020.12711828. Calculated: 111020.12711804.
*** WARNING (version #53bfdf0): /home/sek519/warm_starting/vws/../vpc/src/utility/nbspace.cpp:372: Ray 1845: Calculated dot product with obj differs from solver's. Obj viol from solver: 111020.12711731. Calculated: 111020.12711707.
*** WARNING (version #53bfdf0): /home/sek519/warm_starting/vws/../vpc/src/utility/nbspace.cpp:372: Ray 1846: Calculated dot product with obj differs from solver's. Obj viol from solver: 111020.12711722. Calculated: 111020.12711697.
*** WARNING (version #53bfdf0): /home/sek519/warm_starting/vws/../vpc/src/utility/nbspace.cpp:372: Ray 1847: Calculated dot product with obj differs from solver's. Obj viol from solver: 111020.12711721. Calculated: 111020.12711696.
*** WARNING (version #53bfdf0): /home/sek519/warm_starting/vws/../vpc/src/utility/nbspace.cpp:372: Ray 1848: Calculated dot product with obj differs from solver's. Obj viol from solver: 111020.12711720. Calculated: 111020.12711696.
*** WARNING (version #53bfdf0): /home/sek519/warm_starting/vws/../vpc/src/utility/nbspace.cpp:372: Ray 1849: Calculated dot product with obj differs from solver's. Obj viol from solver: 111020.12711720. Calculated: 111020.12711696.
*** WARNING (version #53bfdf0): /home/sek519/warm_starting/vws/../vpc/src/utility/nbspace.cpp:358: Ray 2194: dot product with obj < 0. Obj viol from solver: -0.00000014. Calculated: -0.00000014.
*** WARNING (version #53bfdf0): /home/sek519/warm_starting/vws/../vpc/src/cut/CglVPC.cpp:1243: Term 408 ray 2061 does not satisfy the objective cut. Activity: -0.00000014. RHS: 0.00000000. Small enough violation that we only send a warning.
*** WARNING (version #53bfdf0): /home/sek519/warm_starting/vws/../vpc/src/utility/nbspace.cpp:372: Ray 3030: Calculated dot product with obj differs from solver's. Obj viol from solver: 500151.36823567. Calculated: 500151.36823554.
*** WARNING (version #53bfdf0): /home/sek519/warm_starting/vws/../vpc/src/utility/nbspace.cpp:372: Ray 3260: Calculated dot product with obj differs from solver's. Obj viol from solver: 2851.42891499. Calculated: 2851.42891489.
*** WARNING (version #53bfdf0): /home/sek519/warm_starting/vws/../vpc/src/utility/nbspace.cpp:372: Ray 3261: Calculated dot product with obj differs from solver's. Obj viol from solver: 1230.76035395. Calculated: 1230.76035367.
*** WARNING (version #53bfdf0): /home/sek519/warm_starting/vws/../vpc/src/utility/nbspace.cpp:372: Ray 3262: Calculated dot product with obj differs from solver's. Obj viol from solver: 266296.09886619. Calculated: 266296.09886593.
*** WARNING (version #53bfdf0): /home/sek519/warm_starting/vws/../vpc/src/utility/nbspace.cpp:372: Ray 3263: Calculated dot product with obj differs from solver's. Obj viol from solver: 303728.77887819. Calculated: 303728.77887793.
*** WARNING (version #53bfdf0): /home/sek519/warm_starting/vws/../vpc/src/utility/nbspace.cpp:372: Ray 3266: Calculated dot product with obj differs from solver's. Obj viol from solver: 307887.98150453. Calculated: 307887.98150426.
*** WARNING (version #53bfdf0): /home/sek519/warm_starting/vws/../vpc/src/utility/nbspace.cpp:372: Ray 3267: Calculated dot product with obj differs from solver's. Obj viol from solver: 307887.96714203. Calculated: 307887.96714176.
*** WARNING (version #53bfdf0): /home/sek519/warm_starting/vws/../vpc/src/utility/nbspace.cpp:372: Ray 3268: Calculated dot product with obj differs from solver's. Obj viol from solver: 307887.96570578. Calculated: 307887.96570551.
*** WARNING (version #53bfdf0): /home/sek519/warm_starting/vws/../vpc/src/utility/nbspace.cpp:372: Ray 3269: Calculated dot product with obj differs from solver's. Obj viol from solver: 307887.96556215. Calculated: 307887.96556189.
*** WARNING (version #53bfdf0): /home/sek519/warm_starting/vws/../vpc/src/utility/nbspace.cpp:372: Ray 3270: Calculated dot product with obj differs from solver's. Obj viol from solver: 307887.96554779. Calculated: 307887.96554752.
*** WARNING (version #53bfdf0): /home/sek519/warm_starting/vws/../vpc/src/utility/nbspace.cpp:372: Ray 3272: Calculated dot product with obj differs from solver's. Obj viol from solver: 307887.96554621. Calculated: 307887.96554594.
*** WARNING (version #53bfdf0): /home/sek519/warm_starting/vws/../vpc/src/utility/nbspace.cpp:372: Ray 3273: Calculated dot product with obj differs from solver's. Obj viol from solver: 307887.96554620. Calculated: 307887.96554593.
*** WARNING (version #53bfdf0): /home/sek519/warm_starting/vws/../vpc/src/utility/nbspace.cpp:372: Ray 3274: Calculated dot product with obj differs from solver's. Obj viol from solver: 307887.96554619. Calculated: 307887.96554593.
*** WARNING (version #53bfdf0): /home/sek519/warm_starting/vws/../vpc/src/utility/nbspace.cpp:372: Ray 3275: Calculated dot product with obj differs from solver's. Obj viol from solver: 2934.50478374. Calculated: 2934.50478362.
*** WARNING (version #53bfdf0): /home/sek519/warm_starting/vws/../vpc/src/utility/nbspace.cpp:372: Ray 3500: Calculated dot product with obj differs from solver's. Obj viol from solver: 32206.41790321. Calculated: 32206.41790306.
*** WARNING (version #53bfdf0): /home/sek519/warm_starting/vws/../vpc/src/utility/nbspace.cpp:372: Ray 3501: Calculated dot product with obj differs from solver's. Obj viol from solver: 4270.12456861. Calculated: 4270.12456844.
*** WARNING (version #53bfdf0): /home/sek519/warm_starting/vws/../vpc/src/utility/nbspace.cpp:372: Ray 3502: Calculated dot product with obj differs from solver's. Obj viol from solver: 2621.35984861. Calculated: 2621.35984844.
*** WARNING (version #53bfdf0): /home/sek519/warm_starting/vws/../vpc/src/utility/nbspace.cpp:372: Ray 3503: Calculated dot product with obj differs from solver's. Obj viol from solver: 587966.77183501. Calculated: 587966.77183486.
*** WARNING (version #53bfdf0): /home/sek519/warm_starting/vws/../vpc/src/utility/nbspace.cpp:372: Ray 3504: Calculated dot product with obj differs from solver's. Obj viol from solver: 82106.84322721. Calculated: 82106.84322704.
*** WARNING (version #53bfdf0): /home/sek519/warm_starting/vws/../vpc/src/utility/nbspace.cpp:372: Ray 3505: Calculated dot product with obj differs from solver's. Obj viol from solver: 596005.12217287. Calculated: 596005.12217272.
*** WARNING (version #53bfdf0): /home/sek519/warm_starting/vws/../vpc/src/utility/nbspace.cpp:372: Ray 3506: Calculated dot product with obj differs from solver's. Obj viol from solver: 595974.85778236. Calculated: 595974.85778218.
*** WARNING (version #53bfdf0): /home/sek519/warm_starting/vws/../vpc/src/utility/nbspace.cpp:372: Ray 3507: Calculated dot product with obj differs from solver's. Obj viol from solver: 595974.81793721. Calculated: 595974.81793703.
*** WARNING (version #53bfdf0): /home/sek519/warm_starting/vws/../vpc/src/utility/nbspace.cpp:372: Ray 3508: Calculated dot product with obj differs from solver's. Obj viol from solver: 595974.81395270. Calculated: 595974.81395252.
*** WARNING (version #53bfdf0): /home/sek519/warm_starting/vws/../vpc/src/utility/nbspace.cpp:372: Ray 3511: Calculated dot product with obj differs from solver's. Obj viol from solver: 1109008.92290986. Calculated: 1109008.92290974.
*** WARNING (version #53bfdf0): /home/sek519/warm_starting/vws/../vpc/src/utility/nbspace.cpp:372: Ray 3512: Calculated dot product with obj differs from solver's. Obj viol from solver: 596004.67944906. Calculated: 596004.67944890.
*** WARNING (version #53bfdf0): /home/sek519/warm_starting/vws/../vpc/src/utility/nbspace.cpp:372: Ray 3513: Calculated dot product with obj differs from solver's. Obj viol from solver: 596004.67944902. Calculated: 596004.67944886.
*** WARNING (version #53bfdf0): /home/sek519/warm_starting/vws/../vpc/src/utility/nbspace.cpp:372: Ray 3514: Calculated dot product with obj differs from solver's. Obj viol from solver: 596004.67944901. Calculated: 596004.67944886.
*** WARNING (version #53bfdf0): /home/sek519/warm_starting/vws/../vpc/src/utility/nbspace.cpp:372: Ray 3515: Calculated dot product with obj differs from solver's. Obj viol from solver: 33291.24422945. Calculated: 33291.24422930.
*** WARNING (version #53bfdf0): /home/sek519/warm_starting/vws/../vpc/src/utility/nbspace.cpp:372: Ray 3530: Calculated dot product with obj differs from solver's. Obj viol from solver: 40595.43828268. Calculated: 40595.43828279.
*** WARNING (version #53bfdf0): /home/sek519/warm_starting/vws/../vpc/src/utility/nbspace.cpp:372: Ray 3575: Calculated dot product with obj differs from solver's. Obj viol from solver: 34993.50274358. Calculated: 34993.50274371.
*** WARNING (version #53bfdf0): /home/sek519/warm_starting/vws/../vpc/src/utility/nbspace.cpp:372: Ray 5493: Calculated dot product with obj differs from solver's. Obj viol from solver: 9430.98696963. Calculated: 9430.98696939.
