*** WARNING (version #1531bee): /home/sek519/warm_starting/vws/../vpc/src/cut/CglVPC.cpp:683: Nonbasic reduced cost should be >= 0 in the complemented nonbasic space. However, for nb var 225 (real var 284), it is -1.626227e-06. Small enough error that we only send warning.
*** WARNING (version #1531bee): /home/sek519/warm_starting/vws/../vpc/src/cut/CglVPC.cpp:683: Nonbasic reduced cost should be >= 0 in the complemented nonbasic space. However, for nb var 226 (real var 285), it is -1.611591e-07. Small enough error that we only send warning.
*** WARNING (version #1531bee): /home/sek519/warm_starting/vws/../vpc/src/cut/CglVPC.cpp:683: Nonbasic reduced cost should be >= 0 in the complemented nonbasic space. However, for nb var 307 (real var 374), it is -1.573340e-06. Small enough error that we only send warning.
*** WARNING (version #1531bee): /home/sek519/warm_starting/vws/../vpc/src/cut/CglVPC.cpp:683: Nonbasic reduced cost should be >= 0 in the complemented nonbasic space. However, for nb var 308 (real var 375), it is -1.559154e-07. Small enough error that we only send warning.
*** WARNING (version #1531bee): /home/sek519/warm_starting/vws/../vpc/src/utility/nbspace.cpp:354: Ray 284: dot product with obj < 0. Obj viol from solver: -0.00000163. Calculated: -0.00000163.
*** WARNING (version #1531bee): /home/sek519/warm_starting/vws/../vpc/src/cut/CglVPC.cpp:1244: Term 1 ray 225 does not satisfy the objective cut. Activity: -0.00000163. RHS: 0.00000000. Small enough violation that we only send a warning.
*** WARNING (version #1531bee): /home/sek519/warm_starting/vws/../vpc/src/utility/nbspace.cpp:354: Ray 285: dot product with obj < 0. Obj viol from solver: -0.00000016. Calculated: -0.00000016.
*** WARNING (version #1531bee): /home/sek519/warm_starting/vws/../vpc/src/cut/CglVPC.cpp:1244: Term 1 ray 226 does not satisfy the objective cut. Activity: -0.00000016. RHS: 0.00000000. Small enough violation that we only send a warning.
*** WARNING (version #1531bee): /home/sek519/warm_starting/vws/../vpc/src/utility/nbspace.cpp:354: Ray 374: dot product with obj < 0. Obj viol from solver: -0.00000157. Calculated: -0.00000157.
*** WARNING (version #1531bee): /home/sek519/warm_starting/vws/../vpc/src/cut/CglVPC.cpp:1244: Term 1 ray 307 does not satisfy the objective cut. Activity: -0.00000157. RHS: 0.00000000. Small enough violation that we only send a warning.
*** WARNING (version #1531bee): /home/sek519/warm_starting/vws/../vpc/src/utility/nbspace.cpp:354: Ray 375: dot product with obj < 0. Obj viol from solver: -0.00000016. Calculated: -0.00000016.
*** WARNING (version #1531bee): /home/sek519/warm_starting/vws/../vpc/src/cut/CglVPC.cpp:1244: Term 1 ray 308 does not satisfy the objective cut. Activity: -0.00000016. RHS: 0.00000000. Small enough violation that we only send a warning.
*** WARNING (version #1531bee): /home/sek519/warm_starting/vws/../vpc/src/cut/CglVPC.cpp:683: Nonbasic reduced cost should be >= 0 in the complemented nonbasic space. However, for nb var 296 (real var 362), it is -1.626218e-06. Small enough error that we only send warning.
*** WARNING (version #1531bee): /home/sek519/warm_starting/vws/../vpc/src/utility/nbspace.cpp:354: Ray 362: dot product with obj < 0. Obj viol from solver: -0.00000163. Calculated: -0.00000163.
*** WARNING (version #1531bee): /home/sek519/warm_starting/vws/../vpc/src/cut/CglVPC.cpp:1244: Term 2 ray 296 does not satisfy the objective cut. Activity: -0.00000163. RHS: 0.00000000. Small enough violation that we only send a warning.
*** WARNING (version #1531bee): /home/sek519/warm_starting/vws/../vpc/src/cut/CglVPC.cpp:683: Nonbasic reduced cost should be >= 0 in the complemented nonbasic space. However, for nb var 2266 (real var 2434), it is -1.436130e-07. Small enough error that we only send warning.
*** WARNING (version #1531bee): /home/sek519/warm_starting/vws/../vpc/src/utility/nbspace.cpp:354: Ray 2434: dot product with obj < 0. Obj viol from solver: -0.00000014. Calculated: -0.00000014.
*** WARNING (version #1531bee): /home/sek519/warm_starting/vws/../vpc/src/cut/CglVPC.cpp:1244: Term 42 ray 2266 does not satisfy the objective cut. Activity: -0.00000014. RHS: 0.00000000. Small enough violation that we only send a warning.
*** WARNING (version #1531bee): /home/sek519/warm_starting/vws/../vpc/src/cut/CglVPC.cpp:683: Nonbasic reduced cost should be >= 0 in the complemented nonbasic space. However, for nb var 2278 (real var 2434), it is -1.436130e-07. Small enough error that we only send warning.
*** WARNING (version #1531bee): /home/sek519/warm_starting/vws/../vpc/src/utility/nbspace.cpp:354: Ray 2434: dot product with obj < 0. Obj viol from solver: -0.00000014. Calculated: -0.00000014.
*** WARNING (version #1531bee): /home/sek519/warm_starting/vws/../vpc/src/cut/CglVPC.cpp:1244: Term 43 ray 2278 does not satisfy the objective cut. Activity: -0.00000014. RHS: 0.00000000. Small enough violation that we only send a warning.
*** WARNING (version #1531bee): /home/sek519/warm_starting/vws/../vpc/src/cut/CglVPC.cpp:683: Nonbasic reduced cost should be >= 0 in the complemented nonbasic space. However, for nb var 2061 (real var 2194), it is -1.432890e-07. Small enough error that we only send warning.
*** WARNING (version #1531bee): /home/sek519/warm_starting/vws/../vpc/src/utility/nbspace.cpp:368: Ray 128: Calculated dot product with obj differs from solver's. Obj viol from solver: 9.47915741. Calculated: 9.47915725.
*** WARNING (version #1531bee): /home/sek519/warm_starting/vws/../vpc/src/utility/nbspace.cpp:368: Ray 248: Calculated dot product with obj differs from solver's. Obj viol from solver: 128.75878991. Calculated: 128.75878975.
*** WARNING (version #1531bee): /home/sek519/warm_starting/vws/../vpc/src/utility/nbspace.cpp:368: Ray 256: Calculated dot product with obj differs from solver's. Obj viol from solver: 127.67946492. Calculated: 127.67946476.
*** WARNING (version #1531bee): /home/sek519/warm_starting/vws/../vpc/src/utility/nbspace.cpp:368: Ray 1251: Calculated dot product with obj differs from solver's. Obj viol from solver: 130.24793509. Calculated: 130.24793525.
*** WARNING (version #1531bee): /home/sek519/warm_starting/vws/../vpc/src/utility/nbspace.cpp:368: Ray 1993: Calculated dot product with obj differs from solver's. Obj viol from solver: 294.78140850. Calculated: 294.78140867.
*** WARNING (version #1531bee): /home/sek519/warm_starting/vws/../vpc/src/utility/nbspace.cpp:368: Ray 2048: Calculated dot product with obj differs from solver's. Obj viol from solver: 617.31753491. Calculated: 617.31753475.
*** WARNING (version #1531bee): /home/sek519/warm_starting/vws/../vpc/src/utility/nbspace.cpp:368: Ray 2759: Calculated dot product with obj differs from solver's. Obj viol from solver: 447.71528254. Calculated: 447.71528271.
*** WARNING (version #1531bee): /home/sek519/warm_starting/vws/../vpc/src/utility/nbspace.cpp:368: Ray 3890: Calculated dot product with obj differs from solver's. Obj viol from solver: 121.81332820. Calculated: 121.81332810.
*** WARNING (version #1531bee): /home/sek519/warm_starting/vws/../vpc/src/utility/nbspace.cpp:368: Ray 3891: Calculated dot product with obj differs from solver's. Obj viol from solver: 178.30700320. Calculated: 178.30700310.
*** WARNING (version #1531bee): /home/sek519/warm_starting/vws/../vpc/src/utility/nbspace.cpp:368: Ray 3892: Calculated dot product with obj differs from solver's. Obj viol from solver: 158.61667980. Calculated: 158.61667964.
*** WARNING (version #1531bee): /home/sek519/warm_starting/vws/../vpc/src/utility/nbspace.cpp:368: Ray 3894: Calculated dot product with obj differs from solver's. Obj viol from solver: 217.55086540. Calculated: 217.55086554.
*** WARNING (version #1531bee): /home/sek519/warm_starting/vws/../vpc/src/utility/nbspace.cpp:368: Ray 3899: Calculated dot product with obj differs from solver's. Obj viol from solver: 167.17586540. Calculated: 167.17586554.
*** WARNING (version #1531bee): /home/sek519/warm_starting/vws/../vpc/src/utility/nbspace.cpp:368: Ray 3909: Calculated dot product with obj differs from solver's. Obj viol from solver: 87.49386220. Calculated: 87.49386231.
*** WARNING (version #1531bee): /home/sek519/warm_starting/vws/../vpc/src/utility/nbspace.cpp:368: Ray 3912: Calculated dot product with obj differs from solver's. Obj viol from solver: 60.64329680. Calculated: 60.64329690.
*** WARNING (version #1531bee): /home/sek519/warm_starting/vws/../vpc/src/utility/nbspace.cpp:368: Ray 3913: Calculated dot product with obj differs from solver's. Obj viol from solver: 61.64329680. Calculated: 61.64329690.
*** WARNING (version #1531bee): /home/sek519/warm_starting/vws/../vpc/src/utility/nbspace.cpp:368: Ray 3914: Calculated dot product with obj differs from solver's. Obj viol from solver: 51.61886220. Calculated: 51.61886231.
*** WARNING (version #1531bee): /home/sek519/warm_starting/vws/../vpc/src/utility/nbspace.cpp:368: Ray 3915: Calculated dot product with obj differs from solver's. Obj viol from solver: 63.64329680. Calculated: 63.64329690.
*** WARNING (version #1531bee): /home/sek519/warm_starting/vws/../vpc/src/utility/nbspace.cpp:368: Ray 3980: Calculated dot product with obj differs from solver's. Obj viol from solver: 128.49079820. Calculated: 128.49079810.
*** WARNING (version #1531bee): /home/sek519/warm_starting/vws/../vpc/src/utility/nbspace.cpp:368: Ray 3981: Calculated dot product with obj differs from solver's. Obj viol from solver: 179.48447320. Calculated: 179.48447310.
*** WARNING (version #1531bee): /home/sek519/warm_starting/vws/../vpc/src/utility/nbspace.cpp:368: Ray 3982: Calculated dot product with obj differs from solver's. Obj viol from solver: 155.54414980. Calculated: 155.54414964.
*** WARNING (version #1531bee): /home/sek519/warm_starting/vws/../vpc/src/utility/nbspace.cpp:368: Ray 3984: Calculated dot product with obj differs from solver's. Obj viol from solver: 208.97833540. Calculated: 208.97833554.
*** WARNING (version #1531bee): /home/sek519/warm_starting/vws/../vpc/src/utility/nbspace.cpp:368: Ray 3989: Calculated dot product with obj differs from solver's. Obj viol from solver: 168.35333540. Calculated: 168.35333554.
*** WARNING (version #1531bee): /home/sek519/warm_starting/vws/../vpc/src/utility/nbspace.cpp:368: Ray 4040: Calculated dot product with obj differs from solver's. Obj viol from solver: 113.86302820. Calculated: 113.86302810.
*** WARNING (version #1531bee): /home/sek519/warm_starting/vws/../vpc/src/utility/nbspace.cpp:368: Ray 4041: Calculated dot product with obj differs from solver's. Obj viol from solver: 48.60670320. Calculated: 48.60670310.
*** WARNING (version #1531bee): /home/sek519/warm_starting/vws/../vpc/src/utility/nbspace.cpp:368: Ray 4042: Calculated dot product with obj differs from solver's. Obj viol from solver: 110.91637980. Calculated: 110.91637964.
*** WARNING (version #1531bee): /home/sek519/warm_starting/vws/../vpc/src/utility/nbspace.cpp:368: Ray 4044: Calculated dot product with obj differs from solver's. Obj viol from solver: 117.35056540. Calculated: 117.35056554.
*** WARNING (version #1531bee): /home/sek519/warm_starting/vws/../vpc/src/utility/nbspace.cpp:368: Ray 4049: Calculated dot product with obj differs from solver's. Obj viol from solver: 42.47556540. Calculated: 42.47556554.
*** WARNING (version #1531bee): /home/sek519/warm_starting/vws/../vpc/src/utility/nbspace.cpp:368: Ray 4056: Calculated dot product with obj differs from solver's. Obj viol from solver: 141.35670320. Calculated: 141.35670310.
*** WARNING (version #1531bee): /home/sek519/warm_starting/vws/../vpc/src/utility/nbspace.cpp:368: Ray 4057: Calculated dot product with obj differs from solver's. Obj viol from solver: 142.66637980. Calculated: 142.66637964.
*** WARNING (version #1531bee): /home/sek519/warm_starting/vws/../vpc/src/utility/nbspace.cpp:368: Ray 4059: Calculated dot product with obj differs from solver's. Obj viol from solver: 191.35056540. Calculated: 191.35056554.
*** WARNING (version #1531bee): /home/sek519/warm_starting/vws/../vpc/src/utility/nbspace.cpp:368: Ray 4355: Calculated dot product with obj differs from solver's. Obj viol from solver: 333.63697180. Calculated: 333.63697190.
*** WARNING (version #1531bee): /home/sek519/warm_starting/vws/../vpc/src/utility/nbspace.cpp:368: Ray 4356: Calculated dot product with obj differs from solver's. Obj viol from solver: 273.63064680. Calculated: 273.63064690.
*** WARNING (version #1531bee): /home/sek519/warm_starting/vws/../vpc/src/utility/nbspace.cpp:368: Ray 4446: Calculated dot product with obj differs from solver's. Obj viol from solver: 210.73031802. Calculated: 210.73031820.
*** WARNING (version #1531bee): /home/sek519/warm_starting/vws/../vpc/src/utility/nbspace.cpp:368: Ray 4494: Calculated dot product with obj differs from solver's. Obj viol from solver: 3.37186758. Calculated: 3.37186770.
*** WARNING (version #1531bee): /home/sek519/warm_starting/vws/../vpc/src/utility/nbspace.cpp:368: Ray 4696: Calculated dot product with obj differs from solver's. Obj viol from solver: 2.84986758. Calculated: 2.84986770.
*** WARNING (version #1531bee): /home/sek519/warm_starting/vws/../vpc/src/utility/nbspace.cpp:368: Ray 5120: Calculated dot product with obj differs from solver's. Obj viol from solver: 29.08838509. Calculated: 29.08838525.
*** WARNING (version #1531bee): /home/sek519/warm_starting/vws/../vpc/src/utility/nbspace.cpp:368: Ray 5121: Calculated dot product with obj differs from solver's. Obj viol from solver: 28.90073509. Calculated: 28.90073525.
*** WARNING (version #1531bee): /home/sek519/warm_starting/vws/../vpc/src/utility/nbspace.cpp:368: Ray 5125: Calculated dot product with obj differs from solver's. Obj viol from solver: 28.96958509. Calculated: 28.96958525.
*** WARNING (version #1531bee): /home/sek519/warm_starting/vws/../vpc/src/utility/nbspace.cpp:368: Ray 5126: Calculated dot product with obj differs from solver's. Obj viol from solver: 28.91585509. Calculated: 28.91585525.
*** WARNING (version #1531bee): /home/sek519/warm_starting/vws/../vpc/src/utility/nbspace.cpp:368: Ray 5129: Calculated dot product with obj differs from solver's. Obj viol from solver: 28.90253509. Calculated: 28.90253525.
*** WARNING (version #1531bee): /home/sek519/warm_starting/vws/../vpc/src/utility/nbspace.cpp:368: Ray 5131: Calculated dot product with obj differs from solver's. Obj viol from solver: 29.50058509. Calculated: 29.50058525.
*** WARNING (version #1531bee): /home/sek519/warm_starting/vws/../vpc/src/utility/nbspace.cpp:368: Ray 5134: Calculated dot product with obj differs from solver's. Obj viol from solver: 28.95428509. Calculated: 28.95428525.
*** WARNING (version #1531bee): /home/sek519/warm_starting/vws/../vpc/src/utility/nbspace.cpp:368: Ray 5506: Calculated dot product with obj differs from solver's. Obj viol from solver: 570.35058491. Calculated: 570.35058475.
*** WARNING (version #1531bee): /home/sek519/warm_starting/vws/../vpc/src/utility/nbspace.cpp:368: Ray 3847: Calculated dot product with obj differs from solver's. Obj viol from solver: 129.67262806. Calculated: 129.67262820.
*** WARNING (version #1531bee): /home/sek519/warm_starting/vws/../vpc/src/utility/nbspace.cpp:368: Ray 3877: Calculated dot product with obj differs from solver's. Obj viol from solver: 482.25807668. Calculated: 482.25807681.
*** WARNING (version #1531bee): /home/sek519/warm_starting/vws/../vpc/src/utility/nbspace.cpp:368: Ray 1359: Calculated dot product with obj differs from solver's. Obj viol from solver: 491.60821496. Calculated: 491.60821483.
*** WARNING (version #1531bee): /home/sek519/warm_starting/vws/../vpc/src/utility/nbspace.cpp:368: Ray 3927: Calculated dot product with obj differs from solver's. Obj viol from solver: 62.64737704. Calculated: 62.64737717.
*** WARNING (version #1531bee): /home/sek519/warm_starting/vws/../vpc/src/utility/nbspace.cpp:368: Ray 3942: Calculated dot product with obj differs from solver's. Obj viol from solver: 137.64737704. Calculated: 137.64737717.
*** WARNING (version #1531bee): /home/sek519/warm_starting/vws/../vpc/src/utility/nbspace.cpp:368: Ray 4028: Calculated dot product with obj differs from solver's. Obj viol from solver: 85.85262296. Calculated: 85.85262283.
*** WARNING (version #1531bee): /home/sek519/warm_starting/vws/../vpc/src/utility/nbspace.cpp:368: Ray 4037: Calculated dot product with obj differs from solver's. Obj viol from solver: 129.10262296. Calculated: 129.10262283.
*** WARNING (version #1531bee): /home/sek519/warm_starting/vws/../vpc/src/utility/nbspace.cpp:368: Ray 4039: Calculated dot product with obj differs from solver's. Obj viol from solver: 77.10262296. Calculated: 77.10262283.
*** WARNING (version #1531bee): /home/sek519/warm_starting/vws/../vpc/src/utility/nbspace.cpp:368: Ray 4077: Calculated dot product with obj differs from solver's. Obj viol from solver: 77.14737704. Calculated: 77.14737717.
*** WARNING (version #1531bee): /home/sek519/warm_starting/vws/../vpc/src/utility/nbspace.cpp:368: Ray 4092: Calculated dot product with obj differs from solver's. Obj viol from solver: 95.14737704. Calculated: 95.14737717.
*** WARNING (version #1531bee): /home/sek519/warm_starting/vws/../vpc/src/utility/nbspace.cpp:368: Ray 76: Calculated dot product with obj differs from solver's. Obj viol from solver: 4758.10368971. Calculated: 4758.10368984.
*** WARNING (version #1531bee): /home/sek519/warm_starting/vws/../vpc/src/utility/nbspace.cpp:368: Ray 128: Calculated dot product with obj differs from solver's. Obj viol from solver: 702.06888752. Calculated: 702.06888764.
*** WARNING (version #1531bee): /home/sek519/warm_starting/vws/../vpc/src/utility/nbspace.cpp:368: Ray 134: Calculated dot product with obj differs from solver's. Obj viol from solver: 710.11116698. Calculated: 710.11116710.
*** WARNING (version #1531bee): /home/sek519/warm_starting/vws/../vpc/src/utility/nbspace.cpp:368: Ray 151: Calculated dot product with obj differs from solver's. Obj viol from solver: 8737.56618968. Calculated: 8737.56618982.
*** WARNING (version #1531bee): /home/sek519/warm_starting/vws/../vpc/src/utility/nbspace.cpp:368: Ray 211: Calculated dot product with obj differs from solver's. Obj viol from solver: 8342.69118969. Calculated: 8342.69118982.
*** WARNING (version #1531bee): /home/sek519/warm_starting/vws/../vpc/src/utility/nbspace.cpp:368: Ray 2076: Calculated dot product with obj differs from solver's. Obj viol from solver: 10233.78535240. Calculated: 10233.78535226.
*** WARNING (version #1531bee): /home/sek519/warm_starting/vws/../vpc/src/utility/nbspace.cpp:368: Ray 2327: Calculated dot product with obj differs from solver's. Obj viol from solver: 153717.80835867. Calculated: 153717.80835883.
*** WARNING (version #1531bee): /home/sek519/warm_starting/vws/../vpc/src/utility/nbspace.cpp:368: Ray 2346: Calculated dot product with obj differs from solver's. Obj viol from solver: 5175.84315726. Calculated: 5175.84315711.
*** WARNING (version #1531bee): /home/sek519/warm_starting/vws/../vpc/src/utility/nbspace.cpp:368: Ray 2348: Calculated dot product with obj differs from solver's. Obj viol from solver: 148466.57558526. Calculated: 148466.57558511.
*** WARNING (version #1531bee): /home/sek519/warm_starting/vws/../vpc/src/utility/nbspace.cpp:368: Ray 2350: Calculated dot product with obj differs from solver's. Obj viol from solver: 5530.05313272. Calculated: 5530.05313257.
*** WARNING (version #1531bee): /home/sek519/warm_starting/vws/../vpc/src/utility/nbspace.cpp:368: Ray 2383: Calculated dot product with obj differs from solver's. Obj viol from solver: 56975.71324124. Calculated: 56975.71324135.
*** WARNING (version #1531bee): /home/sek519/warm_starting/vws/../vpc/src/utility/nbspace.cpp:368: Ray 3110: Calculated dot product with obj differs from solver's. Obj viol from solver: 5475.18521501. Calculated: 5475.18521490.
*** WARNING (version #1531bee): /home/sek519/warm_starting/vws/../vpc/src/utility/nbspace.cpp:368: Ray 4026: Calculated dot product with obj differs from solver's. Obj viol from solver: 157.24594797. Calculated: 157.24594808.
*** WARNING (version #1531bee): /home/sek519/warm_starting/vws/../vpc/src/utility/nbspace.cpp:368: Ray 4028: Calculated dot product with obj differs from solver's. Obj viol from solver: 181.24594797. Calculated: 181.24594808.
*** WARNING (version #1531bee): /home/sek519/warm_starting/vws/../vpc/src/utility/nbspace.cpp:368: Ray 4029: Calculated dot product with obj differs from solver's. Obj viol from solver: 281.05533629. Calculated: 281.05533642.
*** WARNING (version #1531bee): /home/sek519/warm_starting/vws/../vpc/src/utility/nbspace.cpp:368: Ray 4030: Calculated dot product with obj differs from solver's. Obj viol from solver: 244.04326328. Calculated: 244.04326338.
*** WARNING (version #1531bee): /home/sek519/warm_starting/vws/../vpc/src/utility/nbspace.cpp:368: Ray 4032: Calculated dot product with obj differs from solver's. Obj viol from solver: 64.79326328. Calculated: 64.79326338.
*** WARNING (version #1531bee): /home/sek519/warm_starting/vws/../vpc/src/utility/nbspace.cpp:368: Ray 4033: Calculated dot product with obj differs from solver's. Obj viol from solver: 149.79326328. Calculated: 149.79326338.
*** WARNING (version #1531bee): /home/sek519/warm_starting/vws/../vpc/src/utility/nbspace.cpp:368: Ray 4035: Calculated dot product with obj differs from solver's. Obj viol from solver: 211.49594797. Calculated: 211.49594808.
*** WARNING (version #1531bee): /home/sek519/warm_starting/vws/../vpc/src/utility/nbspace.cpp:368: Ray 4037: Calculated dot product with obj differs from solver's. Obj viol from solver: 117.49594797. Calculated: 117.49594808.
*** WARNING (version #1531bee): /home/sek519/warm_starting/vws/../vpc/src/utility/nbspace.cpp:368: Ray 4039: Calculated dot product with obj differs from solver's. Obj viol from solver: 204.54326328. Calculated: 204.54326338.
*** WARNING (version #1531bee): /home/sek519/warm_starting/vws/../vpc/src/utility/nbspace.cpp:368: Ray 4279: Calculated dot product with obj differs from solver's. Obj viol from solver: 1.24001802. Calculated: 1.24001813.
*** WARNING (version #1531bee): /home/sek519/warm_starting/vws/../vpc/src/utility/nbspace.cpp:368: Ray 4281: Calculated dot product with obj differs from solver's. Obj viol from solver: 1.23401802. Calculated: 1.23401813.
*** WARNING (version #1531bee): /home/sek519/warm_starting/vws/../vpc/src/utility/nbspace.cpp:368: Ray 4282: Calculated dot product with obj differs from solver's. Obj viol from solver: 1.06901802. Calculated: 1.06901813.
*** WARNING (version #1531bee): /home/sek519/warm_starting/vws/../vpc/src/utility/nbspace.cpp:368: Ray 4287: Calculated dot product with obj differs from solver's. Obj viol from solver: 2.40701802. Calculated: 2.40701813.
*** WARNING (version #1531bee): /home/sek519/warm_starting/vws/../vpc/src/utility/nbspace.cpp:368: Ray 4288: Calculated dot product with obj differs from solver's. Obj viol from solver: 2.68713145. Calculated: 2.68713155.
*** WARNING (version #1531bee): /home/sek519/warm_starting/vws/../vpc/src/utility/nbspace.cpp:368: Ray 4289: Calculated dot product with obj differs from solver's. Obj viol from solver: 2.03201802. Calculated: 2.03201813.
*** WARNING (version #1531bee): /home/sek519/warm_starting/vws/../vpc/src/utility/nbspace.cpp:368: Ray 4347: Calculated dot product with obj differs from solver's. Obj viol from solver: 1.45509540. Calculated: 1.45509530.
*** WARNING (version #1531bee): /home/sek519/warm_starting/vws/../vpc/src/utility/nbspace.cpp:368: Ray 4400: Calculated dot product with obj differs from solver's. Obj viol from solver: 4.39501802. Calculated: 4.39501813.
*** WARNING (version #1531bee): /home/sek519/warm_starting/vws/../vpc/src/utility/nbspace.cpp:368: Ray 4456: Calculated dot product with obj differs from solver's. Obj viol from solver: 0.03498198. Calculated: 0.03498187.
*** WARNING (version #1531bee): /home/sek519/warm_starting/vws/../vpc/src/utility/nbspace.cpp:368: Ray 5091: Calculated dot product with obj differs from solver's. Obj viol from solver: 5.71231982. Calculated: 5.71231994.
*** WARNING (version #1531bee): /home/sek519/warm_starting/vws/../vpc/src/utility/nbspace.cpp:368: Ray 5095: Calculated dot product with obj differs from solver's. Obj viol from solver: 6.10801802. Calculated: 6.10801813.
*** WARNING (version #1531bee): /home/sek519/warm_starting/vws/../vpc/src/utility/nbspace.cpp:368: Ray 5103: Calculated dot product with obj differs from solver's. Obj viol from solver: 5.19301802. Calculated: 5.19301813.
*** WARNING (version #1531bee): /home/sek519/warm_starting/vws/../vpc/src/utility/nbspace.cpp:368: Ray 5119: Calculated dot product with obj differs from solver's. Obj viol from solver: 5.19301802. Calculated: 5.19301813.
*** WARNING (version #1531bee): /home/sek519/warm_starting/vws/../vpc/src/utility/nbspace.cpp:368: Ray 5121: Calculated dot product with obj differs from solver's. Obj viol from solver: 29.90712012. Calculated: 29.90711998.
*** WARNING (version #1531bee): /home/sek519/warm_starting/vws/../vpc/src/utility/nbspace.cpp:368: Ray 5128: Calculated dot product with obj differs from solver's. Obj viol from solver: 27.89365240. Calculated: 27.89365226.
*** WARNING (version #1531bee): /home/sek519/warm_starting/vws/../vpc/src/utility/nbspace.cpp:368: Ray 5557: Calculated dot product with obj differs from solver's. Obj viol from solver: 1396.29482736. Calculated: 1396.29482747.
*** WARNING (version #1531bee): /home/sek519/warm_starting/vws/../vpc/src/utility/nbspace.cpp:368: Ray 596: Calculated dot product with obj differs from solver's. Obj viol from solver: 113.56050395. Calculated: 113.56050377.
*** WARNING (version #1531bee): /home/sek519/warm_starting/vws/../vpc/src/utility/nbspace.cpp:368: Ray 1781: Calculated dot product with obj differs from solver's. Obj viol from solver: 152.99142954. Calculated: 152.99142973.
*** WARNING (version #1531bee): /home/sek519/warm_starting/vws/../vpc/src/utility/nbspace.cpp:368: Ray 3832: Calculated dot product with obj differs from solver's. Obj viol from solver: 237.34541279. Calculated: 237.34541305.
*** WARNING (version #1531bee): /home/sek519/warm_starting/vws/../vpc/src/utility/nbspace.cpp:368: Ray 3833: Calculated dot product with obj differs from solver's. Obj viol from solver: 283.58784029. Calculated: 283.58784041.
*** WARNING (version #1531bee): /home/sek519/warm_starting/vws/../vpc/src/utility/nbspace.cpp:368: Ray 3846: Calculated dot product with obj differs from solver's. Obj viol from solver: 92.95217497. Calculated: 92.95217483.
*** WARNING (version #1531bee): /home/sek519/warm_starting/vws/../vpc/src/utility/nbspace.cpp:368: Ray 3847: Calculated dot product with obj differs from solver's. Obj viol from solver: 261.40303039. Calculated: 261.40303065.
*** WARNING (version #1531bee): /home/sek519/warm_starting/vws/../vpc/src/utility/nbspace.cpp:368: Ray 3848: Calculated dot product with obj differs from solver's. Obj viol from solver: 170.28295790. Calculated: 170.28295801.
*** WARNING (version #1531bee): /home/sek519/warm_starting/vws/../vpc/src/utility/nbspace.cpp:368: Ray 3861: Calculated dot product with obj differs from solver's. Obj viol from solver: 246.75705737. Calculated: 246.75705722.
*** WARNING (version #1531bee): /home/sek519/warm_starting/vws/../vpc/src/utility/nbspace.cpp:368: Ray 3862: Calculated dot product with obj differs from solver's. Obj viol from solver: 105.04541279. Calculated: 105.04541305.
*** WARNING (version #1531bee): /home/sek519/warm_starting/vws/../vpc/src/utility/nbspace.cpp:368: Ray 3863: Calculated dot product with obj differs from solver's. Obj viol from solver: 164.78784029. Calculated: 164.78784041.
*** WARNING (version #1531bee): /home/sek519/warm_starting/vws/../vpc/src/utility/nbspace.cpp:368: Ray 3878: Calculated dot product with obj differs from solver's. Obj viol from solver: 180.07045790. Calculated: 180.07045801.
*** WARNING (version #1531bee): /home/sek519/warm_starting/vws/../vpc/src/utility/nbspace.cpp:368: Ray 3891: Calculated dot product with obj differs from solver's. Obj viol from solver: 264.73704319. Calculated: 264.73704333.
*** WARNING (version #1531bee): /home/sek519/warm_starting/vws/../vpc/src/utility/nbspace.cpp:368: Ray 3892: Calculated dot product with obj differs from solver's. Obj viol from solver: 288.84682187. Calculated: 288.84682204.
*** WARNING (version #1531bee): /home/sek519/warm_starting/vws/../vpc/src/utility/nbspace.cpp:368: Ray 3893: Calculated dot product with obj differs from solver's. Obj viol from solver: 260.05981279. Calculated: 260.05981305.
*** WARNING (version #1531bee): /home/sek519/warm_starting/vws/../vpc/src/utility/nbspace.cpp:368: Ray 3895: Calculated dot product with obj differs from solver's. Obj viol from solver: 196.30981279. Calculated: 196.30981305.
*** WARNING (version #1531bee): /home/sek519/warm_starting/vws/../vpc/src/utility/nbspace.cpp:368: Ray 3897: Calculated dot product with obj differs from solver's. Obj viol from solver: 162.73704319. Calculated: 162.73704333.
*** WARNING (version #1531bee): /home/sek519/warm_starting/vws/../vpc/src/utility/nbspace.cpp:368: Ray 3898: Calculated dot product with obj differs from solver's. Obj viol from solver: 98.55981279. Calculated: 98.55981305.
*** WARNING (version #1531bee): /home/sek519/warm_starting/vws/../vpc/src/utility/nbspace.cpp:368: Ray 3899: Calculated dot product with obj differs from solver's. Obj viol from solver: 321.63320667. Calculated: 321.63320690.
*** WARNING (version #1531bee): /home/sek519/warm_starting/vws/../vpc/src/utility/nbspace.cpp:368: Ray 3900: Calculated dot product with obj differs from solver's. Obj viol from solver: 266.48704319. Calculated: 266.48704333.
*** WARNING (version #1531bee): /home/sek519/warm_starting/vws/../vpc/src/utility/nbspace.cpp:368: Ray 3901: Calculated dot product with obj differs from solver's. Obj viol from solver: 607.85338833. Calculated: 607.85338845.
*** WARNING (version #1531bee): /home/sek519/warm_starting/vws/../vpc/src/utility/nbspace.cpp:368: Ray 3902: Calculated dot product with obj differs from solver's. Obj viol from solver: 264.23704319. Calculated: 264.23704333.
*** WARNING (version #1531bee): /home/sek519/warm_starting/vws/../vpc/src/utility/nbspace.cpp:368: Ray 3903: Calculated dot product with obj differs from solver's. Obj viol from solver: 317.96619278. Calculated: 317.96619295.
*** WARNING (version #1531bee): /home/sek519/warm_starting/vws/../vpc/src/utility/nbspace.cpp:368: Ray 3904: Calculated dot product with obj differs from solver's. Obj viol from solver: 226.80981279. Calculated: 226.80981305.
*** WARNING (version #1531bee): /home/sek519/warm_starting/vws/../vpc/src/utility/nbspace.cpp:368: Ray 3905: Calculated dot product with obj differs from solver's. Obj viol from solver: 175.50308662. Calculated: 175.50308673.
*** WARNING (version #1531bee): /home/sek519/warm_starting/vws/../vpc/src/utility/nbspace.cpp:368: Ray 3914: Calculated dot product with obj differs from solver's. Obj viol from solver: 119.64616348. Calculated: 119.64616337.
*** WARNING (version #1531bee): /home/sek519/warm_starting/vws/../vpc/src/utility/nbspace.cpp:368: Ray 3916: Calculated dot product with obj differs from solver's. Obj viol from solver: 543.11634514. Calculated: 543.11634500.
*** WARNING (version #1531bee): /home/sek519/warm_starting/vws/../vpc/src/utility/nbspace.cpp:368: Ray 3918: Calculated dot product with obj differs from solver's. Obj viol from solver: 38.48874181. Calculated: 38.48874167.
*** WARNING (version #1531bee): /home/sek519/warm_starting/vws/../vpc/src/utility/nbspace.cpp:368: Ray 3921: Calculated dot product with obj differs from solver's. Obj viol from solver: 102.92723040. Calculated: 102.92723050.
*** WARNING (version #1531bee): /home/sek519/warm_starting/vws/../vpc/src/utility/nbspace.cpp:368: Ray 3922: Calculated dot product with obj differs from solver's. Obj viol from solver: 60.78700909. Calculated: 60.78700921.
*** WARNING (version #1531bee): /home/sek519/warm_starting/vws/../vpc/src/utility/nbspace.cpp:368: Ray 3927: Calculated dot product with obj differs from solver's. Obj viol from solver: 39.92723040. Calculated: 39.92723050.
*** WARNING (version #1531bee): /home/sek519/warm_starting/vws/../vpc/src/utility/nbspace.cpp:368: Ray 3932: Calculated dot product with obj differs from solver's. Obj viol from solver: 102.42723040. Calculated: 102.42723050.
*** WARNING (version #1531bee): /home/sek519/warm_starting/vws/../vpc/src/utility/nbspace.cpp:368: Ray 3936: Calculated dot product with obj differs from solver's. Obj viol from solver: 81.42723040. Calculated: 81.42723050.
*** WARNING (version #1531bee): /home/sek519/warm_starting/vws/../vpc/src/utility/nbspace.cpp:368: Ray 3937: Calculated dot product with obj differs from solver's. Obj viol from solver: 151.03700909. Calculated: 151.03700921.
*** WARNING (version #1531bee): /home/sek519/warm_starting/vws/../vpc/src/utility/nbspace.cpp:368: Ray 3942: Calculated dot product with obj differs from solver's. Obj viol from solver: 114.92723040. Calculated: 114.92723050.
*** WARNING (version #1531bee): /home/sek519/warm_starting/vws/../vpc/src/utility/nbspace.cpp:368: Ray 3945: Calculated dot product with obj differs from solver's. Obj viol from solver: 164.42723040. Calculated: 164.42723050.
*** WARNING (version #1531bee): /home/sek519/warm_starting/vws/../vpc/src/utility/nbspace.cpp:368: Ray 3947: Calculated dot product with obj differs from solver's. Obj viol from solver: 75.92723040. Calculated: 75.92723050.
*** WARNING (version #1531bee): /home/sek519/warm_starting/vws/../vpc/src/utility/nbspace.cpp:368: Ray 3951: Calculated dot product with obj differs from solver's. Obj viol from solver: 268.89728637. Calculated: 268.89728651.
*** WARNING (version #1531bee): /home/sek519/warm_starting/vws/../vpc/src/utility/nbspace.cpp:368: Ray 3952: Calculated dot product with obj differs from solver's. Obj viol from solver: 356.00706505. Calculated: 356.00706522.
*** WARNING (version #1531bee): /home/sek519/warm_starting/vws/../vpc/src/utility/nbspace.cpp:368: Ray 3953: Calculated dot product with obj differs from solver's. Obj viol from solver: 207.97005597. Calculated: 207.97005622.
*** WARNING (version #1531bee): /home/sek519/warm_starting/vws/../vpc/src/utility/nbspace.cpp:368: Ray 3957: Calculated dot product with obj differs from solver's. Obj viol from solver: 319.39728637. Calculated: 319.39728651.
*** WARNING (version #1531bee): /home/sek519/warm_starting/vws/../vpc/src/utility/nbspace.cpp:368: Ray 3958: Calculated dot product with obj differs from solver's. Obj viol from solver: 279.72005597. Calculated: 279.72005622.
*** WARNING (version #1531bee): /home/sek519/warm_starting/vws/../vpc/src/utility/nbspace.cpp:368: Ray 3959: Calculated dot product with obj differs from solver's. Obj viol from solver: 384.54344985. Calculated: 384.54344997.
*** WARNING (version #1531bee): /home/sek519/warm_starting/vws/../vpc/src/utility/nbspace.cpp:368: Ray 3960: Calculated dot product with obj differs from solver's. Obj viol from solver: 361.64728637. Calculated: 361.64728651.
*** WARNING (version #1531bee): /home/sek519/warm_starting/vws/../vpc/src/utility/nbspace.cpp:368: Ray 3961: Calculated dot product with obj differs from solver's. Obj viol from solver: 775.01363151. Calculated: 775.01363163.
*** WARNING (version #1531bee): /home/sek519/warm_starting/vws/../vpc/src/utility/nbspace.cpp:368: Ray 3962: Calculated dot product with obj differs from solver's. Obj viol from solver: 263.39728637. Calculated: 263.39728651.
*** WARNING (version #1531bee): /home/sek519/warm_starting/vws/../vpc/src/utility/nbspace.cpp:368: Ray 3963: Calculated dot product with obj differs from solver's. Obj viol from solver: 390.37643596. Calculated: 390.37643613.
*** WARNING (version #1531bee): /home/sek519/warm_starting/vws/../vpc/src/utility/nbspace.cpp:368: Ray 3964: Calculated dot product with obj differs from solver's. Obj viol from solver: 180.72005597. Calculated: 180.72005622.
*** WARNING (version #1531bee): /home/sek519/warm_starting/vws/../vpc/src/utility/nbspace.cpp:368: Ray 3966: Calculated dot product with obj differs from solver's. Obj viol from solver: 227.01125819. Calculated: 227.01125833.
*** WARNING (version #1531bee): /home/sek519/warm_starting/vws/../vpc/src/utility/nbspace.cpp:368: Ray 3967: Calculated dot product with obj differs from solver's. Obj viol from solver: 186.87103687. Calculated: 186.87103704.
*** WARNING (version #1531bee): /home/sek519/warm_starting/vws/../vpc/src/utility/nbspace.cpp:368: Ray 3968: Calculated dot product with obj differs from solver's. Obj viol from solver: 163.33402779. Calculated: 163.33402805.
*** WARNING (version #1531bee): /home/sek519/warm_starting/vws/../vpc/src/utility/nbspace.cpp:368: Ray 3970: Calculated dot product with obj differs from solver's. Obj viol from solver: 63.83402779. Calculated: 63.83402805.
*** WARNING (version #1531bee): /home/sek519/warm_starting/vws/../vpc/src/utility/nbspace.cpp:368: Ray 3972: Calculated dot product with obj differs from solver's. Obj viol from solver: 141.01125819. Calculated: 141.01125833.
*** WARNING (version #1531bee): /home/sek519/warm_starting/vws/../vpc/src/utility/nbspace.cpp:368: Ray 3973: Calculated dot product with obj differs from solver's. Obj viol from solver: 98.83402779. Calculated: 98.83402805.
*** WARNING (version #1531bee): /home/sek519/warm_starting/vws/../vpc/src/utility/nbspace.cpp:368: Ray 3974: Calculated dot product with obj differs from solver's. Obj viol from solver: 305.90742167. Calculated: 305.90742190.
*** WARNING (version #1531bee): /home/sek519/warm_starting/vws/../vpc/src/utility/nbspace.cpp:368: Ray 3975: Calculated dot product with obj differs from solver's. Obj viol from solver: 248.76125819. Calculated: 248.76125833.
*** WARNING (version #1531bee): /home/sek519/warm_starting/vws/../vpc/src/utility/nbspace.cpp:368: Ray 3976: Calculated dot product with obj differs from solver's. Obj viol from solver: 602.87760333. Calculated: 602.87760345.
*** WARNING (version #1531bee): /home/sek519/warm_starting/vws/../vpc/src/utility/nbspace.cpp:368: Ray 3977: Calculated dot product with obj differs from solver's. Obj viol from solver: 226.76125819. Calculated: 226.76125833.
*** WARNING (version #1531bee): /home/sek519/warm_starting/vws/../vpc/src/utility/nbspace.cpp:368: Ray 3979: Calculated dot product with obj differs from solver's. Obj viol from solver: 121.58402779. Calculated: 121.58402805.
*** WARNING (version #1531bee): /home/sek519/warm_starting/vws/../vpc/src/utility/nbspace.cpp:368: Ray 3981: Calculated dot product with obj differs from solver's. Obj viol from solver: 266.18469319. Calculated: 266.18469333.
*** WARNING (version #1531bee): /home/sek519/warm_starting/vws/../vpc/src/utility/nbspace.cpp:368: Ray 3982: Calculated dot product with obj differs from solver's. Obj viol from solver: 286.04447187. Calculated: 286.04447204.
*** WARNING (version #1531bee): /home/sek519/warm_starting/vws/../vpc/src/utility/nbspace.cpp:368: Ray 3983: Calculated dot product with obj differs from solver's. Obj viol from solver: 251.75746279. Calculated: 251.75746305.
*** WARNING (version #1531bee): /home/sek519/warm_starting/vws/../vpc/src/utility/nbspace.cpp:368: Ray 3985: Calculated dot product with obj differs from solver's. Obj viol from solver: 193.75746279. Calculated: 193.75746305.
*** WARNING (version #1531bee): /home/sek519/warm_starting/vws/../vpc/src/utility/nbspace.cpp:368: Ray 3987: Calculated dot product with obj differs from solver's. Obj viol from solver: 159.18469319. Calculated: 159.18469333.
*** WARNING (version #1531bee): /home/sek519/warm_starting/vws/../vpc/src/utility/nbspace.cpp:368: Ray 3988: Calculated dot product with obj differs from solver's. Obj viol from solver: 102.00746279. Calculated: 102.00746305.
*** WARNING (version #1531bee): /home/sek519/warm_starting/vws/../vpc/src/utility/nbspace.cpp:368: Ray 3989: Calculated dot product with obj differs from solver's. Obj viol from solver: 323.08085667. Calculated: 323.08085690.
*** WARNING (version #1531bee): /home/sek519/warm_starting/vws/../vpc/src/utility/nbspace.cpp:368: Ray 3991: Calculated dot product with obj differs from solver's. Obj viol from solver: 609.30103833. Calculated: 609.30103845.
*** WARNING (version #1531bee): /home/sek519/warm_starting/vws/../vpc/src/utility/nbspace.cpp:368: Ray 3992: Calculated dot product with obj differs from solver's. Obj viol from solver: 265.68469319. Calculated: 265.68469333.
*** WARNING (version #1531bee): /home/sek519/warm_starting/vws/../vpc/src/utility/nbspace.cpp:368: Ray 3993: Calculated dot product with obj differs from solver's. Obj viol from solver: 315.16384278. Calculated: 315.16384295.
*** WARNING (version #1531bee): /home/sek519/warm_starting/vws/../vpc/src/utility/nbspace.cpp:368: Ray 3994: Calculated dot product with obj differs from solver's. Obj viol from solver: 224.00746279. Calculated: 224.00746305.
*** WARNING (version #1531bee): /home/sek519/warm_starting/vws/../vpc/src/utility/nbspace.cpp:368: Ray 4010: Calculated dot product with obj differs from solver's. Obj viol from solver: 205.57519457. Calculated: 205.57519468.
*** WARNING (version #1531bee): /home/sek519/warm_starting/vws/../vpc/src/utility/nbspace.cpp:368: Ray 4011: Calculated dot product with obj differs from solver's. Obj viol from solver: 249.57210795. Calculated: 249.57210784.
*** WARNING (version #1531bee): /home/sek519/warm_starting/vws/../vpc/src/utility/nbspace.cpp:368: Ray 4012: Calculated dot product with obj differs from solver's. Obj viol from solver: 281.68188664. Calculated: 281.68188652.
*** WARNING (version #1531bee): /home/sek519/warm_starting/vws/../vpc/src/utility/nbspace.cpp:368: Ray 4017: Calculated dot product with obj differs from solver's. Obj viol from solver: 155.82210795. Calculated: 155.82210784.
*** WARNING (version #1531bee): /home/sek519/warm_starting/vws/../vpc/src/utility/nbspace.cpp:368: Ray 4020: Calculated dot product with obj differs from solver's. Obj viol from solver: 251.32210795. Calculated: 251.32210784.
*** WARNING (version #1531bee): /home/sek519/warm_starting/vws/../vpc/src/utility/nbspace.cpp:368: Ray 4022: Calculated dot product with obj differs from solver's. Obj viol from solver: 249.07210795. Calculated: 249.07210784.
*** WARNING (version #1531bee): /home/sek519/warm_starting/vws/../vpc/src/utility/nbspace.cpp:368: Ray 4040: Calculated dot product with obj differs from solver's. Obj viol from solver: 65.75308662. Calculated: 65.75308673.
*** WARNING (version #1531bee): /home/sek519/warm_starting/vws/../vpc/src/utility/nbspace.cpp:368: Ray 4042: Calculated dot product with obj differs from solver's. Obj viol from solver: 106.35977868. Calculated: 106.35977854.
*** WARNING (version #1531bee): /home/sek519/warm_starting/vws/../vpc/src/utility/nbspace.cpp:368: Ray 4048: Calculated dot product with obj differs from solver's. Obj viol from solver: 55.17723040. Calculated: 55.17723050.
*** WARNING (version #1531bee): /home/sek519/warm_starting/vws/../vpc/src/utility/nbspace.cpp:368: Ray 4049: Calculated dot product with obj differs from solver's. Obj viol from solver: 62.14616348. Calculated: 62.14616337.
*** WARNING (version #1531bee): /home/sek519/warm_starting/vws/../vpc/src/utility/nbspace.cpp:368: Ray 4051: Calculated dot product with obj differs from solver's. Obj viol from solver: 433.36634514. Calculated: 433.36634500.
*** WARNING (version #1531bee): /home/sek519/warm_starting/vws/../vpc/src/utility/nbspace.cpp:368: Ray 4053: Calculated dot product with obj differs from solver's. Obj viol from solver: 143.47914959. Calculated: 143.47914945.
*** WARNING (version #1531bee): /home/sek519/warm_starting/vws/../vpc/src/utility/nbspace.cpp:368: Ray 4061: Calculated dot product with obj differs from solver's. Obj viol from solver: 192.84957076. Calculated: 192.84957095.
*** WARNING (version #1531bee): /home/sek519/warm_starting/vws/../vpc/src/utility/nbspace.cpp:368: Ray 4070: Calculated dot product with obj differs from solver's. Obj viol from solver: 263.16573168. Calculated: 263.16573144.
*** WARNING (version #1531bee): /home/sek519/warm_starting/vws/../vpc/src/utility/nbspace.cpp:368: Ray 4071: Calculated dot product with obj differs from solver's. Obj viol from solver: 87.91264506. Calculated: 87.91264495.
*** WARNING (version #1531bee): /home/sek519/warm_starting/vws/../vpc/src/utility/nbspace.cpp:368: Ray 4077: Calculated dot product with obj differs from solver's. Obj viol from solver: 196.66264506. Calculated: 196.66264495.
*** WARNING (version #1531bee): /home/sek519/warm_starting/vws/../vpc/src/utility/nbspace.cpp:368: Ray 4080: Calculated dot product with obj differs from solver's. Obj viol from solver: 199.41264506. Calculated: 199.41264495.
*** WARNING (version #1531bee): /home/sek519/warm_starting/vws/../vpc/src/utility/nbspace.cpp:368: Ray 4082: Calculated dot product with obj differs from solver's. Obj viol from solver: 3.16264506. Calculated: 3.16264495.
*** WARNING (version #1531bee): /home/sek519/warm_starting/vws/../vpc/src/utility/nbspace.cpp:368: Ray 4101: Calculated dot product with obj differs from solver's. Obj viol from solver: 235.07856080. Calculated: 235.07856094.
*** WARNING (version #1531bee): /home/sek519/warm_starting/vws/../vpc/src/utility/nbspace.cpp:368: Ray 4102: Calculated dot product with obj differs from solver's. Obj viol from solver: 271.18833948. Calculated: 271.18833964.
*** WARNING (version #1531bee): /home/sek519/warm_starting/vws/../vpc/src/utility/nbspace.cpp:368: Ray 4103: Calculated dot product with obj differs from solver's. Obj viol from solver: 552.19944855. Calculated: 552.19944867.
*** WARNING (version #1531bee): /home/sek519/warm_starting/vws/../vpc/src/utility/nbspace.cpp:368: Ray 4105: Calculated dot product with obj differs from solver's. Obj viol from solver: 205.65133039. Calculated: 205.65133065.
*** WARNING (version #1531bee): /home/sek519/warm_starting/vws/../vpc/src/utility/nbspace.cpp:368: Ray 4107: Calculated dot product with obj differs from solver's. Obj viol from solver: 249.07856080. Calculated: 249.07856094.
*** WARNING (version #1531bee): /home/sek519/warm_starting/vws/../vpc/src/utility/nbspace.cpp:368: Ray 4108: Calculated dot product with obj differs from solver's. Obj viol from solver: 208.90133039. Calculated: 208.90133065.
*** WARNING (version #1531bee): /home/sek519/warm_starting/vws/../vpc/src/utility/nbspace.cpp:368: Ray 4109: Calculated dot product with obj differs from solver's. Obj viol from solver: 350.72472428. Calculated: 350.72472450.
*** WARNING (version #1531bee): /home/sek519/warm_starting/vws/../vpc/src/utility/nbspace.cpp:368: Ray 4111: Calculated dot product with obj differs from solver's. Obj viol from solver: 710.69490593. Calculated: 710.69490605.
*** WARNING (version #1531bee): /home/sek519/warm_starting/vws/../vpc/src/utility/nbspace.cpp:368: Ray 4112: Calculated dot product with obj differs from solver's. Obj viol from solver: 229.57856080. Calculated: 229.57856094.
*** WARNING (version #1531bee): /home/sek519/warm_starting/vws/../vpc/src/utility/nbspace.cpp:368: Ray 4113: Calculated dot product with obj differs from solver's. Obj viol from solver: 273.30771038. Calculated: 273.30771056.
*** WARNING (version #1531bee): /home/sek519/warm_starting/vws/../vpc/src/utility/nbspace.cpp:368: Ray 4114: Calculated dot product with obj differs from solver's. Obj viol from solver: 67.40133039. Calculated: 67.40133065.
*** WARNING (version #1531bee): /home/sek519/warm_starting/vws/../vpc/src/utility/nbspace.cpp:368: Ray 4152: Calculated dot product with obj differs from solver's. Obj viol from solver: 109.08297630. Calculated: 109.08297615.
*** WARNING (version #1531bee): /home/sek519/warm_starting/vws/../vpc/src/utility/nbspace.cpp:368: Ray 4158: Calculated dot product with obj differs from solver's. Obj viol from solver: 25.30264296. Calculated: 25.30264282.
*** WARNING (version #1531bee): /home/sek519/warm_starting/vws/../vpc/src/utility/nbspace.cpp:368: Ray 4164: Calculated dot product with obj differs from solver's. Obj viol from solver: 27.54187296. Calculated: 27.54187282.
*** WARNING (version #1531bee): /home/sek519/warm_starting/vws/../vpc/src/utility/nbspace.cpp:368: Ray 4168: Calculated dot product with obj differs from solver's. Obj viol from solver: 27.54187296. Calculated: 27.54187282.
*** WARNING (version #1531bee): /home/sek519/warm_starting/vws/../vpc/src/utility/nbspace.cpp:368: Ray 4184: Calculated dot product with obj differs from solver's. Obj viol from solver: 28.18687296. Calculated: 28.18687282.
*** WARNING (version #1531bee): /home/sek519/warm_starting/vws/../vpc/src/utility/nbspace.cpp:368: Ray 4190: Calculated dot product with obj differs from solver's. Obj viol from solver: 27.53287296. Calculated: 27.53287282.
*** WARNING (version #1531bee): /home/sek519/warm_starting/vws/../vpc/src/utility/nbspace.cpp:368: Ray 4196: Calculated dot product with obj differs from solver's. Obj viol from solver: 27.36187296. Calculated: 27.36187282.
*** WARNING (version #1531bee): /home/sek519/warm_starting/vws/../vpc/src/utility/nbspace.cpp:368: Ray 4200: Calculated dot product with obj differs from solver's. Obj viol from solver: 25.35487296. Calculated: 25.35487282.
*** WARNING (version #1531bee): /home/sek519/warm_starting/vws/../vpc/src/utility/nbspace.cpp:368: Ray 4206: Calculated dot product with obj differs from solver's. Obj viol from solver: 25.35487296. Calculated: 25.35487282.
*** WARNING (version #1531bee): /home/sek519/warm_starting/vws/../vpc/src/utility/nbspace.cpp:368: Ray 4212: Calculated dot product with obj differs from solver's. Obj viol from solver: 53.83459764. Calculated: 53.83459750.
*** WARNING (version #1531bee): /home/sek519/warm_starting/vws/../vpc/src/utility/nbspace.cpp:368: Ray 4216: Calculated dot product with obj differs from solver's. Obj viol from solver: 52.91659764. Calculated: 52.91659750.
*** WARNING (version #1531bee): /home/sek519/warm_starting/vws/../vpc/src/utility/nbspace.cpp:368: Ray 4223: Calculated dot product with obj differs from solver's. Obj viol from solver: 26.35933968. Calculated: 26.35933954.
*** WARNING (version #1531bee): /home/sek519/warm_starting/vws/../vpc/src/utility/nbspace.cpp:368: Ray 4225: Calculated dot product with obj differs from solver's. Obj viol from solver: 27.52995468. Calculated: 27.52995454.
*** WARNING (version #1531bee): /home/sek519/warm_starting/vws/../vpc/src/utility/nbspace.cpp:368: Ray 4229: Calculated dot product with obj differs from solver's. Obj viol from solver: 25.02372468. Calculated: 25.02372454.
*** WARNING (version #1531bee): /home/sek519/warm_starting/vws/../vpc/src/utility/nbspace.cpp:368: Ray 4245: Calculated dot product with obj differs from solver's. Obj viol from solver: 25.02972468. Calculated: 25.02972454.
*** WARNING (version #1531bee): /home/sek519/warm_starting/vws/../vpc/src/utility/nbspace.cpp:368: Ray 4276: Calculated dot product with obj differs from solver's. Obj viol from solver: 110.36397630. Calculated: 110.36397615.
*** WARNING (version #1531bee): /home/sek519/warm_starting/vws/../vpc/src/utility/nbspace.cpp:368: Ray 4308: Calculated dot product with obj differs from solver's. Obj viol from solver: 22.87284125. Calculated: 22.87284112.
*** WARNING (version #1531bee): /home/sek519/warm_starting/vws/../vpc/src/utility/nbspace.cpp:368: Ray 4311: Calculated dot product with obj differs from solver's. Obj viol from solver: 23.74461125. Calculated: 23.74461112.
*** WARNING (version #1531bee): /home/sek519/warm_starting/vws/../vpc/src/utility/nbspace.cpp:368: Ray 4312: Calculated dot product with obj differs from solver's. Obj viol from solver: 51.37948421. Calculated: 51.37948408.
*** WARNING (version #1531bee): /home/sek519/warm_starting/vws/../vpc/src/utility/nbspace.cpp:368: Ray 4318: Calculated dot product with obj differs from solver's. Obj viol from solver: 49.90348421. Calculated: 49.90348408.
*** WARNING (version #1531bee): /home/sek519/warm_starting/vws/../vpc/src/utility/nbspace.cpp:368: Ray 4319: Calculated dot product with obj differs from solver's. Obj viol from solver: 21.86184125. Calculated: 21.86184112.
*** WARNING (version #1531bee): /home/sek519/warm_starting/vws/../vpc/src/utility/nbspace.cpp:368: Ray 4321: Calculated dot product with obj differs from solver's. Obj viol from solver: 107.98817458. Calculated: 107.98817445.
*** WARNING (version #1531bee): /home/sek519/warm_starting/vws/../vpc/src/utility/nbspace.cpp:368: Ray 4356: Calculated dot product with obj differs from solver's. Obj viol from solver: 186.03044263. Calculated: 186.03044278.
*** WARNING (version #1531bee): /home/sek519/warm_starting/vws/../vpc/src/utility/nbspace.cpp:368: Ray 4357: Calculated dot product with obj differs from solver's. Obj viol from solver: 259.89022132. Calculated: 259.89022146.
*** WARNING (version #1531bee): /home/sek519/warm_starting/vws/../vpc/src/utility/nbspace.cpp:368: Ray 4362: Calculated dot product with obj differs from solver's. Obj viol from solver: 186.03044263. Calculated: 186.03044278.
*** WARNING (version #1531bee): /home/sek519/warm_starting/vws/../vpc/src/utility/nbspace.cpp:368: Ray 4365: Calculated dot product with obj differs from solver's. Obj viol from solver: 241.78044263. Calculated: 241.78044278.
*** WARNING (version #1531bee): /home/sek519/warm_starting/vws/../vpc/src/utility/nbspace.cpp:368: Ray 4367: Calculated dot product with obj differs from solver's. Obj viol from solver: 143.53044263. Calculated: 143.53044278.
*** WARNING (version #1531bee): /home/sek519/warm_starting/vws/../vpc/src/utility/nbspace.cpp:368: Ray 4368: Calculated dot product with obj differs from solver's. Obj viol from solver: 261.25959222. Calculated: 261.25959205.
*** WARNING (version #1531bee): /home/sek519/warm_starting/vws/../vpc/src/utility/nbspace.cpp:368: Ray 4413: Calculated dot product with obj differs from solver's. Obj viol from solver: 117.35871251. Calculated: 117.35871239.
*** WARNING (version #1531bee): /home/sek519/warm_starting/vws/../vpc/src/utility/nbspace.cpp:368: Ray 4438: Calculated dot product with obj differs from solver's. Obj viol from solver: 113.35714296. Calculated: 113.35714282.
*** WARNING (version #1531bee): /home/sek519/warm_starting/vws/../vpc/src/utility/nbspace.cpp:368: Ray 4552: Calculated dot product with obj differs from solver's. Obj viol from solver: 2.49413363. Calculated: 2.49413376.
*** WARNING (version #1531bee): /home/sek519/warm_starting/vws/../vpc/src/utility/nbspace.cpp:368: Ray 4696: Calculated dot product with obj differs from solver's. Obj viol from solver: 3.12346502. Calculated: 3.12346489.
*** WARNING (version #1531bee): /home/sek519/warm_starting/vws/../vpc/src/utility/nbspace.cpp:368: Ray 5061: Calculated dot product with obj differs from solver's. Obj viol from solver: 0.76410690. Calculated: 0.76410701.
*** WARNING (version #1531bee): /home/sek519/warm_starting/vws/../vpc/src/utility/nbspace.cpp:368: Ray 5065: Calculated dot product with obj differs from solver's. Obj viol from solver: 29.03364296. Calculated: 29.03364282.
*** WARNING (version #1531bee): /home/sek519/warm_starting/vws/../vpc/src/utility/nbspace.cpp:368: Ray 5066: Calculated dot product with obj differs from solver's. Obj viol from solver: 29.97687296. Calculated: 29.97687282.
*** WARNING (version #1531bee): /home/sek519/warm_starting/vws/../vpc/src/utility/nbspace.cpp:368: Ray 5078: Calculated dot product with obj differs from solver's. Obj viol from solver: 29.04872468. Calculated: 29.04872454.
*** WARNING (version #1531bee): /home/sek519/warm_starting/vws/../vpc/src/utility/nbspace.cpp:368: Ray 5082: Calculated dot product with obj differs from solver's. Obj viol from solver: 29.41764296. Calculated: 29.41764282.
*** WARNING (version #1531bee): /home/sek519/warm_starting/vws/../vpc/src/utility/nbspace.cpp:368: Ray 5083: Calculated dot product with obj differs from solver's. Obj viol from solver: 124.75849214. Calculated: 124.75849201.
*** WARNING (version #1531bee): /home/sek519/warm_starting/vws/../vpc/src/utility/nbspace.cpp:368: Ray 5098: Calculated dot product with obj differs from solver's. Obj viol from solver: 173.16878749. Calculated: 173.16878761.
*** WARNING (version #1531bee): /home/sek519/warm_starting/vws/../vpc/src/utility/nbspace.cpp:368: Ray 5101: Calculated dot product with obj differs from solver's. Obj viol from solver: 0.95513363. Calculated: 0.95513376.
*** WARNING (version #1531bee): /home/sek519/warm_starting/vws/../vpc/src/utility/nbspace.cpp:368: Ray 5104: Calculated dot product with obj differs from solver's. Obj viol from solver: 30.71064296. Calculated: 30.71064282.
*** WARNING (version #1531bee): /home/sek519/warm_starting/vws/../vpc/src/utility/nbspace.cpp:368: Ray 5107: Calculated dot product with obj differs from solver's. Obj viol from solver: 31.96887296. Calculated: 31.96887282.
*** WARNING (version #1531bee): /home/sek519/warm_starting/vws/../vpc/src/utility/nbspace.cpp:368: Ray 5109: Calculated dot product with obj differs from solver's. Obj viol from solver: 334.63978352. Calculated: 334.63978340.
*** WARNING (version #1531bee): /home/sek519/warm_starting/vws/../vpc/src/utility/nbspace.cpp:368: Ray 121: Calculated dot product with obj differs from solver's. Obj viol from solver: 7507.24128171. Calculated: 7507.24128185.
*** WARNING (version #1531bee): /home/sek519/warm_starting/vws/../vpc/src/utility/nbspace.cpp:368: Ray 123: Calculated dot product with obj differs from solver's. Obj viol from solver: 7452.62441826. Calculated: 7452.62441812.
*** WARNING (version #1531bee): /home/sek519/warm_starting/vws/../vpc/src/utility/nbspace.cpp:368: Ray 138: Calculated dot product with obj differs from solver's. Obj viol from solver: 38.76731826. Calculated: 38.76731812.
*** WARNING (version #1531bee): /home/sek519/warm_starting/vws/../vpc/src/utility/nbspace.cpp:368: Ray 166: Calculated dot product with obj differs from solver's. Obj viol from solver: 7507.55718167. Calculated: 7507.55718181.
*** WARNING (version #1531bee): /home/sek519/warm_starting/vws/../vpc/src/utility/nbspace.cpp:368: Ray 168: Calculated dot product with obj differs from solver's. Obj viol from solver: 7452.94031826. Calculated: 7452.94031812.
*** WARNING (version #1531bee): /home/sek519/warm_starting/vws/../vpc/src/utility/nbspace.cpp:368: Ray 183: Calculated dot product with obj differs from solver's. Obj viol from solver: 55.97570206. Calculated: 55.97570191.
*** WARNING (version #1531bee): /home/sek519/warm_starting/vws/../vpc/src/utility/nbspace.cpp:368: Ray 1359: Calculated dot product with obj differs from solver's. Obj viol from solver: 130759.28703907. Calculated: 130759.28703893.
*** WARNING (version #1531bee): /home/sek519/warm_starting/vws/../vpc/src/utility/nbspace.cpp:368: Ray 1507: Calculated dot product with obj differs from solver's. Obj viol from solver: 4210.64440674. Calculated: 4210.64440688.
*** WARNING (version #1531bee): /home/sek519/warm_starting/vws/../vpc/src/utility/nbspace.cpp:368: Ray 1514: Calculated dot product with obj differs from solver's. Obj viol from solver: 4237.53280405. Calculated: 4237.53280419.
*** WARNING (version #1531bee): /home/sek519/warm_starting/vws/../vpc/src/utility/nbspace.cpp:368: Ray 1597: Calculated dot product with obj differs from solver's. Obj viol from solver: 8343.46278174. Calculated: 8343.46278188.
*** WARNING (version #1531bee): /home/sek519/warm_starting/vws/../vpc/src/utility/nbspace.cpp:368: Ray 1604: Calculated dot product with obj differs from solver's. Obj viol from solver: 8403.19780077. Calculated: 8403.19780091.
*** WARNING (version #1531bee): /home/sek519/warm_starting/vws/../vpc/src/utility/nbspace.cpp:368: Ray 1694: Calculated dot product with obj differs from solver's. Obj viol from solver: 11.26705835. Calculated: 11.26705849.
*** WARNING (version #1531bee): /home/sek519/warm_starting/vws/../vpc/src/utility/nbspace.cpp:368: Ray 2045: Calculated dot product with obj differs from solver's. Obj viol from solver: 504.11195826. Calculated: 504.11195809.
*** WARNING (version #1531bee): /home/sek519/warm_starting/vws/../vpc/src/utility/nbspace.cpp:368: Ray 2048: Calculated dot product with obj differs from solver's. Obj viol from solver: 798.58677426. Calculated: 798.58677412.
*** WARNING (version #1531bee): /home/sek519/warm_starting/vws/../vpc/src/utility/nbspace.cpp:368: Ray 2076: Calculated dot product with obj differs from solver's. Obj viol from solver: 9092.91618174. Calculated: 9092.91618191.
*** WARNING (version #1531bee): /home/sek519/warm_starting/vws/../vpc/src/utility/nbspace.cpp:368: Ray 2226: Calculated dot product with obj differs from solver's. Obj viol from solver: 274.62923652. Calculated: 274.62923634.
*** WARNING (version #1531bee): /home/sek519/warm_starting/vws/../vpc/src/utility/nbspace.cpp:368: Ray 2271: Calculated dot product with obj differs from solver's. Obj viol from solver: 3788.89253652. Calculated: 3788.89253634.
*** WARNING (version #1531bee): /home/sek519/warm_starting/vws/../vpc/src/utility/nbspace.cpp:368: Ray 2301: Calculated dot product with obj differs from solver's. Obj viol from solver: 8604.71513652. Calculated: 8604.71513634.
*** WARNING (version #1531bee): /home/sek519/warm_starting/vws/../vpc/src/utility/nbspace.cpp:368: Ray 2316: Calculated dot product with obj differs from solver's. Obj viol from solver: 2731.47533652. Calculated: 2731.47533634.
*** WARNING (version #1531bee): /home/sek519/warm_starting/vws/../vpc/src/utility/nbspace.cpp:368: Ray 2467: Calculated dot product with obj differs from solver's. Obj viol from solver: 96624.98593326. Calculated: 96624.98593312.
*** WARNING (version #1531bee): /home/sek519/warm_starting/vws/../vpc/src/utility/nbspace.cpp:368: Ray 2468: Calculated dot product with obj differs from solver's. Obj viol from solver: 111362.01143976. Calculated: 111362.01143962.
*** WARNING (version #1531bee): /home/sek519/warm_starting/vws/../vpc/src/utility/nbspace.cpp:368: Ray 4053: Calculated dot product with obj differs from solver's. Obj viol from solver: 143.80327710. Calculated: 143.80327696.
*** WARNING (version #1531bee): /home/sek519/warm_starting/vws/../vpc/src/utility/nbspace.cpp:368: Ray 4083: Calculated dot product with obj differs from solver's. Obj viol from solver: 311.80327710. Calculated: 311.80327696.
*** WARNING (version #1531bee): /home/sek519/warm_starting/vws/../vpc/src/utility/nbspace.cpp:368: Ray 4211: Calculated dot product with obj differs from solver's. Obj viol from solver: 191.55613059. Calculated: 191.55613072.
*** WARNING (version #1531bee): /home/sek519/warm_starting/vws/../vpc/src/utility/nbspace.cpp:368: Ray 5122: Calculated dot product with obj differs from solver's. Obj viol from solver: 27.45528174. Calculated: 27.45528188.
*** WARNING (version #1531bee): /home/sek519/warm_starting/vws/../vpc/src/utility/nbspace.cpp:368: Ray 5506: Calculated dot product with obj differs from solver's. Obj viol from solver: 727.00595826. Calculated: 727.00595812.
*** WARNING (version #1531bee): /home/sek519/warm_starting/vws/../vpc/src/utility/nbspace.cpp:368: Ray 136: Calculated dot product with obj differs from solver's. Obj viol from solver: 94.03807525. Calculated: 94.03807513.
*** WARNING (version #1531bee): /home/sek519/warm_starting/vws/../vpc/src/utility/nbspace.cpp:368: Ray 612: Calculated dot product with obj differs from solver's. Obj viol from solver: 41.09525654. Calculated: 41.09525665.
*** WARNING (version #1531bee): /home/sek519/warm_starting/vws/../vpc/src/utility/nbspace.cpp:368: Ray 1034: Calculated dot product with obj differs from solver's. Obj viol from solver: 285.24451274. Calculated: 285.24451263.
*** WARNING (version #1531bee): /home/sek519/warm_starting/vws/../vpc/src/utility/nbspace.cpp:368: Ray 2227: Calculated dot product with obj differs from solver's. Obj viol from solver: 228.26025063. Calculated: 228.26025052.
*** WARNING (version #1531bee): /home/sek519/warm_starting/vws/../vpc/src/utility/nbspace.cpp:368: Ray 2230: Calculated dot product with obj differs from solver's. Obj viol from solver: 247.38950223. Calculated: 247.38950212.
*** WARNING (version #1531bee): /home/sek519/warm_starting/vws/../vpc/src/utility/nbspace.cpp:368: Ray 2232: Calculated dot product with obj differs from solver's. Obj viol from solver: 247.40845915. Calculated: 247.40845903.
*** WARNING (version #1531bee): /home/sek519/warm_starting/vws/../vpc/src/utility/nbspace.cpp:368: Ray 2290: Calculated dot product with obj differs from solver's. Obj viol from solver: 386.20151964. Calculated: 386.20151953.
*** WARNING (version #1531bee): /home/sek519/warm_starting/vws/../vpc/src/utility/nbspace.cpp:368: Ray 2292: Calculated dot product with obj differs from solver's. Obj viol from solver: 386.23422032. Calculated: 386.23422021.
*** WARNING (version #1531bee): /home/sek519/warm_starting/vws/../vpc/src/utility/nbspace.cpp:368: Ray 2405: Calculated dot product with obj differs from solver's. Obj viol from solver: 1417.43834937. Calculated: 1417.43834948.
*** WARNING (version #1531bee): /home/sek519/warm_starting/vws/../vpc/src/utility/nbspace.cpp:368: Ray 3815: Calculated dot product with obj differs from solver's. Obj viol from solver: 85.86721419. Calculated: 85.86721396.
*** WARNING (version #1531bee): /home/sek519/warm_starting/vws/../vpc/src/utility/nbspace.cpp:368: Ray 3819: Calculated dot product with obj differs from solver's. Obj viol from solver: 117.83459658. Calculated: 117.83459636.
*** WARNING (version #1531bee): /home/sek519/warm_starting/vws/../vpc/src/utility/nbspace.cpp:368: Ray 3820: Calculated dot product with obj differs from solver's. Obj viol from solver: 218.84221419. Calculated: 218.84221396.
*** WARNING (version #1531bee): /home/sek519/warm_starting/vws/../vpc/src/utility/nbspace.cpp:368: Ray 3821: Calculated dot product with obj differs from solver's. Obj viol from solver: 85.86721419. Calculated: 85.86721396.
*** WARNING (version #1531bee): /home/sek519/warm_starting/vws/../vpc/src/utility/nbspace.cpp:368: Ray 3822: Calculated dot product with obj differs from solver's. Obj viol from solver: 69.66721419. Calculated: 69.66721396.
*** WARNING (version #1531bee): /home/sek519/warm_starting/vws/../vpc/src/utility/nbspace.cpp:368: Ray 3823: Calculated dot product with obj differs from solver's. Obj viol from solver: 89.24221419. Calculated: 89.24221396.
*** WARNING (version #1531bee): /home/sek519/warm_starting/vws/../vpc/src/utility/nbspace.cpp:368: Ray 3826: Calculated dot product with obj differs from solver's. Obj viol from solver: 89.91721419. Calculated: 89.91721396.
*** WARNING (version #1531bee): /home/sek519/warm_starting/vws/../vpc/src/utility/nbspace.cpp:368: Ray 3828: Calculated dot product with obj differs from solver's. Obj viol from solver: 277.90471419. Calculated: 277.90471396.
*** WARNING (version #1531bee): /home/sek519/warm_starting/vws/../vpc/src/utility/nbspace.cpp:368: Ray 3829: Calculated dot product with obj differs from solver's. Obj viol from solver: 211.32209658. Calculated: 211.32209636.
*** WARNING (version #1531bee): /home/sek519/warm_starting/vws/../vpc/src/utility/nbspace.cpp:368: Ray 3847: Calculated dot product with obj differs from solver's. Obj viol from solver: 268.65045177. Calculated: 268.65045162.
*** WARNING (version #1531bee): /home/sek519/warm_starting/vws/../vpc/src/utility/nbspace.cpp:368: Ray 3875: Calculated dot product with obj differs from solver's. Obj viol from solver: 110.72480664. Calculated: 110.72480683.
*** WARNING (version #1531bee): /home/sek519/warm_starting/vws/../vpc/src/utility/nbspace.cpp:368: Ray 3925: Calculated dot product with obj differs from solver's. Obj viol from solver: 3.58240163. Calculated: 3.58240151.
*** WARNING (version #1531bee): /home/sek519/warm_starting/vws/../vpc/src/utility/nbspace.cpp:368: Ray 3935: Calculated dot product with obj differs from solver's. Obj viol from solver: 192.42769354. Calculated: 192.42769334.
*** WARNING (version #1531bee): /home/sek519/warm_starting/vws/../vpc/src/utility/nbspace.cpp:368: Ray 3940: Calculated dot product with obj differs from solver's. Obj viol from solver: 81.91759837. Calculated: 81.91759849.
*** WARNING (version #1531bee): /home/sek519/warm_starting/vws/../vpc/src/utility/nbspace.cpp:368: Ray 4119: Calculated dot product with obj differs from solver's. Obj viol from solver: 3.76420650. Calculated: 3.76420679.
*** WARNING (version #1531bee): /home/sek519/warm_starting/vws/../vpc/src/utility/nbspace.cpp:368: Ray 4124: Calculated dot product with obj differs from solver's. Obj viol from solver: 3.59020650. Calculated: 3.59020679.
*** WARNING (version #1531bee): /home/sek519/warm_starting/vws/../vpc/src/utility/nbspace.cpp:368: Ray 4127: Calculated dot product with obj differs from solver's. Obj viol from solver: 2.72020650. Calculated: 2.72020679.
*** WARNING (version #1531bee): /home/sek519/warm_starting/vws/../vpc/src/utility/nbspace.cpp:368: Ray 4129: Calculated dot product with obj differs from solver's. Obj viol from solver: 86.83353984. Calculated: 86.83354012.
*** WARNING (version #1531bee): /home/sek519/warm_starting/vws/../vpc/src/utility/nbspace.cpp:368: Ray 4475: Calculated dot product with obj differs from solver's. Obj viol from solver: 4.91265860. Calculated: 4.91265850.
*** WARNING (version #1531bee): /home/sek519/warm_starting/vws/../vpc/src/utility/nbspace.cpp:368: Ray 4697: Calculated dot product with obj differs from solver's. Obj viol from solver: 0.40865563. Calculated: 0.40865548.
*** WARNING (version #1531bee): /home/sek519/warm_starting/vws/../vpc/src/utility/nbspace.cpp:368: Ray 4699: Calculated dot product with obj differs from solver's. Obj viol from solver: 0.59200079. Calculated: 0.59200091.
*** WARNING (version #1531bee): /home/sek519/warm_starting/vws/../vpc/src/utility/nbspace.cpp:368: Ray 5120: Calculated dot product with obj differs from solver's. Obj viol from solver: 28.85292857. Calculated: 28.85292838.
*** WARNING (version #1531bee): /home/sek519/warm_starting/vws/../vpc/src/utility/nbspace.cpp:368: Ray 5122: Calculated dot product with obj differs from solver's. Obj viol from solver: 28.03209651. Calculated: 28.03209639.
*** WARNING (version #1531bee): /home/sek519/warm_starting/vws/../vpc/src/utility/nbspace.cpp:368: Ray 5126: Calculated dot product with obj differs from solver's. Obj viol from solver: 27.98491532. Calculated: 27.98491520.
*** WARNING (version #1531bee): /home/sek519/warm_starting/vws/../vpc/src/utility/nbspace.cpp:368: Ray 5127: Calculated dot product with obj differs from solver's. Obj viol from solver: 29.94658139. Calculated: 29.94658151.
*** WARNING (version #1531bee): /home/sek519/warm_starting/vws/../vpc/src/utility/nbspace.cpp:368: Ray 5134: Calculated dot product with obj differs from solver's. Obj viol from solver: 27.96232532. Calculated: 27.96232520.
*** WARNING (version #1531bee): /home/sek519/warm_starting/vws/../vpc/src/utility/nbspace.cpp:368: Ray 5457: Calculated dot product with obj differs from solver's. Obj viol from solver: 165.90522582. Calculated: 165.90522592.
*** WARNING (version #1531bee): /home/sek519/warm_starting/vws/../vpc/src/utility/nbspace.cpp:368: Ray 5502: Calculated dot product with obj differs from solver's. Obj viol from solver: 200.52961891. Calculated: 200.52961903.
*** WARNING (version #1531bee): /home/sek519/warm_starting/vws/../vpc/src/utility/nbspace.cpp:368: Ray 5506: Calculated dot product with obj differs from solver's. Obj viol from solver: 726.35206468. Calculated: 726.35206480.
*** WARNING (version #1531bee): /home/sek519/warm_starting/vws/../vpc/src/utility/nbspace.cpp:368: Ray 5521: Calculated dot product with obj differs from solver's. Obj viol from solver: 306.13041063. Calculated: 306.13041052.
*** WARNING (version #1531bee): /home/sek519/warm_starting/vws/../vpc/src/utility/nbspace.cpp:368: Ray 5530: Calculated dot product with obj differs from solver's. Obj viol from solver: 4282.09204302. Calculated: 4282.09204290.
*** WARNING (version #1531bee): /home/sek519/warm_starting/vws/../vpc/src/utility/nbspace.cpp:368: Ray 5532: Calculated dot product with obj differs from solver's. Obj viol from solver: 104.66117383. Calculated: 104.66117399.
*** WARNING (version #1531bee): /home/sek519/warm_starting/vws/../vpc/src/cut/CglVPC.cpp:683: Nonbasic reduced cost should be >= 0 in the complemented nonbasic space. However, for nb var 1976 (real var 2194), it is -1.432890e-07. Small enough error that we only send warning.
*** WARNING (version #1531bee): /home/sek519/warm_starting/vws/../vpc/src/cut/CglVPC.cpp:683: Nonbasic reduced cost should be >= 0 in the complemented nonbasic space. However, for nb var 2194 (real var 2434), it is -1.436130e-07. Small enough error that we only send warning.
*** WARNING (version #1531bee): /home/sek519/warm_starting/vws/../vpc/src/utility/nbspace.cpp:354: Ray 2194: dot product with obj < 0. Obj viol from solver: -0.00000014. Calculated: -0.00000014.
*** WARNING (version #1531bee): /home/sek519/warm_starting/vws/../vpc/src/cut/CglVPC.cpp:1244: Term 42 ray 1976 does not satisfy the objective cut. Activity: -0.00000014. RHS: 0.00000000. Small enough violation that we only send a warning.
*** WARNING (version #1531bee): /home/sek519/warm_starting/vws/../vpc/src/utility/nbspace.cpp:354: Ray 2434: dot product with obj < 0. Obj viol from solver: -0.00000014. Calculated: -0.00000014.
*** WARNING (version #1531bee): /home/sek519/warm_starting/vws/../vpc/src/cut/CglVPC.cpp:1244: Term 42 ray 2194 does not satisfy the objective cut. Activity: -0.00000014. RHS: 0.00000000. Small enough violation that we only send a warning.
