*** WARNING (version #c05a931): /home/sek519/warm_starting/vws/../vpc/src/cut/CglVPC.cpp:683: Nonbasic reduced cost should be >= 0 in the complemented nonbasic space. However, for nb var 1809 (real var 1954), it is -1.388340e-07. Small enough error that we only send warning.
*** WARNING (version #c05a931): /home/sek519/warm_starting/vws/../vpc/src/utility/nbspace.cpp:358: Ray 1954: dot product with obj < 0. Obj viol from solver: -0.00000014. Calculated: -0.00000014.
*** WARNING (version #c05a931): /home/sek519/warm_starting/vws/../vpc/src/cut/CglVPC.cpp:1242: Term 85 ray 1809 does not satisfy the objective cut. Activity: -0.00000014. RHS: 0.00000000. Small enough violation that we only send a warning.
*** WARNING (version #c05a931): /home/sek519/warm_starting/vws/../vpc/src/cut/CglVPC.cpp:683: Nonbasic reduced cost should be >= 0 in the complemented nonbasic space. However, for nb var 1806 (real var 1954), it is -1.388340e-07. Small enough error that we only send warning.
*** WARNING (version #c05a931): /home/sek519/warm_starting/vws/../vpc/src/utility/nbspace.cpp:358: Ray 1954: dot product with obj < 0. Obj viol from solver: -0.00000014. Calculated: -0.00000014.
*** WARNING (version #c05a931): /home/sek519/warm_starting/vws/../vpc/src/cut/CglVPC.cpp:1242: Term 86 ray 1806 does not satisfy the objective cut. Activity: -0.00000014. RHS: 0.00000000. Small enough violation that we only send a warning.
*** WARNING (version #c05a931): /home/sek519/warm_starting/vws/../vpc/src/cut/CglVPC.cpp:683: Nonbasic reduced cost should be >= 0 in the complemented nonbasic space. However, for nb var 2266 (real var 2434), it is -1.436130e-07. Small enough error that we only send warning.
*** WARNING (version #c05a931): /home/sek519/warm_starting/vws/../vpc/src/utility/nbspace.cpp:358: Ray 2434: dot product with obj < 0. Obj viol from solver: -0.00000014. Calculated: -0.00000014.
*** WARNING (version #c05a931): /home/sek519/warm_starting/vws/../vpc/src/cut/CglVPC.cpp:1242: Term 87 ray 2266 does not satisfy the objective cut. Activity: -0.00000014. RHS: 0.00000000. Small enough violation that we only send a warning.
*** WARNING (version #c05a931): /home/sek519/warm_starting/vws/../vpc/src/cut/CglVPC.cpp:683: Nonbasic reduced cost should be >= 0 in the complemented nonbasic space. However, for nb var 2278 (real var 2434), it is -1.436130e-07. Small enough error that we only send warning.
*** WARNING (version #c05a931): /home/sek519/warm_starting/vws/../vpc/src/utility/nbspace.cpp:358: Ray 2434: dot product with obj < 0. Obj viol from solver: -0.00000014. Calculated: -0.00000014.
*** WARNING (version #c05a931): /home/sek519/warm_starting/vws/../vpc/src/cut/CglVPC.cpp:1242: Term 88 ray 2278 does not satisfy the objective cut. Activity: -0.00000014. RHS: 0.00000000. Small enough violation that we only send a warning.
*** WARNING (version #c05a931): /home/sek519/warm_starting/vws/../vpc/src/cut/CglVPC.cpp:683: Nonbasic reduced cost should be >= 0 in the complemented nonbasic space. However, for nb var 1766 (real var 1954), it is -1.388340e-07. Small enough error that we only send warning.
*** WARNING (version #c05a931): /home/sek519/warm_starting/vws/../vpc/src/utility/nbspace.cpp:358: Ray 1954: dot product with obj < 0. Obj viol from solver: -0.00000014. Calculated: -0.00000014.
*** WARNING (version #c05a931): /home/sek519/warm_starting/vws/../vpc/src/cut/CglVPC.cpp:1242: Term 89 ray 1766 does not satisfy the objective cut. Activity: -0.00000014. RHS: 0.00000000. Small enough violation that we only send a warning.
*** WARNING (version #c05a931): /home/sek519/warm_starting/vws/../vpc/src/cut/CglVPC.cpp:683: Nonbasic reduced cost should be >= 0 in the complemented nonbasic space. However, for nb var 1762 (real var 1954), it is -1.388340e-07. Small enough error that we only send warning.
*** WARNING (version #c05a931): /home/sek519/warm_starting/vws/../vpc/src/utility/nbspace.cpp:358: Ray 1954: dot product with obj < 0. Obj viol from solver: -0.00000014. Calculated: -0.00000014.
*** WARNING (version #c05a931): /home/sek519/warm_starting/vws/../vpc/src/cut/CglVPC.cpp:1242: Term 90 ray 1762 does not satisfy the objective cut. Activity: -0.00000014. RHS: 0.00000000. Small enough violation that we only send a warning.
messed up a farkas cofficient
setting all farkas coefficients to 0
messed up a farkas cofficient
setting all farkas coefficients to 0
messed up a farkas cofficient
setting all farkas coefficients to 0
*** WARNING (version #c05a931): /home/sek519/warm_starting/vws/../vpc/src/cut/CglVPC.cpp:683: Nonbasic reduced cost should be >= 0 in the complemented nonbasic space. However, for nb var 2432 (real var 2674), it is -1.643895e-07. Small enough error that we only send warning.
*** WARNING (version #c05a931): /home/sek519/warm_starting/vws/../vpc/src/utility/nbspace.cpp:358: Ray 2674: dot product with obj < 0. Obj viol from solver: -0.00000016. Calculated: -0.00000016.
*** WARNING (version #c05a931): /home/sek519/warm_starting/vws/../vpc/src/cut/CglVPC.cpp:1242: Term 33 ray 2432 does not satisfy the objective cut. Activity: -0.00000016. RHS: 0.00000000. Small enough violation that we only send a warning.
*** WARNING (version #c05a931): /home/sek519/warm_starting/vws/../vpc/src/cut/CglVPC.cpp:683: Nonbasic reduced cost should be >= 0 in the complemented nonbasic space. However, for nb var 2438 (real var 2674), it is -1.643895e-07. Small enough error that we only send warning.
*** WARNING (version #c05a931): /home/sek519/warm_starting/vws/../vpc/src/utility/nbspace.cpp:358: Ray 2674: dot product with obj < 0. Obj viol from solver: -0.00000016. Calculated: -0.00000016.
*** WARNING (version #c05a931): /home/sek519/warm_starting/vws/../vpc/src/cut/CglVPC.cpp:1242: Term 66 ray 2438 does not satisfy the objective cut. Activity: -0.00000016. RHS: 0.00000000. Small enough violation that we only send a warning.
*** WARNING (version #c05a931): /home/sek519/warm_starting/vws/../vpc/src/cut/CglVPC.cpp:683: Nonbasic reduced cost should be >= 0 in the complemented nonbasic space. However, for nb var 466 (real var 525), it is -1.375443e-07. Small enough error that we only send warning.
*** WARNING (version #c05a931): /home/sek519/warm_starting/vws/../vpc/src/utility/nbspace.cpp:358: Ray 525: dot product with obj < 0. Obj viol from solver: -0.00000014. Calculated: -0.00000014.
*** WARNING (version #c05a931): /home/sek519/warm_starting/vws/../vpc/src/cut/CglVPC.cpp:1242: Term 87 ray 466 does not satisfy the objective cut. Activity: -0.00000014. RHS: 0.00000000. Small enough violation that we only send a warning.
*** WARNING (version #c05a931): /home/sek519/warm_starting/vws/../vpc/src/cut/CglVPC.cpp:683: Nonbasic reduced cost should be >= 0 in the complemented nonbasic space. However, for nb var 1094 (real var 1234), it is -1.258335e-07. Small enough error that we only send warning.
*** WARNING (version #c05a931): /home/sek519/warm_starting/vws/../vpc/src/cut/CglVPC.cpp:683: Nonbasic reduced cost should be >= 0 in the complemented nonbasic space. However, for nb var 2430 (real var 2674), it is -1.643895e-07. Small enough error that we only send warning.
*** WARNING (version #c05a931): /home/sek519/warm_starting/vws/../vpc/src/utility/nbspace.cpp:358: Ray 1234: dot product with obj < 0. Obj viol from solver: -0.00000013. Calculated: -0.00000013.
*** WARNING (version #c05a931): /home/sek519/warm_starting/vws/../vpc/src/cut/CglVPC.cpp:1242: Term 95 ray 1094 does not satisfy the objective cut. Activity: -0.00000013. RHS: 0.00000000. Small enough violation that we only send a warning.
*** WARNING (version #c05a931): /home/sek519/warm_starting/vws/../vpc/src/utility/nbspace.cpp:358: Ray 2674: dot product with obj < 0. Obj viol from solver: -0.00000016. Calculated: -0.00000016.
*** WARNING (version #c05a931): /home/sek519/warm_starting/vws/../vpc/src/cut/CglVPC.cpp:1242: Term 95 ray 2430 does not satisfy the objective cut. Activity: -0.00000016. RHS: 0.00000000. Small enough violation that we only send a warning.
*** WARNING (version #c05a931): /home/sek519/warm_starting/vws/../vpc/src/cut/CglVPC.cpp:683: Nonbasic reduced cost should be >= 0 in the complemented nonbasic space. However, for nb var 885 (real var 994), it is -1.239300e-07. Small enough error that we only send warning.
*** WARNING (version #c05a931): /home/sek519/warm_starting/vws/../vpc/src/utility/nbspace.cpp:358: Ray 994: dot product with obj < 0. Obj viol from solver: -0.00000012. Calculated: -0.00000012.
*** WARNING (version #c05a931): /home/sek519/warm_starting/vws/../vpc/src/cut/CglVPC.cpp:1242: Term 96 ray 885 does not satisfy the objective cut. Activity: -0.00000012. RHS: 0.00000000. Small enough violation that we only send a warning.
