*** WARNING (version #1531bee): /home/sek519/warm_starting/vws/../vpc/src/utility/nbspace.cpp:149: Point: Calculated dot product with obj differs from solver's. Obj viol from solver: 400003.22783566. Calculated: 400003.22783858.
*** WARNING (version #1531bee): /home/sek519/warm_starting/vws/../vpc/src/utility/nbspace.cpp:149: Point: Calculated dot product with obj differs from solver's. Obj viol from solver: 700540.54053211. Calculated: 700540.54054055.
*** WARNING (version #1531bee): /home/sek519/warm_starting/vws/../vpc/src/utility/nbspace.cpp:149: Point: Calculated dot product with obj differs from solver's. Obj viol from solver: -0.00000477. Calculated: -0.00000001.
*** WARNING (version #1531bee): /home/sek519/warm_starting/vws/../vpc/src/utility/nbspace.cpp:149: Point: Calculated dot product with obj differs from solver's. Obj viol from solver: 700540.54053211. Calculated: 700540.54054053.
*** WARNING (version #1531bee): /home/sek519/warm_starting/vws/../vpc/src/utility/nbspace.cpp:149: Point: Calculated dot product with obj differs from solver's. Obj viol from solver: 400003.22784615. Calculated: 400003.22783858.
*** WARNING (version #1531bee): /home/sek519/warm_starting/vws/../vpc/src/utility/nbspace.cpp:149: Point: Calculated dot product with obj differs from solver's. Obj viol from solver: 700540.54054070. Calculated: 700540.54054055.
*** WARNING (version #1531bee): /home/sek519/warm_starting/vws/../vpc/src/utility/nbspace.cpp:368: Ray 2185: Calculated dot product with obj differs from solver's. Obj viol from solver: 1929740.77427494. Calculated: 1929740.77427483.
*** WARNING (version #1531bee): /home/sek519/warm_starting/vws/../vpc/src/utility/nbspace.cpp:149: Point: Calculated dot product with obj differs from solver's. Obj viol from solver: 0.00000381. Calculated: -0.00000000.
*** WARNING (version #1531bee): /home/sek519/warm_starting/vws/../vpc/src/utility/nbspace.cpp:149: Point: Calculated dot product with obj differs from solver's. Obj viol from solver: 700540.54053879. Calculated: 700540.54054054.
*** WARNING (version #1531bee): /home/sek519/warm_starting/vws/../vpc/src/utility/nbspace.cpp:149: Point: Calculated dot product with obj differs from solver's. Obj viol from solver: 400003.22785282. Calculated: 400003.22783857.
*** WARNING (version #1531bee): /home/sek519/warm_starting/vws/../vpc/src/utility/nbspace.cpp:149: Point: Calculated dot product with obj differs from solver's. Obj viol from solver: 700540.54055309. Calculated: 700540.54054051.
*** WARNING (version #1531bee): /home/sek519/warm_starting/vws/../vpc/src/utility/nbspace.cpp:149: Point: Calculated dot product with obj differs from solver's. Obj viol from solver: 0.00001717. Calculated: -0.00000001.
*** WARNING (version #1531bee): /home/sek519/warm_starting/vws/../vpc/src/utility/nbspace.cpp:149: Point: Calculated dot product with obj differs from solver's. Obj viol from solver: 700540.54055309. Calculated: 700540.54054051.
*** WARNING (version #1531bee): /home/sek519/warm_starting/vws/../vpc/src/utility/nbspace.cpp:149: Point: Calculated dot product with obj differs from solver's. Obj viol from solver: 400003.22783661. Calculated: 400003.22783859.
*** WARNING (version #1531bee): /home/sek519/warm_starting/vws/../vpc/src/utility/nbspace.cpp:149: Point: Calculated dot product with obj differs from solver's. Obj viol from solver: 700540.54053879. Calculated: 700540.54054054.
*** WARNING (version #1531bee): /home/sek519/warm_starting/vws/../vpc/src/utility/nbspace.cpp:149: Point: Calculated dot product with obj differs from solver's. Obj viol from solver: 0.00000763. Calculated: 0.00000001.
*** WARNING (version #1531bee): /home/sek519/warm_starting/vws/../vpc/src/utility/nbspace.cpp:149: Point: Calculated dot product with obj differs from solver's. Obj viol from solver: 700540.54053974. Calculated: 700540.54054054.
*** WARNING (version #1531bee): /home/sek519/warm_starting/vws/../vpc/src/utility/nbspace.cpp:149: Point: Calculated dot product with obj differs from solver's. Obj viol from solver: 400003.22782993. Calculated: 400003.22783857.
*** WARNING (version #1531bee): /home/sek519/warm_starting/vws/../vpc/src/utility/nbspace.cpp:368: Ray 2051: Calculated dot product with obj differs from solver's. Obj viol from solver: 567368.64290660. Calculated: 567368.64290649.
*** WARNING (version #1531bee): /home/sek519/warm_starting/vws/../vpc/src/utility/nbspace.cpp:368: Ray 2064: Calculated dot product with obj differs from solver's. Obj viol from solver: 802109.15655826. Calculated: 802109.15655805.
*** WARNING (version #1531bee): /home/sek519/warm_starting/vws/../vpc/src/utility/nbspace.cpp:368: Ray 2076: Calculated dot product with obj differs from solver's. Obj viol from solver: 0.00000014. Calculated: 0.00000004.
*** WARNING (version #1531bee): /home/sek519/warm_starting/vws/../vpc/src/utility/nbspace.cpp:368: Ray 2120: Calculated dot product with obj differs from solver's. Obj viol from solver: 999999.99999988. Calculated: 1000000.00000001.
*** WARNING (version #1531bee): /home/sek519/warm_starting/vws/../vpc/src/utility/nbspace.cpp:368: Ray 2121: Calculated dot product with obj differs from solver's. Obj viol from solver: 999999.99999988. Calculated: 1000000.00000000.
*** WARNING (version #1531bee): /home/sek519/warm_starting/vws/../vpc/src/utility/nbspace.cpp:368: Ray 2131: Calculated dot product with obj differs from solver's. Obj viol from solver: 1700009.63731300. Calculated: 1700009.63731319.
*** WARNING (version #1531bee): /home/sek519/warm_starting/vws/../vpc/src/utility/nbspace.cpp:368: Ray 2143: Calculated dot product with obj differs from solver's. Obj viol from solver: 2399999.99999985. Calculated: 2400000.00000000.
*** WARNING (version #1531bee): /home/sek519/warm_starting/vws/../vpc/src/utility/nbspace.cpp:368: Ray 2155: Calculated dot product with obj differs from solver's. Obj viol from solver: 3100009.72971821. Calculated: 3100009.72971832.
*** WARNING (version #1531bee): /home/sek519/warm_starting/vws/../vpc/src/utility/nbspace.cpp:368: Ray 2251: Calculated dot product with obj differs from solver's. Obj viol from solver: 1700000.00000018. Calculated: 1700000.00000000.
*** WARNING (version #1531bee): /home/sek519/warm_starting/vws/../vpc/src/utility/nbspace.cpp:368: Ray 2257: Calculated dot product with obj differs from solver's. Obj viol from solver: 2724324.32432452. Calculated: 2724324.32432432.
*** WARNING (version #1531bee): /home/sek519/warm_starting/vws/../vpc/src/utility/nbspace.cpp:368: Ray 2266: Calculated dot product with obj differs from solver's. Obj viol from solver: 3100009.72971796. Calculated: 3100009.72971834.
*** WARNING (version #1531bee): /home/sek519/warm_starting/vws/../vpc/src/utility/nbspace.cpp:368: Ray 2280: Calculated dot product with obj differs from solver's. Obj viol from solver: 3800009.63731305. Calculated: 3800009.63731320.
*** WARNING (version #1531bee): /home/sek519/warm_starting/vws/../vpc/src/utility/nbspace.cpp:368: Ray 2283: Calculated dot product with obj differs from solver's. Obj viol from solver: 4313524.45316603. Calculated: 4313524.45316632.
*** WARNING (version #1531bee): /home/sek519/warm_starting/vws/../vpc/src/utility/nbspace.cpp:368: Ray 2290: Calculated dot product with obj differs from solver's. Obj viol from solver: 1000000.00000015. Calculated: 999999.99999999.
*** WARNING (version #1531bee): /home/sek519/warm_starting/vws/../vpc/src/utility/nbspace.cpp:368: Ray 2291: Calculated dot product with obj differs from solver's. Obj viol from solver: 1000000.00000015. Calculated: 1000000.00000000.
*** WARNING (version #1531bee): /home/sek519/warm_starting/vws/../vpc/src/utility/nbspace.cpp:368: Ray 2304: Calculated dot product with obj differs from solver's. Obj viol from solver: 1700019.36703178. Calculated: 1700019.36703116.
*** WARNING (version #1531bee): /home/sek519/warm_starting/vws/../vpc/src/utility/nbspace.cpp:368: Ray 2316: Calculated dot product with obj differs from solver's. Obj viol from solver: 2400000.00000023. Calculated: 2399999.99999975.
*** WARNING (version #1531bee): /home/sek519/warm_starting/vws/../vpc/src/utility/nbspace.cpp:368: Ray 2328: Calculated dot product with obj differs from solver's. Obj viol from solver: 3100000.00000020. Calculated: 3099999.99999999.
*** WARNING (version #1531bee): /home/sek519/warm_starting/vws/../vpc/src/utility/nbspace.cpp:368: Ray 2340: Calculated dot product with obj differs from solver's. Obj viol from solver: 3800000.00000018. Calculated: 3799999.99999999.
*** WARNING (version #1531bee): /home/sek519/warm_starting/vws/../vpc/src/utility/nbspace.cpp:368: Ray 2360: Calculated dot product with obj differs from solver's. Obj viol from solver: 999999.99999989. Calculated: 1000000.00000000.
*** WARNING (version #1531bee): /home/sek519/warm_starting/vws/../vpc/src/utility/nbspace.cpp:368: Ray 2361: Calculated dot product with obj differs from solver's. Obj viol from solver: 999999.99999989. Calculated: 1000000.00000000.
*** WARNING (version #1531bee): /home/sek519/warm_starting/vws/../vpc/src/utility/nbspace.cpp:368: Ray 2371: Calculated dot product with obj differs from solver's. Obj viol from solver: 1700009.72971816. Calculated: 1700009.72971833.
*** WARNING (version #1531bee): /home/sek519/warm_starting/vws/../vpc/src/utility/nbspace.cpp:368: Ray 2383: Calculated dot product with obj differs from solver's. Obj viol from solver: 2399999.99999986. Calculated: 2399999.99999999.
*** WARNING (version #1531bee): /home/sek519/warm_starting/vws/../vpc/src/utility/nbspace.cpp:368: Ray 2395: Calculated dot product with obj differs from solver's. Obj viol from solver: 3099999.99999989. Calculated: 3100000.00000000.
*** WARNING (version #1531bee): /home/sek519/warm_starting/vws/../vpc/src/utility/nbspace.cpp:368: Ray 2407: Calculated dot product with obj differs from solver's. Obj viol from solver: 3800009.63731310. Calculated: 3800009.63731320.
*** WARNING (version #1531bee): /home/sek519/warm_starting/vws/../vpc/src/utility/nbspace.cpp:368: Ray 2410: Calculated dot product with obj differs from solver's. Obj viol from solver: 1000000.00000009. Calculated: 999999.99999999.
*** WARNING (version #1531bee): /home/sek519/warm_starting/vws/../vpc/src/utility/nbspace.cpp:368: Ray 2424: Calculated dot product with obj differs from solver's. Obj viol from solver: 1700000.00000015. Calculated: 1699999.99999998.
*** WARNING (version #1531bee): /home/sek519/warm_starting/vws/../vpc/src/utility/nbspace.cpp:368: Ray 2436: Calculated dot product with obj differs from solver's. Obj viol from solver: 2400000.00000012. Calculated: 2399999.99999999.
*** WARNING (version #1531bee): /home/sek519/warm_starting/vws/../vpc/src/utility/nbspace.cpp:368: Ray 2460: Calculated dot product with obj differs from solver's. Obj viol from solver: 3800000.00000011. Calculated: 3800000.00000000.
*** WARNING (version #1531bee): /home/sek519/warm_starting/vws/../vpc/src/utility/nbspace.cpp:368: Ray 2484: Calculated dot product with obj differs from solver's. Obj viol from solver: 1700000.00000029. Calculated: 1699999.99999962.
*** WARNING (version #1531bee): /home/sek519/warm_starting/vws/../vpc/src/utility/nbspace.cpp:368: Ray 2491: Calculated dot product with obj differs from solver's. Obj viol from solver: 1700000.00000018. Calculated: 1700000.00000000.
*** WARNING (version #1531bee): /home/sek519/warm_starting/vws/../vpc/src/utility/nbspace.cpp:368: Ray 2503: Calculated dot product with obj differs from solver's. Obj viol from solver: 2399999.99999989. Calculated: 2400000.00000001.
*** WARNING (version #1531bee): /home/sek519/warm_starting/vws/../vpc/src/utility/nbspace.cpp:368: Ray 2552: Calculated dot product with obj differs from solver's. Obj viol from solver: 1699999.99999982. Calculated: 1700000.00000000.
*** WARNING (version #1531bee): /home/sek519/warm_starting/vws/../vpc/src/utility/nbspace.cpp:368: Ray 2563: Calculated dot product with obj differs from solver's. Obj viol from solver: 2399999.99999984. Calculated: 2399999.99999999.
*** WARNING (version #1531bee): /home/sek519/warm_starting/vws/../vpc/src/utility/nbspace.cpp:368: Ray 2575: Calculated dot product with obj differs from solver's. Obj viol from solver: 3099999.99999988. Calculated: 3100000.00000000.
*** WARNING (version #1531bee): /home/sek519/warm_starting/vws/../vpc/src/utility/nbspace.cpp:368: Ray 2611: Calculated dot product with obj differs from solver's. Obj viol from solver: 1700000.00000014. Calculated: 1700000.00000001.
*** WARNING (version #1531bee): /home/sek519/warm_starting/vws/../vpc/src/utility/nbspace.cpp:368: Ray 2623: Calculated dot product with obj differs from solver's. Obj viol from solver: 2400000.00000016. Calculated: 2399999.99999999.
*** WARNING (version #1531bee): /home/sek519/warm_starting/vws/../vpc/src/utility/nbspace.cpp:368: Ray 2635: Calculated dot product with obj differs from solver's. Obj viol from solver: 3100000.00000015. Calculated: 3099999.99999998.
*** WARNING (version #1531bee): /home/sek519/warm_starting/vws/../vpc/src/utility/nbspace.cpp:368: Ray 2647: Calculated dot product with obj differs from solver's. Obj viol from solver: 3800000.00000016. Calculated: 3799999.99999999.
*** WARNING (version #1531bee): /home/sek519/warm_starting/vws/../vpc/src/utility/nbspace.cpp:368: Ray 2664: Calculated dot product with obj differs from solver's. Obj viol from solver: 1700000.00000033. Calculated: 1700000.00000000.
*** WARNING (version #1531bee): /home/sek519/warm_starting/vws/../vpc/src/utility/nbspace.cpp:368: Ray 2671: Calculated dot product with obj differs from solver's. Obj viol from solver: 1700000.00000019. Calculated: 1700000.00000000.
*** WARNING (version #1531bee): /home/sek519/warm_starting/vws/../vpc/src/utility/nbspace.cpp:368: Ray 2683: Calculated dot product with obj differs from solver's. Obj viol from solver: 2399999.99999989. Calculated: 2399999.99999999.
*** WARNING (version #1531bee): /home/sek519/warm_starting/vws/../vpc/src/utility/nbspace.cpp:368: Ray 2695: Calculated dot product with obj differs from solver's. Obj viol from solver: 3099999.99999988. Calculated: 3099999.99999999.
*** WARNING (version #1531bee): /home/sek519/warm_starting/vws/../vpc/src/utility/nbspace.cpp:368: Ray 2723: Calculated dot product with obj differs from solver's. Obj viol from solver: 4903683.78378355. Calculated: 4903683.78378378.
*** WARNING (version #1531bee): /home/sek519/warm_starting/vws/../vpc/src/utility/nbspace.cpp:368: Ray 2730: Calculated dot product with obj differs from solver's. Obj viol from solver: 4903683.78378364. Calculated: 4903683.78378378.
*** WARNING (version #1531bee): /home/sek519/warm_starting/vws/../vpc/src/utility/nbspace.cpp:368: Ray 2737: Calculated dot product with obj differs from solver's. Obj viol from solver: 4903683.78378366. Calculated: 4903683.78378379.
*** WARNING (version #1531bee): /home/sek519/warm_starting/vws/../vpc/src/utility/nbspace.cpp:368: Ray 2751: Calculated dot product with obj differs from solver's. Obj viol from solver: 4903683.78378352. Calculated: 4903683.78378378.
*** WARNING (version #1531bee): /home/sek519/warm_starting/vws/../vpc/src/utility/nbspace.cpp:368: Ray 2765: Calculated dot product with obj differs from solver's. Obj viol from solver: 4903683.78378366. Calculated: 4903683.78378378.
*** WARNING (version #1531bee): /home/sek519/warm_starting/vws/../vpc/src/utility/nbspace.cpp:368: Ray 2766: Calculated dot product with obj differs from solver's. Obj viol from solver: 55902683.84386906. Calculated: 55902683.84386916.
*** WARNING (version #1531bee): /home/sek519/warm_starting/vws/../vpc/src/utility/nbspace.cpp:368: Ray 2772: Calculated dot product with obj differs from solver's. Obj viol from solver: 4903683.78378363. Calculated: 4903683.78378379.
*** WARNING (version #1531bee): /home/sek519/warm_starting/vws/../vpc/src/utility/nbspace.cpp:368: Ray 2786: Calculated dot product with obj differs from solver's. Obj viol from solver: 4903683.78378365. Calculated: 4903683.78378378.
*** WARNING (version #1531bee): /home/sek519/warm_starting/vws/../vpc/src/utility/nbspace.cpp:368: Ray 3586: Calculated dot product with obj differs from solver's. Obj viol from solver: 0.00000011. Calculated: -0.00000001.
*** WARNING (version #1531bee): /home/sek519/warm_starting/vws/../vpc/src/utility/nbspace.cpp:149: Point: Calculated dot product with obj differs from solver's. Obj viol from solver: 700540.54053307. Calculated: 700540.54054054.
*** WARNING (version #1531bee): /home/sek519/warm_starting/vws/../vpc/src/utility/nbspace.cpp:368: Ray 2191: Calculated dot product with obj differs from solver's. Obj viol from solver: 1700009.72971842. Calculated: 1700009.72971832.
*** WARNING (version #1531bee): /home/sek519/warm_starting/vws/../vpc/src/utility/nbspace.cpp:149: Point: Calculated dot product with obj differs from solver's. Obj viol from solver: -0.00000477. Calculated: -0.00000001.
*** WARNING (version #1531bee): /home/sek519/warm_starting/vws/../vpc/src/utility/nbspace.cpp:149: Point: Calculated dot product with obj differs from solver's. Obj viol from solver: 700540.54052830. Calculated: 700540.54054054.
