*** WARNING (version #1531bee): /home/sek519/warm_starting/vws/../vpc/src/utility/nbspace.cpp:149: Point: Calculated dot product with obj differs from solver's. Obj viol from solver: 544982.03157216. Calculated: 544982.03157193.
*** WARNING (version #1531bee): /home/sek519/warm_starting/vws/../vpc/src/utility/nbspace.cpp:149: Point: Calculated dot product with obj differs from solver's. Obj viol from solver: 427020.44707853. Calculated: 427020.44707833.
*** WARNING (version #1531bee): /home/sek519/warm_starting/vws/../vpc/src/utility/nbspace.cpp:368: Ray 359: Calculated dot product with obj differs from solver's. Obj viol from solver: 3917442.39277241. Calculated: 3917442.39277251.
*** WARNING (version #1531bee): /home/sek519/warm_starting/vws/../vpc/src/utility/nbspace.cpp:149: Point: Calculated dot product with obj differs from solver's. Obj viol from solver: 3579200.53767389. Calculated: 3579200.53767367.
*** WARNING (version #1531bee): /home/sek519/warm_starting/vws/../vpc/src/utility/nbspace.cpp:368: Ray 3: Calculated dot product with obj differs from solver's. Obj viol from solver: 5680900.84128130. Calculated: 5680900.84128141.
*** WARNING (version #1531bee): /home/sek519/warm_starting/vws/../vpc/src/utility/nbspace.cpp:149: Point: Calculated dot product with obj differs from solver's. Obj viol from solver: 646499.92649853. Calculated: 646499.92649833.
*** WARNING (version #1531bee): /home/sek519/warm_starting/vws/../vpc/src/utility/nbspace.cpp:368: Ray 121: Calculated dot product with obj differs from solver's. Obj viol from solver: 3446290.87754484. Calculated: 3446290.87754473.
*** WARNING (version #1531bee): /home/sek519/warm_starting/vws/../vpc/src/utility/nbspace.cpp:149: Point: Calculated dot product with obj differs from solver's. Obj viol from solver: 1929330.15299734. Calculated: 1929330.15299723.
*** WARNING (version #1531bee): /home/sek519/warm_starting/vws/../vpc/src/utility/nbspace.cpp:149: Point: Calculated dot product with obj differs from solver's. Obj viol from solver: 2380725.86385241. Calculated: 2380725.86385216.
*** WARNING (version #1531bee): /home/sek519/warm_starting/vws/../vpc/src/utility/nbspace.cpp:368: Ray 15: Calculated dot product with obj differs from solver's. Obj viol from solver: 7570376.39674251. Calculated: 7570376.39674264.
*** WARNING (version #1531bee): /home/sek519/warm_starting/vws/../vpc/src/utility/nbspace.cpp:368: Ray 35: Calculated dot product with obj differs from solver's. Obj viol from solver: 4889487.59674252. Calculated: 4889487.59674263.
*** WARNING (version #1531bee): /home/sek519/warm_starting/vws/../vpc/src/utility/nbspace.cpp:368: Ray 103: Calculated dot product with obj differs from solver's. Obj viol from solver: 9883575.17377110. Calculated: 9883575.17377125.
*** WARNING (version #1531bee): /home/sek519/warm_starting/vws/../vpc/src/utility/nbspace.cpp:368: Ray 165: Calculated dot product with obj differs from solver's. Obj viol from solver: 2776012.10825203. Calculated: 2776012.10825216.
*** WARNING (version #1531bee): /home/sek519/warm_starting/vws/../vpc/src/utility/nbspace.cpp:368: Ray 245: Calculated dot product with obj differs from solver's. Obj viol from solver: 3218224.39347448. Calculated: 3218224.39347467.
*** WARNING (version #1531bee): /home/sek519/warm_starting/vws/../vpc/src/utility/nbspace.cpp:368: Ray 309: Calculated dot product with obj differs from solver's. Obj viol from solver: 9329607.37703382. Calculated: 9329607.37703396.
*** WARNING (version #1531bee): /home/sek519/warm_starting/vws/../vpc/src/utility/nbspace.cpp:368: Ray 320: Calculated dot product with obj differs from solver's. Obj viol from solver: 3479206.59673724. Calculated: 3479206.59673734.
*** WARNING (version #1531bee): /home/sek519/warm_starting/vws/../vpc/src/utility/nbspace.cpp:368: Ray 321: Calculated dot product with obj differs from solver's. Obj viol from solver: 5899113.19347449. Calculated: 5899113.19347467.
*** WARNING (version #1531bee): /home/sek519/warm_starting/vws/../vpc/src/utility/nbspace.cpp:368: Ray 329: Calculated dot product with obj differs from solver's. Obj viol from solver: 6898193.77703382. Calculated: 6898193.77703397.
*** WARNING (version #1531bee): /home/sek519/warm_starting/vws/../vpc/src/utility/nbspace.cpp:368: Ray 335: Calculated dot product with obj differs from solver's. Obj viol from solver: 6898193.77703382. Calculated: 6898193.77703397.
*** WARNING (version #1531bee): /home/sek519/warm_starting/vws/../vpc/src/utility/nbspace.cpp:368: Ray 422: Calculated dot product with obj differs from solver's. Obj viol from solver: 3218224.39347449. Calculated: 3218224.39347466.
*** WARNING (version #1531bee): /home/sek519/warm_starting/vws/../vpc/src/utility/nbspace.cpp:368: Ray 470: Calculated dot product with obj differs from solver's. Obj viol from solver: 4934662.70307196. Calculated: 4934662.70307206.
*** WARNING (version #1531bee): /home/sek519/warm_starting/vws/../vpc/src/utility/nbspace.cpp:368: Ray 548: Calculated dot product with obj differs from solver's. Obj viol from solver: 5276604.97703383. Calculated: 5276604.97703396.
*** WARNING (version #1531bee): /home/sek519/warm_starting/vws/../vpc/src/utility/nbspace.cpp:368: Ray 552: Calculated dot product with obj differs from solver's. Obj viol from solver: 5031680.58362280. Calculated: 5031680.58362294.
*** WARNING (version #1531bee): /home/sek519/warm_starting/vws/../vpc/src/utility/nbspace.cpp:368: Ray 558: Calculated dot product with obj differs from solver's. Obj viol from solver: 3218224.39347449. Calculated: 3218224.39347467.
*** WARNING (version #1531bee): /home/sek519/warm_starting/vws/../vpc/src/utility/nbspace.cpp:368: Ray 562: Calculated dot product with obj differs from solver's. Obj viol from solver: 5276604.97703382. Calculated: 5276604.97703396.
*** WARNING (version #1531bee): /home/sek519/warm_starting/vws/../vpc/src/utility/nbspace.cpp:368: Ray 568: Calculated dot product with obj differs from solver's. Obj viol from solver: 5336824.39347448. Calculated: 5336824.39347467.
*** WARNING (version #1531bee): /home/sek519/warm_starting/vws/../vpc/src/utility/nbspace.cpp:368: Ray 576: Calculated dot product with obj differs from solver's. Obj viol from solver: 4934662.70307196. Calculated: 4934662.70307212.
*** WARNING (version #1531bee): /home/sek519/warm_starting/vws/../vpc/src/utility/nbspace.cpp:368: Ray 590: Calculated dot product with obj differs from solver's. Obj viol from solver: 4290000.99673724. Calculated: 4290000.99673735.
*** WARNING (version #1531bee): /home/sek519/warm_starting/vws/../vpc/src/utility/nbspace.cpp:368: Ray 668: Calculated dot product with obj differs from solver's. Obj viol from solver: 6507988.31513776. Calculated: 6507988.31513766.
*** WARNING (version #1531bee): /home/sek519/warm_starting/vws/../vpc/src/utility/nbspace.cpp:149: Point: Calculated dot product with obj differs from solver's. Obj viol from solver: 1107261.53947580. Calculated: 1107261.53947565.
*** WARNING (version #1531bee): /home/sek519/warm_starting/vws/../vpc/src/utility/nbspace.cpp:149: Point: Calculated dot product with obj differs from solver's. Obj viol from solver: 1471330.42911753. Calculated: 1471330.42911740.
*** WARNING (version #1531bee): /home/sek519/warm_starting/vws/../vpc/src/utility/nbspace.cpp:368: Ray 13: Calculated dot product with obj differs from solver's. Obj viol from solver: 7574990.88143208. Calculated: 7574990.88143224.
*** WARNING (version #1531bee): /home/sek519/warm_starting/vws/../vpc/src/utility/nbspace.cpp:368: Ray 147: Calculated dot product with obj differs from solver's. Obj viol from solver: 6025655.99999998. Calculated: 6025656.00000011.
*** WARNING (version #1531bee): /home/sek519/warm_starting/vws/../vpc/src/utility/nbspace.cpp:368: Ray 327: Calculated dot product with obj differs from solver's. Obj viol from solver: 4710897.97304292. Calculated: 4710897.97304305.
*** WARNING (version #1531bee): /home/sek519/warm_starting/vws/../vpc/src/utility/nbspace.cpp:368: Ray 331: Calculated dot product with obj differs from solver's. Obj viol from solver: 6025655.99999998. Calculated: 6025656.00000011.
*** WARNING (version #1531bee): /home/sek519/warm_starting/vws/../vpc/src/utility/nbspace.cpp:368: Ray 333: Calculated dot product with obj differs from solver's. Obj viol from solver: 6025655.99999999. Calculated: 6025656.00000012.
*** WARNING (version #1531bee): /home/sek519/warm_starting/vws/../vpc/src/utility/nbspace.cpp:368: Ray 338: Calculated dot product with obj differs from solver's. Obj viol from solver: 2882200.79999998. Calculated: 2882200.80000008.
*** WARNING (version #1531bee): /home/sek519/warm_starting/vws/../vpc/src/utility/nbspace.cpp:368: Ray 343: Calculated dot product with obj differs from solver's. Obj viol from solver: 7723005.94921448. Calculated: 7723005.94921461.
messed up a farkas cofficient
setting all farkas coefficients to 0
*** WARNING (version #1531bee): /home/sek519/warm_starting/vws/../vpc/src/utility/nbspace.cpp:149: Point: Calculated dot product with obj differs from solver's. Obj viol from solver: 544981.90432400. Calculated: 544981.90432380.
*** WARNING (version #1531bee): /home/sek519/warm_starting/vws/../vpc/src/utility/nbspace.cpp:149: Point: Calculated dot product with obj differs from solver's. Obj viol from solver: 427020.20971370. Calculated: 427020.20971357.
*** WARNING (version #1531bee): /home/sek519/warm_starting/vws/../vpc/src/utility/nbspace.cpp:368: Ray 369: Calculated dot product with obj differs from solver's. Obj viol from solver: 2841560.90207254. Calculated: 2841560.90207264.
*** WARNING (version #1531bee): /home/sek519/warm_starting/vws/../vpc/src/utility/nbspace.cpp:149: Point: Calculated dot product with obj differs from solver's. Obj viol from solver: 3579199.77181178. Calculated: 3579199.77181166.
*** WARNING (version #1531bee): /home/sek519/warm_starting/vws/../vpc/src/utility/nbspace.cpp:368: Ray 5: Calculated dot product with obj differs from solver's. Obj viol from solver: 3072721.70502486. Calculated: 3072721.70502474.
*** WARNING (version #1531bee): /home/sek519/warm_starting/vws/../vpc/src/utility/nbspace.cpp:368: Ray 33: Calculated dot product with obj differs from solver's. Obj viol from solver: 8176937.09049647. Calculated: 8176937.09049633.
*** WARNING (version #1531bee): /home/sek519/warm_starting/vws/../vpc/src/utility/nbspace.cpp:368: Ray 74: Calculated dot product with obj differs from solver's. Obj viol from solver: 1104257.14654597. Calculated: 1104257.14654625.
*** WARNING (version #1531bee): /home/sek519/warm_starting/vws/../vpc/src/utility/nbspace.cpp:368: Ray 75: Calculated dot product with obj differs from solver's. Obj viol from solver: 1754049.44434269. Calculated: 1754049.44434305.
*** WARNING (version #1531bee): /home/sek519/warm_starting/vws/../vpc/src/utility/nbspace.cpp:368: Ray 77: Calculated dot product with obj differs from solver's. Obj viol from solver: 3189248.14779672. Calculated: 3189248.14779682.
*** WARNING (version #1531bee): /home/sek519/warm_starting/vws/../vpc/src/utility/nbspace.cpp:368: Ray 79: Calculated dot product with obj differs from solver's. Obj viol from solver: 6583570.84053439. Calculated: 6583570.84053450.
*** WARNING (version #1531bee): /home/sek519/warm_starting/vws/../vpc/src/utility/nbspace.cpp:368: Ray 81: Calculated dot product with obj differs from solver's. Obj viol from solver: 1070648.14779672. Calculated: 1070648.14779682.
*** WARNING (version #1531bee): /home/sek519/warm_starting/vws/../vpc/src/utility/nbspace.cpp:368: Ray 84: Calculated dot product with obj differs from solver's. Obj viol from solver: 2429946.14654598. Calculated: 2429946.14654625.
*** WARNING (version #1531bee): /home/sek519/warm_starting/vws/../vpc/src/utility/nbspace.cpp:368: Ray 85: Calculated dot product with obj differs from solver's. Obj viol from solver: 4451851.04434269. Calculated: 4451851.04434305.
*** WARNING (version #1531bee): /home/sek519/warm_starting/vws/../vpc/src/utility/nbspace.cpp:368: Ray 87: Calculated dot product with obj differs from solver's. Obj viol from solver: 2716367.54633530. Calculated: 2716367.54633544.
*** WARNING (version #1531bee): /home/sek519/warm_starting/vws/../vpc/src/utility/nbspace.cpp:368: Ray 89: Calculated dot product with obj differs from solver's. Obj viol from solver: 4464970.84053439. Calculated: 4464970.84053449.
*** WARNING (version #1531bee): /home/sek519/warm_starting/vws/../vpc/src/utility/nbspace.cpp:368: Ray 91: Calculated dot product with obj differs from solver's. Obj viol from solver: 3713947.73313282. Calculated: 3713947.73313298.
*** WARNING (version #1531bee): /home/sek519/warm_starting/vws/../vpc/src/utility/nbspace.cpp:368: Ray 94: Calculated dot product with obj differs from solver's. Obj viol from solver: 2025463.29062175. Calculated: 2025463.29062193.
*** WARNING (version #1531bee): /home/sek519/warm_starting/vws/../vpc/src/utility/nbspace.cpp:368: Ray 95: Calculated dot product with obj differs from solver's. Obj viol from solver: 5146953.58841847. Calculated: 5146953.58841875.
*** WARNING (version #1531bee): /home/sek519/warm_starting/vws/../vpc/src/utility/nbspace.cpp:368: Ray 97: Calculated dot product with obj differs from solver's. Obj viol from solver: 2823680.18314059. Calculated: 2823680.18314070.
*** WARNING (version #1531bee): /home/sek519/warm_starting/vws/../vpc/src/utility/nbspace.cpp:368: Ray 100: Calculated dot product with obj differs from solver's. Obj viol from solver: 2169417.43928179. Calculated: 2169417.43928202.
*** WARNING (version #1531bee): /home/sek519/warm_starting/vws/../vpc/src/utility/nbspace.cpp:368: Ray 101: Calculated dot product with obj differs from solver's. Obj viol from solver: 6858264.82981431. Calculated: 6858264.82981463.
*** WARNING (version #1531bee): /home/sek519/warm_starting/vws/../vpc/src/utility/nbspace.cpp:368: Ray 105: Calculated dot product with obj differs from solver's. Obj viol from solver: 991294.67525463. Calculated: 991294.67525496.
*** WARNING (version #1531bee): /home/sek519/warm_starting/vws/../vpc/src/utility/nbspace.cpp:368: Ray 119: Calculated dot product with obj differs from solver's. Obj viol from solver: 2464353.65506092. Calculated: 2464353.65506104.
*** WARNING (version #1531bee): /home/sek519/warm_starting/vws/../vpc/src/utility/nbspace.cpp:368: Ray 121: Calculated dot product with obj differs from solver's. Obj viol from solver: 3446308.27019637. Calculated: 3446308.27019677.
*** WARNING (version #1531bee): /home/sek519/warm_starting/vws/../vpc/src/utility/nbspace.cpp:368: Ray 123: Calculated dot product with obj differs from solver's. Obj viol from solver: 1405055.65506091. Calculated: 1405055.65506103.
*** WARNING (version #1531bee): /home/sek519/warm_starting/vws/../vpc/src/utility/nbspace.cpp:368: Ray 125: Calculated dot product with obj differs from solver's. Obj viol from solver: 1070648.14779672. Calculated: 1070648.14779682.
*** WARNING (version #1531bee): /home/sek519/warm_starting/vws/../vpc/src/utility/nbspace.cpp:368: Ray 126: Calculated dot product with obj differs from solver's. Obj viol from solver: 1437107.68991904. Calculated: 1437107.68991923.
*** WARNING (version #1531bee): /home/sek519/warm_starting/vws/../vpc/src/utility/nbspace.cpp:368: Ray 127: Calculated dot product with obj differs from solver's. Obj viol from solver: 4602451.23512879. Calculated: 4602451.23512905.
*** WARNING (version #1531bee): /home/sek519/warm_starting/vws/../vpc/src/utility/nbspace.cpp:368: Ray 129: Calculated dot product with obj differs from solver's. Obj viol from solver: 2709734.87357986. Calculated: 2709734.87357997.
*** WARNING (version #1531bee): /home/sek519/warm_starting/vws/../vpc/src/utility/nbspace.cpp:368: Ray 876: Calculated dot product with obj differs from solver's. Obj viol from solver: 284543.38918652. Calculated: 284543.38918663.
*** WARNING (version #1531bee): /home/sek519/warm_starting/vws/../vpc/src/utility/nbspace.cpp:368: Ray 35: Calculated dot product with obj differs from solver's. Obj viol from solver: 3369417.23678396. Calculated: 3369417.23678386.
*** WARNING (version #1531bee): /home/sek519/warm_starting/vws/../vpc/src/utility/nbspace.cpp:368: Ray 103: Calculated dot product with obj differs from solver's. Obj viol from solver: 4799642.76366545. Calculated: 4799642.76366532.
*** WARNING (version #1531bee): /home/sek519/warm_starting/vws/../vpc/src/utility/nbspace.cpp:368: Ray 221: Calculated dot product with obj differs from solver's. Obj viol from solver: 5229184.21718634. Calculated: 5229184.21718649.
*** WARNING (version #1531bee): /home/sek519/warm_starting/vws/../vpc/src/utility/nbspace.cpp:368: Ray 245: Calculated dot product with obj differs from solver's. Obj viol from solver: 1117648.23033211. Calculated: 1117648.23033199.
*** WARNING (version #1531bee): /home/sek519/warm_starting/vws/../vpc/src/utility/nbspace.cpp:368: Ray 309: Calculated dot product with obj differs from solver's. Obj viol from solver: 7417286.57331990. Calculated: 7417286.57331978.
*** WARNING (version #1531bee): /home/sek519/warm_starting/vws/../vpc/src/utility/nbspace.cpp:368: Ray 321: Calculated dot product with obj differs from solver's. Obj viol from solver: 4068904.05255433. Calculated: 4068904.05255421.
*** WARNING (version #1531bee): /home/sek519/warm_starting/vws/../vpc/src/utility/nbspace.cpp:368: Ray 329: Calculated dot product with obj differs from solver's. Obj viol from solver: 4985875.97331990. Calculated: 4985875.97331980.
*** WARNING (version #1531bee): /home/sek519/warm_starting/vws/../vpc/src/utility/nbspace.cpp:368: Ray 342: Calculated dot product with obj differs from solver's. Obj viol from solver: 4002426.34435059. Calculated: 4002426.34435071.
*** WARNING (version #1531bee): /home/sek519/warm_starting/vws/../vpc/src/utility/nbspace.cpp:368: Ray 343: Calculated dot product with obj differs from solver's. Obj viol from solver: 8986285.81718634. Calculated: 8986285.81718649.
*** WARNING (version #1531bee): /home/sek519/warm_starting/vws/../vpc/src/utility/nbspace.cpp:368: Ray 395: Calculated dot product with obj differs from solver's. Obj viol from solver: 1561002.32584334. Calculated: 1561002.32584354.
*** WARNING (version #1531bee): /home/sek519/warm_starting/vws/../vpc/src/utility/nbspace.cpp:368: Ray 422: Calculated dot product with obj differs from solver's. Obj viol from solver: 1388015.25255433. Calculated: 1388015.25255420.
*** WARNING (version #1531bee): /home/sek519/warm_starting/vws/../vpc/src/utility/nbspace.cpp:368: Ray 548: Calculated dot product with obj differs from solver's. Obj viol from solver: 3364287.17331990. Calculated: 3364287.17331978.
*** WARNING (version #1531bee): /home/sek519/warm_starting/vws/../vpc/src/utility/nbspace.cpp:368: Ray 558: Calculated dot product with obj differs from solver's. Obj viol from solver: 1117648.23033211. Calculated: 1117648.23033199.
*** WARNING (version #1531bee): /home/sek519/warm_starting/vws/../vpc/src/utility/nbspace.cpp:368: Ray 562: Calculated dot product with obj differs from solver's. Obj viol from solver: 3364287.17331990. Calculated: 3364287.17331979.
*** WARNING (version #1531bee): /home/sek519/warm_starting/vws/../vpc/src/utility/nbspace.cpp:368: Ray 576: Calculated dot product with obj differs from solver's. Obj viol from solver: 3221959.09408547. Calculated: 3221959.09408536.
*** WARNING (version #1531bee): /home/sek519/warm_starting/vws/../vpc/src/utility/nbspace.cpp:368: Ray 579: Calculated dot product with obj differs from solver's. Obj viol from solver: 5416753.54435059. Calculated: 5416753.54435071.
*** WARNING (version #1531bee): /home/sek519/warm_starting/vws/../vpc/src/utility/nbspace.cpp:368: Ray 14: Calculated dot product with obj differs from solver's. Obj viol from solver: 2854338.54489408. Calculated: 2854338.54489419.
*** WARNING (version #1531bee): /home/sek519/warm_starting/vws/../vpc/src/utility/nbspace.cpp:368: Ray 15: Calculated dot product with obj differs from solver's. Obj viol from solver: 6471781.48404488. Calculated: 6471781.48404510.
*** WARNING (version #1531bee): /home/sek519/warm_starting/vws/../vpc/src/utility/nbspace.cpp:368: Ray 35: Calculated dot product with obj differs from solver's. Obj viol from solver: 3790892.68404489. Calculated: 3790892.68404510.
*** WARNING (version #1531bee): /home/sek519/warm_starting/vws/../vpc/src/utility/nbspace.cpp:368: Ray 45: Calculated dot product with obj differs from solver's. Obj viol from solver: 2746427.08881181. Calculated: 2746427.08881194.
*** WARNING (version #1531bee): /home/sek519/warm_starting/vws/../vpc/src/utility/nbspace.cpp:368: Ray 102: Calculated dot product with obj differs from solver's. Obj viol from solver: 4369727.94928498. Calculated: 4369727.94928514.
*** WARNING (version #1531bee): /home/sek519/warm_starting/vws/../vpc/src/utility/nbspace.cpp:368: Ray 103: Calculated dot product with obj differs from solver's. Obj viol from solver: 8739455.89856996. Calculated: 8739455.89857027.
*** WARNING (version #1531bee): /home/sek519/warm_starting/vws/../vpc/src/utility/nbspace.cpp:368: Ray 111: Calculated dot product with obj differs from solver's. Obj viol from solver: 7694991.30333688. Calculated: 7694991.30333703.
*** WARNING (version #1531bee): /home/sek519/warm_starting/vws/../vpc/src/utility/nbspace.cpp:368: Ray 165: Calculated dot product with obj differs from solver's. Obj viol from solver: 1029630.19046613. Calculated: 1029630.19046633.
*** WARNING (version #1531bee): /home/sek519/warm_starting/vws/../vpc/src/utility/nbspace.cpp:368: Ray 194: Calculated dot product with obj differs from solver's. Obj viol from solver: 1668092.93596752. Calculated: 1668092.93596741.
*** WARNING (version #1531bee): /home/sek519/warm_starting/vws/../vpc/src/utility/nbspace.cpp:368: Ray 195: Calculated dot product with obj differs from solver's. Obj viol from solver: 4146261.58340749. Calculated: 4146261.58340731.
*** WARNING (version #1531bee): /home/sek519/warm_starting/vws/../vpc/src/utility/nbspace.cpp:368: Ray 221: Calculated dot product with obj differs from solver's. Obj viol from solver: 4770896.56056850. Calculated: 4770896.56056834.
*** WARNING (version #1531bee): /home/sek519/warm_starting/vws/../vpc/src/utility/nbspace.cpp:368: Ray 244: Calculated dot product with obj differs from solver's. Obj viol from solver: 1574115.59523307. Calculated: 1574115.59523317.
*** WARNING (version #1531bee): /home/sek519/warm_starting/vws/../vpc/src/utility/nbspace.cpp:368: Ray 245: Calculated dot product with obj differs from solver's. Obj viol from solver: 2088931.19046614. Calculated: 2088931.19046635.
*** WARNING (version #1531bee): /home/sek519/warm_starting/vws/../vpc/src/utility/nbspace.cpp:368: Ray 308: Calculated dot product with obj differs from solver's. Obj viol from solver: 3600616.79523308. Calculated: 3600616.79523320.
*** WARNING (version #1531bee): /home/sek519/warm_starting/vws/../vpc/src/utility/nbspace.cpp:368: Ray 309: Calculated dot product with obj differs from solver's. Obj viol from solver: 8200312.14012716. Calculated: 8200312.14012729.
*** WARNING (version #1531bee): /home/sek519/warm_starting/vws/../vpc/src/utility/nbspace.cpp:368: Ray 320: Calculated dot product with obj differs from solver's. Obj viol from solver: 2914559.99523307. Calculated: 2914559.99523318.
*** WARNING (version #1531bee): /home/sek519/warm_starting/vws/../vpc/src/utility/nbspace.cpp:368: Ray 321: Calculated dot product with obj differs from solver's. Obj viol from solver: 4769819.99046614. Calculated: 4769819.99046635.
*** WARNING (version #1531bee): /home/sek519/warm_starting/vws/../vpc/src/utility/nbspace.cpp:368: Ray 328: Calculated dot product with obj differs from solver's. Obj viol from solver: 3383988.54489409. Calculated: 3383988.54489419.
*** WARNING (version #1531bee): /home/sek519/warm_starting/vws/../vpc/src/utility/nbspace.cpp:368: Ray 329: Calculated dot product with obj differs from solver's. Obj viol from solver: 5768898.54012716. Calculated: 5768898.54012729.
*** WARNING (version #1531bee): /home/sek519/warm_starting/vws/../vpc/src/utility/nbspace.cpp:368: Ray 334: Calculated dot product with obj differs from solver's. Obj viol from solver: 2914559.99523308. Calculated: 2914559.99523321.
*** WARNING (version #1531bee): /home/sek519/warm_starting/vws/../vpc/src/utility/nbspace.cpp:368: Ray 335: Calculated dot product with obj differs from solver's. Obj viol from solver: 5768898.54012716. Calculated: 5768898.54012730.
*** WARNING (version #1531bee): /home/sek519/warm_starting/vws/../vpc/src/utility/nbspace.cpp:368: Ray 343: Calculated dot product with obj differs from solver's. Obj viol from solver: 8542762.56056849. Calculated: 8542762.56056833.
*** WARNING (version #1531bee): /home/sek519/warm_starting/vws/../vpc/src/utility/nbspace.cpp:368: Ray 361: Calculated dot product with obj differs from solver's. Obj viol from solver: 1638948.20476693. Calculated: 1638948.20476681.
*** WARNING (version #1531bee): /home/sek519/warm_starting/vws/../vpc/src/utility/nbspace.cpp:368: Ray 421: Calculated dot product with obj differs from solver's. Obj viol from solver: 1044465.59523307. Calculated: 1044465.59523317.
*** WARNING (version #1531bee): /home/sek519/warm_starting/vws/../vpc/src/utility/nbspace.cpp:368: Ray 422: Calculated dot product with obj differs from solver's. Obj viol from solver: 2088931.19046614. Calculated: 2088931.19046634.
*** WARNING (version #1531bee): /home/sek519/warm_starting/vws/../vpc/src/utility/nbspace.cpp:368: Ray 470: Calculated dot product with obj differs from solver's. Obj viol from solver: 3586174.78486939. Calculated: 3586174.78486964.
*** WARNING (version #1531bee): /home/sek519/warm_starting/vws/../vpc/src/utility/nbspace.cpp:368: Ray 492: Calculated dot product with obj differs from solver's. Obj viol from solver: 2784923.44487994. Calculated: 2784923.44487982.
*** WARNING (version #1531bee): /home/sek519/warm_starting/vws/../vpc/src/utility/nbspace.cpp:368: Ray 496: Calculated dot product with obj differs from solver's. Obj viol from solver: 4587481.27840397. Calculated: 4587481.27840407.
*** WARNING (version #1531bee): /home/sek519/warm_starting/vws/../vpc/src/utility/nbspace.cpp:368: Ray 516: Calculated dot product with obj differs from solver's. Obj viol from solver: 1219780.98420903. Calculated: 1219780.98420892.
*** WARNING (version #1531bee): /home/sek519/warm_starting/vws/../vpc/src/utility/nbspace.cpp:368: Ray 542: Calculated dot product with obj differs from solver's. Obj viol from solver: 1568870.31675493. Calculated: 1568870.31675481.
*** WARNING (version #1531bee): /home/sek519/warm_starting/vws/../vpc/src/utility/nbspace.cpp:368: Ray 548: Calculated dot product with obj differs from solver's. Obj viol from solver: 4147309.74012716. Calculated: 4147309.74012728.
*** WARNING (version #1531bee): /home/sek519/warm_starting/vws/../vpc/src/utility/nbspace.cpp:368: Ray 552: Calculated dot product with obj differs from solver's. Obj viol from solver: 3872735.99046615. Calculated: 3872735.99046642.
*** WARNING (version #1531bee): /home/sek519/warm_starting/vws/../vpc/src/utility/nbspace.cpp:368: Ray 554: Calculated dot product with obj differs from solver's. Obj viol from solver: 1418727.93396895. Calculated: 1418727.93396911.
*** WARNING (version #1531bee): /home/sek519/warm_starting/vws/../vpc/src/utility/nbspace.cpp:368: Ray 558: Calculated dot product with obj differs from solver's. Obj viol from solver: 2088931.19046615. Calculated: 2088931.19046639.
*** WARNING (version #1531bee): /home/sek519/warm_starting/vws/../vpc/src/utility/nbspace.cpp:368: Ray 561: Calculated dot product with obj differs from solver's. Obj viol from solver: 2103765.59523308. Calculated: 2103765.59523320.
*** WARNING (version #1531bee): /home/sek519/warm_starting/vws/../vpc/src/utility/nbspace.cpp:368: Ray 562: Calculated dot product with obj differs from solver's. Obj viol from solver: 4147309.74012716. Calculated: 4147309.74012730.
*** WARNING (version #1531bee): /home/sek519/warm_starting/vws/../vpc/src/utility/nbspace.cpp:368: Ray 568: Calculated dot product with obj differs from solver's. Obj viol from solver: 3796139.12920201. Calculated: 3796139.12920221.
*** WARNING (version #1531bee): /home/sek519/warm_starting/vws/../vpc/src/utility/nbspace.cpp:368: Ray 575: Calculated dot product with obj differs from solver's. Obj viol from solver: 2103765.59523307. Calculated: 2103765.59523317.
*** WARNING (version #1531bee): /home/sek519/warm_starting/vws/../vpc/src/utility/nbspace.cpp:368: Ray 576: Calculated dot product with obj differs from solver's. Obj viol from solver: 3673057.91827687. Calculated: 3673057.91827713.
*** WARNING (version #1531bee): /home/sek519/warm_starting/vws/../vpc/src/utility/nbspace.cpp:368: Ray 580: Calculated dot product with obj differs from solver's. Obj viol from solver: 10767884.16056849. Calculated: 10767884.16056832.
*** WARNING (version #1531bee): /home/sek519/warm_starting/vws/../vpc/src/utility/nbspace.cpp:368: Ray 590: Calculated dot product with obj differs from solver's. Obj viol from solver: 3725354.39523307. Calculated: 3725354.39523320.
*** WARNING (version #1531bee): /home/sek519/warm_starting/vws/../vpc/src/utility/nbspace.cpp:368: Ray 656: Calculated dot product with obj differs from solver's. Obj viol from solver: 1044465.59523308. Calculated: 1044465.59523320.
*** WARNING (version #1531bee): /home/sek519/warm_starting/vws/../vpc/src/utility/nbspace.cpp:368: Ray 664: Calculated dot product with obj differs from solver's. Obj viol from solver: 1569292.32304380. Calculated: 1569292.32304390.
*** WARNING (version #1531bee): /home/sek519/warm_starting/vws/../vpc/src/utility/nbspace.cpp:368: Ray 672: Calculated dot product with obj differs from solver's. Obj viol from solver: 2778626.46706919. Calculated: 2778626.46706905.
*** WARNING (version #1531bee): /home/sek519/warm_starting/vws/../vpc/src/utility/nbspace.cpp:368: Ray 774: Calculated dot product with obj differs from solver's. Obj viol from solver: 1583913.55290608. Calculated: 1583913.55290597.
*** WARNING (version #1531bee): /home/sek519/warm_starting/vws/../vpc/src/utility/nbspace.cpp:368: Ray 786: Calculated dot product with obj differs from solver's. Obj viol from solver: 1651426.47499294. Calculated: 1651426.47499306.
*** WARNING (version #1531bee): /home/sek519/warm_starting/vws/../vpc/src/utility/nbspace.cpp:368: Ray 33: Calculated dot product with obj differs from solver's. Obj viol from solver: 8967070.25975662. Calculated: 8967070.25975673.
*** WARNING (version #1531bee): /home/sek519/warm_starting/vws/../vpc/src/utility/nbspace.cpp:368: Ray 91: Calculated dot product with obj differs from solver's. Obj viol from solver: 6169828.94652814. Calculated: 6169828.94652831.
*** WARNING (version #1531bee): /home/sek519/warm_starting/vws/../vpc/src/utility/nbspace.cpp:368: Ray 95: Calculated dot product with obj differs from solver's. Obj viol from solver: 5993137.71210644. Calculated: 5993137.71210655.
*** WARNING (version #1531bee): /home/sek519/warm_starting/vws/../vpc/src/utility/nbspace.cpp:368: Ray 99: Calculated dot product with obj differs from solver's. Obj viol from solver: 3316957.65909339. Calculated: 3316957.65909349.
*** WARNING (version #1531bee): /home/sek519/warm_starting/vws/../vpc/src/utility/nbspace.cpp:368: Ray 101: Calculated dot product with obj differs from solver's. Obj viol from solver: 9764162.60348127. Calculated: 9764162.60348140.
*** WARNING (version #1531bee): /home/sek519/warm_starting/vws/../vpc/src/utility/nbspace.cpp:368: Ray 121: Calculated dot product with obj differs from solver's. Obj viol from solver: 9650011.88227248. Calculated: 9650011.88227259.
*** WARNING (version #1531bee): /home/sek519/warm_starting/vws/../vpc/src/utility/nbspace.cpp:368: Ray 243: Calculated dot product with obj differs from solver's. Obj viol from solver: 6080220.52013879. Calculated: 6080220.52013889.
*** WARNING (version #1531bee): /home/sek519/warm_starting/vws/../vpc/src/utility/nbspace.cpp:368: Ray 466: Calculated dot product with obj differs from solver's. Obj viol from solver: 1616880.05301304. Calculated: 1616880.05301316.
*** WARNING (version #1531bee): /home/sek519/warm_starting/vws/../vpc/src/utility/nbspace.cpp:368: Ray 468: Calculated dot product with obj differs from solver's. Obj viol from solver: 4943034.55291953. Calculated: 4943034.55291964.
*** WARNING (version #1531bee): /home/sek519/warm_starting/vws/../vpc/src/utility/nbspace.cpp:368: Ray 474: Calculated dot product with obj differs from solver's. Obj viol from solver: 1891290.31558774. Calculated: 1891290.31558785.
*** WARNING (version #1531bee): /home/sek519/warm_starting/vws/../vpc/src/utility/nbspace.cpp:368: Ray 545: Calculated dot product with obj differs from solver's. Obj viol from solver: 3011196.99374554. Calculated: 3011196.99374564.
*** WARNING (version #1531bee): /home/sek519/warm_starting/vws/../vpc/src/utility/nbspace.cpp:368: Ray 546: Calculated dot product with obj differs from solver's. Obj viol from solver: 7414733.55291953. Calculated: 7414733.55291965.
*** WARNING (version #1531bee): /home/sek519/warm_starting/vws/../vpc/src/utility/nbspace.cpp:368: Ray 550: Calculated dot product with obj differs from solver's. Obj viol from solver: 7675260.17919029. Calculated: 7675260.17919041.
*** WARNING (version #1531bee): /home/sek519/warm_starting/vws/../vpc/src/utility/nbspace.cpp:368: Ray 572: Calculated dot product with obj differs from solver's. Obj viol from solver: 5303273.65841515. Calculated: 5303273.65841528.
*** WARNING (version #1531bee): /home/sek519/warm_starting/vws/../vpc/src/utility/nbspace.cpp:368: Ray 574: Calculated dot product with obj differs from solver's. Obj viol from solver: 7414734.55291952. Calculated: 7414734.55291964.
*** WARNING (version #1531bee): /home/sek519/warm_starting/vws/../vpc/src/utility/nbspace.cpp:368: Ray 580: Calculated dot product with obj differs from solver's. Obj viol from solver: 6793614.69746363. Calculated: 6793614.69746375.
*** WARNING (version #1531bee): /home/sek519/warm_starting/vws/../vpc/src/utility/nbspace.cpp:149: Point: Calculated dot product with obj differs from solver's. Obj viol from solver: 1471331.27479449. Calculated: 1471331.27479437.
*** WARNING (version #1531bee): /home/sek519/warm_starting/vws/../vpc/src/utility/nbspace.cpp:368: Ray 572: Calculated dot product with obj differs from solver's. Obj viol from solver: 5649703.88972031. Calculated: 5649703.88972017.
*** WARNING (version #1531bee): /home/sek519/warm_starting/vws/../vpc/src/utility/nbspace.cpp:149: Point: Calculated dot product with obj differs from solver's. Obj viol from solver: 646499.01510936. Calculated: 646499.01510948.
*** WARNING (version #1531bee): /home/sek519/warm_starting/vws/../vpc/src/utility/nbspace.cpp:149: Point: Calculated dot product with obj differs from solver's. Obj viol from solver: 770760.62977186. Calculated: 770760.62977201.
*** WARNING (version #1531bee): /home/sek519/warm_starting/vws/../vpc/src/utility/nbspace.cpp:368: Ray 15: Calculated dot product with obj differs from solver's. Obj viol from solver: 4985111.31046680. Calculated: 4985111.31046691.
*** WARNING (version #1531bee): /home/sek519/warm_starting/vws/../vpc/src/utility/nbspace.cpp:368: Ray 32: Calculated dot product with obj differs from solver's. Obj viol from solver: 4854400.02287535. Calculated: 4854400.02287546.
*** WARNING (version #1531bee): /home/sek519/warm_starting/vws/../vpc/src/utility/nbspace.cpp:368: Ray 33: Calculated dot product with obj differs from solver's. Obj viol from solver: 8983895.77810875. Calculated: 8983895.77810891.
*** WARNING (version #1531bee): /home/sek519/warm_starting/vws/../vpc/src/utility/nbspace.cpp:368: Ray 74: Calculated dot product with obj differs from solver's. Obj viol from solver: 1104322.39768287. Calculated: 1104322.39768254.
*** WARNING (version #1531bee): /home/sek519/warm_starting/vws/../vpc/src/utility/nbspace.cpp:368: Ray 77: Calculated dot product with obj differs from solver's. Obj viol from solver: 3189257.26071133. Calculated: 3189257.26071121.
*** WARNING (version #1531bee): /home/sek519/warm_starting/vws/../vpc/src/utility/nbspace.cpp:368: Ray 79: Calculated dot product with obj differs from solver's. Obj viol from solver: 6583596.14849177. Calculated: 6583596.14849164.
*** WARNING (version #1531bee): /home/sek519/warm_starting/vws/../vpc/src/utility/nbspace.cpp:368: Ray 81: Calculated dot product with obj differs from solver's. Obj viol from solver: 1070657.26071133. Calculated: 1070657.26071122.
*** WARNING (version #1531bee): /home/sek519/warm_starting/vws/../vpc/src/utility/nbspace.cpp:368: Ray 83: Calculated dot product with obj differs from solver's. Obj viol from solver: 10290177.76638869. Calculated: 10290177.76638858.
*** WARNING (version #1531bee): /home/sek519/warm_starting/vws/../vpc/src/utility/nbspace.cpp:368: Ray 84: Calculated dot product with obj differs from solver's. Obj viol from solver: 2430010.39768287. Calculated: 2430010.39768255.
*** WARNING (version #1531bee): /home/sek519/warm_starting/vws/../vpc/src/utility/nbspace.cpp:368: Ray 85: Calculated dot product with obj differs from solver's. Obj viol from solver: 4451933.53339419. Calculated: 4451933.53339374.
*** WARNING (version #1531bee): /home/sek519/warm_starting/vws/../vpc/src/utility/nbspace.cpp:368: Ray 87: Calculated dot product with obj differs from solver's. Obj viol from solver: 2716359.11498826. Calculated: 2716359.11498804.
*** WARNING (version #1531bee): /home/sek519/warm_starting/vws/../vpc/src/utility/nbspace.cpp:368: Ray 89: Calculated dot product with obj differs from solver's. Obj viol from solver: 4464996.14849176. Calculated: 4464996.14849163.
*** WARNING (version #1531bee): /home/sek519/warm_starting/vws/../vpc/src/utility/nbspace.cpp:368: Ray 91: Calculated dot product with obj differs from solver's. Obj viol from solver: 3713957.91016274. Calculated: 3713957.91016253.
*** WARNING (version #1531bee): /home/sek519/warm_starting/vws/../vpc/src/utility/nbspace.cpp:368: Ray 93: Calculated dot product with obj differs from solver's. Obj viol from solver: 3189257.26071134. Calculated: 3189257.26071122.
*** WARNING (version #1531bee): /home/sek519/warm_starting/vws/../vpc/src/utility/nbspace.cpp:368: Ray 95: Calculated dot product with obj differs from solver's. Obj viol from solver: 5146969.78803376. Calculated: 5146969.78803341.
*** WARNING (version #1531bee): /home/sek519/warm_starting/vws/../vpc/src/utility/nbspace.cpp:368: Ray 97: Calculated dot product with obj differs from solver's. Obj viol from solver: 2129957.26071133. Calculated: 2129957.26071121.
*** WARNING (version #1531bee): /home/sek519/warm_starting/vws/../vpc/src/utility/nbspace.cpp:368: Ray 99: Calculated dot product with obj differs from solver's. Obj viol from solver: 1070657.26071132. Calculated: 1070657.26071121.
*** WARNING (version #1531bee): /home/sek519/warm_starting/vws/../vpc/src/utility/nbspace.cpp:368: Ray 100: Calculated dot product with obj differs from solver's. Obj viol from solver: 2169500.46532483. Calculated: 2169500.46532453.
*** WARNING (version #1531bee): /home/sek519/warm_starting/vws/../vpc/src/utility/nbspace.cpp:368: Ray 101: Calculated dot product with obj differs from solver's. Obj viol from solver: 6858383.86867811. Calculated: 6858383.86867773.
*** WARNING (version #1531bee): /home/sek519/warm_starting/vws/../vpc/src/utility/nbspace.cpp:368: Ray 103: Calculated dot product with obj differs from solver's. Obj viol from solver: 2129955.26071133. Calculated: 2129955.26071122.
*** WARNING (version #1531bee): /home/sek519/warm_starting/vws/../vpc/src/utility/nbspace.cpp:368: Ray 105: Calculated dot product with obj differs from solver's. Obj viol from solver: 991382.08927485. Calculated: 991382.08927441.
*** WARNING (version #1531bee): /home/sek519/warm_starting/vws/../vpc/src/utility/nbspace.cpp:368: Ray 107: Calculated dot product with obj differs from solver's. Obj viol from solver: 2129957.26071133. Calculated: 2129957.26071121.
*** WARNING (version #1531bee): /home/sek519/warm_starting/vws/../vpc/src/utility/nbspace.cpp:368: Ray 109: Calculated dot product with obj differs from solver's. Obj viol from solver: 5307857.26071135. Calculated: 5307857.26071122.
*** WARNING (version #1531bee): /home/sek519/warm_starting/vws/../vpc/src/utility/nbspace.cpp:368: Ray 111: Calculated dot product with obj differs from solver's. Obj viol from solver: 2659606.26071133. Calculated: 2659606.26071121.
*** WARNING (version #1531bee): /home/sek519/warm_starting/vws/../vpc/src/utility/nbspace.cpp:368: Ray 113: Calculated dot product with obj differs from solver's. Obj viol from solver: 6237175.36638870. Calculated: 6237175.36638858.
*** WARNING (version #1531bee): /home/sek519/warm_starting/vws/../vpc/src/utility/nbspace.cpp:368: Ray 115: Calculated dot product with obj differs from solver's. Obj viol from solver: 12026936.73163593. Calculated: 12026936.73163580.
*** WARNING (version #1531bee): /home/sek519/warm_starting/vws/../vpc/src/utility/nbspace.cpp:368: Ray 117: Calculated dot product with obj differs from solver's. Obj viol from solver: 3841068.67625333. Calculated: 3841068.67625298.
*** WARNING (version #1531bee): /home/sek519/warm_starting/vws/../vpc/src/utility/nbspace.cpp:368: Ray 119: Calculated dot product with obj differs from solver's. Obj viol from solver: 2464351.99306937. Calculated: 2464351.99306920.
*** WARNING (version #1531bee): /home/sek519/warm_starting/vws/../vpc/src/utility/nbspace.cpp:368: Ray 121: Calculated dot product with obj differs from solver's. Obj viol from solver: 3446393.46783338. Calculated: 3446393.46783290.
*** WARNING (version #1531bee): /home/sek519/warm_starting/vws/../vpc/src/utility/nbspace.cpp:368: Ray 123: Calculated dot product with obj differs from solver's. Obj viol from solver: 1405052.99306937. Calculated: 1405052.99306920.
*** WARNING (version #1531bee): /home/sek519/warm_starting/vws/../vpc/src/utility/nbspace.cpp:368: Ray 125: Calculated dot product with obj differs from solver's. Obj viol from solver: 1070657.26071133. Calculated: 1070657.26071120.
*** WARNING (version #1531bee): /home/sek519/warm_starting/vws/../vpc/src/utility/nbspace.cpp:368: Ray 126: Calculated dot product with obj differs from solver's. Obj viol from solver: 1437127.09807420. Calculated: 1437127.09807397.
*** WARNING (version #1531bee): /home/sek519/warm_starting/vws/../vpc/src/utility/nbspace.cpp:368: Ray 127: Calculated dot product with obj differs from solver's. Obj viol from solver: 4602496.41569962. Calculated: 4602496.41569928.
*** WARNING (version #1531bee): /home/sek519/warm_starting/vws/../vpc/src/utility/nbspace.cpp:368: Ray 129: Calculated dot product with obj differs from solver's. Obj viol from solver: 2709748.81422923. Calculated: 2709748.81422911.
*** WARNING (version #1531bee): /home/sek519/warm_starting/vws/../vpc/src/utility/nbspace.cpp:368: Ray 131: Calculated dot product with obj differs from solver's. Obj viol from solver: 4655770.70836290. Calculated: 4655770.70836278.
*** WARNING (version #1531bee): /home/sek519/warm_starting/vws/../vpc/src/utility/nbspace.cpp:368: Ray 133: Calculated dot product with obj differs from solver's. Obj viol from solver: 11651754.33163594. Calculated: 11651754.33163581.
*** WARNING (version #1531bee): /home/sek519/warm_starting/vws/../vpc/src/utility/nbspace.cpp:368: Ray 135: Calculated dot product with obj differs from solver's. Obj viol from solver: 6367156.26071134. Calculated: 6367156.26071123.
*** WARNING (version #1531bee): /home/sek519/warm_starting/vws/../vpc/src/utility/nbspace.cpp:368: Ray 307: Calculated dot product with obj differs from solver's. Obj viol from solver: 13079162.50860323. Calculated: 13079162.50860338.
*** WARNING (version #1531bee): /home/sek519/warm_starting/vws/../vpc/src/utility/nbspace.cpp:368: Ray 329: Calculated dot product with obj differs from solver's. Obj viol from solver: 4098057.53528393. Calculated: 4098057.53528403.
*** WARNING (version #1531bee): /home/sek519/warm_starting/vws/../vpc/src/utility/nbspace.cpp:368: Ray 335: Calculated dot product with obj differs from solver's. Obj viol from solver: 5027375.64096128. Calculated: 5027375.64096138.
*** WARNING (version #1531bee): /home/sek519/warm_starting/vws/../vpc/src/utility/nbspace.cpp:368: Ray 420: Calculated dot product with obj differs from solver's. Obj viol from solver: 7037542.00292588. Calculated: 7037542.00292601.
*** WARNING (version #1531bee): /home/sek519/warm_starting/vws/../vpc/src/utility/nbspace.cpp:368: Ray 546: Calculated dot product with obj differs from solver's. Obj viol from solver: 6090063.60292588. Calculated: 6090063.60292601.
*** WARNING (version #1531bee): /home/sek519/warm_starting/vws/../vpc/src/utility/nbspace.cpp:368: Ray 559: Calculated dot product with obj differs from solver's. Obj viol from solver: 4345882.18812259. Calculated: 4345882.18812270.
*** WARNING (version #1531bee): /home/sek519/warm_starting/vws/../vpc/src/utility/nbspace.cpp:368: Ray 560: Calculated dot product with obj differs from solver's. Obj viol from solver: 9026160.10860323. Calculated: 9026160.10860339.
*** WARNING (version #1531bee): /home/sek519/warm_starting/vws/../vpc/src/utility/nbspace.cpp:368: Ray 574: Calculated dot product with obj differs from solver's. Obj viol from solver: 5967627.05057744. Calculated: 5967627.05057755.
*** WARNING (version #1531bee): /home/sek519/warm_starting/vws/../vpc/src/utility/nbspace.cpp:368: Ray 578: Calculated dot product with obj differs from solver's. Obj viol from solver: 15500039.07385047. Calculated: 15500039.07385061.
*** WARNING (version #1531bee): /home/sek519/warm_starting/vws/../vpc/src/utility/nbspace.cpp:368: Ray 862: Calculated dot product with obj differs from solver's. Obj viol from solver: 438532.98334855. Calculated: 438532.98334844.
*** WARNING (version #1531bee): /home/sek519/warm_starting/vws/../vpc/src/utility/nbspace.cpp:368: Ray 876: Calculated dot product with obj differs from solver's. Obj viol from solver: 284537.29686411. Calculated: 284537.29686397.
*** WARNING (version #1531bee): /home/sek519/warm_starting/vws/../vpc/src/utility/nbspace.cpp:368: Ray 890: Calculated dot product with obj differs from solver's. Obj viol from solver: 1726630.14001921. Calculated: 1726630.14001909.
*** WARNING (version #1531bee): /home/sek519/warm_starting/vws/../vpc/src/utility/nbspace.cpp:368: Ray 1152: Calculated dot product with obj differs from solver's. Obj viol from solver: 368814.14975754. Calculated: 368814.14975744.
*** WARNING (version #1531bee): /home/sek519/warm_starting/vws/../vpc/src/utility/nbspace.cpp:368: Ray 1724: Calculated dot product with obj differs from solver's. Obj viol from solver: 551613.79873976. Calculated: 551613.79873987.
*** WARNING (version #1531bee): /home/sek519/warm_starting/vws/../vpc/src/utility/nbspace.cpp:368: Ray 1740: Calculated dot product with obj differs from solver's. Obj viol from solver: 312454.09873976. Calculated: 312454.09873987.
*** WARNING (version #1531bee): /home/sek519/warm_starting/vws/../vpc/src/utility/nbspace.cpp:368: Ray 1760: Calculated dot product with obj differs from solver's. Obj viol from solver: 1116637.38204046. Calculated: 1116637.38204057.
*** WARNING (version #1531bee): /home/sek519/warm_starting/vws/../vpc/src/utility/nbspace.cpp:149: Point: Calculated dot product with obj differs from solver's. Obj viol from solver: 544981.39542031. Calculated: 544981.39542020.
*** WARNING (version #1531bee): /home/sek519/warm_starting/vws/../vpc/src/utility/nbspace.cpp:149: Point: Calculated dot product with obj differs from solver's. Obj viol from solver: 427018.59709960. Calculated: 427018.59709949.
*** WARNING (version #1531bee): /home/sek519/warm_starting/vws/../vpc/src/utility/nbspace.cpp:149: Point: Calculated dot product with obj differs from solver's. Obj viol from solver: 3579197.65270954. Calculated: 3579197.65270941.
*** WARNING (version #1531bee): /home/sek519/warm_starting/vws/../vpc/src/utility/nbspace.cpp:149: Point: Calculated dot product with obj differs from solver's. Obj viol from solver: 646498.30906606. Calculated: 646498.30906587.
*** WARNING (version #1531bee): /home/sek519/warm_starting/vws/../vpc/src/utility/nbspace.cpp:368: Ray 75: Calculated dot product with obj differs from solver's. Obj viol from solver: 1754072.20612516. Calculated: 1754072.20612505.
*** WARNING (version #1531bee): /home/sek519/warm_starting/vws/../vpc/src/utility/nbspace.cpp:368: Ray 85: Calculated dot product with obj differs from solver's. Obj viol from solver: 4451874.80612516. Calculated: 4451874.80612505.
*** WARNING (version #1531bee): /home/sek519/warm_starting/vws/../vpc/src/utility/nbspace.cpp:368: Ray 95: Calculated dot product with obj differs from solver's. Obj viol from solver: 5146971.13758076. Calculated: 5146971.13758064.
*** WARNING (version #1531bee): /home/sek519/warm_starting/vws/../vpc/src/utility/nbspace.cpp:368: Ray 117: Calculated dot product with obj differs from solver's. Obj viol from solver: 3841030.94879667. Calculated: 3841030.94879657.
*** WARNING (version #1531bee): /home/sek519/warm_starting/vws/../vpc/src/utility/nbspace.cpp:368: Ray 121: Calculated dot product with obj differs from solver's. Obj viol from solver: 3446332.49899440. Calculated: 3446332.49899428.
*** WARNING (version #1531bee): /home/sek519/warm_starting/vws/../vpc/src/utility/nbspace.cpp:368: Ray 127: Calculated dot product with obj differs from solver's. Obj viol from solver: 4602471.19471431. Calculated: 4602471.19471421.
*** WARNING (version #1531bee): /home/sek519/warm_starting/vws/../vpc/src/utility/nbspace.cpp:149: Point: Calculated dot product with obj differs from solver's. Obj viol from solver: 1107260.01845765. Calculated: 1107260.01845750.
*** WARNING (version #1531bee): /home/sek519/warm_starting/vws/../vpc/src/utility/nbspace.cpp:149: Point: Calculated dot product with obj differs from solver's. Obj viol from solver: 1471328.82889712. Calculated: 1471328.82889701.
*** WARNING (version #1531bee): /home/sek519/warm_starting/vws/../vpc/src/utility/nbspace.cpp:368: Ray 33: Calculated dot product with obj differs from solver's. Obj viol from solver: 7886010.47161735. Calculated: 7886010.47161747.
*** WARNING (version #1531bee): /home/sek519/warm_starting/vws/../vpc/src/utility/nbspace.cpp:368: Ray 103: Calculated dot product with obj differs from solver's. Obj viol from solver: 3649728.82837390. Calculated: 3649728.82837401.
*** WARNING (version #1531bee): /home/sek519/warm_starting/vws/../vpc/src/utility/nbspace.cpp:368: Ray 572: Calculated dot product with obj differs from solver's. Obj viol from solver: 2607134.67682417. Calculated: 2607134.67682427.
*** WARNING (version #1531bee): /home/sek519/warm_starting/vws/../vpc/src/utility/nbspace.cpp:368: Ray 13: Calculated dot product with obj differs from solver's. Obj viol from solver: 7079928.66927157. Calculated: 7079928.66927167.
