*** WARNING (version #1531bee): /home/sek519/warm_starting/vws/../vpc/src/utility/nbspace.cpp:149: Point: Calculated dot product with obj differs from solver's. Obj viol from solver: 544982.03157216. Calculated: 544982.03157193.
*** WARNING (version #1531bee): /home/sek519/warm_starting/vws/../vpc/src/utility/nbspace.cpp:149: Point: Calculated dot product with obj differs from solver's. Obj viol from solver: 427020.44707853. Calculated: 427020.44707833.
*** WARNING (version #1531bee): /home/sek519/warm_starting/vws/../vpc/src/utility/nbspace.cpp:368: Ray 359: Calculated dot product with obj differs from solver's. Obj viol from solver: 3917442.39277241. Calculated: 3917442.39277251.
*** WARNING (version #1531bee): /home/sek519/warm_starting/vws/../vpc/src/utility/nbspace.cpp:149: Point: Calculated dot product with obj differs from solver's. Obj viol from solver: 3579200.53767389. Calculated: 3579200.53767367.
*** WARNING (version #1531bee): /home/sek519/warm_starting/vws/../vpc/src/utility/nbspace.cpp:368: Ray 3: Calculated dot product with obj differs from solver's. Obj viol from solver: 5680900.84128130. Calculated: 5680900.84128141.
*** WARNING (version #1531bee): /home/sek519/warm_starting/vws/../vpc/src/utility/nbspace.cpp:149: Point: Calculated dot product with obj differs from solver's. Obj viol from solver: 646499.92649853. Calculated: 646499.92649833.
*** WARNING (version #1531bee): /home/sek519/warm_starting/vws/../vpc/src/utility/nbspace.cpp:368: Ray 121: Calculated dot product with obj differs from solver's. Obj viol from solver: 3446290.87754484. Calculated: 3446290.87754473.
*** WARNING (version #1531bee): /home/sek519/warm_starting/vws/../vpc/src/utility/nbspace.cpp:149: Point: Calculated dot product with obj differs from solver's. Obj viol from solver: 1929330.15299734. Calculated: 1929330.15299723.
*** WARNING (version #1531bee): /home/sek519/warm_starting/vws/../vpc/src/utility/nbspace.cpp:149: Point: Calculated dot product with obj differs from solver's. Obj viol from solver: 2380725.86385241. Calculated: 2380725.86385216.
*** WARNING (version #1531bee): /home/sek519/warm_starting/vws/../vpc/src/utility/nbspace.cpp:368: Ray 15: Calculated dot product with obj differs from solver's. Obj viol from solver: 7570376.39674251. Calculated: 7570376.39674264.
*** WARNING (version #1531bee): /home/sek519/warm_starting/vws/../vpc/src/utility/nbspace.cpp:368: Ray 35: Calculated dot product with obj differs from solver's. Obj viol from solver: 4889487.59674252. Calculated: 4889487.59674263.
*** WARNING (version #1531bee): /home/sek519/warm_starting/vws/../vpc/src/utility/nbspace.cpp:368: Ray 103: Calculated dot product with obj differs from solver's. Obj viol from solver: 9883575.17377110. Calculated: 9883575.17377125.
*** WARNING (version #1531bee): /home/sek519/warm_starting/vws/../vpc/src/utility/nbspace.cpp:368: Ray 165: Calculated dot product with obj differs from solver's. Obj viol from solver: 2776012.10825203. Calculated: 2776012.10825216.
*** WARNING (version #1531bee): /home/sek519/warm_starting/vws/../vpc/src/utility/nbspace.cpp:368: Ray 245: Calculated dot product with obj differs from solver's. Obj viol from solver: 3218224.39347448. Calculated: 3218224.39347467.
*** WARNING (version #1531bee): /home/sek519/warm_starting/vws/../vpc/src/utility/nbspace.cpp:368: Ray 309: Calculated dot product with obj differs from solver's. Obj viol from solver: 9329607.37703382. Calculated: 9329607.37703396.
*** WARNING (version #1531bee): /home/sek519/warm_starting/vws/../vpc/src/utility/nbspace.cpp:368: Ray 320: Calculated dot product with obj differs from solver's. Obj viol from solver: 3479206.59673724. Calculated: 3479206.59673734.
*** WARNING (version #1531bee): /home/sek519/warm_starting/vws/../vpc/src/utility/nbspace.cpp:368: Ray 321: Calculated dot product with obj differs from solver's. Obj viol from solver: 5899113.19347449. Calculated: 5899113.19347467.
*** WARNING (version #1531bee): /home/sek519/warm_starting/vws/../vpc/src/utility/nbspace.cpp:368: Ray 329: Calculated dot product with obj differs from solver's. Obj viol from solver: 6898193.77703382. Calculated: 6898193.77703397.
*** WARNING (version #1531bee): /home/sek519/warm_starting/vws/../vpc/src/utility/nbspace.cpp:368: Ray 335: Calculated dot product with obj differs from solver's. Obj viol from solver: 6898193.77703382. Calculated: 6898193.77703397.
*** WARNING (version #1531bee): /home/sek519/warm_starting/vws/../vpc/src/utility/nbspace.cpp:368: Ray 422: Calculated dot product with obj differs from solver's. Obj viol from solver: 3218224.39347449. Calculated: 3218224.39347466.
*** WARNING (version #1531bee): /home/sek519/warm_starting/vws/../vpc/src/utility/nbspace.cpp:368: Ray 470: Calculated dot product with obj differs from solver's. Obj viol from solver: 4934662.70307196. Calculated: 4934662.70307206.
*** WARNING (version #1531bee): /home/sek519/warm_starting/vws/../vpc/src/utility/nbspace.cpp:368: Ray 548: Calculated dot product with obj differs from solver's. Obj viol from solver: 5276604.97703383. Calculated: 5276604.97703396.
*** WARNING (version #1531bee): /home/sek519/warm_starting/vws/../vpc/src/utility/nbspace.cpp:368: Ray 552: Calculated dot product with obj differs from solver's. Obj viol from solver: 5031680.58362280. Calculated: 5031680.58362294.
*** WARNING (version #1531bee): /home/sek519/warm_starting/vws/../vpc/src/utility/nbspace.cpp:368: Ray 558: Calculated dot product with obj differs from solver's. Obj viol from solver: 3218224.39347449. Calculated: 3218224.39347467.
*** WARNING (version #1531bee): /home/sek519/warm_starting/vws/../vpc/src/utility/nbspace.cpp:368: Ray 562: Calculated dot product with obj differs from solver's. Obj viol from solver: 5276604.97703382. Calculated: 5276604.97703396.
*** WARNING (version #1531bee): /home/sek519/warm_starting/vws/../vpc/src/utility/nbspace.cpp:368: Ray 568: Calculated dot product with obj differs from solver's. Obj viol from solver: 5336824.39347448. Calculated: 5336824.39347467.
*** WARNING (version #1531bee): /home/sek519/warm_starting/vws/../vpc/src/utility/nbspace.cpp:368: Ray 576: Calculated dot product with obj differs from solver's. Obj viol from solver: 4934662.70307196. Calculated: 4934662.70307212.
*** WARNING (version #1531bee): /home/sek519/warm_starting/vws/../vpc/src/utility/nbspace.cpp:368: Ray 590: Calculated dot product with obj differs from solver's. Obj viol from solver: 4290000.99673724. Calculated: 4290000.99673735.
*** WARNING (version #1531bee): /home/sek519/warm_starting/vws/../vpc/src/utility/nbspace.cpp:368: Ray 668: Calculated dot product with obj differs from solver's. Obj viol from solver: 6507988.31513776. Calculated: 6507988.31513766.
*** WARNING (version #1531bee): /home/sek519/warm_starting/vws/../vpc/src/utility/nbspace.cpp:149: Point: Calculated dot product with obj differs from solver's. Obj viol from solver: 1107261.53947580. Calculated: 1107261.53947565.
*** WARNING (version #1531bee): /home/sek519/warm_starting/vws/../vpc/src/utility/nbspace.cpp:149: Point: Calculated dot product with obj differs from solver's. Obj viol from solver: 1471330.42911753. Calculated: 1471330.42911740.
*** WARNING (version #1531bee): /home/sek519/warm_starting/vws/../vpc/src/utility/nbspace.cpp:368: Ray 13: Calculated dot product with obj differs from solver's. Obj viol from solver: 7574990.88143208. Calculated: 7574990.88143224.
*** WARNING (version #1531bee): /home/sek519/warm_starting/vws/../vpc/src/utility/nbspace.cpp:368: Ray 147: Calculated dot product with obj differs from solver's. Obj viol from solver: 6025655.99999998. Calculated: 6025656.00000011.
*** WARNING (version #1531bee): /home/sek519/warm_starting/vws/../vpc/src/utility/nbspace.cpp:368: Ray 327: Calculated dot product with obj differs from solver's. Obj viol from solver: 4710897.97304292. Calculated: 4710897.97304305.
*** WARNING (version #1531bee): /home/sek519/warm_starting/vws/../vpc/src/utility/nbspace.cpp:368: Ray 331: Calculated dot product with obj differs from solver's. Obj viol from solver: 6025655.99999998. Calculated: 6025656.00000011.
*** WARNING (version #1531bee): /home/sek519/warm_starting/vws/../vpc/src/utility/nbspace.cpp:368: Ray 333: Calculated dot product with obj differs from solver's. Obj viol from solver: 6025655.99999999. Calculated: 6025656.00000012.
*** WARNING (version #1531bee): /home/sek519/warm_starting/vws/../vpc/src/utility/nbspace.cpp:368: Ray 338: Calculated dot product with obj differs from solver's. Obj viol from solver: 2882200.79999998. Calculated: 2882200.80000008.
*** WARNING (version #1531bee): /home/sek519/warm_starting/vws/../vpc/src/utility/nbspace.cpp:368: Ray 343: Calculated dot product with obj differs from solver's. Obj viol from solver: 7723005.94921448. Calculated: 7723005.94921461.
messed up a farkas cofficient
setting all farkas coefficients to 0
*** WARNING (version #1531bee): /home/sek519/warm_starting/vws/../vpc/src/utility/nbspace.cpp:149: Point: Calculated dot product with obj differs from solver's. Obj viol from solver: 1139848.17758444. Calculated: 1139848.17758458.
*** WARNING (version #1531bee): /home/sek519/warm_starting/vws/../vpc/src/utility/nbspace.cpp:368: Ray 157: Calculated dot product with obj differs from solver's. Obj viol from solver: 3269456.74527589. Calculated: 3269456.74527599.
*** WARNING (version #1531bee): /home/sek519/warm_starting/vws/../vpc/src/utility/nbspace.cpp:368: Ray 467: Calculated dot product with obj differs from solver's. Obj viol from solver: 772739.44481343. Calculated: 772739.44481360.
*** WARNING (version #1531bee): /home/sek519/warm_starting/vws/../vpc/src/utility/nbspace.cpp:368: Ray 468: Calculated dot product with obj differs from solver's. Obj viol from solver: 1979066.24859060. Calculated: 1979066.24859079.
*** WARNING (version #1531bee): /home/sek519/warm_starting/vws/../vpc/src/utility/nbspace.cpp:368: Ray 471: Calculated dot product with obj differs from solver's. Obj viol from solver: 1273946.94658821. Calculated: 1273946.94658837.
*** WARNING (version #1531bee): /home/sek519/warm_starting/vws/../vpc/src/utility/nbspace.cpp:368: Ray 472: Calculated dot product with obj differs from solver's. Obj viol from solver: 341899.62698172. Calculated: 341899.62698191.
*** WARNING (version #1531bee): /home/sek519/warm_starting/vws/../vpc/src/utility/nbspace.cpp:368: Ray 473: Calculated dot product with obj differs from solver's. Obj viol from solver: 152630.89461076. Calculated: 152630.89461092.
*** WARNING (version #1531bee): /home/sek519/warm_starting/vws/../vpc/src/utility/nbspace.cpp:368: Ray 474: Calculated dot product with obj differs from solver's. Obj viol from solver: 1429686.64447341. Calculated: 1429686.64447359.
*** WARNING (version #1531bee): /home/sek519/warm_starting/vws/../vpc/src/utility/nbspace.cpp:368: Ray 572: Calculated dot product with obj differs from solver's. Obj viol from solver: 3516030.70401772. Calculated: 3516030.70401760.
*** WARNING (version #1531bee): /home/sek519/warm_starting/vws/../vpc/src/utility/nbspace.cpp:368: Ray 606: Calculated dot product with obj differs from solver's. Obj viol from solver: 1878864.08240884. Calculated: 1878864.08240874.
*** WARNING (version #1531bee): /home/sek519/warm_starting/vws/../vpc/src/utility/nbspace.cpp:368: Ray 686: Calculated dot product with obj differs from solver's. Obj viol from solver: 4433156.78455062. Calculated: 4433156.78455049.
*** WARNING (version #1531bee): /home/sek519/warm_starting/vws/../vpc/src/utility/nbspace.cpp:368: Ray 467: Calculated dot product with obj differs from solver's. Obj viol from solver: 75272.93935797. Calculated: 75272.93935808.
*** WARNING (version #1531bee): /home/sek519/warm_starting/vws/../vpc/src/utility/nbspace.cpp:368: Ray 468: Calculated dot product with obj differs from solver's. Obj viol from solver: 1646131.17852446. Calculated: 1646131.17852460.
*** WARNING (version #1531bee): /home/sek519/warm_starting/vws/../vpc/src/utility/nbspace.cpp:368: Ray 221: Calculated dot product with obj differs from solver's. Obj viol from solver: 3805236.25324750. Calculated: 3805236.25324740.
*** WARNING (version #1531bee): /home/sek519/warm_starting/vws/../vpc/src/utility/nbspace.cpp:368: Ray 343: Calculated dot product with obj differs from solver's. Obj viol from solver: 7562337.85324749. Calculated: 7562337.85324738.
*** WARNING (version #1531bee): /home/sek519/warm_starting/vws/../vpc/src/utility/nbspace.cpp:368: Ray 580: Calculated dot product with obj differs from solver's. Obj viol from solver: 8142138.57467095. Calculated: 8142138.57467081.
*** WARNING (version #1531bee): /home/sek519/warm_starting/vws/../vpc/src/utility/nbspace.cpp:368: Ray 15: Calculated dot product with obj differs from solver's. Obj viol from solver: 7419533.81250000. Calculated: 7419533.81250018.
*** WARNING (version #1531bee): /home/sek519/warm_starting/vws/../vpc/src/utility/nbspace.cpp:368: Ray 35: Calculated dot product with obj differs from solver's. Obj viol from solver: 6971412.21249996. Calculated: 6971412.21250012.
*** WARNING (version #1531bee): /home/sek519/warm_starting/vws/../vpc/src/utility/nbspace.cpp:368: Ray 47: Calculated dot product with obj differs from solver's. Obj viol from solver: 3869749.09375006. Calculated: 3869749.09374995.
*** WARNING (version #1531bee): /home/sek519/warm_starting/vws/../vpc/src/utility/nbspace.cpp:368: Ray 90: Calculated dot product with obj differs from solver's. Obj viol from solver: 1147862.29163599. Calculated: 1147862.29163620.
*** WARNING (version #1531bee): /home/sek519/warm_starting/vws/../vpc/src/utility/nbspace.cpp:368: Ray 103: Calculated dot product with obj differs from solver's. Obj viol from solver: 5697252.75396721. Calculated: 5697252.75396737.
*** WARNING (version #1531bee): /home/sek519/warm_starting/vws/../vpc/src/utility/nbspace.cpp:368: Ray 165: Calculated dot product with obj differs from solver's. Obj viol from solver: 4323162.21249996. Calculated: 4323162.21250011.
*** WARNING (version #1531bee): /home/sek519/warm_starting/vws/../vpc/src/utility/nbspace.cpp:368: Ray 245: Calculated dot product with obj differs from solver's. Obj viol from solver: 4323162.21249995. Calculated: 4323162.21250011.
*** WARNING (version #1531bee): /home/sek519/warm_starting/vws/../vpc/src/utility/nbspace.cpp:368: Ray 309: Calculated dot product with obj differs from solver's. Obj viol from solver: 9965114.61249996. Calculated: 9965114.61250011.
*** WARNING (version #1531bee): /home/sek519/warm_starting/vws/../vpc/src/utility/nbspace.cpp:368: Ray 321: Calculated dot product with obj differs from solver's. Obj viol from solver: 4771283.81249999. Calculated: 4771283.81250016.
*** WARNING (version #1531bee): /home/sek519/warm_starting/vws/../vpc/src/utility/nbspace.cpp:368: Ray 329: Calculated dot product with obj differs from solver's. Obj viol from solver: 5300933.81250000. Calculated: 5300933.81250015.
*** WARNING (version #1531bee): /home/sek519/warm_starting/vws/../vpc/src/utility/nbspace.cpp:368: Ray 335: Calculated dot product with obj differs from solver's. Obj viol from solver: 5300933.81250000. Calculated: 5300933.81250016.
*** WARNING (version #1531bee): /home/sek519/warm_starting/vws/../vpc/src/utility/nbspace.cpp:368: Ray 422: Calculated dot product with obj differs from solver's. Obj viol from solver: 4323162.21249995. Calculated: 4323162.21250010.
*** WARNING (version #1531bee): /home/sek519/warm_starting/vws/../vpc/src/utility/nbspace.cpp:368: Ray 470: Calculated dot product with obj differs from solver's. Obj viol from solver: 5643917.21249997. Calculated: 5643917.21250012.
*** WARNING (version #1531bee): /home/sek519/warm_starting/vws/../vpc/src/utility/nbspace.cpp:368: Ray 548: Calculated dot product with obj differs from solver's. Obj viol from solver: 5912112.21249996. Calculated: 5912112.21250011.
*** WARNING (version #1531bee): /home/sek519/warm_starting/vws/../vpc/src/utility/nbspace.cpp:368: Ray 552: Calculated dot product with obj differs from solver's. Obj viol from solver: 4890749.01249996. Calculated: 4890749.01250011.
*** WARNING (version #1531bee): /home/sek519/warm_starting/vws/../vpc/src/utility/nbspace.cpp:368: Ray 553: Calculated dot product with obj differs from solver's. Obj viol from solver: 1839118.27395829. Calculated: 1839118.27395840.
*** WARNING (version #1531bee): /home/sek519/warm_starting/vws/../vpc/src/utility/nbspace.cpp:368: Ray 554: Calculated dot product with obj differs from solver's. Obj viol from solver: 2743358.82708328. Calculated: 2743358.82708342.
*** WARNING (version #1531bee): /home/sek519/warm_starting/vws/../vpc/src/utility/nbspace.cpp:368: Ray 558: Calculated dot product with obj differs from solver's. Obj viol from solver: 4289654.61249996. Calculated: 4289654.61250012.
*** WARNING (version #1531bee): /home/sek519/warm_starting/vws/../vpc/src/utility/nbspace.cpp:368: Ray 562: Calculated dot product with obj differs from solver's. Obj viol from solver: 5912112.21249996. Calculated: 5912112.21250011.
*** WARNING (version #1531bee): /home/sek519/warm_starting/vws/../vpc/src/utility/nbspace.cpp:368: Ray 568: Calculated dot product with obj differs from solver's. Obj viol from solver: 5724083.01249996. Calculated: 5724083.01250012.
*** WARNING (version #1531bee): /home/sek519/warm_starting/vws/../vpc/src/utility/nbspace.cpp:368: Ray 576: Calculated dot product with obj differs from solver's. Obj viol from solver: 5693030.61249995. Calculated: 5693030.61250012.
*** WARNING (version #1531bee): /home/sek519/warm_starting/vws/../vpc/src/utility/nbspace.cpp:368: Ray 580: Calculated dot product with obj differs from solver's. Obj viol from solver: 8235677.02222227. Calculated: 8235677.02222217.
*** WARNING (version #1531bee): /home/sek519/warm_starting/vws/../vpc/src/utility/nbspace.cpp:368: Ray 660: Calculated dot product with obj differs from solver's. Obj viol from solver: 1751149.09375006. Calculated: 1751149.09374994.
*** WARNING (version #1531bee): /home/sek519/warm_starting/vws/../vpc/src/utility/nbspace.cpp:368: Ray 668: Calculated dot product with obj differs from solver's. Obj viol from solver: 6560123.40416672. Calculated: 6560123.40416661.
*** WARNING (version #1531bee): /home/sek519/warm_starting/vws/../vpc/src/utility/nbspace.cpp:368: Ray 672: Calculated dot product with obj differs from solver's. Obj viol from solver: 3086927.31597229. Calculated: 3086927.31597217.
*** WARNING (version #1531bee): /home/sek519/warm_starting/vws/../vpc/src/utility/nbspace.cpp:368: Ray 1636: Calculated dot product with obj differs from solver's. Obj viol from solver: 747465.15625005. Calculated: 747465.15624994.
*** WARNING (version #1531bee): /home/sek519/warm_starting/vws/../vpc/src/utility/nbspace.cpp:368: Ray 221: Calculated dot product with obj differs from solver's. Obj viol from solver: 3356435.24343813. Calculated: 3356435.24343794.
*** WARNING (version #1531bee): /home/sek519/warm_starting/vws/../vpc/src/utility/nbspace.cpp:368: Ray 343: Calculated dot product with obj differs from solver's. Obj viol from solver: 7113536.84343813. Calculated: 7113536.84343793.
*** WARNING (version #1531bee): /home/sek519/warm_starting/vws/../vpc/src/utility/nbspace.cpp:368: Ray 498: Calculated dot product with obj differs from solver's. Obj viol from solver: 783292.03225799. Calculated: 783292.03225811.
*** WARNING (version #1531bee): /home/sek519/warm_starting/vws/../vpc/src/utility/nbspace.cpp:368: Ray 512: Calculated dot product with obj differs from solver's. Obj viol from solver: 5394040.91291179. Calculated: 5394040.91291191.
*** WARNING (version #1531bee): /home/sek519/warm_starting/vws/../vpc/src/utility/nbspace.cpp:368: Ray 580: Calculated dot product with obj differs from solver's. Obj viol from solver: 6799954.97935089. Calculated: 6799954.97935067.
*** WARNING (version #1531bee): /home/sek519/warm_starting/vws/../vpc/src/utility/nbspace.cpp:368: Ray 740: Calculated dot product with obj differs from solver's. Obj viol from solver: 2985273.39665847. Calculated: 2985273.39665836.
*** WARNING (version #1531bee): /home/sek519/warm_starting/vws/../vpc/src/utility/nbspace.cpp:368: Ray 195: Calculated dot product with obj differs from solver's. Obj viol from solver: 4424696.80144631. Calculated: 4424696.80144642.
*** WARNING (version #1531bee): /home/sek519/warm_starting/vws/../vpc/src/utility/nbspace.cpp:368: Ray 221: Calculated dot product with obj differs from solver's. Obj viol from solver: 4118341.09268199. Calculated: 4118341.09268209.
*** WARNING (version #1531bee): /home/sek519/warm_starting/vws/../vpc/src/utility/nbspace.cpp:368: Ray 492: Calculated dot product with obj differs from solver's. Obj viol from solver: 2306096.80144631. Calculated: 2306096.80144641.
*** WARNING (version #1531bee): /home/sek519/warm_starting/vws/../vpc/src/utility/nbspace.cpp:368: Ray 518: Calculated dot product with obj differs from solver's. Obj viol from solver: 2890635.29476587. Calculated: 2890635.29476598.
*** WARNING (version #1531bee): /home/sek519/warm_starting/vws/../vpc/src/utility/nbspace.cpp:368: Ray 542: Calculated dot product with obj differs from solver's. Obj viol from solver: 1246796.80144632. Calculated: 1246796.80144642.
*** WARNING (version #1531bee): /home/sek519/warm_starting/vws/../vpc/src/utility/nbspace.cpp:368: Ray 642: Calculated dot product with obj differs from solver's. Obj viol from solver: 2241630.98489922. Calculated: 2241630.98489932.
*** WARNING (version #1531bee): /home/sek519/warm_starting/vws/../vpc/src/utility/nbspace.cpp:368: Ray 672: Calculated dot product with obj differs from solver's. Obj viol from solver: 1783139.71911766. Calculated: 1783139.71911777.
*** WARNING (version #1531bee): /home/sek519/warm_starting/vws/../vpc/src/utility/nbspace.cpp:368: Ray 740: Calculated dot product with obj differs from solver's. Obj viol from solver: 2216160.01965311. Calculated: 2216160.01965321.
*** WARNING (version #1531bee): /home/sek519/warm_starting/vws/../vpc/src/utility/nbspace.cpp:368: Ray 756: Calculated dot product with obj differs from solver's. Obj viol from solver: 1684541.04551404. Calculated: 1684541.04551415.
*** WARNING (version #1531bee): /home/sek519/warm_starting/vws/../vpc/src/utility/nbspace.cpp:368: Ray 760: Calculated dot product with obj differs from solver's. Obj viol from solver: 3304895.49560605. Calculated: 3304895.49560615.
*** WARNING (version #1531bee): /home/sek519/warm_starting/vws/../vpc/src/utility/nbspace.cpp:368: Ray 766: Calculated dot product with obj differs from solver's. Obj viol from solver: 2306096.80144630. Calculated: 2306096.80144641.
*** WARNING (version #1531bee): /home/sek519/warm_starting/vws/../vpc/src/utility/nbspace.cpp:368: Ray 780: Calculated dot product with obj differs from solver's. Obj viol from solver: 2241630.98489921. Calculated: 2241630.98489931.
terminate called after throwing an instance of 'std::bad_alloc'
  what():  std::bad_alloc
/var/spool/torque/mom_priv/jobs/1546552.polyp1.ie.lehigh.edu.SC: line 4: 26045 Aborted                 ../Release/vws ${INPUT_FOLDER} ${OUTPUT_FILE} ${MAX_TIME} ${GENERATOR} ${TERMS} ${MIP_SOLVER} ${PROVIDE_PRIMAL_BOUND}
