*** WARNING (version #1531bee): /home/sek519/warm_starting/vws/../vpc/src/utility/nbspace.cpp:149: Point: Calculated dot product with obj differs from solver's. Obj viol from solver: 457866.29004213. Calculated: 457866.29004202.
*** WARNING (version #1531bee): /home/sek519/warm_starting/vws/../vpc/src/utility/nbspace.cpp:149: Point: Calculated dot product with obj differs from solver's. Obj viol from solver: 916668.70965636. Calculated: 916668.70965612.
*** WARNING (version #1531bee): /home/sek519/warm_starting/vws/../vpc/src/utility/nbspace.cpp:368: Ray 147: Calculated dot product with obj differs from solver's. Obj viol from solver: 2223664.98826552. Calculated: 2223664.98826563.
*** WARNING (version #1531bee): /home/sek519/warm_starting/vws/../vpc/src/utility/nbspace.cpp:368: Ray 227: Calculated dot product with obj differs from solver's. Obj viol from solver: 3127469.78826553. Calculated: 3127469.78826564.
*** WARNING (version #1531bee): /home/sek519/warm_starting/vws/../vpc/src/utility/nbspace.cpp:368: Ray 326: Calculated dot product with obj differs from solver's. Obj viol from solver: 1101495.04769962. Calculated: 1101495.04769973.
*** WARNING (version #1531bee): /home/sek519/warm_starting/vws/../vpc/src/utility/nbspace.cpp:368: Ray 327: Calculated dot product with obj differs from solver's. Obj viol from solver: 1681809.56225090. Calculated: 1681809.56225104.
*** WARNING (version #1531bee): /home/sek519/warm_starting/vws/../vpc/src/utility/nbspace.cpp:368: Ray 331: Calculated dot product with obj differs from solver's. Obj viol from solver: 2223664.98826553. Calculated: 2223664.98826564.
*** WARNING (version #1531bee): /home/sek519/warm_starting/vws/../vpc/src/utility/nbspace.cpp:368: Ray 333: Calculated dot product with obj differs from solver's. Obj viol from solver: 2223664.98826553. Calculated: 2223664.98826565.
*** WARNING (version #1531bee): /home/sek519/warm_starting/vws/../vpc/src/utility/nbspace.cpp:368: Ray 338: Calculated dot product with obj differs from solver's. Obj viol from solver: 1258686.53714427. Calculated: 1258686.53714438.
*** WARNING (version #1531bee): /home/sek519/warm_starting/vws/../vpc/src/utility/nbspace.cpp:368: Ray 339: Calculated dot product with obj differs from solver's. Obj viol from solver: 1681809.56225090. Calculated: 1681809.56225104.
*** WARNING (version #1531bee): /home/sek519/warm_starting/vws/../vpc/src/utility/nbspace.cpp:368: Ray 343: Calculated dot product with obj differs from solver's. Obj viol from solver: 3871076.86192175. Calculated: 3871076.86192187.
*** WARNING (version #1531bee): /home/sek519/warm_starting/vws/../vpc/src/utility/nbspace.cpp:149: Point: Calculated dot product with obj differs from solver's. Obj viol from solver: 380672.83610731. Calculated: 380672.83610710.
*** WARNING (version #1531bee): /home/sek519/warm_starting/vws/../vpc/src/utility/nbspace.cpp:368: Ray 153: Calculated dot product with obj differs from solver's. Obj viol from solver: 2137069.14258460. Calculated: 2137069.14258449.
*** WARNING (version #1531bee): /home/sek519/warm_starting/vws/../vpc/src/utility/nbspace.cpp:368: Ray 399: Calculated dot product with obj differs from solver's. Obj viol from solver: 2103561.54258461. Calculated: 2103561.54258449.
*** WARNING (version #1531bee): /home/sek519/warm_starting/vws/../vpc/src/utility/nbspace.cpp:368: Ray 407: Calculated dot product with obj differs from solver's. Obj viol from solver: 1480015.02358655. Calculated: 1480015.02358642.
*** WARNING (version #1531bee): /home/sek519/warm_starting/vws/../vpc/src/utility/nbspace.cpp:368: Ray 576: Calculated dot product with obj differs from solver's. Obj viol from solver: 5413537.26653886. Calculated: 5413537.26653897.
*** WARNING (version #1531bee): /home/sek519/warm_starting/vws/../vpc/src/utility/nbspace.cpp:149: Point: Calculated dot product with obj differs from solver's. Obj viol from solver: 427020.44707859. Calculated: 427020.44707833.
messed up a farkas cofficient
setting all farkas coefficients to 0
messed up a farkas cofficient
setting all farkas coefficients to 0
messed up a farkas cofficient
setting all farkas coefficients to 0
messed up a farkas cofficient
setting all farkas coefficients to 0
messed up a farkas cofficient
setting all farkas coefficients to 0
messed up a farkas cofficient
setting all farkas coefficients to 0
messed up a farkas cofficient
setting all farkas coefficients to 0
messed up a farkas cofficient
setting all farkas coefficients to 0
messed up a farkas cofficient
setting all farkas coefficients to 0
messed up a farkas cofficient
setting all farkas coefficients to 0
messed up a farkas cofficient
setting all farkas coefficients to 0
messed up a farkas cofficient
setting all farkas coefficients to 0
messed up a farkas cofficient
setting all farkas coefficients to 0
messed up a farkas cofficient
setting all farkas coefficients to 0
messed up a farkas cofficient
setting all farkas coefficients to 0
messed up a farkas cofficient
setting all farkas coefficients to 0
messed up a farkas cofficient
setting all farkas coefficients to 0
*** WARNING (version #1531bee): /home/sek519/warm_starting/vws/../vpc/src/utility/nbspace.cpp:368: Ray 220: Calculated dot product with obj differs from solver's. Obj viol from solver: 961427.63956604. Calculated: 961427.63956588.
*** WARNING (version #1531bee): /home/sek519/warm_starting/vws/../vpc/src/utility/nbspace.cpp:368: Ray 221: Calculated dot product with obj differs from solver's. Obj viol from solver: 3993710.63294441. Calculated: 3993710.63294426.
*** WARNING (version #1531bee): /home/sek519/warm_starting/vws/../vpc/src/utility/nbspace.cpp:368: Ray 342: Calculated dot product with obj differs from solver's. Obj viol from solver: 2816765.63956604. Calculated: 2816765.63956588.
*** WARNING (version #1531bee): /home/sek519/warm_starting/vws/../vpc/src/utility/nbspace.cpp:368: Ray 343: Calculated dot product with obj differs from solver's. Obj viol from solver: 7750812.23294441. Calculated: 7750812.23294425.
*** WARNING (version #1531bee): /home/sek519/warm_starting/vws/../vpc/src/utility/nbspace.cpp:368: Ray 579: Calculated dot product with obj differs from solver's. Obj viol from solver: 2890648.43956604. Calculated: 2890648.43956587.
*** WARNING (version #1531bee): /home/sek519/warm_starting/vws/../vpc/src/utility/nbspace.cpp:368: Ray 580: Calculated dot product with obj differs from solver's. Obj viol from solver: 7295045.03294441. Calculated: 7295045.03294423.
*** WARNING (version #1531bee): /home/sek519/warm_starting/vws/../vpc/src/utility/nbspace.cpp:149: Point: Calculated dot product with obj differs from solver's. Obj viol from solver: 349049.66147637. Calculated: 349049.66147648.
*** WARNING (version #1531bee): /home/sek519/warm_starting/vws/../vpc/src/utility/nbspace.cpp:368: Ray 100: Calculated dot product with obj differs from solver's. Obj viol from solver: 2675320.37164124. Calculated: 2675320.37164135.
*** WARNING (version #1531bee): /home/sek519/warm_starting/vws/../vpc/src/utility/nbspace.cpp:368: Ray 101: Calculated dot product with obj differs from solver's. Obj viol from solver: 7761537.15040047. Calculated: 7761537.15040061.
*** WARNING (version #1531bee): /home/sek519/warm_starting/vws/../vpc/src/utility/nbspace.cpp:368: Ray 243: Calculated dot product with obj differs from solver's. Obj viol from solver: 4871361.00746071. Calculated: 4871361.00746082.
*** WARNING (version #1531bee): /home/sek519/warm_starting/vws/../vpc/src/utility/nbspace.cpp:368: Ray 365: Calculated dot product with obj differs from solver's. Obj viol from solver: 3973931.43213903. Calculated: 3973931.43213892.
*** WARNING (version #1531bee): /home/sek519/warm_starting/vws/../vpc/src/utility/nbspace.cpp:368: Ray 546: Calculated dot product with obj differs from solver's. Obj viol from solver: 7479990.74149989. Calculated: 7479990.74149999.
*** WARNING (version #1531bee): /home/sek519/warm_starting/vws/../vpc/src/utility/nbspace.cpp:368: Ray 574: Calculated dot product with obj differs from solver's. Obj viol from solver: 6708377.52357641. Calculated: 6708377.52357651.
messed up a farkas cofficient
setting all farkas coefficients to 0
messed up a farkas cofficient
setting all farkas coefficients to 0
*** WARNING (version #1531bee): /home/sek519/warm_starting/vws/../vpc/src/utility/nbspace.cpp:368: Ray 1: Calculated dot product with obj differs from solver's. Obj viol from solver: 4938323.81844640. Calculated: 4938323.81844650.
*** WARNING (version #1531bee): /home/sek519/warm_starting/vws/../vpc/src/utility/nbspace.cpp:368: Ray 35: Calculated dot product with obj differs from solver's. Obj viol from solver: 3472264.74972455. Calculated: 3472264.74972465.
*** WARNING (version #1531bee): /home/sek519/warm_starting/vws/../vpc/src/utility/nbspace.cpp:368: Ray 45: Calculated dot product with obj differs from solver's. Obj viol from solver: 3377095.61862817. Calculated: 3377095.61862828.
*** WARNING (version #1531bee): /home/sek519/warm_starting/vws/../vpc/src/utility/nbspace.cpp:368: Ray 49: Calculated dot product with obj differs from solver's. Obj viol from solver: 3680195.68070669. Calculated: 3680195.68070682.
*** WARNING (version #1531bee): /home/sek519/warm_starting/vws/../vpc/src/utility/nbspace.cpp:368: Ray 59: Calculated dot product with obj differs from solver's. Obj viol from solver: 2064659.78201073. Calculated: 2064659.78201085.
*** WARNING (version #1531bee): /home/sek519/warm_starting/vws/../vpc/src/utility/nbspace.cpp:368: Ray 79: Calculated dot product with obj differs from solver's. Obj viol from solver: 6186364.34599935. Calculated: 6186364.34599946.
*** WARNING (version #1531bee): /home/sek519/warm_starting/vws/../vpc/src/utility/nbspace.cpp:368: Ray 89: Calculated dot product with obj differs from solver's. Obj viol from solver: 4067764.34599935. Calculated: 4067764.34599945.
*** WARNING (version #1531bee): /home/sek519/warm_starting/vws/../vpc/src/utility/nbspace.cpp:368: Ray 117: Calculated dot product with obj differs from solver's. Obj viol from solver: 3458264.41160613. Calculated: 3458264.41160629.
*** WARNING (version #1531bee): /home/sek519/warm_starting/vws/../vpc/src/utility/nbspace.cpp:368: Ray 127: Calculated dot product with obj differs from solver's. Obj viol from solver: 5127064.34599936. Calculated: 5127064.34599946.
*** WARNING (version #1531bee): /home/sek519/warm_starting/vws/../vpc/src/utility/nbspace.cpp:368: Ray 233: Calculated dot product with obj differs from solver's. Obj viol from solver: 1708504.66956949. Calculated: 1708504.66956960.
*** WARNING (version #1531bee): /home/sek519/warm_starting/vws/../vpc/src/utility/nbspace.cpp:368: Ray 315: Calculated dot product with obj differs from solver's. Obj viol from solver: 8095591.47214366. Calculated: 8095591.47214376.
*** WARNING (version #1531bee): /home/sek519/warm_starting/vws/../vpc/src/utility/nbspace.cpp:368: Ray 319: Calculated dot product with obj differs from solver's. Obj viol from solver: 5987749.32783570. Calculated: 5987749.32783581.
*** WARNING (version #1531bee): /home/sek519/warm_starting/vws/../vpc/src/utility/nbspace.cpp:368: Ray 365: Calculated dot product with obj differs from solver's. Obj viol from solver: 2809636.20825964. Calculated: 2809636.20825976.
*** WARNING (version #1531bee): /home/sek519/warm_starting/vws/../vpc/src/utility/nbspace.cpp:368: Ray 394: Calculated dot product with obj differs from solver's. Obj viol from solver: 676451.72477888. Calculated: 676451.72477870.
*** WARNING (version #1531bee): /home/sek519/warm_starting/vws/../vpc/src/utility/nbspace.cpp:368: Ray 399: Calculated dot product with obj differs from solver's. Obj viol from solver: 1926843.05718585. Calculated: 1926843.05718602.
*** WARNING (version #1531bee): /home/sek519/warm_starting/vws/../vpc/src/utility/nbspace.cpp:368: Ray 422: Calculated dot product with obj differs from solver's. Obj viol from solver: 1943480.13293572. Calculated: 1943480.13293583.
*** WARNING (version #1531bee): /home/sek519/warm_starting/vws/../vpc/src/utility/nbspace.cpp:368: Ray 426: Calculated dot product with obj differs from solver's. Obj viol from solver: 65622.12783570. Calculated: 65622.12783581.
*** WARNING (version #1531bee): /home/sek519/warm_starting/vws/../vpc/src/utility/nbspace.cpp:368: Ray 434: Calculated dot product with obj differs from solver's. Obj viol from solver: 2151411.06391787. Calculated: 2151411.06391799.
*** WARNING (version #1531bee): /home/sek519/warm_starting/vws/../vpc/src/utility/nbspace.cpp:368: Ray 442: Calculated dot product with obj differs from solver's. Obj viol from solver: 535875.16522190. Calculated: 535875.16522202.
*** WARNING (version #1531bee): /home/sek519/warm_starting/vws/../vpc/src/utility/nbspace.cpp:368: Ray 466: Calculated dot product with obj differs from solver's. Obj viol from solver: 791995.46813345. Calculated: 791995.46813356.
*** WARNING (version #1531bee): /home/sek519/warm_starting/vws/../vpc/src/utility/nbspace.cpp:368: Ray 470: Calculated dot product with obj differs from solver's. Obj viol from solver: 3584428.77857507. Calculated: 3584428.77857520.
*** WARNING (version #1531bee): /home/sek519/warm_starting/vws/../vpc/src/utility/nbspace.cpp:368: Ray 474: Calculated dot product with obj differs from solver's. Obj viol from solver: 1017556.72415473. Calculated: 1017556.72415484.
*** WARNING (version #1531bee): /home/sek519/warm_starting/vws/../vpc/src/utility/nbspace.cpp:368: Ray 576: Calculated dot product with obj differs from solver's. Obj viol from solver: 3362156.57095299. Calculated: 3362156.57095310.
*** WARNING (version #1531bee): /home/sek519/warm_starting/vws/../vpc/src/utility/nbspace.cpp:368: Ray 610: Calculated dot product with obj differs from solver's. Obj viol from solver: 1484298.56585298. Calculated: 1484298.56585308.
*** WARNING (version #1531bee): /home/sek519/warm_starting/vws/../vpc/src/utility/nbspace.cpp:368: Ray 613: Calculated dot product with obj differs from solver's. Obj viol from solver: 149016.46896175. Calculated: 149016.46896150.
*** WARNING (version #1531bee): /home/sek519/warm_starting/vws/../vpc/src/utility/nbspace.cpp:368: Ray 618: Calculated dot product with obj differs from solver's. Obj viol from solver: 2587794.63485040. Calculated: 2587794.63485052.
*** WARNING (version #1531bee): /home/sek519/warm_starting/vws/../vpc/src/utility/nbspace.cpp:368: Ray 622: Calculated dot product with obj differs from solver's. Obj viol from solver: 3933789.16497000. Calculated: 3933789.16497012.
*** WARNING (version #1531bee): /home/sek519/warm_starting/vws/../vpc/src/utility/nbspace.cpp:368: Ray 632: Calculated dot product with obj differs from solver's. Obj viol from solver: 830398.64652880. Calculated: 830398.64652891.
*** WARNING (version #1531bee): /home/sek519/warm_starting/vws/../vpc/src/utility/nbspace.cpp:368: Ray 674: Calculated dot product with obj differs from solver's. Obj viol from solver: 4042589.07214367. Calculated: 4042589.07214377.
*** WARNING (version #1531bee): /home/sek519/warm_starting/vws/../vpc/src/utility/nbspace.cpp:368: Ray 676: Calculated dot product with obj differs from solver's. Obj viol from solver: 2689613.83134930. Calculated: 2689613.83134941.
*** WARNING (version #1531bee): /home/sek519/warm_starting/vws/../vpc/src/utility/nbspace.cpp:368: Ray 686: Calculated dot product with obj differs from solver's. Obj viol from solver: 3479939.02785404. Calculated: 3479939.02785414.
*** WARNING (version #1531bee): /home/sek519/warm_starting/vws/../vpc/src/utility/nbspace.cpp:368: Ray 690: Calculated dot product with obj differs from solver's. Obj viol from solver: 3570087.50193515. Calculated: 3570087.50193526.
*** WARNING (version #1531bee): /home/sek519/warm_starting/vws/../vpc/src/utility/nbspace.cpp:368: Ray 758: Calculated dot product with obj differs from solver's. Obj viol from solver: 660125.08454608. Calculated: 660125.08454619.
*** WARNING (version #1531bee): /home/sek519/warm_starting/vws/../vpc/src/utility/nbspace.cpp:149: Point: Calculated dot product with obj differs from solver's. Obj viol from solver: 330719.13590211. Calculated: 330719.13590200.
*** WARNING (version #1531bee): /home/sek519/warm_starting/vws/../vpc/src/utility/nbspace.cpp:368: Ray 1: Calculated dot product with obj differs from solver's. Obj viol from solver: 5273265.86569840. Calculated: 5273265.86569825.
*** WARNING (version #1531bee): /home/sek519/warm_starting/vws/../vpc/src/utility/nbspace.cpp:368: Ray 11: Calculated dot product with obj differs from solver's. Obj viol from solver: 5350629.59041933. Calculated: 5350629.59041943.
*** WARNING (version #1531bee): /home/sek519/warm_starting/vws/../vpc/src/utility/nbspace.cpp:368: Ray 26: Calculated dot product with obj differs from solver's. Obj viol from solver: 392369.64703864. Calculated: 392369.64703848.
*** WARNING (version #1531bee): /home/sek519/warm_starting/vws/../vpc/src/utility/nbspace.cpp:368: Ray 27: Calculated dot product with obj differs from solver's. Obj viol from solver: 1289323.27058486. Calculated: 1289323.27058474.
*** WARNING (version #1531bee): /home/sek519/warm_starting/vws/../vpc/src/utility/nbspace.cpp:368: Ray 35: Calculated dot product with obj differs from solver's. Obj viol from solver: 1694450.36721566. Calculated: 1694450.36721556.
*** WARNING (version #1531bee): /home/sek519/warm_starting/vws/../vpc/src/utility/nbspace.cpp:368: Ray 39: Calculated dot product with obj differs from solver's. Obj viol from solver: 2753750.36721567. Calculated: 2753750.36721555.
*** WARNING (version #1531bee): /home/sek519/warm_starting/vws/../vpc/src/utility/nbspace.cpp:368: Ray 49: Calculated dot product with obj differs from solver's. Obj viol from solver: 3813050.36721567. Calculated: 3813050.36721556.
*** WARNING (version #1531bee): /home/sek519/warm_starting/vws/../vpc/src/utility/nbspace.cpp:368: Ray 56: Calculated dot product with obj differs from solver's. Obj viol from solver: 1694522.76118164. Calculated: 1694522.76118153.
*** WARNING (version #1531bee): /home/sek519/warm_starting/vws/../vpc/src/utility/nbspace.cpp:368: Ray 57: Calculated dot product with obj differs from solver's. Obj viol from solver: 2683381.58790491. Calculated: 2683381.58790473.
*** WARNING (version #1531bee): /home/sek519/warm_starting/vws/../vpc/src/utility/nbspace.cpp:368: Ray 59: Calculated dot product with obj differs from solver's. Obj viol from solver: 1748950.04991886. Calculated: 1748950.04991875.
*** WARNING (version #1531bee): /home/sek519/warm_starting/vws/../vpc/src/utility/nbspace.cpp:368: Ray 75: Calculated dot product with obj differs from solver's. Obj viol from solver: 2803017.41774062. Calculated: 2803017.41774040.
*** WARNING (version #1531bee): /home/sek519/warm_starting/vws/../vpc/src/utility/nbspace.cpp:368: Ray 85: Calculated dot product with obj differs from solver's. Obj viol from solver: 6560119.01774061. Calculated: 6560119.01774040.
*** WARNING (version #1531bee): /home/sek519/warm_starting/vws/../vpc/src/utility/nbspace.cpp:368: Ray 86: Calculated dot product with obj differs from solver's. Obj viol from solver: 712623.89677419. Calculated: 712623.89677434.
*** WARNING (version #1531bee): /home/sek519/warm_starting/vws/../vpc/src/utility/nbspace.cpp:368: Ray 95: Calculated dot product with obj differs from solver's. Obj viol from solver: 5243867.76219212. Calculated: 5243867.76219200.
*** WARNING (version #1531bee): /home/sek519/warm_starting/vws/../vpc/src/utility/nbspace.cpp:368: Ray 116: Calculated dot product with obj differs from solver's. Obj viol from solver: 1376403.21481895. Calculated: 1376403.21481880.
*** WARNING (version #1531bee): /home/sek519/warm_starting/vws/../vpc/src/utility/nbspace.cpp:368: Ray 117: Calculated dot product with obj differs from solver's. Obj viol from solver: 3989635.85052159. Calculated: 3989635.85052141.
*** WARNING (version #1531bee): /home/sek519/warm_starting/vws/../vpc/src/utility/nbspace.cpp:368: Ray 119: Calculated dot product with obj differs from solver's. Obj viol from solver: 2622225.25634545. Calculated: 2622225.25634558.
*** WARNING (version #1531bee): /home/sek519/warm_starting/vws/../vpc/src/utility/nbspace.cpp:368: Ray 135: Calculated dot product with obj differs from solver's. Obj viol from solver: 6447874.74082069. Calculated: 6447874.74082050.
*** WARNING (version #1531bee): /home/sek519/warm_starting/vws/../vpc/src/utility/nbspace.cpp:368: Ray 148: Calculated dot product with obj differs from solver's. Obj viol from solver: 1242273.89677419. Calculated: 1242273.89677433.
*** WARNING (version #1531bee): /home/sek519/warm_starting/vws/../vpc/src/utility/nbspace.cpp:368: Ray 149: Calculated dot product with obj differs from solver's. Obj viol from solver: 1771923.89677419. Calculated: 1771923.89677433.
*** WARNING (version #1531bee): /home/sek519/warm_starting/vws/../vpc/src/utility/nbspace.cpp:368: Ray 151: Calculated dot product with obj differs from solver's. Obj viol from solver: 3021972.05661747. Calculated: 3021972.05661761.
*** WARNING (version #1531bee): /home/sek519/warm_starting/vws/../vpc/src/utility/nbspace.cpp:368: Ray 153: Calculated dot product with obj differs from solver's. Obj viol from solver: 1904988.33740644. Calculated: 1904988.33740658.
*** WARNING (version #1531bee): /home/sek519/warm_starting/vws/../vpc/src/utility/nbspace.cpp:368: Ray 179: Calculated dot product with obj differs from solver's. Obj viol from solver: 1162009.75786271. Calculated: 1162009.75786290.
*** WARNING (version #1531bee): /home/sek519/warm_starting/vws/../vpc/src/utility/nbspace.cpp:368: Ray 181: Calculated dot product with obj differs from solver's. Obj viol from solver: 4435634.69992801. Calculated: 4435634.69992811.
*** WARNING (version #1531bee): /home/sek519/warm_starting/vws/../vpc/src/utility/nbspace.cpp:368: Ray 187: Calculated dot product with obj differs from solver's. Obj viol from solver: 3365825.80399443. Calculated: 3365825.80399454.
*** WARNING (version #1531bee): /home/sek519/warm_starting/vws/../vpc/src/utility/nbspace.cpp:368: Ray 195: Calculated dot product with obj differs from solver's. Obj viol from solver: 4987659.24233796. Calculated: 4987659.24233782.
*** WARNING (version #1531bee): /home/sek519/warm_starting/vws/../vpc/src/utility/nbspace.cpp:368: Ray 214: Calculated dot product with obj differs from solver's. Obj viol from solver: 2226689.29252833. Calculated: 2226689.29252844.
*** WARNING (version #1531bee): /home/sek519/warm_starting/vws/../vpc/src/utility/nbspace.cpp:368: Ray 215: Calculated dot product with obj differs from solver's. Obj viol from solver: 4230910.39245633. Calculated: 4230910.39245655.
*** WARNING (version #1531bee): /home/sek519/warm_starting/vws/../vpc/src/utility/nbspace.cpp:368: Ray 222: Calculated dot product with obj differs from solver's. Obj viol from solver: 2243199.57662413. Calculated: 2243199.57662423.
*** WARNING (version #1531bee): /home/sek519/warm_starting/vws/../vpc/src/utility/nbspace.cpp:368: Ray 228: Calculated dot product with obj differs from solver's. Obj viol from solver: 1242273.89677419. Calculated: 1242273.89677434.
*** WARNING (version #1531bee): /home/sek519/warm_starting/vws/../vpc/src/utility/nbspace.cpp:368: Ray 229: Calculated dot product with obj differs from solver's. Obj viol from solver: 1771923.89677419. Calculated: 1771923.89677434.
*** WARNING (version #1531bee): /home/sek519/warm_starting/vws/../vpc/src/utility/nbspace.cpp:368: Ray 231: Calculated dot product with obj differs from solver's. Obj viol from solver: 1962672.05661746. Calculated: 1962672.05661761.
*** WARNING (version #1531bee): /home/sek519/warm_starting/vws/../vpc/src/utility/nbspace.cpp:368: Ray 233: Calculated dot product with obj differs from solver's. Obj viol from solver: 1648439.52851473. Calculated: 1648439.52851489.
*** WARNING (version #1531bee): /home/sek519/warm_starting/vws/../vpc/src/utility/nbspace.cpp:368: Ray 263: Calculated dot product with obj differs from solver's. Obj viol from solver: 249130.15580526. Calculated: 249130.15580551.
*** WARNING (version #1531bee): /home/sek519/warm_starting/vws/../vpc/src/utility/nbspace.cpp:368: Ray 269: Calculated dot product with obj differs from solver's. Obj viol from solver: 2187036.29231451. Calculated: 2187036.29231462.
*** WARNING (version #1531bee): /home/sek519/warm_starting/vws/../vpc/src/utility/nbspace.cpp:368: Ray 277: Calculated dot product with obj differs from solver's. Obj viol from solver: 3928359.24233795. Calculated: 3928359.24233782.
*** WARNING (version #1531bee): /home/sek519/warm_starting/vws/../vpc/src/utility/nbspace.cpp:368: Ray 280: Calculated dot product with obj differs from solver's. Obj viol from solver: 707378.52359622. Calculated: 707378.52359633.
*** WARNING (version #1531bee): /home/sek519/warm_starting/vws/../vpc/src/utility/nbspace.cpp:368: Ray 281: Calculated dot product with obj differs from solver's. Obj viol from solver: 530828.52359622. Calculated: 530828.52359634.
*** WARNING (version #1531bee): /home/sek519/warm_starting/vws/../vpc/src/utility/nbspace.cpp:368: Ray 294: Calculated dot product with obj differs from solver's. Obj viol from solver: 59879.21736881. Calculated: 59879.21736870.
*** WARNING (version #1531bee): /home/sek519/warm_starting/vws/../vpc/src/utility/nbspace.cpp:368: Ray 295: Calculated dot product with obj differs from solver's. Obj viol from solver: 119758.43473761. Calculated: 119758.43473741.
*** WARNING (version #1531bee): /home/sek519/warm_starting/vws/../vpc/src/utility/nbspace.cpp:368: Ray 299: Calculated dot product with obj differs from solver's. Obj viol from solver: 8576133.47745825. Calculated: 8576133.47745836.
*** WARNING (version #1531bee): /home/sek519/warm_starting/vws/../vpc/src/utility/nbspace.cpp:368: Ray 300: Calculated dot product with obj differs from solver's. Obj viol from solver: 384166.98395531. Calculated: 384166.98395544.
*** WARNING (version #1531bee): /home/sek519/warm_starting/vws/../vpc/src/utility/nbspace.cpp:368: Ray 301: Calculated dot product with obj differs from solver's. Obj viol from solver: 2689935.15235360. Calculated: 2689935.15235400.
*** WARNING (version #1531bee): /home/sek519/warm_starting/vws/../vpc/src/utility/nbspace.cpp:368: Ray 302: Calculated dot product with obj differs from solver's. Obj viol from solver: 1837484.36482444. Calculated: 1837484.36482434.
*** WARNING (version #1531bee): /home/sek519/warm_starting/vws/../vpc/src/utility/nbspace.cpp:368: Ray 303: Calculated dot product with obj differs from solver's. Obj viol from solver: 4236250.37896924. Calculated: 4236250.37896912.
*** WARNING (version #1531bee): /home/sek519/warm_starting/vws/../vpc/src/utility/nbspace.cpp:368: Ray 336: Calculated dot product with obj differs from solver's. Obj viol from solver: 750124.68663523. Calculated: 750124.68663536.
*** WARNING (version #1531bee): /home/sek519/warm_starting/vws/../vpc/src/utility/nbspace.cpp:368: Ray 337: Calculated dot product with obj differs from solver's. Obj viol from solver: 1518495.78656324. Calculated: 1518495.78656348.
*** WARNING (version #1531bee): /home/sek519/warm_starting/vws/../vpc/src/utility/nbspace.cpp:368: Ray 345: Calculated dot product with obj differs from solver's. Obj viol from solver: 838262.00850805. Calculated: 838262.00850829.
*** WARNING (version #1531bee): /home/sek519/warm_starting/vws/../vpc/src/utility/nbspace.cpp:368: Ray 346: Calculated dot product with obj differs from solver's. Obj viol from solver: 464483.86843765. Calculated: 464483.86843779.
*** WARNING (version #1531bee): /home/sek519/warm_starting/vws/../vpc/src/utility/nbspace.cpp:368: Ray 347: Calculated dot product with obj differs from solver's. Obj viol from solver: 183956.34843098. Calculated: 183956.34843118.
*** WARNING (version #1531bee): /home/sek519/warm_starting/vws/../vpc/src/utility/nbspace.cpp:368: Ray 352: Calculated dot product with obj differs from solver's. Obj viol from solver: 1717424.21407101. Calculated: 1717424.21407117.
*** WARNING (version #1531bee): /home/sek519/warm_starting/vws/../vpc/src/utility/nbspace.cpp:368: Ray 353: Calculated dot product with obj differs from solver's. Obj viol from solver: 2722224.53136782. Calculated: 2722224.53136798.
*** WARNING (version #1531bee): /home/sek519/warm_starting/vws/../vpc/src/utility/nbspace.cpp:368: Ray 355: Calculated dot product with obj differs from solver's. Obj viol from solver: 1274299.88258244. Calculated: 1274299.88258257.
*** WARNING (version #1531bee): /home/sek519/warm_starting/vws/../vpc/src/utility/nbspace.cpp:368: Ray 356: Calculated dot product with obj differs from solver's. Obj viol from solver: 712623.89677420. Calculated: 712623.89677434.
*** WARNING (version #1531bee): /home/sek519/warm_starting/vws/../vpc/src/utility/nbspace.cpp:368: Ray 357: Calculated dot product with obj differs from solver's. Obj viol from solver: 2627354.93587314. Calculated: 2627354.93587328.
*** WARNING (version #1531bee): /home/sek519/warm_starting/vws/../vpc/src/utility/nbspace.cpp:368: Ray 359: Calculated dot product with obj differs from solver's. Obj viol from solver: 3877403.09571641. Calculated: 3877403.09571655.
*** WARNING (version #1531bee): /home/sek519/warm_starting/vws/../vpc/src/utility/nbspace.cpp:368: Ray 360: Calculated dot product with obj differs from solver's. Obj viol from solver: 2301573.89677419. Calculated: 2301573.89677435.
*** WARNING (version #1531bee): /home/sek519/warm_starting/vws/../vpc/src/utility/nbspace.cpp:368: Ray 362: Calculated dot product with obj differs from solver's. Obj viol from solver: 1242273.89677420. Calculated: 1242273.89677433.
*** WARNING (version #1531bee): /home/sek519/warm_starting/vws/../vpc/src/utility/nbspace.cpp:368: Ray 363: Calculated dot product with obj differs from solver's. Obj viol from solver: 1771923.89677420. Calculated: 1771923.89677433.
*** WARNING (version #1531bee): /home/sek519/warm_starting/vws/../vpc/src/utility/nbspace.cpp:368: Ray 365: Calculated dot product with obj differs from solver's. Obj viol from solver: 3021972.05661747. Calculated: 3021972.05661760.
*** WARNING (version #1531bee): /home/sek519/warm_starting/vws/../vpc/src/utility/nbspace.cpp:368: Ray 367: Calculated dot product with obj differs from solver's. Obj viol from solver: 1593736.67745824. Calculated: 1593736.67745835.
*** WARNING (version #1531bee): /home/sek519/warm_starting/vws/../vpc/src/utility/nbspace.cpp:368: Ray 368: Calculated dot product with obj differs from solver's. Obj viol from solver: 658453.75655525. Calculated: 658453.75655552.
*** WARNING (version #1531bee): /home/sek519/warm_starting/vws/../vpc/src/utility/nbspace.cpp:368: Ray 369: Calculated dot product with obj differs from solver's. Obj viol from solver: 3146054.33932454. Calculated: 3146054.33932492.
*** WARNING (version #1531bee): /home/sek519/warm_starting/vws/../vpc/src/utility/nbspace.cpp:368: Ray 372: Calculated dot product with obj differs from solver's. Obj viol from solver: 1648829.21736881. Calculated: 1648829.21736870.
*** WARNING (version #1531bee): /home/sek519/warm_starting/vws/../vpc/src/utility/nbspace.cpp:368: Ray 373: Calculated dot product with obj differs from solver's. Obj viol from solver: 2238358.43473761. Calculated: 2238358.43473741.
*** WARNING (version #1531bee): /home/sek519/warm_starting/vws/../vpc/src/utility/nbspace.cpp:368: Ray 374: Calculated dot product with obj differs from solver's. Obj viol from solver: 1771923.89677419. Calculated: 1771923.89677435.
*** WARNING (version #1531bee): /home/sek519/warm_starting/vws/../vpc/src/utility/nbspace.cpp:368: Ray 375: Calculated dot product with obj differs from solver's. Obj viol from solver: 2831223.89677419. Calculated: 2831223.89677435.
*** WARNING (version #1531bee): /home/sek519/warm_starting/vws/../vpc/src/utility/nbspace.cpp:368: Ray 376: Calculated dot product with obj differs from solver's. Obj viol from solver: 1771923.89677419. Calculated: 1771923.89677437.
*** WARNING (version #1531bee): /home/sek519/warm_starting/vws/../vpc/src/utility/nbspace.cpp:368: Ray 377: Calculated dot product with obj differs from solver's. Obj viol from solver: 3890523.89677419. Calculated: 3890523.89677437.
*** WARNING (version #1531bee): /home/sek519/warm_starting/vws/../vpc/src/utility/nbspace.cpp:368: Ray 381: Calculated dot product with obj differs from solver's. Obj viol from solver: 903372.05661746. Calculated: 903372.05661761.
*** WARNING (version #1531bee): /home/sek519/warm_starting/vws/../vpc/src/utility/nbspace.cpp:368: Ray 382: Calculated dot product with obj differs from solver's. Obj viol from solver: 712623.89677419. Calculated: 712623.89677433.
*** WARNING (version #1531bee): /home/sek519/warm_starting/vws/../vpc/src/utility/nbspace.cpp:368: Ray 383: Calculated dot product with obj differs from solver's. Obj viol from solver: 2263515.50072380. Calculated: 2263515.50072400.
*** WARNING (version #1531bee): /home/sek519/warm_starting/vws/../vpc/src/utility/nbspace.cpp:368: Ray 385: Calculated dot product with obj differs from solver's. Obj viol from solver: 6457533.47745824. Calculated: 6457533.47745836.
*** WARNING (version #1531bee): /home/sek519/warm_starting/vws/../vpc/src/utility/nbspace.cpp:368: Ray 387: Calculated dot product with obj differs from solver's. Obj viol from solver: 1280566.94590198. Calculated: 1280566.94590265.
*** WARNING (version #1531bee): /home/sek519/warm_starting/vws/../vpc/src/utility/nbspace.cpp:368: Ray 399: Calculated dot product with obj differs from solver's. Obj viol from solver: 1880564.01785697. Calculated: 1880564.01785710.
*** WARNING (version #1531bee): /home/sek519/warm_starting/vws/../vpc/src/utility/nbspace.cpp:368: Ray 401: Calculated dot product with obj differs from solver's. Obj viol from solver: 997212.93169707. Calculated: 997212.93169723.
*** WARNING (version #1531bee): /home/sek519/warm_starting/vws/../vpc/src/utility/nbspace.cpp:368: Ray 403: Calculated dot product with obj differs from solver's. Obj viol from solver: 1234700.79617702. Calculated: 1234700.79617723.
*** WARNING (version #1531bee): /home/sek519/warm_starting/vws/../vpc/src/utility/nbspace.cpp:368: Ray 407: Calculated dot product with obj differs from solver's. Obj viol from solver: 794057.13958651. Calculated: 794057.13958662.
*** WARNING (version #1531bee): /home/sek519/warm_starting/vws/../vpc/src/utility/nbspace.cpp:368: Ray 409: Calculated dot product with obj differs from solver's. Obj viol from solver: 5861009.73169708. Calculated: 5861009.73169723.
*** WARNING (version #1531bee): /home/sek519/warm_starting/vws/../vpc/src/utility/nbspace.cpp:368: Ray 438: Calculated dot product with obj differs from solver's. Obj viol from solver: 1649338.57426122. Calculated: 1649338.57426112.
*** WARNING (version #1531bee): /home/sek519/warm_starting/vws/../vpc/src/utility/nbspace.cpp:368: Ray 450: Calculated dot product with obj differs from solver's. Obj viol from solver: 1121387.06830292. Calculated: 1121387.06830277.
*** WARNING (version #1531bee): /home/sek519/warm_starting/vws/../vpc/src/utility/nbspace.cpp:368: Ray 459: Calculated dot product with obj differs from solver's. Obj viol from solver: 7659777.31419882. Calculated: 7659777.31419893.
*** WARNING (version #1531bee): /home/sek519/warm_starting/vws/../vpc/src/utility/nbspace.cpp:368: Ray 462: Calculated dot product with obj differs from solver's. Obj viol from solver: 152487.37426123. Calculated: 152487.37426112.
*** WARNING (version #1531bee): /home/sek519/warm_starting/vws/../vpc/src/utility/nbspace.cpp:368: Ray 479: Calculated dot product with obj differs from solver's. Obj viol from solver: 860922.65610660. Calculated: 860922.65610674.
*** WARNING (version #1531bee): /home/sek519/warm_starting/vws/../vpc/src/utility/nbspace.cpp:368: Ray 480: Calculated dot product with obj differs from solver's. Obj viol from solver: 913349.36054262. Calculated: 913349.36054274.
*** WARNING (version #1531bee): /home/sek519/warm_starting/vws/../vpc/src/utility/nbspace.cpp:368: Ray 484: Calculated dot product with obj differs from solver's. Obj viol from solver: 1767762.02157208. Calculated: 1767762.02157220.
*** WARNING (version #1531bee): /home/sek519/warm_starting/vws/../vpc/src/utility/nbspace.cpp:368: Ray 503: Calculated dot product with obj differs from solver's. Obj viol from solver: 437076.40918411. Calculated: 437076.40918401.
*** WARNING (version #1531bee): /home/sek519/warm_starting/vws/../vpc/src/utility/nbspace.cpp:368: Ray 507: Calculated dot product with obj differs from solver's. Obj viol from solver: 418876.27228496. Calculated: 418876.27228508.
*** WARNING (version #1531bee): /home/sek519/warm_starting/vws/../vpc/src/utility/nbspace.cpp:368: Ray 508: Calculated dot product with obj differs from solver's. Obj viol from solver: 326971.06910792. Calculated: 326971.06910814.
*** WARNING (version #1531bee): /home/sek519/warm_starting/vws/../vpc/src/utility/nbspace.cpp:368: Ray 511: Calculated dot product with obj differs from solver's. Obj viol from solver: 437076.40918412. Calculated: 437076.40918400.
*** WARNING (version #1531bee): /home/sek519/warm_starting/vws/../vpc/src/utility/nbspace.cpp:368: Ray 515: Calculated dot product with obj differs from solver's. Obj viol from solver: 1156492.11737060. Calculated: 1156492.11737044.
*** WARNING (version #1531bee): /home/sek519/warm_starting/vws/../vpc/src/utility/nbspace.cpp:368: Ray 516: Calculated dot product with obj differs from solver's. Obj viol from solver: 844529.01998302. Calculated: 844529.01998287.
*** WARNING (version #1531bee): /home/sek519/warm_starting/vws/../vpc/src/utility/nbspace.cpp:368: Ray 518: Calculated dot product with obj differs from solver's. Obj viol from solver: 3960385.22814619. Calculated: 3960385.22814604.
*** WARNING (version #1531bee): /home/sek519/warm_starting/vws/../vpc/src/utility/nbspace.cpp:368: Ray 542: Calculated dot product with obj differs from solver's. Obj viol from solver: 1809759.24233795. Calculated: 1809759.24233782.
*** WARNING (version #1531bee): /home/sek519/warm_starting/vws/../vpc/src/utility/nbspace.cpp:368: Ray 563: Calculated dot product with obj differs from solver's. Obj viol from solver: 502857.96933842. Calculated: 502857.96933855.
*** WARNING (version #1531bee): /home/sek519/warm_starting/vws/../vpc/src/utility/nbspace.cpp:368: Ray 564: Calculated dot product with obj differs from solver's. Obj viol from solver: 1325728.75196961. Calculated: 1325728.75196985.
*** WARNING (version #1531bee): /home/sek519/warm_starting/vws/../vpc/src/utility/nbspace.cpp:368: Ray 571: Calculated dot product with obj differs from solver's. Obj viol from solver: 2178097.91146464. Calculated: 2178097.91146475.
*** WARNING (version #1531bee): /home/sek519/warm_starting/vws/../vpc/src/utility/nbspace.cpp:368: Ray 572: Calculated dot product with obj differs from solver's. Obj viol from solver: 4319947.63447288. Calculated: 4319947.63447300.
*** WARNING (version #1531bee): /home/sek519/warm_starting/vws/../vpc/src/utility/nbspace.cpp:368: Ray 579: Calculated dot product with obj differs from solver's. Obj viol from solver: 1710054.17662930. Calculated: 1710054.17662966.
*** WARNING (version #1531bee): /home/sek519/warm_starting/vws/../vpc/src/utility/nbspace.cpp:368: Ray 580: Calculated dot product with obj differs from solver's. Obj viol from solver: 6930928.56874508. Calculated: 6930928.56874498.
*** WARNING (version #1531bee): /home/sek519/warm_starting/vws/../vpc/src/utility/nbspace.cpp:368: Ray 601: Calculated dot product with obj differs from solver's. Obj viol from solver: 637739.29252833. Calculated: 637739.29252844.
*** WARNING (version #1531bee): /home/sek519/warm_starting/vws/../vpc/src/utility/nbspace.cpp:368: Ray 602: Calculated dot product with obj differs from solver's. Obj viol from solver: 2112310.39245634. Calculated: 2112310.39245655.
*** WARNING (version #1531bee): /home/sek519/warm_starting/vws/../vpc/src/utility/nbspace.cpp:368: Ray 605: Calculated dot product with obj differs from solver's. Obj viol from solver: 811092.87086395. Calculated: 811092.87086406.
*** WARNING (version #1531bee): /home/sek519/warm_starting/vws/../vpc/src/utility/nbspace.cpp:368: Ray 620: Calculated dot product with obj differs from solver's. Obj viol from solver: 2129972.28258243. Calculated: 2129972.28258257.
*** WARNING (version #1531bee): /home/sek519/warm_starting/vws/../vpc/src/utility/nbspace.cpp:368: Ray 642: Calculated dot product with obj differs from solver's. Obj viol from solver: 3239987.06830292. Calculated: 3239987.06830277.
*** WARNING (version #1531bee): /home/sek519/warm_starting/vws/../vpc/src/utility/nbspace.cpp:368: Ray 648: Calculated dot product with obj differs from solver's. Obj viol from solver: 2017440.79696165. Calculated: 2017440.79696185.
*** WARNING (version #1531bee): /home/sek519/warm_starting/vws/../vpc/src/utility/nbspace.cpp:368: Ray 654: Calculated dot product with obj differs from solver's. Obj viol from solver: 5843090.28143689. Calculated: 5843090.28143675.
*** WARNING (version #1531bee): /home/sek519/warm_starting/vws/../vpc/src/utility/nbspace.cpp:368: Ray 660: Calculated dot product with obj differs from solver's. Obj viol from solver: 2528770.16447574. Calculated: 2528770.16447589.
*** WARNING (version #1531bee): /home/sek519/warm_starting/vws/../vpc/src/utility/nbspace.cpp:368: Ray 661: Calculated dot product with obj differs from solver's. Obj viol from solver: 1005430.36933842. Calculated: 1005430.36933855.
*** WARNING (version #1531bee): /home/sek519/warm_starting/vws/../vpc/src/utility/nbspace.cpp:368: Ray 662: Calculated dot product with obj differs from solver's. Obj viol from solver: 1298651.15196961. Calculated: 1298651.15196984.
*** WARNING (version #1531bee): /home/sek519/warm_starting/vws/../vpc/src/utility/nbspace.cpp:368: Ray 668: Calculated dot product with obj differs from solver's. Obj viol from solver: 8576133.47745825. Calculated: 8576133.47745837.
*** WARNING (version #1531bee): /home/sek519/warm_starting/vws/../vpc/src/utility/nbspace.cpp:368: Ray 670: Calculated dot product with obj differs from solver's. Obj viol from solver: 2869059.24233796. Calculated: 2869059.24233781.
*** WARNING (version #1531bee): /home/sek519/warm_starting/vws/../vpc/src/utility/nbspace.cpp:368: Ray 678: Calculated dot product with obj differs from solver's. Obj viol from solver: 1162009.75786271. Calculated: 1162009.75786290.
*** WARNING (version #1531bee): /home/sek519/warm_starting/vws/../vpc/src/utility/nbspace.cpp:368: Ray 686: Calculated dot product with obj differs from solver's. Obj viol from solver: 3341401.48444496. Calculated: 3341401.48444507.
*** WARNING (version #1531bee): /home/sek519/warm_starting/vws/../vpc/src/utility/nbspace.cpp:368: Ray 694: Calculated dot product with obj differs from solver's. Obj viol from solver: 4987659.24233796. Calculated: 4987659.24233779.
*** WARNING (version #1531bee): /home/sek519/warm_starting/vws/../vpc/src/utility/nbspace.cpp:368: Ray 711: Calculated dot product with obj differs from solver's. Obj viol from solver: 997212.93169708. Calculated: 997212.93169722.
*** WARNING (version #1531bee): /home/sek519/warm_starting/vws/../vpc/src/utility/nbspace.cpp:368: Ray 715: Calculated dot product with obj differs from solver's. Obj viol from solver: 2884039.37043825. Calculated: 2884039.37043836.
*** WARNING (version #1531bee): /home/sek519/warm_starting/vws/../vpc/src/utility/nbspace.cpp:368: Ray 720: Calculated dot product with obj differs from solver's. Obj viol from solver: 589529.21736881. Calculated: 589529.21736870.
*** WARNING (version #1531bee): /home/sek519/warm_starting/vws/../vpc/src/utility/nbspace.cpp:368: Ray 721: Calculated dot product with obj differs from solver's. Obj viol from solver: 8980674.00623754. Calculated: 8980674.00623742.
*** WARNING (version #1531bee): /home/sek519/warm_starting/vws/../vpc/src/utility/nbspace.cpp:368: Ray 726: Calculated dot product with obj differs from solver's. Obj viol from solver: 8264391.82573877. Calculated: 8264391.82573889.
*** WARNING (version #1531bee): /home/sek519/warm_starting/vws/../vpc/src/utility/nbspace.cpp:368: Ray 730: Calculated dot product with obj differs from solver's. Obj viol from solver: 636949.63195538. Calculated: 636949.63195550.
*** WARNING (version #1531bee): /home/sek519/warm_starting/vws/../vpc/src/utility/nbspace.cpp:368: Ray 737: Calculated dot product with obj differs from solver's. Obj viol from solver: 611495.02094844. Calculated: 611495.02094859.
*** WARNING (version #1531bee): /home/sek519/warm_starting/vws/../vpc/src/utility/nbspace.cpp:368: Ray 738: Calculated dot product with obj differs from solver's. Obj viol from solver: 759210.45784167. Calculated: 759210.45784208.
*** WARNING (version #1531bee): /home/sek519/warm_starting/vws/../vpc/src/utility/nbspace.cpp:368: Ray 741: Calculated dot product with obj differs from solver's. Obj viol from solver: 692238.97523151. Calculated: 692238.97523162.
*** WARNING (version #1531bee): /home/sek519/warm_starting/vws/../vpc/src/utility/nbspace.cpp:368: Ray 742: Calculated dot product with obj differs from solver's. Obj viol from solver: 2221309.75786271. Calculated: 2221309.75786292.
*** WARNING (version #1531bee): /home/sek519/warm_starting/vws/../vpc/src/utility/nbspace.cpp:368: Ray 744: Calculated dot product with obj differs from solver's. Obj viol from solver: 2061270.35892952. Calculated: 2061270.35892972.
*** WARNING (version #1531bee): /home/sek519/warm_starting/vws/../vpc/src/utility/nbspace.cpp:368: Ray 746: Calculated dot product with obj differs from solver's. Obj viol from solver: 1441231.78330142. Calculated: 1441231.78330128.
*** WARNING (version #1531bee): /home/sek519/warm_starting/vws/../vpc/src/utility/nbspace.cpp:368: Ray 748: Calculated dot product with obj differs from solver's. Obj viol from solver: 1507180.96386977. Calculated: 1507180.96386997.
*** WARNING (version #1531bee): /home/sek519/warm_starting/vws/../vpc/src/utility/nbspace.cpp:368: Ray 754: Calculated dot product with obj differs from solver's. Obj viol from solver: 1306347.38576712. Calculated: 1306347.38576727.
*** WARNING (version #1531bee): /home/sek519/warm_starting/vws/../vpc/src/utility/nbspace.cpp:368: Ray 755: Calculated dot product with obj differs from solver's. Obj viol from solver: 1205173.11168255. Calculated: 1205173.11168244.
*** WARNING (version #1531bee): /home/sek519/warm_starting/vws/../vpc/src/utility/nbspace.cpp:368: Ray 756: Calculated dot product with obj differs from solver's. Obj viol from solver: 2604518.34319615. Calculated: 2604518.34319592.
*** WARNING (version #1531bee): /home/sek519/warm_starting/vws/../vpc/src/utility/nbspace.cpp:368: Ray 760: Calculated dot product with obj differs from solver's. Obj viol from solver: 2923558.92504114. Calculated: 2923558.92504100.
*** WARNING (version #1531bee): /home/sek519/warm_starting/vws/../vpc/src/utility/nbspace.cpp:368: Ray 766: Calculated dot product with obj differs from solver's. Obj viol from solver: 2869059.24233794. Calculated: 2869059.24233782.
*** WARNING (version #1531bee): /home/sek519/warm_starting/vws/../vpc/src/utility/nbspace.cpp:368: Ray 771: Calculated dot product with obj differs from solver's. Obj viol from solver: 1091545.50755152. Calculated: 1091545.50755177.
*** WARNING (version #1531bee): /home/sek519/warm_starting/vws/../vpc/src/utility/nbspace.cpp:368: Ray 772: Calculated dot product with obj differs from solver's. Obj viol from solver: 1500727.00166792. Calculated: 1500727.00166839.
*** WARNING (version #1531bee): /home/sek519/warm_starting/vws/../vpc/src/utility/nbspace.cpp:368: Ray 780: Calculated dot product with obj differs from solver's. Obj viol from solver: 2869059.24233794. Calculated: 2869059.24233782.
*** WARNING (version #1531bee): /home/sek519/warm_starting/vws/../vpc/src/utility/nbspace.cpp:368: Ray 782: Calculated dot product with obj differs from solver's. Obj viol from solver: 6920309.73169708. Calculated: 6920309.73169722.
*** WARNING (version #1531bee): /home/sek519/warm_starting/vws/../vpc/src/utility/nbspace.cpp:368: Ray 786: Calculated dot product with obj differs from solver's. Obj viol from solver: 997212.93169707. Calculated: 997212.93169722.
*** WARNING (version #1531bee): /home/sek519/warm_starting/vws/../vpc/src/utility/nbspace.cpp:368: Ray 804: Calculated dot product with obj differs from solver's. Obj viol from solver: 292940.63828096. Calculated: 292940.63828107.
*** WARNING (version #1531bee): /home/sek519/warm_starting/vws/../vpc/src/utility/nbspace.cpp:368: Ray 810: Calculated dot product with obj differs from solver's. Obj viol from solver: 1671881.87482306. Calculated: 1671881.87482319.
*** WARNING (version #1531bee): /home/sek519/warm_starting/vws/../vpc/src/utility/nbspace.cpp:368: Ray 866: Calculated dot product with obj differs from solver's. Obj viol from solver: 104851.99217987. Calculated: 104851.99217976.
*** WARNING (version #1531bee): /home/sek519/warm_starting/vws/../vpc/src/utility/nbspace.cpp:368: Ray 874: Calculated dot product with obj differs from solver's. Obj viol from solver: 779906.56749237. Calculated: 779906.56749222.
*** WARNING (version #1531bee): /home/sek519/warm_starting/vws/../vpc/src/utility/nbspace.cpp:368: Ray 936: Calculated dot product with obj differs from solver's. Obj viol from solver: 457831.00835370. Calculated: 457831.00835360.
*** WARNING (version #1531bee): /home/sek519/warm_starting/vws/../vpc/src/utility/nbspace.cpp:368: Ray 1014: Calculated dot product with obj differs from solver's. Obj viol from solver: 675640.76850387. Calculated: 675640.76850377.
*** WARNING (version #1531bee): /home/sek519/warm_starting/vws/../vpc/src/utility/nbspace.cpp:368: Ray 1060: Calculated dot product with obj differs from solver's. Obj viol from solver: 214859.81297106. Calculated: 214859.81297125.
*** WARNING (version #1531bee): /home/sek519/warm_starting/vws/../vpc/src/utility/nbspace.cpp:368: Ray 1140: Calculated dot product with obj differs from solver's. Obj viol from solver: 346744.12790317. Calculated: 346744.12790307.
*** WARNING (version #1531bee): /home/sek519/warm_starting/vws/../vpc/src/utility/nbspace.cpp:368: Ray 1146: Calculated dot product with obj differs from solver's. Obj viol from solver: 449689.56850387. Calculated: 449689.56850377.
*** WARNING (version #1531bee): /home/sek519/warm_starting/vws/../vpc/src/utility/nbspace.cpp:368: Ray 1160: Calculated dot product with obj differs from solver's. Obj viol from solver: 102019.16850387. Calculated: 102019.16850375.
*** WARNING (version #1531bee): /home/sek519/warm_starting/vws/../vpc/src/utility/nbspace.cpp:368: Ray 1169: Calculated dot product with obj differs from solver's. Obj viol from solver: 92433.11435015. Calculated: 92433.11435025.
*** WARNING (version #1531bee): /home/sek519/warm_starting/vws/../vpc/src/utility/nbspace.cpp:368: Ray 1172: Calculated dot product with obj differs from solver's. Obj viol from solver: 73975.07211401. Calculated: 73975.07211412.
*** WARNING (version #1531bee): /home/sek519/warm_starting/vws/../vpc/src/utility/nbspace.cpp:368: Ray 1192: Calculated dot product with obj differs from solver's. Obj viol from solver: 2430767.61610081. Calculated: 2430767.61610098.
*** WARNING (version #1531bee): /home/sek519/warm_starting/vws/../vpc/src/utility/nbspace.cpp:368: Ray 1230: Calculated dot product with obj differs from solver's. Obj viol from solver: 2459209.29919245. Calculated: 2459209.29919264.
*** WARNING (version #1531bee): /home/sek519/warm_starting/vws/../vpc/src/utility/nbspace.cpp:368: Ray 1232: Calculated dot product with obj differs from solver's. Obj viol from solver: 1610795.87812794. Calculated: 1610795.87812808.
*** WARNING (version #1531bee): /home/sek519/warm_starting/vws/../vpc/src/utility/nbspace.cpp:368: Ray 1234: Calculated dot product with obj differs from solver's. Obj viol from solver: 1571115.33461918. Calculated: 1571115.33461932.
*** WARNING (version #1531bee): /home/sek519/warm_starting/vws/../vpc/src/utility/nbspace.cpp:368: Ray 1238: Calculated dot product with obj differs from solver's. Obj viol from solver: 3338405.73461918. Calculated: 3338405.73461932.
*** WARNING (version #1531bee): /home/sek519/warm_starting/vws/../vpc/src/utility/nbspace.cpp:368: Ray 1240: Calculated dot product with obj differs from solver's. Obj viol from solver: 1890847.44099001. Calculated: 1890847.44099014.
*** WARNING (version #1531bee): /home/sek519/warm_starting/vws/../vpc/src/utility/nbspace.cpp:368: Ray 1496: Calculated dot product with obj differs from solver's. Obj viol from solver: 2561341.41447282. Calculated: 2561341.41447302.
*** WARNING (version #1531bee): /home/sek519/warm_starting/vws/../vpc/src/utility/nbspace.cpp:368: Ray 1548: Calculated dot product with obj differs from solver's. Obj viol from solver: 174003.81447282. Calculated: 174003.81447302.
*** WARNING (version #1531bee): /home/sek519/warm_starting/vws/../vpc/src/utility/nbspace.cpp:368: Ray 1552: Calculated dot product with obj differs from solver's. Obj viol from solver: 1941294.21447282. Calculated: 1941294.21447302.
*** WARNING (version #1531bee): /home/sek519/warm_starting/vws/../vpc/src/utility/nbspace.cpp:368: Ray 1565: Calculated dot product with obj differs from solver's. Obj viol from solver: 94289.22730950. Calculated: 94289.22730936.
*** WARNING (version #1531bee): /home/sek519/warm_starting/vws/../vpc/src/utility/nbspace.cpp:368: Ray 1620: Calculated dot product with obj differs from solver's. Obj viol from solver: 2939999.84516138. Calculated: 2939999.84516155.
*** WARNING (version #1531bee): /home/sek519/warm_starting/vws/../vpc/src/utility/nbspace.cpp:368: Ray 1626: Calculated dot product with obj differs from solver's. Obj viol from solver: 1961746.03765545. Calculated: 1961746.03765560.
*** WARNING (version #1531bee): /home/sek519/warm_starting/vws/../vpc/src/utility/nbspace.cpp:368: Ray 1936: Calculated dot product with obj differs from solver's. Obj viol from solver: 493104.90381649. Calculated: 493104.90381637.
*** WARNING (version #1531bee): /home/sek519/warm_starting/vws/../vpc/src/utility/nbspace.cpp:368: Ray 2004: Calculated dot product with obj differs from solver's. Obj viol from solver: 30414.59746160. Calculated: 30414.59746149.
*** WARNING (version #1531bee): /home/sek519/warm_starting/vws/../vpc/src/utility/nbspace.cpp:368: Ray 2022: Calculated dot product with obj differs from solver's. Obj viol from solver: 138489.00704223. Calculated: 138489.00704205.
*** WARNING (version #1531bee): /home/sek519/warm_starting/vws/../vpc/src/utility/nbspace.cpp:368: Ray 2360: Calculated dot product with obj differs from solver's. Obj viol from solver: 795606.03874140. Calculated: 795606.03874128.
*** WARNING (version #1531bee): /home/sek519/warm_starting/vws/../vpc/src/utility/nbspace.cpp:368: Ray 2394: Calculated dot product with obj differs from solver's. Obj viol from solver: 426972.30487740. Calculated: 426972.30487723.
messed up a farkas cofficient
setting all farkas coefficients to 0
messed up a farkas cofficient
setting all farkas coefficients to 0
messed up a farkas cofficient
setting all farkas coefficients to 0
*** WARNING (version #1531bee): /home/sek519/warm_starting/vws/../vpc/src/utility/nbspace.cpp:149: Point: Calculated dot product with obj differs from solver's. Obj viol from solver: 284681.91998309. Calculated: 284681.91998298.
*** WARNING (version #1531bee): /home/sek519/warm_starting/vws/../vpc/src/utility/nbspace.cpp:368: Ray 33: Calculated dot product with obj differs from solver's. Obj viol from solver: 8100087.83818471. Calculated: 8100087.83818495.
*** WARNING (version #1531bee): /home/sek519/warm_starting/vws/../vpc/src/utility/nbspace.cpp:368: Ray 100: Calculated dot product with obj differs from solver's. Obj viol from solver: 2455816.16867031. Calculated: 2455816.16867047.
*** WARNING (version #1531bee): /home/sek519/warm_starting/vws/../vpc/src/utility/nbspace.cpp:368: Ray 101: Calculated dot product with obj differs from solver's. Obj viol from solver: 7284891.03169953. Calculated: 7284891.03169976.
*** WARNING (version #1531bee): /home/sek519/warm_starting/vws/../vpc/src/utility/nbspace.cpp:368: Ray 162: Calculated dot product with obj differs from solver's. Obj viol from solver: 4063871.52405971. Calculated: 4063871.52405986.
*** WARNING (version #1531bee): /home/sek519/warm_starting/vws/../vpc/src/utility/nbspace.cpp:368: Ray 163: Calculated dot product with obj differs from solver's. Obj viol from solver: 5807510.41354178. Calculated: 5807510.41354199.
*** WARNING (version #1531bee): /home/sek519/warm_starting/vws/../vpc/src/utility/nbspace.cpp:368: Ray 205: Calculated dot product with obj differs from solver's. Obj viol from solver: 2425135.30623689. Calculated: 2425135.30623700.
*** WARNING (version #1531bee): /home/sek519/warm_starting/vws/../vpc/src/utility/nbspace.cpp:368: Ray 242: Calculated dot product with obj differs from solver's. Obj viol from solver: 941581.70587788. Calculated: 941581.70587804.
*** WARNING (version #1531bee): /home/sek519/warm_starting/vws/../vpc/src/utility/nbspace.cpp:368: Ray 243: Calculated dot product with obj differs from solver's. Obj viol from solver: 4097620.59535995. Calculated: 4097620.59536015.
*** WARNING (version #1531bee): /home/sek519/warm_starting/vws/../vpc/src/utility/nbspace.cpp:368: Ray 307: Calculated dot product with obj differs from solver's. Obj viol from solver: 12343176.41715018. Calculated: 12343176.41715031.
*** WARNING (version #1531bee): /home/sek519/warm_starting/vws/../vpc/src/utility/nbspace.cpp:368: Ray 420: Calculated dot product with obj differs from solver's. Obj viol from solver: 7481034.76110626. Calculated: 7481034.76110640.
*** WARNING (version #1531bee): /home/sek519/warm_starting/vws/../vpc/src/utility/nbspace.cpp:368: Ray 467: Calculated dot product with obj differs from solver's. Obj viol from solver: 1148198.64979152. Calculated: 1148198.64979169.
*** WARNING (version #1531bee): /home/sek519/warm_starting/vws/../vpc/src/utility/nbspace.cpp:368: Ray 468: Calculated dot product with obj differs from solver's. Obj viol from solver: 3463195.17563722. Calculated: 3463195.17563746.
*** WARNING (version #1531bee): /home/sek519/warm_starting/vws/../vpc/src/utility/nbspace.cpp:368: Ray 544: Calculated dot product with obj differs from solver's. Obj viol from solver: 1365835.30623689. Calculated: 1365835.30623700.
*** WARNING (version #1531bee): /home/sek519/warm_starting/vws/../vpc/src/utility/nbspace.cpp:368: Ray 545: Calculated dot product with obj differs from solver's. Obj viol from solver: 1654438.85988933. Calculated: 1654438.85988949.
*** WARNING (version #1531bee): /home/sek519/warm_starting/vws/../vpc/src/utility/nbspace.cpp:368: Ray 546: Calculated dot product with obj differs from solver's. Obj viol from solver: 5966313.87680608. Calculated: 5966313.87680632.
*** WARNING (version #1531bee): /home/sek519/warm_starting/vws/../vpc/src/utility/nbspace.cpp:368: Ray 549: Calculated dot product with obj differs from solver's. Obj viol from solver: 1755514.76042334. Calculated: 1755514.76042351.
*** WARNING (version #1531bee): /home/sek519/warm_starting/vws/../vpc/src/utility/nbspace.cpp:368: Ray 550: Calculated dot product with obj differs from solver's. Obj viol from solver: 6335655.06808723. Calculated: 6335655.06808746.
*** WARNING (version #1531bee): /home/sek519/warm_starting/vws/../vpc/src/utility/nbspace.cpp:368: Ray 555: Calculated dot product with obj differs from solver's. Obj viol from solver: 3921876.90587788. Calculated: 3921876.90587805.
*** WARNING (version #1531bee): /home/sek519/warm_starting/vws/../vpc/src/utility/nbspace.cpp:368: Ray 556: Calculated dot product with obj differs from solver's. Obj viol from solver: 5665515.79535995. Calculated: 5665515.79536016.
*** WARNING (version #1531bee): /home/sek519/warm_starting/vws/../vpc/src/utility/nbspace.cpp:368: Ray 560: Calculated dot product with obj differs from solver's. Obj viol from solver: 6613469.40012820. Calculated: 6613469.40012836.
*** WARNING (version #1531bee): /home/sek519/warm_starting/vws/../vpc/src/utility/nbspace.cpp:368: Ray 566: Calculated dot product with obj differs from solver's. Obj viol from solver: 787240.70730490. Calculated: 787240.70730501.
*** WARNING (version #1531bee): /home/sek519/warm_starting/vws/../vpc/src/utility/nbspace.cpp:368: Ray 571: Calculated dot product with obj differs from solver's. Obj viol from solver: 1003200.47732707. Calculated: 1003200.47732723.
*** WARNING (version #1531bee): /home/sek519/warm_starting/vws/../vpc/src/utility/nbspace.cpp:368: Ray 572: Calculated dot product with obj differs from solver's. Obj viol from solver: 3235523.43172357. Calculated: 3235523.43172380.
*** WARNING (version #1531bee): /home/sek519/warm_starting/vws/../vpc/src/utility/nbspace.cpp:368: Ray 573: Calculated dot product with obj differs from solver's. Obj viol from solver: 1414086.15935533. Calculated: 1414086.15935549.
*** WARNING (version #1531bee): /home/sek519/warm_starting/vws/../vpc/src/utility/nbspace.cpp:368: Ray 574: Calculated dot product with obj differs from solver's. Obj viol from solver: 5707223.43172358. Calculated: 5707223.43172380.
*** WARNING (version #1531bee): /home/sek519/warm_starting/vws/../vpc/src/utility/nbspace.cpp:368: Ray 578: Calculated dot product with obj differs from solver's. Obj viol from solver: 14160210.09006501. Calculated: 14160210.09006516.
*** WARNING (version #1531bee): /home/sek519/warm_starting/vws/../vpc/src/utility/nbspace.cpp:368: Ray 579: Calculated dot product with obj differs from solver's. Obj viol from solver: 1280779.16042334. Calculated: 1280779.16042350.
*** WARNING (version #1531bee): /home/sek519/warm_starting/vws/../vpc/src/utility/nbspace.cpp:368: Ray 580: Calculated dot product with obj differs from solver's. Obj viol from solver: 6107777.16724230. Calculated: 6107777.16724254.
*** WARNING (version #1531bee): /home/sek519/warm_starting/vws/../vpc/src/utility/nbspace.cpp:149: Point: Calculated dot product with obj differs from solver's. Obj viol from solver: 327425.61480334. Calculated: 327425.61480324.
*** WARNING (version #1531bee): /home/sek519/warm_starting/vws/../vpc/src/utility/nbspace.cpp:368: Ray 117: Calculated dot product with obj differs from solver's. Obj viol from solver: 5084405.49624276. Calculated: 5084405.49624288.
*** WARNING (version #1531bee): /home/sek519/warm_starting/vws/../vpc/src/utility/nbspace.cpp:368: Ray 1620: Calculated dot product with obj differs from solver's. Obj viol from solver: 2867436.16918550. Calculated: 2867436.16918539.
*** WARNING (version #1531bee): /home/sek519/warm_starting/vws/../vpc/src/utility/nbspace.cpp:368: Ray 1625: Calculated dot product with obj differs from solver's. Obj viol from solver: 422914.09010887. Calculated: 422914.09010902.
*** WARNING (version #1531bee): /home/sek519/warm_starting/vws/../vpc/src/utility/nbspace.cpp:368: Ray 2907: Calculated dot product with obj differs from solver's. Obj viol from solver: 133802.17985996. Calculated: 133802.17986008.
