*** WARNING (version #c05a931): /home/sek519/warm_starting/vws/../vpc/src/utility/nbspace.cpp:155: Point: Calculated dot product with obj differs from solver's. Obj viol from solver: 457866.29004213. Calculated: 457866.29004202.
*** WARNING (version #c05a931): /home/sek519/warm_starting/vws/../vpc/src/utility/nbspace.cpp:155: Point: Calculated dot product with obj differs from solver's. Obj viol from solver: 916668.70965633. Calculated: 916668.70965611.
*** WARNING (version #c05a931): /home/sek519/warm_starting/vws/../vpc/src/utility/nbspace.cpp:372: Ray 604: Calculated dot product with obj differs from solver's. Obj viol from solver: 6138288.19526809. Calculated: 6138288.19526824.
*** WARNING (version #c05a931): /home/sek519/warm_starting/vws/../vpc/src/utility/nbspace.cpp:155: Point: Calculated dot product with obj differs from solver's. Obj viol from solver: 380672.83610731. Calculated: 380672.83610710.
*** WARNING (version #c05a931): /home/sek519/warm_starting/vws/../vpc/src/utility/nbspace.cpp:372: Ray 153: Calculated dot product with obj differs from solver's. Obj viol from solver: 2137069.14258460. Calculated: 2137069.14258449.
*** WARNING (version #c05a931): /home/sek519/warm_starting/vws/../vpc/src/utility/nbspace.cpp:372: Ray 399: Calculated dot product with obj differs from solver's. Obj viol from solver: 2103561.54258461. Calculated: 2103561.54258449.
*** WARNING (version #c05a931): /home/sek519/warm_starting/vws/../vpc/src/utility/nbspace.cpp:372: Ray 407: Calculated dot product with obj differs from solver's. Obj viol from solver: 1480015.02358655. Calculated: 1480015.02358642.
*** WARNING (version #c05a931): /home/sek519/warm_starting/vws/../vpc/src/utility/nbspace.cpp:372: Ray 576: Calculated dot product with obj differs from solver's. Obj viol from solver: 5413537.26653886. Calculated: 5413537.26653897.
*** WARNING (version #c05a931): /home/sek519/warm_starting/vws/../vpc/src/utility/nbspace.cpp:155: Point: Calculated dot product with obj differs from solver's. Obj viol from solver: 427020.44707859. Calculated: 427020.44707833.
messed up a farkas cofficient
setting all farkas coefficients to 0
*** WARNING (version #c05a931): /home/sek519/warm_starting/vws/../vpc/src/utility/nbspace.cpp:372: Ray 2931: Calculated dot product with obj differs from solver's. Obj viol from solver: 171287.09459234. Calculated: 171287.09459224.
*** WARNING (version #c05a931): /home/sek519/warm_starting/vws/../vpc/src/utility/nbspace.cpp:372: Ray 221: Calculated dot product with obj differs from solver's. Obj viol from solver: 3805236.25324750. Calculated: 3805236.25324740.
*** WARNING (version #c05a931): /home/sek519/warm_starting/vws/../vpc/src/utility/nbspace.cpp:372: Ray 343: Calculated dot product with obj differs from solver's. Obj viol from solver: 7562337.85324749. Calculated: 7562337.85324738.
*** WARNING (version #c05a931): /home/sek519/warm_starting/vws/../vpc/src/utility/nbspace.cpp:372: Ray 580: Calculated dot product with obj differs from solver's. Obj viol from solver: 8142138.57467095. Calculated: 8142138.57467081.
*** WARNING (version #c05a931): /home/sek519/warm_starting/vws/../vpc/src/utility/nbspace.cpp:372: Ray 15: Calculated dot product with obj differs from solver's. Obj viol from solver: 7419533.81250000. Calculated: 7419533.81250018.
*** WARNING (version #c05a931): /home/sek519/warm_starting/vws/../vpc/src/utility/nbspace.cpp:372: Ray 35: Calculated dot product with obj differs from solver's. Obj viol from solver: 6971412.21249996. Calculated: 6971412.21250012.
*** WARNING (version #c05a931): /home/sek519/warm_starting/vws/../vpc/src/utility/nbspace.cpp:372: Ray 47: Calculated dot product with obj differs from solver's. Obj viol from solver: 3869749.09375006. Calculated: 3869749.09374995.
*** WARNING (version #c05a931): /home/sek519/warm_starting/vws/../vpc/src/utility/nbspace.cpp:372: Ray 90: Calculated dot product with obj differs from solver's. Obj viol from solver: 1147862.29163599. Calculated: 1147862.29163620.
*** WARNING (version #c05a931): /home/sek519/warm_starting/vws/../vpc/src/utility/nbspace.cpp:372: Ray 103: Calculated dot product with obj differs from solver's. Obj viol from solver: 5697252.75396721. Calculated: 5697252.75396737.
*** WARNING (version #c05a931): /home/sek519/warm_starting/vws/../vpc/src/utility/nbspace.cpp:372: Ray 165: Calculated dot product with obj differs from solver's. Obj viol from solver: 4323162.21249996. Calculated: 4323162.21250011.
*** WARNING (version #c05a931): /home/sek519/warm_starting/vws/../vpc/src/utility/nbspace.cpp:372: Ray 245: Calculated dot product with obj differs from solver's. Obj viol from solver: 4323162.21249995. Calculated: 4323162.21250011.
*** WARNING (version #c05a931): /home/sek519/warm_starting/vws/../vpc/src/utility/nbspace.cpp:372: Ray 309: Calculated dot product with obj differs from solver's. Obj viol from solver: 9965114.61249996. Calculated: 9965114.61250011.
*** WARNING (version #c05a931): /home/sek519/warm_starting/vws/../vpc/src/utility/nbspace.cpp:372: Ray 321: Calculated dot product with obj differs from solver's. Obj viol from solver: 4771283.81249999. Calculated: 4771283.81250016.
*** WARNING (version #c05a931): /home/sek519/warm_starting/vws/../vpc/src/utility/nbspace.cpp:372: Ray 329: Calculated dot product with obj differs from solver's. Obj viol from solver: 5300933.81250000. Calculated: 5300933.81250015.
*** WARNING (version #c05a931): /home/sek519/warm_starting/vws/../vpc/src/utility/nbspace.cpp:372: Ray 335: Calculated dot product with obj differs from solver's. Obj viol from solver: 5300933.81250000. Calculated: 5300933.81250016.
*** WARNING (version #c05a931): /home/sek519/warm_starting/vws/../vpc/src/utility/nbspace.cpp:372: Ray 422: Calculated dot product with obj differs from solver's. Obj viol from solver: 4323162.21249995. Calculated: 4323162.21250010.
*** WARNING (version #c05a931): /home/sek519/warm_starting/vws/../vpc/src/utility/nbspace.cpp:372: Ray 470: Calculated dot product with obj differs from solver's. Obj viol from solver: 5643917.21249997. Calculated: 5643917.21250012.
*** WARNING (version #c05a931): /home/sek519/warm_starting/vws/../vpc/src/utility/nbspace.cpp:372: Ray 548: Calculated dot product with obj differs from solver's. Obj viol from solver: 5912112.21249996. Calculated: 5912112.21250011.
*** WARNING (version #c05a931): /home/sek519/warm_starting/vws/../vpc/src/utility/nbspace.cpp:372: Ray 552: Calculated dot product with obj differs from solver's. Obj viol from solver: 4890749.01249996. Calculated: 4890749.01250011.
*** WARNING (version #c05a931): /home/sek519/warm_starting/vws/../vpc/src/utility/nbspace.cpp:372: Ray 553: Calculated dot product with obj differs from solver's. Obj viol from solver: 1839118.27395829. Calculated: 1839118.27395840.
*** WARNING (version #c05a931): /home/sek519/warm_starting/vws/../vpc/src/utility/nbspace.cpp:372: Ray 554: Calculated dot product with obj differs from solver's. Obj viol from solver: 2743358.82708328. Calculated: 2743358.82708342.
*** WARNING (version #c05a931): /home/sek519/warm_starting/vws/../vpc/src/utility/nbspace.cpp:372: Ray 558: Calculated dot product with obj differs from solver's. Obj viol from solver: 4289654.61249996. Calculated: 4289654.61250012.
*** WARNING (version #c05a931): /home/sek519/warm_starting/vws/../vpc/src/utility/nbspace.cpp:372: Ray 562: Calculated dot product with obj differs from solver's. Obj viol from solver: 5912112.21249996. Calculated: 5912112.21250011.
*** WARNING (version #c05a931): /home/sek519/warm_starting/vws/../vpc/src/utility/nbspace.cpp:372: Ray 568: Calculated dot product with obj differs from solver's. Obj viol from solver: 5724083.01249996. Calculated: 5724083.01250012.
*** WARNING (version #c05a931): /home/sek519/warm_starting/vws/../vpc/src/utility/nbspace.cpp:372: Ray 576: Calculated dot product with obj differs from solver's. Obj viol from solver: 5693030.61249995. Calculated: 5693030.61250012.
*** WARNING (version #c05a931): /home/sek519/warm_starting/vws/../vpc/src/utility/nbspace.cpp:372: Ray 580: Calculated dot product with obj differs from solver's. Obj viol from solver: 8235677.02222227. Calculated: 8235677.02222217.
*** WARNING (version #c05a931): /home/sek519/warm_starting/vws/../vpc/src/utility/nbspace.cpp:372: Ray 660: Calculated dot product with obj differs from solver's. Obj viol from solver: 1751149.09375006. Calculated: 1751149.09374994.
*** WARNING (version #c05a931): /home/sek519/warm_starting/vws/../vpc/src/utility/nbspace.cpp:372: Ray 668: Calculated dot product with obj differs from solver's. Obj viol from solver: 6560123.40416672. Calculated: 6560123.40416661.
*** WARNING (version #c05a931): /home/sek519/warm_starting/vws/../vpc/src/utility/nbspace.cpp:372: Ray 672: Calculated dot product with obj differs from solver's. Obj viol from solver: 3086927.31597229. Calculated: 3086927.31597217.
*** WARNING (version #c05a931): /home/sek519/warm_starting/vws/../vpc/src/utility/nbspace.cpp:372: Ray 1636: Calculated dot product with obj differs from solver's. Obj viol from solver: 747465.15625005. Calculated: 747465.15624994.
messed up a farkas cofficient
setting all farkas coefficients to 0
messed up a farkas cofficient
setting all farkas coefficients to 0
messed up a farkas cofficient
setting all farkas coefficients to 0
messed up a farkas cofficient
setting all farkas coefficients to 0
messed up a farkas cofficient
setting all farkas coefficients to 0
messed up a farkas cofficient
setting all farkas coefficients to 0
messed up a farkas cofficient
setting all farkas coefficients to 0
*** WARNING (version #c05a931): /home/sek519/warm_starting/vws/../vpc/src/utility/nbspace.cpp:372: Ray 459: Calculated dot product with obj differs from solver's. Obj viol from solver: 7777406.94917689. Calculated: 7777406.94917699.
*** WARNING (version #c05a931): /home/sek519/warm_starting/vws/../vpc/src/utility/nbspace.cpp:372: Ray 772: Calculated dot product with obj differs from solver's. Obj viol from solver: 1535405.55121111. Calculated: 1535405.55121125.
*** WARNING (version #c05a931): /home/sek519/warm_starting/vws/../vpc/src/utility/nbspace.cpp:372: Ray 19: Calculated dot product with obj differs from solver's. Obj viol from solver: 1515290.28117872. Calculated: 1515290.28117862.
*** WARNING (version #c05a931): /home/sek519/warm_starting/vws/../vpc/src/utility/nbspace.cpp:372: Ray 25: Calculated dot product with obj differs from solver's. Obj viol from solver: 3412876.27143384. Calculated: 3412876.27143366.
*** WARNING (version #c05a931): /home/sek519/warm_starting/vws/../vpc/src/utility/nbspace.cpp:372: Ray 73: Calculated dot product with obj differs from solver's. Obj viol from solver: 2422201.63610298. Calculated: 2422201.63610287.
*** WARNING (version #c05a931): /home/sek519/warm_starting/vws/../vpc/src/utility/nbspace.cpp:372: Ray 94: Calculated dot product with obj differs from solver's. Obj viol from solver: 1684841.72369372. Calculated: 1684841.72369385.
*** WARNING (version #c05a931): /home/sek519/warm_starting/vws/../vpc/src/utility/nbspace.cpp:372: Ray 95: Calculated dot product with obj differs from solver's. Obj viol from solver: 4569352.10130927. Calculated: 4569352.10130954.
*** WARNING (version #c05a931): /home/sek519/warm_starting/vws/../vpc/src/utility/nbspace.cpp:372: Ray 156: Calculated dot product with obj differs from solver's. Obj viol from solver: 2214491.72369372. Calculated: 2214491.72369385.
*** WARNING (version #c05a931): /home/sek519/warm_starting/vws/../vpc/src/utility/nbspace.cpp:372: Ray 157: Calculated dot product with obj differs from solver's. Obj viol from solver: 3369683.44738744. Calculated: 3369683.44738770.
*** WARNING (version #c05a931): /home/sek519/warm_starting/vws/../vpc/src/utility/nbspace.cpp:372: Ray 237: Calculated dot product with obj differs from solver's. Obj viol from solver: 1939139.32369372. Calculated: 1939139.32369385.
*** WARNING (version #c05a931): /home/sek519/warm_starting/vws/../vpc/src/utility/nbspace.cpp:372: Ray 316: Calculated dot product with obj differs from solver's. Obj viol from solver: 2128752.95514154. Calculated: 2128752.95514143.
*** WARNING (version #c05a931): /home/sek519/warm_starting/vws/../vpc/src/utility/nbspace.cpp:372: Ray 317: Calculated dot product with obj differs from solver's. Obj viol from solver: 3150675.38328123. Calculated: 3150675.38328108.
*** WARNING (version #c05a931): /home/sek519/warm_starting/vws/../vpc/src/utility/nbspace.cpp:372: Ray 335: Calculated dot product with obj differs from solver's. Obj viol from solver: 5751626.67008189. Calculated: 5751626.67008178.
*** WARNING (version #c05a931): /home/sek519/warm_starting/vws/../vpc/src/utility/nbspace.cpp:372: Ray 346: Calculated dot product with obj differs from solver's. Obj viol from solver: 226977.66836170. Calculated: 226977.66836160.
*** WARNING (version #c05a931): /home/sek519/warm_starting/vws/../vpc/src/utility/nbspace.cpp:372: Ray 347: Calculated dot product with obj differs from solver's. Obj viol from solver: 40394.12083424. Calculated: 40394.12083402.
*** WARNING (version #c05a931): /home/sek519/warm_starting/vws/../vpc/src/utility/nbspace.cpp:372: Ray 413: Calculated dot product with obj differs from solver's. Obj viol from solver: 433758.27630628. Calculated: 433758.27630617.
*** WARNING (version #c05a931): /home/sek519/warm_starting/vws/../vpc/src/utility/nbspace.cpp:372: Ray 414: Calculated dot product with obj differs from solver's. Obj viol from solver: 1099694.12083424. Calculated: 1099694.12083403.
*** WARNING (version #c05a931): /home/sek519/warm_starting/vws/../vpc/src/utility/nbspace.cpp:372: Ray 452: Calculated dot product with obj differs from solver's. Obj viol from solver: 8608895.35261256. Calculated: 8608895.35261217.
*** WARNING (version #c05a931): /home/sek519/warm_starting/vws/../vpc/src/utility/nbspace.cpp:372: Ray 465: Calculated dot product with obj differs from solver's. Obj viol from solver: 625541.72369372. Calculated: 625541.72369385.
*** WARNING (version #c05a931): /home/sek519/warm_starting/vws/../vpc/src/utility/nbspace.cpp:372: Ray 466: Calculated dot product with obj differs from solver's. Obj viol from solver: 191783.44738744. Calculated: 191783.44738770.
*** WARNING (version #c05a931): /home/sek519/warm_starting/vws/../vpc/src/utility/nbspace.cpp:372: Ray 467: Calculated dot product with obj differs from solver's. Obj viol from solver: 412703.47630629. Calculated: 412703.47630616.
*** WARNING (version #c05a931): /home/sek519/warm_starting/vws/../vpc/src/utility/nbspace.cpp:372: Ray 469: Calculated dot product with obj differs from solver's. Obj viol from solver: 625541.72369372. Calculated: 625541.72369385.
*** WARNING (version #c05a931): /home/sek519/warm_starting/vws/../vpc/src/utility/nbspace.cpp:372: Ray 470: Calculated dot product with obj differs from solver's. Obj viol from solver: 2669633.80963566. Calculated: 2669633.80963587.
*** WARNING (version #c05a931): /home/sek519/warm_starting/vws/../vpc/src/utility/nbspace.cpp:372: Ray 471: Calculated dot product with obj differs from solver's. Obj viol from solver: 1155191.72369372. Calculated: 1155191.72369385.
*** WARNING (version #c05a931): /home/sek519/warm_starting/vws/../vpc/src/utility/nbspace.cpp:372: Ray 474: Calculated dot product with obj differs from solver's. Obj viol from solver: 625541.72369372. Calculated: 625541.72369385.
*** WARNING (version #c05a931): /home/sek519/warm_starting/vws/../vpc/src/utility/nbspace.cpp:372: Ray 475: Calculated dot product with obj differs from solver's. Obj viol from solver: 2214491.72369372. Calculated: 2214491.72369385.
*** WARNING (version #c05a931): /home/sek519/warm_starting/vws/../vpc/src/utility/nbspace.cpp:372: Ray 478: Calculated dot product with obj differs from solver's. Obj viol from solver: 3935774.35294644. Calculated: 3935774.35294623.
*** WARNING (version #c05a931): /home/sek519/warm_starting/vws/../vpc/src/utility/nbspace.cpp:372: Ray 479: Calculated dot product with obj differs from solver's. Obj viol from solver: 1332753.85173656. Calculated: 1332753.85173644.
*** WARNING (version #c05a931): /home/sek519/warm_starting/vws/../vpc/src/utility/nbspace.cpp:372: Ray 480: Calculated dot product with obj differs from solver's. Obj viol from solver: 1663695.54998104. Calculated: 1663695.54998092.
*** WARNING (version #c05a931): /home/sek519/warm_starting/vws/../vpc/src/utility/nbspace.cpp:372: Ray 482: Calculated dot product with obj differs from solver's. Obj viol from solver: 1745432.90494508. Calculated: 1745432.90494488.
*** WARNING (version #c05a931): /home/sek519/warm_starting/vws/../vpc/src/utility/nbspace.cpp:372: Ray 484: Calculated dot product with obj differs from solver's. Obj viol from solver: 880897.76542042. Calculated: 880897.76542060.
*** WARNING (version #c05a931): /home/sek519/warm_starting/vws/../vpc/src/utility/nbspace.cpp:372: Ray 486: Calculated dot product with obj differs from solver's. Obj viol from solver: 1622524.33023358. Calculated: 1622524.33023377.
*** WARNING (version #c05a931): /home/sek519/warm_starting/vws/../vpc/src/utility/nbspace.cpp:372: Ray 487: Calculated dot product with obj differs from solver's. Obj viol from solver: 7662304.72416084. Calculated: 7662304.72416073.
*** WARNING (version #c05a931): /home/sek519/warm_starting/vws/../vpc/src/utility/nbspace.cpp:372: Ray 490: Calculated dot product with obj differs from solver's. Obj viol from solver: 3227396.95261255. Calculated: 3227396.95261219.
*** WARNING (version #c05a931): /home/sek519/warm_starting/vws/../vpc/src/utility/nbspace.cpp:372: Ray 491: Calculated dot product with obj differs from solver's. Obj viol from solver: 2476163.95376841. Calculated: 2476163.95376829.
*** WARNING (version #c05a931): /home/sek519/warm_starting/vws/../vpc/src/utility/nbspace.cpp:372: Ray 492: Calculated dot product with obj differs from solver's. Obj viol from solver: 4775777.90753682. Calculated: 4775777.90753656.
*** WARNING (version #c05a931): /home/sek519/warm_starting/vws/../vpc/src/utility/nbspace.cpp:372: Ray 546: Calculated dot product with obj differs from solver's. Obj viol from solver: 5226721.93634230. Calculated: 5226721.93634220.
*** WARNING (version #c05a931): /home/sek519/warm_starting/vws/../vpc/src/utility/nbspace.cpp:372: Ray 604: Calculated dot product with obj differs from solver's. Obj viol from solver: 5576902.28835327. Calculated: 5576902.28835315.
*** WARNING (version #c05a931): /home/sek519/warm_starting/vws/../vpc/src/utility/nbspace.cpp:372: Ray 780: Calculated dot product with obj differs from solver's. Obj viol from solver: 4279702.23777039. Calculated: 4279702.23777026.
*** WARNING (version #c05a931): /home/sek519/warm_starting/vws/../vpc/src/utility/nbspace.cpp:372: Ray 1130: Calculated dot product with obj differs from solver's. Obj viol from solver: 1014590.11096910. Calculated: 1014590.11096921.
*** WARNING (version #c05a931): /home/sek519/warm_starting/vws/../vpc/src/utility/nbspace.cpp:372: Ray 1568: Calculated dot product with obj differs from solver's. Obj viol from solver: 592103.52657927. Calculated: 592103.52657909.
*** WARNING (version #c05a931): /home/sek519/warm_starting/vws/../vpc/src/utility/nbspace.cpp:372: Ray 1629: Calculated dot product with obj differs from solver's. Obj viol from solver: 1351916.53958288. Calculated: 1351916.53958300.
*** WARNING (version #c05a931): /home/sek519/warm_starting/vws/../vpc/src/utility/nbspace.cpp:155: Point: Calculated dot product with obj differs from solver's. Obj viol from solver: 758993.30733460. Calculated: 758993.30733447.
*** WARNING (version #c05a931): /home/sek519/warm_starting/vws/../vpc/src/utility/nbspace.cpp:372: Ray 25: Calculated dot product with obj differs from solver's. Obj viol from solver: 3283299.98966073. Calculated: 3283299.98966055.
*** WARNING (version #c05a931): /home/sek519/warm_starting/vws/../vpc/src/utility/nbspace.cpp:372: Ray 94: Calculated dot product with obj differs from solver's. Obj viol from solver: 1662880.97422293. Calculated: 1662880.97422304.
*** WARNING (version #c05a931): /home/sek519/warm_starting/vws/../vpc/src/utility/nbspace.cpp:372: Ray 95: Calculated dot product with obj differs from solver's. Obj viol from solver: 4750917.94303114. Calculated: 4750917.94303137.
*** WARNING (version #c05a931): /home/sek519/warm_starting/vws/../vpc/src/utility/nbspace.cpp:372: Ray 237: Calculated dot product with obj differs from solver's. Obj viol from solver: 1471566.56700330. Calculated: 1471566.56700341.
*** WARNING (version #c05a931): /home/sek519/warm_starting/vws/../vpc/src/utility/nbspace.cpp:372: Ray 347: Calculated dot product with obj differs from solver's. Obj viol from solver: 359467.98403652. Calculated: 359467.98403634.
*** WARNING (version #c05a931): /home/sek519/warm_starting/vws/../vpc/src/utility/nbspace.cpp:372: Ray 414: Calculated dot product with obj differs from solver's. Obj viol from solver: 1129950.59513211. Calculated: 1129950.59513191.
*** WARNING (version #c05a931): /home/sek519/warm_starting/vws/../vpc/src/utility/nbspace.cpp:372: Ray 452: Calculated dot product with obj differs from solver's. Obj viol from solver: 8728201.58966075. Calculated: 8728201.58966055.
*** WARNING (version #c05a931): /home/sek519/warm_starting/vws/../vpc/src/utility/nbspace.cpp:372: Ray 465: Calculated dot product with obj differs from solver's. Obj viol from solver: 603580.97422293. Calculated: 603580.97422304.
*** WARNING (version #c05a931): /home/sek519/warm_starting/vws/../vpc/src/utility/nbspace.cpp:372: Ray 466: Calculated dot product with obj differs from solver's. Obj viol from solver: 147861.94844587. Calculated: 147861.94844608.
*** WARNING (version #c05a931): /home/sek519/warm_starting/vws/../vpc/src/utility/nbspace.cpp:372: Ray 467: Calculated dot product with obj differs from solver's. Obj viol from solver: 466236.06661875. Calculated: 466236.06661862.
*** WARNING (version #c05a931): /home/sek519/warm_starting/vws/../vpc/src/utility/nbspace.cpp:372: Ray 469: Calculated dot product with obj differs from solver's. Obj viol from solver: 603580.97422294. Calculated: 603580.97422304.
*** WARNING (version #c05a931): /home/sek519/warm_starting/vws/../vpc/src/utility/nbspace.cpp:372: Ray 470: Calculated dot product with obj differs from solver's. Obj viol from solver: 2679586.39540874. Calculated: 2679586.39540897.
*** WARNING (version #c05a931): /home/sek519/warm_starting/vws/../vpc/src/utility/nbspace.cpp:372: Ray 471: Calculated dot product with obj differs from solver's. Obj viol from solver: 1133230.97422293. Calculated: 1133230.97422304.
*** WARNING (version #c05a931): /home/sek519/warm_starting/vws/../vpc/src/utility/nbspace.cpp:372: Ray 474: Calculated dot product with obj differs from solver's. Obj viol from solver: 637248.33745175. Calculated: 637248.33745186.
*** WARNING (version #c05a931): /home/sek519/warm_starting/vws/../vpc/src/utility/nbspace.cpp:372: Ray 475: Calculated dot product with obj differs from solver's. Obj viol from solver: 2192530.97422293. Calculated: 2192530.97422304.
*** WARNING (version #c05a931): /home/sek519/warm_starting/vws/../vpc/src/utility/nbspace.cpp:372: Ray 478: Calculated dot product with obj differs from solver's. Obj viol from solver: 3988172.78966075. Calculated: 3988172.78966056.
*** WARNING (version #c05a931): /home/sek519/warm_starting/vws/../vpc/src/utility/nbspace.cpp:372: Ray 482: Calculated dot product with obj differs from solver's. Obj viol from solver: 1743559.47500554. Calculated: 1743559.47500536.
*** WARNING (version #c05a931): /home/sek519/warm_starting/vws/../vpc/src/utility/nbspace.cpp:372: Ray 484: Calculated dot product with obj differs from solver's. Obj viol from solver: 974985.77422293. Calculated: 974985.77422304.
*** WARNING (version #c05a931): /home/sek519/warm_starting/vws/../vpc/src/utility/nbspace.cpp:372: Ray 486: Calculated dot product with obj differs from solver's. Obj viol from solver: 1636217.34939226. Calculated: 1636217.34939243.
*** WARNING (version #c05a931): /home/sek519/warm_starting/vws/../vpc/src/utility/nbspace.cpp:372: Ray 490: Calculated dot product with obj differs from solver's. Obj viol from solver: 3353326.14814161. Calculated: 3353326.14814144.
*** WARNING (version #c05a931): /home/sek519/warm_starting/vws/../vpc/src/utility/nbspace.cpp:372: Ray 492: Calculated dot product with obj differs from solver's. Obj viol from solver: 5047472.78966075. Calculated: 5047472.78966056.
*** WARNING (version #c05a931): /home/sek519/warm_starting/vws/../vpc/src/utility/nbspace.cpp:372: Ray 1568: Calculated dot product with obj differs from solver's. Obj viol from solver: 590924.85695922. Calculated: 590924.85695907.
*** WARNING (version #c05a931): /home/sek519/warm_starting/vws/../vpc/src/utility/nbspace.cpp:372: Ray 1629: Calculated dot product with obj differs from solver's. Obj viol from solver: 1336788.30243394. Calculated: 1336788.30243405.
messed up a farkas cofficient
setting all farkas coefficients to 0
messed up a farkas cofficient
setting all farkas coefficients to 0
messed up a farkas cofficient
setting all farkas coefficients to 0
messed up a farkas cofficient
setting all farkas coefficients to 0
messed up a farkas cofficient
setting all farkas coefficients to 0
messed up a farkas cofficient
setting all farkas coefficients to 0
messed up a farkas cofficient
setting all farkas coefficients to 0
messed up a farkas cofficient
setting all farkas coefficients to 0
messed up a farkas cofficient
setting all farkas coefficients to 0
messed up a farkas cofficient
setting all farkas coefficients to 0
messed up a farkas cofficient
setting all farkas coefficients to 0
messed up a farkas cofficient
setting all farkas coefficients to 0
messed up a farkas cofficient
setting all farkas coefficients to 0
messed up a farkas cofficient
setting all farkas coefficients to 0
messed up a farkas cofficient
setting all farkas coefficients to 0
messed up a farkas cofficient
setting all farkas coefficients to 0
messed up a farkas cofficient
setting all farkas coefficients to 0
messed up a farkas cofficient
setting all farkas coefficients to 0
messed up a farkas cofficient
setting all farkas coefficients to 0
messed up a farkas cofficient
setting all farkas coefficients to 0
messed up a farkas cofficient
setting all farkas coefficients to 0
messed up a farkas cofficient
setting all farkas coefficients to 0
messed up a farkas cofficient
setting all farkas coefficients to 0
messed up a farkas cofficient
setting all farkas coefficients to 0
messed up a farkas cofficient
setting all farkas coefficients to 0
messed up a farkas cofficient
setting all farkas coefficients to 0
messed up a farkas cofficient
setting all farkas coefficients to 0
messed up a farkas cofficient
setting all farkas coefficients to 0
messed up a farkas cofficient
setting all farkas coefficients to 0
messed up a farkas cofficient
setting all farkas coefficients to 0
messed up a farkas cofficient
setting all farkas coefficients to 0
messed up a farkas cofficient
setting all farkas coefficients to 0
messed up a farkas cofficient
setting all farkas coefficients to 0
messed up a farkas cofficient
setting all farkas coefficients to 0
messed up a farkas cofficient
setting all farkas coefficients to 0
messed up a farkas cofficient
setting all farkas coefficients to 0
messed up a farkas cofficient
setting all farkas coefficients to 0
messed up a farkas cofficient
setting all farkas coefficients to 0
messed up a farkas cofficient
setting all farkas coefficients to 0
messed up a farkas cofficient
setting all farkas coefficients to 0
messed up a farkas cofficient
setting all farkas coefficients to 0
messed up a farkas cofficient
setting all farkas coefficients to 0
messed up a farkas cofficient
setting all farkas coefficients to 0
messed up a farkas cofficient
setting all farkas coefficients to 0
messed up a farkas cofficient
setting all farkas coefficients to 0
messed up a farkas cofficient
setting all farkas coefficients to 0
messed up a farkas cofficient
setting all farkas coefficients to 0
messed up a farkas cofficient
setting all farkas coefficients to 0
messed up a farkas cofficient
setting all farkas coefficients to 0
messed up a farkas cofficient
setting all farkas coefficients to 0
messed up a farkas cofficient
setting all farkas coefficients to 0
messed up a farkas cofficient
setting all farkas coefficients to 0
messed up a farkas cofficient
setting all farkas coefficients to 0
messed up a farkas cofficient
setting all farkas coefficients to 0
messed up a farkas cofficient
setting all farkas coefficients to 0
messed up a farkas cofficient
setting all farkas coefficients to 0
messed up a farkas cofficient
setting all farkas coefficients to 0
messed up a farkas cofficient
setting all farkas coefficients to 0
messed up a farkas cofficient
setting all farkas coefficients to 0
messed up a farkas cofficient
setting all farkas coefficients to 0
messed up a farkas cofficient
setting all farkas coefficients to 0
messed up a farkas cofficient
setting all farkas coefficients to 0
messed up a farkas cofficient
setting all farkas coefficients to 0
messed up a farkas cofficient
setting all farkas coefficients to 0
messed up a farkas cofficient
setting all farkas coefficients to 0
messed up a farkas cofficient
setting all farkas coefficients to 0
messed up a farkas cofficient
setting all farkas coefficients to 0
messed up a farkas cofficient
setting all farkas coefficients to 0
messed up a farkas cofficient
setting all farkas coefficients to 0
messed up a farkas cofficient
setting all farkas coefficients to 0
messed up a farkas cofficient
setting all farkas coefficients to 0
messed up a farkas cofficient
setting all farkas coefficients to 0
messed up a farkas cofficient
setting all farkas coefficients to 0
*** WARNING (version #c05a931): /home/sek519/warm_starting/vws/../vpc/src/utility/nbspace.cpp:372: Ray 12: Calculated dot product with obj differs from solver's. Obj viol from solver: 1806481.32606222. Calculated: 1806481.32606245.
*** WARNING (version #c05a931): /home/sek519/warm_starting/vws/../vpc/src/utility/nbspace.cpp:372: Ray 13: Calculated dot product with obj differs from solver's. Obj viol from solver: 5872095.30371197. Calculated: 5872095.30371232.
*** WARNING (version #c05a931): /home/sek519/warm_starting/vws/../vpc/src/utility/nbspace.cpp:372: Ray 79: Calculated dot product with obj differs from solver's. Obj viol from solver: 9018124.13691474. Calculated: 9018124.13691485.
*** WARNING (version #c05a931): /home/sek519/warm_starting/vws/../vpc/src/utility/nbspace.cpp:372: Ray 84: Calculated dot product with obj differs from solver's. Obj viol from solver: 5555921.60810016. Calculated: 5555921.60810030.
*** WARNING (version #c05a931): /home/sek519/warm_starting/vws/../vpc/src/utility/nbspace.cpp:372: Ray 85: Calculated dot product with obj differs from solver's. Obj viol from solver: 10135958.48892759. Calculated: 10135958.48892789.
*** WARNING (version #c05a931): /home/sek519/warm_starting/vws/../vpc/src/utility/nbspace.cpp:372: Ray 90: Calculated dot product with obj differs from solver's. Obj viol from solver: 3379911.67066204. Calculated: 3379911.67066218.
*** WARNING (version #c05a931): /home/sek519/warm_starting/vws/../vpc/src/utility/nbspace.cpp:372: Ray 91: Calculated dot product with obj differs from solver's. Obj viol from solver: 8298855.29876150. Calculated: 8298855.29876168.
*** WARNING (version #c05a931): /home/sek519/warm_starting/vws/../vpc/src/utility/nbspace.cpp:372: Ray 99: Calculated dot product with obj differs from solver's. Obj viol from solver: 4401273.29865784. Calculated: 4401273.29865799.
*** WARNING (version #c05a931): /home/sek519/warm_starting/vws/../vpc/src/utility/nbspace.cpp:372: Ray 103: Calculated dot product with obj differs from solver's. Obj viol from solver: 5464184.02186163. Calculated: 5464184.02186180.
*** WARNING (version #c05a931): /home/sek519/warm_starting/vws/../vpc/src/utility/nbspace.cpp:372: Ray 117: Calculated dot product with obj differs from solver's. Obj viol from solver: 7515696.40613505. Calculated: 7515696.40613516.
*** WARNING (version #c05a931): /home/sek519/warm_starting/vws/../vpc/src/utility/nbspace.cpp:372: Ray 120: Calculated dot product with obj differs from solver's. Obj viol from solver: 5555921.60810016. Calculated: 5555921.60810031.
*** WARNING (version #c05a931): /home/sek519/warm_starting/vws/../vpc/src/utility/nbspace.cpp:372: Ray 121: Calculated dot product with obj differs from solver's. Obj viol from solver: 9656916.05860723. Calculated: 9656916.05860749.
*** WARNING (version #c05a931): /home/sek519/warm_starting/vws/../vpc/src/utility/nbspace.cpp:372: Ray 127: Calculated dot product with obj differs from solver's. Obj viol from solver: 7958824.13691474. Calculated: 7958824.13691485.
*** WARNING (version #c05a931): /home/sek519/warm_starting/vws/../vpc/src/utility/nbspace.cpp:372: Ray 146: Calculated dot product with obj differs from solver's. Obj viol from solver: 705473.68969858. Calculated: 705473.68969883.
*** WARNING (version #c05a931): /home/sek519/warm_starting/vws/../vpc/src/utility/nbspace.cpp:372: Ray 147: Calculated dot product with obj differs from solver's. Obj viol from solver: 3687306.35151745. Calculated: 3687306.35151781.
*** WARNING (version #c05a931): /home/sek519/warm_starting/vws/../vpc/src/utility/nbspace.cpp:372: Ray 204: Calculated dot product with obj differs from solver's. Obj viol from solver: 1589635.78583512. Calculated: 1589635.78583502.
*** WARNING (version #c05a931): /home/sek519/warm_starting/vws/../vpc/src/utility/nbspace.cpp:372: Ray 205: Calculated dot product with obj differs from solver's. Obj viol from solver: 2119971.57167024. Calculated: 2119971.57167003.
*** WARNING (version #c05a931): /home/sek519/warm_starting/vws/../vpc/src/utility/nbspace.cpp:372: Ray 226: Calculated dot product with obj differs from solver's. Obj viol from solver: 1467283.87151676. Calculated: 1467283.87151702.
*** WARNING (version #c05a931): /home/sek519/warm_starting/vws/../vpc/src/utility/nbspace.cpp:372: Ray 227: Calculated dot product with obj differs from solver's. Obj viol from solver: 4449116.53333563. Calculated: 4449116.53333599.
*** WARNING (version #c05a931): /home/sek519/warm_starting/vws/../vpc/src/utility/nbspace.cpp:372: Ray 301: Calculated dot product with obj differs from solver's. Obj viol from solver: 3403459.60035886. Calculated: 3403459.60035901.
*** WARNING (version #c05a931): /home/sek519/warm_starting/vws/../vpc/src/utility/nbspace.cpp:372: Ray 317: Calculated dot product with obj differs from solver's. Obj viol from solver: 3120934.83299474. Calculated: 3120934.83299462.
*** WARNING (version #c05a931): /home/sek519/warm_starting/vws/../vpc/src/utility/nbspace.cpp:372: Ray 318: Calculated dot product with obj differs from solver's. Obj viol from solver: 3469775.02545524. Calculated: 3469775.02545534.
*** WARNING (version #c05a931): /home/sek519/warm_starting/vws/../vpc/src/utility/nbspace.cpp:372: Ray 319: Calculated dot product with obj differs from solver's. Obj viol from solver: 5963665.32363774. Calculated: 5963665.32363796.
*** WARNING (version #c05a931): /home/sek519/warm_starting/vws/../vpc/src/utility/nbspace.cpp:372: Ray 322: Calculated dot product with obj differs from solver's. Obj viol from solver: 302452.18583512. Calculated: 302452.18583502.
*** WARNING (version #c05a931): /home/sek519/warm_starting/vws/../vpc/src/utility/nbspace.cpp:372: Ray 323: Calculated dot product with obj differs from solver's. Obj viol from solver: 1054745.98583512. Calculated: 1054745.98583501.
*** WARNING (version #c05a931): /home/sek519/warm_starting/vws/../vpc/src/utility/nbspace.cpp:372: Ray 326: Calculated dot product with obj differs from solver's. Obj viol from solver: 2113487.52606222. Calculated: 2113487.52606247.
*** WARNING (version #c05a931): /home/sek519/warm_starting/vws/../vpc/src/utility/nbspace.cpp:372: Ray 327: Calculated dot product with obj differs from solver's. Obj viol from solver: 3724627.82424473. Calculated: 3724627.82424508.
*** WARNING (version #c05a931): /home/sek519/warm_starting/vws/../vpc/src/utility/nbspace.cpp:372: Ray 331: Calculated dot product with obj differs from solver's. Obj viol from solver: 5880250.05091047. Calculated: 5880250.05091069.
*** WARNING (version #c05a931): /home/sek519/warm_starting/vws/../vpc/src/utility/nbspace.cpp:372: Ray 332: Calculated dot product with obj differs from solver's. Obj viol from solver: 2113487.52606222. Calculated: 2113487.52606245.
*** WARNING (version #c05a931): /home/sek519/warm_starting/vws/../vpc/src/utility/nbspace.cpp:372: Ray 333: Calculated dot product with obj differs from solver's. Obj viol from solver: 3901813.44610934. Calculated: 3901813.44610969.
*** WARNING (version #c05a931): /home/sek519/warm_starting/vws/../vpc/src/utility/nbspace.cpp:372: Ray 337: Calculated dot product with obj differs from solver's. Obj viol from solver: 1609507.76978898. Calculated: 1609507.76978884.
*** WARNING (version #c05a931): /home/sek519/warm_starting/vws/../vpc/src/utility/nbspace.cpp:372: Ray 338: Calculated dot product with obj differs from solver's. Obj viol from solver: 1806481.32606222. Calculated: 1806481.32606247.
*** WARNING (version #c05a931): /home/sek519/warm_starting/vws/../vpc/src/utility/nbspace.cpp:372: Ray 339: Calculated dot product with obj differs from solver's. Obj viol from solver: 3226090.64015380. Calculated: 3226090.64015418.
*** WARNING (version #c05a931): /home/sek519/warm_starting/vws/../vpc/src/utility/nbspace.cpp:372: Ray 341: Calculated dot product with obj differs from solver's. Obj viol from solver: 12946062.12363774. Calculated: 12946062.12363795.
*** WARNING (version #c05a931): /home/sek519/warm_starting/vws/../vpc/src/utility/nbspace.cpp:372: Ray 342: Calculated dot product with obj differs from solver's. Obj viol from solver: 1806481.32606221. Calculated: 1806481.32606245.
*** WARNING (version #c05a931): /home/sek519/warm_starting/vws/../vpc/src/utility/nbspace.cpp:372: Ray 343: Calculated dot product with obj differs from solver's. Obj viol from solver: 6537366.34655878. Calculated: 6537366.34655914.
*** WARNING (version #c05a931): /home/sek519/warm_starting/vws/../vpc/src/utility/nbspace.cpp:372: Ray 520: Calculated dot product with obj differs from solver's. Obj viol from solver: 751608.01416488. Calculated: 751608.01416498.
*** WARNING (version #c05a931): /home/sek519/warm_starting/vws/../vpc/src/utility/nbspace.cpp:372: Ray 536: Calculated dot product with obj differs from solver's. Obj viol from solver: 322548.07747379. Calculated: 322548.07747393.
*** WARNING (version #c05a931): /home/sek519/warm_starting/vws/../vpc/src/utility/nbspace.cpp:372: Ray 543: Calculated dot product with obj differs from solver's. Obj viol from solver: 1059985.78583512. Calculated: 1059985.78583502.
*** WARNING (version #c05a931): /home/sek519/warm_starting/vws/../vpc/src/utility/nbspace.cpp:372: Ray 544: Calculated dot product with obj differs from solver's. Obj viol from solver: 1060671.57167024. Calculated: 1060671.57167003.
*** WARNING (version #c05a931): /home/sek519/warm_starting/vws/../vpc/src/utility/nbspace.cpp:372: Ray 565: Calculated dot product with obj differs from solver's. Obj viol from solver: 307691.98583512. Calculated: 307691.98583502.
*** WARNING (version #c05a931): /home/sek519/warm_starting/vws/../vpc/src/utility/nbspace.cpp:372: Ray 566: Calculated dot product with obj differs from solver's. Obj viol from solver: 615383.97167024. Calculated: 615383.97167003.
*** WARNING (version #c05a931): /home/sek519/warm_starting/vws/../vpc/src/utility/nbspace.cpp:372: Ray 680: Calculated dot product with obj differs from solver's. Obj viol from solver: 6813607.62059011. Calculated: 6813607.62059030.
*** WARNING (version #c05a931): /home/sek519/warm_starting/vws/../vpc/src/utility/nbspace.cpp:372: Ray 738: Calculated dot product with obj differs from solver's. Obj viol from solver: 710527.53496903. Calculated: 710527.53496914.
*** WARNING (version #c05a931): /home/sek519/warm_starting/vws/../vpc/src/utility/nbspace.cpp:372: Ray 772: Calculated dot product with obj differs from solver's. Obj viol from solver: 1196916.40035885. Calculated: 1196916.40035899.
*** WARNING (version #c05a931): /home/sek519/warm_starting/vws/../vpc/src/utility/nbspace.cpp:372: Ray 33: Calculated dot product with obj differs from solver's. Obj viol from solver: 8253057.77215870. Calculated: 8253057.77215858.
*** WARNING (version #c05a931): /home/sek519/warm_starting/vws/../vpc/src/utility/nbspace.cpp:372: Ray 163: Calculated dot product with obj differs from solver's. Obj viol from solver: 6171783.78568229. Calculated: 6171783.78568216.
*** WARNING (version #c05a931): /home/sek519/warm_starting/vws/../vpc/src/utility/nbspace.cpp:372: Ray 243: Calculated dot product with obj differs from solver's. Obj viol from solver: 4461893.96750047. Calculated: 4461893.96750034.
*** WARNING (version #c05a931): /home/sek519/warm_starting/vws/../vpc/src/utility/nbspace.cpp:372: Ray 468: Calculated dot product with obj differs from solver's. Obj viol from solver: 3556773.83029256. Calculated: 3556773.83029244.
*** WARNING (version #c05a931): /home/sek519/warm_starting/vws/../vpc/src/utility/nbspace.cpp:372: Ray 470: Calculated dot product with obj differs from solver's. Obj viol from solver: 6966466.78609746. Calculated: 6966466.78609757.
*** WARNING (version #c05a931): /home/sek519/warm_starting/vws/../vpc/src/utility/nbspace.cpp:372: Ray 545: Calculated dot product with obj differs from solver's. Obj viol from solver: 2412332.58568229. Calculated: 2412332.58568217.
*** WARNING (version #c05a931): /home/sek519/warm_starting/vws/../vpc/src/utility/nbspace.cpp:372: Ray 546: Calculated dot product with obj differs from solver's. Obj viol from solver: 6467415.72291360. Calculated: 6467415.72291345.
*** WARNING (version #c05a931): /home/sek519/warm_starting/vws/../vpc/src/utility/nbspace.cpp:372: Ray 549: Calculated dot product with obj differs from solver's. Obj viol from solver: 2335747.95763080. Calculated: 2335747.95763068.
*** WARNING (version #c05a931): /home/sek519/warm_starting/vws/../vpc/src/utility/nbspace.cpp:372: Ray 550: Calculated dot product with obj differs from solver's. Obj viol from solver: 6699928.44022774. Calculated: 6699928.44022761.
*** WARNING (version #c05a931): /home/sek519/warm_starting/vws/../vpc/src/utility/nbspace.cpp:372: Ray 559: Calculated dot product with obj differs from solver's. Obj viol from solver: 1926242.72802894. Calculated: 1926242.72802884.
*** WARNING (version #c05a931): /home/sek519/warm_starting/vws/../vpc/src/utility/nbspace.cpp:372: Ray 560: Calculated dot product with obj differs from solver's. Obj viol from solver: 6171783.78568228. Calculated: 6171783.78568217.
*** WARNING (version #c05a931): /home/sek519/warm_starting/vws/../vpc/src/utility/nbspace.cpp:372: Ray 572: Calculated dot product with obj differs from solver's. Obj viol from solver: 3556773.83029255. Calculated: 3556773.83029244.
*** WARNING (version #c05a931): /home/sek519/warm_starting/vws/../vpc/src/utility/nbspace.cpp:372: Ray 573: Calculated dot product with obj differs from solver's. Obj viol from solver: 2349640.41373379. Calculated: 2349640.41373365.
*** WARNING (version #c05a931): /home/sek519/warm_starting/vws/../vpc/src/utility/nbspace.cpp:372: Ray 574: Calculated dot product with obj differs from solver's. Obj viol from solver: 6250793.90435464. Calculated: 6250793.90435446.
*** WARNING (version #c05a931): /home/sek519/warm_starting/vws/../vpc/src/utility/nbspace.cpp:372: Ray 580: Calculated dot product with obj differs from solver's. Obj viol from solver: 6431749.05840954. Calculated: 6431749.05840942.
*** WARNING (version #c05a931): /home/sek519/warm_starting/vws/../vpc/src/utility/nbspace.cpp:372: Ray 358: Calculated dot product with obj differs from solver's. Obj viol from solver: 1869283.50098234. Calculated: 1869283.50098222.
*** WARNING (version #c05a931): /home/sek519/warm_starting/vws/../vpc/src/utility/nbspace.cpp:372: Ray 359: Calculated dot product with obj differs from solver's. Obj viol from solver: 6455948.80830001. Calculated: 6455948.80829991.
*** WARNING (version #c05a931): /home/sek519/warm_starting/vws/../vpc/src/utility/nbspace.cpp:372: Ray 59: Calculated dot product with obj differs from solver's. Obj viol from solver: 2726146.27359732. Calculated: 2726146.27359742.
*** WARNING (version #c05a931): /home/sek519/warm_starting/vws/../vpc/src/utility/nbspace.cpp:372: Ray 121: Calculated dot product with obj differs from solver's. Obj viol from solver: 9176962.47650480. Calculated: 9176962.47650468.
*** WARNING (version #c05a931): /home/sek519/warm_starting/vws/../vpc/src/utility/nbspace.cpp:372: Ray 123: Calculated dot product with obj differs from solver's. Obj viol from solver: 5522374.02910664. Calculated: 5522374.02910676.
*** WARNING (version #c05a931): /home/sek519/warm_starting/vws/../vpc/src/utility/nbspace.cpp:372: Ray 150: Calculated dot product with obj differs from solver's. Obj viol from solver: 2698625.74074715. Calculated: 2698625.74074703.
*** WARNING (version #c05a931): /home/sek519/warm_starting/vws/../vpc/src/utility/nbspace.cpp:372: Ray 151: Calculated dot product with obj differs from solver's. Obj viol from solver: 3877531.91704326. Calculated: 3877531.91704312.
*** WARNING (version #c05a931): /home/sek519/warm_starting/vws/../vpc/src/utility/nbspace.cpp:372: Ray 157: Calculated dot product with obj differs from solver's. Obj viol from solver: 3730236.92416793. Calculated: 3730236.92416777.
*** WARNING (version #c05a931): /home/sek519/warm_starting/vws/../vpc/src/utility/nbspace.cpp:372: Ray 183: Calculated dot product with obj differs from solver's. Obj viol from solver: 845683.62910664. Calculated: 845683.62910676.
*** WARNING (version #c05a931): /home/sek519/warm_starting/vws/../vpc/src/utility/nbspace.cpp:372: Ray 201: Calculated dot product with obj differs from solver's. Obj viol from solver: 981837.90686002. Calculated: 981837.90685988.
*** WARNING (version #c05a931): /home/sek519/warm_starting/vws/../vpc/src/utility/nbspace.cpp:372: Ray 203: Calculated dot product with obj differs from solver's. Obj viol from solver: 1272916.37089335. Calculated: 1272916.37089324.
*** WARNING (version #c05a931): /home/sek519/warm_starting/vws/../vpc/src/utility/nbspace.cpp:372: Ray 213: Calculated dot product with obj differs from solver's. Obj viol from solver: 191194.24241137. Calculated: 191194.24241127.
*** WARNING (version #c05a931): /home/sek519/warm_starting/vws/../vpc/src/utility/nbspace.cpp:372: Ray 265: Calculated dot product with obj differs from solver's. Obj viol from solver: 845683.62910664. Calculated: 845683.62910676.
*** WARNING (version #c05a931): /home/sek519/warm_starting/vws/../vpc/src/utility/nbspace.cpp:372: Ray 319: Calculated dot product with obj differs from solver's. Obj viol from solver: 4738939.50686003. Calculated: 4738939.50685988.
*** WARNING (version #c05a931): /home/sek519/warm_starting/vws/../vpc/src/utility/nbspace.cpp:372: Ray 323: Calculated dot product with obj differs from solver's. Obj viol from solver: 716916.25654817. Calculated: 716916.25654805.
*** WARNING (version #c05a931): /home/sek519/warm_starting/vws/../vpc/src/utility/nbspace.cpp:372: Ray 333: Calculated dot product with obj differs from solver's. Obj viol from solver: 3948295.84241138. Calculated: 3948295.84241128.
*** WARNING (version #c05a931): /home/sek519/warm_starting/vws/../vpc/src/utility/nbspace.cpp:372: Ray 419: Calculated dot product with obj differs from solver's. Obj viol from solver: 2217687.90686002. Calculated: 2217687.90685988.
*** WARNING (version #c05a931): /home/sek519/warm_starting/vws/../vpc/src/utility/nbspace.cpp:372: Ray 420: Calculated dot product with obj differs from solver's. Obj viol from solver: 5318163.73555041. Calculated: 5318163.73555024.
*** WARNING (version #c05a931): /home/sek519/warm_starting/vws/../vpc/src/utility/nbspace.cpp:372: Ray 442: Calculated dot product with obj differs from solver's. Obj viol from solver: 845683.62910665. Calculated: 845683.62910676.
*** WARNING (version #c05a931): /home/sek519/warm_starting/vws/../vpc/src/utility/nbspace.cpp:372: Ray 467: Calculated dot product with obj differs from solver's. Obj viol from solver: 464216.81858041. Calculated: 464216.81858017.
*** WARNING (version #c05a931): /home/sek519/warm_starting/vws/../vpc/src/utility/nbspace.cpp:372: Ray 468: Calculated dot product with obj differs from solver's. Obj viol from solver: 2033223.96951611. Calculated: 2033223.96951586.
*** WARNING (version #c05a931): /home/sek519/warm_starting/vws/../vpc/src/utility/nbspace.cpp:372: Ray 472: Calculated dot product with obj differs from solver's. Obj viol from solver: 330527.55537906. Calculated: 330527.55537890.
*** WARNING (version #c05a931): /home/sek519/warm_starting/vws/../vpc/src/utility/nbspace.cpp:372: Ray 479: Calculated dot product with obj differs from solver's. Obj viol from solver: 1405657.12874258. Calculated: 1405657.12874269.
*** WARNING (version #c05a931): /home/sek519/warm_starting/vws/../vpc/src/utility/nbspace.cpp:372: Ray 480: Calculated dot product with obj differs from solver's. Obj viol from solver: 1701275.80649725. Calculated: 1701275.80649736.
*** WARNING (version #c05a931): /home/sek519/warm_starting/vws/../vpc/src/utility/nbspace.cpp:372: Ray 484: Calculated dot product with obj differs from solver's. Obj viol from solver: 2311626.55278081. Calculated: 2311626.55278093.
*** WARNING (version #c05a931): /home/sek519/warm_starting/vws/../vpc/src/utility/nbspace.cpp:372: Ray 522: Calculated dot product with obj differs from solver's. Obj viol from solver: 213616.37089335. Calculated: 213616.37089323.
*** WARNING (version #c05a931): /home/sek519/warm_starting/vws/../vpc/src/utility/nbspace.cpp:372: Ray 560: Calculated dot product with obj differs from solver's. Obj viol from solver: 4527520.07110174. Calculated: 4527520.07110163.
*** WARNING (version #c05a931): /home/sek519/warm_starting/vws/../vpc/src/utility/nbspace.cpp:372: Ray 566: Calculated dot product with obj differs from solver's. Obj viol from solver: 65208.08648739. Calculated: 65208.08648749.
*** WARNING (version #c05a931): /home/sek519/warm_starting/vws/../vpc/src/utility/nbspace.cpp:372: Ray 604: Calculated dot product with obj differs from solver's. Obj viol from solver: 5824869.17089336. Calculated: 5824869.17089324.
*** WARNING (version #c05a931): /home/sek519/warm_starting/vws/../vpc/src/utility/nbspace.cpp:372: Ray 682: Calculated dot product with obj differs from solver's. Obj viol from solver: 845683.62910664. Calculated: 845683.62910676.
*** WARNING (version #c05a931): /home/sek519/warm_starting/vws/../vpc/src/utility/nbspace.cpp:372: Ray 715: Calculated dot product with obj differs from solver's. Obj viol from solver: 3949457.53014597. Calculated: 3949457.53014608.
*** WARNING (version #c05a931): /home/sek519/warm_starting/vws/../vpc/src/utility/nbspace.cpp:372: Ray 742: Calculated dot product with obj differs from solver's. Obj viol from solver: 1498443.83617517. Calculated: 1498443.83617527.
*** WARNING (version #c05a931): /home/sek519/warm_starting/vws/../vpc/src/utility/nbspace.cpp:372: Ray 760: Calculated dot product with obj differs from solver's. Obj viol from solver: 3873504.18336864. Calculated: 3873504.18336877.
*** WARNING (version #c05a931): /home/sek519/warm_starting/vws/../vpc/src/utility/nbspace.cpp:372: Ray 1629: Calculated dot product with obj differs from solver's. Obj viol from solver: 1517330.86680112. Calculated: 1517330.86680122.
messed up a farkas cofficient
setting all farkas coefficients to 0
messed up a farkas cofficient
setting all farkas coefficients to 0
messed up a farkas cofficient
setting all farkas coefficients to 0
messed up a farkas cofficient
setting all farkas coefficients to 0
messed up a farkas cofficient
setting all farkas coefficients to 0
