*** WARNING (version #95fe077): /home/sek519/warm_starting/vws/../vpc/src/cut/CglVPC.cpp:683: Nonbasic reduced cost should be >= 0 in the complemented nonbasic space. However, for nb var 400 (real var 532), it is -1.333313e-07. Small enough error that we only send warning.
*** WARNING (version #95fe077): /home/sek519/warm_starting/vws/../vpc/src/cut/CglVPC.cpp:683: Nonbasic reduced cost should be >= 0 in the complemented nonbasic space. However, for nb var 401 (real var 533), it is -1.333313e-07. Small enough error that we only send warning.
*** WARNING (version #95fe077): /home/sek519/warm_starting/vws/../vpc/src/utility/nbspace.cpp:354: Ray 532: dot product with obj < 0. Obj viol from solver: -0.00000013. Calculated: -0.00000013.
*** WARNING (version #95fe077): /home/sek519/warm_starting/vws/../vpc/src/cut/CglVPC.cpp:1242: Term 100 ray 400 does not satisfy the objective cut. Activity: -0.00000013. RHS: 0.00000000. Small enough violation that we only send a warning.
*** WARNING (version #95fe077): /home/sek519/warm_starting/vws/../vpc/src/utility/nbspace.cpp:354: Ray 533: dot product with obj < 0. Obj viol from solver: -0.00000013. Calculated: -0.00000013.
*** WARNING (version #95fe077): /home/sek519/warm_starting/vws/../vpc/src/cut/CglVPC.cpp:1242: Term 100 ray 401 does not satisfy the objective cut. Activity: -0.00000013. RHS: 0.00000000. Small enough violation that we only send a warning.
*** WARNING (version #95fe077): /home/sek519/warm_starting/vws/../vpc/src/cut/CglVPC.cpp:683: Nonbasic reduced cost should be >= 0 in the complemented nonbasic space. However, for nb var 393 (real var 532), it is -1.333313e-07. Small enough error that we only send warning.
*** WARNING (version #95fe077): /home/sek519/warm_starting/vws/../vpc/src/cut/CglVPC.cpp:683: Nonbasic reduced cost should be >= 0 in the complemented nonbasic space. However, for nb var 394 (real var 533), it is -1.333313e-07. Small enough error that we only send warning.
*** WARNING (version #95fe077): /home/sek519/warm_starting/vws/../vpc/src/utility/nbspace.cpp:354: Ray 532: dot product with obj < 0. Obj viol from solver: -0.00000013. Calculated: -0.00000013.
*** WARNING (version #95fe077): /home/sek519/warm_starting/vws/../vpc/src/cut/CglVPC.cpp:1242: Term 101 ray 393 does not satisfy the objective cut. Activity: -0.00000013. RHS: 0.00000000. Small enough violation that we only send a warning.
*** WARNING (version #95fe077): /home/sek519/warm_starting/vws/../vpc/src/utility/nbspace.cpp:354: Ray 533: dot product with obj < 0. Obj viol from solver: -0.00000013. Calculated: -0.00000013.
*** WARNING (version #95fe077): /home/sek519/warm_starting/vws/../vpc/src/cut/CglVPC.cpp:1242: Term 101 ray 394 does not satisfy the objective cut. Activity: -0.00000013. RHS: 0.00000000. Small enough violation that we only send a warning.
*** WARNING (version #95fe077): /home/sek519/warm_starting/vws/../vpc/src/cut/CglVPC.cpp:683: Nonbasic reduced cost should be >= 0 in the complemented nonbasic space. However, for nb var 2282 (real var 4757), it is -1.041122e-06. Small enough error that we only send warning.
*** WARNING (version #95fe077): /home/sek519/warm_starting/vws/../vpc/src/utility/nbspace.cpp:354: Ray 4757: dot product with obj < 0. Obj viol from solver: -0.00000104. Calculated: -0.00000104.
*** WARNING (version #95fe077): /home/sek519/warm_starting/vws/../vpc/src/cut/CglVPC.cpp:1242: Term 135 ray 2282 does not satisfy the objective cut. Activity: -0.00000104. RHS: 0.00000000. Small enough violation that we only send a warning.
*** WARNING (version #95fe077): /home/sek519/warm_starting/vws/../vpc/src/cut/CglVPC.cpp:683: Nonbasic reduced cost should be >= 0 in the complemented nonbasic space. However, for nb var 3577 (real var 7298), it is -1.658465e-07. Small enough error that we only send warning.
*** WARNING (version #95fe077): /home/sek519/warm_starting/vws/../vpc/src/utility/nbspace.cpp:354: Ray 7298: dot product with obj < 0. Obj viol from solver: -0.00000017. Calculated: -0.00000017.
*** WARNING (version #95fe077): /home/sek519/warm_starting/vws/../vpc/src/cut/CglVPC.cpp:1242: Term 206 ray 3577 does not satisfy the objective cut. Activity: -0.00000017. RHS: 0.00000000. Small enough violation that we only send a warning.
messed up a farkas cofficient
setting all farkas coefficients to 0
messed up a farkas cofficient
setting all farkas coefficients to 0
messed up a farkas cofficient
setting all farkas coefficients to 0
messed up a farkas cofficient
setting all farkas coefficients to 0
messed up a farkas cofficient
setting all farkas coefficients to 0
*** WARNING (version #95fe077): /home/sek519/warm_starting/vws/../vpc/src/cut/CglVPC.cpp:683: Nonbasic reduced cost should be >= 0 in the complemented nonbasic space. However, for nb var 3506 (real var 7124), it is -3.581214e-07. Small enough error that we only send warning.
*** WARNING (version #95fe077): /home/sek519/warm_starting/vws/../vpc/src/cut/CglVPC.cpp:683: Nonbasic reduced cost should be >= 0 in the complemented nonbasic space. However, for nb var 2953 (real var 5709), it is -5.000150e-07. Small enough error that we only send warning.
*** WARNING (version #95fe077): /home/sek519/warm_starting/vws/../vpc/src/utility/nbspace.cpp:354: Ray 5709: dot product with obj < 0. Obj viol from solver: -0.00000050. Calculated: -0.00000050.
*** WARNING (version #95fe077): /home/sek519/warm_starting/vws/../vpc/src/cut/CglVPC.cpp:1242: Term 47 ray 2953 does not satisfy the objective cut. Activity: -0.00000050. RHS: 0.00000000. Small enough violation that we only send a warning.
*** WARNING (version #95fe077): /home/sek519/warm_starting/vws/../vpc/src/cut/CglVPC.cpp:683: Nonbasic reduced cost should be >= 0 in the complemented nonbasic space. However, for nb var 2961 (real var 5709), it is -5.000150e-07. Small enough error that we only send warning.
*** WARNING (version #95fe077): /home/sek519/warm_starting/vws/../vpc/src/utility/nbspace.cpp:354: Ray 5709: dot product with obj < 0. Obj viol from solver: -0.00000050. Calculated: -0.00000050.
*** WARNING (version #95fe077): /home/sek519/warm_starting/vws/../vpc/src/cut/CglVPC.cpp:1242: Term 48 ray 2961 does not satisfy the objective cut. Activity: -0.00000050. RHS: 0.00000000. Small enough violation that we only send a warning.
*** WARNING (version #95fe077): /home/sek519/warm_starting/vws/../vpc/src/cut/CglVPC.cpp:683: Nonbasic reduced cost should be >= 0 in the complemented nonbasic space. However, for nb var 2936 (real var 5709), it is -5.000150e-07. Small enough error that we only send warning.
*** WARNING (version #95fe077): /home/sek519/warm_starting/vws/../vpc/src/utility/nbspace.cpp:354: Ray 5709: dot product with obj < 0. Obj viol from solver: -0.00000050. Calculated: -0.00000050.
*** WARNING (version #95fe077): /home/sek519/warm_starting/vws/../vpc/src/cut/CglVPC.cpp:1242: Term 61 ray 2936 does not satisfy the objective cut. Activity: -0.00000050. RHS: 0.00000000. Small enough violation that we only send a warning.
*** WARNING (version #95fe077): /home/sek519/warm_starting/vws/../vpc/src/cut/CglVPC.cpp:683: Nonbasic reduced cost should be >= 0 in the complemented nonbasic space. However, for nb var 381 (real var 532), it is -1.333313e-07. Small enough error that we only send warning.
*** WARNING (version #95fe077): /home/sek519/warm_starting/vws/../vpc/src/utility/nbspace.cpp:354: Ray 532: dot product with obj < 0. Obj viol from solver: -0.00000013. Calculated: -0.00000013.
*** WARNING (version #95fe077): /home/sek519/warm_starting/vws/../vpc/src/cut/CglVPC.cpp:1242: Term 100 ray 381 does not satisfy the objective cut. Activity: -0.00000013. RHS: 0.00000000. Small enough violation that we only send a warning.
*** WARNING (version #95fe077): /home/sek519/warm_starting/vws/../vpc/src/cut/CglVPC.cpp:683: Nonbasic reduced cost should be >= 0 in the complemented nonbasic space. However, for nb var 386 (real var 532), it is -1.333313e-07. Small enough error that we only send warning.
*** WARNING (version #95fe077): /home/sek519/warm_starting/vws/../vpc/src/utility/nbspace.cpp:354: Ray 532: dot product with obj < 0. Obj viol from solver: -0.00000013. Calculated: -0.00000013.
*** WARNING (version #95fe077): /home/sek519/warm_starting/vws/../vpc/src/cut/CglVPC.cpp:1242: Term 101 ray 386 does not satisfy the objective cut. Activity: -0.00000013. RHS: 0.00000000. Small enough violation that we only send a warning.
*** WARNING (version #95fe077): /home/sek519/warm_starting/vws/../vpc/src/cut/CglVPC.cpp:683: Nonbasic reduced cost should be >= 0 in the complemented nonbasic space. However, for nb var 3444 (real var 6986), it is -2.937873e-07. Small enough error that we only send warning.
*** WARNING (version #95fe077): /home/sek519/warm_starting/vws/../vpc/src/utility/nbspace.cpp:354: Ray 6986: dot product with obj < 0. Obj viol from solver: -0.00000029. Calculated: -0.00000029.
*** WARNING (version #95fe077): /home/sek519/warm_starting/vws/../vpc/src/cut/CglVPC.cpp:1242: Term 130 ray 3444 does not satisfy the objective cut. Activity: -0.00000029. RHS: 0.00000000. Small enough violation that we only send a warning.
*** WARNING (version #95fe077): /home/sek519/warm_starting/vws/../vpc/src/cut/CglVPC.cpp:683: Nonbasic reduced cost should be >= 0 in the complemented nonbasic space. However, for nb var 2973 (real var 5506), it is -2.314352e-07. Small enough error that we only send warning.
*** WARNING (version #95fe077): /home/sek519/warm_starting/vws/../vpc/src/utility/nbspace.cpp:354: Ray 5506: dot product with obj < 0. Obj viol from solver: -0.00000023. Calculated: -0.00000023.
*** WARNING (version #95fe077): /home/sek519/warm_starting/vws/../vpc/src/cut/CglVPC.cpp:1242: Term 160 ray 2973 does not satisfy the objective cut. Activity: -0.00000023. RHS: 0.00000000. Small enough violation that we only send a warning.
*** WARNING (version #95fe077): /home/sek519/warm_starting/vws/../vpc/src/cut/CglVPC.cpp:683: Nonbasic reduced cost should be >= 0 in the complemented nonbasic space. However, for nb var 3448 (real var 6986), it is -2.937873e-07. Small enough error that we only send warning.
*** WARNING (version #95fe077): /home/sek519/warm_starting/vws/../vpc/src/utility/nbspace.cpp:354: Ray 6986: dot product with obj < 0. Obj viol from solver: -0.00000029. Calculated: -0.00000029.
*** WARNING (version #95fe077): /home/sek519/warm_starting/vws/../vpc/src/cut/CglVPC.cpp:1242: Term 165 ray 3448 does not satisfy the objective cut. Activity: -0.00000029. RHS: 0.00000000. Small enough violation that we only send a warning.
*** WARNING (version #95fe077): /home/sek519/warm_starting/vws/../vpc/src/cut/CglVPC.cpp:683: Nonbasic reduced cost should be >= 0 in the complemented nonbasic space. However, for nb var 2949 (real var 5709), it is -5.000150e-07. Small enough error that we only send warning.
*** WARNING (version #95fe077): /home/sek519/warm_starting/vws/../vpc/src/utility/nbspace.cpp:354: Ray 5709: dot product with obj < 0. Obj viol from solver: -0.00000050. Calculated: -0.00000050.
*** WARNING (version #95fe077): /home/sek519/warm_starting/vws/../vpc/src/cut/CglVPC.cpp:1242: Term 203 ray 2949 does not satisfy the objective cut. Activity: -0.00000050. RHS: 0.00000000. Small enough violation that we only send a warning.
*** WARNING (version #95fe077): /home/sek519/warm_starting/vws/../vpc/src/cut/CglVPC.cpp:683: Nonbasic reduced cost should be >= 0 in the complemented nonbasic space. However, for nb var 2960 (real var 5709), it is -5.000150e-07. Small enough error that we only send warning.
*** WARNING (version #95fe077): /home/sek519/warm_starting/vws/../vpc/src/utility/nbspace.cpp:354: Ray 5709: dot product with obj < 0. Obj viol from solver: -0.00000050. Calculated: -0.00000050.
*** WARNING (version #95fe077): /home/sek519/warm_starting/vws/../vpc/src/cut/CglVPC.cpp:1242: Term 204 ray 2960 does not satisfy the objective cut. Activity: -0.00000050. RHS: 0.00000000. Small enough violation that we only send a warning.
*** WARNING (version #95fe077): /home/sek519/warm_starting/vws/../vpc/src/cut/CglVPC.cpp:683: Nonbasic reduced cost should be >= 0 in the complemented nonbasic space. However, for nb var 2963 (real var 5709), it is -5.000150e-07. Small enough error that we only send warning.
*** WARNING (version #95fe077): /home/sek519/warm_starting/vws/../vpc/src/utility/nbspace.cpp:354: Ray 5709: dot product with obj < 0. Obj viol from solver: -0.00000050. Calculated: -0.00000050.
*** WARNING (version #95fe077): /home/sek519/warm_starting/vws/../vpc/src/cut/CglVPC.cpp:1242: Term 47 ray 2963 does not satisfy the objective cut. Activity: -0.00000050. RHS: 0.00000000. Small enough violation that we only send a warning.
*** WARNING (version #95fe077): /home/sek519/warm_starting/vws/../vpc/src/cut/CglVPC.cpp:683: Nonbasic reduced cost should be >= 0 in the complemented nonbasic space. However, for nb var 2973 (real var 5709), it is -5.000150e-07. Small enough error that we only send warning.
*** WARNING (version #95fe077): /home/sek519/warm_starting/vws/../vpc/src/utility/nbspace.cpp:354: Ray 5709: dot product with obj < 0. Obj viol from solver: -0.00000050. Calculated: -0.00000050.
*** WARNING (version #95fe077): /home/sek519/warm_starting/vws/../vpc/src/cut/CglVPC.cpp:1242: Term 48 ray 2973 does not satisfy the objective cut. Activity: -0.00000050. RHS: 0.00000000. Small enough violation that we only send a warning.
*** WARNING (version #95fe077): /home/sek519/warm_starting/vws/../vpc/src/cut/CglVPC.cpp:683: Nonbasic reduced cost should be >= 0 in the complemented nonbasic space. However, for nb var 2952 (real var 5709), it is -5.000150e-07. Small enough error that we only send warning.
*** WARNING (version #95fe077): /home/sek519/warm_starting/vws/../vpc/src/utility/nbspace.cpp:354: Ray 5709: dot product with obj < 0. Obj viol from solver: -0.00000050. Calculated: -0.00000050.
*** WARNING (version #95fe077): /home/sek519/warm_starting/vws/../vpc/src/cut/CglVPC.cpp:1242: Term 61 ray 2952 does not satisfy the objective cut. Activity: -0.00000050. RHS: 0.00000000. Small enough violation that we only send a warning.
*** WARNING (version #95fe077): /home/sek519/warm_starting/vws/../vpc/src/cut/CglVPC.cpp:683: Nonbasic reduced cost should be >= 0 in the complemented nonbasic space. However, for nb var 393 (real var 532), it is -1.333313e-07. Small enough error that we only send warning.
*** WARNING (version #95fe077): /home/sek519/warm_starting/vws/../vpc/src/utility/nbspace.cpp:354: Ray 532: dot product with obj < 0. Obj viol from solver: -0.00000013. Calculated: -0.00000013.
*** WARNING (version #95fe077): /home/sek519/warm_starting/vws/../vpc/src/cut/CglVPC.cpp:1242: Term 100 ray 393 does not satisfy the objective cut. Activity: -0.00000013. RHS: 0.00000000. Small enough violation that we only send a warning.
*** WARNING (version #95fe077): /home/sek519/warm_starting/vws/../vpc/src/cut/CglVPC.cpp:683: Nonbasic reduced cost should be >= 0 in the complemented nonbasic space. However, for nb var 391 (real var 532), it is -1.333313e-07. Small enough error that we only send warning.
*** WARNING (version #95fe077): /home/sek519/warm_starting/vws/../vpc/src/utility/nbspace.cpp:354: Ray 532: dot product with obj < 0. Obj viol from solver: -0.00000013. Calculated: -0.00000013.
*** WARNING (version #95fe077): /home/sek519/warm_starting/vws/../vpc/src/cut/CglVPC.cpp:1242: Term 101 ray 391 does not satisfy the objective cut. Activity: -0.00000013. RHS: 0.00000000. Small enough violation that we only send a warning.
*** WARNING (version #95fe077): /home/sek519/warm_starting/vws/../vpc/src/cut/CglVPC.cpp:683: Nonbasic reduced cost should be >= 0 in the complemented nonbasic space. However, for nb var 41 (real var 58), it is -1.264259e-07. Small enough error that we only send warning.
*** WARNING (version #95fe077): /home/sek519/warm_starting/vws/../vpc/src/utility/nbspace.cpp:354: Ray 58: dot product with obj < 0. Obj viol from solver: -0.00000013. Calculated: -0.00000013.
*** WARNING (version #95fe077): /home/sek519/warm_starting/vws/../vpc/src/cut/CglVPC.cpp:1242: Term 169 ray 41 does not satisfy the objective cut. Activity: -0.00000013. RHS: 0.00000000. Small enough violation that we only send a warning.
*** WARNING (version #95fe077): /home/sek519/warm_starting/vws/../vpc/src/cut/CglVPC.cpp:683: Nonbasic reduced cost should be >= 0 in the complemented nonbasic space. However, for nb var 2967 (real var 5709), it is -5.000150e-07. Small enough error that we only send warning.
*** WARNING (version #95fe077): /home/sek519/warm_starting/vws/../vpc/src/utility/nbspace.cpp:354: Ray 5709: dot product with obj < 0. Obj viol from solver: -0.00000050. Calculated: -0.00000050.
*** WARNING (version #95fe077): /home/sek519/warm_starting/vws/../vpc/src/cut/CglVPC.cpp:1242: Term 203 ray 2967 does not satisfy the objective cut. Activity: -0.00000050. RHS: 0.00000000. Small enough violation that we only send a warning.
*** WARNING (version #95fe077): /home/sek519/warm_starting/vws/../vpc/src/cut/CglVPC.cpp:683: Nonbasic reduced cost should be >= 0 in the complemented nonbasic space. However, for nb var 2965 (real var 5709), it is -5.000150e-07. Small enough error that we only send warning.
*** WARNING (version #95fe077): /home/sek519/warm_starting/vws/../vpc/src/utility/nbspace.cpp:354: Ray 5709: dot product with obj < 0. Obj viol from solver: -0.00000050. Calculated: -0.00000050.
*** WARNING (version #95fe077): /home/sek519/warm_starting/vws/../vpc/src/cut/CglVPC.cpp:1242: Term 204 ray 2965 does not satisfy the objective cut. Activity: -0.00000050. RHS: 0.00000000. Small enough violation that we only send a warning.
*** WARNING (version #95fe077): /home/sek519/warm_starting/vws/../vpc/src/cut/CglVPC.cpp:683: Nonbasic reduced cost should be >= 0 in the complemented nonbasic space. However, for nb var 42 (real var 58), it is -1.264259e-07. Small enough error that we only send warning.
*** WARNING (version #95fe077): /home/sek519/warm_starting/vws/../vpc/src/utility/nbspace.cpp:354: Ray 58: dot product with obj < 0. Obj viol from solver: -0.00000013. Calculated: -0.00000013.
*** WARNING (version #95fe077): /home/sek519/warm_starting/vws/../vpc/src/cut/CglVPC.cpp:1242: Term 214 ray 42 does not satisfy the objective cut. Activity: -0.00000013. RHS: 0.00000000. Small enough violation that we only send a warning.
*** WARNING (version #95fe077): /home/sek519/warm_starting/vws/../vpc/src/cut/CglVPC.cpp:683: Nonbasic reduced cost should be >= 0 in the complemented nonbasic space. However, for nb var 2963 (real var 5709), it is -5.000150e-07. Small enough error that we only send warning.
*** WARNING (version #95fe077): /home/sek519/warm_starting/vws/../vpc/src/utility/nbspace.cpp:354: Ray 5709: dot product with obj < 0. Obj viol from solver: -0.00000050. Calculated: -0.00000050.
*** WARNING (version #95fe077): /home/sek519/warm_starting/vws/../vpc/src/cut/CglVPC.cpp:1242: Term 47 ray 2963 does not satisfy the objective cut. Activity: -0.00000050. RHS: 0.00000000. Small enough violation that we only send a warning.
*** WARNING (version #95fe077): /home/sek519/warm_starting/vws/../vpc/src/cut/CglVPC.cpp:683: Nonbasic reduced cost should be >= 0 in the complemented nonbasic space. However, for nb var 2973 (real var 5709), it is -5.000150e-07. Small enough error that we only send warning.
*** WARNING (version #95fe077): /home/sek519/warm_starting/vws/../vpc/src/utility/nbspace.cpp:354: Ray 5709: dot product with obj < 0. Obj viol from solver: -0.00000050. Calculated: -0.00000050.
*** WARNING (version #95fe077): /home/sek519/warm_starting/vws/../vpc/src/cut/CglVPC.cpp:1242: Term 48 ray 2973 does not satisfy the objective cut. Activity: -0.00000050. RHS: 0.00000000. Small enough violation that we only send a warning.
*** WARNING (version #95fe077): /home/sek519/warm_starting/vws/../vpc/src/cut/CglVPC.cpp:683: Nonbasic reduced cost should be >= 0 in the complemented nonbasic space. However, for nb var 2952 (real var 5709), it is -5.000150e-07. Small enough error that we only send warning.
*** WARNING (version #95fe077): /home/sek519/warm_starting/vws/../vpc/src/utility/nbspace.cpp:354: Ray 5709: dot product with obj < 0. Obj viol from solver: -0.00000050. Calculated: -0.00000050.
*** WARNING (version #95fe077): /home/sek519/warm_starting/vws/../vpc/src/cut/CglVPC.cpp:1242: Term 61 ray 2952 does not satisfy the objective cut. Activity: -0.00000050. RHS: 0.00000000. Small enough violation that we only send a warning.
*** WARNING (version #95fe077): /home/sek519/warm_starting/vws/../vpc/src/cut/CglVPC.cpp:683: Nonbasic reduced cost should be >= 0 in the complemented nonbasic space. However, for nb var 393 (real var 532), it is -1.333313e-07. Small enough error that we only send warning.
*** WARNING (version #95fe077): /home/sek519/warm_starting/vws/../vpc/src/utility/nbspace.cpp:354: Ray 532: dot product with obj < 0. Obj viol from solver: -0.00000013. Calculated: -0.00000013.
*** WARNING (version #95fe077): /home/sek519/warm_starting/vws/../vpc/src/cut/CglVPC.cpp:1242: Term 100 ray 393 does not satisfy the objective cut. Activity: -0.00000013. RHS: 0.00000000. Small enough violation that we only send a warning.
*** WARNING (version #95fe077): /home/sek519/warm_starting/vws/../vpc/src/cut/CglVPC.cpp:683: Nonbasic reduced cost should be >= 0 in the complemented nonbasic space. However, for nb var 391 (real var 532), it is -1.333313e-07. Small enough error that we only send warning.
*** WARNING (version #95fe077): /home/sek519/warm_starting/vws/../vpc/src/utility/nbspace.cpp:354: Ray 532: dot product with obj < 0. Obj viol from solver: -0.00000013. Calculated: -0.00000013.
*** WARNING (version #95fe077): /home/sek519/warm_starting/vws/../vpc/src/cut/CglVPC.cpp:1242: Term 101 ray 391 does not satisfy the objective cut. Activity: -0.00000013. RHS: 0.00000000. Small enough violation that we only send a warning.
*** WARNING (version #95fe077): /home/sek519/warm_starting/vws/../vpc/src/cut/CglVPC.cpp:683: Nonbasic reduced cost should be >= 0 in the complemented nonbasic space. However, for nb var 41 (real var 58), it is -1.264259e-07. Small enough error that we only send warning.
*** WARNING (version #95fe077): /home/sek519/warm_starting/vws/../vpc/src/utility/nbspace.cpp:354: Ray 58: dot product with obj < 0. Obj viol from solver: -0.00000013. Calculated: -0.00000013.
*** WARNING (version #95fe077): /home/sek519/warm_starting/vws/../vpc/src/cut/CglVPC.cpp:1242: Term 169 ray 41 does not satisfy the objective cut. Activity: -0.00000013. RHS: 0.00000000. Small enough violation that we only send a warning.
*** WARNING (version #95fe077): /home/sek519/warm_starting/vws/../vpc/src/cut/CglVPC.cpp:683: Nonbasic reduced cost should be >= 0 in the complemented nonbasic space. However, for nb var 2967 (real var 5709), it is -5.000150e-07. Small enough error that we only send warning.
*** WARNING (version #95fe077): /home/sek519/warm_starting/vws/../vpc/src/utility/nbspace.cpp:354: Ray 5709: dot product with obj < 0. Obj viol from solver: -0.00000050. Calculated: -0.00000050.
*** WARNING (version #95fe077): /home/sek519/warm_starting/vws/../vpc/src/cut/CglVPC.cpp:1242: Term 203 ray 2967 does not satisfy the objective cut. Activity: -0.00000050. RHS: 0.00000000. Small enough violation that we only send a warning.
*** WARNING (version #95fe077): /home/sek519/warm_starting/vws/../vpc/src/cut/CglVPC.cpp:683: Nonbasic reduced cost should be >= 0 in the complemented nonbasic space. However, for nb var 2965 (real var 5709), it is -5.000150e-07. Small enough error that we only send warning.
*** WARNING (version #95fe077): /home/sek519/warm_starting/vws/../vpc/src/utility/nbspace.cpp:354: Ray 5709: dot product with obj < 0. Obj viol from solver: -0.00000050. Calculated: -0.00000050.
*** WARNING (version #95fe077): /home/sek519/warm_starting/vws/../vpc/src/cut/CglVPC.cpp:1242: Term 204 ray 2965 does not satisfy the objective cut. Activity: -0.00000050. RHS: 0.00000000. Small enough violation that we only send a warning.
*** WARNING (version #95fe077): /home/sek519/warm_starting/vws/../vpc/src/cut/CglVPC.cpp:683: Nonbasic reduced cost should be >= 0 in the complemented nonbasic space. However, for nb var 42 (real var 58), it is -1.264259e-07. Small enough error that we only send warning.
*** WARNING (version #95fe077): /home/sek519/warm_starting/vws/../vpc/src/utility/nbspace.cpp:354: Ray 58: dot product with obj < 0. Obj viol from solver: -0.00000013. Calculated: -0.00000013.
*** WARNING (version #95fe077): /home/sek519/warm_starting/vws/../vpc/src/cut/CglVPC.cpp:1242: Term 214 ray 42 does not satisfy the objective cut. Activity: -0.00000013. RHS: 0.00000000. Small enough violation that we only send a warning.
must have primalBound >= root LP objective value when minimizing
vws: /home/sek519/warm_starting/vws/../vpc/src/utility/utility.cpp:659: void verify(bool, const std::string&): Assertion `false' failed.
/var/spool/torque/mom_priv/jobs/1509095.polyp1.ie.lehigh.edu.SC: line 4:  2919 Aborted                 ../Release/vws ${INPUT_FOLDER} ${OUTPUT_FILE} ${MAX_TIME} ${GENERATOR} ${TERMS} ${MIP_SOLVER} ${PROVIDE_PRIMAL_BOUND}
