*** WARNING (version #2c310f2): /home/sek519/warm_starting/vws/../vpc/src/cut/CglVPC.cpp:335: An integer (optimal) solution with value 30 was found prior while getting disjunction.
*** WARNING (version #2c310f2): /home/sek519/warm_starting/vws/../vpc/src/cut/CglVPC.cpp:335: An integer (optimal) solution with value 34 was found prior while getting disjunction.
*** WARNING (version #2c310f2): /home/sek519/warm_starting/vws/../vpc/src/cut/CglVPC.cpp:335: An integer (optimal) solution with value 34 was found prior while getting disjunction.


ERROR while running Cbc. Signal SIGSEGV caught. Getting stack trace.
/home/sek519/warm_starting/vws/../vpc/lib/Cbc-trunk/buildg/lib/libCbc.so.0(_Z15CbcCrashHandleri+0x277) [0x2b8b3ee18a4b]
/lib/x86_64-linux-gnu/libc.so.6(+0x33060) [0x2b8b3fbd2060]
../Debug/vws(+0x1f75c3) [0x55589151d5c3]
../Debug/vws(+0x13121b) [0x55589145721b]
../Debug/vws(+0x104cd3) [0x55589142acd3]
../Debug/vws(+0x103edf) [0x555891429edf]
../Debug/vws(+0x127b85) [0x55589144db85]
../Debug/vws(+0x79d6a) [0x55589139fd6a]
/lib/x86_64-linux-gnu/libc.so.6(__libc_start_main+0xf1) [0x2b8b3fbbf2e1]
../Debug/vws(+0x79259) [0x55589139f259]




ERROR while running Cbc. Signal SIGABRT caught. Getting stack trace.
/home/sek519/warm_starting/vws/../vpc/lib/Cbc-trunk/buildg/lib/libCbc.so.0(_Z15CbcCrashHandleri+0x277) [0x2b8b3ee18a4b]
/lib/x86_64-linux-gnu/libc.so.6(+0x33060) [0x2b8b3fbd2060]
/lib/x86_64-linux-gnu/libc.so.6(gsignal+0xcf) [0x2b8b3fbd1fff]
/lib/x86_64-linux-gnu/libc.so.6(abort+0x16a) [0x2b8b3fbd342a]
/home/sek519/warm_starting/vws/../vpc/lib/Cbc-trunk/buildg/lib/libCbc.so.0(_Z15CbcCrashHandleri+0x355) [0x2b8b3ee18b29]
/lib/x86_64-linux-gnu/libc.so.6(+0x33060) [0x2b8b3fbd2060]
../Debug/vws(+0x1f75c3) [0x55589151d5c3]
../Debug/vws(+0x13121b) [0x55589145721b]
../Debug/vws(+0x104cd3) [0x55589142acd3]
../Debug/vws(+0x103edf) [0x555891429edf]
../Debug/vws(+0x127b85) [0x55589144db85]
../Debug/vws(+0x79d6a) [0x55589139fd6a]
/lib/x86_64-linux-gnu/libc.so.6(__libc_start_main+0xf1) [0x2b8b3fbbf2e1]
../Debug/vws(+0x79259) [0x55589139f259]


/var/spool/torque/mom_priv/jobs/1215699.polyp1.ie.lehigh.edu.SC: line 4: 31610 Aborted                 (core dumped) ../Debug/vws ${INPUT_FOLDER} ${OUTPUT_FILE} ${MAX_TIME} ${GENERATOR} ${TERMS}
