*** WARNING (version #1ed723f): /home/sek519/warm_starting/vws/../vpc/src/branch/VPCEventHandler.cpp:1258: Objective at parent node 1/8 (node id 0) is somewhat incorrect. During BB, it was 185279.557, now it is 183910.318.
*** WARNING (version #1ed723f): /home/sek519/warm_starting/vws/../vpc/src/branch/VPCEventHandler.cpp:1258: Objective at parent node 1/8 (node id 0) is somewhat incorrect. During BB, it was 185279.557, now it is 183910.318.
node_id must be in stats_.
vws: /home/sek519/warm_starting/vws/../vpc/src/utility/utility.cpp:651: void verify(bool, const std::string&): Assertion `false' failed.


ERROR while running Cbc. Signal SIGABRT caught. Getting stack trace.
/home/sek519/warm_starting/vws/../vpc/lib/Cbc-trunk/buildg/lib/libCbc.so.0(_Z15CbcCrashHandleri+0x277) [0x2acddf591a4b]
/lib/x86_64-linux-gnu/libc.so.6(+0x33060) [0x2acde034b060]
/lib/x86_64-linux-gnu/libc.so.6(gsignal+0xcf) [0x2acde034afff]
/lib/x86_64-linux-gnu/libc.so.6(abort+0x16a) [0x2acde034c42a]
/lib/x86_64-linux-gnu/libc.so.6(+0x2be67) [0x2acde0343e67]
/lib/x86_64-linux-gnu/libc.so.6(+0x2bf12) [0x2acde0343f12]
../Debug/vws(+0x1b0475) [0x557c67afc475]
../Debug/vws(+0x1c237c) [0x557c67b0e37c]
../Debug/vws(+0x1c248d) [0x557c67b0e48d]
../Debug/vws(+0x1c4943) [0x557c67b10943]
../Debug/vws(+0x1bcc94) [0x557c67b08c94]
/home/sek519/warm_starting/vws/../vpc/lib/Cbc-trunk/buildg/lib/libCbc.so.0(_ZN8CbcModel14branchAndBoundEi+0xe2fb) [0x2acddf523959]
../Debug/vws(+0x1fe284) [0x557c67b4a284]
../Debug/vws(+0x1fc52d) [0x557c67b4852d]
../Debug/vws(+0x1d559e) [0x557c67b2159e]
../Debug/vws(+0x104b84) [0x557c67a50b84]
../Debug/vws(+0x103edf) [0x557c67a4fedf]
../Debug/vws(+0x127b85) [0x557c67a73b85]
../Debug/vws(+0x79d6a) [0x557c679c5d6a]
/lib/x86_64-linux-gnu/libc.so.6(__libc_start_main+0xf1) [0x2acde03382e1]
../Debug/vws(+0x79259) [0x557c679c5259]




ERROR while running Cbc. Signal SIGABRT caught. Getting stack trace.
/home/sek519/warm_starting/vws/../vpc/lib/Cbc-trunk/buildg/lib/libCbc.so.0(_Z15CbcCrashHandleri+0x277) [0x2acddf591a4b]
/lib/x86_64-linux-gnu/libc.so.6(+0x33060) [0x2acde034b060]
/lib/x86_64-linux-gnu/libc.so.6(gsignal+0xcf) [0x2acde034afff]
/lib/x86_64-linux-gnu/libc.so.6(abort+0x16a) [0x2acde034c42a]
/home/sek519/warm_starting/vws/../vpc/lib/Cbc-trunk/buildg/lib/libCbc.so.0(_Z15CbcCrashHandleri+0x355) [0x2acddf591b29]
/lib/x86_64-linux-gnu/libc.so.6(+0x33060) [0x2acde034b060]
/lib/x86_64-linux-gnu/libc.so.6(gsignal+0xcf) [0x2acde034afff]
/lib/x86_64-linux-gnu/libc.so.6(abort+0x16a) [0x2acde034c42a]
/lib/x86_64-linux-gnu/libc.so.6(+0x2be67) [0x2acde0343e67]
/lib/x86_64-linux-gnu/libc.so.6(+0x2bf12) [0x2acde0343f12]
../Debug/vws(+0x1b0475) [0x557c67afc475]
../Debug/vws(+0x1c237c) [0x557c67b0e37c]
../Debug/vws(+0x1c248d) [0x557c67b0e48d]
../Debug/vws(+0x1c4943) [0x557c67b10943]
../Debug/vws(+0x1bcc94) [0x557c67b08c94]
/home/sek519/warm_starting/vws/../vpc/lib/Cbc-trunk/buildg/lib/libCbc.so.0(_ZN8CbcModel14branchAndBoundEi+0xe2fb) [0x2acddf523959]
../Debug/vws(+0x1fe284) [0x557c67b4a284]
../Debug/vws(+0x1fc52d) [0x557c67b4852d]
../Debug/vws(+0x1d559e) [0x557c67b2159e]
../Debug/vws(+0x104b84) [0x557c67a50b84]
../Debug/vws(+0x103edf) [0x557c67a4fedf]
../Debug/vws(+0x127b85) [0x557c67a73b85]
../Debug/vws(+0x79d6a) [0x557c679c5d6a]
/lib/x86_64-linux-gnu/libc.so.6(__libc_start_main+0xf1) [0x2acde03382e1]
../Debug/vws(+0x79259) [0x557c679c5259]


/var/spool/torque/mom_priv/jobs/1216163.polyp1.ie.lehigh.edu.SC: line 4:  3923 Aborted                 (core dumped) ../Debug/vws ${INPUT_FOLDER} ${OUTPUT_FILE} ${MAX_TIME} ${GENERATOR} ${TERMS}
