node_id must be in stats_.
vws: /home/sek519/warm_starting/vws/../vpc/src/utility/utility.cpp:651: void verify(bool, const std::string&): Assertion `false' failed.


ERROR while running Cbc. Signal SIGABRT caught. Getting stack trace.
/home/sek519/warm_starting/vws/../vpc/lib/Cbc-trunk/buildg/lib/libCbc.so.0(_Z15CbcCrashHandleri+0x277) [0x2ab400b9ba4b]
/lib/x86_64-linux-gnu/libc.so.6(+0x33060) [0x2ab401955060]
/lib/x86_64-linux-gnu/libc.so.6(gsignal+0xcf) [0x2ab401954fff]
/lib/x86_64-linux-gnu/libc.so.6(abort+0x16a) [0x2ab40195642a]
/lib/x86_64-linux-gnu/libc.so.6(+0x2be67) [0x2ab40194de67]
/lib/x86_64-linux-gnu/libc.so.6(+0x2bf12) [0x2ab40194df12]
../Debug/vws(+0x1b0475) [0x5616b6f2b475]
../Debug/vws(+0x1c237c) [0x5616b6f3d37c]
../Debug/vws(+0x1c248d) [0x5616b6f3d48d]
../Debug/vws(+0x1c4943) [0x5616b6f3f943]
../Debug/vws(+0x1bcc94) [0x5616b6f37c94]
/home/sek519/warm_starting/vws/../vpc/lib/Cbc-trunk/buildg/lib/libCbc.so.0(_ZN8CbcModel14branchAndBoundEi+0xe2fb) [0x2ab400b2d959]
../Debug/vws(+0x1fe284) [0x5616b6f79284]
../Debug/vws(+0x1fc52d) [0x5616b6f7752d]
../Debug/vws(+0x1d559e) [0x5616b6f5059e]
../Debug/vws(+0x104b84) [0x5616b6e7fb84]
../Debug/vws(+0x103edf) [0x5616b6e7eedf]
../Debug/vws(+0x127b85) [0x5616b6ea2b85]
../Debug/vws(+0x79d6a) [0x5616b6df4d6a]
/lib/x86_64-linux-gnu/libc.so.6(__libc_start_main+0xf1) [0x2ab4019422e1]
../Debug/vws(+0x79259) [0x5616b6df4259]




ERROR while running Cbc. Signal SIGABRT caught. Getting stack trace.
/home/sek519/warm_starting/vws/../vpc/lib/Cbc-trunk/buildg/lib/libCbc.so.0(_Z15CbcCrashHandleri+0x277) [0x2ab400b9ba4b]
/lib/x86_64-linux-gnu/libc.so.6(+0x33060) [0x2ab401955060]
/lib/x86_64-linux-gnu/libc.so.6(gsignal+0xcf) [0x2ab401954fff]
/lib/x86_64-linux-gnu/libc.so.6(abort+0x16a) [0x2ab40195642a]
/home/sek519/warm_starting/vws/../vpc/lib/Cbc-trunk/buildg/lib/libCbc.so.0(_Z15CbcCrashHandleri+0x355) [0x2ab400b9bb29]
/lib/x86_64-linux-gnu/libc.so.6(+0x33060) [0x2ab401955060]
/lib/x86_64-linux-gnu/libc.so.6(gsignal+0xcf) [0x2ab401954fff]
/lib/x86_64-linux-gnu/libc.so.6(abort+0x16a) [0x2ab40195642a]
/lib/x86_64-linux-gnu/libc.so.6(+0x2be67) [0x2ab40194de67]
/lib/x86_64-linux-gnu/libc.so.6(+0x2bf12) [0x2ab40194df12]
../Debug/vws(+0x1b0475) [0x5616b6f2b475]
../Debug/vws(+0x1c237c) [0x5616b6f3d37c]
../Debug/vws(+0x1c248d) [0x5616b6f3d48d]
../Debug/vws(+0x1c4943) [0x5616b6f3f943]
../Debug/vws(+0x1bcc94) [0x5616b6f37c94]
/home/sek519/warm_starting/vws/../vpc/lib/Cbc-trunk/buildg/lib/libCbc.so.0(_ZN8CbcModel14branchAndBoundEi+0xe2fb) [0x2ab400b2d959]
../Debug/vws(+0x1fe284) [0x5616b6f79284]
../Debug/vws(+0x1fc52d) [0x5616b6f7752d]
../Debug/vws(+0x1d559e) [0x5616b6f5059e]
../Debug/vws(+0x104b84) [0x5616b6e7fb84]
../Debug/vws(+0x103edf) [0x5616b6e7eedf]
../Debug/vws(+0x127b85) [0x5616b6ea2b85]
../Debug/vws(+0x79d6a) [0x5616b6df4d6a]
/lib/x86_64-linux-gnu/libc.so.6(__libc_start_main+0xf1) [0x2ab4019422e1]
../Debug/vws(+0x79259) [0x5616b6df4259]


/var/spool/torque/mom_priv/jobs/1216139.polyp1.ie.lehigh.edu.SC: line 4:  3584 Aborted                 (core dumped) ../Debug/vws ${INPUT_FOLDER} ${OUTPUT_FILE} ${MAX_TIME} ${GENERATOR} ${TERMS}
