vws: /home/sek519/warm_starting/vpc/lib/Cbc-trunk/Cbc/src/CbcModel.cpp:11117: int CbcModel::takeOffCuts(OsiCuts&, bool, OsiCuts*, int, const OsiRowCut**): Assertion `numberRowsAtContinuous_ + totalNumberCuts == solver_->getNumRows()' failed.


ERROR while running Cbc. Signal SIGABRT caught. Getting stack trace.
/home/sek519/warm_starting/vws/../vpc/lib/Cbc-trunk/buildg/lib/libCbc.so.0(_Z15CbcCrashHandleri+0x277) [0x2aedc3a57a4b]
/lib/x86_64-linux-gnu/libc.so.6(+0x33060) [0x2aedc4811060]
/lib/x86_64-linux-gnu/libc.so.6(gsignal+0xcf) [0x2aedc4810fff]
/lib/x86_64-linux-gnu/libc.so.6(abort+0x16a) [0x2aedc481242a]
/lib/x86_64-linux-gnu/libc.so.6(+0x2be67) [0x2aedc4809e67]
/lib/x86_64-linux-gnu/libc.so.6(+0x2bf12) [0x2aedc4809f12]
/home/sek519/warm_starting/vws/../vpc/lib/Cbc-trunk/buildg/lib/libCbc.so.0(_ZN8CbcModel11takeOffCutsER7OsiCutsbPS0_iPPK9OsiRowCut+0xf3) [0x2aedc3a001e7]
/home/sek519/warm_starting/vws/../vpc/lib/Cbc-trunk/buildg/lib/libCbc.so.0(_ZN8CbcModel12chooseBranchERP7CbcNodeiS1_R7OsiCutsRbP18CoinWarmStartBasisPKdS9_RP15OsiSolverBranch+0x122f) [0x2aedc3a11e1b]
/home/sek519/warm_starting/vws/../vpc/lib/Cbc-trunk/buildg/lib/libCbc.so.0(_ZN8CbcModel14branchAndBoundEi+0xaf15) [0x2aedc39e6573]
../Debug/vws(+0x10457e) [0x565016ddf57e]
../Debug/vws(+0x127b85) [0x565016e02b85]
../Debug/vws(+0x79d6a) [0x565016d54d6a]
/lib/x86_64-linux-gnu/libc.so.6(__libc_start_main+0xf1) [0x2aedc47fe2e1]
../Debug/vws(+0x79259) [0x565016d54259]




ERROR while running Cbc. Signal SIGABRT caught. Getting stack trace.
/home/sek519/warm_starting/vws/../vpc/lib/Cbc-trunk/buildg/lib/libCbc.so.0(_Z15CbcCrashHandleri+0x277) [0x2aedc3a57a4b]
/lib/x86_64-linux-gnu/libc.so.6(+0x33060) [0x2aedc4811060]
/lib/x86_64-linux-gnu/libc.so.6(gsignal+0xcf) [0x2aedc4810fff]
/lib/x86_64-linux-gnu/libc.so.6(abort+0x16a) [0x2aedc481242a]
/home/sek519/warm_starting/vws/../vpc/lib/Cbc-trunk/buildg/lib/libCbc.so.0(_Z15CbcCrashHandleri+0x355) [0x2aedc3a57b29]
/lib/x86_64-linux-gnu/libc.so.6(+0x33060) [0x2aedc4811060]
/lib/x86_64-linux-gnu/libc.so.6(gsignal+0xcf) [0x2aedc4810fff]
/lib/x86_64-linux-gnu/libc.so.6(abort+0x16a) [0x2aedc481242a]
/lib/x86_64-linux-gnu/libc.so.6(+0x2be67) [0x2aedc4809e67]
/lib/x86_64-linux-gnu/libc.so.6(+0x2bf12) [0x2aedc4809f12]
/home/sek519/warm_starting/vws/../vpc/lib/Cbc-trunk/buildg/lib/libCbc.so.0(_ZN8CbcModel11takeOffCutsER7OsiCutsbPS0_iPPK9OsiRowCut+0xf3) [0x2aedc3a001e7]
/home/sek519/warm_starting/vws/../vpc/lib/Cbc-trunk/buildg/lib/libCbc.so.0(_ZN8CbcModel12chooseBranchERP7CbcNodeiS1_R7OsiCutsRbP18CoinWarmStartBasisPKdS9_RP15OsiSolverBranch+0x122f) [0x2aedc3a11e1b]
/home/sek519/warm_starting/vws/../vpc/lib/Cbc-trunk/buildg/lib/libCbc.so.0(_ZN8CbcModel14branchAndBoundEi+0xaf15) [0x2aedc39e6573]
../Debug/vws(+0x10457e) [0x565016ddf57e]
../Debug/vws(+0x127b85) [0x565016e02b85]
../Debug/vws(+0x79d6a) [0x565016d54d6a]
/lib/x86_64-linux-gnu/libc.so.6(__libc_start_main+0xf1) [0x2aedc47fe2e1]
../Debug/vws(+0x79259) [0x565016d54259]


/var/spool/torque/mom_priv/jobs/1216180.polyp1.ie.lehigh.edu.SC: line 4: 22842 Aborted                 ../Debug/vws ${INPUT_FOLDER} ${OUTPUT_FILE} ${MAX_TIME} ${GENERATOR} ${TERMS}
