node_id must be in stats_.
vws: /home/sek519/warm_starting/vws/../vpc/src/utility/utility.cpp:651: void verify(bool, const std::string&): Assertion `false' failed.


ERROR while running Cbc. Signal SIGABRT caught. Getting stack trace.
/home/sek519/warm_starting/vws/../vpc/lib/Cbc-trunk/buildg/lib/libCbc.so.0(_Z15CbcCrashHandleri+0x277) [0x2acc18900a4b]
/lib/x86_64-linux-gnu/libc.so.6(+0x33060) [0x2acc196ba060]
/lib/x86_64-linux-gnu/libc.so.6(gsignal+0xcf) [0x2acc196b9fff]
/lib/x86_64-linux-gnu/libc.so.6(abort+0x16a) [0x2acc196bb42a]
/lib/x86_64-linux-gnu/libc.so.6(+0x2be67) [0x2acc196b2e67]
/lib/x86_64-linux-gnu/libc.so.6(+0x2bf12) [0x2acc196b2f12]
../Debug/vws(+0x1b0475) [0x55e1c7769475]
../Debug/vws(+0x1c237c) [0x55e1c777b37c]
../Debug/vws(+0x1c248d) [0x55e1c777b48d]
../Debug/vws(+0x1c4943) [0x55e1c777d943]
../Debug/vws(+0x1bcc94) [0x55e1c7775c94]
/home/sek519/warm_starting/vws/../vpc/lib/Cbc-trunk/buildg/lib/libCbc.so.0(_ZN8CbcModel14branchAndBoundEi+0xe2fb) [0x2acc18892959]
../Debug/vws(+0x1fe284) [0x55e1c77b7284]
../Debug/vws(+0x1fc52d) [0x55e1c77b552d]
../Debug/vws(+0x1d559e) [0x55e1c778e59e]
../Debug/vws(+0x104b84) [0x55e1c76bdb84]
../Debug/vws(+0x103edf) [0x55e1c76bcedf]
../Debug/vws(+0x127b85) [0x55e1c76e0b85]
../Debug/vws(+0x79d6a) [0x55e1c7632d6a]
/lib/x86_64-linux-gnu/libc.so.6(__libc_start_main+0xf1) [0x2acc196a72e1]
../Debug/vws(+0x79259) [0x55e1c7632259]




ERROR while running Cbc. Signal SIGABRT caught. Getting stack trace.
/home/sek519/warm_starting/vws/../vpc/lib/Cbc-trunk/buildg/lib/libCbc.so.0(_Z15CbcCrashHandleri+0x277) [0x2acc18900a4b]
/lib/x86_64-linux-gnu/libc.so.6(+0x33060) [0x2acc196ba060]
/lib/x86_64-linux-gnu/libc.so.6(gsignal+0xcf) [0x2acc196b9fff]
/lib/x86_64-linux-gnu/libc.so.6(abort+0x16a) [0x2acc196bb42a]
/home/sek519/warm_starting/vws/../vpc/lib/Cbc-trunk/buildg/lib/libCbc.so.0(_Z15CbcCrashHandleri+0x355) [0x2acc18900b29]
/lib/x86_64-linux-gnu/libc.so.6(+0x33060) [0x2acc196ba060]
/lib/x86_64-linux-gnu/libc.so.6(gsignal+0xcf) [0x2acc196b9fff]
/lib/x86_64-linux-gnu/libc.so.6(abort+0x16a) [0x2acc196bb42a]
/lib/x86_64-linux-gnu/libc.so.6(+0x2be67) [0x2acc196b2e67]
/lib/x86_64-linux-gnu/libc.so.6(+0x2bf12) [0x2acc196b2f12]
../Debug/vws(+0x1b0475) [0x55e1c7769475]
../Debug/vws(+0x1c237c) [0x55e1c777b37c]
../Debug/vws(+0x1c248d) [0x55e1c777b48d]
../Debug/vws(+0x1c4943) [0x55e1c777d943]
../Debug/vws(+0x1bcc94) [0x55e1c7775c94]
/home/sek519/warm_starting/vws/../vpc/lib/Cbc-trunk/buildg/lib/libCbc.so.0(_ZN8CbcModel14branchAndBoundEi+0xe2fb) [0x2acc18892959]
../Debug/vws(+0x1fe284) [0x55e1c77b7284]
../Debug/vws(+0x1fc52d) [0x55e1c77b552d]
../Debug/vws(+0x1d559e) [0x55e1c778e59e]
../Debug/vws(+0x104b84) [0x55e1c76bdb84]
../Debug/vws(+0x103edf) [0x55e1c76bcedf]
../Debug/vws(+0x127b85) [0x55e1c76e0b85]
../Debug/vws(+0x79d6a) [0x55e1c7632d6a]
/lib/x86_64-linux-gnu/libc.so.6(__libc_start_main+0xf1) [0x2acc196a72e1]
../Debug/vws(+0x79259) [0x55e1c7632259]


/var/spool/torque/mom_priv/jobs/1216143.polyp1.ie.lehigh.edu.SC: line 4: 22441 Aborted                 ../Debug/vws ${INPUT_FOLDER} ${OUTPUT_FILE} ${MAX_TIME} ${GENERATOR} ${TERMS}
