*** WARNING (version #2c310f2): /home/sek519/warm_starting/vws/../vpc/src/cut/CglVPC.cpp:335: An integer (optimal) solution with value 18591.9 was found prior while getting disjunction.
*** WARNING (version #2c310f2): /home/sek519/warm_starting/vws/../vpc/src/cut/CglVPC.cpp:335: An integer (optimal) solution with value 9648.42 was found prior while getting disjunction.
*** WARNING (version #2c310f2): /home/sek519/warm_starting/vws/../vpc/src/cut/CglVPC.cpp:335: An integer (optimal) solution with value 11670.4 was found prior while getting disjunction.
*** WARNING (version #2c310f2): /home/sek519/warm_starting/vws/../vpc/src/cut/CglVPC.cpp:335: An integer (optimal) solution with value 8963.39 was found prior while getting disjunction.
*** WARNING (version #2c310f2): /home/sek519/warm_starting/vws/../vpc/src/cut/CglVPC.cpp:335: An integer (optimal) solution with value 8404.8 was found prior while getting disjunction.
*** WARNING (version #1ed723f): /home/sek519/warm_starting/vws/../vpc/src/branch/VPCEventHandler.cpp:1258: Objective at parent node 1/2 (node id 0) is somewhat incorrect. During BB, it was 11666.476, now it is 11528.321.
col must be an integer variable.
vws: /home/sek519/warm_starting/vws/../vpc/src/utility/utility.cpp:651: void verify(bool, const std::string&): Assertion `false' failed.


ERROR while running Cbc. Signal SIGABRT caught. Getting stack trace.
/home/sek519/warm_starting/vws/../vpc/lib/Cbc-trunk/buildg/lib/libCbc.so.0(_Z15CbcCrashHandleri+0x277) [0x2b2382c73a4b]
/lib/x86_64-linux-gnu/libc.so.6(+0x33060) [0x2b2383a2d060]
/lib/x86_64-linux-gnu/libc.so.6(gsignal+0xcf) [0x2b2383a2cfff]
/lib/x86_64-linux-gnu/libc.so.6(abort+0x16a) [0x2b2383a2e42a]
/lib/x86_64-linux-gnu/libc.so.6(+0x2be67) [0x2b2383a25e67]
/lib/x86_64-linux-gnu/libc.so.6(+0x2bf12) [0x2b2383a25f12]
../Debug/vws(+0x1b0475) [0x5566ec6e4475]
../Debug/vws(+0x1b0a58) [0x5566ec6e4a58]
../Debug/vws(+0x1b06e2) [0x5566ec6e46e2]
../Debug/vws(+0x1c3341) [0x5566ec6f7341]
../Debug/vws(+0x1c45ac) [0x5566ec6f85ac]
../Debug/vws(+0x1bcc94) [0x5566ec6f0c94]
/home/sek519/warm_starting/vws/../vpc/lib/Cbc-trunk/buildg/lib/libCbc.so.0(_ZN8CbcModel14branchAndBoundEi+0xe2fb) [0x2b2382c05959]
../Debug/vws(+0x1fe284) [0x5566ec732284]
../Debug/vws(+0x1fc52d) [0x5566ec73052d]
../Debug/vws(+0x1d559e) [0x5566ec70959e]
../Debug/vws(+0x104b84) [0x5566ec638b84]
../Debug/vws(+0x103edf) [0x5566ec637edf]
../Debug/vws(+0x127b85) [0x5566ec65bb85]
../Debug/vws(+0x79d6a) [0x5566ec5add6a]
/lib/x86_64-linux-gnu/libc.so.6(__libc_start_main+0xf1) [0x2b2383a1a2e1]
../Debug/vws(+0x79259) [0x5566ec5ad259]




ERROR while running Cbc. Signal SIGABRT caught. Getting stack trace.
/home/sek519/warm_starting/vws/../vpc/lib/Cbc-trunk/buildg/lib/libCbc.so.0(_Z15CbcCrashHandleri+0x277) [0x2b2382c73a4b]
/lib/x86_64-linux-gnu/libc.so.6(+0x33060) [0x2b2383a2d060]
/lib/x86_64-linux-gnu/libc.so.6(gsignal+0xcf) [0x2b2383a2cfff]
/lib/x86_64-linux-gnu/libc.so.6(abort+0x16a) [0x2b2383a2e42a]
/home/sek519/warm_starting/vws/../vpc/lib/Cbc-trunk/buildg/lib/libCbc.so.0(_Z15CbcCrashHandleri+0x355) [0x2b2382c73b29]
/lib/x86_64-linux-gnu/libc.so.6(+0x33060) [0x2b2383a2d060]
/lib/x86_64-linux-gnu/libc.so.6(gsignal+0xcf) [0x2b2383a2cfff]
/lib/x86_64-linux-gnu/libc.so.6(abort+0x16a) [0x2b2383a2e42a]
/lib/x86_64-linux-gnu/libc.so.6(+0x2be67) [0x2b2383a25e67]
/lib/x86_64-linux-gnu/libc.so.6(+0x2bf12) [0x2b2383a25f12]
../Debug/vws(+0x1b0475) [0x5566ec6e4475]
../Debug/vws(+0x1b0a58) [0x5566ec6e4a58]
../Debug/vws(+0x1b06e2) [0x5566ec6e46e2]
../Debug/vws(+0x1c3341) [0x5566ec6f7341]
../Debug/vws(+0x1c45ac) [0x5566ec6f85ac]
../Debug/vws(+0x1bcc94) [0x5566ec6f0c94]
/home/sek519/warm_starting/vws/../vpc/lib/Cbc-trunk/buildg/lib/libCbc.so.0(_ZN8CbcModel14branchAndBoundEi+0xe2fb) [0x2b2382c05959]
../Debug/vws(+0x1fe284) [0x5566ec732284]
../Debug/vws(+0x1fc52d) [0x5566ec73052d]
../Debug/vws(+0x1d559e) [0x5566ec70959e]
../Debug/vws(+0x104b84) [0x5566ec638b84]
../Debug/vws(+0x103edf) [0x5566ec637edf]
../Debug/vws(+0x127b85) [0x5566ec65bb85]
../Debug/vws(+0x79d6a) [0x5566ec5add6a]
/lib/x86_64-linux-gnu/libc.so.6(__libc_start_main+0xf1) [0x2b2383a1a2e1]
../Debug/vws(+0x79259) [0x5566ec5ad259]


/var/spool/torque/mom_priv/jobs/1216111.polyp1.ie.lehigh.edu.SC: line 4: 25491 Aborted                 ../Debug/vws ${INPUT_FOLDER} ${OUTPUT_FILE} ${MAX_TIME} ${GENERATOR} ${TERMS}
