*** WARNING (version #2c310f2): /home/sek519/warm_starting/vws/../vpc/src/utility/nbspace.cpp:372: Ray 162: Calculated dot product with obj differs from solver's. Obj viol from solver: 0.03916657. Calculated: 0.03916668.
*** WARNING (version #2c310f2): /home/sek519/warm_starting/vws/../vpc/src/utility/nbspace.cpp:372: Ray 130: Calculated dot product with obj differs from solver's. Obj viol from solver: 875.33986197. Calculated: 875.33986183.
*** WARNING (version #2c310f2): /home/sek519/warm_starting/vws/../vpc/src/utility/nbspace.cpp:372: Ray 69: Calculated dot product with obj differs from solver's. Obj viol from solver: 909.33468311. Calculated: 909.33468323.
*** WARNING (version #2c310f2): /home/sek519/warm_starting/vws/../vpc/src/cut/CglVPC.cpp:683: Nonbasic reduced cost should be >= 0 in the complemented nonbasic space. However, for nb var 13 (real var 15), it is -3.274135e-07. Small enough error that we only send warning.
*** WARNING (version #2c310f2): /home/sek519/warm_starting/vws/../vpc/src/cut/CglVPC.cpp:683: Nonbasic reduced cost should be >= 0 in the complemented nonbasic space. However, for nb var 54 (real var 58), it is -6.635987e-07. Small enough error that we only send warning.
*** WARNING (version #2c310f2): /home/sek519/warm_starting/vws/../vpc/src/cut/CglVPC.cpp:683: Nonbasic reduced cost should be >= 0 in the complemented nonbasic space. However, for nb var 59 (real var 64), it is -1.732663e-07. Small enough error that we only send warning.
*** WARNING (version #2c310f2): /home/sek519/warm_starting/vws/../vpc/src/cut/CglVPC.cpp:683: Nonbasic reduced cost should be >= 0 in the complemented nonbasic space. However, for nb var 82 (real var 88), it is -4.528261e-07. Small enough error that we only send warning.
*** WARNING (version #2c310f2): /home/sek519/warm_starting/vws/../vpc/src/cut/CglVPC.cpp:683: Nonbasic reduced cost should be >= 0 in the complemented nonbasic space. However, for nb var 104 (real var 112), it is -4.908249e-07. Small enough error that we only send warning.
*** WARNING (version #2c310f2): /home/sek519/warm_starting/vws/../vpc/src/cut/CglVPC.cpp:683: Nonbasic reduced cost should be >= 0 in the complemented nonbasic space. However, for nb var 132 (real var 142), it is -4.818919e-07. Small enough error that we only send warning.
*** WARNING (version #2c310f2): /home/sek519/warm_starting/vws/../vpc/src/utility/nbspace.cpp:358: Ray 15: dot product with obj < 0. Obj viol from solver: -0.00000033. Calculated: -0.00000033.
*** WARNING (version #2c310f2): /home/sek519/warm_starting/vws/../vpc/src/cut/CglVPC.cpp:1243: Term 11 ray 13 does not satisfy the objective cut. Activity: -0.00000033. RHS: 0.00000000. Small enough violation that we only send a warning.
*** WARNING (version #2c310f2): /home/sek519/warm_starting/vws/../vpc/src/utility/nbspace.cpp:358: Ray 58: dot product with obj < 0. Obj viol from solver: -0.00000066. Calculated: -0.00000066.
*** WARNING (version #2c310f2): /home/sek519/warm_starting/vws/../vpc/src/cut/CglVPC.cpp:1243: Term 11 ray 54 does not satisfy the objective cut. Activity: -0.00000066. RHS: 0.00000000. Small enough violation that we only send a warning.
*** WARNING (version #2c310f2): /home/sek519/warm_starting/vws/../vpc/src/utility/nbspace.cpp:358: Ray 64: dot product with obj < 0. Obj viol from solver: -0.00000017. Calculated: -0.00000017.
*** WARNING (version #2c310f2): /home/sek519/warm_starting/vws/../vpc/src/cut/CglVPC.cpp:1243: Term 11 ray 59 does not satisfy the objective cut. Activity: -0.00000017. RHS: 0.00000000. Small enough violation that we only send a warning.
*** WARNING (version #2c310f2): /home/sek519/warm_starting/vws/../vpc/src/utility/nbspace.cpp:358: Ray 88: dot product with obj < 0. Obj viol from solver: -0.00000045. Calculated: -0.00000045.
*** WARNING (version #2c310f2): /home/sek519/warm_starting/vws/../vpc/src/cut/CglVPC.cpp:1243: Term 11 ray 82 does not satisfy the objective cut. Activity: -0.00000045. RHS: 0.00000000. Small enough violation that we only send a warning.
*** WARNING (version #2c310f2): /home/sek519/warm_starting/vws/../vpc/src/utility/nbspace.cpp:358: Ray 112: dot product with obj < 0. Obj viol from solver: -0.00000049. Calculated: -0.00000049.
*** WARNING (version #2c310f2): /home/sek519/warm_starting/vws/../vpc/src/cut/CglVPC.cpp:1243: Term 11 ray 104 does not satisfy the objective cut. Activity: -0.00000049. RHS: 0.00000000. Small enough violation that we only send a warning.
*** WARNING (version #2c310f2): /home/sek519/warm_starting/vws/../vpc/src/utility/nbspace.cpp:358: Ray 142: dot product with obj < 0. Obj viol from solver: -0.00000048. Calculated: -0.00000048.
*** WARNING (version #2c310f2): /home/sek519/warm_starting/vws/../vpc/src/cut/CglVPC.cpp:1243: Term 11 ray 132 does not satisfy the objective cut. Activity: -0.00000048. RHS: 0.00000000. Small enough violation that we only send a warning.
*** WARNING (version #2c310f2): /home/sek519/warm_starting/vws/../vpc/src/cut/PRLP.cpp:387: PRLP is primal infeasible; giving up on this point-ray collection.
