Solver must be optimal to create disjunctive cuts
vws: /home/sek519/warm_starting/vws/../vpc/src/utility/utility.cpp:651: void verify(bool, const std::string&): Assertion `false' failed.


ERROR while running Cbc. Signal SIGABRT caught. Getting stack trace.
/home/sek519/warm_starting/vws/../vpc/lib/Cbc-trunk/buildg/lib/libCbc.so.0(_Z15CbcCrashHandleri+0x277) [0x2b4b8b9a4a4b]
/lib/x86_64-linux-gnu/libc.so.6(+0x33060) [0x2b4b8c75e060]
/lib/x86_64-linux-gnu/libc.so.6(gsignal+0xcf) [0x2b4b8c75dfff]
/lib/x86_64-linux-gnu/libc.so.6(abort+0x16a) [0x2b4b8c75f42a]
/lib/x86_64-linux-gnu/libc.so.6(+0x2be67) [0x2b4b8c756e67]
/lib/x86_64-linux-gnu/libc.so.6(+0x2bf12) [0x2b4b8c756f12]
../Debug/vws(+0x1b0475) [0x56262b0ab475]
../Debug/vws(+0x104a3f) [0x56262afffa3f]
../Debug/vws(+0x103edf) [0x56262affeedf]
../Debug/vws(+0x127b85) [0x56262b022b85]
../Debug/vws(+0x79d6a) [0x56262af74d6a]
/lib/x86_64-linux-gnu/libc.so.6(__libc_start_main+0xf1) [0x2b4b8c74b2e1]
../Debug/vws(+0x79259) [0x56262af74259]




ERROR while running Cbc. Signal SIGABRT caught. Getting stack trace.
/home/sek519/warm_starting/vws/../vpc/lib/Cbc-trunk/buildg/lib/libCbc.so.0(_Z15CbcCrashHandleri+0x277) [0x2b4b8b9a4a4b]
/lib/x86_64-linux-gnu/libc.so.6(+0x33060) [0x2b4b8c75e060]
/lib/x86_64-linux-gnu/libc.so.6(gsignal+0xcf) [0x2b4b8c75dfff]
/lib/x86_64-linux-gnu/libc.so.6(abort+0x16a) [0x2b4b8c75f42a]
/home/sek519/warm_starting/vws/../vpc/lib/Cbc-trunk/buildg/lib/libCbc.so.0(_Z15CbcCrashHandleri+0x355) [0x2b4b8b9a4b29]
/lib/x86_64-linux-gnu/libc.so.6(+0x33060) [0x2b4b8c75e060]
/lib/x86_64-linux-gnu/libc.so.6(gsignal+0xcf) [0x2b4b8c75dfff]
/lib/x86_64-linux-gnu/libc.so.6(abort+0x16a) [0x2b4b8c75f42a]
/lib/x86_64-linux-gnu/libc.so.6(+0x2be67) [0x2b4b8c756e67]
/lib/x86_64-linux-gnu/libc.so.6(+0x2bf12) [0x2b4b8c756f12]
../Debug/vws(+0x1b0475) [0x56262b0ab475]
../Debug/vws(+0x104a3f) [0x56262afffa3f]
../Debug/vws(+0x103edf) [0x56262affeedf]
../Debug/vws(+0x127b85) [0x56262b022b85]
../Debug/vws(+0x79d6a) [0x56262af74d6a]
/lib/x86_64-linux-gnu/libc.so.6(__libc_start_main+0xf1) [0x2b4b8c74b2e1]
../Debug/vws(+0x79259) [0x56262af74259]


/var/spool/torque/mom_priv/jobs/1216035.polyp1.ie.lehigh.edu.SC: line 4: 23608 Aborted                 (core dumped) ../Debug/vws ${INPUT_FOLDER} ${OUTPUT_FILE} ${MAX_TIME} ${GENERATOR} ${TERMS}
