node_id must be in stats_.
vws: /home/sek519/warm_starting/vws/../vpc/src/utility/utility.cpp:651: void verify(bool, const std::string&): Assertion `false' failed.


ERROR while running Cbc. Signal SIGABRT caught. Getting stack trace.
/home/sek519/warm_starting/vws/../vpc/lib/Cbc-trunk/buildg/lib/libCbc.so.0(_Z15CbcCrashHandleri+0x277) [0x2ae923a0fa4b]
/lib/x86_64-linux-gnu/libc.so.6(+0x33060) [0x2ae9247c9060]
/lib/x86_64-linux-gnu/libc.so.6(gsignal+0xcf) [0x2ae9247c8fff]
/lib/x86_64-linux-gnu/libc.so.6(abort+0x16a) [0x2ae9247ca42a]
/lib/x86_64-linux-gnu/libc.so.6(+0x2be67) [0x2ae9247c1e67]
/lib/x86_64-linux-gnu/libc.so.6(+0x2bf12) [0x2ae9247c1f12]
../Debug/vws(+0x1b0475) [0x558f1def2475]
../Debug/vws(+0x1c237c) [0x558f1df0437c]
../Debug/vws(+0x1c248d) [0x558f1df0448d]
../Debug/vws(+0x1c5028) [0x558f1df07028]
../Debug/vws(+0x1bcc94) [0x558f1defec94]
/home/sek519/warm_starting/vws/../vpc/lib/Cbc-trunk/buildg/lib/libCbc.so.0(_ZN8CbcModel14branchAndBoundEi+0xe2fb) [0x2ae9239a1959]
../Debug/vws(+0x1fe284) [0x558f1df40284]
../Debug/vws(+0x1fc52d) [0x558f1df3e52d]
../Debug/vws(+0x1d559e) [0x558f1df1759e]
../Debug/vws(+0x104b84) [0x558f1de46b84]
../Debug/vws(+0x103edf) [0x558f1de45edf]
../Debug/vws(+0x127b85) [0x558f1de69b85]
../Debug/vws(+0x79d6a) [0x558f1ddbbd6a]
/lib/x86_64-linux-gnu/libc.so.6(__libc_start_main+0xf1) [0x2ae9247b62e1]
../Debug/vws(+0x79259) [0x558f1ddbb259]




ERROR while running Cbc. Signal SIGABRT caught. Getting stack trace.
/home/sek519/warm_starting/vws/../vpc/lib/Cbc-trunk/buildg/lib/libCbc.so.0(_Z15CbcCrashHandleri+0x277) [0x2ae923a0fa4b]
/lib/x86_64-linux-gnu/libc.so.6(+0x33060) [0x2ae9247c9060]
/lib/x86_64-linux-gnu/libc.so.6(gsignal+0xcf) [0x2ae9247c8fff]
/lib/x86_64-linux-gnu/libc.so.6(abort+0x16a) [0x2ae9247ca42a]
/home/sek519/warm_starting/vws/../vpc/lib/Cbc-trunk/buildg/lib/libCbc.so.0(_Z15CbcCrashHandleri+0x355) [0x2ae923a0fb29]
/lib/x86_64-linux-gnu/libc.so.6(+0x33060) [0x2ae9247c9060]
/lib/x86_64-linux-gnu/libc.so.6(gsignal+0xcf) [0x2ae9247c8fff]
/lib/x86_64-linux-gnu/libc.so.6(abort+0x16a) [0x2ae9247ca42a]
/lib/x86_64-linux-gnu/libc.so.6(+0x2be67) [0x2ae9247c1e67]
/lib/x86_64-linux-gnu/libc.so.6(+0x2bf12) [0x2ae9247c1f12]
../Debug/vws(+0x1b0475) [0x558f1def2475]
../Debug/vws(+0x1c237c) [0x558f1df0437c]
../Debug/vws(+0x1c248d) [0x558f1df0448d]
../Debug/vws(+0x1c5028) [0x558f1df07028]
../Debug/vws(+0x1bcc94) [0x558f1defec94]
/home/sek519/warm_starting/vws/../vpc/lib/Cbc-trunk/buildg/lib/libCbc.so.0(_ZN8CbcModel14branchAndBoundEi+0xe2fb) [0x2ae9239a1959]
../Debug/vws(+0x1fe284) [0x558f1df40284]
../Debug/vws(+0x1fc52d) [0x558f1df3e52d]
../Debug/vws(+0x1d559e) [0x558f1df1759e]
../Debug/vws(+0x104b84) [0x558f1de46b84]
../Debug/vws(+0x103edf) [0x558f1de45edf]
../Debug/vws(+0x127b85) [0x558f1de69b85]
../Debug/vws(+0x79d6a) [0x558f1ddbbd6a]
/lib/x86_64-linux-gnu/libc.so.6(__libc_start_main+0xf1) [0x2ae9247b62e1]
../Debug/vws(+0x79259) [0x558f1ddbb259]


/var/spool/torque/mom_priv/jobs/1216087.polyp1.ie.lehigh.edu.SC: line 4: 29218 Aborted                 ../Debug/vws ${INPUT_FOLDER} ${OUTPUT_FILE} ${MAX_TIME} ${GENERATOR} ${TERMS}
