*** WARNING (version #1ed723f): /home/sek519/warm_starting/vws/../vpc/src/branch/VPCEventHandler.cpp:1258: Objective at parent node 1/8 (node id 0) is somewhat incorrect. During BB, it was 9048.787, now it is 8939.143.


ERROR while running Cbc. Signal SIGABRT caught. Getting stack trace.
/home/sek519/warm_starting/vws/../vpc/lib/Cbc-trunk/buildg/lib/libCbc.so.0(_Z15CbcCrashHandleri+0x277) [0x2ba7d9a0ca4b]
/lib/x86_64-linux-gnu/libc.so.6(+0x33060) [0x2ba7da7c6060]
/lib/x86_64-linux-gnu/libc.so.6(gsignal+0xcf) [0x2ba7da7c5fff]
/lib/x86_64-linux-gnu/libc.so.6(abort+0x16a) [0x2ba7da7c742a]
/home/sek519/warm_starting/vws/../vpc/lib/Cbc-trunk/buildg/lib/libClp.so.0(_ZN18ClpSimplexProgress7loopingEv+0xc35) [0x2ba7d9fda293]
/home/sek519/warm_starting/vws/../vpc/lib/Cbc-trunk/buildg/lib/libClp.so.0(_ZN14ClpSimplexDual21statusOfProblemInDualERiiPdR11ClpDataSavei+0x216d) [0x2ba7d9f6afe9]
/home/sek519/warm_starting/vws/../vpc/lib/Cbc-trunk/buildg/lib/libClp.so.0(_ZN14ClpSimplexDual10gutsOfDualEiRPdiR11ClpDataSave+0x41f) [0x2ba7d9f5c8c7]
/home/sek519/warm_starting/vws/../vpc/lib/Cbc-trunk/buildg/lib/libClp.so.0(_ZN14ClpSimplexDual4dualEii+0x2e3) [0x2ba7d9f5d10d]
/home/sek519/warm_starting/vws/../vpc/lib/Cbc-trunk/buildg/lib/libClp.so.0(_ZN10ClpSimplex4dualEii+0x168) [0x2ba7d9f3acee]
/home/sek519/warm_starting/vws/../vpc/lib/Cbc-trunk/buildg/lib/libOsiClp.so.0(_ZN21OsiClpSolverInterface7resolveEv+0x1584) [0x2ba7d96b15ac]
/home/sek519/warm_starting/vws/../vpc/lib/Cbc-trunk/buildg/lib/libCbc.so.0(_ZN8CbcModel7resolveEP18OsiSolverInterface+0x178) [0x2ba7d99c52a0]
/home/sek519/warm_starting/vws/../vpc/lib/Cbc-trunk/buildg/lib/libCbc.so.0(_ZN8CbcModel7resolveEP11CbcNodeInfoiPdS2_S2_+0xb49) [0x2ba7d99b6681]
/home/sek519/warm_starting/vws/../vpc/lib/Cbc-trunk/buildg/lib/libCbc.so.0(_ZN8CbcModel13solveWithCutsER7OsiCutsiP7CbcNode+0x55e) [0x2ba7d99ad102]
/home/sek519/warm_starting/vws/../vpc/lib/Cbc-trunk/buildg/lib/libCbc.so.0(_ZN8CbcModel9doOneNodeEPS_RP7CbcNodeS3_+0x1f9b) [0x2ba7d99cce6b]
/home/sek519/warm_starting/vws/../vpc/lib/Cbc-trunk/buildg/lib/libCbc.so.0(_ZN8CbcModel14branchAndBoundEi+0xe44d) [0x2ba7d999eaab]
../Debug/vws(+0x10457e) [0x5611030c757e]
../Debug/vws(+0x127b85) [0x5611030eab85]
../Debug/vws(+0x79d6a) [0x56110303cd6a]
/lib/x86_64-linux-gnu/libc.so.6(__libc_start_main+0xf1) [0x2ba7da7b32e1]
../Debug/vws(+0x79259) [0x56110303c259]




ERROR while running Cbc. Signal SIGABRT caught. Getting stack trace.
/home/sek519/warm_starting/vws/../vpc/lib/Cbc-trunk/buildg/lib/libCbc.so.0(_Z15CbcCrashHandleri+0x277) [0x2ba7d9a0ca4b]
/lib/x86_64-linux-gnu/libc.so.6(+0x33060) [0x2ba7da7c6060]
/lib/x86_64-linux-gnu/libc.so.6(gsignal+0xcf) [0x2ba7da7c5fff]
/lib/x86_64-linux-gnu/libc.so.6(abort+0x16a) [0x2ba7da7c742a]
/home/sek519/warm_starting/vws/../vpc/lib/Cbc-trunk/buildg/lib/libCbc.so.0(_Z15CbcCrashHandleri+0x355) [0x2ba7d9a0cb29]
/lib/x86_64-linux-gnu/libc.so.6(+0x33060) [0x2ba7da7c6060]
/lib/x86_64-linux-gnu/libc.so.6(gsignal+0xcf) [0x2ba7da7c5fff]
/lib/x86_64-linux-gnu/libc.so.6(abort+0x16a) [0x2ba7da7c742a]
/home/sek519/warm_starting/vws/../vpc/lib/Cbc-trunk/buildg/lib/libClp.so.0(_ZN18ClpSimplexProgress7loopingEv+0xc35) [0x2ba7d9fda293]
/home/sek519/warm_starting/vws/../vpc/lib/Cbc-trunk/buildg/lib/libClp.so.0(_ZN14ClpSimplexDual21statusOfProblemInDualERiiPdR11ClpDataSavei+0x216d) [0x2ba7d9f6afe9]
/home/sek519/warm_starting/vws/../vpc/lib/Cbc-trunk/buildg/lib/libClp.so.0(_ZN14ClpSimplexDual10gutsOfDualEiRPdiR11ClpDataSave+0x41f) [0x2ba7d9f5c8c7]
/home/sek519/warm_starting/vws/../vpc/lib/Cbc-trunk/buildg/lib/libClp.so.0(_ZN14ClpSimplexDual4dualEii+0x2e3) [0x2ba7d9f5d10d]
/home/sek519/warm_starting/vws/../vpc/lib/Cbc-trunk/buildg/lib/libClp.so.0(_ZN10ClpSimplex4dualEii+0x168) [0x2ba7d9f3acee]
/home/sek519/warm_starting/vws/../vpc/lib/Cbc-trunk/buildg/lib/libOsiClp.so.0(_ZN21OsiClpSolverInterface7resolveEv+0x1584) [0x2ba7d96b15ac]
/home/sek519/warm_starting/vws/../vpc/lib/Cbc-trunk/buildg/lib/libCbc.so.0(_ZN8CbcModel7resolveEP18OsiSolverInterface+0x178) [0x2ba7d99c52a0]
/home/sek519/warm_starting/vws/../vpc/lib/Cbc-trunk/buildg/lib/libCbc.so.0(_ZN8CbcModel7resolveEP11CbcNodeInfoiPdS2_S2_+0xb49) [0x2ba7d99b6681]
/home/sek519/warm_starting/vws/../vpc/lib/Cbc-trunk/buildg/lib/libCbc.so.0(_ZN8CbcModel13solveWithCutsER7OsiCutsiP7CbcNode+0x55e) [0x2ba7d99ad102]
/home/sek519/warm_starting/vws/../vpc/lib/Cbc-trunk/buildg/lib/libCbc.so.0(_ZN8CbcModel9doOneNodeEPS_RP7CbcNodeS3_+0x1f9b) [0x2ba7d99cce6b]
/home/sek519/warm_starting/vws/../vpc/lib/Cbc-trunk/buildg/lib/libCbc.so.0(_ZN8CbcModel14branchAndBoundEi+0xe44d) [0x2ba7d999eaab]
../Debug/vws(+0x10457e) [0x5611030c757e]
../Debug/vws(+0x127b85) [0x5611030eab85]
../Debug/vws(+0x79d6a) [0x56110303cd6a]
/lib/x86_64-linux-gnu/libc.so.6(__libc_start_main+0xf1) [0x2ba7da7b32e1]
../Debug/vws(+0x79259) [0x56110303c259]


/var/spool/torque/mom_priv/jobs/1215995.polyp1.ie.lehigh.edu.SC: line 4:  4365 Aborted                 ../Debug/vws ${INPUT_FOLDER} ${OUTPUT_FILE} ${MAX_TIME} ${GENERATOR} ${TERMS}
