Solver must be optimal to create disjunctive cuts
vws: /home/sek519/warm_starting/vws/../vpc/src/utility/utility.cpp:651: void verify(bool, const std::string&): Assertion `false' failed.


ERROR while running Cbc. Signal SIGABRT caught. Getting stack trace.
/home/sek519/warm_starting/vws/../vpc/lib/Cbc-trunk/buildg/lib/libCbc.so.0(_Z15CbcCrashHandleri+0x277) [0x2aedf0a0aa4b]
/lib/x86_64-linux-gnu/libc.so.6(+0x33060) [0x2aedf17c4060]
/lib/x86_64-linux-gnu/libc.so.6(gsignal+0xcf) [0x2aedf17c3fff]
/lib/x86_64-linux-gnu/libc.so.6(abort+0x16a) [0x2aedf17c542a]
/lib/x86_64-linux-gnu/libc.so.6(+0x2be67) [0x2aedf17bce67]
/lib/x86_64-linux-gnu/libc.so.6(+0x2bf12) [0x2aedf17bcf12]
../Debug/vws(+0x1b0475) [0x562eafdfe475]
../Debug/vws(+0x104a3f) [0x562eafd52a3f]
../Debug/vws(+0x103edf) [0x562eafd51edf]
../Debug/vws(+0x127b85) [0x562eafd75b85]
../Debug/vws(+0x79d6a) [0x562eafcc7d6a]
/lib/x86_64-linux-gnu/libc.so.6(__libc_start_main+0xf1) [0x2aedf17b12e1]
../Debug/vws(+0x79259) [0x562eafcc7259]




ERROR while running Cbc. Signal SIGABRT caught. Getting stack trace.
/home/sek519/warm_starting/vws/../vpc/lib/Cbc-trunk/buildg/lib/libCbc.so.0(_Z15CbcCrashHandleri+0x277) [0x2aedf0a0aa4b]
/lib/x86_64-linux-gnu/libc.so.6(+0x33060) [0x2aedf17c4060]
/lib/x86_64-linux-gnu/libc.so.6(gsignal+0xcf) [0x2aedf17c3fff]
/lib/x86_64-linux-gnu/libc.so.6(abort+0x16a) [0x2aedf17c542a]
/home/sek519/warm_starting/vws/../vpc/lib/Cbc-trunk/buildg/lib/libCbc.so.0(_Z15CbcCrashHandleri+0x355) [0x2aedf0a0ab29]
/lib/x86_64-linux-gnu/libc.so.6(+0x33060) [0x2aedf17c4060]
/lib/x86_64-linux-gnu/libc.so.6(gsignal+0xcf) [0x2aedf17c3fff]
/lib/x86_64-linux-gnu/libc.so.6(abort+0x16a) [0x2aedf17c542a]
/lib/x86_64-linux-gnu/libc.so.6(+0x2be67) [0x2aedf17bce67]
/lib/x86_64-linux-gnu/libc.so.6(+0x2bf12) [0x2aedf17bcf12]
../Debug/vws(+0x1b0475) [0x562eafdfe475]
../Debug/vws(+0x104a3f) [0x562eafd52a3f]
../Debug/vws(+0x103edf) [0x562eafd51edf]
../Debug/vws(+0x127b85) [0x562eafd75b85]
../Debug/vws(+0x79d6a) [0x562eafcc7d6a]
/lib/x86_64-linux-gnu/libc.so.6(__libc_start_main+0xf1) [0x2aedf17b12e1]
../Debug/vws(+0x79259) [0x562eafcc7259]


/var/spool/torque/mom_priv/jobs/1216051.polyp1.ie.lehigh.edu.SC: line 4: 21863 Aborted                 ../Debug/vws ${INPUT_FOLDER} ${OUTPUT_FILE} ${MAX_TIME} ${GENERATOR} ${TERMS}
