Solver must be optimal to create disjunctive cuts
vws: /home/sek519/warm_starting/vws/../vpc/src/utility/utility.cpp:651: void verify(bool, const std::string&): Assertion `false' failed.


ERROR while running Cbc. Signal SIGABRT caught. Getting stack trace.
/home/sek519/warm_starting/vws/../vpc/lib/Cbc-trunk/buildg/lib/libCbc.so.0(_Z15CbcCrashHandleri+0x277) [0x2aecb524da4b]
/lib/x86_64-linux-gnu/libc.so.6(+0x33060) [0x2aecb6007060]
/lib/x86_64-linux-gnu/libc.so.6(gsignal+0xcf) [0x2aecb6006fff]
/lib/x86_64-linux-gnu/libc.so.6(abort+0x16a) [0x2aecb600842a]
/lib/x86_64-linux-gnu/libc.so.6(+0x2be67) [0x2aecb5fffe67]
/lib/x86_64-linux-gnu/libc.so.6(+0x2bf12) [0x2aecb5ffff12]
../Debug/vws(+0x1b0475) [0x5572c21e3475]
../Debug/vws(+0x104a3f) [0x5572c2137a3f]
../Debug/vws(+0x103edf) [0x5572c2136edf]
../Debug/vws(+0x127b85) [0x5572c215ab85]
../Debug/vws(+0x79d6a) [0x5572c20acd6a]
/lib/x86_64-linux-gnu/libc.so.6(__libc_start_main+0xf1) [0x2aecb5ff42e1]
../Debug/vws(+0x79259) [0x5572c20ac259]




ERROR while running Cbc. Signal SIGABRT caught. Getting stack trace.
/home/sek519/warm_starting/vws/../vpc/lib/Cbc-trunk/buildg/lib/libCbc.so.0(_Z15CbcCrashHandleri+0x277) [0x2aecb524da4b]
/lib/x86_64-linux-gnu/libc.so.6(+0x33060) [0x2aecb6007060]
/lib/x86_64-linux-gnu/libc.so.6(gsignal+0xcf) [0x2aecb6006fff]
/lib/x86_64-linux-gnu/libc.so.6(abort+0x16a) [0x2aecb600842a]
/home/sek519/warm_starting/vws/../vpc/lib/Cbc-trunk/buildg/lib/libCbc.so.0(_Z15CbcCrashHandleri+0x355) [0x2aecb524db29]
/lib/x86_64-linux-gnu/libc.so.6(+0x33060) [0x2aecb6007060]
/lib/x86_64-linux-gnu/libc.so.6(gsignal+0xcf) [0x2aecb6006fff]
/lib/x86_64-linux-gnu/libc.so.6(abort+0x16a) [0x2aecb600842a]
/lib/x86_64-linux-gnu/libc.so.6(+0x2be67) [0x2aecb5fffe67]
/lib/x86_64-linux-gnu/libc.so.6(+0x2bf12) [0x2aecb5ffff12]
../Debug/vws(+0x1b0475) [0x5572c21e3475]
../Debug/vws(+0x104a3f) [0x5572c2137a3f]
../Debug/vws(+0x103edf) [0x5572c2136edf]
../Debug/vws(+0x127b85) [0x5572c215ab85]
../Debug/vws(+0x79d6a) [0x5572c20acd6a]
/lib/x86_64-linux-gnu/libc.so.6(__libc_start_main+0xf1) [0x2aecb5ff42e1]
../Debug/vws(+0x79259) [0x5572c20ac259]


/var/spool/torque/mom_priv/jobs/1216027.polyp1.ie.lehigh.edu.SC: line 4: 21482 Aborted                 ../Debug/vws ${INPUT_FOLDER} ${OUTPUT_FILE} ${MAX_TIME} ${GENERATOR} ${TERMS}
