Solver must be optimal to create disjunctive cuts
vws: /home/sek519/warm_starting/vws/../vpc/src/utility/utility.cpp:651: void verify(bool, const std::string&): Assertion `false' failed.


ERROR while running Cbc. Signal SIGABRT caught. Getting stack trace.
/home/sek519/warm_starting/vws/../vpc/lib/Cbc-trunk/buildg/lib/libCbc.so.0(_Z15CbcCrashHandleri+0x277) [0x2b93bb1e7a4b]
/lib/x86_64-linux-gnu/libc.so.6(+0x33060) [0x2b93bbfa1060]
/lib/x86_64-linux-gnu/libc.so.6(gsignal+0xcf) [0x2b93bbfa0fff]
/lib/x86_64-linux-gnu/libc.so.6(abort+0x16a) [0x2b93bbfa242a]
/lib/x86_64-linux-gnu/libc.so.6(+0x2be67) [0x2b93bbf99e67]
/lib/x86_64-linux-gnu/libc.so.6(+0x2bf12) [0x2b93bbf99f12]
../Debug/vws(+0x1b0475) [0x5598c152f475]
../Debug/vws(+0x1059ab) [0x5598c14849ab]
../Debug/vws(+0x103f4a) [0x5598c1482f4a]
../Debug/vws(+0x127b85) [0x5598c14a6b85]
../Debug/vws(+0x79d6a) [0x5598c13f8d6a]
/lib/x86_64-linux-gnu/libc.so.6(__libc_start_main+0xf1) [0x2b93bbf8e2e1]
../Debug/vws(+0x79259) [0x5598c13f8259]




ERROR while running Cbc. Signal SIGABRT caught. Getting stack trace.
/home/sek519/warm_starting/vws/../vpc/lib/Cbc-trunk/buildg/lib/libCbc.so.0(_Z15CbcCrashHandleri+0x277) [0x2b93bb1e7a4b]
/lib/x86_64-linux-gnu/libc.so.6(+0x33060) [0x2b93bbfa1060]
/lib/x86_64-linux-gnu/libc.so.6(gsignal+0xcf) [0x2b93bbfa0fff]
/lib/x86_64-linux-gnu/libc.so.6(abort+0x16a) [0x2b93bbfa242a]
/home/sek519/warm_starting/vws/../vpc/lib/Cbc-trunk/buildg/lib/libCbc.so.0(_Z15CbcCrashHandleri+0x355) [0x2b93bb1e7b29]
/lib/x86_64-linux-gnu/libc.so.6(+0x33060) [0x2b93bbfa1060]
/lib/x86_64-linux-gnu/libc.so.6(gsignal+0xcf) [0x2b93bbfa0fff]
/lib/x86_64-linux-gnu/libc.so.6(abort+0x16a) [0x2b93bbfa242a]
/lib/x86_64-linux-gnu/libc.so.6(+0x2be67) [0x2b93bbf99e67]
/lib/x86_64-linux-gnu/libc.so.6(+0x2bf12) [0x2b93bbf99f12]
../Debug/vws(+0x1b0475) [0x5598c152f475]
../Debug/vws(+0x1059ab) [0x5598c14849ab]
../Debug/vws(+0x103f4a) [0x5598c1482f4a]
../Debug/vws(+0x127b85) [0x5598c14a6b85]
../Debug/vws(+0x79d6a) [0x5598c13f8d6a]
/lib/x86_64-linux-gnu/libc.so.6(__libc_start_main+0xf1) [0x2b93bbf8e2e1]
../Debug/vws(+0x79259) [0x5598c13f8259]


/var/spool/torque/mom_priv/jobs/1216052.polyp1.ie.lehigh.edu.SC: line 4:  5217 Aborted                 ../Debug/vws ${INPUT_FOLDER} ${OUTPUT_FILE} ${MAX_TIME} ${GENERATOR} ${TERMS}
