*** WARNING (version #1ed723f): /home/sek519/warm_starting/vws/../vpc/src/branch/VPCEventHandler.cpp:1258: Objective at parent node 1/2 (node id 0) is somewhat incorrect. During BB, it was -99.000, now it is -100.000.
*** WARNING (version #1ed723f): /home/sek519/warm_starting/vws/../vpc/src/branch/VPCEventHandler.cpp:1258: Objective at parent node 1/2 (node id 0) is somewhat incorrect. During BB, it was -99.000, now it is -100.000.
node_id must be in stats_.
vws: /home/sek519/warm_starting/vws/../vpc/src/utility/utility.cpp:651: void verify(bool, const std::string&): Assertion `false' failed.


ERROR while running Cbc. Signal SIGABRT caught. Getting stack trace.
/home/sek519/warm_starting/vws/../vpc/lib/Cbc-trunk/buildg/lib/libCbc.so.0(_Z15CbcCrashHandleri+0x277) [0x2aacb4d19a4b]
/lib/x86_64-linux-gnu/libc.so.6(+0x33060) [0x2aacb5ad3060]
/lib/x86_64-linux-gnu/libc.so.6(gsignal+0xcf) [0x2aacb5ad2fff]
/lib/x86_64-linux-gnu/libc.so.6(abort+0x16a) [0x2aacb5ad442a]
/lib/x86_64-linux-gnu/libc.so.6(+0x2be67) [0x2aacb5acbe67]
/lib/x86_64-linux-gnu/libc.so.6(+0x2bf12) [0x2aacb5acbf12]
../Debug/vws(+0x1b0475) [0x556b4f880475]
../Debug/vws(+0x1c237c) [0x556b4f89237c]
../Debug/vws(+0x1c248d) [0x556b4f89248d]
../Debug/vws(+0x1c4943) [0x556b4f894943]
../Debug/vws(+0x1bcc94) [0x556b4f88cc94]
/home/sek519/warm_starting/vws/../vpc/lib/Cbc-trunk/buildg/lib/libCbc.so.0(_ZN8CbcModel14branchAndBoundEi+0xe2fb) [0x2aacb4cab959]
../Debug/vws(+0x1fe284) [0x556b4f8ce284]
../Debug/vws(+0x1fc52d) [0x556b4f8cc52d]
../Debug/vws(+0x1d559e) [0x556b4f8a559e]
../Debug/vws(+0x104b84) [0x556b4f7d4b84]
../Debug/vws(+0x103edf) [0x556b4f7d3edf]
../Debug/vws(+0x127b85) [0x556b4f7f7b85]
../Debug/vws(+0x79d6a) [0x556b4f749d6a]
/lib/x86_64-linux-gnu/libc.so.6(__libc_start_main+0xf1) [0x2aacb5ac02e1]
../Debug/vws(+0x79259) [0x556b4f749259]




ERROR while running Cbc. Signal SIGABRT caught. Getting stack trace.
/home/sek519/warm_starting/vws/../vpc/lib/Cbc-trunk/buildg/lib/libCbc.so.0(_Z15CbcCrashHandleri+0x277) [0x2aacb4d19a4b]
/lib/x86_64-linux-gnu/libc.so.6(+0x33060) [0x2aacb5ad3060]
/lib/x86_64-linux-gnu/libc.so.6(gsignal+0xcf) [0x2aacb5ad2fff]
/lib/x86_64-linux-gnu/libc.so.6(abort+0x16a) [0x2aacb5ad442a]
/home/sek519/warm_starting/vws/../vpc/lib/Cbc-trunk/buildg/lib/libCbc.so.0(_Z15CbcCrashHandleri+0x355) [0x2aacb4d19b29]
/lib/x86_64-linux-gnu/libc.so.6(+0x33060) [0x2aacb5ad3060]
/lib/x86_64-linux-gnu/libc.so.6(gsignal+0xcf) [0x2aacb5ad2fff]
/lib/x86_64-linux-gnu/libc.so.6(abort+0x16a) [0x2aacb5ad442a]
/lib/x86_64-linux-gnu/libc.so.6(+0x2be67) [0x2aacb5acbe67]
/lib/x86_64-linux-gnu/libc.so.6(+0x2bf12) [0x2aacb5acbf12]
../Debug/vws(+0x1b0475) [0x556b4f880475]
../Debug/vws(+0x1c237c) [0x556b4f89237c]
../Debug/vws(+0x1c248d) [0x556b4f89248d]
../Debug/vws(+0x1c4943) [0x556b4f894943]
../Debug/vws(+0x1bcc94) [0x556b4f88cc94]
/home/sek519/warm_starting/vws/../vpc/lib/Cbc-trunk/buildg/lib/libCbc.so.0(_ZN8CbcModel14branchAndBoundEi+0xe2fb) [0x2aacb4cab959]
../Debug/vws(+0x1fe284) [0x556b4f8ce284]
../Debug/vws(+0x1fc52d) [0x556b4f8cc52d]
../Debug/vws(+0x1d559e) [0x556b4f8a559e]
../Debug/vws(+0x104b84) [0x556b4f7d4b84]
../Debug/vws(+0x103edf) [0x556b4f7d3edf]
../Debug/vws(+0x127b85) [0x556b4f7f7b85]
../Debug/vws(+0x79d6a) [0x556b4f749d6a]
/lib/x86_64-linux-gnu/libc.so.6(__libc_start_main+0xf1) [0x2aacb5ac02e1]
../Debug/vws(+0x79259) [0x556b4f749259]


/var/spool/torque/mom_priv/jobs/1216207.polyp1.ie.lehigh.edu.SC: line 4:  6085 Aborted                 ../Debug/vws ${INPUT_FOLDER} ${OUTPUT_FILE} ${MAX_TIME} ${GENERATOR} ${TERMS}
