*** WARNING (version #1ed723f): /home/sek519/warm_starting/vws/../vpc/src/branch/VPCEventHandler.cpp:1258: Objective at parent node 1/9 (node id 0) is somewhat incorrect. During BB, it was -99.000, now it is -100.000.
*** WARNING (version #1ed723f): /home/sek519/warm_starting/vws/../vpc/src/branch/VPCEventHandler.cpp:1258: Objective at parent node 1/9 (node id 0) is somewhat incorrect. During BB, it was -99.000, now it is -100.000.
*** WARNING (version #1ed723f): /home/sek519/warm_starting/vws/../vpc/src/branch/VPCEventHandler.cpp:1258: Objective at parent node 1/9 (node id 0) is somewhat incorrect. During BB, it was -99.000, now it is -100.000.
*** WARNING (version #1ed723f): /home/sek519/warm_starting/vws/../vpc/src/branch/VPCEventHandler.cpp:1258: Objective at parent node 1/9 (node id 0) is somewhat incorrect. During BB, it was -99.000, now it is -100.000.
*** WARNING (version #1ed723f): /home/sek519/warm_starting/vws/../vpc/src/branch/VPCEventHandler.cpp:1258: Objective at parent node 1/9 (node id 0) is somewhat incorrect. During BB, it was -99.000, now it is -100.000.
*** WARNING (version #1ed723f): /home/sek519/warm_starting/vws/../vpc/src/branch/VPCEventHandler.cpp:1258: Objective at parent node 1/9 (node id 0) is somewhat incorrect. During BB, it was -99.000, now it is -100.000.
*** WARNING (version #1ed723f): /home/sek519/warm_starting/vws/../vpc/src/branch/VPCEventHandler.cpp:1258: Objective at parent node 1/9 (node id 0) is somewhat incorrect. During BB, it was -99.000, now it is -100.000.
*** WARNING (version #1ed723f): /home/sek519/warm_starting/vws/../vpc/src/branch/VPCEventHandler.cpp:1258: Objective at parent node 1/9 (node id 0) is somewhat incorrect. During BB, it was -99.000, now it is -100.000.
*** WARNING (version #1ed723f): /home/sek519/warm_starting/vws/../vpc/src/branch/VPCEventHandler.cpp:1258: Objective at parent node 1/9 (node id 0) is somewhat incorrect. During BB, it was -99.000, now it is -100.000.
*** WARNING (version #1ed723f): /home/sek519/warm_starting/vws/../vpc/src/branch/VPCEventHandler.cpp:1258: Objective at parent node 1/9 (node id 0) is somewhat incorrect. During BB, it was -99.000, now it is -100.000.
*** WARNING (version #1ed723f): /home/sek519/warm_starting/vws/../vpc/src/branch/VPCEventHandler.cpp:1258: Objective at parent node 1/9 (node id 0) is somewhat incorrect. During BB, it was -99.000, now it is -100.000.
*** WARNING (version #1ed723f): /home/sek519/warm_starting/vws/../vpc/src/branch/VPCEventHandler.cpp:1258: Objective at parent node 1/9 (node id 0) is somewhat incorrect. During BB, it was -99.000, now it is -100.000.
*** WARNING (version #1ed723f): /home/sek519/warm_starting/vws/../vpc/src/branch/VPCEventHandler.cpp:1258: Objective at parent node 1/9 (node id 0) is somewhat incorrect. During BB, it was -99.000, now it is -100.000.
*** WARNING (version #1ed723f): /home/sek519/warm_starting/vws/../vpc/src/branch/VPCEventHandler.cpp:1258: Objective at parent node 1/9 (node id 0) is somewhat incorrect. During BB, it was -99.000, now it is -100.000.
*** WARNING (version #1ed723f): /home/sek519/warm_starting/vws/../vpc/src/branch/VPCEventHandler.cpp:1258: Objective at parent node 1/9 (node id 0) is somewhat incorrect. During BB, it was -99.000, now it is -100.000.
*** WARNING (version #1ed723f): /home/sek519/warm_starting/vws/../vpc/src/branch/VPCEventHandler.cpp:1258: Objective at parent node 1/9 (node id 0) is somewhat incorrect. During BB, it was -99.000, now it is -100.000.
*** WARNING (version #1ed723f): /home/sek519/warm_starting/vws/../vpc/src/branch/VPCEventHandler.cpp:1258: Objective at parent node 1/9 (node id 0) is somewhat incorrect. During BB, it was -99.000, now it is -100.000.
*** WARNING (version #1ed723f): /home/sek519/warm_starting/vws/../vpc/src/branch/VPCEventHandler.cpp:1258: Objective at parent node 1/9 (node id 0) is somewhat incorrect. During BB, it was -99.000, now it is -100.000.
*** WARNING (version #1ed723f): /home/sek519/warm_starting/vws/../vpc/src/branch/VPCEventHandler.cpp:1258: Objective at parent node 1/9 (node id 0) is somewhat incorrect. During BB, it was -99.000, now it is -100.000.
*** WARNING (version #1ed723f): /home/sek519/warm_starting/vws/../vpc/src/branch/VPCEventHandler.cpp:1258: Objective at parent node 1/9 (node id 0) is somewhat incorrect. During BB, it was -99.000, now it is -100.000.
terminate called after throwing an instance of 'std::bad_alloc'
  what():  std::bad_alloc


ERROR while running Cbc. Signal SIGABRT caught. Getting stack trace.
/home/sek519/warm_starting/vws/../vpc/lib/Cbc-trunk/buildg/lib/libCbc.so.0(_Z15CbcCrashHandleri+0x277) [0x2ba896cd1a4b]
/lib/x86_64-linux-gnu/libc.so.6(+0x33060) [0x2ba897a8b060]
/lib/x86_64-linux-gnu/libc.so.6(gsignal+0xcf) [0x2ba897a8afff]
/lib/x86_64-linux-gnu/libc.so.6(abort+0x16a) [0x2ba897a8c42a]
/home/sek519/miniconda/envs/vws/lib/libstdc++.so.6(_ZN9__gnu_cxx27__verbose_terminate_handlerEv+0xc0) [0x2ba897652026]
/home/sek519/miniconda/envs/vws/lib/libstdc++.so.6(+0xb0514) [0x2ba897650514]
/home/sek519/miniconda/envs/vws/lib/libstdc++.so.6(+0xb0566) [0x2ba897650566]
/home/sek519/miniconda/envs/vws/lib/libstdc++.so.6(__cxa_rethrow+0) [0x2ba897650758]
/home/sek519/miniconda/envs/vws/lib/libstdc++.so.6(_Znwm+0x59) [0x2ba897650b85]
/home/sek519/warm_starting/vws/../vpc/lib/Cbc-trunk/buildg/lib/libCoinUtils.so.0(_ZN19CoinArrayWithLength8getArrayEl+0x93) [0x2ba8974409f5]
/home/sek519/warm_starting/vws/../vpc/lib/Cbc-trunk/buildg/lib/libCoinUtils.so.0(_ZN19CoinArrayWithLength11getCapacityEll+0x79) [0x2ba897440c1b]
/home/sek519/warm_starting/vws/../vpc/lib/Cbc-trunk/buildg/lib/libCoinUtils.so.0(_ZN19CoinArrayWithLength14conditionalNewEl+0x38) [0x2ba897440d44]
../Debug/vws(_ZN22CoinIntArrayWithLength14conditionalNewEl+0x37) [0x55af0a36a61d]
/home/sek519/warm_starting/vws/../vpc/lib/Cbc-trunk/buildg/lib/libCoinUtils.so.0(_ZN17CoinFactorization8goSparseEv+0x2d9) [0x2ba89742cdb1]
/home/sek519/warm_starting/vws/../vpc/lib/Cbc-trunk/buildg/lib/libClp.so.0(_ZN16ClpFactorization8goSparseEv+0x35) [0x2ba8970fc151]
/home/sek519/warm_starting/vws/../vpc/lib/Cbc-trunk/buildg/lib/libClp.so.0(_ZN10ClpSimplex17internalFactorizeEi+0x17c5) [0x2ba8971edf3f]
/home/sek519/warm_starting/vws/../vpc/lib/Cbc-trunk/buildg/lib/libClp.so.0(_ZN10ClpSimplex7startupEii+0x4d0) [0x2ba89720fcd6]
/home/sek519/warm_starting/vws/../vpc/lib/Cbc-trunk/buildg/lib/libClp.so.0(_ZN14ClpSimplexDual12startupSolveEiPdi+0x8b) [0x2ba897220b3f]
/home/sek519/warm_starting/vws/../vpc/lib/Cbc-trunk/buildg/lib/libClp.so.0(_ZN14ClpSimplexDual4dualEii+0x21d) [0x2ba897222047]
/home/sek519/warm_starting/vws/../vpc/lib/Cbc-trunk/buildg/lib/libClp.so.0(_ZN10ClpSimplex4dualEii+0x168) [0x2ba8971ffcee]
/home/sek519/warm_starting/vws/../vpc/lib/Cbc-trunk/buildg/lib/libOsiClp.so.0(_ZN21OsiClpSolverInterface7resolveEv+0x1584) [0x2ba8969765ac]
/home/sek519/warm_starting/vws/../vpc/lib/Cbc-trunk/buildg/lib/libCbc.so.0(_ZN8CbcModel7resolveEP18OsiSolverInterface+0x178) [0x2ba896c8a2a0]
/home/sek519/warm_starting/vws/../vpc/lib/Cbc-trunk/buildg/lib/libCbc.so.0(_ZN8CbcModel7resolveEP11CbcNodeInfoiPdS2_S2_+0xb49) [0x2ba896c7b681]
/home/sek519/warm_starting/vws/../vpc/lib/Cbc-trunk/buildg/lib/libCbc.so.0(_ZN8CbcModel13solveWithCutsER7OsiCutsiP7CbcNode+0x32ec) [0x2ba896c74e90]
/home/sek519/warm_starting/vws/../vpc/lib/Cbc-trunk/buildg/lib/libCbc.so.0(_ZN8CbcModel14branchAndBoundEi+0x7d0c) [0x2ba896c5d36a]
../Debug/vws(+0x10457e) [0x55af0a3d857e]
../Debug/vws(+0x127b85) [0x55af0a3fbb85]
../Debug/vws(+0x79d6a) [0x55af0a34dd6a]
/lib/x86_64-linux-gnu/libc.so.6(__libc_start_main+0xf1) [0x2ba897a782e1]
../Debug/vws(+0x79259) [0x55af0a34d259]




ERROR while running Cbc. Signal SIGABRT caught. Getting stack trace.
/home/sek519/warm_starting/vws/../vpc/lib/Cbc-trunk/buildg/lib/libCbc.so.0(_Z15CbcCrashHandleri+0x277) [0x2ba896cd1a4b]
/lib/x86_64-linux-gnu/libc.so.6(+0x33060) [0x2ba897a8b060]
/lib/x86_64-linux-gnu/libc.so.6(gsignal+0xcf) [0x2ba897a8afff]
/lib/x86_64-linux-gnu/libc.so.6(abort+0x16a) [0x2ba897a8c42a]
/home/sek519/warm_starting/vws/../vpc/lib/Cbc-trunk/buildg/lib/libCbc.so.0(_Z15CbcCrashHandleri+0x355) [0x2ba896cd1b29]
/lib/x86_64-linux-gnu/libc.so.6(+0x33060) [0x2ba897a8b060]
/lib/x86_64-linux-gnu/libc.so.6(gsignal+0xcf) [0x2ba897a8afff]
/lib/x86_64-linux-gnu/libc.so.6(abort+0x16a) [0x2ba897a8c42a]
/home/sek519/miniconda/envs/vws/lib/libstdc++.so.6(_ZN9__gnu_cxx27__verbose_terminate_handlerEv+0xc0) [0x2ba897652026]
/home/sek519/miniconda/envs/vws/lib/libstdc++.so.6(+0xb0514) [0x2ba897650514]
/home/sek519/miniconda/envs/vws/lib/libstdc++.so.6(+0xb0566) [0x2ba897650566]
/home/sek519/miniconda/envs/vws/lib/libstdc++.so.6(__cxa_rethrow+0) [0x2ba897650758]
/home/sek519/miniconda/envs/vws/lib/libstdc++.so.6(_Znwm+0x59) [0x2ba897650b85]
/home/sek519/warm_starting/vws/../vpc/lib/Cbc-trunk/buildg/lib/libCoinUtils.so.0(_ZN19CoinArrayWithLength8getArrayEl+0x93) [0x2ba8974409f5]
/home/sek519/warm_starting/vws/../vpc/lib/Cbc-trunk/buildg/lib/libCoinUtils.so.0(_ZN19CoinArrayWithLength11getCapacityEll+0x79) [0x2ba897440c1b]
/home/sek519/warm_starting/vws/../vpc/lib/Cbc-trunk/buildg/lib/libCoinUtils.so.0(_ZN19CoinArrayWithLength14conditionalNewEl+0x38) [0x2ba897440d44]
../Debug/vws(_ZN22CoinIntArrayWithLength14conditionalNewEl+0x37) [0x55af0a36a61d]
/home/sek519/warm_starting/vws/../vpc/lib/Cbc-trunk/buildg/lib/libCoinUtils.so.0(_ZN17CoinFactorization8goSparseEv+0x2d9) [0x2ba89742cdb1]
/home/sek519/warm_starting/vws/../vpc/lib/Cbc-trunk/buildg/lib/libClp.so.0(_ZN16ClpFactorization8goSparseEv+0x35) [0x2ba8970fc151]
/home/sek519/warm_starting/vws/../vpc/lib/Cbc-trunk/buildg/lib/libClp.so.0(_ZN10ClpSimplex17internalFactorizeEi+0x17c5) [0x2ba8971edf3f]
/home/sek519/warm_starting/vws/../vpc/lib/Cbc-trunk/buildg/lib/libClp.so.0(_ZN10ClpSimplex7startupEii+0x4d0) [0x2ba89720fcd6]
/home/sek519/warm_starting/vws/../vpc/lib/Cbc-trunk/buildg/lib/libClp.so.0(_ZN14ClpSimplexDual12startupSolveEiPdi+0x8b) [0x2ba897220b3f]
/home/sek519/warm_starting/vws/../vpc/lib/Cbc-trunk/buildg/lib/libClp.so.0(_ZN14ClpSimplexDual4dualEii+0x21d) [0x2ba897222047]
/home/sek519/warm_starting/vws/../vpc/lib/Cbc-trunk/buildg/lib/libClp.so.0(_ZN10ClpSimplex4dualEii+0x168) [0x2ba8971ffcee]
/home/sek519/warm_starting/vws/../vpc/lib/Cbc-trunk/buildg/lib/libOsiClp.so.0(_ZN21OsiClpSolverInterface7resolveEv+0x1584) [0x2ba8969765ac]
/home/sek519/warm_starting/vws/../vpc/lib/Cbc-trunk/buildg/lib/libCbc.so.0(_ZN8CbcModel7resolveEP18OsiSolverInterface+0x178) [0x2ba896c8a2a0]
/home/sek519/warm_starting/vws/../vpc/lib/Cbc-trunk/buildg/lib/libCbc.so.0(_ZN8CbcModel7resolveEP11CbcNodeInfoiPdS2_S2_+0xb49) [0x2ba896c7b681]
/home/sek519/warm_starting/vws/../vpc/lib/Cbc-trunk/buildg/lib/libCbc.so.0(_ZN8CbcModel13solveWithCutsER7OsiCutsiP7CbcNode+0x32ec) [0x2ba896c74e90]
/home/sek519/warm_starting/vws/../vpc/lib/Cbc-trunk/buildg/lib/libCbc.so.0(_ZN8CbcModel14branchAndBoundEi+0x7d0c) [0x2ba896c5d36a]
../Debug/vws(+0x10457e) [0x55af0a3d857e]
../Debug/vws(+0x127b85) [0x55af0a3fbb85]
../Debug/vws(+0x79d6a) [0x55af0a34dd6a]
/lib/x86_64-linux-gnu/libc.so.6(__libc_start_main+0xf1) [0x2ba897a782e1]
../Debug/vws(+0x79259) [0x55af0a34d259]


/var/spool/torque/mom_priv/jobs/1216189.polyp1.ie.lehigh.edu.SC: line 4: 22710 Aborted                 ../Debug/vws ${INPUT_FOLDER} ${OUTPUT_FILE} ${MAX_TIME} ${GENERATOR} ${TERMS}
