*** WARNING (version #1ed723f): /home/sek519/warm_starting/vws/../vpc/src/branch/VPCEventHandler.cpp:1258: Objective at parent node 1/9 (node id 0) is somewhat incorrect. During BB, it was -99.000, now it is -100.000.
*** WARNING (version #1ed723f): /home/sek519/warm_starting/vws/../vpc/src/branch/VPCEventHandler.cpp:1258: Objective at parent node 1/9 (node id 0) is somewhat incorrect. During BB, it was -99.000, now it is -100.000.
*** WARNING (version #1ed723f): /home/sek519/warm_starting/vws/../vpc/src/branch/VPCEventHandler.cpp:1258: Objective at parent node 1/9 (node id 0) is somewhat incorrect. During BB, it was -99.000, now it is -100.000.
*** WARNING (version #1ed723f): /home/sek519/warm_starting/vws/../vpc/src/branch/VPCEventHandler.cpp:1258: Objective at parent node 1/9 (node id 0) is somewhat incorrect. During BB, it was -99.000, now it is -100.000.
*** WARNING (version #1ed723f): /home/sek519/warm_starting/vws/../vpc/src/branch/VPCEventHandler.cpp:1258: Objective at parent node 1/9 (node id 0) is somewhat incorrect. During BB, it was -99.000, now it is -100.000.
*** WARNING (version #1ed723f): /home/sek519/warm_starting/vws/../vpc/src/branch/VPCEventHandler.cpp:1258: Objective at parent node 1/9 (node id 0) is somewhat incorrect. During BB, it was -99.000, now it is -100.000.
*** WARNING (version #1ed723f): /home/sek519/warm_starting/vws/../vpc/src/branch/VPCEventHandler.cpp:1258: Objective at parent node 1/9 (node id 0) is somewhat incorrect. During BB, it was -99.000, now it is -100.000.
*** WARNING (version #1ed723f): /home/sek519/warm_starting/vws/../vpc/src/branch/VPCEventHandler.cpp:1258: Objective at parent node 1/9 (node id 0) is somewhat incorrect. During BB, it was -99.000, now it is -100.000.
*** WARNING (version #1ed723f): /home/sek519/warm_starting/vws/../vpc/src/branch/VPCEventHandler.cpp:1258: Objective at parent node 1/9 (node id 0) is somewhat incorrect. During BB, it was -99.000, now it is -100.000.
*** WARNING (version #1ed723f): /home/sek519/warm_starting/vws/../vpc/src/branch/VPCEventHandler.cpp:1258: Objective at parent node 1/9 (node id 0) is somewhat incorrect. During BB, it was -99.000, now it is -100.000.
*** WARNING (version #1ed723f): /home/sek519/warm_starting/vws/../vpc/src/branch/VPCEventHandler.cpp:1258: Objective at parent node 1/9 (node id 0) is somewhat incorrect. During BB, it was -99.000, now it is -100.000.
*** WARNING (version #1ed723f): /home/sek519/warm_starting/vws/../vpc/src/branch/VPCEventHandler.cpp:1258: Objective at parent node 1/9 (node id 0) is somewhat incorrect. During BB, it was -99.000, now it is -100.000.
*** WARNING (version #1ed723f): /home/sek519/warm_starting/vws/../vpc/src/branch/VPCEventHandler.cpp:1258: Objective at parent node 1/9 (node id 0) is somewhat incorrect. During BB, it was -99.000, now it is -100.000.
*** WARNING (version #1ed723f): /home/sek519/warm_starting/vws/../vpc/src/branch/VPCEventHandler.cpp:1258: Objective at parent node 1/9 (node id 0) is somewhat incorrect. During BB, it was -99.000, now it is -100.000.
*** WARNING (version #1ed723f): /home/sek519/warm_starting/vws/../vpc/src/branch/VPCEventHandler.cpp:1258: Objective at parent node 1/9 (node id 0) is somewhat incorrect. During BB, it was -99.000, now it is -100.000.
*** WARNING (version #1ed723f): /home/sek519/warm_starting/vws/../vpc/src/branch/VPCEventHandler.cpp:1258: Objective at parent node 1/9 (node id 0) is somewhat incorrect. During BB, it was -99.000, now it is -100.000.
*** WARNING (version #1ed723f): /home/sek519/warm_starting/vws/../vpc/src/branch/VPCEventHandler.cpp:1258: Objective at parent node 1/9 (node id 0) is somewhat incorrect. During BB, it was -99.000, now it is -100.000.
*** WARNING (version #1ed723f): /home/sek519/warm_starting/vws/../vpc/src/branch/VPCEventHandler.cpp:1258: Objective at parent node 1/9 (node id 0) is somewhat incorrect. During BB, it was -99.000, now it is -100.000.
*** WARNING (version #1ed723f): /home/sek519/warm_starting/vws/../vpc/src/branch/VPCEventHandler.cpp:1258: Objective at parent node 1/9 (node id 0) is somewhat incorrect. During BB, it was -99.000, now it is -100.000.
*** WARNING (version #1ed723f): /home/sek519/warm_starting/vws/../vpc/src/branch/VPCEventHandler.cpp:1258: Objective at parent node 1/9 (node id 0) is somewhat incorrect. During BB, it was -99.000, now it is -100.000.
*** WARNING (version #1ed723f): /home/sek519/warm_starting/vws/../vpc/src/branch/VPCEventHandler.cpp:1258: Objective at parent node 1/9 (node id 0) is somewhat incorrect. During BB, it was -99.000, now it is -100.000.
*** WARNING (version #1ed723f): /home/sek519/warm_starting/vws/../vpc/src/branch/VPCEventHandler.cpp:1258: Objective at parent node 1/9 (node id 0) is somewhat incorrect. During BB, it was -99.000, now it is -100.000.
node_id must be in stats_.
vws: /home/sek519/warm_starting/vws/../vpc/src/utility/utility.cpp:651: void verify(bool, const std::string&): Assertion `false' failed.


ERROR while running Cbc. Signal SIGABRT caught. Getting stack trace.
/home/sek519/warm_starting/vws/../vpc/lib/Cbc-trunk/buildg/lib/libCbc.so.0(_Z15CbcCrashHandleri+0x277) [0x2aebf5239a4b]
/lib/x86_64-linux-gnu/libc.so.6(+0x33060) [0x2aebf5ff3060]
/lib/x86_64-linux-gnu/libc.so.6(gsignal+0xcf) [0x2aebf5ff2fff]
/lib/x86_64-linux-gnu/libc.so.6(abort+0x16a) [0x2aebf5ff442a]
/lib/x86_64-linux-gnu/libc.so.6(+0x2be67) [0x2aebf5febe67]
/lib/x86_64-linux-gnu/libc.so.6(+0x2bf12) [0x2aebf5febf12]
../Debug/vws(+0x1b0475) [0x563582d4c475]
../Debug/vws(+0x1c237c) [0x563582d5e37c]
../Debug/vws(+0x1c248d) [0x563582d5e48d]
../Debug/vws(+0x1c4943) [0x563582d60943]
../Debug/vws(+0x1bcc94) [0x563582d58c94]
/home/sek519/warm_starting/vws/../vpc/lib/Cbc-trunk/buildg/lib/libCbc.so.0(_ZN8CbcModel14branchAndBoundEi+0xe2fb) [0x2aebf51cb959]
../Debug/vws(+0x1fe284) [0x563582d9a284]
../Debug/vws(+0x1fc52d) [0x563582d9852d]
../Debug/vws(+0x1d559e) [0x563582d7159e]
../Debug/vws(+0x104b84) [0x563582ca0b84]
../Debug/vws(+0x103edf) [0x563582c9fedf]
../Debug/vws(+0x127b85) [0x563582cc3b85]
../Debug/vws(+0x79d6a) [0x563582c15d6a]
/lib/x86_64-linux-gnu/libc.so.6(__libc_start_main+0xf1) [0x2aebf5fe02e1]
../Debug/vws(+0x79259) [0x563582c15259]




ERROR while running Cbc. Signal SIGABRT caught. Getting stack trace.
/home/sek519/warm_starting/vws/../vpc/lib/Cbc-trunk/buildg/lib/libCbc.so.0(_Z15CbcCrashHandleri+0x277) [0x2aebf5239a4b]
/lib/x86_64-linux-gnu/libc.so.6(+0x33060) [0x2aebf5ff3060]
/lib/x86_64-linux-gnu/libc.so.6(gsignal+0xcf) [0x2aebf5ff2fff]
/lib/x86_64-linux-gnu/libc.so.6(abort+0x16a) [0x2aebf5ff442a]
/home/sek519/warm_starting/vws/../vpc/lib/Cbc-trunk/buildg/lib/libCbc.so.0(_Z15CbcCrashHandleri+0x355) [0x2aebf5239b29]
/lib/x86_64-linux-gnu/libc.so.6(+0x33060) [0x2aebf5ff3060]
/lib/x86_64-linux-gnu/libc.so.6(gsignal+0xcf) [0x2aebf5ff2fff]
/lib/x86_64-linux-gnu/libc.so.6(abort+0x16a) [0x2aebf5ff442a]
/lib/x86_64-linux-gnu/libc.so.6(+0x2be67) [0x2aebf5febe67]
/lib/x86_64-linux-gnu/libc.so.6(+0x2bf12) [0x2aebf5febf12]
../Debug/vws(+0x1b0475) [0x563582d4c475]
../Debug/vws(+0x1c237c) [0x563582d5e37c]
../Debug/vws(+0x1c248d) [0x563582d5e48d]
../Debug/vws(+0x1c4943) [0x563582d60943]
../Debug/vws(+0x1bcc94) [0x563582d58c94]
/home/sek519/warm_starting/vws/../vpc/lib/Cbc-trunk/buildg/lib/libCbc.so.0(_ZN8CbcModel14branchAndBoundEi+0xe2fb) [0x2aebf51cb959]
../Debug/vws(+0x1fe284) [0x563582d9a284]
../Debug/vws(+0x1fc52d) [0x563582d9852d]
../Debug/vws(+0x1d559e) [0x563582d7159e]
../Debug/vws(+0x104b84) [0x563582ca0b84]
../Debug/vws(+0x103edf) [0x563582c9fedf]
../Debug/vws(+0x127b85) [0x563582cc3b85]
../Debug/vws(+0x79d6a) [0x563582c15d6a]
/lib/x86_64-linux-gnu/libc.so.6(__libc_start_main+0xf1) [0x2aebf5fe02e1]
../Debug/vws(+0x79259) [0x563582c15259]


/var/spool/torque/mom_priv/jobs/1216199.polyp1.ie.lehigh.edu.SC: line 4:  6535 Aborted                 ../Debug/vws ${INPUT_FOLDER} ${OUTPUT_FILE} ${MAX_TIME} ${GENERATOR} ${TERMS}
