*** WARNING (version #e563127): /home/sek519/warm_starting/vws/../vpc/src/cut/CglVPC.cpp:683: Nonbasic reduced cost should be >= 0 in the complemented nonbasic space. However, for nb var 860 (real var 1459), it is -3.021228e-06. Small enough error that we only send warning.
*** WARNING (version #e563127): /home/sek519/warm_starting/vws/../vpc/src/cut/CglVPC.cpp:683: Nonbasic reduced cost should be >= 0 in the complemented nonbasic space. However, for nb var 861 (real var 1467), it is -3.021138e-06. Small enough error that we only send warning.
*** WARNING (version #e563127): /home/sek519/warm_starting/vws/../vpc/src/cut/CglVPC.cpp:683: Nonbasic reduced cost should be >= 0 in the complemented nonbasic space. However, for nb var 862 (real var 1491), it is -7.140213e-07. Small enough error that we only send warning.
*** WARNING (version #e563127): /home/sek519/warm_starting/vws/../vpc/src/cut/CglVPC.cpp:683: Nonbasic reduced cost should be >= 0 in the complemented nonbasic space. However, for nb var 859 (real var 1459), it is -3.021231e-06. Small enough error that we only send warning.
*** WARNING (version #e563127): /home/sek519/warm_starting/vws/../vpc/src/cut/CglVPC.cpp:683: Nonbasic reduced cost should be >= 0 in the complemented nonbasic space. However, for nb var 860 (real var 1467), it is -3.021142e-06. Small enough error that we only send warning.
*** WARNING (version #e563127): /home/sek519/warm_starting/vws/../vpc/src/cut/CglVPC.cpp:683: Nonbasic reduced cost should be >= 0 in the complemented nonbasic space. However, for nb var 861 (real var 1491), it is -7.140265e-07. Small enough error that we only send warning.
*** WARNING (version #e563127): /home/sek519/warm_starting/vws/../vpc/src/utility/nbspace.cpp:354: Ray 1459: dot product with obj < 0. Obj viol from solver: -0.00000302. Calculated: -0.00000302.
*** WARNING (version #e563127): /home/sek519/warm_starting/vws/../vpc/src/cut/CglVPC.cpp:1280: Term 0 ray 859 does not satisfy the objective cut. Activity: -0.00000302. RHS: 0.00000000. Small enough violation that we only send a warning.
*** WARNING (version #e563127): /home/sek519/warm_starting/vws/../vpc/src/utility/nbspace.cpp:354: Ray 1467: dot product with obj < 0. Obj viol from solver: -0.00000302. Calculated: -0.00000302.
*** WARNING (version #e563127): /home/sek519/warm_starting/vws/../vpc/src/cut/CglVPC.cpp:1280: Term 0 ray 860 does not satisfy the objective cut. Activity: -0.00000302. RHS: 0.00000000. Small enough violation that we only send a warning.
*** WARNING (version #e563127): /home/sek519/warm_starting/vws/../vpc/src/utility/nbspace.cpp:354: Ray 1491: dot product with obj < 0. Obj viol from solver: -0.00000071. Calculated: -0.00000071.
*** WARNING (version #e563127): /home/sek519/warm_starting/vws/../vpc/src/cut/CglVPC.cpp:1280: Term 0 ray 861 does not satisfy the objective cut. Activity: -0.00000071. RHS: 0.00000000. Small enough violation that we only send a warning.
*** WARNING (version #e563127): /home/sek519/warm_starting/vws/../vpc/src/cut/CglVPC.cpp:683: Nonbasic reduced cost should be >= 0 in the complemented nonbasic space. However, for nb var 859 (real var 1459), it is -3.021231e-06. Small enough error that we only send warning.
*** WARNING (version #e563127): /home/sek519/warm_starting/vws/../vpc/src/cut/CglVPC.cpp:683: Nonbasic reduced cost should be >= 0 in the complemented nonbasic space. However, for nb var 860 (real var 1467), it is -3.021142e-06. Small enough error that we only send warning.
*** WARNING (version #e563127): /home/sek519/warm_starting/vws/../vpc/src/cut/CglVPC.cpp:683: Nonbasic reduced cost should be >= 0 in the complemented nonbasic space. However, for nb var 861 (real var 1491), it is -7.140265e-07. Small enough error that we only send warning.
*** WARNING (version #e563127): /home/sek519/warm_starting/vws/../vpc/src/utility/nbspace.cpp:354: Ray 1459: dot product with obj < 0. Obj viol from solver: -0.00000302. Calculated: -0.00000302.
*** WARNING (version #e563127): /home/sek519/warm_starting/vws/../vpc/src/cut/CglVPC.cpp:1280: Term 1 ray 859 does not satisfy the objective cut. Activity: -0.00000302. RHS: 0.00000000. Small enough violation that we only send a warning.
*** WARNING (version #e563127): /home/sek519/warm_starting/vws/../vpc/src/utility/nbspace.cpp:354: Ray 1467: dot product with obj < 0. Obj viol from solver: -0.00000302. Calculated: -0.00000302.
*** WARNING (version #e563127): /home/sek519/warm_starting/vws/../vpc/src/cut/CglVPC.cpp:1280: Term 1 ray 860 does not satisfy the objective cut. Activity: -0.00000302. RHS: 0.00000000. Small enough violation that we only send a warning.
*** WARNING (version #e563127): /home/sek519/warm_starting/vws/../vpc/src/utility/nbspace.cpp:354: Ray 1491: dot product with obj < 0. Obj viol from solver: -0.00000071. Calculated: -0.00000071.
*** WARNING (version #e563127): /home/sek519/warm_starting/vws/../vpc/src/cut/CglVPC.cpp:1280: Term 1 ray 861 does not satisfy the objective cut. Activity: -0.00000071. RHS: 0.00000000. Small enough violation that we only send a warning.
*** WARNING (version #e563127): /home/sek519/warm_starting/vws/../vpc/src/cut/CglVPC.cpp:683: Nonbasic reduced cost should be >= 0 in the complemented nonbasic space. However, for nb var 725 (real var 903), it is -1.497938e-07. Small enough error that we only send warning.
*** WARNING (version #e563127): /home/sek519/warm_starting/vws/../vpc/src/cut/CglVPC.cpp:683: Nonbasic reduced cost should be >= 0 in the complemented nonbasic space. However, for nb var 726 (real var 904), it is -1.497992e-07. Small enough error that we only send warning.
*** WARNING (version #e563127): /home/sek519/warm_starting/vws/../vpc/src/cut/CglVPC.cpp:683: Nonbasic reduced cost should be >= 0 in the complemented nonbasic space. However, for nb var 859 (real var 1459), it is -3.021230e-06. Small enough error that we only send warning.
*** WARNING (version #e563127): /home/sek519/warm_starting/vws/../vpc/src/cut/CglVPC.cpp:683: Nonbasic reduced cost should be >= 0 in the complemented nonbasic space. However, for nb var 860 (real var 1467), it is -3.021140e-06. Small enough error that we only send warning.
*** WARNING (version #e563127): /home/sek519/warm_starting/vws/../vpc/src/cut/CglVPC.cpp:683: Nonbasic reduced cost should be >= 0 in the complemented nonbasic space. However, for nb var 861 (real var 1491), it is -7.140139e-07. Small enough error that we only send warning.
*** WARNING (version #e563127): /home/sek519/warm_starting/vws/../vpc/src/utility/nbspace.cpp:354: Ray 903: dot product with obj < 0. Obj viol from solver: -0.00000015. Calculated: -0.00000015.
*** WARNING (version #e563127): /home/sek519/warm_starting/vws/../vpc/src/cut/CglVPC.cpp:1280: Term 2 ray 725 does not satisfy the objective cut. Activity: -0.00000015. RHS: 0.00000000. Small enough violation that we only send a warning.
*** WARNING (version #e563127): /home/sek519/warm_starting/vws/../vpc/src/utility/nbspace.cpp:354: Ray 904: dot product with obj < 0. Obj viol from solver: -0.00000015. Calculated: -0.00000015.
*** WARNING (version #e563127): /home/sek519/warm_starting/vws/../vpc/src/cut/CglVPC.cpp:1280: Term 2 ray 726 does not satisfy the objective cut. Activity: -0.00000015. RHS: 0.00000000. Small enough violation that we only send a warning.
*** WARNING (version #e563127): /home/sek519/warm_starting/vws/../vpc/src/utility/nbspace.cpp:354: Ray 1459: dot product with obj < 0. Obj viol from solver: -0.00000302. Calculated: -0.00000302.
*** WARNING (version #e563127): /home/sek519/warm_starting/vws/../vpc/src/cut/CglVPC.cpp:1280: Term 2 ray 859 does not satisfy the objective cut. Activity: -0.00000302. RHS: 0.00000000. Small enough violation that we only send a warning.
*** WARNING (version #e563127): /home/sek519/warm_starting/vws/../vpc/src/utility/nbspace.cpp:354: Ray 1467: dot product with obj < 0. Obj viol from solver: -0.00000302. Calculated: -0.00000302.
*** WARNING (version #e563127): /home/sek519/warm_starting/vws/../vpc/src/cut/CglVPC.cpp:1280: Term 2 ray 860 does not satisfy the objective cut. Activity: -0.00000302. RHS: 0.00000000. Small enough violation that we only send a warning.
*** WARNING (version #e563127): /home/sek519/warm_starting/vws/../vpc/src/utility/nbspace.cpp:354: Ray 1491: dot product with obj < 0. Obj viol from solver: -0.00000071. Calculated: -0.00000071.
*** WARNING (version #e563127): /home/sek519/warm_starting/vws/../vpc/src/cut/CglVPC.cpp:1280: Term 2 ray 861 does not satisfy the objective cut. Activity: -0.00000071. RHS: 0.00000000. Small enough violation that we only send a warning.
*** WARNING (version #e563127): /home/sek519/warm_starting/vws/../vpc/src/cut/CglVPC.cpp:683: Nonbasic reduced cost should be >= 0 in the complemented nonbasic space. However, for nb var 859 (real var 1459), it is -3.021226e-06. Small enough error that we only send warning.
*** WARNING (version #e563127): /home/sek519/warm_starting/vws/../vpc/src/cut/CglVPC.cpp:683: Nonbasic reduced cost should be >= 0 in the complemented nonbasic space. However, for nb var 860 (real var 1467), it is -3.021138e-06. Small enough error that we only send warning.
*** WARNING (version #e563127): /home/sek519/warm_starting/vws/../vpc/src/cut/CglVPC.cpp:683: Nonbasic reduced cost should be >= 0 in the complemented nonbasic space. However, for nb var 861 (real var 1491), it is -7.140112e-07. Small enough error that we only send warning.
*** WARNING (version #e563127): /home/sek519/warm_starting/vws/../vpc/src/utility/nbspace.cpp:354: Ray 1459: dot product with obj < 0. Obj viol from solver: -0.00000302. Calculated: -0.00000302.
*** WARNING (version #e563127): /home/sek519/warm_starting/vws/../vpc/src/cut/CglVPC.cpp:1280: Term 3 ray 859 does not satisfy the objective cut. Activity: -0.00000302. RHS: 0.00000000. Small enough violation that we only send a warning.
*** WARNING (version #e563127): /home/sek519/warm_starting/vws/../vpc/src/utility/nbspace.cpp:354: Ray 1467: dot product with obj < 0. Obj viol from solver: -0.00000302. Calculated: -0.00000302.
*** WARNING (version #e563127): /home/sek519/warm_starting/vws/../vpc/src/cut/CglVPC.cpp:1280: Term 3 ray 860 does not satisfy the objective cut. Activity: -0.00000302. RHS: 0.00000000. Small enough violation that we only send a warning.
*** WARNING (version #e563127): /home/sek519/warm_starting/vws/../vpc/src/utility/nbspace.cpp:354: Ray 1491: dot product with obj < 0. Obj viol from solver: -0.00000071. Calculated: -0.00000071.
*** WARNING (version #e563127): /home/sek519/warm_starting/vws/../vpc/src/cut/CglVPC.cpp:1280: Term 3 ray 861 does not satisfy the objective cut. Activity: -0.00000071. RHS: 0.00000000. Small enough violation that we only send a warning.
messed up a farkas cofficient
setting all farkas coefficients to 0
messed up a farkas cofficient
setting all farkas coefficients to 0
messed up a farkas cofficient
setting all farkas coefficients to 0
messed up a farkas cofficient
setting all farkas coefficients to 0
*** WARNING (version #e563127): /home/sek519/warm_starting/vws/../vpc/src/utility/nbspace.cpp:368: Ray 447: Calculated dot product with obj differs from solver's. Obj viol from solver: 12585.17409549. Calculated: 12585.17409536.
*** WARNING (version #e563127): /home/sek519/warm_starting/vws/../vpc/src/utility/nbspace.cpp:368: Ray 1599: Calculated dot product with obj differs from solver's. Obj viol from solver: 264.29311694. Calculated: 264.29311709.
*** WARNING (version #e563127): /home/sek519/warm_starting/vws/../vpc/src/utility/nbspace.cpp:368: Ray 111: Calculated dot product with obj differs from solver's. Obj viol from solver: 4450.61227391. Calculated: 4450.61227407.
*** WARNING (version #e563127): /home/sek519/warm_starting/vws/../vpc/src/utility/nbspace.cpp:368: Ray 290: Calculated dot product with obj differs from solver's. Obj viol from solver: 13340.58149416. Calculated: 13340.58149429.
*** WARNING (version #e563127): /home/sek519/warm_starting/vws/../vpc/src/utility/nbspace.cpp:368: Ray 397: Calculated dot product with obj differs from solver's. Obj viol from solver: 11240.22682250. Calculated: 11240.22682263.
*** WARNING (version #e563127): /home/sek519/warm_starting/vws/../vpc/src/utility/nbspace.cpp:368: Ray 1445: Calculated dot product with obj differs from solver's. Obj viol from solver: 3269.88930179. Calculated: 3269.88930197.
*** WARNING (version #e563127): /home/sek519/warm_starting/vws/../vpc/src/utility/nbspace.cpp:368: Ray 1582: Calculated dot product with obj differs from solver's. Obj viol from solver: 3202.35778625. Calculated: 3202.35778643.
*** WARNING (version #e563127): /home/sek519/warm_starting/vws/../vpc/src/utility/nbspace.cpp:368: Ray 45: Calculated dot product with obj differs from solver's. Obj viol from solver: 4006.85080408. Calculated: 4006.85080419.
*** WARNING (version #e563127): /home/sek519/warm_starting/vws/../vpc/src/utility/nbspace.cpp:368: Ray 126: Calculated dot product with obj differs from solver's. Obj viol from solver: 3.68780457. Calculated: 3.68780469.
*** WARNING (version #e563127): /home/sek519/warm_starting/vws/../vpc/src/utility/nbspace.cpp:368: Ray 129: Calculated dot product with obj differs from solver's. Obj viol from solver: 770.65898163. Calculated: 770.65898180.
*** WARNING (version #e563127): /home/sek519/warm_starting/vws/../vpc/src/utility/nbspace.cpp:368: Ray 143: Calculated dot product with obj differs from solver's. Obj viol from solver: 5389.61606468. Calculated: 5389.61606483.
*** WARNING (version #e563127): /home/sek519/warm_starting/vws/../vpc/src/utility/nbspace.cpp:368: Ray 178: Calculated dot product with obj differs from solver's. Obj viol from solver: 6916.04708186. Calculated: 6916.04708175.
*** WARNING (version #e563127): /home/sek519/warm_starting/vws/../vpc/src/utility/nbspace.cpp:368: Ray 269: Calculated dot product with obj differs from solver's. Obj viol from solver: 809.89963661. Calculated: 809.89963674.
*** WARNING (version #e563127): /home/sek519/warm_starting/vws/../vpc/src/utility/nbspace.cpp:368: Ray 315: Calculated dot product with obj differs from solver's. Obj viol from solver: 1888.23712610. Calculated: 1888.23712623.
*** WARNING (version #e563127): /home/sek519/warm_starting/vws/../vpc/src/utility/nbspace.cpp:368: Ray 381: Calculated dot product with obj differs from solver's. Obj viol from solver: 4136.02347500. Calculated: 4136.02347511.
*** WARNING (version #e563127): /home/sek519/warm_starting/vws/../vpc/src/utility/nbspace.cpp:368: Ray 388: Calculated dot product with obj differs from solver's. Obj viol from solver: 4077.12104277. Calculated: 4077.12104288.
*** WARNING (version #e563127): /home/sek519/warm_starting/vws/../vpc/src/utility/nbspace.cpp:368: Ray 486: Calculated dot product with obj differs from solver's. Obj viol from solver: 188.53790165. Calculated: 188.53790152.
*** WARNING (version #e563127): /home/sek519/warm_starting/vws/../vpc/src/utility/nbspace.cpp:368: Ray 487: Calculated dot product with obj differs from solver's. Obj viol from solver: 1527.32055400. Calculated: 1527.32055412.
*** WARNING (version #e563127): /home/sek519/warm_starting/vws/../vpc/src/utility/nbspace.cpp:368: Ray 515: Calculated dot product with obj differs from solver's. Obj viol from solver: 1651.91972240. Calculated: 1651.91972250.
*** WARNING (version #e563127): /home/sek519/warm_starting/vws/../vpc/src/utility/nbspace.cpp:368: Ray 560: Calculated dot product with obj differs from solver's. Obj viol from solver: 1332.79570290. Calculated: 1332.79570303.
*** WARNING (version #e563127): /home/sek519/warm_starting/vws/../vpc/src/utility/nbspace.cpp:368: Ray 617: Calculated dot product with obj differs from solver's. Obj viol from solver: 398.99919155. Calculated: 398.99919169.
*** WARNING (version #e563127): /home/sek519/warm_starting/vws/../vpc/src/utility/nbspace.cpp:368: Ray 639: Calculated dot product with obj differs from solver's. Obj viol from solver: 4555.93400610. Calculated: 4555.93400621.
*** WARNING (version #e563127): /home/sek519/warm_starting/vws/../vpc/src/utility/nbspace.cpp:368: Ray 663: Calculated dot product with obj differs from solver's. Obj viol from solver: 1394.48677652. Calculated: 1394.48677638.
*** WARNING (version #e563127): /home/sek519/warm_starting/vws/../vpc/src/utility/nbspace.cpp:368: Ray 701: Calculated dot product with obj differs from solver's. Obj viol from solver: 190.39971469. Calculated: 190.39971484.
*** WARNING (version #e563127): /home/sek519/warm_starting/vws/../vpc/src/utility/nbspace.cpp:368: Ray 796: Calculated dot product with obj differs from solver's. Obj viol from solver: 252.96967421. Calculated: 252.96967411.
*** WARNING (version #e563127): /home/sek519/warm_starting/vws/../vpc/src/utility/nbspace.cpp:368: Ray 829: Calculated dot product with obj differs from solver's. Obj viol from solver: 2890.02092499. Calculated: 2890.02092517.
*** WARNING (version #e563127): /home/sek519/warm_starting/vws/../vpc/src/utility/nbspace.cpp:368: Ray 837: Calculated dot product with obj differs from solver's. Obj viol from solver: 9479.10707454. Calculated: 9479.10707468.
*** WARNING (version #e563127): /home/sek519/warm_starting/vws/../vpc/src/utility/nbspace.cpp:368: Ray 910: Calculated dot product with obj differs from solver's. Obj viol from solver: 6572.27966759. Calculated: 6572.27966741.
*** WARNING (version #e563127): /home/sek519/warm_starting/vws/../vpc/src/utility/nbspace.cpp:368: Ray 1226: Calculated dot product with obj differs from solver's. Obj viol from solver: 1226.06304452. Calculated: 1226.06304440.
*** WARNING (version #e563127): /home/sek519/warm_starting/vws/../vpc/src/utility/nbspace.cpp:368: Ray 1405: Calculated dot product with obj differs from solver's. Obj viol from solver: 194.74528906. Calculated: 194.74528921.
