*** WARNING (version #0ab0695): /home/sek519/warm_starting/vws/../vpc/src/utility/nbspace.cpp:149: Point: Calculated dot product with obj differs from solver's. Obj viol from solver: 0.00057149. Calculated: 0.00057329.
*** ERROR (version #0ab0695): /home/sek519/warm_starting/vws/../vpc/src/cut/CglVPC.cpp:676: Nonbasic reduced cost should be >= 0 in the complemented nonbasic space. However, for nb var 1 (real var 4), it is -3.885115e-02.
VPC tried to exit with error code 1
Assertion failed
*** ERROR (version #0ab0695): /home/sek519/warm_starting/vws/../vpc/src/cut/CglVPC.cpp:676: Nonbasic reduced cost should be >= 0 in the complemented nonbasic space. However, for nb var 1 (real var 4), it is -4.175325e-02.
VPC tried to exit with error code 1
Assertion failed
*** ERROR (version #0ab0695): /home/sek519/warm_starting/vws/../vpc/src/cut/CglVPC.cpp:676: Nonbasic reduced cost should be >= 0 in the complemented nonbasic space. However, for nb var 1 (real var 4), it is -3.975025e-02.
VPC tried to exit with error code 1
Assertion failed
*** WARNING (version #0ab0695): /home/sek519/warm_starting/vws/../vpc/src/utility/nbspace.cpp:149: Point: Calculated dot product with obj differs from solver's. Obj viol from solver: 0.00044412. Calculated: 0.00074234.
*** ERROR (version #0ab0695): /home/sek519/warm_starting/vws/../vpc/src/cut/CglVPC.cpp:676: Nonbasic reduced cost should be >= 0 in the complemented nonbasic space. However, for nb var 1 (real var 4), it is -4.377622e-02.
VPC tried to exit with error code 1
Assertion failed
*** WARNING (version #0ab0695): /home/sek519/warm_starting/vws/../vpc/src/utility/nbspace.cpp:149: Point: Calculated dot product with obj differs from solver's. Obj viol from solver: 0.00059667. Calculated: 0.00060207.
*** ERROR (version #0ab0695): /home/sek519/warm_starting/vws/../vpc/src/cut/CglVPC.cpp:676: Nonbasic reduced cost should be >= 0 in the complemented nonbasic space. However, for nb var 1 (real var 4), it is -4.377622e-02.
VPC tried to exit with error code 1
Assertion failed
*** ERROR (version #0ab0695): /home/sek519/warm_starting/vws/../vpc/src/cut/CglVPC.cpp:676: Nonbasic reduced cost should be >= 0 in the complemented nonbasic space. However, for nb var 1 (real var 4), it is -4.175325e-02.
VPC tried to exit with error code 1
Assertion failed
*** ERROR (version #0ab0695): /home/sek519/warm_starting/vws/../vpc/src/cut/CglVPC.cpp:676: Nonbasic reduced cost should be >= 0 in the complemented nonbasic space. However, for nb var 1 (real var 4), it is -4.693307e-02.
VPC tried to exit with error code 1
Assertion failed
*** ERROR (version #0ab0695): /home/sek519/warm_starting/vws/../vpc/src/cut/CglVPC.cpp:676: Nonbasic reduced cost should be >= 0 in the complemented nonbasic space. However, for nb var 1 (real var 4), it is -3.975025e-02.
VPC tried to exit with error code 1
Assertion failed
*** ERROR (version #0ab0695): /home/sek519/warm_starting/vws/../vpc/src/cut/CglVPC.cpp:676: Nonbasic reduced cost should be >= 0 in the complemented nonbasic space. However, for nb var 1 (real var 4), it is -3.975025e-02.
VPC tried to exit with error code 1
Assertion failed
*** WARNING (version #0ab0695): /home/sek519/warm_starting/vws/../vpc/src/utility/nbspace.cpp:149: Point: Calculated dot product with obj differs from solver's. Obj viol from solver: 0.00058307. Calculated: 0.00058666.
*** ERROR (version #0ab0695): /home/sek519/warm_starting/vws/../vpc/src/cut/CglVPC.cpp:676: Nonbasic reduced cost should be >= 0 in the complemented nonbasic space. However, for nb var 1 (real var 4), it is -4.199800e-02.
VPC tried to exit with error code 1
Assertion failed
*** WARNING (version #0ab0695): /home/sek519/warm_starting/vws/../vpc/src/utility/nbspace.cpp:149: Point: Calculated dot product with obj differs from solver's. Obj viol from solver: 0.00014495. Calculated: 0.00077214.
*** ERROR (version #0ab0695): /home/sek519/warm_starting/vws/../vpc/src/cut/CglVPC.cpp:676: Nonbasic reduced cost should be >= 0 in the complemented nonbasic space. However, for nb var 1 (real var 4), it is -4.377622e-02.
VPC tried to exit with error code 1
Assertion failed
*** ERROR (version #0ab0695): /home/sek519/warm_starting/vws/../vpc/src/cut/CglVPC.cpp:676: Nonbasic reduced cost should be >= 0 in the complemented nonbasic space. However, for nb var 1 (real var 4), it is -4.108392e-02.
VPC tried to exit with error code 1
Assertion failed
*** ERROR (version #0ab0695): /home/sek519/warm_starting/vws/../vpc/src/cut/CglVPC.cpp:676: Nonbasic reduced cost should be >= 0 in the complemented nonbasic space. However, for nb var 1 (real var 4), it is -4.466034e-02.
VPC tried to exit with error code 1
Assertion failed
*** WARNING (version #0ab0695): /home/sek519/warm_starting/vws/../vpc/src/utility/nbspace.cpp:149: Point: Calculated dot product with obj differs from solver's. Obj viol from solver: 0.00064724. Calculated: 0.00115302.
*** ERROR (version #0ab0695): /home/sek519/warm_starting/vws/../vpc/src/cut/CglVPC.cpp:676: Nonbasic reduced cost should be >= 0 in the complemented nonbasic space. However, for nb var 1 (real var 4), it is -3.930070e-02.
VPC tried to exit with error code 1
Assertion failed
*** ERROR (version #0ab0695): /home/sek519/warm_starting/vws/../vpc/src/cut/CglVPC.cpp:676: Nonbasic reduced cost should be >= 0 in the complemented nonbasic space. However, for nb var 1 (real var 4), it is -4.087413e-02.
VPC tried to exit with error code 1
Assertion failed
*** ERROR (version #0ab0695): /home/sek519/warm_starting/vws/../vpc/src/cut/CglVPC.cpp:676: Nonbasic reduced cost should be >= 0 in the complemented nonbasic space. However, for nb var 1 (real var 4), it is -4.199800e-02.
VPC tried to exit with error code 1
Assertion failed
*** ERROR (version #0ab0695): /home/sek519/warm_starting/vws/../vpc/src/cut/CglVPC.cpp:676: Nonbasic reduced cost should be >= 0 in the complemented nonbasic space. However, for nb var 1 (real var 4), it is -4.377622e-02.
VPC tried to exit with error code 1
Assertion failed
*** ERROR (version #0ab0695): /home/sek519/warm_starting/vws/../vpc/src/cut/CglVPC.cpp:676: Nonbasic reduced cost should be >= 0 in the complemented nonbasic space. However, for nb var 1 (real var 4), it is -3.952547e-02.
VPC tried to exit with error code 1
Assertion failed
*** ERROR (version #0ab0695): /home/sek519/warm_starting/vws/../vpc/src/cut/CglVPC.cpp:676: Nonbasic reduced cost should be >= 0 in the complemented nonbasic space. However, for nb var 1 (real var 4), it is -3.975025e-02.
VPC tried to exit with error code 1
Assertion failed
*** ERROR (version #0ab0695): /home/sek519/warm_starting/vws/../vpc/src/cut/CglVPC.cpp:676: Nonbasic reduced cost should be >= 0 in the complemented nonbasic space. However, for nb var 1 (real var 4), it is -4.444056e-02.
VPC tried to exit with error code 1
Assertion failed
*** ERROR (version #0ab0695): /home/sek519/warm_starting/vws/../vpc/src/cut/CglVPC.cpp:676: Nonbasic reduced cost should be >= 0 in the complemented nonbasic space. However, for nb var 1 (real var 4), it is -3.975025e-02.
VPC tried to exit with error code 1
Assertion failed
*** ERROR (version #0ab0695): /home/sek519/warm_starting/vws/../vpc/src/cut/CglVPC.cpp:676: Nonbasic reduced cost should be >= 0 in the complemented nonbasic space. However, for nb var 1 (real var 4), it is -3.952547e-02.
VPC tried to exit with error code 1
Assertion failed
*** ERROR (version #0ab0695): /home/sek519/warm_starting/vws/../vpc/src/cut/CglVPC.cpp:676: Nonbasic reduced cost should be >= 0 in the complemented nonbasic space. However, for nb var 1 (real var 4), it is -4.377622e-02.
VPC tried to exit with error code 1
Assertion failed
*** ERROR (version #0ab0695): /home/sek519/warm_starting/vws/../vpc/src/cut/CglVPC.cpp:676: Nonbasic reduced cost should be >= 0 in the complemented nonbasic space. However, for nb var 1 (real var 4), it is -4.109890e-02.
VPC tried to exit with error code 1
Assertion failed
*** ERROR (version #0ab0695): /home/sek519/warm_starting/vws/../vpc/src/cut/CglVPC.cpp:676: Nonbasic reduced cost should be >= 0 in the complemented nonbasic space. However, for nb var 1 (real var 4), it is -3.975025e-02.
VPC tried to exit with error code 1
Assertion failed
*** ERROR (version #0ab0695): /home/sek519/warm_starting/vws/../vpc/src/cut/CglVPC.cpp:676: Nonbasic reduced cost should be >= 0 in the complemented nonbasic space. However, for nb var 1 (real var 4), it is -4.132368e-02.
VPC tried to exit with error code 1
Assertion failed
*** ERROR (version #0ab0695): /home/sek519/warm_starting/vws/../vpc/src/cut/CglVPC.cpp:676: Nonbasic reduced cost should be >= 0 in the complemented nonbasic space. However, for nb var 1 (real var 4), it is -3.975025e-02.
VPC tried to exit with error code 1
Assertion failed
*** ERROR (version #0ab0695): /home/sek519/warm_starting/vws/../vpc/src/cut/CglVPC.cpp:676: Nonbasic reduced cost should be >= 0 in the complemented nonbasic space. However, for nb var 1 (real var 4), it is -4.327173e-02.
VPC tried to exit with error code 1
Assertion failed
*** ERROR (version #0ab0695): /home/sek519/warm_starting/vws/../vpc/src/cut/CglVPC.cpp:676: Nonbasic reduced cost should be >= 0 in the complemented nonbasic space. However, for nb var 1 (real var 4), it is -4.109890e-02.
VPC tried to exit with error code 1
Assertion failed
*** ERROR (version #0ab0695): /home/sek519/warm_starting/vws/../vpc/src/cut/CglVPC.cpp:676: Nonbasic reduced cost should be >= 0 in the complemented nonbasic space. However, for nb var 1 (real var 4), it is -3.975025e-02.
VPC tried to exit with error code 1
Assertion failed
*** ERROR (version #0ab0695): /home/sek519/warm_starting/vws/../vpc/src/cut/CglVPC.cpp:676: Nonbasic reduced cost should be >= 0 in the complemented nonbasic space. However, for nb var 1 (real var 4), it is -4.042458e-02.
VPC tried to exit with error code 1
Assertion failed
*** ERROR (version #0ab0695): /home/sek519/warm_starting/vws/../vpc/src/cut/CglVPC.cpp:676: Nonbasic reduced cost should be >= 0 in the complemented nonbasic space. However, for nb var 1 (real var 4), it is -4.064935e-02.
VPC tried to exit with error code 1
Assertion failed
*** ERROR (version #0ab0695): /home/sek519/warm_starting/vws/../vpc/src/cut/CglVPC.cpp:676: Nonbasic reduced cost should be >= 0 in the complemented nonbasic space. However, for nb var 1 (real var 4), it is -4.197303e-02.
VPC tried to exit with error code 1
Assertion failed
*** ERROR (version #0ab0695): /home/sek519/warm_starting/vws/../vpc/src/cut/CglVPC.cpp:676: Nonbasic reduced cost should be >= 0 in the complemented nonbasic space. However, for nb var 1 (real var 4), it is -3.975025e-02.
VPC tried to exit with error code 1
Assertion failed
*** ERROR (version #0ab0695): /home/sek519/warm_starting/vws/../vpc/src/cut/CglVPC.cpp:676: Nonbasic reduced cost should be >= 0 in the complemented nonbasic space. However, for nb var 1 (real var 4), it is -3.975025e-02.
VPC tried to exit with error code 1
Assertion failed
terminate called after throwing an instance of 'std::bad_alloc'
  what():  std::bad_alloc
/var/spool/torque/mom_priv/jobs/1796126.polyp1.ie.lehigh.edu.SC: line 4: 23735 Aborted                 (core dumped) ../Release/vws ${INPUT_FOLDER} ${OUTPUT_FILE} ${MAX_TIME} ${GENERATOR} ${TERMS} ${MIP_SOLVER} ${PROVIDE_PRIMAL_BOUND} ${SEED_INDEX}
