Traceback (most recent call last):
  File "/home/sek519/miniconda/bin/conda", line 12, in <module>
    from conda.cli import main
  File "/home/sek519/miniconda/lib/python3.9/site-packages/conda/__init__.py", line 22, in <module>
    from .common.compat import text_type, iteritems
  File "/home/sek519/miniconda/lib/python3.9/site-packages/conda/common/compat.py", line 14, in <module>
    from tempfile import mkdtemp
  File "/home/sek519/miniconda/lib/python3.9/tempfile.py", line 43, in <module>
    import shutil as _shutil
  File "/home/sek519/miniconda/lib/python3.9/shutil.py", line 22, in <module>
    import bz2
  File "<frozen importlib._bootstrap>", line 1007, in _find_and_load
  File "<frozen importlib._bootstrap>", line 982, in _find_and_load_unlocked
  File "<frozen importlib._bootstrap>", line 925, in _find_spec
  File "<frozen importlib._bootstrap_external>", line 1423, in find_spec
  File "<frozen importlib._bootstrap_external>", line 1395, in _get_spec
  File "<frozen importlib._bootstrap_external>", line 1526, in find_spec
  File "<frozen importlib._bootstrap_external>", line 1569, in _fill_cache
OSError: [Errno 5] Input/output error: '/home/sek519/warm_starting/vws/experiments'
*** ERROR (version #0ab0695): /home/sek519/warm_starting/vws/../vpc/src/cut/CglVPC.cpp:676: Nonbasic reduced cost should be >= 0 in the complemented nonbasic space. However, for nb var 3 (real var 4), it is -4.242757e-02.
VPC tried to exit with error code 1
Assertion failed
*** ERROR (version #0ab0695): /home/sek519/warm_starting/vws/../vpc/src/cut/CglVPC.cpp:676: Nonbasic reduced cost should be >= 0 in the complemented nonbasic space. However, for nb var 1 (real var 2), it is -1.119112e-01.
VPC tried to exit with error code 1
Assertion failed
*** WARNING (version #0ab0695): /home/sek519/warm_starting/vws/../vpc/src/cut/CglVPC.cpp:683: Nonbasic reduced cost should be >= 0 in the complemented nonbasic space. However, for nb var 59 (real var 503), it is -3.125000e-06. Small enough error that we only send warning.
*** WARNING (version #0ab0695): /home/sek519/warm_starting/vws/../vpc/src/utility/nbspace.cpp:354: Ray 503: dot product with obj < 0. Obj viol from solver: -0.00000312. Calculated: -0.00000313.
*** WARNING (version #0ab0695): /home/sek519/warm_starting/vws/../vpc/src/cut/CglVPC.cpp:1279: Term 0 ray 59 does not satisfy the objective cut. Activity: -0.00000313. RHS: 0.00000000. Small enough violation that we only send a warning.
*** ERROR (version #0ab0695): /home/sek519/warm_starting/vws/../vpc/src/cut/CglVPC.cpp:676: Nonbasic reduced cost should be >= 0 in the complemented nonbasic space. However, for nb var 5 (real var 5), it is -2.219805e-01.
VPC tried to exit with error code 1
Assertion failed
*** WARNING (version #0ab0695): /home/sek519/warm_starting/vws/../vpc/src/utility/nbspace.cpp:149: Point: Calculated dot product with obj differs from solver's. Obj viol from solver: 0.01846224. Calculated: 0.01846583.
*** ERROR (version #0ab0695): /home/sek519/warm_starting/vws/../vpc/src/cut/CglVPC.cpp:676: Nonbasic reduced cost should be >= 0 in the complemented nonbasic space. However, for nb var 2 (real var 2), it is -4.287712e-02.
VPC tried to exit with error code 1
Assertion failed
*** ERROR (version #0ab0695): /home/sek519/warm_starting/vws/../vpc/src/cut/CglVPC.cpp:676: Nonbasic reduced cost should be >= 0 in the complemented nonbasic space. However, for nb var 1 (real var 2), it is -1.265335e-01.
VPC tried to exit with error code 1
Assertion failed
*** ERROR (version #0ab0695): /home/sek519/warm_starting/vws/../vpc/src/cut/CglVPC.cpp:676: Nonbasic reduced cost should be >= 0 in the complemented nonbasic space. However, for nb var 1 (real var 2), it is -1.238761e-01.
VPC tried to exit with error code 1
Assertion failed
*** WARNING (version #0ab0695): /home/sek519/warm_starting/vws/../vpc/src/utility/nbspace.cpp:149: Point: Calculated dot product with obj differs from solver's. Obj viol from solver: 0.00158464. Calculated: 0.00172433.
*** ERROR (version #0ab0695): /home/sek519/warm_starting/vws/../vpc/src/cut/CglVPC.cpp:676: Nonbasic reduced cost should be >= 0 in the complemented nonbasic space. However, for nb var 3 (real var 4), it is -3.975025e-02.
VPC tried to exit with error code 1
Assertion failed
*** ERROR (version #0ab0695): /home/sek519/warm_starting/vws/../vpc/src/cut/CglVPC.cpp:676: Nonbasic reduced cost should be >= 0 in the complemented nonbasic space. However, for nb var 4 (real var 5), it is -2.368082e-01.
VPC tried to exit with error code 1
Assertion failed
*** WARNING (version #0ab0695): /home/sek519/warm_starting/vws/../vpc/src/utility/nbspace.cpp:149: Point: Calculated dot product with obj differs from solver's. Obj viol from solver: 0.01844346. Calculated: 0.01844885.
*** ERROR (version #0ab0695): /home/sek519/warm_starting/vws/../vpc/src/cut/CglVPC.cpp:676: Nonbasic reduced cost should be >= 0 in the complemented nonbasic space. However, for nb var 1 (real var 2), it is -4.512488e-02.
VPC tried to exit with error code 1
Assertion failed
terminate called after throwing an instance of 'std::bad_alloc'
  what():  std::bad_alloc
/var/spool/torque/mom_priv/jobs/1796238.polyp1.ie.lehigh.edu.SC: line 4: 24594 Aborted                 (core dumped) ../Release/vws ${INPUT_FOLDER} ${OUTPUT_FILE} ${MAX_TIME} ${GENERATOR} ${TERMS} ${MIP_SOLVER} ${PROVIDE_PRIMAL_BOUND} ${SEED_INDEX}
