*** Error in `../Release/vws': munmap_chunk(): invalid pointer: 0x00005587b91c4110 ***
======= Backtrace: =========
/lib/x86_64-linux-gnu/libc.so.6(+0x70bfb)[0x2ae7cf0eabfb]
/lib/x86_64-linux-gnu/libc.so.6(+0x76fc6)[0x2ae7cf0f0fc6]
/home/sek519/warm_starting/vws/../vpc/lib/Cbc-trunk/build/lib/libClp.so.0(_ZN8ClpModel6resizeEii+0x1533)[0x2ae7cbbe0f73]
/home/sek519/warm_starting/vws/../vpc/lib/Cbc-trunk/build/lib/libClp.so.0(_ZN10ClpSimplex6resizeEii+0xe)[0x2ae7cbc6577e]
/home/sek519/warm_starting/vws/../vpc/lib/Cbc-trunk/build/lib/libOsiClp.so.0(_ZN21OsiClpSolverInterface6addRowEiPKiPKddd+0x4f)[0x2ae7cb78ba2f]
../Release/vws(+0xc788b)[0x5587b6eee88b]
../Release/vws(+0xc9f91)[0x5587b6ef0f91]
../Release/vws(+0x38bc7)[0x5587b6e5fbc7]
../Release/vws(+0x3ae7e)[0x5587b6e61e7e]
../Release/vws(+0x54e9f)[0x5587b6e7be9f]
../Release/vws(+0x315d8)[0x5587b6e585d8]
/lib/x86_64-linux-gnu/libc.so.6(__libc_start_main+0xf1)[0x2ae7cf09a2e1]
../Release/vws(+0x32a11)[0x5587b6e59a11]
======= Memory map: ========
2ae7cb6ae000-2ae7cb6d1000 r-xp 00000000 08:05 527455                     /lib/x86_64-linux-gnu/ld-2.24.so
2ae7cb6d1000-2ae7cb6d3000 rw-p 00000000 00:00 0 
2ae7cb6d3000-2ae7cb6d6000 r--p 00000000 00:2c 235724777                  /home/sek519/miniconda/envs/vws/lib/libz.so.1.2.13
2ae7cb6d6000-2ae7cb6e4000 r-xp 00003000 00:2c 235724777                  /home/sek519/miniconda/envs/vws/lib/libz.so.1.2.13
2ae7cb6e4000-2ae7cb6eb000 r--p 00011000 00:2c 235724777                  /home/sek519/miniconda/envs/vws/lib/libz.so.1.2.13
2ae7cb6eb000-2ae7cb6ec000 r--p 00017000 00:2c 235724777                  /home/sek519/miniconda/envs/vws/lib/libz.so.1.2.13
2ae7cb6ec000-2ae7cb6ed000 rw-p 00018000 00:2c 235724777                  /home/sek519/miniconda/envs/vws/lib/libz.so.1.2.13
2ae7cb6ed000-2ae7cb6ef000 r--p 00000000 00:2c 234676138                  /home/sek519/miniconda/envs/vws/lib/libbz2.so.1.0.8
2ae7cb6ef000-2ae7cb6fd000 r-xp 00002000 00:2c 234676138                  /home/sek519/miniconda/envs/vws/lib/libbz2.so.1.0.8
2ae7cb6fd000-2ae7cb6ff000 r--p 00010000 00:2c 234676138                  /home/sek519/miniconda/envs/vws/lib/libbz2.so.1.0.8
2ae7cb6ff000-2ae7cb700000 r--p 00011000 00:2c 234676138                  /home/sek519/miniconda/envs/vws/lib/libbz2.so.1.0.8
2ae7cb700000-2ae7cb701000 rw-p 00012000 00:2c 234676138                  /home/sek519/miniconda/envs/vws/lib/libbz2.so.1.0.8
2ae7cb701000-2ae7cb719000 r--p 00000000 00:2c 234710701                  /home/sek519/miniconda/envs/vws/lib/libreadline.so.8.1
2ae7cb719000-2ae7cb744000 r-xp 00018000 00:2c 234710701                  /home/sek519/miniconda/envs/vws/lib/libreadline.so.8.1
2ae7cb744000-2ae7cb74e000 r--p 00043000 00:2c 234710701                  /home/sek519/miniconda/envs/vws/lib/libreadline.so.8.1
2ae7cb74e000-2ae7cb751000 r--p 0004c000 00:2c 234710701                  /home/sek519/miniconda/envs/vws/lib/libreadline.so.8.1
2ae7cb751000-2ae7cb757000 rw-p 0004f000 00:2c 234710701                  /home/sek519/miniconda/envs/vws/lib/libreadline.so.8.1
2ae7cb757000-2ae7cb758000 rw-p 00000000 00:00 0 
2ae7cb758000-2ae7cb76d000 r--p 00000000 00:2c 234489484                  /home/sek519/warm_starting/vpc/lib/Cbc-trunk/build/lib/libOsiClp.so.0.0.0
2ae7cb76d000-2ae7cb79d000 r-xp 00015000 00:2c 234489484                  /home/sek519/warm_starting/vpc/lib/Cbc-trunk/build/lib/libOsiClp.so.0.0.0
2ae7cb79d000-2ae7cb7a7000 r--p 00045000 00:2c 234489484                  /home/sek519/warm_starting/vpc/lib/Cbc-trunk/build/lib/libOsiClp.so.0.0.0
2ae7cb7a7000-2ae7cb7a9000 r--p 0004f000 00:2c 234489484                  /home/sek519/warm_starting/vpc/lib/Cbc-trunk/build/lib/libOsiClp.so.0.0.0
2ae7cb7a9000-2ae7cb7aa000 rw-p 00051000 00:2c 234489484                  /home/sek519/warm_starting/vpc/lib/Cbc-trunk/build/lib/libOsiClp.so.0.0.0
2ae7cb7aa000-2ae7cb7ac000 rw-p 00000000 00:00 0 
2ae7cb7ac000-2ae7cb7d4000 r--p 00000000 00:2c 234489794                  /home/sek519/warm_starting/vpc/lib/Cbc-trunk/build/lib/libCgl.so.0.0.0
2ae7cb7d4000-2ae7cb897000 r-xp 00028000 00:2c 234489794                  /home/sek519/warm_starting/vpc/lib/Cbc-trunk/build/lib/libCgl.so.0.0.0
2ae7cb897000-2ae7cb8b7000 r--p 000eb000 00:2c 234489794                  /home/sek519/warm_starting/vpc/lib/Cbc-trunk/build/lib/libCgl.so.0.0.0
2ae7cb8b7000-2ae7cb8b9000 r--p 0010b000 00:2c 234489794                  /home/sek519/warm_starting/vpc/lib/Cbc-trunk/build/lib/libCgl.so.0.0.0
2ae7cb8b9000-2ae7cb8bb000 rw-p 0010d000 00:2c 234489794                  /home/sek519/warm_starting/vpc/lib/Cbc-trunk/build/lib/libCgl.so.0.0.0
2ae7cb8bb000-2ae7cb8c3000 rw-p 00000000 00:00 0 
2ae7cb8c3000-2ae7cb8ca000 r--s 00000000 08:06 1713796                    /usr/lib/x86_64-linux-gnu/gconv/gconv-modules.cache
2ae7cb8ca000-2ae7cb8cb000 rw-p 00000000 00:00 0 
2ae7cb8d1000-2ae7cb8d2000 r--p 00023000 08:05 527455                     /lib/x86_64-linux-gnu/ld-2.24.so
2ae7cb8d2000-2ae7cb8d3000 rw-p 00024000 08:05 527455                     /lib/x86_64-linux-gnu/ld-2.24.so
2ae7cb8d3000-2ae7cb8d4000 rw-p 00000000 00:00 0 
2ae7cb8d4000-2ae7cb942000 r--p 00000000 00:2c 234490095                  /home/sek519/warm_starting/vpc/lib/Cbc-trunk/build/lib/libCbc.so.0.0.0
2ae7cb942000-2ae7cba90000 r-xp 0006e000 00:2c 234490095                  /home/sek519/warm_starting/vpc/lib/Cbc-trunk/build/lib/libCbc.so.0.0.0
2ae7cba90000-2ae7cbadb000 r--p 001bc000 00:2c 234490095                  /home/sek519/warm_starting/vpc/lib/Cbc-trunk/build/lib/libCbc.so.0.0.0
2ae7cbadb000-2ae7cbae7000 r--p 00207000 00:2c 234490095                  /home/sek519/warm_starting/vpc/lib/Cbc-trunk/build/lib/libCbc.so.0.0.0
2ae7cbae7000-2ae7cbaeb000 rw-p 00213000 00:2c 234490095                  /home/sek519/warm_starting/vpc/lib/Cbc-trunk/build/lib/libCbc.so.0.0.0
2ae7cbaeb000-2ae7cbb03000 r--p 00000000 00:2c 234489204                  /home/sek519/warm_starting/vpc/lib/Cbc-trunk/build/lib/libOsi.so.0.0.0
2ae7cbb03000-2ae7cbb33000 r-xp 00018000 00:2c 234489204                  /home/sek519/warm_starting/vpc/lib/Cbc-trunk/build/lib/libOsi.so.0.0.0
2ae7cbb33000-2ae7cbb47000 r--p 00048000 00:2c 234489204                  /home/sek519/warm_starting/vpc/lib/Cbc-trunk/build/lib/libOsi.so.0.0.0
2ae7cbb47000-2ae7cbb49000 r--p 0005c000 00:2c 234489204                  /home/sek519/warm_starting/vpc/lib/Cbc-trunk/build/lib/libOsi.so.0.0.0
2ae7cbb49000-2ae7cbb4a000 rw-p 0005e000 00:2c 234489204                  /home/sek519/warm_starting/vpc/lib/Cbc-trunk/build/lib/libOsi.so.0.0.0
2ae7cbb4a000-2ae7cbb89000 r--p 00000000 00:2c 234489467                  /home/sek519/warm_starting/vpc/lib/Cbc-trunk/build/lib/libClp.so.0.0.0
2ae7cbb89000-2ae7cbd15000 r-xp 0003f000 00:2c 234489467                  /home/sek519/warm_starting/vpc/lib/Cbc-trunk/build/lib/libClp.so.0.0.0
2ae7cbd15000-2ae7cbd58000 r--p 001cb000 00:2c 234489467                  /home/sek519/warm_starting/vpc/lib/Cbc-trunk/build/lib/libClp.so.0.0.0
2ae7cbd58000-2ae7cbd5b000 r--p 0020d000 00:2c 234489467                  /home/sek519/warm_starting/vpc/lib/Cbc-trunk/build/lib/libClp.so.0.0.0
2ae7cbd5b000-2ae7cbd5f000 rw-p 00210000 00:2c 234489467                  /home/sek519/warm_starting/vpc/lib/Cbc-trunk/build/lib/libClp.so.0.0.0
2ae7cbd5f000-2ae7cbd99000 r--p 00000000 00:2c 234489064                  /home/sek519/warm_starting/vpc/lib/Cbc-trunk/build/lib/libCoinUtils.so.0.0.0
2ae7cbd99000-2ae7cbe7f000 r-xp 0003a000 00:2c 234489064                  /home/sek519/warm_starting/vpc/lib/Cbc-trunk/build/lib/libCoinUtils.so.0.0.0
2ae7cbe7f000-2ae7cbeac000 r--p 00120000 00:2c 234489064                  /home/sek519/warm_starting/vpc/lib/Cbc-trunk/build/lib/libCoinUtils.so.0.0.0
2ae7cbeac000-2ae7cbeaf000 r--p 0014c000 00:2c 234489064                  /home/sek519/warm_starting/vpc/lib/Cbc-trunk/build/lib/libCoinUtils.so.0.0.0
2ae7cbeaf000-2ae7cbeb2000 rw-p 0014f000 00:2c 234489064                  /home/sek519/warm_starting/vpc/lib/Cbc-trunk/build/lib/libCoinUtils.so.0.0.0
2ae7cbeb2000-2ae7ce8d5000 r-xp 00000000 00:2c 234521354                  /home/sek519/miniconda/envs/vws/lib/libgurobi100.so
2ae7ce8d5000-2ae7cead5000 ---p 02a23000 00:2c 234521354                  /home/sek519/miniconda/envs/vws/lib/libgurobi100.so
2ae7cead5000-2ae7ceb3f000 r--p 02a23000 00:2c 234521354                  /home/sek519/miniconda/envs/vws/lib/libgurobi100.so
2ae7ceb3f000-2ae7ceb64000 rw-p 02a8d000 00:2c 234521354                  /home/sek519/miniconda/envs/vws/lib/libgurobi100.so
2ae7ceb64000-2ae7ceb71000 rw-p 00000000 00:00 0 
2ae7ceb71000-2ae7ceb74000 rw-p 02bf6000 00:2c 234521354                  /home/sek519/miniconda/envs/vws/lib/libgurobi100.so
2ae7ceb74000-2ae7ceba9000 r--s 00000000 08:07 130657                     /var/cache/nscd/hosts
2ae7ceba9000-2ae7cecac000 r-xp 00000000 08:05 527463                     /lib/x86_64-linux-gnu/libm-2.24.so
2ae7cecac000-2ae7ceeab000 ---p 00103000 08:05 527463                     /lib/x86_64-linux-gnu/libm-2.24.so
2ae7ceeab000-2ae7ceeac000 r--p 00102000 08:05 527463                     /lib/x86_64-linux-gnu/libm-2.24.so
2ae7ceeac000-2ae7ceead000 rw-p 00103000 08:05 527463                     /lib/x86_64-linux-gnu/libm-2.24.so
2ae7ceead000-2ae7cef53000 r--p 00000000 00:2c 235724303                  /home/sek519/miniconda/envs/vws/lib/libstdc++.so.6.0.30
2ae7cef53000-2ae7cefe7000 r-xp 000a6000 00:2c 235724303                  /home/sek519/miniconda/envs/vws/lib/libstdc++.so.6.0.30
2ae7cefe7000-2ae7cf04f000 r--p 0013a000 00:2c 235724303                  /home/sek519/miniconda/envs/vws/lib/libstdc++.so.6.0.30
2ae7cf04f000-2ae7cf05a000 r--p 001a1000 00:2c 235724303                  /home/sek519/miniconda/envs/vws/lib/libstdc++.so.6.0.30
2ae7cf05a000-2ae7cf05e000 rw-p 001ac000 00:2c 235724303                  /home/sek519/miniconda/envs/vws/lib/libstdc++.so.6.0.30
2ae7cf05e000-2ae7cf061000 rw-p 00000000 00:00 0 
2ae7cf061000-2ae7cf065000 r--p 00000000 00:2c 235727575                  /home/sek519/miniconda/envs/vws/lib/libgcc_s.so.1
2ae7cf065000-2ae7cf075000 r-xp 00004000 00:2c 235727575                  /home/sek519/miniconda/envs/vws/lib/libgcc_s.so.1
2ae7cf075000-2ae7cf078000 r--p 00014000 00:2c 235727575                  /home/sek519/miniconda/envs/vws/lib/libgcc_s.so.1
2ae7cf078000-2ae7cf079000 r--p 00016000 00:2c 235727575                  /home/sek519/miniconda/envs/vws/lib/libgcc_s.so.1
2ae7cf079000-2ae7cf07a000 rw-p 00017000 00:2c 235727575                  /home/sek519/miniconda/envs/vws/lib/libgcc_s.so.1
2ae7cf07a000-2ae7cf20f000 r-xp 00000000 08:05 527459                     /lib/x86_64-linux-gnu/libc-2.24.so
2ae7cf20f000-2ae7cf40f000 ---p 00195000 08:05 527459                     /lib/x86_64-linux-gnu/libc-2.24.so
2ae7cf40f000-2ae7cf413000 r--p 00195000 08:05 527459                     /lib/x86_64-linux-gnu/libc-2.24.so
2ae7cf413000-2ae7cf415000 rw-p 00199000 08:05 527459                     /lib/x86_64-linux-gnu/libc-2.24.so
2ae7cf415000-2ae7cf419000 rw-p 00000000 00:00 0 
2ae7cf419000-2ae7cf429000 r--p 00000000 00:2c 235728014                  /home/sek519/miniconda/envs/vws/lib/libtinfo.so.6.3
2ae7cf429000-2ae7cf443000 r-xp 00010000 00:2c 235728014                  /home/sek519/miniconda/envs/vws/lib/libtinfo.so.6.3
2ae7cf443000-2ae7cf454000 r--p 0002a000 00:2c 235728014                  /home/sek519/miniconda/envs/vws/lib/libtinfo.so.6.3
2ae7cf454000-2ae7cf458000 r--p 0003a000 00:2c 235728014                  /home/sek519/miniconda/envs/vws/lib/libtinfo.so.6.3
2ae7cf458000-2ae7cf459000 rw-p 0003e000 00:2c 235728014                  /home/sek519/miniconda/envs/vws/lib/libtinfo.so.6.3
2ae7cf459000-2ae7cf460000 r-xp 00000000 08:05 527476                     /lib/x86_64-linux-gnu/librt-2.24.so
2ae7cf460000-2ae7cf65f000 ---p 00007000 08:05 527476                     /lib/x86_64-linux-gnu/librt-2.24.so
2ae7cf65f000-2ae7cf660000 r--p 00006000 08:05 527476                     /lib/x86_64-linux-gnu/librt-2.24.so
2ae7cf660000-2ae7cf661000 rw-p 00007000 08:05 527476                     /lib/x86_64-linux-gnu/librt-2.24.so
2ae7cf661000-2ae7cf679000 r-xp 00000000 08:05 527474                     /lib/x86_64-linux-gnu/libpthread-2.24.so
2ae7cf679000-2ae7cf878000 ---p 00018000 08:05 527474                     /lib/x86_64-linux-gnu/libpthread-2.24.so
2ae7cf878000-2ae7cf879000 r--p 00017000 08:05 527474                     /lib/x86_64-linux-gnu/libpthread-2.24.so
2ae7cf879000-2ae7cf87a000 rw-p 00018000 08:05 527474                     /lib/x86_64-linux-gnu/libpthread-2.24.so
2ae7cf87a000-2ae7cf87e000 rw-p 00000000 00:00 0 
2ae7cf87e000-2ae7cf977000 r--p 00000000 00:2c 235427053                  /home/sek519/miniconda/envs/vws/lib/libopenblasp-r0.3.12.so
2ae7cf977000-2ae7cf978000 r-xp 000f9000 00:2c 235427053                  /home/sek519/miniconda/envs/vws/lib/libopenblasp-r0.3.12.so
2ae7cf978000-2ae7cf97e000 ---p 000fa000 00:2c 235427053                  /home/sek519/miniconda/envs/vws/lib/libopenblasp-r0.3.12.so
2ae7cf97e000-2ae7d1461000 r-xp 00100000 00:2c 235427053                  /home/sek519/miniconda/envs/vws/lib/libopenblasp-r0.3.12.so
2ae7d1461000-2ae7d1634000 r--p 01be3000 00:2c 235427053                  /home/sek519/miniconda/envs/vws/lib/libopenblasp-r0.3.12.so
2ae7d1634000-2ae7d1642000 r--p 01db5000 00:2c 235427053                  /home/sek519/miniconda/envs/vws/lib/libopenblasp-r0.3.12.so
2ae7d1642000-2ae7d1650000 rw-p 01dc3000 00:2c 235427053                  /home/sek519/miniconda/envs/vws/lib/libopenblasp-r0.3.12.so
2ae7d1650000-2ae7d1661000 rw-p 00000000 00:00 0 
2ae7d1661000-2ae7d1664000 r-xp 00000000 08:05 527462                     /lib/x86_64-linux-gnu/libdl-2.24.so
2ae7d1664000-2ae7d1863000 ---p 00003000 08:05 527462                     /lib/x86_64-linux-gnu/libdl-2.24.so
2ae7d1863000-2ae7d1864000 r--p 00002000 08:05 527462                     /lib/x86_64-linux-gnu/libdl-2.24.so
2ae7d1864000-2ae7d1865000 rw-p 00003000 08:05 527462                     /lib/x86_64-linux-gnu/libdl-2.24.so
2ae7d1865000-2ae7d1880000 r--p 00000000 00:2c 235723995                  /home/sek519/miniconda/envs/vws/lib/libgfortran.so.4.0.0
2ae7d1880000-2ae7d196f000 r-xp 0001b000 00:2c 235723995                  /home/sek519/miniconda/envs/vws/lib/libgfortran.so.4.0.0
2ae7d196f000-2ae7d1990000 r--p 0010a000 00:2c 235723995                  /home/sek519/miniconda/envs/vws/lib/libgfortran.so.4.0.0
2ae7d1990000-2ae7d1991000 ---p 0012b000 00:2c 235723995                  /home/sek519/miniconda/envs/vws/lib/libgfortran.so.4.0.0
2ae7d1991000-2ae7d1992000 r--p 0012b000 00:2c 235723995                  /home/sek519/miniconda/envs/vws/lib/libgfortran.so.4.0.0
2ae7d1992000-2ae7d1993000 rw-p 0012c000 00:2c 235723995                  /home/sek519/miniconda/envs/vws/lib/libgfortran.so.4.0.0
2ae7d1993000-2ae7d1994000 rw-p 00000000 00:00 0 
2ae7d1994000-2ae7d1997000 r--p 00000000 00:2c 235727572                  /home/sek519/miniconda/envs/vws/lib/libquadmath.so.0.0.0
2ae7d1997000-2ae7d19b6000 r-xp 00003000 00:2c 235727572                  /home/sek519/miniconda/envs/vws/lib/libquadmath.so.0.0.0
2ae7d19b6000-2ae7d19cc000 r--p 00022000 00:2c 235727572                  /home/sek519/miniconda/envs/vws/lib/libquadmath.so.0.0.0
2ae7d19cc000-2ae7d19cd000 r--p 00038000 00:2c 235727572                  /home/sek519/miniconda/envs/vws/lib/libquadmath.so.0.0.0
2ae7d19cd000-2ae7d19ce000 rw-p 00039000 00:2c 235727572                  /home/sek519/miniconda/envs/vws/lib/libquadmath.so.0.0.0
2ae7d19ce000-2ae7d19e0000 rw-p 00000000 00:00 0 
2ae7d19e0000-2ae7d19e1000 ---p 00000000 00:00 0 
2ae7d19e1000-2ae7d1be1000 rw-p 00000000 00:00 0 
2ae7d1be1000-2ae7d1be2000 ---p 00000000 00:00 0 
2ae7d1be2000-2ae7d1de2000 rw-p 00000000 00:00 0 
2ae7d1de2000-2ae7d1de3000 ---p 00000000 00:00 0 
2ae7d1de3000-2ae7d1fe3000 rw-p 00000000 00:00 0 
2ae7d1fe3000-2ae7e1fe3000 rw-p 00000000 00:00 0 
2ae7e1fe3000-2ae7e1fe4000 ---p 00000000 00:00 0 
2ae7e1fe4000-2ae7e21e4000 rw-p 00000000 00:00 0 
2ae7e21e4000-2ae7ea1e4000 rw-p 00000000 00:00 0 
2ae7ea1e4000-2ae7ea1e5000 ---p 00000000 00:00 0 
2ae7ea1e5000-2ae7ea3e5000 rw-p 00000000 00:00 0 
2ae7ea3e5000-2ae7f23e5000 rw-p 00000000 00:00 0 
2ae7f23e5000-2ae7f23e6000 ---p 00000000 00:00 0 
2ae7f23e6000-2ae7f25e6000 rw-p 00000000 00:00 0 
2ae7f25e6000-2ae7fa5e6000 rw-p 00000000 00:00 0 
2ae7fa5e6000-2ae7fa5e7000 ---p 00000000 00:00 0 
2ae7fa5e7000-2ae7fa7e7000 rw-p 00000000 00:00 0 
2ae7fa7e7000-2ae8027e7000 rw-p 00000000 00:00 0 
2ae8027e7000-2ae8027e8000 ---p 00000000 00:00 0 
2ae8027e8000-2ae8029e8000 rw-p 00000000 00:00 0 
2ae8029e8000-2ae80a9e8000 rw-p 00000000 00:00 0 
2ae80a9e8000-2ae80a9e9000 ---p 00000000 00:00 0 
2ae80a9e9000-2ae80abe9000 rw-p 00000000 00:00 0 
2ae80abe9000-2ae812be9000 rw-p 00000000 00:00 0 
2ae812be9000-2ae812bea000 ---p 00000000 00:00 0 
2ae812bea000-2ae812dea000 rw-p 00000000 00:00 0 
2ae812dea000-2ae81adea000 rw-p 00000000 00:00 0 
2ae81adea000-2ae81adeb000 ---p 00000000 00:00 0 
2ae81adeb000-2ae81afeb000 rw-p 00000000 00:00 0 
2ae81afeb000-2ae81afec000 ---p 00000000 00:00 0 
2ae81afec000-2ae81b1ec000 rw-p 00000000 00:00 0 
2ae81b1ec000-2ae81b1ed000 ---p 00000000 00:00 0 
2ae81b1ed000-2ae81b3ed000 rw-p 00000000 00:00 0 
2ae81b3ed000-2ae81b3ee000 ---p 00000000 00:00 0 
2ae81b3ee000-2ae81b5ee000 rw-p 00000000 00:00 0 
2ae81b5ee000-2ae81b5ef000 ---p 00000000 00:00 0 
2ae81b5ef000-2ae81b7ef000 rw-p 00000000 00:00 0 
2ae81b7ef000-2ae84b7ef000 rw-p 00000000 00:00 0 
2ae84b7ef000-2ae84b98a000 r--p 00000000 08:06 1703020                    /usr/lib/locale/locale-archive
2ae84b98a000-2ae84b9bf000 r--s 00000000 08:07 129619                     /var/cache/nscd/passwd
2ae84b9bf000-2ae84b9c0000 ---p 00000000 00:00 0 
2ae84b9c0000-2ae84bbc0000 rw-p 00000000 00:00 0 
2ae84d303000-2ae855303000 rw-p 00000000 00:00 0 
5587b6e27000-5587b6e4a000 r--p 00000000 00:2c 234490227                  /home/sek519/warm_starting/vws/Release/vws
5587b6e4a000-5587b6f26000 r-xp 00023000 00:2c 234490227                  /home/sek519/warm_starting/vws/Release/vws
5587b6f26000-5587b6f5b000 r--p 000ff000 00:2c 234490227                  /home/sek519/warm_starting/vws/Release/vws
5587b6f5b000-5587b6f61000 r--p 00134000 00:2c 234490227                  /home/sek519/warm_starting/vws/Release/vws
5587b6f61000-5587b6f63000 rw-p 0013a000 00:2c 234490227                  /home/sek519/warm_starting/vws/Release/vws
5587b89c9000-5587c2e19000 rw-p 00000000 00:00 0                          [heap]
7ffcdeb70000-7ffcdeba2000 rw-p 00000000 00:00 0                          [stack]
7ffcdebb0000-7ffcdebb2000 r--p 00000000 00:00 0                          [vvar]
7ffcdebb2000-7ffcdebb4000 r-xp 00000000 00:00 0                          [vdso]
ffffffffff600000-ffffffffff601000 r-xp 00000000 00:00 0                  [vsyscall]
/var/spool/torque/mom_priv/jobs/1747234.polyp1.ie.lehigh.edu.SC: line 4:  3151 Aborted                 ../Release/vws ${INPUT_FOLDER} ${OUTPUT_FILE} ${MAX_TIME} ${GENERATOR} ${TERMS} ${MIP_SOLVER} ${PROVIDE_PRIMAL_BOUND}
