*** Error in `../Release/vws': double free or corruption (!prev): 0x00005595b0749880 ***
======= Backtrace: =========
/lib/x86_64-linux-gnu/libc.so.6(+0x70bfb)[0x2b94839aebfb]
/lib/x86_64-linux-gnu/libc.so.6(+0x76fc6)[0x2b94839b4fc6]
/lib/x86_64-linux-gnu/libc.so.6(+0x7780e)[0x2b94839b580e]
/home/sek519/warm_starting/vws/../vpc/lib/Cbc-trunk/build/lib/libCoinUtils.so.0(_ZN16CoinPackedMatrix16gutsOfDestructorEv+0x12)[0x2b94806d0cd2]
/home/sek519/warm_starting/vws/../vpc/lib/Cbc-trunk/build/lib/libCoinUtils.so.0(_ZN16CoinPackedMatrix27resizeForAddingMinorVectorsEPKi+0x4a0)[0x2b94806d3df0]
/home/sek519/warm_starting/vws/../vpc/lib/Cbc-trunk/build/lib/libCoinUtils.so.0(_ZN16CoinPackedMatrix17appendMinorVectorEiPKiPKd+0xb7)[0x2b94806d4237]
/home/sek519/warm_starting/vws/../vpc/lib/Cbc-trunk/build/lib/libOsiClp.so.0(_ZN21OsiClpSolverInterface6addRowEiPKiPKddd+0xb0)[0x2b948004fa90]
../Release/vws(+0xc788b)[0x5595a688088b]
../Release/vws(+0xc9f91)[0x5595a6882f91]
../Release/vws(+0x392fe)[0x5595a67f22fe]
../Release/vws(+0x3b0f5)[0x5595a67f40f5]
../Release/vws(+0x54e9f)[0x5595a680de9f]
../Release/vws(+0x315d8)[0x5595a67ea5d8]
/lib/x86_64-linux-gnu/libc.so.6(__libc_start_main+0xf1)[0x2b948395e2e1]
../Release/vws(+0x32a11)[0x5595a67eba11]
======= Memory map: ========
2b947ff72000-2b947ff95000 r-xp 00000000 08:05 527455                     /lib/x86_64-linux-gnu/ld-2.24.so
2b947ff95000-2b947ff97000 rw-p 00000000 00:00 0 
2b947ff97000-2b947ff9a000 r--p 00000000 00:2c 235724777                  /home/sek519/miniconda/envs/vws/lib/libz.so.1.2.13
2b947ff9a000-2b947ffa8000 r-xp 00003000 00:2c 235724777                  /home/sek519/miniconda/envs/vws/lib/libz.so.1.2.13
2b947ffa8000-2b947ffaf000 r--p 00011000 00:2c 235724777                  /home/sek519/miniconda/envs/vws/lib/libz.so.1.2.13
2b947ffaf000-2b947ffb0000 r--p 00017000 00:2c 235724777                  /home/sek519/miniconda/envs/vws/lib/libz.so.1.2.13
2b947ffb0000-2b947ffb1000 rw-p 00018000 00:2c 235724777                  /home/sek519/miniconda/envs/vws/lib/libz.so.1.2.13
2b947ffb1000-2b947ffb3000 r--p 00000000 00:2c 234676138                  /home/sek519/miniconda/envs/vws/lib/libbz2.so.1.0.8
2b947ffb3000-2b947ffc1000 r-xp 00002000 00:2c 234676138                  /home/sek519/miniconda/envs/vws/lib/libbz2.so.1.0.8
2b947ffc1000-2b947ffc3000 r--p 00010000 00:2c 234676138                  /home/sek519/miniconda/envs/vws/lib/libbz2.so.1.0.8
2b947ffc3000-2b947ffc4000 r--p 00011000 00:2c 234676138                  /home/sek519/miniconda/envs/vws/lib/libbz2.so.1.0.8
2b947ffc4000-2b947ffc5000 rw-p 00012000 00:2c 234676138                  /home/sek519/miniconda/envs/vws/lib/libbz2.so.1.0.8
2b947ffc5000-2b947ffdd000 r--p 00000000 00:2c 234710701                  /home/sek519/miniconda/envs/vws/lib/libreadline.so.8.1
2b947ffdd000-2b9480008000 r-xp 00018000 00:2c 234710701                  /home/sek519/miniconda/envs/vws/lib/libreadline.so.8.1
2b9480008000-2b9480012000 r--p 00043000 00:2c 234710701                  /home/sek519/miniconda/envs/vws/lib/libreadline.so.8.1
2b9480012000-2b9480015000 r--p 0004c000 00:2c 234710701                  /home/sek519/miniconda/envs/vws/lib/libreadline.so.8.1
2b9480015000-2b948001b000 rw-p 0004f000 00:2c 234710701                  /home/sek519/miniconda/envs/vws/lib/libreadline.so.8.1
2b948001b000-2b948001c000 rw-p 00000000 00:00 0 
2b948001c000-2b9480031000 r--p 00000000 00:2c 234489484                  /home/sek519/warm_starting/vpc/lib/Cbc-trunk/build/lib/libOsiClp.so.0.0.0
2b9480031000-2b9480061000 r-xp 00015000 00:2c 234489484                  /home/sek519/warm_starting/vpc/lib/Cbc-trunk/build/lib/libOsiClp.so.0.0.0
2b9480061000-2b948006b000 r--p 00045000 00:2c 234489484                  /home/sek519/warm_starting/vpc/lib/Cbc-trunk/build/lib/libOsiClp.so.0.0.0
2b948006b000-2b948006d000 r--p 0004f000 00:2c 234489484                  /home/sek519/warm_starting/vpc/lib/Cbc-trunk/build/lib/libOsiClp.so.0.0.0
2b948006d000-2b948006e000 rw-p 00051000 00:2c 234489484                  /home/sek519/warm_starting/vpc/lib/Cbc-trunk/build/lib/libOsiClp.so.0.0.0
2b948006e000-2b9480070000 rw-p 00000000 00:00 0 
2b9480070000-2b9480098000 r--p 00000000 00:2c 234489794                  /home/sek519/warm_starting/vpc/lib/Cbc-trunk/build/lib/libCgl.so.0.0.0
2b9480098000-2b948015b000 r-xp 00028000 00:2c 234489794                  /home/sek519/warm_starting/vpc/lib/Cbc-trunk/build/lib/libCgl.so.0.0.0
2b948015b000-2b948017b000 r--p 000eb000 00:2c 234489794                  /home/sek519/warm_starting/vpc/lib/Cbc-trunk/build/lib/libCgl.so.0.0.0
2b948017b000-2b948017d000 r--p 0010b000 00:2c 234489794                  /home/sek519/warm_starting/vpc/lib/Cbc-trunk/build/lib/libCgl.so.0.0.0
2b948017d000-2b948017f000 rw-p 0010d000 00:2c 234489794                  /home/sek519/warm_starting/vpc/lib/Cbc-trunk/build/lib/libCgl.so.0.0.0
2b948017f000-2b9480187000 rw-p 00000000 00:00 0 
2b9480187000-2b948018e000 r--s 00000000 08:06 1713796                    /usr/lib/x86_64-linux-gnu/gconv/gconv-modules.cache
2b948018e000-2b948018f000 rw-p 00000000 00:00 0 
2b9480195000-2b9480196000 r--p 00023000 08:05 527455                     /lib/x86_64-linux-gnu/ld-2.24.so
2b9480196000-2b9480197000 rw-p 00024000 08:05 527455                     /lib/x86_64-linux-gnu/ld-2.24.so
2b9480197000-2b9480198000 rw-p 00000000 00:00 0 
2b9480198000-2b9480206000 r--p 00000000 00:2c 234490095                  /home/sek519/warm_starting/vpc/lib/Cbc-trunk/build/lib/libCbc.so.0.0.0
2b9480206000-2b9480354000 r-xp 0006e000 00:2c 234490095                  /home/sek519/warm_starting/vpc/lib/Cbc-trunk/build/lib/libCbc.so.0.0.0
2b9480354000-2b948039f000 r--p 001bc000 00:2c 234490095                  /home/sek519/warm_starting/vpc/lib/Cbc-trunk/build/lib/libCbc.so.0.0.0
2b948039f000-2b94803ab000 r--p 00207000 00:2c 234490095                  /home/sek519/warm_starting/vpc/lib/Cbc-trunk/build/lib/libCbc.so.0.0.0
2b94803ab000-2b94803af000 rw-p 00213000 00:2c 234490095                  /home/sek519/warm_starting/vpc/lib/Cbc-trunk/build/lib/libCbc.so.0.0.0
2b94803af000-2b94803c7000 r--p 00000000 00:2c 234489204                  /home/sek519/warm_starting/vpc/lib/Cbc-trunk/build/lib/libOsi.so.0.0.0
2b94803c7000-2b94803f7000 r-xp 00018000 00:2c 234489204                  /home/sek519/warm_starting/vpc/lib/Cbc-trunk/build/lib/libOsi.so.0.0.0
2b94803f7000-2b948040b000 r--p 00048000 00:2c 234489204                  /home/sek519/warm_starting/vpc/lib/Cbc-trunk/build/lib/libOsi.so.0.0.0
2b948040b000-2b948040d000 r--p 0005c000 00:2c 234489204                  /home/sek519/warm_starting/vpc/lib/Cbc-trunk/build/lib/libOsi.so.0.0.0
2b948040d000-2b948040e000 rw-p 0005e000 00:2c 234489204                  /home/sek519/warm_starting/vpc/lib/Cbc-trunk/build/lib/libOsi.so.0.0.0
2b948040e000-2b948044d000 r--p 00000000 00:2c 234489467                  /home/sek519/warm_starting/vpc/lib/Cbc-trunk/build/lib/libClp.so.0.0.0
2b948044d000-2b94805d9000 r-xp 0003f000 00:2c 234489467                  /home/sek519/warm_starting/vpc/lib/Cbc-trunk/build/lib/libClp.so.0.0.0
2b94805d9000-2b948061c000 r--p 001cb000 00:2c 234489467                  /home/sek519/warm_starting/vpc/lib/Cbc-trunk/build/lib/libClp.so.0.0.0
2b948061c000-2b948061f000 r--p 0020d000 00:2c 234489467                  /home/sek519/warm_starting/vpc/lib/Cbc-trunk/build/lib/libClp.so.0.0.0
2b948061f000-2b9480623000 rw-p 00210000 00:2c 234489467                  /home/sek519/warm_starting/vpc/lib/Cbc-trunk/build/lib/libClp.so.0.0.0
2b9480623000-2b948065d000 r--p 00000000 00:2c 234489064                  /home/sek519/warm_starting/vpc/lib/Cbc-trunk/build/lib/libCoinUtils.so.0.0.0
2b948065d000-2b9480743000 r-xp 0003a000 00:2c 234489064                  /home/sek519/warm_starting/vpc/lib/Cbc-trunk/build/lib/libCoinUtils.so.0.0.0
2b9480743000-2b9480770000 r--p 00120000 00:2c 234489064                  /home/sek519/warm_starting/vpc/lib/Cbc-trunk/build/lib/libCoinUtils.so.0.0.0
2b9480770000-2b9480773000 r--p 0014c000 00:2c 234489064                  /home/sek519/warm_starting/vpc/lib/Cbc-trunk/build/lib/libCoinUtils.so.0.0.0
2b9480773000-2b9480776000 rw-p 0014f000 00:2c 234489064                  /home/sek519/warm_starting/vpc/lib/Cbc-trunk/build/lib/libCoinUtils.so.0.0.0
2b9480776000-2b9483199000 r-xp 00000000 00:2c 234521354                  /home/sek519/miniconda/envs/vws/lib/libgurobi100.so
2b9483199000-2b9483399000 ---p 02a23000 00:2c 234521354                  /home/sek519/miniconda/envs/vws/lib/libgurobi100.so
2b9483399000-2b9483403000 r--p 02a23000 00:2c 234521354                  /home/sek519/miniconda/envs/vws/lib/libgurobi100.so
2b9483403000-2b9483428000 rw-p 02a8d000 00:2c 234521354                  /home/sek519/miniconda/envs/vws/lib/libgurobi100.so
2b9483428000-2b9483435000 rw-p 00000000 00:00 0 
2b9483435000-2b9483438000 rw-p 02bf6000 00:2c 234521354                  /home/sek519/miniconda/envs/vws/lib/libgurobi100.so
2b9483438000-2b948346d000 r--s 00000000 08:07 130657                     /var/cache/nscd/hosts
2b948346d000-2b9483570000 r-xp 00000000 08:05 527463                     /lib/x86_64-linux-gnu/libm-2.24.so
2b9483570000-2b948376f000 ---p 00103000 08:05 527463                     /lib/x86_64-linux-gnu/libm-2.24.so
2b948376f000-2b9483770000 r--p 00102000 08:05 527463                     /lib/x86_64-linux-gnu/libm-2.24.so
2b9483770000-2b9483771000 rw-p 00103000 08:05 527463                     /lib/x86_64-linux-gnu/libm-2.24.so
2b9483771000-2b9483817000 r--p 00000000 00:2c 235724303                  /home/sek519/miniconda/envs/vws/lib/libstdc++.so.6.0.30
2b9483817000-2b94838ab000 r-xp 000a6000 00:2c 235724303                  /home/sek519/miniconda/envs/vws/lib/libstdc++.so.6.0.30
2b94838ab000-2b9483913000 r--p 0013a000 00:2c 235724303                  /home/sek519/miniconda/envs/vws/lib/libstdc++.so.6.0.30
2b9483913000-2b948391e000 r--p 001a1000 00:2c 235724303                  /home/sek519/miniconda/envs/vws/lib/libstdc++.so.6.0.30
2b948391e000-2b9483922000 rw-p 001ac000 00:2c 235724303                  /home/sek519/miniconda/envs/vws/lib/libstdc++.so.6.0.30
2b9483922000-2b9483925000 rw-p 00000000 00:00 0 
2b9483925000-2b9483929000 r--p 00000000 00:2c 235727575                  /home/sek519/miniconda/envs/vws/lib/libgcc_s.so.1
2b9483929000-2b9483939000 r-xp 00004000 00:2c 235727575                  /home/sek519/miniconda/envs/vws/lib/libgcc_s.so.1
2b9483939000-2b948393c000 r--p 00014000 00:2c 235727575                  /home/sek519/miniconda/envs/vws/lib/libgcc_s.so.1
2b948393c000-2b948393d000 r--p 00016000 00:2c 235727575                  /home/sek519/miniconda/envs/vws/lib/libgcc_s.so.1
2b948393d000-2b948393e000 rw-p 00017000 00:2c 235727575                  /home/sek519/miniconda/envs/vws/lib/libgcc_s.so.1
2b948393e000-2b9483ad3000 r-xp 00000000 08:05 527459                     /lib/x86_64-linux-gnu/libc-2.24.so
2b9483ad3000-2b9483cd3000 ---p 00195000 08:05 527459                     /lib/x86_64-linux-gnu/libc-2.24.so
2b9483cd3000-2b9483cd7000 r--p 00195000 08:05 527459                     /lib/x86_64-linux-gnu/libc-2.24.so
2b9483cd7000-2b9483cd9000 rw-p 00199000 08:05 527459                     /lib/x86_64-linux-gnu/libc-2.24.so
2b9483cd9000-2b9483cdd000 rw-p 00000000 00:00 0 
2b9483cdd000-2b9483ced000 r--p 00000000 00:2c 235728014                  /home/sek519/miniconda/envs/vws/lib/libtinfo.so.6.3
2b9483ced000-2b9483d07000 r-xp 00010000 00:2c 235728014                  /home/sek519/miniconda/envs/vws/lib/libtinfo.so.6.3
2b9483d07000-2b9483d18000 r--p 0002a000 00:2c 235728014                  /home/sek519/miniconda/envs/vws/lib/libtinfo.so.6.3
2b9483d18000-2b9483d1c000 r--p 0003a000 00:2c 235728014                  /home/sek519/miniconda/envs/vws/lib/libtinfo.so.6.3
2b9483d1c000-2b9483d1d000 rw-p 0003e000 00:2c 235728014                  /home/sek519/miniconda/envs/vws/lib/libtinfo.so.6.3
2b9483d1d000-2b9483d24000 r-xp 00000000 08:05 527476                     /lib/x86_64-linux-gnu/librt-2.24.so
2b9483d24000-2b9483f23000 ---p 00007000 08:05 527476                     /lib/x86_64-linux-gnu/librt-2.24.so
2b9483f23000-2b9483f24000 r--p 00006000 08:05 527476                     /lib/x86_64-linux-gnu/librt-2.24.so
2b9483f24000-2b9483f25000 rw-p 00007000 08:05 527476                     /lib/x86_64-linux-gnu/librt-2.24.so
2b9483f25000-2b9483f3d000 r-xp 00000000 08:05 527474                     /lib/x86_64-linux-gnu/libpthread-2.24.so
2b9483f3d000-2b948413c000 ---p 00018000 08:05 527474                     /lib/x86_64-linux-gnu/libpthread-2.24.so
2b948413c000-2b948413d000 r--p 00017000 08:05 527474                     /lib/x86_64-linux-gnu/libpthread-2.24.so
2b948413d000-2b948413e000 rw-p 00018000 08:05 527474                     /lib/x86_64-linux-gnu/libpthread-2.24.so
2b948413e000-2b9484142000 rw-p 00000000 00:00 0 
2b9484142000-2b948423b000 r--p 00000000 00:2c 235427053                  /home/sek519/miniconda/envs/vws/lib/libopenblasp-r0.3.12.so
2b948423b000-2b948423c000 r-xp 000f9000 00:2c 235427053                  /home/sek519/miniconda/envs/vws/lib/libopenblasp-r0.3.12.so
2b948423c000-2b9484242000 ---p 000fa000 00:2c 235427053                  /home/sek519/miniconda/envs/vws/lib/libopenblasp-r0.3.12.so
2b9484242000-2b9485d25000 r-xp 00100000 00:2c 235427053                  /home/sek519/miniconda/envs/vws/lib/libopenblasp-r0.3.12.so
2b9485d25000-2b9485ef8000 r--p 01be3000 00:2c 235427053                  /home/sek519/miniconda/envs/vws/lib/libopenblasp-r0.3.12.so
2b9485ef8000-2b9485f06000 r--p 01db5000 00:2c 235427053                  /home/sek519/miniconda/envs/vws/lib/libopenblasp-r0.3.12.so
2b9485f06000-2b9485f14000 rw-p 01dc3000 00:2c 235427053                  /home/sek519/miniconda/envs/vws/lib/libopenblasp-r0.3.12.so
2b9485f14000-2b9485f25000 rw-p 00000000 00:00 0 
2b9485f25000-2b9485f28000 r-xp 00000000 08:05 527462                     /lib/x86_64-linux-gnu/libdl-2.24.so
2b9485f28000-2b9486127000 ---p 00003000 08:05 527462                     /lib/x86_64-linux-gnu/libdl-2.24.so
2b9486127000-2b9486128000 r--p 00002000 08:05 527462                     /lib/x86_64-linux-gnu/libdl-2.24.so
2b9486128000-2b9486129000 rw-p 00003000 08:05 527462                     /lib/x86_64-linux-gnu/libdl-2.24.so
2b9486129000-2b9486144000 r--p 00000000 00:2c 235723995                  /home/sek519/miniconda/envs/vws/lib/libgfortran.so.4.0.0
2b9486144000-2b9486233000 r-xp 0001b000 00:2c 235723995                  /home/sek519/miniconda/envs/vws/lib/libgfortran.so.4.0.0
2b9486233000-2b9486254000 r--p 0010a000 00:2c 235723995                  /home/sek519/miniconda/envs/vws/lib/libgfortran.so.4.0.0
2b9486254000-2b9486255000 ---p 0012b000 00:2c 235723995                  /home/sek519/miniconda/envs/vws/lib/libgfortran.so.4.0.0
2b9486255000-2b9486256000 r--p 0012b000 00:2c 235723995                  /home/sek519/miniconda/envs/vws/lib/libgfortran.so.4.0.0
2b9486256000-2b9486257000 rw-p 0012c000 00:2c 235723995                  /home/sek519/miniconda/envs/vws/lib/libgfortran.so.4.0.0
2b9486257000-2b9486258000 rw-p 00000000 00:00 0 
2b9486258000-2b948625b000 r--p 00000000 00:2c 235727572                  /home/sek519/miniconda/envs/vws/lib/libquadmath.so.0.0.0
2b948625b000-2b948627a000 r-xp 00003000 00:2c 235727572                  /home/sek519/miniconda/envs/vws/lib/libquadmath.so.0.0.0
2b948627a000-2b9486290000 r--p 00022000 00:2c 235727572                  /home/sek519/miniconda/envs/vws/lib/libquadmath.so.0.0.0
2b9486290000-2b9486291000 r--p 00038000 00:2c 235727572                  /home/sek519/miniconda/envs/vws/lib/libquadmath.so.0.0.0
2b9486291000-2b9486292000 rw-p 00039000 00:2c 235727572                  /home/sek519/miniconda/envs/vws/lib/libquadmath.so.0.0.0
2b9486292000-2b94862a4000 rw-p 00000000 00:00 0 
2b94862a4000-2b94862a5000 ---p 00000000 00:00 0 
2b94862a5000-2b94864a5000 rw-p 00000000 00:00 0 
2b94864a5000-2b94864a6000 ---p 00000000 00:00 0 
2b94864a6000-2b94866a6000 rw-p 00000000 00:00 0 
2b94866a6000-2b94866a7000 ---p 00000000 00:00 0 
2b94866a7000-2b94868a7000 rw-p 00000000 00:00 0 
2b94868a7000-2b94968a7000 rw-p 00000000 00:00 0 
2b94968a7000-2b94968a8000 ---p 00000000 00:00 0 
2b94968a8000-2b9496aa8000 rw-p 00000000 00:00 0 
2b9496aa8000-2b949eaa8000 rw-p 00000000 00:00 0 
2b949eaa8000-2b949eaa9000 ---p 00000000 00:00 0 
2b949eaa9000-2b949eca9000 rw-p 00000000 00:00 0 
2b949eca9000-2b94a6ca9000 rw-p 00000000 00:00 0 
2b94a6ca9000-2b94a6caa000 ---p 00000000 00:00 0 
2b94a6caa000-2b94a6eaa000 rw-p 00000000 00:00 0 
2b94a6eaa000-2b94aeeaa000 rw-p 00000000 00:00 0 
2b94aeeaa000-2b94aeeab000 ---p 00000000 00:00 0 
2b94aeeab000-2b94af0ab000 rw-p 00000000 00:00 0 
2b94af0ab000-2b94b70ab000 rw-p 00000000 00:00 0 
2b94b70ab000-2b94b70ac000 ---p 00000000 00:00 0 
2b94b70ac000-2b94b72ac000 rw-p 00000000 00:00 0 
2b94b72ac000-2b94bf2ac000 rw-p 00000000 00:00 0 
2b94bf2ac000-2b94bf2ad000 ---p 00000000 00:00 0 
2b94bf2ad000-2b94bf4ad000 rw-p 00000000 00:00 0 
2b94bf4ad000-2b94c74ad000 rw-p 00000000 00:00 0 
2b94c74ad000-2b94c74ae000 ---p 00000000 00:00 0 
2b94c74ae000-2b94c76ae000 rw-p 00000000 00:00 0 
2b94c76ae000-2b94cf6ae000 rw-p 00000000 00:00 0 
2b94cf6ae000-2b94cf6af000 ---p 00000000 00:00 0 
2b94cf6af000-2b94cf8af000 rw-p 00000000 00:00 0 
2b94cf8af000-2b94cf8b0000 ---p 00000000 00:00 0 
2b94cf8b0000-2b94cfab0000 rw-p 00000000 00:00 0 
2b94cfab0000-2b94cfab1000 ---p 00000000 00:00 0 
2b94cfab1000-2b94cfcb1000 rw-p 00000000 00:00 0 
2b94cfcb1000-2b94cfcb2000 ---p 00000000 00:00 0 
2b94cfcb2000-2b94cfeb2000 rw-p 00000000 00:00 0 
2b94cfeb2000-2b94cfeb3000 ---p 00000000 00:00 0 
2b94cfeb3000-2b94d00b3000 rw-p 00000000 00:00 0 
2b94d00b3000-2b94d80b3000 rw-p 00000000 00:00 0 
2b94d80b3000-2b94d80e8000 r--s 00000000 08:07 129619                     /var/cache/nscd/passwd
2b94d81b4000-2b95001b4000 rw-p 00000000 00:00 0 
2b95001b4000-2b950034f000 r--p 00000000 08:06 1703020                    /usr/lib/locale/locale-archive
2b950034f000-2b9500350000 ---p 00000000 00:00 0 
2b9500350000-2b9500550000 rw-p 00000000 00:00 0 
2b9501cc8000-2b9509cc8000 rw-p 00000000 00:00 0 
2b950c000000-2b950c021000 rw-p 00000000 00:00 0 
2b950c021000-2b9510000000 ---p 00000000 00:00 0 
5595a67b9000-5595a67dc000 r--p 00000000 00:2c 234490227                  /home/sek519/warm_starting/vws/Release/vws
5595a67dc000-5595a68b8000 r-xp 00023000 00:2c 234490227                  /home/sek519/warm_starting/vws/Release/vws
5595a68b8000-5595a68ed000 r--p 000ff000 00:2c 234490227                  /home/sek519/warm_starting/vws/Release/vws
5595a68ed000-5595a68f3000 r--p 00134000 00:2c 234490227                  /home/sek519/warm_starting/vws/Release/vws
5595a68f3000-5595a68f5000 rw-p 0013a000 00:2c 234490227                  /home/sek519/warm_starting/vws/Release/vws
5595a6e26000-5595b12cc000 rw-p 00000000 00:00 0                          [heap]
7ffd793ca000-7ffd793fb000 rw-p 00000000 00:00 0                          [stack]
7ffd793fb000-7ffd793fd000 r--p 00000000 00:00 0                          [vvar]
7ffd793fd000-7ffd793ff000 r-xp 00000000 00:00 0                          [vdso]
ffffffffff600000-ffffffffff601000 r-xp 00000000 00:00 0                  [vsyscall]
/var/spool/torque/mom_priv/jobs/1747235.polyp1.ie.lehigh.edu.SC: line 4: 14768 Aborted                 ../Release/vws ${INPUT_FOLDER} ${OUTPUT_FILE} ${MAX_TIME} ${GENERATOR} ${TERMS} ${MIP_SOLVER} ${PROVIDE_PRIMAL_BOUND}
