*** Error in `../Release/vws': double free or corruption (!prev): 0x0000564b0e435c00 ***
======= Backtrace: =========
/lib/x86_64-linux-gnu/libc.so.6(+0x70bfb)[0x2aaca6211bfb]
/lib/x86_64-linux-gnu/libc.so.6(+0x76fc6)[0x2aaca6217fc6]
/lib/x86_64-linux-gnu/libc.so.6(+0x7780e)[0x2aaca621880e]
/home/sek519/warm_starting/vws/../vpc/lib/Cbc-trunk/build/lib/libCoinUtils.so.0(_ZN16CoinPackedMatrix16gutsOfDestructorEv+0x12)[0x2aaca2f32cd2]
/home/sek519/warm_starting/vws/../vpc/lib/Cbc-trunk/build/lib/libCoinUtils.so.0(_ZN16CoinPackedMatrix27resizeForAddingMinorVectorsEPKi+0x4a0)[0x2aaca2f35df0]
/home/sek519/warm_starting/vws/../vpc/lib/Cbc-trunk/build/lib/libCoinUtils.so.0(_ZN16CoinPackedMatrix17appendMinorVectorEiPKiPKd+0xb7)[0x2aaca2f36237]
/home/sek519/warm_starting/vws/../vpc/lib/Cbc-trunk/build/lib/libOsiClp.so.0(_ZN21OsiClpSolverInterface6addRowEiPKiPKddd+0xb0)[0x2aaca28b1a90]
../Release/vws(+0xc788b)[0x564b05a9e88b]
../Release/vws(+0xc9f91)[0x564b05aa0f91]
../Release/vws(+0x392fe)[0x564b05a102fe]
../Release/vws(+0x3b0f5)[0x564b05a120f5]
../Release/vws(+0x54e9f)[0x564b05a2be9f]
../Release/vws(+0x315d8)[0x564b05a085d8]
/lib/x86_64-linux-gnu/libc.so.6(__libc_start_main+0xf1)[0x2aaca61c12e1]
../Release/vws(+0x32a11)[0x564b05a09a11]
======= Memory map: ========
2aaca27d4000-2aaca27f7000 r-xp 00000000 08:01 267597                     /lib/x86_64-linux-gnu/ld-2.24.so
2aaca27f7000-2aaca27f9000 rw-p 00000000 00:00 0 
2aaca27f9000-2aaca27fc000 r--p 00000000 00:2c 235724777                  /home/sek519/miniconda/envs/vws/lib/libz.so.1.2.13
2aaca27fc000-2aaca280a000 r-xp 00003000 00:2c 235724777                  /home/sek519/miniconda/envs/vws/lib/libz.so.1.2.13
2aaca280a000-2aaca2811000 r--p 00011000 00:2c 235724777                  /home/sek519/miniconda/envs/vws/lib/libz.so.1.2.13
2aaca2811000-2aaca2812000 r--p 00017000 00:2c 235724777                  /home/sek519/miniconda/envs/vws/lib/libz.so.1.2.13
2aaca2812000-2aaca2813000 rw-p 00018000 00:2c 235724777                  /home/sek519/miniconda/envs/vws/lib/libz.so.1.2.13
2aaca2813000-2aaca2815000 r--p 00000000 00:2c 234676138                  /home/sek519/miniconda/envs/vws/lib/libbz2.so.1.0.8
2aaca2815000-2aaca2823000 r-xp 00002000 00:2c 234676138                  /home/sek519/miniconda/envs/vws/lib/libbz2.so.1.0.8
2aaca2823000-2aaca2825000 r--p 00010000 00:2c 234676138                  /home/sek519/miniconda/envs/vws/lib/libbz2.so.1.0.8
2aaca2825000-2aaca2826000 r--p 00011000 00:2c 234676138                  /home/sek519/miniconda/envs/vws/lib/libbz2.so.1.0.8
2aaca2826000-2aaca2827000 rw-p 00012000 00:2c 234676138                  /home/sek519/miniconda/envs/vws/lib/libbz2.so.1.0.8
2aaca2827000-2aaca283f000 r--p 00000000 00:2c 234710701                  /home/sek519/miniconda/envs/vws/lib/libreadline.so.8.1
2aaca283f000-2aaca286a000 r-xp 00018000 00:2c 234710701                  /home/sek519/miniconda/envs/vws/lib/libreadline.so.8.1
2aaca286a000-2aaca2874000 r--p 00043000 00:2c 234710701                  /home/sek519/miniconda/envs/vws/lib/libreadline.so.8.1
2aaca2874000-2aaca2877000 r--p 0004c000 00:2c 234710701                  /home/sek519/miniconda/envs/vws/lib/libreadline.so.8.1
2aaca2877000-2aaca287d000 rw-p 0004f000 00:2c 234710701                  /home/sek519/miniconda/envs/vws/lib/libreadline.so.8.1
2aaca287d000-2aaca287e000 rw-p 00000000 00:00 0 
2aaca287e000-2aaca2893000 r--p 00000000 00:2c 234489484                  /home/sek519/warm_starting/vpc/lib/Cbc-trunk/build/lib/libOsiClp.so.0.0.0
2aaca2893000-2aaca28c3000 r-xp 00015000 00:2c 234489484                  /home/sek519/warm_starting/vpc/lib/Cbc-trunk/build/lib/libOsiClp.so.0.0.0
2aaca28c3000-2aaca28cd000 r--p 00045000 00:2c 234489484                  /home/sek519/warm_starting/vpc/lib/Cbc-trunk/build/lib/libOsiClp.so.0.0.0
2aaca28cd000-2aaca28cf000 r--p 0004f000 00:2c 234489484                  /home/sek519/warm_starting/vpc/lib/Cbc-trunk/build/lib/libOsiClp.so.0.0.0
2aaca28cf000-2aaca28d0000 rw-p 00051000 00:2c 234489484                  /home/sek519/warm_starting/vpc/lib/Cbc-trunk/build/lib/libOsiClp.so.0.0.0
2aaca28d0000-2aaca28d2000 rw-p 00000000 00:00 0 
2aaca28d2000-2aaca28fa000 r--p 00000000 00:2c 234489794                  /home/sek519/warm_starting/vpc/lib/Cbc-trunk/build/lib/libCgl.so.0.0.0
2aaca28fa000-2aaca29bd000 r-xp 00028000 00:2c 234489794                  /home/sek519/warm_starting/vpc/lib/Cbc-trunk/build/lib/libCgl.so.0.0.0
2aaca29bd000-2aaca29dd000 r--p 000eb000 00:2c 234489794                  /home/sek519/warm_starting/vpc/lib/Cbc-trunk/build/lib/libCgl.so.0.0.0
2aaca29dd000-2aaca29df000 r--p 0010b000 00:2c 234489794                  /home/sek519/warm_starting/vpc/lib/Cbc-trunk/build/lib/libCgl.so.0.0.0
2aaca29df000-2aaca29e1000 rw-p 0010d000 00:2c 234489794                  /home/sek519/warm_starting/vpc/lib/Cbc-trunk/build/lib/libCgl.so.0.0.0
2aaca29e1000-2aaca29e9000 rw-p 00000000 00:00 0 
2aaca29e9000-2aaca29f0000 r--s 00000000 08:02 676253                     /usr/lib/x86_64-linux-gnu/gconv/gconv-modules.cache
2aaca29f0000-2aaca29f1000 rw-p 00000000 00:00 0 
2aaca29f7000-2aaca29f8000 r--p 00023000 08:01 267597                     /lib/x86_64-linux-gnu/ld-2.24.so
2aaca29f8000-2aaca29f9000 rw-p 00024000 08:01 267597                     /lib/x86_64-linux-gnu/ld-2.24.so
2aaca29f9000-2aaca29fa000 rw-p 00000000 00:00 0 
2aaca29fa000-2aaca2a68000 r--p 00000000 00:2c 234490095                  /home/sek519/warm_starting/vpc/lib/Cbc-trunk/build/lib/libCbc.so.0.0.0
2aaca2a68000-2aaca2bb6000 r-xp 0006e000 00:2c 234490095                  /home/sek519/warm_starting/vpc/lib/Cbc-trunk/build/lib/libCbc.so.0.0.0
2aaca2bb6000-2aaca2c01000 r--p 001bc000 00:2c 234490095                  /home/sek519/warm_starting/vpc/lib/Cbc-trunk/build/lib/libCbc.so.0.0.0
2aaca2c01000-2aaca2c0d000 r--p 00207000 00:2c 234490095                  /home/sek519/warm_starting/vpc/lib/Cbc-trunk/build/lib/libCbc.so.0.0.0
2aaca2c0d000-2aaca2c11000 rw-p 00213000 00:2c 234490095                  /home/sek519/warm_starting/vpc/lib/Cbc-trunk/build/lib/libCbc.so.0.0.0
2aaca2c11000-2aaca2c29000 r--p 00000000 00:2c 234489204                  /home/sek519/warm_starting/vpc/lib/Cbc-trunk/build/lib/libOsi.so.0.0.0
2aaca2c29000-2aaca2c59000 r-xp 00018000 00:2c 234489204                  /home/sek519/warm_starting/vpc/lib/Cbc-trunk/build/lib/libOsi.so.0.0.0
2aaca2c59000-2aaca2c6d000 r--p 00048000 00:2c 234489204                  /home/sek519/warm_starting/vpc/lib/Cbc-trunk/build/lib/libOsi.so.0.0.0
2aaca2c6d000-2aaca2c6f000 r--p 0005c000 00:2c 234489204                  /home/sek519/warm_starting/vpc/lib/Cbc-trunk/build/lib/libOsi.so.0.0.0
2aaca2c6f000-2aaca2c70000 rw-p 0005e000 00:2c 234489204                  /home/sek519/warm_starting/vpc/lib/Cbc-trunk/build/lib/libOsi.so.0.0.0
2aaca2c70000-2aaca2caf000 r--p 00000000 00:2c 234489467                  /home/sek519/warm_starting/vpc/lib/Cbc-trunk/build/lib/libClp.so.0.0.0
2aaca2caf000-2aaca2e3b000 r-xp 0003f000 00:2c 234489467                  /home/sek519/warm_starting/vpc/lib/Cbc-trunk/build/lib/libClp.so.0.0.0
2aaca2e3b000-2aaca2e7e000 r--p 001cb000 00:2c 234489467                  /home/sek519/warm_starting/vpc/lib/Cbc-trunk/build/lib/libClp.so.0.0.0
2aaca2e7e000-2aaca2e81000 r--p 0020d000 00:2c 234489467                  /home/sek519/warm_starting/vpc/lib/Cbc-trunk/build/lib/libClp.so.0.0.0
2aaca2e81000-2aaca2e85000 rw-p 00210000 00:2c 234489467                  /home/sek519/warm_starting/vpc/lib/Cbc-trunk/build/lib/libClp.so.0.0.0
2aaca2e85000-2aaca2ebf000 r--p 00000000 00:2c 234489064                  /home/sek519/warm_starting/vpc/lib/Cbc-trunk/build/lib/libCoinUtils.so.0.0.0
2aaca2ebf000-2aaca2fa5000 r-xp 0003a000 00:2c 234489064                  /home/sek519/warm_starting/vpc/lib/Cbc-trunk/build/lib/libCoinUtils.so.0.0.0
2aaca2fa5000-2aaca2fd2000 r--p 00120000 00:2c 234489064                  /home/sek519/warm_starting/vpc/lib/Cbc-trunk/build/lib/libCoinUtils.so.0.0.0
2aaca2fd2000-2aaca2fd5000 r--p 0014c000 00:2c 234489064                  /home/sek519/warm_starting/vpc/lib/Cbc-trunk/build/lib/libCoinUtils.so.0.0.0
2aaca2fd5000-2aaca2fd8000 rw-p 0014f000 00:2c 234489064                  /home/sek519/warm_starting/vpc/lib/Cbc-trunk/build/lib/libCoinUtils.so.0.0.0
2aaca2fd8000-2aaca59fb000 r-xp 00000000 00:2c 234521354                  /home/sek519/miniconda/envs/vws/lib/libgurobi100.so
2aaca59fb000-2aaca5bfb000 ---p 02a23000 00:2c 234521354                  /home/sek519/miniconda/envs/vws/lib/libgurobi100.so
2aaca5bfb000-2aaca5c65000 r--p 02a23000 00:2c 234521354                  /home/sek519/miniconda/envs/vws/lib/libgurobi100.so
2aaca5c65000-2aaca5c8a000 rw-p 02a8d000 00:2c 234521354                  /home/sek519/miniconda/envs/vws/lib/libgurobi100.so
2aaca5c8a000-2aaca5c97000 rw-p 00000000 00:00 0 
2aaca5c97000-2aaca5c9a000 rw-p 02bf6000 00:2c 234521354                  /home/sek519/miniconda/envs/vws/lib/libgurobi100.so
2aaca5c9a000-2aaca5ccf000 r--s 00000000 08:05 133844                     /var/cache/nscd/hosts
2aaca5cd0000-2aaca5dd3000 r-xp 00000000 08:01 279536                     /lib/x86_64-linux-gnu/libm-2.24.so
2aaca5dd3000-2aaca5fd2000 ---p 00103000 08:01 279536                     /lib/x86_64-linux-gnu/libm-2.24.so
2aaca5fd2000-2aaca5fd3000 r--p 00102000 08:01 279536                     /lib/x86_64-linux-gnu/libm-2.24.so
2aaca5fd3000-2aaca5fd4000 rw-p 00103000 08:01 279536                     /lib/x86_64-linux-gnu/libm-2.24.so
2aaca5fd4000-2aaca607a000 r--p 00000000 00:2c 235724303                  /home/sek519/miniconda/envs/vws/lib/libstdc++.so.6.0.30
2aaca607a000-2aaca610e000 r-xp 000a6000 00:2c 235724303                  /home/sek519/miniconda/envs/vws/lib/libstdc++.so.6.0.30
2aaca610e000-2aaca6176000 r--p 0013a000 00:2c 235724303                  /home/sek519/miniconda/envs/vws/lib/libstdc++.so.6.0.30
2aaca6176000-2aaca6181000 r--p 001a1000 00:2c 235724303                  /home/sek519/miniconda/envs/vws/lib/libstdc++.so.6.0.30
2aaca6181000-2aaca6185000 rw-p 001ac000 00:2c 235724303                  /home/sek519/miniconda/envs/vws/lib/libstdc++.so.6.0.30
2aaca6185000-2aaca6188000 rw-p 00000000 00:00 0 
2aaca6188000-2aaca618c000 r--p 00000000 00:2c 235727575                  /home/sek519/miniconda/envs/vws/lib/libgcc_s.so.1
2aaca618c000-2aaca619c000 r-xp 00004000 00:2c 235727575                  /home/sek519/miniconda/envs/vws/lib/libgcc_s.so.1
2aaca619c000-2aaca619f000 r--p 00014000 00:2c 235727575                  /home/sek519/miniconda/envs/vws/lib/libgcc_s.so.1
2aaca619f000-2aaca61a0000 r--p 00016000 00:2c 235727575                  /home/sek519/miniconda/envs/vws/lib/libgcc_s.so.1
2aaca61a0000-2aaca61a1000 rw-p 00017000 00:2c 235727575                  /home/sek519/miniconda/envs/vws/lib/libgcc_s.so.1
2aaca61a1000-2aaca6336000 r-xp 00000000 08:01 279532                     /lib/x86_64-linux-gnu/libc-2.24.so
2aaca6336000-2aaca6536000 ---p 00195000 08:01 279532                     /lib/x86_64-linux-gnu/libc-2.24.so
2aaca6536000-2aaca653a000 r--p 00195000 08:01 279532                     /lib/x86_64-linux-gnu/libc-2.24.so
2aaca653a000-2aaca653c000 rw-p 00199000 08:01 279532                     /lib/x86_64-linux-gnu/libc-2.24.so
2aaca653c000-2aaca6540000 rw-p 00000000 00:00 0 
2aaca6540000-2aaca6550000 r--p 00000000 00:2c 235728014                  /home/sek519/miniconda/envs/vws/lib/libtinfo.so.6.3
2aaca6550000-2aaca656a000 r-xp 00010000 00:2c 235728014                  /home/sek519/miniconda/envs/vws/lib/libtinfo.so.6.3
2aaca656a000-2aaca657b000 r--p 0002a000 00:2c 235728014                  /home/sek519/miniconda/envs/vws/lib/libtinfo.so.6.3
2aaca657b000-2aaca657f000 r--p 0003a000 00:2c 235728014                  /home/sek519/miniconda/envs/vws/lib/libtinfo.so.6.3
2aaca657f000-2aaca6580000 rw-p 0003e000 00:2c 235728014                  /home/sek519/miniconda/envs/vws/lib/libtinfo.so.6.3
2aaca6580000-2aaca6587000 r-xp 00000000 08:01 279631                     /lib/x86_64-linux-gnu/librt-2.24.so
2aaca6587000-2aaca6786000 ---p 00007000 08:01 279631                     /lib/x86_64-linux-gnu/librt-2.24.so
2aaca6786000-2aaca6787000 r--p 00006000 08:01 279631                     /lib/x86_64-linux-gnu/librt-2.24.so
2aaca6787000-2aaca6788000 rw-p 00007000 08:01 279631                     /lib/x86_64-linux-gnu/librt-2.24.so
2aaca6788000-2aaca67a0000 r-xp 00000000 08:01 279629                     /lib/x86_64-linux-gnu/libpthread-2.24.so
2aaca67a0000-2aaca699f000 ---p 00018000 08:01 279629                     /lib/x86_64-linux-gnu/libpthread-2.24.so
2aaca699f000-2aaca69a0000 r--p 00017000 08:01 279629                     /lib/x86_64-linux-gnu/libpthread-2.24.so
2aaca69a0000-2aaca69a1000 rw-p 00018000 08:01 279629                     /lib/x86_64-linux-gnu/libpthread-2.24.so
2aaca69a1000-2aaca69a5000 rw-p 00000000 00:00 0 
2aaca69a5000-2aaca6a9e000 r--p 00000000 00:2c 235427053                  /home/sek519/miniconda/envs/vws/lib/libopenblasp-r0.3.12.so
2aaca6a9e000-2aaca6a9f000 r-xp 000f9000 00:2c 235427053                  /home/sek519/miniconda/envs/vws/lib/libopenblasp-r0.3.12.so
2aaca6a9f000-2aaca6aa5000 ---p 000fa000 00:2c 235427053                  /home/sek519/miniconda/envs/vws/lib/libopenblasp-r0.3.12.so
2aaca6aa5000-2aaca8588000 r-xp 00100000 00:2c 235427053                  /home/sek519/miniconda/envs/vws/lib/libopenblasp-r0.3.12.so
2aaca8588000-2aaca875b000 r--p 01be3000 00:2c 235427053                  /home/sek519/miniconda/envs/vws/lib/libopenblasp-r0.3.12.so
2aaca875b000-2aaca8769000 r--p 01db5000 00:2c 235427053                  /home/sek519/miniconda/envs/vws/lib/libopenblasp-r0.3.12.so
2aaca8769000-2aaca8777000 rw-p 01dc3000 00:2c 235427053                  /home/sek519/miniconda/envs/vws/lib/libopenblasp-r0.3.12.so
2aaca8777000-2aaca8788000 rw-p 00000000 00:00 0 
2aaca8788000-2aaca878b000 r-xp 00000000 08:01 279535                     /lib/x86_64-linux-gnu/libdl-2.24.so
2aaca878b000-2aaca898a000 ---p 00003000 08:01 279535                     /lib/x86_64-linux-gnu/libdl-2.24.so
2aaca898a000-2aaca898b000 r--p 00002000 08:01 279535                     /lib/x86_64-linux-gnu/libdl-2.24.so
2aaca898b000-2aaca898c000 rw-p 00003000 08:01 279535                     /lib/x86_64-linux-gnu/libdl-2.24.so
2aaca898c000-2aaca89a7000 r--p 00000000 00:2c 235723995                  /home/sek519/miniconda/envs/vws/lib/libgfortran.so.4.0.0
2aaca89a7000-2aaca8a96000 r-xp 0001b000 00:2c 235723995                  /home/sek519/miniconda/envs/vws/lib/libgfortran.so.4.0.0
2aaca8a96000-2aaca8ab7000 r--p 0010a000 00:2c 235723995                  /home/sek519/miniconda/envs/vws/lib/libgfortran.so.4.0.0
2aaca8ab7000-2aaca8ab8000 ---p 0012b000 00:2c 235723995                  /home/sek519/miniconda/envs/vws/lib/libgfortran.so.4.0.0
2aaca8ab8000-2aaca8ab9000 r--p 0012b000 00:2c 235723995                  /home/sek519/miniconda/envs/vws/lib/libgfortran.so.4.0.0
2aaca8ab9000-2aaca8aba000 rw-p 0012c000 00:2c 235723995                  /home/sek519/miniconda/envs/vws/lib/libgfortran.so.4.0.0
2aaca8aba000-2aaca8abb000 rw-p 00000000 00:00 0 
2aaca8abb000-2aaca8abe000 r--p 00000000 00:2c 235727572                  /home/sek519/miniconda/envs/vws/lib/libquadmath.so.0.0.0
2aaca8abe000-2aaca8add000 r-xp 00003000 00:2c 235727572                  /home/sek519/miniconda/envs/vws/lib/libquadmath.so.0.0.0
2aaca8add000-2aaca8af3000 r--p 00022000 00:2c 235727572                  /home/sek519/miniconda/envs/vws/lib/libquadmath.so.0.0.0
2aaca8af3000-2aaca8af4000 r--p 00038000 00:2c 235727572                  /home/sek519/miniconda/envs/vws/lib/libquadmath.so.0.0.0
2aaca8af4000-2aaca8af5000 rw-p 00039000 00:2c 235727572                  /home/sek519/miniconda/envs/vws/lib/libquadmath.so.0.0.0
2aaca8af5000-2aaca8b07000 rw-p 00000000 00:00 0 
2aaca8b07000-2aaca8b08000 ---p 00000000 00:00 0 
2aaca8b08000-2aaca8d08000 rw-p 00000000 00:00 0 
2aaca8d08000-2aaca8d09000 ---p 00000000 00:00 0 
2aaca8d09000-2aaca8f09000 rw-p 00000000 00:00 0 
2aaca8f09000-2aacb8f09000 rw-p 00000000 00:00 0 
2aacb8f09000-2aacb8f0a000 ---p 00000000 00:00 0 
2aacb8f0a000-2aacb910a000 rw-p 00000000 00:00 0 
2aacb910a000-2aacb910b000 ---p 00000000 00:00 0 
2aacb910b000-2aacb930b000 rw-p 00000000 00:00 0 
2aacb930b000-2aacc130b000 rw-p 00000000 00:00 0 
2aacc130b000-2aacc130c000 ---p 00000000 00:00 0 
2aacc130c000-2aacc150c000 rw-p 00000000 00:00 0 
2aacc150c000-2aacc950c000 rw-p 00000000 00:00 0 
2aacc950c000-2aacc950d000 ---p 00000000 00:00 0 
2aacc950d000-2aacc970d000 rw-p 00000000 00:00 0 
2aacc970d000-2aacd170d000 rw-p 00000000 00:00 0 
2aacd170d000-2aacd170e000 ---p 00000000 00:00 0 
2aacd170e000-2aacd190e000 rw-p 00000000 00:00 0 
2aacd190e000-2aacd990e000 rw-p 00000000 00:00 0 
2aacd990e000-2aacd990f000 ---p 00000000 00:00 0 
2aacd990f000-2aacd9b0f000 rw-p 00000000 00:00 0 
2aacd9b0f000-2aace1b0f000 rw-p 00000000 00:00 0 
2aace1b0f000-2aace1b10000 ---p 00000000 00:00 0 
2aace1b10000-2aace1d10000 rw-p 00000000 00:00 0 
2aace1d10000-2aace9d10000 rw-p 00000000 00:00 0 
2aace9d10000-2aace9d11000 ---p 00000000 00:00 0 
2aace9d11000-2aace9f11000 rw-p 00000000 00:00 0 
2aace9f11000-2aacf1f11000 rw-p 00000000 00:00 0 
2aacf1f11000-2aacf1f12000 ---p 00000000 00:00 0 
2aacf1f12000-2aacf2112000 rw-p 00000000 00:00 0 
2aacf2112000-2aacfa112000 rw-p 00000000 00:00 0 
2aacfa112000-2aacfa113000 ---p 00000000 00:00 0 
2aacfa113000-2aacfa313000 rw-p 00000000 00:00 0 
2aacfa313000-2aad02313000 rw-p 00000000 00:00 0 
2aad02313000-2aad02314000 ---p 00000000 00:00 0 
2aad02314000-2aad02514000 rw-p 00000000 00:00 0 
2aad02514000-2aad02515000 ---p 00000000 00:00 0 
2aad02515000-2aad02715000 rw-p 00000000 00:00 0 
2aad02715000-2aad02716000 ---p 00000000 00:00 0 
2aad02716000-2aad02916000 rw-p 00000000 00:00 0 
2aad02916000-2aad22916000 rw-p 00000000 00:00 0 
2aad22916000-2aad22ab1000 r--p 00000000 08:02 669115                     /usr/lib/locale/locale-archive
2aad22ab1000-2aad22ae6000 r--s 00000000 08:05 130454                     /var/cache/nscd/passwd
2aad22ae6000-2aad22ae7000 ---p 00000000 00:00 0 
2aad22ae7000-2aad22ce7000 rw-p 00000000 00:00 0 
2aad2442a000-2aad2c42a000 rw-p 00000000 00:00 0 
2aad30000000-2aad30021000 rw-p 00000000 00:00 0 
2aad30021000-2aad34000000 ---p 00000000 00:00 0 
564b059d7000-564b059fa000 r--p 00000000 00:2c 234490227                  /home/sek519/warm_starting/vws/Release/vws
564b059fa000-564b05ad6000 r-xp 00023000 00:2c 234490227                  /home/sek519/warm_starting/vws/Release/vws
564b05ad6000-564b05b0b000 r--p 000ff000 00:2c 234490227                  /home/sek519/warm_starting/vws/Release/vws
564b05b0b000-564b05b11000 r--p 00134000 00:2c 234490227                  /home/sek519/warm_starting/vws/Release/vws
564b05b11000-564b05b13000 rw-p 0013a000 00:2c 234490227                  /home/sek519/warm_starting/vws/Release/vws
564b075ac000-564b11a46000 rw-p 00000000 00:00 0                          [heap]
7fff996d5000-7fff99706000 rw-p 00000000 00:00 0                          [stack]
7fff9972d000-7fff9972f000 r--p 00000000 00:00 0                          [vvar]
7fff9972f000-7fff99731000 r-xp 00000000 00:00 0                          [vdso]
ffffffffff600000-ffffffffff601000 r-xp 00000000 00:00 0                  [vsyscall]
/var/spool/torque/mom_priv/jobs/1747283.polyp1.ie.lehigh.edu.SC: line 4: 31093 Aborted                 ../Release/vws ${INPUT_FOLDER} ${OUTPUT_FILE} ${MAX_TIME} ${GENERATOR} ${TERMS} ${MIP_SOLVER} ${PROVIDE_PRIMAL_BOUND}
