messed up a farkas cofficient
setting all farkas coefficients to 0
messed up a farkas cofficient
setting all farkas coefficients to 0
*** Error in `../Release/vws': munmap_chunk(): invalid pointer: 0x000055d20bcc91b0 ***
======= Backtrace: =========
/lib/x86_64-linux-gnu/libc.so.6(+0x70bfb)[0x2b516a809bfb]
/lib/x86_64-linux-gnu/libc.so.6(+0x76fc6)[0x2b516a80ffc6]
/home/sek519/warm_starting/vws/../vpc/lib/Cbc-trunk/build/lib/libCoinUtils.so.0(_ZN16CoinPackedMatrix16gutsOfDestructorEv+0x2e)[0x2b516752bcee]
/home/sek519/warm_starting/vws/../vpc/lib/Cbc-trunk/build/lib/libCoinUtils.so.0(_ZN16CoinPackedMatrix27resizeForAddingMinorVectorsEPKi+0x4a0)[0x2b516752edf0]
/home/sek519/warm_starting/vws/../vpc/lib/Cbc-trunk/build/lib/libCoinUtils.so.0(_ZN16CoinPackedMatrix17appendMinorVectorEiPKiPKd+0xb7)[0x2b516752f237]
/home/sek519/warm_starting/vws/../vpc/lib/Cbc-trunk/build/lib/libOsiClp.so.0(_ZN21OsiClpSolverInterface6addRowEiPKiPKddd+0xb0)[0x2b5166eaaa90]
../Release/vws(+0xc788b)[0x55d208b1388b]
../Release/vws(+0xc9f91)[0x55d208b15f91]
../Release/vws(+0x38bc7)[0x55d208a84bc7]
../Release/vws(+0x3ae7e)[0x55d208a86e7e]
../Release/vws(+0x54e9f)[0x55d208aa0e9f]
../Release/vws(+0x315d8)[0x55d208a7d5d8]
/lib/x86_64-linux-gnu/libc.so.6(__libc_start_main+0xf1)[0x2b516a7b92e1]
../Release/vws(+0x32a11)[0x55d208a7ea11]
======= Memory map: ========
2b5166dcd000-2b5166df0000 r-xp 00000000 08:01 4103                       /lib/x86_64-linux-gnu/ld-2.24.so
2b5166df0000-2b5166df2000 rw-p 00000000 00:00 0 
2b5166df2000-2b5166df5000 r--p 00000000 00:2c 235724777                  /home/sek519/miniconda/envs/vws/lib/libz.so.1.2.13
2b5166df5000-2b5166e03000 r-xp 00003000 00:2c 235724777                  /home/sek519/miniconda/envs/vws/lib/libz.so.1.2.13
2b5166e03000-2b5166e0a000 r--p 00011000 00:2c 235724777                  /home/sek519/miniconda/envs/vws/lib/libz.so.1.2.13
2b5166e0a000-2b5166e0b000 r--p 00017000 00:2c 235724777                  /home/sek519/miniconda/envs/vws/lib/libz.so.1.2.13
2b5166e0b000-2b5166e0c000 rw-p 00018000 00:2c 235724777                  /home/sek519/miniconda/envs/vws/lib/libz.so.1.2.13
2b5166e0c000-2b5166e0e000 r--p 00000000 00:2c 234676138                  /home/sek519/miniconda/envs/vws/lib/libbz2.so.1.0.8
2b5166e0e000-2b5166e1c000 r-xp 00002000 00:2c 234676138                  /home/sek519/miniconda/envs/vws/lib/libbz2.so.1.0.8
2b5166e1c000-2b5166e1e000 r--p 00010000 00:2c 234676138                  /home/sek519/miniconda/envs/vws/lib/libbz2.so.1.0.8
2b5166e1e000-2b5166e1f000 r--p 00011000 00:2c 234676138                  /home/sek519/miniconda/envs/vws/lib/libbz2.so.1.0.8
2b5166e1f000-2b5166e20000 rw-p 00012000 00:2c 234676138                  /home/sek519/miniconda/envs/vws/lib/libbz2.so.1.0.8
2b5166e20000-2b5166e38000 r--p 00000000 00:2c 234710701                  /home/sek519/miniconda/envs/vws/lib/libreadline.so.8.1
2b5166e38000-2b5166e63000 r-xp 00018000 00:2c 234710701                  /home/sek519/miniconda/envs/vws/lib/libreadline.so.8.1
2b5166e63000-2b5166e6d000 r--p 00043000 00:2c 234710701                  /home/sek519/miniconda/envs/vws/lib/libreadline.so.8.1
2b5166e6d000-2b5166e70000 r--p 0004c000 00:2c 234710701                  /home/sek519/miniconda/envs/vws/lib/libreadline.so.8.1
2b5166e70000-2b5166e76000 rw-p 0004f000 00:2c 234710701                  /home/sek519/miniconda/envs/vws/lib/libreadline.so.8.1
2b5166e76000-2b5166e77000 rw-p 00000000 00:00 0 
2b5166e77000-2b5166e8c000 r--p 00000000 00:2c 234489484                  /home/sek519/warm_starting/vpc/lib/Cbc-trunk/build/lib/libOsiClp.so.0.0.0
2b5166e8c000-2b5166ebc000 r-xp 00015000 00:2c 234489484                  /home/sek519/warm_starting/vpc/lib/Cbc-trunk/build/lib/libOsiClp.so.0.0.0
2b5166ebc000-2b5166ec6000 r--p 00045000 00:2c 234489484                  /home/sek519/warm_starting/vpc/lib/Cbc-trunk/build/lib/libOsiClp.so.0.0.0
2b5166ec6000-2b5166ec8000 r--p 0004f000 00:2c 234489484                  /home/sek519/warm_starting/vpc/lib/Cbc-trunk/build/lib/libOsiClp.so.0.0.0
2b5166ec8000-2b5166ec9000 rw-p 00051000 00:2c 234489484                  /home/sek519/warm_starting/vpc/lib/Cbc-trunk/build/lib/libOsiClp.so.0.0.0
2b5166ec9000-2b5166ecb000 rw-p 00000000 00:00 0 
2b5166ecb000-2b5166ef3000 r--p 00000000 00:2c 234489794                  /home/sek519/warm_starting/vpc/lib/Cbc-trunk/build/lib/libCgl.so.0.0.0
2b5166ef3000-2b5166fb6000 r-xp 00028000 00:2c 234489794                  /home/sek519/warm_starting/vpc/lib/Cbc-trunk/build/lib/libCgl.so.0.0.0
2b5166fb6000-2b5166fd6000 r--p 000eb000 00:2c 234489794                  /home/sek519/warm_starting/vpc/lib/Cbc-trunk/build/lib/libCgl.so.0.0.0
2b5166fd6000-2b5166fd8000 r--p 0010b000 00:2c 234489794                  /home/sek519/warm_starting/vpc/lib/Cbc-trunk/build/lib/libCgl.so.0.0.0
2b5166fd8000-2b5166fda000 rw-p 0010d000 00:2c 234489794                  /home/sek519/warm_starting/vpc/lib/Cbc-trunk/build/lib/libCgl.so.0.0.0
2b5166fda000-2b5166fe2000 rw-p 00000000 00:00 0 
2b5166fe2000-2b5166fe9000 r--s 00000000 08:02 289815                     /usr/lib/x86_64-linux-gnu/gconv/gconv-modules.cache
2b5166fe9000-2b5166fea000 rw-p 00000000 00:00 0 
2b5166ff0000-2b5166ff1000 r--p 00023000 08:01 4103                       /lib/x86_64-linux-gnu/ld-2.24.so
2b5166ff1000-2b5166ff2000 rw-p 00024000 08:01 4103                       /lib/x86_64-linux-gnu/ld-2.24.so
2b5166ff2000-2b5166ff3000 rw-p 00000000 00:00 0 
2b5166ff3000-2b5167061000 r--p 00000000 00:2c 234490095                  /home/sek519/warm_starting/vpc/lib/Cbc-trunk/build/lib/libCbc.so.0.0.0
2b5167061000-2b51671af000 r-xp 0006e000 00:2c 234490095                  /home/sek519/warm_starting/vpc/lib/Cbc-trunk/build/lib/libCbc.so.0.0.0
2b51671af000-2b51671fa000 r--p 001bc000 00:2c 234490095                  /home/sek519/warm_starting/vpc/lib/Cbc-trunk/build/lib/libCbc.so.0.0.0
2b51671fa000-2b5167206000 r--p 00207000 00:2c 234490095                  /home/sek519/warm_starting/vpc/lib/Cbc-trunk/build/lib/libCbc.so.0.0.0
2b5167206000-2b516720a000 rw-p 00213000 00:2c 234490095                  /home/sek519/warm_starting/vpc/lib/Cbc-trunk/build/lib/libCbc.so.0.0.0
2b516720a000-2b5167222000 r--p 00000000 00:2c 234489204                  /home/sek519/warm_starting/vpc/lib/Cbc-trunk/build/lib/libOsi.so.0.0.0
2b5167222000-2b5167252000 r-xp 00018000 00:2c 234489204                  /home/sek519/warm_starting/vpc/lib/Cbc-trunk/build/lib/libOsi.so.0.0.0
2b5167252000-2b5167266000 r--p 00048000 00:2c 234489204                  /home/sek519/warm_starting/vpc/lib/Cbc-trunk/build/lib/libOsi.so.0.0.0
2b5167266000-2b5167268000 r--p 0005c000 00:2c 234489204                  /home/sek519/warm_starting/vpc/lib/Cbc-trunk/build/lib/libOsi.so.0.0.0
2b5167268000-2b5167269000 rw-p 0005e000 00:2c 234489204                  /home/sek519/warm_starting/vpc/lib/Cbc-trunk/build/lib/libOsi.so.0.0.0
2b5167269000-2b51672a8000 r--p 00000000 00:2c 234489467                  /home/sek519/warm_starting/vpc/lib/Cbc-trunk/build/lib/libClp.so.0.0.0
2b51672a8000-2b5167434000 r-xp 0003f000 00:2c 234489467                  /home/sek519/warm_starting/vpc/lib/Cbc-trunk/build/lib/libClp.so.0.0.0
2b5167434000-2b5167477000 r--p 001cb000 00:2c 234489467                  /home/sek519/warm_starting/vpc/lib/Cbc-trunk/build/lib/libClp.so.0.0.0
2b5167477000-2b516747a000 r--p 0020d000 00:2c 234489467                  /home/sek519/warm_starting/vpc/lib/Cbc-trunk/build/lib/libClp.so.0.0.0
2b516747a000-2b516747e000 rw-p 00210000 00:2c 234489467                  /home/sek519/warm_starting/vpc/lib/Cbc-trunk/build/lib/libClp.so.0.0.0
2b516747e000-2b51674b8000 r--p 00000000 00:2c 234489064                  /home/sek519/warm_starting/vpc/lib/Cbc-trunk/build/lib/libCoinUtils.so.0.0.0
2b51674b8000-2b516759e000 r-xp 0003a000 00:2c 234489064                  /home/sek519/warm_starting/vpc/lib/Cbc-trunk/build/lib/libCoinUtils.so.0.0.0
2b516759e000-2b51675cb000 r--p 00120000 00:2c 234489064                  /home/sek519/warm_starting/vpc/lib/Cbc-trunk/build/lib/libCoinUtils.so.0.0.0
2b51675cb000-2b51675ce000 r--p 0014c000 00:2c 234489064                  /home/sek519/warm_starting/vpc/lib/Cbc-trunk/build/lib/libCoinUtils.so.0.0.0
2b51675ce000-2b51675d1000 rw-p 0014f000 00:2c 234489064                  /home/sek519/warm_starting/vpc/lib/Cbc-trunk/build/lib/libCoinUtils.so.0.0.0
2b51675d1000-2b5169ff4000 r-xp 00000000 00:2c 234521354                  /home/sek519/miniconda/envs/vws/lib/libgurobi100.so
2b5169ff4000-2b516a1f4000 ---p 02a23000 00:2c 234521354                  /home/sek519/miniconda/envs/vws/lib/libgurobi100.so
2b516a1f4000-2b516a25e000 r--p 02a23000 00:2c 234521354                  /home/sek519/miniconda/envs/vws/lib/libgurobi100.so
2b516a25e000-2b516a283000 rw-p 02a8d000 00:2c 234521354                  /home/sek519/miniconda/envs/vws/lib/libgurobi100.so
2b516a283000-2b516a290000 rw-p 00000000 00:00 0 
2b516a290000-2b516a293000 rw-p 02bf6000 00:2c 234521354                  /home/sek519/miniconda/envs/vws/lib/libgurobi100.so
2b516a293000-2b516a2c8000 r--s 00000000 08:05 261041                     /var/cache/nscd/hosts
2b516a2c8000-2b516a3cb000 r-xp 00000000 08:01 4775                       /lib/x86_64-linux-gnu/libm-2.24.so
2b516a3cb000-2b516a5ca000 ---p 00103000 08:01 4775                       /lib/x86_64-linux-gnu/libm-2.24.so
2b516a5ca000-2b516a5cb000 r--p 00102000 08:01 4775                       /lib/x86_64-linux-gnu/libm-2.24.so
2b516a5cb000-2b516a5cc000 rw-p 00103000 08:01 4775                       /lib/x86_64-linux-gnu/libm-2.24.so
2b516a5cc000-2b516a672000 r--p 00000000 00:2c 235724303                  /home/sek519/miniconda/envs/vws/lib/libstdc++.so.6.0.30
2b516a672000-2b516a706000 r-xp 000a6000 00:2c 235724303                  /home/sek519/miniconda/envs/vws/lib/libstdc++.so.6.0.30
2b516a706000-2b516a76e000 r--p 0013a000 00:2c 235724303                  /home/sek519/miniconda/envs/vws/lib/libstdc++.so.6.0.30
2b516a76e000-2b516a779000 r--p 001a1000 00:2c 235724303                  /home/sek519/miniconda/envs/vws/lib/libstdc++.so.6.0.30
2b516a779000-2b516a77d000 rw-p 001ac000 00:2c 235724303                  /home/sek519/miniconda/envs/vws/lib/libstdc++.so.6.0.30
2b516a77d000-2b516a780000 rw-p 00000000 00:00 0 
2b516a780000-2b516a784000 r--p 00000000 00:2c 235727575                  /home/sek519/miniconda/envs/vws/lib/libgcc_s.so.1
2b516a784000-2b516a794000 r-xp 00004000 00:2c 235727575                  /home/sek519/miniconda/envs/vws/lib/libgcc_s.so.1
2b516a794000-2b516a797000 r--p 00014000 00:2c 235727575                  /home/sek519/miniconda/envs/vws/lib/libgcc_s.so.1
2b516a797000-2b516a798000 r--p 00016000 00:2c 235727575                  /home/sek519/miniconda/envs/vws/lib/libgcc_s.so.1
2b516a798000-2b516a799000 rw-p 00017000 00:2c 235727575                  /home/sek519/miniconda/envs/vws/lib/libgcc_s.so.1
2b516a799000-2b516a92e000 r-xp 00000000 08:01 4771                       /lib/x86_64-linux-gnu/libc-2.24.so
2b516a92e000-2b516ab2e000 ---p 00195000 08:01 4771                       /lib/x86_64-linux-gnu/libc-2.24.so
2b516ab2e000-2b516ab32000 r--p 00195000 08:01 4771                       /lib/x86_64-linux-gnu/libc-2.24.so
2b516ab32000-2b516ab34000 rw-p 00199000 08:01 4771                       /lib/x86_64-linux-gnu/libc-2.24.so
2b516ab34000-2b516ab38000 rw-p 00000000 00:00 0 
2b516ab38000-2b516ab48000 r--p 00000000 00:2c 235728014                  /home/sek519/miniconda/envs/vws/lib/libtinfo.so.6.3
2b516ab48000-2b516ab62000 r-xp 00010000 00:2c 235728014                  /home/sek519/miniconda/envs/vws/lib/libtinfo.so.6.3
2b516ab62000-2b516ab73000 r--p 0002a000 00:2c 235728014                  /home/sek519/miniconda/envs/vws/lib/libtinfo.so.6.3
2b516ab73000-2b516ab77000 r--p 0003a000 00:2c 235728014                  /home/sek519/miniconda/envs/vws/lib/libtinfo.so.6.3
2b516ab77000-2b516ab78000 rw-p 0003e000 00:2c 235728014                  /home/sek519/miniconda/envs/vws/lib/libtinfo.so.6.3
2b516ab78000-2b516ab7f000 r-xp 00000000 08:01 4788                       /lib/x86_64-linux-gnu/librt-2.24.so
2b516ab7f000-2b516ad7e000 ---p 00007000 08:01 4788                       /lib/x86_64-linux-gnu/librt-2.24.so
2b516ad7e000-2b516ad7f000 r--p 00006000 08:01 4788                       /lib/x86_64-linux-gnu/librt-2.24.so
2b516ad7f000-2b516ad80000 rw-p 00007000 08:01 4788                       /lib/x86_64-linux-gnu/librt-2.24.so
2b516ad80000-2b516ad98000 r-xp 00000000 08:01 4786                       /lib/x86_64-linux-gnu/libpthread-2.24.so
2b516ad98000-2b516af97000 ---p 00018000 08:01 4786                       /lib/x86_64-linux-gnu/libpthread-2.24.so
2b516af97000-2b516af98000 r--p 00017000 08:01 4786                       /lib/x86_64-linux-gnu/libpthread-2.24.so
2b516af98000-2b516af99000 rw-p 00018000 08:01 4786                       /lib/x86_64-linux-gnu/libpthread-2.24.so
2b516af99000-2b516af9d000 rw-p 00000000 00:00 0 
2b516af9d000-2b516b096000 r--p 00000000 00:2c 235427053                  /home/sek519/miniconda/envs/vws/lib/libopenblasp-r0.3.12.so
2b516b096000-2b516b097000 r-xp 000f9000 00:2c 235427053                  /home/sek519/miniconda/envs/vws/lib/libopenblasp-r0.3.12.so
2b516b097000-2b516b09d000 ---p 000fa000 00:2c 235427053                  /home/sek519/miniconda/envs/vws/lib/libopenblasp-r0.3.12.so
2b516b09d000-2b516cb80000 r-xp 00100000 00:2c 235427053                  /home/sek519/miniconda/envs/vws/lib/libopenblasp-r0.3.12.so
2b516cb80000-2b516cd53000 r--p 01be3000 00:2c 235427053                  /home/sek519/miniconda/envs/vws/lib/libopenblasp-r0.3.12.so
2b516cd53000-2b516cd61000 r--p 01db5000 00:2c 235427053                  /home/sek519/miniconda/envs/vws/lib/libopenblasp-r0.3.12.so
2b516cd61000-2b516cd6f000 rw-p 01dc3000 00:2c 235427053                  /home/sek519/miniconda/envs/vws/lib/libopenblasp-r0.3.12.so
2b516cd6f000-2b516cd80000 rw-p 00000000 00:00 0 
2b516cd80000-2b516cd83000 r-xp 00000000 08:01 4774                       /lib/x86_64-linux-gnu/libdl-2.24.so
2b516cd83000-2b516cf82000 ---p 00003000 08:01 4774                       /lib/x86_64-linux-gnu/libdl-2.24.so
2b516cf82000-2b516cf83000 r--p 00002000 08:01 4774                       /lib/x86_64-linux-gnu/libdl-2.24.so
2b516cf83000-2b516cf84000 rw-p 00003000 08:01 4774                       /lib/x86_64-linux-gnu/libdl-2.24.so
2b516cf84000-2b516cf9f000 r--p 00000000 00:2c 235723995                  /home/sek519/miniconda/envs/vws/lib/libgfortran.so.4.0.0
2b516cf9f000-2b516d08e000 r-xp 0001b000 00:2c 235723995                  /home/sek519/miniconda/envs/vws/lib/libgfortran.so.4.0.0
2b516d08e000-2b516d0af000 r--p 0010a000 00:2c 235723995                  /home/sek519/miniconda/envs/vws/lib/libgfortran.so.4.0.0
2b516d0af000-2b516d0b0000 ---p 0012b000 00:2c 235723995                  /home/sek519/miniconda/envs/vws/lib/libgfortran.so.4.0.0
2b516d0b0000-2b516d0b1000 r--p 0012b000 00:2c 235723995                  /home/sek519/miniconda/envs/vws/lib/libgfortran.so.4.0.0
2b516d0b1000-2b516d0b2000 rw-p 0012c000 00:2c 235723995                  /home/sek519/miniconda/envs/vws/lib/libgfortran.so.4.0.0
2b516d0b2000-2b516d0b3000 rw-p 00000000 00:00 0 
2b516d0b3000-2b516d0b6000 r--p 00000000 00:2c 235727572                  /home/sek519/miniconda/envs/vws/lib/libquadmath.so.0.0.0
2b516d0b6000-2b516d0d5000 r-xp 00003000 00:2c 235727572                  /home/sek519/miniconda/envs/vws/lib/libquadmath.so.0.0.0
2b516d0d5000-2b516d0eb000 r--p 00022000 00:2c 235727572                  /home/sek519/miniconda/envs/vws/lib/libquadmath.so.0.0.0
2b516d0eb000-2b516d0ec000 r--p 00038000 00:2c 235727572                  /home/sek519/miniconda/envs/vws/lib/libquadmath.so.0.0.0
2b516d0ec000-2b516d0ed000 rw-p 00039000 00:2c 235727572                  /home/sek519/miniconda/envs/vws/lib/libquadmath.so.0.0.0
2b516d0ed000-2b516d0ff000 rw-p 00000000 00:00 0 
2b516d0ff000-2b516d100000 ---p 00000000 00:00 0 
2b516d100000-2b516d300000 rw-p 00000000 00:00 0 
2b516d300000-2b516d301000 ---p 00000000 00:00 0 
2b516d301000-2b516d501000 rw-p 00000000 00:00 0 
2b516d501000-2b517d501000 rw-p 00000000 00:00 0 
2b517d501000-2b517d502000 ---p 00000000 00:00 0 
2b517d502000-2b517d702000 rw-p 00000000 00:00 0 
2b517d702000-2b517d703000 ---p 00000000 00:00 0 
2b517d703000-2b517d903000 rw-p 00000000 00:00 0 
2b517d903000-2b5185903000 rw-p 00000000 00:00 0 
2b5185903000-2b5185904000 ---p 00000000 00:00 0 
2b5185904000-2b5185b04000 rw-p 00000000 00:00 0 
2b5185b04000-2b518db04000 rw-p 00000000 00:00 0 
2b518db04000-2b518db05000 ---p 00000000 00:00 0 
2b518db05000-2b518dd05000 rw-p 00000000 00:00 0 
2b518dd05000-2b5195d05000 rw-p 00000000 00:00 0 
2b5195d05000-2b5195d06000 ---p 00000000 00:00 0 
2b5195d06000-2b5195f06000 rw-p 00000000 00:00 0 
2b5195f06000-2b519df06000 rw-p 00000000 00:00 0 
2b519df06000-2b519df07000 ---p 00000000 00:00 0 
2b519df07000-2b519e107000 rw-p 00000000 00:00 0 
2b519e107000-2b51a6107000 rw-p 00000000 00:00 0 
2b51a6107000-2b51a6108000 ---p 00000000 00:00 0 
2b51a6108000-2b51a6308000 rw-p 00000000 00:00 0 
2b51a6308000-2b51ae308000 rw-p 00000000 00:00 0 
2b51ae308000-2b51ae309000 ---p 00000000 00:00 0 
2b51ae309000-2b51ae509000 rw-p 00000000 00:00 0 
2b51ae509000-2b51b6509000 rw-p 00000000 00:00 0 
2b51b6509000-2b51b650a000 ---p 00000000 00:00 0 
2b51b650a000-2b51b670a000 rw-p 00000000 00:00 0 
2b51b670a000-2b51b670b000 ---p 00000000 00:00 0 
2b51b670b000-2b51b690b000 rw-p 00000000 00:00 0 
2b51b690b000-2b51b690c000 ---p 00000000 00:00 0 
2b51b690c000-2b51b6b0c000 rw-p 00000000 00:00 0 
2b51b6b0c000-2b51b6b0d000 ---p 00000000 00:00 0 
2b51b6b0d000-2b51b6d0d000 rw-p 00000000 00:00 0 
2b51b6d0d000-2b51b6d0e000 ---p 00000000 00:00 0 
2b51b6d0e000-2b51b6f0e000 rw-p 00000000 00:00 0 
2b51b6f0e000-2b51cef0e000 rw-p 00000000 00:00 0 
2b51cef0e000-2b51cef43000 r--s 00000000 08:05 260810                     /var/cache/nscd/passwd
2b51cf00f000-2b51e700f000 rw-p 00000000 00:00 0 
2b51e700f000-2b51e71aa000 r--p 00000000 08:02 265948                     /usr/lib/locale/locale-archive
2b51e71aa000-2b51e71ab000 ---p 00000000 00:00 0 
2b51e71ab000-2b51e73ab000 rw-p 00000000 00:00 0 
55d208a4c000-55d208a6f000 r--p 00000000 00:2c 234490227                  /home/sek519/warm_starting/vws/Release/vws
55d208a6f000-55d208b4b000 r-xp 00023000 00:2c 234490227                  /home/sek519/warm_starting/vws/Release/vws
55d208b4b000-55d208b80000 r--p 000ff000 00:2c 234490227                  /home/sek519/warm_starting/vws/Release/vws
55d208b80000-55d208b86000 r--p 00134000 00:2c 234490227                  /home/sek519/warm_starting/vws/Release/vws
55d208b86000-55d208b88000 rw-p 0013a000 00:2c 234490227                  /home/sek519/warm_starting/vws/Release/vws
55d209326000-55d268cfd000 rw-p 00000000 00:00 0                          [heap]
7fff91670000-7fff91692000 rw-p 00000000 00:00 0                          [stack]
7fff917b0000-7fff917b2000 r--p 00000000 00:00 0                          [vvar]
7fff917b2000-7fff917b4000 r-xp 00000000 00:00 0                          [vdso]
ffffffffff600000-ffffffffff601000 r-xp 00000000 00:00 0                  [vsyscall]
/var/spool/torque/mom_priv/jobs/1760767.polyp1.ie.lehigh.edu.SC: line 4: 28440 Aborted                 (core dumped) ../Release/vws ${INPUT_FOLDER} ${OUTPUT_FILE} ${MAX_TIME} ${GENERATOR} ${TERMS} ${MIP_SOLVER} ${PROVIDE_PRIMAL_BOUND}
