messed up a farkas cofficient
setting all farkas coefficients to 0
messed up a farkas cofficient
setting all farkas coefficients to 0
*** Error in `../Release/vws': munmap_chunk(): invalid pointer: 0x000055ed2966a240 ***
======= Backtrace: =========
/lib/x86_64-linux-gnu/libc.so.6(+0x70bfb)[0x2aff2e579bfb]
/lib/x86_64-linux-gnu/libc.so.6(+0x76fc6)[0x2aff2e57ffc6]
/home/sek519/warm_starting/vws/../vpc/lib/Cbc-trunk/build/lib/libCoinUtils.so.0(_ZN16CoinPackedMatrix16gutsOfDestructorEv+0x2e)[0x2aff2b29dcee]
/home/sek519/warm_starting/vws/../vpc/lib/Cbc-trunk/build/lib/libCoinUtils.so.0(_ZN16CoinPackedMatrix27resizeForAddingMinorVectorsEPKi+0x4a0)[0x2aff2b2a0df0]
/home/sek519/warm_starting/vws/../vpc/lib/Cbc-trunk/build/lib/libCoinUtils.so.0(_ZN16CoinPackedMatrix17appendMinorVectorEiPKiPKd+0xb7)[0x2aff2b2a1237]
/home/sek519/warm_starting/vws/../vpc/lib/Cbc-trunk/build/lib/libOsiClp.so.0(_ZN21OsiClpSolverInterface6addRowEiPKiPKddd+0xb0)[0x2aff2ac1ca90]
../Release/vws(+0xc788b)[0x55ed26f5288b]
../Release/vws(+0xc9f91)[0x55ed26f54f91]
../Release/vws(+0x38bc7)[0x55ed26ec3bc7]
../Release/vws(+0x3ae7e)[0x55ed26ec5e7e]
../Release/vws(+0x54e9f)[0x55ed26edfe9f]
../Release/vws(+0x315d8)[0x55ed26ebc5d8]
/lib/x86_64-linux-gnu/libc.so.6(__libc_start_main+0xf1)[0x2aff2e5292e1]
../Release/vws(+0x32a11)[0x55ed26ebda11]
======= Memory map: ========
2aff2ab3f000-2aff2ab62000 r-xp 00000000 08:01 1180790                    /lib/x86_64-linux-gnu/ld-2.24.so
2aff2ab62000-2aff2ab64000 rw-p 00000000 00:00 0 
2aff2ab64000-2aff2ab67000 r--p 00000000 00:2c 235724777                  /home/sek519/miniconda/envs/vws/lib/libz.so.1.2.13
2aff2ab67000-2aff2ab75000 r-xp 00003000 00:2c 235724777                  /home/sek519/miniconda/envs/vws/lib/libz.so.1.2.13
2aff2ab75000-2aff2ab7c000 r--p 00011000 00:2c 235724777                  /home/sek519/miniconda/envs/vws/lib/libz.so.1.2.13
2aff2ab7c000-2aff2ab7d000 r--p 00017000 00:2c 235724777                  /home/sek519/miniconda/envs/vws/lib/libz.so.1.2.13
2aff2ab7d000-2aff2ab7e000 rw-p 00018000 00:2c 235724777                  /home/sek519/miniconda/envs/vws/lib/libz.so.1.2.13
2aff2ab7e000-2aff2ab80000 r--p 00000000 00:2c 234676138                  /home/sek519/miniconda/envs/vws/lib/libbz2.so.1.0.8
2aff2ab80000-2aff2ab8e000 r-xp 00002000 00:2c 234676138                  /home/sek519/miniconda/envs/vws/lib/libbz2.so.1.0.8
2aff2ab8e000-2aff2ab90000 r--p 00010000 00:2c 234676138                  /home/sek519/miniconda/envs/vws/lib/libbz2.so.1.0.8
2aff2ab90000-2aff2ab91000 r--p 00011000 00:2c 234676138                  /home/sek519/miniconda/envs/vws/lib/libbz2.so.1.0.8
2aff2ab91000-2aff2ab92000 rw-p 00012000 00:2c 234676138                  /home/sek519/miniconda/envs/vws/lib/libbz2.so.1.0.8
2aff2ab92000-2aff2abaa000 r--p 00000000 00:2c 234710701                  /home/sek519/miniconda/envs/vws/lib/libreadline.so.8.1
2aff2abaa000-2aff2abd5000 r-xp 00018000 00:2c 234710701                  /home/sek519/miniconda/envs/vws/lib/libreadline.so.8.1
2aff2abd5000-2aff2abdf000 r--p 00043000 00:2c 234710701                  /home/sek519/miniconda/envs/vws/lib/libreadline.so.8.1
2aff2abdf000-2aff2abe2000 r--p 0004c000 00:2c 234710701                  /home/sek519/miniconda/envs/vws/lib/libreadline.so.8.1
2aff2abe2000-2aff2abe8000 rw-p 0004f000 00:2c 234710701                  /home/sek519/miniconda/envs/vws/lib/libreadline.so.8.1
2aff2abe8000-2aff2abe9000 rw-p 00000000 00:00 0 
2aff2abe9000-2aff2abfe000 r--p 00000000 00:2c 234489484                  /home/sek519/warm_starting/vpc/lib/Cbc-trunk/build/lib/libOsiClp.so.0.0.0
2aff2abfe000-2aff2ac2e000 r-xp 00015000 00:2c 234489484                  /home/sek519/warm_starting/vpc/lib/Cbc-trunk/build/lib/libOsiClp.so.0.0.0
2aff2ac2e000-2aff2ac38000 r--p 00045000 00:2c 234489484                  /home/sek519/warm_starting/vpc/lib/Cbc-trunk/build/lib/libOsiClp.so.0.0.0
2aff2ac38000-2aff2ac3a000 r--p 0004f000 00:2c 234489484                  /home/sek519/warm_starting/vpc/lib/Cbc-trunk/build/lib/libOsiClp.so.0.0.0
2aff2ac3a000-2aff2ac3b000 rw-p 00051000 00:2c 234489484                  /home/sek519/warm_starting/vpc/lib/Cbc-trunk/build/lib/libOsiClp.so.0.0.0
2aff2ac3b000-2aff2ac3d000 rw-p 00000000 00:00 0 
2aff2ac3d000-2aff2ac65000 r--p 00000000 00:2c 234489794                  /home/sek519/warm_starting/vpc/lib/Cbc-trunk/build/lib/libCgl.so.0.0.0
2aff2ac65000-2aff2ad28000 r-xp 00028000 00:2c 234489794                  /home/sek519/warm_starting/vpc/lib/Cbc-trunk/build/lib/libCgl.so.0.0.0
2aff2ad28000-2aff2ad48000 r--p 000eb000 00:2c 234489794                  /home/sek519/warm_starting/vpc/lib/Cbc-trunk/build/lib/libCgl.so.0.0.0
2aff2ad48000-2aff2ad4a000 r--p 0010b000 00:2c 234489794                  /home/sek519/warm_starting/vpc/lib/Cbc-trunk/build/lib/libCgl.so.0.0.0
2aff2ad4a000-2aff2ad4c000 rw-p 0010d000 00:2c 234489794                  /home/sek519/warm_starting/vpc/lib/Cbc-trunk/build/lib/libCgl.so.0.0.0
2aff2ad4c000-2aff2ad54000 rw-p 00000000 00:00 0 
2aff2ad54000-2aff2ad5b000 r--s 00000000 08:02 1587928                    /usr/lib/x86_64-linux-gnu/gconv/gconv-modules.cache
2aff2ad5b000-2aff2ad5c000 rw-p 00000000 00:00 0 
2aff2ad62000-2aff2ad63000 r--p 00023000 08:01 1180790                    /lib/x86_64-linux-gnu/ld-2.24.so
2aff2ad63000-2aff2ad64000 rw-p 00024000 08:01 1180790                    /lib/x86_64-linux-gnu/ld-2.24.so
2aff2ad64000-2aff2ad65000 rw-p 00000000 00:00 0 
2aff2ad65000-2aff2add3000 r--p 00000000 00:2c 234490095                  /home/sek519/warm_starting/vpc/lib/Cbc-trunk/build/lib/libCbc.so.0.0.0
2aff2add3000-2aff2af21000 r-xp 0006e000 00:2c 234490095                  /home/sek519/warm_starting/vpc/lib/Cbc-trunk/build/lib/libCbc.so.0.0.0
2aff2af21000-2aff2af6c000 r--p 001bc000 00:2c 234490095                  /home/sek519/warm_starting/vpc/lib/Cbc-trunk/build/lib/libCbc.so.0.0.0
2aff2af6c000-2aff2af78000 r--p 00207000 00:2c 234490095                  /home/sek519/warm_starting/vpc/lib/Cbc-trunk/build/lib/libCbc.so.0.0.0
2aff2af78000-2aff2af7c000 rw-p 00213000 00:2c 234490095                  /home/sek519/warm_starting/vpc/lib/Cbc-trunk/build/lib/libCbc.so.0.0.0
2aff2af7c000-2aff2af94000 r--p 00000000 00:2c 234489204                  /home/sek519/warm_starting/vpc/lib/Cbc-trunk/build/lib/libOsi.so.0.0.0
2aff2af94000-2aff2afc4000 r-xp 00018000 00:2c 234489204                  /home/sek519/warm_starting/vpc/lib/Cbc-trunk/build/lib/libOsi.so.0.0.0
2aff2afc4000-2aff2afd8000 r--p 00048000 00:2c 234489204                  /home/sek519/warm_starting/vpc/lib/Cbc-trunk/build/lib/libOsi.so.0.0.0
2aff2afd8000-2aff2afda000 r--p 0005c000 00:2c 234489204                  /home/sek519/warm_starting/vpc/lib/Cbc-trunk/build/lib/libOsi.so.0.0.0
2aff2afda000-2aff2afdb000 rw-p 0005e000 00:2c 234489204                  /home/sek519/warm_starting/vpc/lib/Cbc-trunk/build/lib/libOsi.so.0.0.0
2aff2afdb000-2aff2b01a000 r--p 00000000 00:2c 234489467                  /home/sek519/warm_starting/vpc/lib/Cbc-trunk/build/lib/libClp.so.0.0.0
2aff2b01a000-2aff2b1a6000 r-xp 0003f000 00:2c 234489467                  /home/sek519/warm_starting/vpc/lib/Cbc-trunk/build/lib/libClp.so.0.0.0
2aff2b1a6000-2aff2b1e9000 r--p 001cb000 00:2c 234489467                  /home/sek519/warm_starting/vpc/lib/Cbc-trunk/build/lib/libClp.so.0.0.0
2aff2b1e9000-2aff2b1ec000 r--p 0020d000 00:2c 234489467                  /home/sek519/warm_starting/vpc/lib/Cbc-trunk/build/lib/libClp.so.0.0.0
2aff2b1ec000-2aff2b1f0000 rw-p 00210000 00:2c 234489467                  /home/sek519/warm_starting/vpc/lib/Cbc-trunk/build/lib/libClp.so.0.0.0
2aff2b1f0000-2aff2b22a000 r--p 00000000 00:2c 234489064                  /home/sek519/warm_starting/vpc/lib/Cbc-trunk/build/lib/libCoinUtils.so.0.0.0
2aff2b22a000-2aff2b310000 r-xp 0003a000 00:2c 234489064                  /home/sek519/warm_starting/vpc/lib/Cbc-trunk/build/lib/libCoinUtils.so.0.0.0
2aff2b310000-2aff2b33d000 r--p 00120000 00:2c 234489064                  /home/sek519/warm_starting/vpc/lib/Cbc-trunk/build/lib/libCoinUtils.so.0.0.0
2aff2b33d000-2aff2b340000 r--p 0014c000 00:2c 234489064                  /home/sek519/warm_starting/vpc/lib/Cbc-trunk/build/lib/libCoinUtils.so.0.0.0
2aff2b340000-2aff2b343000 rw-p 0014f000 00:2c 234489064                  /home/sek519/warm_starting/vpc/lib/Cbc-trunk/build/lib/libCoinUtils.so.0.0.0
2aff2b343000-2aff2dd66000 r-xp 00000000 00:2c 234521354                  /home/sek519/miniconda/envs/vws/lib/libgurobi100.so
2aff2dd66000-2aff2df66000 ---p 02a23000 00:2c 234521354                  /home/sek519/miniconda/envs/vws/lib/libgurobi100.so
2aff2df66000-2aff2dfd0000 r--p 02a23000 00:2c 234521354                  /home/sek519/miniconda/envs/vws/lib/libgurobi100.so
2aff2dfd0000-2aff2dff5000 rw-p 02a8d000 00:2c 234521354                  /home/sek519/miniconda/envs/vws/lib/libgurobi100.so
2aff2dff5000-2aff2e002000 rw-p 00000000 00:00 0 
2aff2e002000-2aff2e005000 rw-p 02bf6000 00:2c 234521354                  /home/sek519/miniconda/envs/vws/lib/libgurobi100.so
2aff2e038000-2aff2e13b000 r-xp 00000000 08:01 1180806                    /lib/x86_64-linux-gnu/libm-2.24.so
2aff2e13b000-2aff2e33a000 ---p 00103000 08:01 1180806                    /lib/x86_64-linux-gnu/libm-2.24.so
2aff2e33a000-2aff2e33b000 r--p 00102000 08:01 1180806                    /lib/x86_64-linux-gnu/libm-2.24.so
2aff2e33b000-2aff2e33c000 rw-p 00103000 08:01 1180806                    /lib/x86_64-linux-gnu/libm-2.24.so
2aff2e33c000-2aff2e3e2000 r--p 00000000 00:2c 235724303                  /home/sek519/miniconda/envs/vws/lib/libstdc++.so.6.0.30
2aff2e3e2000-2aff2e476000 r-xp 000a6000 00:2c 235724303                  /home/sek519/miniconda/envs/vws/lib/libstdc++.so.6.0.30
2aff2e476000-2aff2e4de000 r--p 0013a000 00:2c 235724303                  /home/sek519/miniconda/envs/vws/lib/libstdc++.so.6.0.30
2aff2e4de000-2aff2e4e9000 r--p 001a1000 00:2c 235724303                  /home/sek519/miniconda/envs/vws/lib/libstdc++.so.6.0.30
2aff2e4e9000-2aff2e4ed000 rw-p 001ac000 00:2c 235724303                  /home/sek519/miniconda/envs/vws/lib/libstdc++.so.6.0.30
2aff2e4ed000-2aff2e4f0000 rw-p 00000000 00:00 0 
2aff2e4f0000-2aff2e4f4000 r--p 00000000 00:2c 235727575                  /home/sek519/miniconda/envs/vws/lib/libgcc_s.so.1
2aff2e4f4000-2aff2e504000 r-xp 00004000 00:2c 235727575                  /home/sek519/miniconda/envs/vws/lib/libgcc_s.so.1
2aff2e504000-2aff2e507000 r--p 00014000 00:2c 235727575                  /home/sek519/miniconda/envs/vws/lib/libgcc_s.so.1
2aff2e507000-2aff2e508000 r--p 00016000 00:2c 235727575                  /home/sek519/miniconda/envs/vws/lib/libgcc_s.so.1
2aff2e508000-2aff2e509000 rw-p 00017000 00:2c 235727575                  /home/sek519/miniconda/envs/vws/lib/libgcc_s.so.1
2aff2e509000-2aff2e69e000 r-xp 00000000 08:01 1180801                    /lib/x86_64-linux-gnu/libc-2.24.so
2aff2e69e000-2aff2e89e000 ---p 00195000 08:01 1180801                    /lib/x86_64-linux-gnu/libc-2.24.so
2aff2e89e000-2aff2e8a2000 r--p 00195000 08:01 1180801                    /lib/x86_64-linux-gnu/libc-2.24.so
2aff2e8a2000-2aff2e8a4000 rw-p 00199000 08:01 1180801                    /lib/x86_64-linux-gnu/libc-2.24.so
2aff2e8a4000-2aff2e8a8000 rw-p 00000000 00:00 0 
2aff2e8a8000-2aff2e8b8000 r--p 00000000 00:2c 235728014                  /home/sek519/miniconda/envs/vws/lib/libtinfo.so.6.3
2aff2e8b8000-2aff2e8d2000 r-xp 00010000 00:2c 235728014                  /home/sek519/miniconda/envs/vws/lib/libtinfo.so.6.3
2aff2e8d2000-2aff2e8e3000 r--p 0002a000 00:2c 235728014                  /home/sek519/miniconda/envs/vws/lib/libtinfo.so.6.3
2aff2e8e3000-2aff2e8e7000 r--p 0003a000 00:2c 235728014                  /home/sek519/miniconda/envs/vws/lib/libtinfo.so.6.3
2aff2e8e7000-2aff2e8e8000 rw-p 0003e000 00:2c 235728014                  /home/sek519/miniconda/envs/vws/lib/libtinfo.so.6.3
2aff2e8e8000-2aff2e8ef000 r-xp 00000000 08:01 1180820                    /lib/x86_64-linux-gnu/librt-2.24.so
2aff2e8ef000-2aff2eaee000 ---p 00007000 08:01 1180820                    /lib/x86_64-linux-gnu/librt-2.24.so
2aff2eaee000-2aff2eaef000 r--p 00006000 08:01 1180820                    /lib/x86_64-linux-gnu/librt-2.24.so
2aff2eaef000-2aff2eaf0000 rw-p 00007000 08:01 1180820                    /lib/x86_64-linux-gnu/librt-2.24.so
2aff2eaf0000-2aff2eb08000 r-xp 00000000 08:01 1180818                    /lib/x86_64-linux-gnu/libpthread-2.24.so
2aff2eb08000-2aff2ed07000 ---p 00018000 08:01 1180818                    /lib/x86_64-linux-gnu/libpthread-2.24.so
2aff2ed07000-2aff2ed08000 r--p 00017000 08:01 1180818                    /lib/x86_64-linux-gnu/libpthread-2.24.so
2aff2ed08000-2aff2ed09000 rw-p 00018000 08:01 1180818                    /lib/x86_64-linux-gnu/libpthread-2.24.so
2aff2ed09000-2aff2ed0d000 rw-p 00000000 00:00 0 
2aff2ed0d000-2aff2ee06000 r--p 00000000 00:2c 235427053                  /home/sek519/miniconda/envs/vws/lib/libopenblasp-r0.3.12.so
2aff2ee06000-2aff2ee07000 r-xp 000f9000 00:2c 235427053                  /home/sek519/miniconda/envs/vws/lib/libopenblasp-r0.3.12.so
2aff2ee07000-2aff2ee0d000 ---p 000fa000 00:2c 235427053                  /home/sek519/miniconda/envs/vws/lib/libopenblasp-r0.3.12.so
2aff2ee0d000-2aff308f0000 r-xp 00100000 00:2c 235427053                  /home/sek519/miniconda/envs/vws/lib/libopenblasp-r0.3.12.so
2aff308f0000-2aff30ac3000 r--p 01be3000 00:2c 235427053                  /home/sek519/miniconda/envs/vws/lib/libopenblasp-r0.3.12.so
2aff30ac3000-2aff30ad1000 r--p 01db5000 00:2c 235427053                  /home/sek519/miniconda/envs/vws/lib/libopenblasp-r0.3.12.so
2aff30ad1000-2aff30adf000 rw-p 01dc3000 00:2c 235427053                  /home/sek519/miniconda/envs/vws/lib/libopenblasp-r0.3.12.so
2aff30adf000-2aff30af0000 rw-p 00000000 00:00 0 
2aff30af0000-2aff30af3000 r-xp 00000000 08:01 1180805                    /lib/x86_64-linux-gnu/libdl-2.24.so
2aff30af3000-2aff30cf2000 ---p 00003000 08:01 1180805                    /lib/x86_64-linux-gnu/libdl-2.24.so
2aff30cf2000-2aff30cf3000 r--p 00002000 08:01 1180805                    /lib/x86_64-linux-gnu/libdl-2.24.so
2aff30cf3000-2aff30cf4000 rw-p 00003000 08:01 1180805                    /lib/x86_64-linux-gnu/libdl-2.24.so
2aff30cf4000-2aff30d0f000 r--p 00000000 00:2c 235723995                  /home/sek519/miniconda/envs/vws/lib/libgfortran.so.4.0.0
2aff30d0f000-2aff30dfe000 r-xp 0001b000 00:2c 235723995                  /home/sek519/miniconda/envs/vws/lib/libgfortran.so.4.0.0
2aff30dfe000-2aff30e1f000 r--p 0010a000 00:2c 235723995                  /home/sek519/miniconda/envs/vws/lib/libgfortran.so.4.0.0
2aff30e1f000-2aff30e20000 ---p 0012b000 00:2c 235723995                  /home/sek519/miniconda/envs/vws/lib/libgfortran.so.4.0.0
2aff30e20000-2aff30e21000 r--p 0012b000 00:2c 235723995                  /home/sek519/miniconda/envs/vws/lib/libgfortran.so.4.0.0
2aff30e21000-2aff30e22000 rw-p 0012c000 00:2c 235723995                  /home/sek519/miniconda/envs/vws/lib/libgfortran.so.4.0.0
2aff30e22000-2aff30e23000 rw-p 00000000 00:00 0 
2aff30e23000-2aff30e26000 r--p 00000000 00:2c 235727572                  /home/sek519/miniconda/envs/vws/lib/libquadmath.so.0.0.0
2aff30e26000-2aff30e45000 r-xp 00003000 00:2c 235727572                  /home/sek519/miniconda/envs/vws/lib/libquadmath.so.0.0.0
2aff30e45000-2aff30e5b000 r--p 00022000 00:2c 235727572                  /home/sek519/miniconda/envs/vws/lib/libquadmath.so.0.0.0
2aff30e5b000-2aff30e5c000 r--p 00038000 00:2c 235727572                  /home/sek519/miniconda/envs/vws/lib/libquadmath.so.0.0.0
2aff30e5c000-2aff30e5d000 rw-p 00039000 00:2c 235727572                  /home/sek519/miniconda/envs/vws/lib/libquadmath.so.0.0.0
2aff30e5d000-2aff30e6f000 rw-p 00000000 00:00 0 
2aff30e6f000-2aff30e70000 ---p 00000000 00:00 0 
2aff30e70000-2aff31070000 rw-p 00000000 00:00 0 
2aff31070000-2aff31071000 ---p 00000000 00:00 0 
2aff31071000-2aff31271000 rw-p 00000000 00:00 0 
2aff31271000-2aff39271000 rw-p 00000000 00:00 0 
2aff39271000-2aff39272000 ---p 00000000 00:00 0 
2aff39272000-2aff39472000 rw-p 00000000 00:00 0 
2aff39472000-2aff41472000 rw-p 00000000 00:00 0 
2aff41472000-2aff41473000 ---p 00000000 00:00 0 
2aff41473000-2aff41673000 rw-p 00000000 00:00 0 
2aff41673000-2aff49673000 rw-p 00000000 00:00 0 
2aff49673000-2aff49674000 ---p 00000000 00:00 0 
2aff49674000-2aff49874000 rw-p 00000000 00:00 0 
2aff49874000-2aff51874000 rw-p 00000000 00:00 0 
2aff51874000-2aff51875000 ---p 00000000 00:00 0 
2aff51875000-2aff51a75000 rw-p 00000000 00:00 0 
2aff51a75000-2aff59a75000 rw-p 00000000 00:00 0 
2aff59a75000-2aff59a76000 ---p 00000000 00:00 0 
2aff59a76000-2aff59c76000 rw-p 00000000 00:00 0 
2aff59c76000-2aff61c76000 rw-p 00000000 00:00 0 
2aff61c76000-2aff61c77000 ---p 00000000 00:00 0 
2aff61c77000-2aff61e77000 rw-p 00000000 00:00 0 
2aff61e77000-2aff69e77000 rw-p 00000000 00:00 0 
2aff69e77000-2aff69e78000 ---p 00000000 00:00 0 
2aff69e78000-2aff6a078000 rw-p 00000000 00:00 0 
2aff6a078000-2aff72078000 rw-p 00000000 00:00 0 
2aff72078000-2aff72079000 ---p 00000000 00:00 0 
2aff72079000-2aff72279000 rw-p 00000000 00:00 0 
2aff72279000-2aff7a279000 rw-p 00000000 00:00 0 
2aff7a279000-2aff7a27a000 ---p 00000000 00:00 0 
2aff7a27a000-2aff7a47a000 rw-p 00000000 00:00 0 
2aff7a47a000-2aff7a47b000 ---p 00000000 00:00 0 
2aff7a47b000-2aff7a67b000 rw-p 00000000 00:00 0 
2aff7a67b000-2aff7a67c000 ---p 00000000 00:00 0 
2aff7a67c000-2aff7a87c000 rw-p 00000000 00:00 0 
2aff7a87c000-2aff7a87d000 ---p 00000000 00:00 0 
2aff7a87d000-2aff7aa7d000 rw-p 00000000 00:00 0 
2aff7aa7d000-2aff7aa7e000 ---p 00000000 00:00 0 
2aff7aa7e000-2aff7ac7e000 rw-p 00000000 00:00 0 
2aff7ac7e000-2affaac7e000 rw-p 00000000 00:00 0 
2affaac7e000-2affaacb3000 r--s 00000000 08:05 6160609                    /var/cache/nscd/hosts
2affaacb3000-2affaae4e000 r--p 00000000 08:02 1586133                    /usr/lib/locale/locale-archive
2affaae4e000-2affaae83000 r--s 00000000 08:05 6160515                    /var/cache/nscd/passwd
2affaae83000-2affaae84000 ---p 00000000 00:00 0 
2affaae84000-2affab084000 rw-p 00000000 00:00 0 
55ed26e8b000-55ed26eae000 r--p 00000000 00:2c 234490227                  /home/sek519/warm_starting/vws/Release/vws
55ed26eae000-55ed26f8a000 r-xp 00023000 00:2c 234490227                  /home/sek519/warm_starting/vws/Release/vws
55ed26f8a000-55ed26fbf000 r--p 000ff000 00:2c 234490227                  /home/sek519/warm_starting/vws/Release/vws
55ed26fbf000-55ed26fc5000 r--p 00134000 00:2c 234490227                  /home/sek519/warm_starting/vws/Release/vws
55ed26fc5000-55ed26fc7000 rw-p 0013a000 00:2c 234490227                  /home/sek519/warm_starting/vws/Release/vws
55ed28201000-55ed87bd8000 rw-p 00000000 00:00 0                          [heap]
7ffcbbf80000-7ffcbbfa2000 rw-p 00000000 00:00 0                          [stack]
7ffcbbfe2000-7ffcbbfe4000 r--p 00000000 00:00 0                          [vvar]
7ffcbbfe4000-7ffcbbfe6000 r-xp 00000000 00:00 0                          [vdso]
ffffffffff600000-ffffffffff601000 r-xp 00000000 00:00 0                  [vsyscall]
/var/spool/torque/mom_priv/jobs/1760771.polyp1.ie.lehigh.edu.SC: line 4: 25918 Aborted                 ../Release/vws ${INPUT_FOLDER} ${OUTPUT_FILE} ${MAX_TIME} ${GENERATOR} ${TERMS} ${MIP_SOLVER} ${PROVIDE_PRIMAL_BOUND}
