*** WARNING (version #1531bee): /home/sek519/warm_starting/vws/../vpc/src/utility/nbspace.cpp:149: Point: Calculated dot product with obj differs from solver's. Obj viol from solver: 300001800.00000000. Calculated: 300001799.99999589.
*** WARNING (version #1531bee): /home/sek519/warm_starting/vws/../vpc/src/utility/nbspace.cpp:149: Point: Calculated dot product with obj differs from solver's. Obj viol from solver: 300001800.00000000. Calculated: 300001800.00000161.
*** WARNING (version #1531bee): /home/sek519/warm_starting/vws/../vpc/src/utility/nbspace.cpp:149: Point: Calculated dot product with obj differs from solver's. Obj viol from solver: 200001400.00000000. Calculated: 200001400.00000045.
*** WARNING (version #1531bee): /home/sek519/warm_starting/vws/../vpc/src/utility/nbspace.cpp:149: Point: Calculated dot product with obj differs from solver's. Obj viol from solver: 200002400.00000000. Calculated: 200002400.00000045.
*** WARNING (version #1531bee): /home/sek519/warm_starting/vws/../vpc/src/utility/nbspace.cpp:149: Point: Calculated dot product with obj differs from solver's. Obj viol from solver: 200001000.00000000. Calculated: 200001000.00000024.
*** WARNING (version #1531bee): /home/sek519/warm_starting/vws/../vpc/src/utility/nbspace.cpp:149: Point: Calculated dot product with obj differs from solver's. Obj viol from solver: 200001600.00000000. Calculated: 200001600.00000024.
*** WARNING (version #1531bee): /home/sek519/warm_starting/vws/../vpc/src/utility/nbspace.cpp:149: Point: Calculated dot product with obj differs from solver's. Obj viol from solver: 400001400.00000000. Calculated: 400001400.00000089.
*** WARNING (version #1531bee): /home/sek519/warm_starting/vws/../vpc/src/utility/nbspace.cpp:149: Point: Calculated dot product with obj differs from solver's. Obj viol from solver: 400002800.00000000. Calculated: 400002800.00000089.
*** WARNING (version #1531bee): /home/sek519/warm_starting/vws/../vpc/src/utility/nbspace.cpp:149: Point: Calculated dot product with obj differs from solver's. Obj viol from solver: 300002500.00000000. Calculated: 300002500.00000316.
*** WARNING (version #1531bee): /home/sek519/warm_starting/vws/../vpc/src/utility/nbspace.cpp:149: Point: Calculated dot product with obj differs from solver's. Obj viol from solver: 200000600.00000000. Calculated: 200000600.00000080.
*** WARNING (version #1531bee): /home/sek519/warm_starting/vws/../vpc/src/utility/nbspace.cpp:149: Point: Calculated dot product with obj differs from solver's. Obj viol from solver: 200001200.00000000. Calculated: 200001200.00000080.
*** WARNING (version #1531bee): /home/sek519/warm_starting/vws/../vpc/src/utility/nbspace.cpp:149: Point: Calculated dot product with obj differs from solver's. Obj viol from solver: 400001600.00000000. Calculated: 400001600.00000048.
*** WARNING (version #1531bee): /home/sek519/warm_starting/vws/../vpc/src/utility/nbspace.cpp:149: Point: Calculated dot product with obj differs from solver's. Obj viol from solver: 400001000.00000000. Calculated: 400000999.99999952.
*** WARNING (version #1531bee): /home/sek519/warm_starting/vws/../vpc/src/utility/nbspace.cpp:149: Point: Calculated dot product with obj differs from solver's. Obj viol from solver: 400002000.00000000. Calculated: 400001999.99999952.
*** Error in `../Release/vws': free(): invalid next size (normal): 0x0000560737425910 ***
======= Backtrace: =========
/lib/x86_64-linux-gnu/libc.so.6(+0x70bfb)[0x2b0d0bfaebfb]
/lib/x86_64-linux-gnu/libc.so.6(+0x76fc6)[0x2b0d0bfb4fc6]
/lib/x86_64-linux-gnu/libc.so.6(+0x7780e)[0x2b0d0bfb580e]
/home/sek519/warm_starting/vws/../vpc/lib/Cbc-trunk/build/lib/libCoinUtils.so.0(_ZN16CoinPackedMatrix16gutsOfDestructorEv+0x12)[0x2b0d08cd0cd2]
/home/sek519/warm_starting/vws/../vpc/lib/Cbc-trunk/build/lib/libCoinUtils.so.0(_ZN16CoinPackedMatrix27resizeForAddingMinorVectorsEPKi+0x4a0)[0x2b0d08cd3df0]
/home/sek519/warm_starting/vws/../vpc/lib/Cbc-trunk/build/lib/libCoinUtils.so.0(_ZN16CoinPackedMatrix17appendMinorVectorEiPKiPKd+0xb7)[0x2b0d08cd4237]
/home/sek519/warm_starting/vws/../vpc/lib/Cbc-trunk/build/lib/libOsiClp.so.0(_ZN21OsiClpSolverInterface6addRowEiPKiPKddd+0xb0)[0x2b0d0864fa90]
../Release/vws(+0xc788b)[0x56073509c88b]
../Release/vws(+0xc9f91)[0x56073509ef91]
../Release/vws(+0x38bc7)[0x56073500dbc7]
../Release/vws(+0x3ae7e)[0x56073500fe7e]
../Release/vws(+0x54e9f)[0x560735029e9f]
../Release/vws(+0x315d8)[0x5607350065d8]
/lib/x86_64-linux-gnu/libc.so.6(__libc_start_main+0xf1)[0x2b0d0bf5e2e1]
../Release/vws(+0x32a11)[0x560735007a11]
======= Memory map: ========
2b0d08572000-2b0d08595000 r-xp 00000000 08:05 4263                       /lib/x86_64-linux-gnu/ld-2.24.so
2b0d08595000-2b0d08597000 rw-p 00000000 00:00 0 
2b0d08597000-2b0d0859a000 r--p 00000000 00:2c 235724777                  /home/sek519/miniconda/envs/vws/lib/libz.so.1.2.13
2b0d0859a000-2b0d085a8000 r-xp 00003000 00:2c 235724777                  /home/sek519/miniconda/envs/vws/lib/libz.so.1.2.13
2b0d085a8000-2b0d085af000 r--p 00011000 00:2c 235724777                  /home/sek519/miniconda/envs/vws/lib/libz.so.1.2.13
2b0d085af000-2b0d085b0000 r--p 00017000 00:2c 235724777                  /home/sek519/miniconda/envs/vws/lib/libz.so.1.2.13
2b0d085b0000-2b0d085b1000 rw-p 00018000 00:2c 235724777                  /home/sek519/miniconda/envs/vws/lib/libz.so.1.2.13
2b0d085b1000-2b0d085b3000 r--p 00000000 00:2c 234676138                  /home/sek519/miniconda/envs/vws/lib/libbz2.so.1.0.8
2b0d085b3000-2b0d085c1000 r-xp 00002000 00:2c 234676138                  /home/sek519/miniconda/envs/vws/lib/libbz2.so.1.0.8
2b0d085c1000-2b0d085c3000 r--p 00010000 00:2c 234676138                  /home/sek519/miniconda/envs/vws/lib/libbz2.so.1.0.8
2b0d085c3000-2b0d085c4000 r--p 00011000 00:2c 234676138                  /home/sek519/miniconda/envs/vws/lib/libbz2.so.1.0.8
2b0d085c4000-2b0d085c5000 rw-p 00012000 00:2c 234676138                  /home/sek519/miniconda/envs/vws/lib/libbz2.so.1.0.8
2b0d085c5000-2b0d085dd000 r--p 00000000 00:2c 234710701                  /home/sek519/miniconda/envs/vws/lib/libreadline.so.8.1
2b0d085dd000-2b0d08608000 r-xp 00018000 00:2c 234710701                  /home/sek519/miniconda/envs/vws/lib/libreadline.so.8.1
2b0d08608000-2b0d08612000 r--p 00043000 00:2c 234710701                  /home/sek519/miniconda/envs/vws/lib/libreadline.so.8.1
2b0d08612000-2b0d08615000 r--p 0004c000 00:2c 234710701                  /home/sek519/miniconda/envs/vws/lib/libreadline.so.8.1
2b0d08615000-2b0d0861b000 rw-p 0004f000 00:2c 234710701                  /home/sek519/miniconda/envs/vws/lib/libreadline.so.8.1
2b0d0861b000-2b0d0861c000 rw-p 00000000 00:00 0 
2b0d0861c000-2b0d08631000 r--p 00000000 00:2c 234489484                  /home/sek519/warm_starting/vpc/lib/Cbc-trunk/build/lib/libOsiClp.so.0.0.0
2b0d08631000-2b0d08661000 r-xp 00015000 00:2c 234489484                  /home/sek519/warm_starting/vpc/lib/Cbc-trunk/build/lib/libOsiClp.so.0.0.0
2b0d08661000-2b0d0866b000 r--p 00045000 00:2c 234489484                  /home/sek519/warm_starting/vpc/lib/Cbc-trunk/build/lib/libOsiClp.so.0.0.0
2b0d0866b000-2b0d0866d000 r--p 0004f000 00:2c 234489484                  /home/sek519/warm_starting/vpc/lib/Cbc-trunk/build/lib/libOsiClp.so.0.0.0
2b0d0866d000-2b0d0866e000 rw-p 00051000 00:2c 234489484                  /home/sek519/warm_starting/vpc/lib/Cbc-trunk/build/lib/libOsiClp.so.0.0.0
2b0d0866e000-2b0d08670000 rw-p 00000000 00:00 0 
2b0d08670000-2b0d08698000 r--p 00000000 00:2c 234489794                  /home/sek519/warm_starting/vpc/lib/Cbc-trunk/build/lib/libCgl.so.0.0.0
2b0d08698000-2b0d0875b000 r-xp 00028000 00:2c 234489794                  /home/sek519/warm_starting/vpc/lib/Cbc-trunk/build/lib/libCgl.so.0.0.0
2b0d0875b000-2b0d0877b000 r--p 000eb000 00:2c 234489794                  /home/sek519/warm_starting/vpc/lib/Cbc-trunk/build/lib/libCgl.so.0.0.0
2b0d0877b000-2b0d0877d000 r--p 0010b000 00:2c 234489794                  /home/sek519/warm_starting/vpc/lib/Cbc-trunk/build/lib/libCgl.so.0.0.0
2b0d0877d000-2b0d0877f000 rw-p 0010d000 00:2c 234489794                  /home/sek519/warm_starting/vpc/lib/Cbc-trunk/build/lib/libCgl.so.0.0.0
2b0d0877f000-2b0d08787000 rw-p 00000000 00:00 0 
2b0d08787000-2b0d0878e000 r--s 00000000 08:06 1315782                    /usr/lib/x86_64-linux-gnu/gconv/gconv-modules.cache
2b0d0878e000-2b0d0878f000 rw-p 00000000 00:00 0 
2b0d08795000-2b0d08796000 r--p 00023000 08:05 4263                       /lib/x86_64-linux-gnu/ld-2.24.so
2b0d08796000-2b0d08797000 rw-p 00024000 08:05 4263                       /lib/x86_64-linux-gnu/ld-2.24.so
2b0d08797000-2b0d08798000 rw-p 00000000 00:00 0 
2b0d08798000-2b0d08806000 r--p 00000000 00:2c 234490095                  /home/sek519/warm_starting/vpc/lib/Cbc-trunk/build/lib/libCbc.so.0.0.0
2b0d08806000-2b0d08954000 r-xp 0006e000 00:2c 234490095                  /home/sek519/warm_starting/vpc/lib/Cbc-trunk/build/lib/libCbc.so.0.0.0
2b0d08954000-2b0d0899f000 r--p 001bc000 00:2c 234490095                  /home/sek519/warm_starting/vpc/lib/Cbc-trunk/build/lib/libCbc.so.0.0.0
2b0d0899f000-2b0d089ab000 r--p 00207000 00:2c 234490095                  /home/sek519/warm_starting/vpc/lib/Cbc-trunk/build/lib/libCbc.so.0.0.0
2b0d089ab000-2b0d089af000 rw-p 00213000 00:2c 234490095                  /home/sek519/warm_starting/vpc/lib/Cbc-trunk/build/lib/libCbc.so.0.0.0
2b0d089af000-2b0d089c7000 r--p 00000000 00:2c 234489204                  /home/sek519/warm_starting/vpc/lib/Cbc-trunk/build/lib/libOsi.so.0.0.0
2b0d089c7000-2b0d089f7000 r-xp 00018000 00:2c 234489204                  /home/sek519/warm_starting/vpc/lib/Cbc-trunk/build/lib/libOsi.so.0.0.0
2b0d089f7000-2b0d08a0b000 r--p 00048000 00:2c 234489204                  /home/sek519/warm_starting/vpc/lib/Cbc-trunk/build/lib/libOsi.so.0.0.0
2b0d08a0b000-2b0d08a0d000 r--p 0005c000 00:2c 234489204                  /home/sek519/warm_starting/vpc/lib/Cbc-trunk/build/lib/libOsi.so.0.0.0
2b0d08a0d000-2b0d08a0e000 rw-p 0005e000 00:2c 234489204                  /home/sek519/warm_starting/vpc/lib/Cbc-trunk/build/lib/libOsi.so.0.0.0
2b0d08a0e000-2b0d08a4d000 r--p 00000000 00:2c 234489467                  /home/sek519/warm_starting/vpc/lib/Cbc-trunk/build/lib/libClp.so.0.0.0
2b0d08a4d000-2b0d08bd9000 r-xp 0003f000 00:2c 234489467                  /home/sek519/warm_starting/vpc/lib/Cbc-trunk/build/lib/libClp.so.0.0.0
2b0d08bd9000-2b0d08c1c000 r--p 001cb000 00:2c 234489467                  /home/sek519/warm_starting/vpc/lib/Cbc-trunk/build/lib/libClp.so.0.0.0
2b0d08c1c000-2b0d08c1f000 r--p 0020d000 00:2c 234489467                  /home/sek519/warm_starting/vpc/lib/Cbc-trunk/build/lib/libClp.so.0.0.0
2b0d08c1f000-2b0d08c23000 rw-p 00210000 00:2c 234489467                  /home/sek519/warm_starting/vpc/lib/Cbc-trunk/build/lib/libClp.so.0.0.0
2b0d08c23000-2b0d08c5d000 r--p 00000000 00:2c 234489064                  /home/sek519/warm_starting/vpc/lib/Cbc-trunk/build/lib/libCoinUtils.so.0.0.0
2b0d08c5d000-2b0d08d43000 r-xp 0003a000 00:2c 234489064                  /home/sek519/warm_starting/vpc/lib/Cbc-trunk/build/lib/libCoinUtils.so.0.0.0
2b0d08d43000-2b0d08d70000 r--p 00120000 00:2c 234489064                  /home/sek519/warm_starting/vpc/lib/Cbc-trunk/build/lib/libCoinUtils.so.0.0.0
2b0d08d70000-2b0d08d73000 r--p 0014c000 00:2c 234489064                  /home/sek519/warm_starting/vpc/lib/Cbc-trunk/build/lib/libCoinUtils.so.0.0.0
2b0d08d73000-2b0d08d76000 rw-p 0014f000 00:2c 234489064                  /home/sek519/warm_starting/vpc/lib/Cbc-trunk/build/lib/libCoinUtils.so.0.0.0
2b0d08d76000-2b0d0b799000 r-xp 00000000 00:2c 234521354                  /home/sek519/miniconda/envs/vws/lib/libgurobi100.so
2b0d0b799000-2b0d0b999000 ---p 02a23000 00:2c 234521354                  /home/sek519/miniconda/envs/vws/lib/libgurobi100.so
2b0d0b999000-2b0d0ba03000 r--p 02a23000 00:2c 234521354                  /home/sek519/miniconda/envs/vws/lib/libgurobi100.so
2b0d0ba03000-2b0d0ba28000 rw-p 02a8d000 00:2c 234521354                  /home/sek519/miniconda/envs/vws/lib/libgurobi100.so
2b0d0ba28000-2b0d0ba35000 rw-p 00000000 00:00 0 
2b0d0ba35000-2b0d0ba38000 rw-p 02bf6000 00:2c 234521354                  /home/sek519/miniconda/envs/vws/lib/libgurobi100.so
2b0d0ba38000-2b0d0ba6d000 r--s 00000000 08:07 129779                     /var/cache/nscd/hosts
2b0d0ba6d000-2b0d0bb70000 r-xp 00000000 08:05 8951                       /lib/x86_64-linux-gnu/libm-2.24.so
2b0d0bb70000-2b0d0bd6f000 ---p 00103000 08:05 8951                       /lib/x86_64-linux-gnu/libm-2.24.so
2b0d0bd6f000-2b0d0bd70000 r--p 00102000 08:05 8951                       /lib/x86_64-linux-gnu/libm-2.24.so
2b0d0bd70000-2b0d0bd71000 rw-p 00103000 08:05 8951                       /lib/x86_64-linux-gnu/libm-2.24.so
2b0d0bd71000-2b0d0be17000 r--p 00000000 00:2c 235724303                  /home/sek519/miniconda/envs/vws/lib/libstdc++.so.6.0.30
2b0d0be17000-2b0d0beab000 r-xp 000a6000 00:2c 235724303                  /home/sek519/miniconda/envs/vws/lib/libstdc++.so.6.0.30
2b0d0beab000-2b0d0bf13000 r--p 0013a000 00:2c 235724303                  /home/sek519/miniconda/envs/vws/lib/libstdc++.so.6.0.30
2b0d0bf13000-2b0d0bf1e000 r--p 001a1000 00:2c 235724303                  /home/sek519/miniconda/envs/vws/lib/libstdc++.so.6.0.30
2b0d0bf1e000-2b0d0bf22000 rw-p 001ac000 00:2c 235724303                  /home/sek519/miniconda/envs/vws/lib/libstdc++.so.6.0.30
2b0d0bf22000-2b0d0bf25000 rw-p 00000000 00:00 0 
2b0d0bf25000-2b0d0bf29000 r--p 00000000 00:2c 235727575                  /home/sek519/miniconda/envs/vws/lib/libgcc_s.so.1
2b0d0bf29000-2b0d0bf39000 r-xp 00004000 00:2c 235727575                  /home/sek519/miniconda/envs/vws/lib/libgcc_s.so.1
2b0d0bf39000-2b0d0bf3c000 r--p 00014000 00:2c 235727575                  /home/sek519/miniconda/envs/vws/lib/libgcc_s.so.1
2b0d0bf3c000-2b0d0bf3d000 r--p 00016000 00:2c 235727575                  /home/sek519/miniconda/envs/vws/lib/libgcc_s.so.1
2b0d0bf3d000-2b0d0bf3e000 rw-p 00017000 00:2c 235727575                  /home/sek519/miniconda/envs/vws/lib/libgcc_s.so.1
2b0d0bf3e000-2b0d0c0d3000 r-xp 00000000 08:05 8947                       /lib/x86_64-linux-gnu/libc-2.24.so
2b0d0c0d3000-2b0d0c2d3000 ---p 00195000 08:05 8947                       /lib/x86_64-linux-gnu/libc-2.24.so
2b0d0c2d3000-2b0d0c2d7000 r--p 00195000 08:05 8947                       /lib/x86_64-linux-gnu/libc-2.24.so
2b0d0c2d7000-2b0d0c2d9000 rw-p 00199000 08:05 8947                       /lib/x86_64-linux-gnu/libc-2.24.so
2b0d0c2d9000-2b0d0c2dd000 rw-p 00000000 00:00 0 
2b0d0c2dd000-2b0d0c2ed000 r--p 00000000 00:2c 235728014                  /home/sek519/miniconda/envs/vws/lib/libtinfo.so.6.3
2b0d0c2ed000-2b0d0c307000 r-xp 00010000 00:2c 235728014                  /home/sek519/miniconda/envs/vws/lib/libtinfo.so.6.3
2b0d0c307000-2b0d0c318000 r--p 0002a000 00:2c 235728014                  /home/sek519/miniconda/envs/vws/lib/libtinfo.so.6.3
2b0d0c318000-2b0d0c31c000 r--p 0003a000 00:2c 235728014                  /home/sek519/miniconda/envs/vws/lib/libtinfo.so.6.3
2b0d0c31c000-2b0d0c31d000 rw-p 0003e000 00:2c 235728014                  /home/sek519/miniconda/envs/vws/lib/libtinfo.so.6.3
2b0d0c31d000-2b0d0c324000 r-xp 00000000 08:05 8992                       /lib/x86_64-linux-gnu/librt-2.24.so
2b0d0c324000-2b0d0c523000 ---p 00007000 08:05 8992                       /lib/x86_64-linux-gnu/librt-2.24.so
2b0d0c523000-2b0d0c524000 r--p 00006000 08:05 8992                       /lib/x86_64-linux-gnu/librt-2.24.so
2b0d0c524000-2b0d0c525000 rw-p 00007000 08:05 8992                       /lib/x86_64-linux-gnu/librt-2.24.so
2b0d0c525000-2b0d0c53d000 r-xp 00000000 08:05 8990                       /lib/x86_64-linux-gnu/libpthread-2.24.so
2b0d0c53d000-2b0d0c73c000 ---p 00018000 08:05 8990                       /lib/x86_64-linux-gnu/libpthread-2.24.so
2b0d0c73c000-2b0d0c73d000 r--p 00017000 08:05 8990                       /lib/x86_64-linux-gnu/libpthread-2.24.so
2b0d0c73d000-2b0d0c73e000 rw-p 00018000 08:05 8990                       /lib/x86_64-linux-gnu/libpthread-2.24.so
2b0d0c73e000-2b0d0c742000 rw-p 00000000 00:00 0 
2b0d0c742000-2b0d0c83b000 r--p 00000000 00:2c 235427053                  /home/sek519/miniconda/envs/vws/lib/libopenblasp-r0.3.12.so
2b0d0c83b000-2b0d0c83c000 r-xp 000f9000 00:2c 235427053                  /home/sek519/miniconda/envs/vws/lib/libopenblasp-r0.3.12.so
2b0d0c83c000-2b0d0c842000 ---p 000fa000 00:2c 235427053                  /home/sek519/miniconda/envs/vws/lib/libopenblasp-r0.3.12.so
2b0d0c842000-2b0d0e325000 r-xp 00100000 00:2c 235427053                  /home/sek519/miniconda/envs/vws/lib/libopenblasp-r0.3.12.so
2b0d0e325000-2b0d0e4f8000 r--p 01be3000 00:2c 235427053                  /home/sek519/miniconda/envs/vws/lib/libopenblasp-r0.3.12.so
2b0d0e4f8000-2b0d0e506000 r--p 01db5000 00:2c 235427053                  /home/sek519/miniconda/envs/vws/lib/libopenblasp-r0.3.12.so
2b0d0e506000-2b0d0e514000 rw-p 01dc3000 00:2c 235427053                  /home/sek519/miniconda/envs/vws/lib/libopenblasp-r0.3.12.so
2b0d0e514000-2b0d0e525000 rw-p 00000000 00:00 0 
2b0d0e525000-2b0d0e528000 r-xp 00000000 08:05 8950                       /lib/x86_64-linux-gnu/libdl-2.24.so
2b0d0e528000-2b0d0e727000 ---p 00003000 08:05 8950                       /lib/x86_64-linux-gnu/libdl-2.24.so
2b0d0e727000-2b0d0e728000 r--p 00002000 08:05 8950                       /lib/x86_64-linux-gnu/libdl-2.24.so
2b0d0e728000-2b0d0e729000 rw-p 00003000 08:05 8950                       /lib/x86_64-linux-gnu/libdl-2.24.so
2b0d0e729000-2b0d0e744000 r--p 00000000 00:2c 235723995                  /home/sek519/miniconda/envs/vws/lib/libgfortran.so.4.0.0
2b0d0e744000-2b0d0e833000 r-xp 0001b000 00:2c 235723995                  /home/sek519/miniconda/envs/vws/lib/libgfortran.so.4.0.0
2b0d0e833000-2b0d0e854000 r--p 0010a000 00:2c 235723995                  /home/sek519/miniconda/envs/vws/lib/libgfortran.so.4.0.0
2b0d0e854000-2b0d0e855000 ---p 0012b000 00:2c 235723995                  /home/sek519/miniconda/envs/vws/lib/libgfortran.so.4.0.0
2b0d0e855000-2b0d0e856000 r--p 0012b000 00:2c 235723995                  /home/sek519/miniconda/envs/vws/lib/libgfortran.so.4.0.0
2b0d0e856000-2b0d0e857000 rw-p 0012c000 00:2c 235723995                  /home/sek519/miniconda/envs/vws/lib/libgfortran.so.4.0.0
2b0d0e857000-2b0d0e858000 rw-p 00000000 00:00 0 
2b0d0e858000-2b0d0e85b000 r--p 00000000 00:2c 235727572                  /home/sek519/miniconda/envs/vws/lib/libquadmath.so.0.0.0
2b0d0e85b000-2b0d0e87a000 r-xp 00003000 00:2c 235727572                  /home/sek519/miniconda/envs/vws/lib/libquadmath.so.0.0.0
2b0d0e87a000-2b0d0e890000 r--p 00022000 00:2c 235727572                  /home/sek519/miniconda/envs/vws/lib/libquadmath.so.0.0.0
2b0d0e890000-2b0d0e891000 r--p 00038000 00:2c 235727572                  /home/sek519/miniconda/envs/vws/lib/libquadmath.so.0.0.0
2b0d0e891000-2b0d0e892000 rw-p 00039000 00:2c 235727572                  /home/sek519/miniconda/envs/vws/lib/libquadmath.so.0.0.0
2b0d0e892000-2b0d0e8a4000 rw-p 00000000 00:00 0 
2b0d0e8a4000-2b0d0e8a5000 ---p 00000000 00:00 0 
2b0d0e8a5000-2b0d0eaa5000 rw-p 00000000 00:00 0 
2b0d0eaa5000-2b0d0eaa6000 ---p 00000000 00:00 0 
2b0d0eaa6000-2b0d0eca6000 rw-p 00000000 00:00 0 
2b0d0eca6000-2b0d1eca6000 rw-p 00000000 00:00 0 
2b0d1eca6000-2b0d1eca7000 ---p 00000000 00:00 0 
2b0d1eca7000-2b0d1eea7000 rw-p 00000000 00:00 0 
2b0d1eea7000-2b0d1eea8000 ---p 00000000 00:00 0 
2b0d1eea8000-2b0d1f0a8000 rw-p 00000000 00:00 0 
2b0d1f0a8000-2b0d270a8000 rw-p 00000000 00:00 0 
2b0d270a8000-2b0d270a9000 ---p 00000000 00:00 0 
2b0d270a9000-2b0d272a9000 rw-p 00000000 00:00 0 
2b0d272a9000-2b0d2f2a9000 rw-p 00000000 00:00 0 
2b0d2f2a9000-2b0d2f2aa000 ---p 00000000 00:00 0 
2b0d2f2aa000-2b0d2f4aa000 rw-p 00000000 00:00 0 
2b0d2f4aa000-2b0d374aa000 rw-p 00000000 00:00 0 
2b0d374aa000-2b0d374ab000 ---p 00000000 00:00 0 
2b0d374ab000-2b0d376ab000 rw-p 00000000 00:00 0 
2b0d376ab000-2b0d3f6ab000 rw-p 00000000 00:00 0 
2b0d3f6ab000-2b0d3f6ac000 ---p 00000000 00:00 0 
2b0d3f6ac000-2b0d3f8ac000 rw-p 00000000 00:00 0 
2b0d3f8ac000-2b0d478ac000 rw-p 00000000 00:00 0 
2b0d478ac000-2b0d478ad000 ---p 00000000 00:00 0 
2b0d478ad000-2b0d47aad000 rw-p 00000000 00:00 0 
2b0d47aad000-2b0d4faad000 rw-p 00000000 00:00 0 
2b0d4faad000-2b0d4faae000 ---p 00000000 00:00 0 
2b0d4faae000-2b0d4fcae000 rw-p 00000000 00:00 0 
2b0d4fcae000-2b0d57cae000 rw-p 00000000 00:00 0 
2b0d57cae000-2b0d57caf000 ---p 00000000 00:00 0 
2b0d57caf000-2b0d57eaf000 rw-p 00000000 00:00 0 
2b0d57eaf000-2b0d57eb0000 ---p 00000000 00:00 0 
2b0d57eb0000-2b0d580b0000 rw-p 00000000 00:00 0 
2b0d580b0000-2b0d580b1000 ---p 00000000 00:00 0 
2b0d580b1000-2b0d582b1000 rw-p 00000000 00:00 0 
2b0d582b1000-2b0d582b2000 ---p 00000000 00:00 0 
2b0d582b2000-2b0d584b2000 rw-p 00000000 00:00 0 
2b0d584b2000-2b0d584b3000 ---p 00000000 00:00 0 
2b0d584b3000-2b0d586b3000 rw-p 00000000 00:00 0 
2b0d586b3000-2b0d886b3000 rw-p 00000000 00:00 0 
2b0d886b3000-2b0d8884e000 r--p 00000000 08:06 1306166                    /usr/lib/locale/locale-archive
2b0d8884e000-2b0d88883000 r--s 00000000 08:07 129675                     /var/cache/nscd/passwd
2b0d88883000-2b0d88884000 ---p 00000000 00:00 0 
2b0d88884000-2b0d88a84000 rw-p 00000000 00:00 0 
2b0d8c000000-2b0d8c021000 rw-p 00000000 00:00 0 
2b0d8c021000-2b0d90000000 ---p 00000000 00:00 0 
560734fd5000-560734ff8000 r--p 00000000 00:2c 234490227                  /home/sek519/warm_starting/vws/Release/vws
560734ff8000-5607350d4000 r-xp 00023000 00:2c 234490227                  /home/sek519/warm_starting/vws/Release/vws
5607350d4000-560735109000 r--p 000ff000 00:2c 234490227                  /home/sek519/warm_starting/vws/Release/vws
560735109000-56073510f000 r--p 00134000 00:2c 234490227                  /home/sek519/warm_starting/vws/Release/vws
56073510f000-560735111000 rw-p 0013a000 00:2c 234490227                  /home/sek519/warm_starting/vws/Release/vws
560735a48000-56073df2f000 rw-p 00000000 00:00 0                          [heap]
7fff3cff1000-7fff3d013000 rw-p 00000000 00:00 0                          [stack]
7fff3d0fb000-7fff3d0fd000 r--p 00000000 00:00 0                          [vvar]
7fff3d0fd000-7fff3d0ff000 r-xp 00000000 00:00 0                          [vdso]
ffffffffff600000-ffffffffff601000 r-xp 00000000 00:00 0                  [vsyscall]
/var/spool/torque/mom_priv/jobs/1757189.polyp1.ie.lehigh.edu.SC: line 4: 29899 Aborted                 (core dumped) ../Release/vws ${INPUT_FOLDER} ${OUTPUT_FILE} ${MAX_TIME} ${GENERATOR} ${TERMS} ${MIP_SOLVER} ${PROVIDE_PRIMAL_BOUND}
