*** WARNING (version #e563127): /home/sek519/warm_starting/vws/../vpc/src/cut/CglVPC.cpp:683: Nonbasic reduced cost should be >= 0 in the complemented nonbasic space. However, for nb var 235 (real var 300), it is -8.500263e-07. Small enough error that we only send warning.
*** WARNING (version #e563127): /home/sek519/warm_starting/vws/../vpc/src/cut/CglVPC.cpp:683: Nonbasic reduced cost should be >= 0 in the complemented nonbasic space. However, for nb var 366 (real var 451), it is -8.500524e-07. Small enough error that we only send warning.
*** WARNING (version #e563127): /home/sek519/warm_starting/vws/../vpc/src/utility/nbspace.cpp:354: Ray 300: dot product with obj < 0. Obj viol from solver: -0.00000085. Calculated: -0.00000085.
*** WARNING (version #e563127): /home/sek519/warm_starting/vws/../vpc/src/cut/CglVPC.cpp:1280: Term 2 ray 235 does not satisfy the objective cut. Activity: -0.00000085. RHS: 0.00000000. Small enough violation that we only send a warning.
*** WARNING (version #e563127): /home/sek519/warm_starting/vws/../vpc/src/utility/nbspace.cpp:354: Ray 451: dot product with obj < 0. Obj viol from solver: -0.00000085. Calculated: -0.00000085.
*** WARNING (version #e563127): /home/sek519/warm_starting/vws/../vpc/src/cut/CglVPC.cpp:1280: Term 2 ray 366 does not satisfy the objective cut. Activity: -0.00000085. RHS: 0.00000000. Small enough violation that we only send a warning.
messed up a farkas cofficient
setting all farkas coefficients to 0
messed up a farkas cofficient
setting all farkas coefficients to 0
messed up a farkas cofficient
setting all farkas coefficients to 0
messed up a farkas cofficient
setting all farkas coefficients to 0
messed up a farkas cofficient
setting all farkas coefficients to 0
messed up a farkas cofficient
setting all farkas coefficients to 0
messed up a farkas cofficient
setting all farkas coefficients to 0
messed up a farkas cofficient
setting all farkas coefficients to 0
messed up a farkas cofficient
setting all farkas coefficients to 0
messed up a farkas cofficient
setting all farkas coefficients to 0
messed up a farkas cofficient
setting all farkas coefficients to 0
messed up a farkas cofficient
setting all farkas coefficients to 0
messed up a farkas cofficient
setting all farkas coefficients to 0
messed up a farkas cofficient
setting all farkas coefficients to 0
messed up a farkas cofficient
setting all farkas coefficients to 0
messed up a farkas cofficient
setting all farkas coefficients to 0
messed up a farkas cofficient
setting all farkas coefficients to 0
messed up a farkas cofficient
setting all farkas coefficients to 0
messed up a farkas cofficient
setting all farkas coefficients to 0
messed up a farkas cofficient
setting all farkas coefficients to 0
messed up a farkas cofficient
setting all farkas coefficients to 0
messed up a farkas cofficient
setting all farkas coefficients to 0
*** WARNING (version #e563127): /home/sek519/warm_starting/vws/../vpc/src/utility/nbspace.cpp:368: Ray 34: Calculated dot product with obj differs from solver's. Obj viol from solver: 0.51631790. Calculated: 0.51631778.
*** WARNING (version #e563127): /home/sek519/warm_starting/vws/../vpc/src/utility/nbspace.cpp:368: Ray 271: Calculated dot product with obj differs from solver's. Obj viol from solver: 10.13369806. Calculated: 10.13369819.
*** WARNING (version #e563127): /home/sek519/warm_starting/vws/../vpc/src/utility/nbspace.cpp:368: Ray 274: Calculated dot product with obj differs from solver's. Obj viol from solver: 4.15484681. Calculated: 4.15484667.
*** WARNING (version #e563127): /home/sek519/warm_starting/vws/../vpc/src/utility/nbspace.cpp:368: Ray 279: Calculated dot product with obj differs from solver's. Obj viol from solver: 4.73321951. Calculated: 4.73321936.
*** WARNING (version #e563127): /home/sek519/warm_starting/vws/../vpc/src/utility/nbspace.cpp:368: Ray 284: Calculated dot product with obj differs from solver's. Obj viol from solver: 7.26678049. Calculated: 7.26678064.
*** WARNING (version #e563127): /home/sek519/warm_starting/vws/../vpc/src/utility/nbspace.cpp:368: Ray 290: Calculated dot product with obj differs from solver's. Obj viol from solver: 5.36018682. Calculated: 5.36018669.
*** WARNING (version #e563127): /home/sek519/warm_starting/vws/../vpc/src/utility/nbspace.cpp:368: Ray 461: Calculated dot product with obj differs from solver's. Obj viol from solver: 2.91925793. Calculated: 2.91925808.
*** WARNING (version #e563127): /home/sek519/warm_starting/vws/../vpc/src/utility/nbspace.cpp:368: Ray 523: Calculated dot product with obj differs from solver's. Obj viol from solver: 10.13369806. Calculated: 10.13369819.
*** WARNING (version #e563127): /home/sek519/warm_starting/vws/../vpc/src/utility/nbspace.cpp:368: Ray 540: Calculated dot product with obj differs from solver's. Obj viol from solver: 2.24629392. Calculated: 2.24629379.
*** WARNING (version #e563127): /home/sek519/warm_starting/vws/../vpc/src/utility/nbspace.cpp:368: Ray 541: Calculated dot product with obj differs from solver's. Obj viol from solver: 3.03212231. Calculated: 3.03212218.
*** WARNING (version #e563127): /home/sek519/warm_starting/vws/../vpc/src/utility/nbspace.cpp:368: Ray 543: Calculated dot product with obj differs from solver's. Obj viol from solver: 11.58916006. Calculated: 11.58915993.
*** WARNING (version #e563127): /home/sek519/warm_starting/vws/../vpc/src/utility/nbspace.cpp:368: Ray 701: Calculated dot product with obj differs from solver's. Obj viol from solver: 18.13369806. Calculated: 18.13369819.
*** WARNING (version #e563127): /home/sek519/warm_starting/vws/../vpc/src/utility/nbspace.cpp:368: Ray 708: Calculated dot product with obj differs from solver's. Obj viol from solver: 1.63981318. Calculated: 1.63981331.
*** WARNING (version #e563127): /home/sek519/warm_starting/vws/../vpc/src/utility/nbspace.cpp:368: Ray 714: Calculated dot product with obj differs from solver's. Obj viol from solver: 13.06377190. Calculated: 13.06377203.
*** WARNING (version #e563127): /home/sek519/warm_starting/vws/../vpc/src/utility/nbspace.cpp:368: Ray 716: Calculated dot product with obj differs from solver's. Obj viol from solver: 13.35885221. Calculated: 13.35885232.
*** WARNING (version #e563127): /home/sek519/warm_starting/vws/../vpc/src/utility/nbspace.cpp:368: Ray 722: Calculated dot product with obj differs from solver's. Obj viol from solver: 11.00880676. Calculated: 11.00880689.
*** WARNING (version #e563127): /home/sek519/warm_starting/vws/../vpc/src/utility/nbspace.cpp:368: Ray 888: Calculated dot product with obj differs from solver's. Obj viol from solver: 3.61819700. Calculated: 3.61819714.
*** WARNING (version #e563127): /home/sek519/warm_starting/vws/../vpc/src/utility/nbspace.cpp:368: Ray 1268: Calculated dot product with obj differs from solver's. Obj viol from solver: 0.22255203. Calculated: 0.22255189.
*** WARNING (version #e563127): /home/sek519/warm_starting/vws/../vpc/src/utility/nbspace.cpp:368: Ray 1279: Calculated dot product with obj differs from solver's. Obj viol from solver: 0.92478308. Calculated: 0.92478294.
*** WARNING (version #e563127): /home/sek519/warm_starting/vws/../vpc/src/utility/nbspace.cpp:368: Ray 228: Calculated dot product with obj differs from solver's. Obj viol from solver: 6.58864461. Calculated: 6.58864449.
*** WARNING (version #e563127): /home/sek519/warm_starting/vws/../vpc/src/utility/nbspace.cpp:368: Ray 269: Calculated dot product with obj differs from solver's. Obj viol from solver: 18.33352394. Calculated: 18.33352406.
*** WARNING (version #e563127): /home/sek519/warm_starting/vws/../vpc/src/utility/nbspace.cpp:368: Ray 284: Calculated dot product with obj differs from solver's. Obj viol from solver: 20.86923959. Calculated: 20.86923969.
*** WARNING (version #e563127): /home/sek519/warm_starting/vws/../vpc/src/utility/nbspace.cpp:368: Ray 299: Calculated dot product with obj differs from solver's. Obj viol from solver: 3.53027380. Calculated: 3.53027364.
*** WARNING (version #e563127): /home/sek519/warm_starting/vws/../vpc/src/utility/nbspace.cpp:368: Ray 158: Calculated dot product with obj differs from solver's. Obj viol from solver: 4.33579562. Calculated: 4.33579552.
*** WARNING (version #e563127): /home/sek519/warm_starting/vws/../vpc/src/utility/nbspace.cpp:368: Ray 328: Calculated dot product with obj differs from solver's. Obj viol from solver: 3.16780427. Calculated: 3.16780440.
*** WARNING (version #e563127): /home/sek519/warm_starting/vws/../vpc/src/utility/nbspace.cpp:368: Ray 795: Calculated dot product with obj differs from solver's. Obj viol from solver: 5.16780427. Calculated: 5.16780440.
messed up a farkas cofficient
setting all farkas coefficients to 0
messed up a farkas cofficient
setting all farkas coefficients to 0
messed up a farkas cofficient
setting all farkas coefficients to 0
messed up a farkas cofficient
setting all farkas coefficients to 0
messed up a farkas cofficient
setting all farkas coefficients to 0
messed up a farkas cofficient
setting all farkas coefficients to 0
messed up a farkas cofficient
setting all farkas coefficients to 0
messed up a farkas cofficient
setting all farkas coefficients to 0
messed up a farkas cofficient
setting all farkas coefficients to 0
messed up a farkas cofficient
setting all farkas coefficients to 0
messed up a farkas cofficient
setting all farkas coefficients to 0
messed up a farkas cofficient
setting all farkas coefficients to 0
messed up a farkas cofficient
setting all farkas coefficients to 0
messed up a farkas cofficient
setting all farkas coefficients to 0
messed up a farkas cofficient
setting all farkas coefficients to 0
*** WARNING (version #e563127): /home/sek519/warm_starting/vws/../vpc/src/utility/nbspace.cpp:368: Ray 17: Calculated dot product with obj differs from solver's. Obj viol from solver: 5.87978010. Calculated: 5.87978022.
*** WARNING (version #e563127): /home/sek519/warm_starting/vws/../vpc/src/utility/nbspace.cpp:368: Ray 239: Calculated dot product with obj differs from solver's. Obj viol from solver: 1.12824825. Calculated: 1.12824836.
messed up a farkas cofficient
setting all farkas coefficients to 0
messed up a farkas cofficient
setting all farkas coefficients to 0
messed up a farkas cofficient
setting all farkas coefficients to 0
messed up a farkas cofficient
setting all farkas coefficients to 0
messed up a farkas cofficient
setting all farkas coefficients to 0
messed up a farkas cofficient
setting all farkas coefficients to 0
messed up a farkas cofficient
setting all farkas coefficients to 0
messed up a farkas cofficient
setting all farkas coefficients to 0
messed up a farkas cofficient
setting all farkas coefficients to 0
messed up a farkas cofficient
setting all farkas coefficients to 0
messed up a farkas cofficient
setting all farkas coefficients to 0
messed up a farkas cofficient
setting all farkas coefficients to 0
messed up a farkas cofficient
setting all farkas coefficients to 0
messed up a farkas cofficient
setting all farkas coefficients to 0
messed up a farkas cofficient
setting all farkas coefficients to 0
messed up a farkas cofficient
setting all farkas coefficients to 0
messed up a farkas cofficient
setting all farkas coefficients to 0
