*** WARNING (version #e563127): /home/sek519/warm_starting/vws/../vpc/src/cut/CglVPC.cpp:683: Nonbasic reduced cost should be >= 0 in the complemented nonbasic space. However, for nb var 188 (real var 247), it is -7.454323e-07. Small enough error that we only send warning.
*** WARNING (version #e563127): /home/sek519/warm_starting/vws/../vpc/src/utility/nbspace.cpp:354: Ray 247: dot product with obj < 0. Obj viol from solver: -0.00000075. Calculated: -0.00000075.
*** WARNING (version #e563127): /home/sek519/warm_starting/vws/../vpc/src/cut/CglVPC.cpp:1280: Term 0 ray 188 does not satisfy the objective cut. Activity: -0.00000075. RHS: 0.00000000. Small enough violation that we only send a warning.
messed up a farkas cofficient
setting all farkas coefficients to 0
messed up a farkas cofficient
setting all farkas coefficients to 0
messed up a farkas cofficient
setting all farkas coefficients to 0
*** WARNING (version #e563127): /home/sek519/warm_starting/vws/../vpc/src/utility/nbspace.cpp:368: Ray 89: Calculated dot product with obj differs from solver's. Obj viol from solver: 1.00449831. Calculated: 1.00449820.
*** WARNING (version #e563127): /home/sek519/warm_starting/vws/../vpc/src/utility/nbspace.cpp:368: Ray 99: Calculated dot product with obj differs from solver's. Obj viol from solver: 6.19832995. Calculated: 6.19833008.
*** WARNING (version #e563127): /home/sek519/warm_starting/vws/../vpc/src/utility/nbspace.cpp:368: Ray 269: Calculated dot product with obj differs from solver's. Obj viol from solver: 4.55584116. Calculated: 4.55584127.
*** WARNING (version #e563127): /home/sek519/warm_starting/vws/../vpc/src/utility/nbspace.cpp:368: Ray 479: Calculated dot product with obj differs from solver's. Obj viol from solver: 4.19832995. Calculated: 4.19833008.
*** WARNING (version #e563127): /home/sek519/warm_starting/vws/../vpc/src/utility/nbspace.cpp:368: Ray 500: Calculated dot product with obj differs from solver's. Obj viol from solver: 5.19832995. Calculated: 5.19833008.
*** WARNING (version #e563127): /home/sek519/warm_starting/vws/../vpc/src/utility/nbspace.cpp:368: Ray 636: Calculated dot product with obj differs from solver's. Obj viol from solver: 1.44329397. Calculated: 1.44329386.
*** WARNING (version #e563127): /home/sek519/warm_starting/vws/../vpc/src/utility/nbspace.cpp:368: Ray 977: Calculated dot product with obj differs from solver's. Obj viol from solver: 2.55670603. Calculated: 2.55670614.
messed up a farkas cofficient
setting all farkas coefficients to 0
messed up a farkas cofficient
setting all farkas coefficients to 0
messed up a farkas cofficient
setting all farkas coefficients to 0
messed up a farkas cofficient
setting all farkas coefficients to 0
messed up a farkas cofficient
setting all farkas coefficients to 0
messed up a farkas cofficient
setting all farkas coefficients to 0
messed up a farkas cofficient
setting all farkas coefficients to 0
messed up a farkas cofficient
setting all farkas coefficients to 0
messed up a farkas cofficient
setting all farkas coefficients to 0
messed up a farkas cofficient
setting all farkas coefficients to 0
messed up a farkas cofficient
setting all farkas coefficients to 0
messed up a farkas cofficient
setting all farkas coefficients to 0
messed up a farkas cofficient
setting all farkas coefficients to 0
messed up a farkas cofficient
setting all farkas coefficients to 0
messed up a farkas cofficient
setting all farkas coefficients to 0
messed up a farkas cofficient
setting all farkas coefficients to 0
messed up a farkas cofficient
setting all farkas coefficients to 0
messed up a farkas cofficient
setting all farkas coefficients to 0
messed up a farkas cofficient
setting all farkas coefficients to 0
messed up a farkas cofficient
setting all farkas coefficients to 0
messed up a farkas cofficient
setting all farkas coefficients to 0
*** WARNING (version #e563127): /home/sek519/warm_starting/vws/../vpc/src/utility/nbspace.cpp:368: Ray 253: Calculated dot product with obj differs from solver's. Obj viol from solver: 4.22811007. Calculated: 4.22810995.
*** WARNING (version #e563127): /home/sek519/warm_starting/vws/../vpc/src/utility/nbspace.cpp:368: Ray 304: Calculated dot product with obj differs from solver's. Obj viol from solver: 3.84165514. Calculated: 3.84165526.
