*** Error in `../Release/vws': corrupted size vs. prev_size: 0x0000557bef7998a0 ***
======= Backtrace: =========
/lib/x86_64-linux-gnu/libc.so.6(+0x70bfb)[0x2b2f58de3bfb]
/lib/x86_64-linux-gnu/libc.so.6(+0x76fc6)[0x2b2f58de9fc6]
/lib/x86_64-linux-gnu/libc.so.6(+0x780c1)[0x2b2f58deb0c1]
/home/sek519/warm_starting/vws/../vpc/lib/Cbc-trunk/build/lib/libCoinUtils.so.0(_ZN16CoinPackedMatrix16gutsOfDestructorEv+0x2e)[0x2b2f55b05cee]
/home/sek519/warm_starting/vws/../vpc/lib/Cbc-trunk/build/lib/libCoinUtils.so.0(_ZN16CoinPackedMatrix27resizeForAddingMinorVectorsEPKi+0x4a0)[0x2b2f55b08df0]
/home/sek519/warm_starting/vws/../vpc/lib/Cbc-trunk/build/lib/libCoinUtils.so.0(_ZN16CoinPackedMatrix17appendMinorVectorEiPKiPKd+0xb7)[0x2b2f55b09237]
/home/sek519/warm_starting/vws/../vpc/lib/Cbc-trunk/build/lib/libOsiClp.so.0(_ZN21OsiClpSolverInterface6addRowEiPKiPKddd+0xb0)[0x2b2f55484a90]
../Release/vws(+0xc788b)[0x557bee21288b]
../Release/vws(+0xc9f91)[0x557bee214f91]
../Release/vws(+0x392fe)[0x557bee1842fe]
../Release/vws(+0x3b0f5)[0x557bee1860f5]
../Release/vws(+0x54e9f)[0x557bee19fe9f]
../Release/vws(+0x315d8)[0x557bee17c5d8]
/lib/x86_64-linux-gnu/libc.so.6(__libc_start_main+0xf1)[0x2b2f58d932e1]
../Release/vws(+0x32a11)[0x557bee17da11]
======= Memory map: ========
2b2f553a7000-2b2f553ca000 r-xp 00000000 08:05 527455                     /lib/x86_64-linux-gnu/ld-2.24.so
2b2f553ca000-2b2f553cc000 rw-p 00000000 00:00 0 
2b2f553cc000-2b2f553cf000 r--p 00000000 00:2c 235724777                  /home/sek519/miniconda/envs/vws/lib/libz.so.1.2.13
2b2f553cf000-2b2f553dd000 r-xp 00003000 00:2c 235724777                  /home/sek519/miniconda/envs/vws/lib/libz.so.1.2.13
2b2f553dd000-2b2f553e4000 r--p 00011000 00:2c 235724777                  /home/sek519/miniconda/envs/vws/lib/libz.so.1.2.13
2b2f553e4000-2b2f553e5000 r--p 00017000 00:2c 235724777                  /home/sek519/miniconda/envs/vws/lib/libz.so.1.2.13
2b2f553e5000-2b2f553e6000 rw-p 00018000 00:2c 235724777                  /home/sek519/miniconda/envs/vws/lib/libz.so.1.2.13
2b2f553e6000-2b2f553e8000 r--p 00000000 00:2c 234676138                  /home/sek519/miniconda/envs/vws/lib/libbz2.so.1.0.8
2b2f553e8000-2b2f553f6000 r-xp 00002000 00:2c 234676138                  /home/sek519/miniconda/envs/vws/lib/libbz2.so.1.0.8
2b2f553f6000-2b2f553f8000 r--p 00010000 00:2c 234676138                  /home/sek519/miniconda/envs/vws/lib/libbz2.so.1.0.8
2b2f553f8000-2b2f553f9000 r--p 00011000 00:2c 234676138                  /home/sek519/miniconda/envs/vws/lib/libbz2.so.1.0.8
2b2f553f9000-2b2f553fa000 rw-p 00012000 00:2c 234676138                  /home/sek519/miniconda/envs/vws/lib/libbz2.so.1.0.8
2b2f553fa000-2b2f55412000 r--p 00000000 00:2c 234710701                  /home/sek519/miniconda/envs/vws/lib/libreadline.so.8.1
2b2f55412000-2b2f5543d000 r-xp 00018000 00:2c 234710701                  /home/sek519/miniconda/envs/vws/lib/libreadline.so.8.1
2b2f5543d000-2b2f55447000 r--p 00043000 00:2c 234710701                  /home/sek519/miniconda/envs/vws/lib/libreadline.so.8.1
2b2f55447000-2b2f5544a000 r--p 0004c000 00:2c 234710701                  /home/sek519/miniconda/envs/vws/lib/libreadline.so.8.1
2b2f5544a000-2b2f55450000 rw-p 0004f000 00:2c 234710701                  /home/sek519/miniconda/envs/vws/lib/libreadline.so.8.1
2b2f55450000-2b2f55451000 rw-p 00000000 00:00 0 
2b2f55451000-2b2f55466000 r--p 00000000 00:2c 234489484                  /home/sek519/warm_starting/vpc/lib/Cbc-trunk/build/lib/libOsiClp.so.0.0.0
2b2f55466000-2b2f55496000 r-xp 00015000 00:2c 234489484                  /home/sek519/warm_starting/vpc/lib/Cbc-trunk/build/lib/libOsiClp.so.0.0.0
2b2f55496000-2b2f554a0000 r--p 00045000 00:2c 234489484                  /home/sek519/warm_starting/vpc/lib/Cbc-trunk/build/lib/libOsiClp.so.0.0.0
2b2f554a0000-2b2f554a2000 r--p 0004f000 00:2c 234489484                  /home/sek519/warm_starting/vpc/lib/Cbc-trunk/build/lib/libOsiClp.so.0.0.0
2b2f554a2000-2b2f554a3000 rw-p 00051000 00:2c 234489484                  /home/sek519/warm_starting/vpc/lib/Cbc-trunk/build/lib/libOsiClp.so.0.0.0
2b2f554a3000-2b2f554a5000 rw-p 00000000 00:00 0 
2b2f554a5000-2b2f554cd000 r--p 00000000 00:2c 234489794                  /home/sek519/warm_starting/vpc/lib/Cbc-trunk/build/lib/libCgl.so.0.0.0
2b2f554cd000-2b2f55590000 r-xp 00028000 00:2c 234489794                  /home/sek519/warm_starting/vpc/lib/Cbc-trunk/build/lib/libCgl.so.0.0.0
2b2f55590000-2b2f555b0000 r--p 000eb000 00:2c 234489794                  /home/sek519/warm_starting/vpc/lib/Cbc-trunk/build/lib/libCgl.so.0.0.0
2b2f555b0000-2b2f555b2000 r--p 0010b000 00:2c 234489794                  /home/sek519/warm_starting/vpc/lib/Cbc-trunk/build/lib/libCgl.so.0.0.0
2b2f555b2000-2b2f555b4000 rw-p 0010d000 00:2c 234489794                  /home/sek519/warm_starting/vpc/lib/Cbc-trunk/build/lib/libCgl.so.0.0.0
2b2f555b4000-2b2f555bc000 rw-p 00000000 00:00 0 
2b2f555bc000-2b2f555c3000 r--s 00000000 08:06 1713796                    /usr/lib/x86_64-linux-gnu/gconv/gconv-modules.cache
2b2f555c3000-2b2f555c4000 rw-p 00000000 00:00 0 
2b2f555ca000-2b2f555cb000 r--p 00023000 08:05 527455                     /lib/x86_64-linux-gnu/ld-2.24.so
2b2f555cb000-2b2f555cc000 rw-p 00024000 08:05 527455                     /lib/x86_64-linux-gnu/ld-2.24.so
2b2f555cc000-2b2f555cd000 rw-p 00000000 00:00 0 
2b2f555cd000-2b2f5563b000 r--p 00000000 00:2c 234490095                  /home/sek519/warm_starting/vpc/lib/Cbc-trunk/build/lib/libCbc.so.0.0.0
2b2f5563b000-2b2f55789000 r-xp 0006e000 00:2c 234490095                  /home/sek519/warm_starting/vpc/lib/Cbc-trunk/build/lib/libCbc.so.0.0.0
2b2f55789000-2b2f557d4000 r--p 001bc000 00:2c 234490095                  /home/sek519/warm_starting/vpc/lib/Cbc-trunk/build/lib/libCbc.so.0.0.0
2b2f557d4000-2b2f557e0000 r--p 00207000 00:2c 234490095                  /home/sek519/warm_starting/vpc/lib/Cbc-trunk/build/lib/libCbc.so.0.0.0
2b2f557e0000-2b2f557e4000 rw-p 00213000 00:2c 234490095                  /home/sek519/warm_starting/vpc/lib/Cbc-trunk/build/lib/libCbc.so.0.0.0
2b2f557e4000-2b2f557fc000 r--p 00000000 00:2c 234489204                  /home/sek519/warm_starting/vpc/lib/Cbc-trunk/build/lib/libOsi.so.0.0.0
2b2f557fc000-2b2f5582c000 r-xp 00018000 00:2c 234489204                  /home/sek519/warm_starting/vpc/lib/Cbc-trunk/build/lib/libOsi.so.0.0.0
2b2f5582c000-2b2f55840000 r--p 00048000 00:2c 234489204                  /home/sek519/warm_starting/vpc/lib/Cbc-trunk/build/lib/libOsi.so.0.0.0
2b2f55840000-2b2f55842000 r--p 0005c000 00:2c 234489204                  /home/sek519/warm_starting/vpc/lib/Cbc-trunk/build/lib/libOsi.so.0.0.0
2b2f55842000-2b2f55843000 rw-p 0005e000 00:2c 234489204                  /home/sek519/warm_starting/vpc/lib/Cbc-trunk/build/lib/libOsi.so.0.0.0
2b2f55843000-2b2f55882000 r--p 00000000 00:2c 234489467                  /home/sek519/warm_starting/vpc/lib/Cbc-trunk/build/lib/libClp.so.0.0.0
2b2f55882000-2b2f55a0e000 r-xp 0003f000 00:2c 234489467                  /home/sek519/warm_starting/vpc/lib/Cbc-trunk/build/lib/libClp.so.0.0.0
2b2f55a0e000-2b2f55a51000 r--p 001cb000 00:2c 234489467                  /home/sek519/warm_starting/vpc/lib/Cbc-trunk/build/lib/libClp.so.0.0.0
2b2f55a51000-2b2f55a54000 r--p 0020d000 00:2c 234489467                  /home/sek519/warm_starting/vpc/lib/Cbc-trunk/build/lib/libClp.so.0.0.0
2b2f55a54000-2b2f55a58000 rw-p 00210000 00:2c 234489467                  /home/sek519/warm_starting/vpc/lib/Cbc-trunk/build/lib/libClp.so.0.0.0
2b2f55a58000-2b2f55a92000 r--p 00000000 00:2c 234489064                  /home/sek519/warm_starting/vpc/lib/Cbc-trunk/build/lib/libCoinUtils.so.0.0.0
2b2f55a92000-2b2f55b78000 r-xp 0003a000 00:2c 234489064                  /home/sek519/warm_starting/vpc/lib/Cbc-trunk/build/lib/libCoinUtils.so.0.0.0
2b2f55b78000-2b2f55ba5000 r--p 00120000 00:2c 234489064                  /home/sek519/warm_starting/vpc/lib/Cbc-trunk/build/lib/libCoinUtils.so.0.0.0
2b2f55ba5000-2b2f55ba8000 r--p 0014c000 00:2c 234489064                  /home/sek519/warm_starting/vpc/lib/Cbc-trunk/build/lib/libCoinUtils.so.0.0.0
2b2f55ba8000-2b2f55bab000 rw-p 0014f000 00:2c 234489064                  /home/sek519/warm_starting/vpc/lib/Cbc-trunk/build/lib/libCoinUtils.so.0.0.0
2b2f55bab000-2b2f585ce000 r-xp 00000000 00:2c 234521354                  /home/sek519/miniconda/envs/vws/lib/libgurobi100.so
2b2f585ce000-2b2f587ce000 ---p 02a23000 00:2c 234521354                  /home/sek519/miniconda/envs/vws/lib/libgurobi100.so
2b2f587ce000-2b2f58838000 r--p 02a23000 00:2c 234521354                  /home/sek519/miniconda/envs/vws/lib/libgurobi100.so
2b2f58838000-2b2f5885d000 rw-p 02a8d000 00:2c 234521354                  /home/sek519/miniconda/envs/vws/lib/libgurobi100.so
2b2f5885d000-2b2f5886a000 rw-p 00000000 00:00 0 
2b2f5886a000-2b2f5886d000 rw-p 02bf6000 00:2c 234521354                  /home/sek519/miniconda/envs/vws/lib/libgurobi100.so
2b2f5886d000-2b2f588a2000 r--s 00000000 08:07 130657                     /var/cache/nscd/hosts
2b2f588a2000-2b2f589a5000 r-xp 00000000 08:05 527463                     /lib/x86_64-linux-gnu/libm-2.24.so
2b2f589a5000-2b2f58ba4000 ---p 00103000 08:05 527463                     /lib/x86_64-linux-gnu/libm-2.24.so
2b2f58ba4000-2b2f58ba5000 r--p 00102000 08:05 527463                     /lib/x86_64-linux-gnu/libm-2.24.so
2b2f58ba5000-2b2f58ba6000 rw-p 00103000 08:05 527463                     /lib/x86_64-linux-gnu/libm-2.24.so
2b2f58ba6000-2b2f58c4c000 r--p 00000000 00:2c 235724303                  /home/sek519/miniconda/envs/vws/lib/libstdc++.so.6.0.30
2b2f58c4c000-2b2f58ce0000 r-xp 000a6000 00:2c 235724303                  /home/sek519/miniconda/envs/vws/lib/libstdc++.so.6.0.30
2b2f58ce0000-2b2f58d48000 r--p 0013a000 00:2c 235724303                  /home/sek519/miniconda/envs/vws/lib/libstdc++.so.6.0.30
2b2f58d48000-2b2f58d53000 r--p 001a1000 00:2c 235724303                  /home/sek519/miniconda/envs/vws/lib/libstdc++.so.6.0.30
2b2f58d53000-2b2f58d57000 rw-p 001ac000 00:2c 235724303                  /home/sek519/miniconda/envs/vws/lib/libstdc++.so.6.0.30
2b2f58d57000-2b2f58d5a000 rw-p 00000000 00:00 0 
2b2f58d5a000-2b2f58d5e000 r--p 00000000 00:2c 235727575                  /home/sek519/miniconda/envs/vws/lib/libgcc_s.so.1
2b2f58d5e000-2b2f58d6e000 r-xp 00004000 00:2c 235727575                  /home/sek519/miniconda/envs/vws/lib/libgcc_s.so.1
2b2f58d6e000-2b2f58d71000 r--p 00014000 00:2c 235727575                  /home/sek519/miniconda/envs/vws/lib/libgcc_s.so.1
2b2f58d71000-2b2f58d72000 r--p 00016000 00:2c 235727575                  /home/sek519/miniconda/envs/vws/lib/libgcc_s.so.1
2b2f58d72000-2b2f58d73000 rw-p 00017000 00:2c 235727575                  /home/sek519/miniconda/envs/vws/lib/libgcc_s.so.1
2b2f58d73000-2b2f58f08000 r-xp 00000000 08:05 527459                     /lib/x86_64-linux-gnu/libc-2.24.so
2b2f58f08000-2b2f59108000 ---p 00195000 08:05 527459                     /lib/x86_64-linux-gnu/libc-2.24.so
2b2f59108000-2b2f5910c000 r--p 00195000 08:05 527459                     /lib/x86_64-linux-gnu/libc-2.24.so
2b2f5910c000-2b2f5910e000 rw-p 00199000 08:05 527459                     /lib/x86_64-linux-gnu/libc-2.24.so
2b2f5910e000-2b2f59112000 rw-p 00000000 00:00 0 
2b2f59112000-2b2f59122000 r--p 00000000 00:2c 235728014                  /home/sek519/miniconda/envs/vws/lib/libtinfo.so.6.3
2b2f59122000-2b2f5913c000 r-xp 00010000 00:2c 235728014                  /home/sek519/miniconda/envs/vws/lib/libtinfo.so.6.3
2b2f5913c000-2b2f5914d000 r--p 0002a000 00:2c 235728014                  /home/sek519/miniconda/envs/vws/lib/libtinfo.so.6.3
2b2f5914d000-2b2f59151000 r--p 0003a000 00:2c 235728014                  /home/sek519/miniconda/envs/vws/lib/libtinfo.so.6.3
2b2f59151000-2b2f59152000 rw-p 0003e000 00:2c 235728014                  /home/sek519/miniconda/envs/vws/lib/libtinfo.so.6.3
2b2f59152000-2b2f59159000 r-xp 00000000 08:05 527476                     /lib/x86_64-linux-gnu/librt-2.24.so
2b2f59159000-2b2f59358000 ---p 00007000 08:05 527476                     /lib/x86_64-linux-gnu/librt-2.24.so
2b2f59358000-2b2f59359000 r--p 00006000 08:05 527476                     /lib/x86_64-linux-gnu/librt-2.24.so
2b2f59359000-2b2f5935a000 rw-p 00007000 08:05 527476                     /lib/x86_64-linux-gnu/librt-2.24.so
2b2f5935a000-2b2f59372000 r-xp 00000000 08:05 527474                     /lib/x86_64-linux-gnu/libpthread-2.24.so
2b2f59372000-2b2f59571000 ---p 00018000 08:05 527474                     /lib/x86_64-linux-gnu/libpthread-2.24.so
2b2f59571000-2b2f59572000 r--p 00017000 08:05 527474                     /lib/x86_64-linux-gnu/libpthread-2.24.so
2b2f59572000-2b2f59573000 rw-p 00018000 08:05 527474                     /lib/x86_64-linux-gnu/libpthread-2.24.so
2b2f59573000-2b2f59577000 rw-p 00000000 00:00 0 
2b2f59577000-2b2f59670000 r--p 00000000 00:2c 235427053                  /home/sek519/miniconda/envs/vws/lib/libopenblasp-r0.3.12.so
2b2f59670000-2b2f59671000 r-xp 000f9000 00:2c 235427053                  /home/sek519/miniconda/envs/vws/lib/libopenblasp-r0.3.12.so
2b2f59671000-2b2f59677000 ---p 000fa000 00:2c 235427053                  /home/sek519/miniconda/envs/vws/lib/libopenblasp-r0.3.12.so
2b2f59677000-2b2f5b15a000 r-xp 00100000 00:2c 235427053                  /home/sek519/miniconda/envs/vws/lib/libopenblasp-r0.3.12.so
2b2f5b15a000-2b2f5b32d000 r--p 01be3000 00:2c 235427053                  /home/sek519/miniconda/envs/vws/lib/libopenblasp-r0.3.12.so
2b2f5b32d000-2b2f5b33b000 r--p 01db5000 00:2c 235427053                  /home/sek519/miniconda/envs/vws/lib/libopenblasp-r0.3.12.so
2b2f5b33b000-2b2f5b349000 rw-p 01dc3000 00:2c 235427053                  /home/sek519/miniconda/envs/vws/lib/libopenblasp-r0.3.12.so
2b2f5b349000-2b2f5b35a000 rw-p 00000000 00:00 0 
2b2f5b35a000-2b2f5b35d000 r-xp 00000000 08:05 527462                     /lib/x86_64-linux-gnu/libdl-2.24.so
2b2f5b35d000-2b2f5b55c000 ---p 00003000 08:05 527462                     /lib/x86_64-linux-gnu/libdl-2.24.so
2b2f5b55c000-2b2f5b55d000 r--p 00002000 08:05 527462                     /lib/x86_64-linux-gnu/libdl-2.24.so
2b2f5b55d000-2b2f5b55e000 rw-p 00003000 08:05 527462                     /lib/x86_64-linux-gnu/libdl-2.24.so
2b2f5b55e000-2b2f5b579000 r--p 00000000 00:2c 235723995                  /home/sek519/miniconda/envs/vws/lib/libgfortran.so.4.0.0
2b2f5b579000-2b2f5b668000 r-xp 0001b000 00:2c 235723995                  /home/sek519/miniconda/envs/vws/lib/libgfortran.so.4.0.0
2b2f5b668000-2b2f5b689000 r--p 0010a000 00:2c 235723995                  /home/sek519/miniconda/envs/vws/lib/libgfortran.so.4.0.0
2b2f5b689000-2b2f5b68a000 ---p 0012b000 00:2c 235723995                  /home/sek519/miniconda/envs/vws/lib/libgfortran.so.4.0.0
2b2f5b68a000-2b2f5b68b000 r--p 0012b000 00:2c 235723995                  /home/sek519/miniconda/envs/vws/lib/libgfortran.so.4.0.0
2b2f5b68b000-2b2f5b68c000 rw-p 0012c000 00:2c 235723995                  /home/sek519/miniconda/envs/vws/lib/libgfortran.so.4.0.0
2b2f5b68c000-2b2f5b68d000 rw-p 00000000 00:00 0 
2b2f5b68d000-2b2f5b690000 r--p 00000000 00:2c 235727572                  /home/sek519/miniconda/envs/vws/lib/libquadmath.so.0.0.0
2b2f5b690000-2b2f5b6af000 r-xp 00003000 00:2c 235727572                  /home/sek519/miniconda/envs/vws/lib/libquadmath.so.0.0.0
2b2f5b6af000-2b2f5b6c5000 r--p 00022000 00:2c 235727572                  /home/sek519/miniconda/envs/vws/lib/libquadmath.so.0.0.0
2b2f5b6c5000-2b2f5b6c6000 r--p 00038000 00:2c 235727572                  /home/sek519/miniconda/envs/vws/lib/libquadmath.so.0.0.0
2b2f5b6c6000-2b2f5b6c7000 rw-p 00039000 00:2c 235727572                  /home/sek519/miniconda/envs/vws/lib/libquadmath.so.0.0.0
2b2f5b6c7000-2b2f5b6d9000 rw-p 00000000 00:00 0 
2b2f5b6d9000-2b2f5b6da000 ---p 00000000 00:00 0 
2b2f5b6da000-2b2f5b8da000 rw-p 00000000 00:00 0 
2b2f5b8da000-2b2f5b8db000 ---p 00000000 00:00 0 
2b2f5b8db000-2b2f5badb000 rw-p 00000000 00:00 0 
2b2f5badb000-2b2f5badc000 ---p 00000000 00:00 0 
2b2f5badc000-2b2f5bcdc000 rw-p 00000000 00:00 0 
2b2f5bcdc000-2b2f6bcdc000 rw-p 00000000 00:00 0 
2b2f6bcdc000-2b2f6bcdd000 ---p 00000000 00:00 0 
2b2f6bcdd000-2b2f6bedd000 rw-p 00000000 00:00 0 
2b2f6bedd000-2b2f73edd000 rw-p 00000000 00:00 0 
2b2f73edd000-2b2f73ede000 ---p 00000000 00:00 0 
2b2f73ede000-2b2f740de000 rw-p 00000000 00:00 0 
2b2f740de000-2b2f7c0de000 rw-p 00000000 00:00 0 
2b2f7c0de000-2b2f7c0df000 ---p 00000000 00:00 0 
2b2f7c0df000-2b2f7c2df000 rw-p 00000000 00:00 0 
2b2f7c2df000-2b2f842df000 rw-p 00000000 00:00 0 
2b2f842df000-2b2f842e0000 ---p 00000000 00:00 0 
2b2f842e0000-2b2f844e0000 rw-p 00000000 00:00 0 
2b2f844e0000-2b2f8c4e0000 rw-p 00000000 00:00 0 
2b2f8c4e0000-2b2f8c4e1000 ---p 00000000 00:00 0 
2b2f8c4e1000-2b2f8c6e1000 rw-p 00000000 00:00 0 
2b2f8c6e1000-2b2f946e1000 rw-p 00000000 00:00 0 
2b2f946e1000-2b2f946e2000 ---p 00000000 00:00 0 
2b2f946e2000-2b2f948e2000 rw-p 00000000 00:00 0 
2b2f948e2000-2b2f9c8e2000 rw-p 00000000 00:00 0 
2b2f9c8e2000-2b2f9c8e3000 ---p 00000000 00:00 0 
2b2f9c8e3000-2b2f9cae3000 rw-p 00000000 00:00 0 
2b2f9cae3000-2b2fa4ae3000 rw-p 00000000 00:00 0 
2b2fa4ae3000-2b2fa4ae4000 ---p 00000000 00:00 0 
2b2fa4ae4000-2b2fa4ce4000 rw-p 00000000 00:00 0 
2b2fa4ce4000-2b2fa4ce5000 ---p 00000000 00:00 0 
2b2fa4ce5000-2b2fa4ee5000 rw-p 00000000 00:00 0 
2b2fa4ee5000-2b2fa4ee6000 ---p 00000000 00:00 0 
2b2fa4ee6000-2b2fa50e6000 rw-p 00000000 00:00 0 
2b2fa50e6000-2b2fa50e7000 ---p 00000000 00:00 0 
2b2fa50e7000-2b2fa52e7000 rw-p 00000000 00:00 0 
2b2fa52e7000-2b2fa52e8000 ---p 00000000 00:00 0 
2b2fa52e8000-2b2fa54e8000 rw-p 00000000 00:00 0 
2b2fa54e8000-2b2fd54e8000 rw-p 00000000 00:00 0 
2b2fd54e8000-2b2fd5683000 r--p 00000000 08:06 1703020                    /usr/lib/locale/locale-archive
2b2fd5683000-2b2fd56b8000 r--s 00000000 08:07 129619                     /var/cache/nscd/passwd
2b2fd56b8000-2b2fd56b9000 ---p 00000000 00:00 0 
2b2fd56b9000-2b2fd58b9000 rw-p 00000000 00:00 0 
2b2fd8000000-2b2fd8021000 rw-p 00000000 00:00 0 
2b2fd8021000-2b2fdc000000 ---p 00000000 00:00 0 
557bee14b000-557bee16e000 r--p 00000000 00:2c 234490227                  /home/sek519/warm_starting/vws/Release/vws
557bee16e000-557bee24a000 r-xp 00023000 00:2c 234490227                  /home/sek519/warm_starting/vws/Release/vws
557bee24a000-557bee27f000 r--p 000ff000 00:2c 234490227                  /home/sek519/warm_starting/vws/Release/vws
557bee27f000-557bee285000 r--p 00134000 00:2c 234490227                  /home/sek519/warm_starting/vws/Release/vws
557bee285000-557bee287000 rw-p 0013a000 00:2c 234490227                  /home/sek519/warm_starting/vws/Release/vws
557bef6ac000-557befea8000 rw-p 00000000 00:00 0                          [heap]
7ffd6e7e2000-7ffd6e804000 rw-p 00000000 00:00 0                          [stack]
7ffd6e8ed000-7ffd6e8ef000 r--p 00000000 00:00 0                          [vvar]
7ffd6e8ef000-7ffd6e8f1000 r-xp 00000000 00:00 0                          [vdso]
ffffffffff600000-ffffffffff601000 r-xp 00000000 00:00 0                  [vsyscall]
/var/spool/torque/mom_priv/jobs/1764460.polyp1.ie.lehigh.edu.SC: line 4:  3949 Aborted                 ../Release/vws ${INPUT_FOLDER} ${OUTPUT_FILE} ${MAX_TIME} ${GENERATOR} ${TERMS} ${MIP_SOLVER} ${PROVIDE_PRIMAL_BOUND}
