*** Error in `../Release/vws': double free or corruption (out): 0x0000556f04debfd0 ***
======= Backtrace: =========
/lib/x86_64-linux-gnu/libc.so.6(+0x70bfb)[0x2b13325b4bfb]
/lib/x86_64-linux-gnu/libc.so.6(+0x76fc6)[0x2b13325bafc6]
/lib/x86_64-linux-gnu/libc.so.6(+0x7780e)[0x2b13325bb80e]
/home/sek519/warm_starting/vws/../vpc/lib/Cbc-trunk/build/lib/libCoinUtils.so.0(_ZN16CoinPackedMatrix16gutsOfDestructorEv+0x20)[0x2b132f2d6ce0]
/home/sek519/warm_starting/vws/../vpc/lib/Cbc-trunk/build/lib/libCoinUtils.so.0(_ZN16CoinPackedMatrix27resizeForAddingMinorVectorsEPKi+0x4a0)[0x2b132f2d9df0]
/home/sek519/warm_starting/vws/../vpc/lib/Cbc-trunk/build/lib/libCoinUtils.so.0(_ZN16CoinPackedMatrix17appendMinorVectorEiPKiPKd+0xb7)[0x2b132f2da237]
/home/sek519/warm_starting/vws/../vpc/lib/Cbc-trunk/build/lib/libOsiClp.so.0(_ZN21OsiClpSolverInterface6addRowEiPKiPKddd+0xb0)[0x2b132ec55a90]
../Release/vws(+0xc788b)[0x556f048e288b]
../Release/vws(+0xc9f91)[0x556f048e4f91]
../Release/vws(+0x38bc7)[0x556f04853bc7]
../Release/vws(+0x3ae7e)[0x556f04855e7e]
../Release/vws(+0x54e9f)[0x556f0486fe9f]
../Release/vws(+0x315d8)[0x556f0484c5d8]
/lib/x86_64-linux-gnu/libc.so.6(__libc_start_main+0xf1)[0x2b13325642e1]
../Release/vws(+0x32a11)[0x556f0484da11]
======= Memory map: ========
2b132eb78000-2b132eb9b000 r-xp 00000000 08:05 527455                     /lib/x86_64-linux-gnu/ld-2.24.so
2b132eb9b000-2b132eb9d000 rw-p 00000000 00:00 0 
2b132eb9d000-2b132eba0000 r--p 00000000 00:2c 235724777                  /home/sek519/miniconda/envs/vws/lib/libz.so.1.2.13
2b132eba0000-2b132ebae000 r-xp 00003000 00:2c 235724777                  /home/sek519/miniconda/envs/vws/lib/libz.so.1.2.13
2b132ebae000-2b132ebb5000 r--p 00011000 00:2c 235724777                  /home/sek519/miniconda/envs/vws/lib/libz.so.1.2.13
2b132ebb5000-2b132ebb6000 r--p 00017000 00:2c 235724777                  /home/sek519/miniconda/envs/vws/lib/libz.so.1.2.13
2b132ebb6000-2b132ebb7000 rw-p 00018000 00:2c 235724777                  /home/sek519/miniconda/envs/vws/lib/libz.so.1.2.13
2b132ebb7000-2b132ebb9000 r--p 00000000 00:2c 234676138                  /home/sek519/miniconda/envs/vws/lib/libbz2.so.1.0.8
2b132ebb9000-2b132ebc7000 r-xp 00002000 00:2c 234676138                  /home/sek519/miniconda/envs/vws/lib/libbz2.so.1.0.8
2b132ebc7000-2b132ebc9000 r--p 00010000 00:2c 234676138                  /home/sek519/miniconda/envs/vws/lib/libbz2.so.1.0.8
2b132ebc9000-2b132ebca000 r--p 00011000 00:2c 234676138                  /home/sek519/miniconda/envs/vws/lib/libbz2.so.1.0.8
2b132ebca000-2b132ebcb000 rw-p 00012000 00:2c 234676138                  /home/sek519/miniconda/envs/vws/lib/libbz2.so.1.0.8
2b132ebcb000-2b132ebe3000 r--p 00000000 00:2c 234710701                  /home/sek519/miniconda/envs/vws/lib/libreadline.so.8.1
2b132ebe3000-2b132ec0e000 r-xp 00018000 00:2c 234710701                  /home/sek519/miniconda/envs/vws/lib/libreadline.so.8.1
2b132ec0e000-2b132ec18000 r--p 00043000 00:2c 234710701                  /home/sek519/miniconda/envs/vws/lib/libreadline.so.8.1
2b132ec18000-2b132ec1b000 r--p 0004c000 00:2c 234710701                  /home/sek519/miniconda/envs/vws/lib/libreadline.so.8.1
2b132ec1b000-2b132ec21000 rw-p 0004f000 00:2c 234710701                  /home/sek519/miniconda/envs/vws/lib/libreadline.so.8.1
2b132ec21000-2b132ec22000 rw-p 00000000 00:00 0 
2b132ec22000-2b132ec37000 r--p 00000000 00:2c 234489484                  /home/sek519/warm_starting/vpc/lib/Cbc-trunk/build/lib/libOsiClp.so.0.0.0
2b132ec37000-2b132ec67000 r-xp 00015000 00:2c 234489484                  /home/sek519/warm_starting/vpc/lib/Cbc-trunk/build/lib/libOsiClp.so.0.0.0
2b132ec67000-2b132ec71000 r--p 00045000 00:2c 234489484                  /home/sek519/warm_starting/vpc/lib/Cbc-trunk/build/lib/libOsiClp.so.0.0.0
2b132ec71000-2b132ec73000 r--p 0004f000 00:2c 234489484                  /home/sek519/warm_starting/vpc/lib/Cbc-trunk/build/lib/libOsiClp.so.0.0.0
2b132ec73000-2b132ec74000 rw-p 00051000 00:2c 234489484                  /home/sek519/warm_starting/vpc/lib/Cbc-trunk/build/lib/libOsiClp.so.0.0.0
2b132ec74000-2b132ec76000 rw-p 00000000 00:00 0 
2b132ec76000-2b132ec9e000 r--p 00000000 00:2c 234489794                  /home/sek519/warm_starting/vpc/lib/Cbc-trunk/build/lib/libCgl.so.0.0.0
2b132ec9e000-2b132ed61000 r-xp 00028000 00:2c 234489794                  /home/sek519/warm_starting/vpc/lib/Cbc-trunk/build/lib/libCgl.so.0.0.0
2b132ed61000-2b132ed81000 r--p 000eb000 00:2c 234489794                  /home/sek519/warm_starting/vpc/lib/Cbc-trunk/build/lib/libCgl.so.0.0.0
2b132ed81000-2b132ed83000 r--p 0010b000 00:2c 234489794                  /home/sek519/warm_starting/vpc/lib/Cbc-trunk/build/lib/libCgl.so.0.0.0
2b132ed83000-2b132ed85000 rw-p 0010d000 00:2c 234489794                  /home/sek519/warm_starting/vpc/lib/Cbc-trunk/build/lib/libCgl.so.0.0.0
2b132ed85000-2b132ed8d000 rw-p 00000000 00:00 0 
2b132ed8d000-2b132ed94000 r--s 00000000 08:06 1713796                    /usr/lib/x86_64-linux-gnu/gconv/gconv-modules.cache
2b132ed94000-2b132ed95000 rw-p 00000000 00:00 0 
2b132ed9b000-2b132ed9c000 r--p 00023000 08:05 527455                     /lib/x86_64-linux-gnu/ld-2.24.so
2b132ed9c000-2b132ed9d000 rw-p 00024000 08:05 527455                     /lib/x86_64-linux-gnu/ld-2.24.so
2b132ed9d000-2b132ed9e000 rw-p 00000000 00:00 0 
2b132ed9e000-2b132ee0c000 r--p 00000000 00:2c 234490095                  /home/sek519/warm_starting/vpc/lib/Cbc-trunk/build/lib/libCbc.so.0.0.0
2b132ee0c000-2b132ef5a000 r-xp 0006e000 00:2c 234490095                  /home/sek519/warm_starting/vpc/lib/Cbc-trunk/build/lib/libCbc.so.0.0.0
2b132ef5a000-2b132efa5000 r--p 001bc000 00:2c 234490095                  /home/sek519/warm_starting/vpc/lib/Cbc-trunk/build/lib/libCbc.so.0.0.0
2b132efa5000-2b132efb1000 r--p 00207000 00:2c 234490095                  /home/sek519/warm_starting/vpc/lib/Cbc-trunk/build/lib/libCbc.so.0.0.0
2b132efb1000-2b132efb5000 rw-p 00213000 00:2c 234490095                  /home/sek519/warm_starting/vpc/lib/Cbc-trunk/build/lib/libCbc.so.0.0.0
2b132efb5000-2b132efcd000 r--p 00000000 00:2c 234489204                  /home/sek519/warm_starting/vpc/lib/Cbc-trunk/build/lib/libOsi.so.0.0.0
2b132efcd000-2b132effd000 r-xp 00018000 00:2c 234489204                  /home/sek519/warm_starting/vpc/lib/Cbc-trunk/build/lib/libOsi.so.0.0.0
2b132effd000-2b132f011000 r--p 00048000 00:2c 234489204                  /home/sek519/warm_starting/vpc/lib/Cbc-trunk/build/lib/libOsi.so.0.0.0
2b132f011000-2b132f013000 r--p 0005c000 00:2c 234489204                  /home/sek519/warm_starting/vpc/lib/Cbc-trunk/build/lib/libOsi.so.0.0.0
2b132f013000-2b132f014000 rw-p 0005e000 00:2c 234489204                  /home/sek519/warm_starting/vpc/lib/Cbc-trunk/build/lib/libOsi.so.0.0.0
2b132f014000-2b132f053000 r--p 00000000 00:2c 234489467                  /home/sek519/warm_starting/vpc/lib/Cbc-trunk/build/lib/libClp.so.0.0.0
2b132f053000-2b132f1df000 r-xp 0003f000 00:2c 234489467                  /home/sek519/warm_starting/vpc/lib/Cbc-trunk/build/lib/libClp.so.0.0.0
2b132f1df000-2b132f222000 r--p 001cb000 00:2c 234489467                  /home/sek519/warm_starting/vpc/lib/Cbc-trunk/build/lib/libClp.so.0.0.0
2b132f222000-2b132f225000 r--p 0020d000 00:2c 234489467                  /home/sek519/warm_starting/vpc/lib/Cbc-trunk/build/lib/libClp.so.0.0.0
2b132f225000-2b132f229000 rw-p 00210000 00:2c 234489467                  /home/sek519/warm_starting/vpc/lib/Cbc-trunk/build/lib/libClp.so.0.0.0
2b132f229000-2b132f263000 r--p 00000000 00:2c 234489064                  /home/sek519/warm_starting/vpc/lib/Cbc-trunk/build/lib/libCoinUtils.so.0.0.0
2b132f263000-2b132f349000 r-xp 0003a000 00:2c 234489064                  /home/sek519/warm_starting/vpc/lib/Cbc-trunk/build/lib/libCoinUtils.so.0.0.0
2b132f349000-2b132f376000 r--p 00120000 00:2c 234489064                  /home/sek519/warm_starting/vpc/lib/Cbc-trunk/build/lib/libCoinUtils.so.0.0.0
2b132f376000-2b132f379000 r--p 0014c000 00:2c 234489064                  /home/sek519/warm_starting/vpc/lib/Cbc-trunk/build/lib/libCoinUtils.so.0.0.0
2b132f379000-2b132f37c000 rw-p 0014f000 00:2c 234489064                  /home/sek519/warm_starting/vpc/lib/Cbc-trunk/build/lib/libCoinUtils.so.0.0.0
2b132f37c000-2b1331d9f000 r-xp 00000000 00:2c 234521354                  /home/sek519/miniconda/envs/vws/lib/libgurobi100.so
2b1331d9f000-2b1331f9f000 ---p 02a23000 00:2c 234521354                  /home/sek519/miniconda/envs/vws/lib/libgurobi100.so
2b1331f9f000-2b1332009000 r--p 02a23000 00:2c 234521354                  /home/sek519/miniconda/envs/vws/lib/libgurobi100.so
2b1332009000-2b133202e000 rw-p 02a8d000 00:2c 234521354                  /home/sek519/miniconda/envs/vws/lib/libgurobi100.so
2b133202e000-2b133203b000 rw-p 00000000 00:00 0 
2b133203b000-2b133203e000 rw-p 02bf6000 00:2c 234521354                  /home/sek519/miniconda/envs/vws/lib/libgurobi100.so
2b133203e000-2b1332073000 r--s 00000000 08:07 130657                     /var/cache/nscd/hosts
2b1332073000-2b1332176000 r-xp 00000000 08:05 527463                     /lib/x86_64-linux-gnu/libm-2.24.so
2b1332176000-2b1332375000 ---p 00103000 08:05 527463                     /lib/x86_64-linux-gnu/libm-2.24.so
2b1332375000-2b1332376000 r--p 00102000 08:05 527463                     /lib/x86_64-linux-gnu/libm-2.24.so
2b1332376000-2b1332377000 rw-p 00103000 08:05 527463                     /lib/x86_64-linux-gnu/libm-2.24.so
2b1332377000-2b133241d000 r--p 00000000 00:2c 235724303                  /home/sek519/miniconda/envs/vws/lib/libstdc++.so.6.0.30
2b133241d000-2b13324b1000 r-xp 000a6000 00:2c 235724303                  /home/sek519/miniconda/envs/vws/lib/libstdc++.so.6.0.30
2b13324b1000-2b1332519000 r--p 0013a000 00:2c 235724303                  /home/sek519/miniconda/envs/vws/lib/libstdc++.so.6.0.30
2b1332519000-2b1332524000 r--p 001a1000 00:2c 235724303                  /home/sek519/miniconda/envs/vws/lib/libstdc++.so.6.0.30
2b1332524000-2b1332528000 rw-p 001ac000 00:2c 235724303                  /home/sek519/miniconda/envs/vws/lib/libstdc++.so.6.0.30
2b1332528000-2b133252b000 rw-p 00000000 00:00 0 
2b133252b000-2b133252f000 r--p 00000000 00:2c 235727575                  /home/sek519/miniconda/envs/vws/lib/libgcc_s.so.1
2b133252f000-2b133253f000 r-xp 00004000 00:2c 235727575                  /home/sek519/miniconda/envs/vws/lib/libgcc_s.so.1
2b133253f000-2b1332542000 r--p 00014000 00:2c 235727575                  /home/sek519/miniconda/envs/vws/lib/libgcc_s.so.1
2b1332542000-2b1332543000 r--p 00016000 00:2c 235727575                  /home/sek519/miniconda/envs/vws/lib/libgcc_s.so.1
2b1332543000-2b1332544000 rw-p 00017000 00:2c 235727575                  /home/sek519/miniconda/envs/vws/lib/libgcc_s.so.1
2b1332544000-2b13326d9000 r-xp 00000000 08:05 527459                     /lib/x86_64-linux-gnu/libc-2.24.so
2b13326d9000-2b13328d9000 ---p 00195000 08:05 527459                     /lib/x86_64-linux-gnu/libc-2.24.so
2b13328d9000-2b13328dd000 r--p 00195000 08:05 527459                     /lib/x86_64-linux-gnu/libc-2.24.so
2b13328dd000-2b13328df000 rw-p 00199000 08:05 527459                     /lib/x86_64-linux-gnu/libc-2.24.so
2b13328df000-2b13328e3000 rw-p 00000000 00:00 0 
2b13328e3000-2b13328f3000 r--p 00000000 00:2c 235728014                  /home/sek519/miniconda/envs/vws/lib/libtinfo.so.6.3
2b13328f3000-2b133290d000 r-xp 00010000 00:2c 235728014                  /home/sek519/miniconda/envs/vws/lib/libtinfo.so.6.3
2b133290d000-2b133291e000 r--p 0002a000 00:2c 235728014                  /home/sek519/miniconda/envs/vws/lib/libtinfo.so.6.3
2b133291e000-2b1332922000 r--p 0003a000 00:2c 235728014                  /home/sek519/miniconda/envs/vws/lib/libtinfo.so.6.3
2b1332922000-2b1332923000 rw-p 0003e000 00:2c 235728014                  /home/sek519/miniconda/envs/vws/lib/libtinfo.so.6.3
2b1332923000-2b133292a000 r-xp 00000000 08:05 527476                     /lib/x86_64-linux-gnu/librt-2.24.so
2b133292a000-2b1332b29000 ---p 00007000 08:05 527476                     /lib/x86_64-linux-gnu/librt-2.24.so
2b1332b29000-2b1332b2a000 r--p 00006000 08:05 527476                     /lib/x86_64-linux-gnu/librt-2.24.so
2b1332b2a000-2b1332b2b000 rw-p 00007000 08:05 527476                     /lib/x86_64-linux-gnu/librt-2.24.so
2b1332b2b000-2b1332b43000 r-xp 00000000 08:05 527474                     /lib/x86_64-linux-gnu/libpthread-2.24.so
2b1332b43000-2b1332d42000 ---p 00018000 08:05 527474                     /lib/x86_64-linux-gnu/libpthread-2.24.so
2b1332d42000-2b1332d43000 r--p 00017000 08:05 527474                     /lib/x86_64-linux-gnu/libpthread-2.24.so
2b1332d43000-2b1332d44000 rw-p 00018000 08:05 527474                     /lib/x86_64-linux-gnu/libpthread-2.24.so
2b1332d44000-2b1332d48000 rw-p 00000000 00:00 0 
2b1332d48000-2b1332e41000 r--p 00000000 00:2c 235427053                  /home/sek519/miniconda/envs/vws/lib/libopenblasp-r0.3.12.so
2b1332e41000-2b1332e42000 r-xp 000f9000 00:2c 235427053                  /home/sek519/miniconda/envs/vws/lib/libopenblasp-r0.3.12.so
2b1332e42000-2b1332e48000 ---p 000fa000 00:2c 235427053                  /home/sek519/miniconda/envs/vws/lib/libopenblasp-r0.3.12.so
2b1332e48000-2b133492b000 r-xp 00100000 00:2c 235427053                  /home/sek519/miniconda/envs/vws/lib/libopenblasp-r0.3.12.so
2b133492b000-2b1334afe000 r--p 01be3000 00:2c 235427053                  /home/sek519/miniconda/envs/vws/lib/libopenblasp-r0.3.12.so
2b1334afe000-2b1334b0c000 r--p 01db5000 00:2c 235427053                  /home/sek519/miniconda/envs/vws/lib/libopenblasp-r0.3.12.so
2b1334b0c000-2b1334b1a000 rw-p 01dc3000 00:2c 235427053                  /home/sek519/miniconda/envs/vws/lib/libopenblasp-r0.3.12.so
2b1334b1a000-2b1334b2b000 rw-p 00000000 00:00 0 
2b1334b2b000-2b1334b2e000 r-xp 00000000 08:05 527462                     /lib/x86_64-linux-gnu/libdl-2.24.so
2b1334b2e000-2b1334d2d000 ---p 00003000 08:05 527462                     /lib/x86_64-linux-gnu/libdl-2.24.so
2b1334d2d000-2b1334d2e000 r--p 00002000 08:05 527462                     /lib/x86_64-linux-gnu/libdl-2.24.so
2b1334d2e000-2b1334d2f000 rw-p 00003000 08:05 527462                     /lib/x86_64-linux-gnu/libdl-2.24.so
2b1334d2f000-2b1334d4a000 r--p 00000000 00:2c 235723995                  /home/sek519/miniconda/envs/vws/lib/libgfortran.so.4.0.0
2b1334d4a000-2b1334e39000 r-xp 0001b000 00:2c 235723995                  /home/sek519/miniconda/envs/vws/lib/libgfortran.so.4.0.0
2b1334e39000-2b1334e5a000 r--p 0010a000 00:2c 235723995                  /home/sek519/miniconda/envs/vws/lib/libgfortran.so.4.0.0
2b1334e5a000-2b1334e5b000 ---p 0012b000 00:2c 235723995                  /home/sek519/miniconda/envs/vws/lib/libgfortran.so.4.0.0
2b1334e5b000-2b1334e5c000 r--p 0012b000 00:2c 235723995                  /home/sek519/miniconda/envs/vws/lib/libgfortran.so.4.0.0
2b1334e5c000-2b1334e5d000 rw-p 0012c000 00:2c 235723995                  /home/sek519/miniconda/envs/vws/lib/libgfortran.so.4.0.0
2b1334e5d000-2b1334e5e000 rw-p 00000000 00:00 0 
2b1334e5e000-2b1334e61000 r--p 00000000 00:2c 235727572                  /home/sek519/miniconda/envs/vws/lib/libquadmath.so.0.0.0
2b1334e61000-2b1334e80000 r-xp 00003000 00:2c 235727572                  /home/sek519/miniconda/envs/vws/lib/libquadmath.so.0.0.0
2b1334e80000-2b1334e96000 r--p 00022000 00:2c 235727572                  /home/sek519/miniconda/envs/vws/lib/libquadmath.so.0.0.0
2b1334e96000-2b1334e97000 r--p 00038000 00:2c 235727572                  /home/sek519/miniconda/envs/vws/lib/libquadmath.so.0.0.0
2b1334e97000-2b1334e98000 rw-p 00039000 00:2c 235727572                  /home/sek519/miniconda/envs/vws/lib/libquadmath.so.0.0.0
2b1334e98000-2b1334eaa000 rw-p 00000000 00:00 0 
2b1334eaa000-2b1334eab000 ---p 00000000 00:00 0 
2b1334eab000-2b13350ab000 rw-p 00000000 00:00 0 
2b13350ab000-2b13350ac000 ---p 00000000 00:00 0 
2b13350ac000-2b13352ac000 rw-p 00000000 00:00 0 
2b13352ac000-2b13352ad000 ---p 00000000 00:00 0 
2b13352ad000-2b13354ad000 rw-p 00000000 00:00 0 
2b13354ad000-2b13454ad000 rw-p 00000000 00:00 0 
2b13454ad000-2b13454ae000 ---p 00000000 00:00 0 
2b13454ae000-2b13456ae000 rw-p 00000000 00:00 0 
2b13456ae000-2b134d6ae000 rw-p 00000000 00:00 0 
2b134d6ae000-2b134d6af000 ---p 00000000 00:00 0 
2b134d6af000-2b134d8af000 rw-p 00000000 00:00 0 
2b134d8af000-2b13558af000 rw-p 00000000 00:00 0 
2b13558af000-2b13558b0000 ---p 00000000 00:00 0 
2b13558b0000-2b1355ab0000 rw-p 00000000 00:00 0 
2b1355ab0000-2b135dab0000 rw-p 00000000 00:00 0 
2b135dab0000-2b135dab1000 ---p 00000000 00:00 0 
2b135dab1000-2b135dcb1000 rw-p 00000000 00:00 0 
2b135dcb1000-2b1365cb1000 rw-p 00000000 00:00 0 
2b1365cb1000-2b1365cb2000 ---p 00000000 00:00 0 
2b1365cb2000-2b1365eb2000 rw-p 00000000 00:00 0 
2b1365eb2000-2b136deb2000 rw-p 00000000 00:00 0 
2b136deb2000-2b136deb3000 ---p 00000000 00:00 0 
2b136deb3000-2b136e0b3000 rw-p 00000000 00:00 0 
2b136e0b3000-2b13760b3000 rw-p 00000000 00:00 0 
2b13760b3000-2b13760b4000 ---p 00000000 00:00 0 
2b13760b4000-2b13762b4000 rw-p 00000000 00:00 0 
2b13762b4000-2b137e2b4000 rw-p 00000000 00:00 0 
2b137e2b4000-2b137e2b5000 ---p 00000000 00:00 0 
2b137e2b5000-2b137e4b5000 rw-p 00000000 00:00 0 
2b137e4b5000-2b13864b5000 rw-p 00000000 00:00 0 
2b13864b5000-2b13864b6000 ---p 00000000 00:00 0 
2b13864b6000-2b13866b6000 rw-p 00000000 00:00 0 
2b13866b6000-2b13866b7000 ---p 00000000 00:00 0 
2b13866b7000-2b13868b7000 rw-p 00000000 00:00 0 
2b13868b7000-2b13968b7000 rw-p 00000000 00:00 0 
2b13968b7000-2b13968b8000 ---p 00000000 00:00 0 
2b13968b8000-2b1396ab8000 rw-p 00000000 00:00 0 
2b1396ab8000-2b1396ab9000 ---p 00000000 00:00 0 
2b1396ab9000-2b1396cb9000 rw-p 00000000 00:00 0 
2b1396cb9000-2b13aecb9000 rw-p 00000000 00:00 0 
2b13aecb9000-2b13aee54000 r--p 00000000 08:06 1703020                    /usr/lib/locale/locale-archive
2b13aee54000-2b13aee89000 r--s 00000000 08:07 129619                     /var/cache/nscd/passwd
2b13aee89000-2b13aee8a000 ---p 00000000 00:00 0 
2b13aee8a000-2b13af08a000 rw-p 00000000 00:00 0 
2b13b0000000-2b13b0021000 rw-p 00000000 00:00 0 
2b13b0021000-2b13b4000000 ---p 00000000 00:00 0 
556f0481b000-556f0483e000 r--p 00000000 00:2c 234490227                  /home/sek519/warm_starting/vws/Release/vws
556f0483e000-556f0491a000 r-xp 00023000 00:2c 234490227                  /home/sek519/warm_starting/vws/Release/vws
556f0491a000-556f0494f000 r--p 000ff000 00:2c 234490227                  /home/sek519/warm_starting/vws/Release/vws
556f0494f000-556f04955000 r--p 00134000 00:2c 234490227                  /home/sek519/warm_starting/vws/Release/vws
556f04955000-556f04957000 rw-p 0013a000 00:2c 234490227                  /home/sek519/warm_starting/vws/Release/vws
556f04ae9000-556f0bf3f000 rw-p 00000000 00:00 0                          [heap]
7ffd15bbe000-7ffd15be0000 rw-p 00000000 00:00 0                          [stack]
7ffd15be6000-7ffd15be8000 r--p 00000000 00:00 0                          [vvar]
7ffd15be8000-7ffd15bea000 r-xp 00000000 00:00 0                          [vdso]
ffffffffff600000-ffffffffff601000 r-xp 00000000 00:00 0                  [vsyscall]
/var/spool/torque/mom_priv/jobs/1747622.polyp1.ie.lehigh.edu.SC: line 4:  5809 Aborted                 ../Release/vws ${INPUT_FOLDER} ${OUTPUT_FILE} ${MAX_TIME} ${GENERATOR} ${TERMS} ${MIP_SOLVER} ${PROVIDE_PRIMAL_BOUND}
