*** Error in `../Release/vws': double free or corruption (out): 0x000055c5a82bbce0 ***
======= Backtrace: =========
/lib/x86_64-linux-gnu/libc.so.6(+0x70bfb)[0x2b7e7601bbfb]
/lib/x86_64-linux-gnu/libc.so.6(+0x76fc6)[0x2b7e76021fc6]
/lib/x86_64-linux-gnu/libc.so.6(+0x7780e)[0x2b7e7602280e]
/home/sek519/warm_starting/vws/../vpc/lib/Cbc-trunk/build/lib/libClp.so.0(_Z12resizeDoublePdiidb+0x17d)[0x2b7e72b0f1bd]
/home/sek519/warm_starting/vws/../vpc/lib/Cbc-trunk/build/lib/libClp.so.0(_ZN8ClpModel6resizeEii+0x1114)[0x2b7e72b17b54]
/home/sek519/warm_starting/vws/../vpc/lib/Cbc-trunk/build/lib/libClp.so.0(_ZN10ClpSimplex6resizeEii+0xe)[0x2b7e72b9c77e]
/home/sek519/warm_starting/vws/../vpc/lib/Cbc-trunk/build/lib/libOsiClp.so.0(_ZN21OsiClpSolverInterface6addRowEiPKiPKddd+0x4f)[0x2b7e726c2a2f]
../Release/vws(+0xc788b)[0x55c5a655788b]
../Release/vws(+0xc9f91)[0x55c5a6559f91]
../Release/vws(+0x392fe)[0x55c5a64c92fe]
../Release/vws(+0x3b0f5)[0x55c5a64cb0f5]
../Release/vws(+0x54e9f)[0x55c5a64e4e9f]
../Release/vws(+0x315d8)[0x55c5a64c15d8]
/lib/x86_64-linux-gnu/libc.so.6(__libc_start_main+0xf1)[0x2b7e75fcb2e1]
../Release/vws(+0x32a11)[0x55c5a64c2a11]
======= Memory map: ========
2b7e725e5000-2b7e72608000 r-xp 00000000 08:05 261277                     /lib/x86_64-linux-gnu/ld-2.24.so
2b7e72608000-2b7e7260a000 rw-p 00000000 00:00 0 
2b7e7260a000-2b7e7260d000 r--p 00000000 00:2b 235724777                  /home/sek519/miniconda/envs/vws/lib/libz.so.1.2.13
2b7e7260d000-2b7e7261b000 r-xp 00003000 00:2b 235724777                  /home/sek519/miniconda/envs/vws/lib/libz.so.1.2.13
2b7e7261b000-2b7e72622000 r--p 00011000 00:2b 235724777                  /home/sek519/miniconda/envs/vws/lib/libz.so.1.2.13
2b7e72622000-2b7e72623000 r--p 00017000 00:2b 235724777                  /home/sek519/miniconda/envs/vws/lib/libz.so.1.2.13
2b7e72623000-2b7e72624000 rw-p 00018000 00:2b 235724777                  /home/sek519/miniconda/envs/vws/lib/libz.so.1.2.13
2b7e72624000-2b7e72626000 r--p 00000000 00:2b 234676138                  /home/sek519/miniconda/envs/vws/lib/libbz2.so.1.0.8
2b7e72626000-2b7e72634000 r-xp 00002000 00:2b 234676138                  /home/sek519/miniconda/envs/vws/lib/libbz2.so.1.0.8
2b7e72634000-2b7e72636000 r--p 00010000 00:2b 234676138                  /home/sek519/miniconda/envs/vws/lib/libbz2.so.1.0.8
2b7e72636000-2b7e72637000 r--p 00011000 00:2b 234676138                  /home/sek519/miniconda/envs/vws/lib/libbz2.so.1.0.8
2b7e72637000-2b7e72638000 rw-p 00012000 00:2b 234676138                  /home/sek519/miniconda/envs/vws/lib/libbz2.so.1.0.8
2b7e72638000-2b7e72650000 r--p 00000000 00:2b 234710701                  /home/sek519/miniconda/envs/vws/lib/libreadline.so.8.1
2b7e72650000-2b7e7267b000 r-xp 00018000 00:2b 234710701                  /home/sek519/miniconda/envs/vws/lib/libreadline.so.8.1
2b7e7267b000-2b7e72685000 r--p 00043000 00:2b 234710701                  /home/sek519/miniconda/envs/vws/lib/libreadline.so.8.1
2b7e72685000-2b7e72688000 r--p 0004c000 00:2b 234710701                  /home/sek519/miniconda/envs/vws/lib/libreadline.so.8.1
2b7e72688000-2b7e7268e000 rw-p 0004f000 00:2b 234710701                  /home/sek519/miniconda/envs/vws/lib/libreadline.so.8.1
2b7e7268e000-2b7e7268f000 rw-p 00000000 00:00 0 
2b7e7268f000-2b7e726a4000 r--p 00000000 00:2b 234489484                  /home/sek519/warm_starting/vpc/lib/Cbc-trunk/build/lib/libOsiClp.so.0.0.0
2b7e726a4000-2b7e726d4000 r-xp 00015000 00:2b 234489484                  /home/sek519/warm_starting/vpc/lib/Cbc-trunk/build/lib/libOsiClp.so.0.0.0
2b7e726d4000-2b7e726de000 r--p 00045000 00:2b 234489484                  /home/sek519/warm_starting/vpc/lib/Cbc-trunk/build/lib/libOsiClp.so.0.0.0
2b7e726de000-2b7e726e0000 r--p 0004f000 00:2b 234489484                  /home/sek519/warm_starting/vpc/lib/Cbc-trunk/build/lib/libOsiClp.so.0.0.0
2b7e726e0000-2b7e726e1000 rw-p 00051000 00:2b 234489484                  /home/sek519/warm_starting/vpc/lib/Cbc-trunk/build/lib/libOsiClp.so.0.0.0
2b7e726e1000-2b7e726e3000 rw-p 00000000 00:00 0 
2b7e726e3000-2b7e7270b000 r--p 00000000 00:2b 234489794                  /home/sek519/warm_starting/vpc/lib/Cbc-trunk/build/lib/libCgl.so.0.0.0
2b7e7270b000-2b7e727ce000 r-xp 00028000 00:2b 234489794                  /home/sek519/warm_starting/vpc/lib/Cbc-trunk/build/lib/libCgl.so.0.0.0
2b7e727ce000-2b7e727ee000 r--p 000eb000 00:2b 234489794                  /home/sek519/warm_starting/vpc/lib/Cbc-trunk/build/lib/libCgl.so.0.0.0
2b7e727ee000-2b7e727f0000 r--p 0010b000 00:2b 234489794                  /home/sek519/warm_starting/vpc/lib/Cbc-trunk/build/lib/libCgl.so.0.0.0
2b7e727f0000-2b7e727f2000 rw-p 0010d000 00:2b 234489794                  /home/sek519/warm_starting/vpc/lib/Cbc-trunk/build/lib/libCgl.so.0.0.0
2b7e727f2000-2b7e727fa000 rw-p 00000000 00:00 0 
2b7e727fa000-2b7e72801000 r--s 00000000 08:06 2372323                    /usr/lib/x86_64-linux-gnu/gconv/gconv-modules.cache
2b7e72801000-2b7e72802000 rw-p 00000000 00:00 0 
2b7e72808000-2b7e72809000 r--p 00023000 08:05 261277                     /lib/x86_64-linux-gnu/ld-2.24.so
2b7e72809000-2b7e7280a000 rw-p 00024000 08:05 261277                     /lib/x86_64-linux-gnu/ld-2.24.so
2b7e7280a000-2b7e7280b000 rw-p 00000000 00:00 0 
2b7e7280b000-2b7e72879000 r--p 00000000 00:2b 234490095                  /home/sek519/warm_starting/vpc/lib/Cbc-trunk/build/lib/libCbc.so.0.0.0
2b7e72879000-2b7e729c7000 r-xp 0006e000 00:2b 234490095                  /home/sek519/warm_starting/vpc/lib/Cbc-trunk/build/lib/libCbc.so.0.0.0
2b7e729c7000-2b7e72a12000 r--p 001bc000 00:2b 234490095                  /home/sek519/warm_starting/vpc/lib/Cbc-trunk/build/lib/libCbc.so.0.0.0
2b7e72a12000-2b7e72a1e000 r--p 00207000 00:2b 234490095                  /home/sek519/warm_starting/vpc/lib/Cbc-trunk/build/lib/libCbc.so.0.0.0
2b7e72a1e000-2b7e72a22000 rw-p 00213000 00:2b 234490095                  /home/sek519/warm_starting/vpc/lib/Cbc-trunk/build/lib/libCbc.so.0.0.0
2b7e72a22000-2b7e72a3a000 r--p 00000000 00:2b 234489204                  /home/sek519/warm_starting/vpc/lib/Cbc-trunk/build/lib/libOsi.so.0.0.0
2b7e72a3a000-2b7e72a6a000 r-xp 00018000 00:2b 234489204                  /home/sek519/warm_starting/vpc/lib/Cbc-trunk/build/lib/libOsi.so.0.0.0
2b7e72a6a000-2b7e72a7e000 r--p 00048000 00:2b 234489204                  /home/sek519/warm_starting/vpc/lib/Cbc-trunk/build/lib/libOsi.so.0.0.0
2b7e72a7e000-2b7e72a80000 r--p 0005c000 00:2b 234489204                  /home/sek519/warm_starting/vpc/lib/Cbc-trunk/build/lib/libOsi.so.0.0.0
2b7e72a80000-2b7e72a81000 rw-p 0005e000 00:2b 234489204                  /home/sek519/warm_starting/vpc/lib/Cbc-trunk/build/lib/libOsi.so.0.0.0
2b7e72a81000-2b7e72ac0000 r--p 00000000 00:2b 234489467                  /home/sek519/warm_starting/vpc/lib/Cbc-trunk/build/lib/libClp.so.0.0.0
2b7e72ac0000-2b7e72c4c000 r-xp 0003f000 00:2b 234489467                  /home/sek519/warm_starting/vpc/lib/Cbc-trunk/build/lib/libClp.so.0.0.0
2b7e72c4c000-2b7e72c8f000 r--p 001cb000 00:2b 234489467                  /home/sek519/warm_starting/vpc/lib/Cbc-trunk/build/lib/libClp.so.0.0.0
2b7e72c8f000-2b7e72c92000 r--p 0020d000 00:2b 234489467                  /home/sek519/warm_starting/vpc/lib/Cbc-trunk/build/lib/libClp.so.0.0.0
2b7e72c92000-2b7e72c96000 rw-p 00210000 00:2b 234489467                  /home/sek519/warm_starting/vpc/lib/Cbc-trunk/build/lib/libClp.so.0.0.0
2b7e72c96000-2b7e72cd0000 r--p 00000000 00:2b 234489064                  /home/sek519/warm_starting/vpc/lib/Cbc-trunk/build/lib/libCoinUtils.so.0.0.0
2b7e72cd0000-2b7e72db6000 r-xp 0003a000 00:2b 234489064                  /home/sek519/warm_starting/vpc/lib/Cbc-trunk/build/lib/libCoinUtils.so.0.0.0
2b7e72db6000-2b7e72de3000 r--p 00120000 00:2b 234489064                  /home/sek519/warm_starting/vpc/lib/Cbc-trunk/build/lib/libCoinUtils.so.0.0.0
2b7e72de3000-2b7e72de6000 r--p 0014c000 00:2b 234489064                  /home/sek519/warm_starting/vpc/lib/Cbc-trunk/build/lib/libCoinUtils.so.0.0.0
2b7e72de6000-2b7e72de9000 rw-p 0014f000 00:2b 234489064                  /home/sek519/warm_starting/vpc/lib/Cbc-trunk/build/lib/libCoinUtils.so.0.0.0
2b7e72de9000-2b7e7580c000 r-xp 00000000 00:2b 234521354                  /home/sek519/miniconda/envs/vws/lib/libgurobi100.so
2b7e7580c000-2b7e75a0c000 ---p 02a23000 00:2b 234521354                  /home/sek519/miniconda/envs/vws/lib/libgurobi100.so
2b7e75a0c000-2b7e75a76000 r--p 02a23000 00:2b 234521354                  /home/sek519/miniconda/envs/vws/lib/libgurobi100.so
2b7e75a76000-2b7e75a9b000 rw-p 02a8d000 00:2b 234521354                  /home/sek519/miniconda/envs/vws/lib/libgurobi100.so
2b7e75a9b000-2b7e75aa8000 rw-p 00000000 00:00 0 
2b7e75aa8000-2b7e75aab000 rw-p 02bf6000 00:2b 234521354                  /home/sek519/miniconda/envs/vws/lib/libgurobi100.so
2b7e75ada000-2b7e75bdd000 r-xp 00000000 08:05 261386                     /lib/x86_64-linux-gnu/libm-2.24.so
2b7e75bdd000-2b7e75ddc000 ---p 00103000 08:05 261386                     /lib/x86_64-linux-gnu/libm-2.24.so
2b7e75ddc000-2b7e75ddd000 r--p 00102000 08:05 261386                     /lib/x86_64-linux-gnu/libm-2.24.so
2b7e75ddd000-2b7e75dde000 rw-p 00103000 08:05 261386                     /lib/x86_64-linux-gnu/libm-2.24.so
2b7e75dde000-2b7e75e84000 r--p 00000000 00:2b 235724303                  /home/sek519/miniconda/envs/vws/lib/libstdc++.so.6.0.30
2b7e75e84000-2b7e75f18000 r-xp 000a6000 00:2b 235724303                  /home/sek519/miniconda/envs/vws/lib/libstdc++.so.6.0.30
2b7e75f18000-2b7e75f80000 r--p 0013a000 00:2b 235724303                  /home/sek519/miniconda/envs/vws/lib/libstdc++.so.6.0.30
2b7e75f80000-2b7e75f8b000 r--p 001a1000 00:2b 235724303                  /home/sek519/miniconda/envs/vws/lib/libstdc++.so.6.0.30
2b7e75f8b000-2b7e75f8f000 rw-p 001ac000 00:2b 235724303                  /home/sek519/miniconda/envs/vws/lib/libstdc++.so.6.0.30
2b7e75f8f000-2b7e75f92000 rw-p 00000000 00:00 0 
2b7e75f92000-2b7e75f96000 r--p 00000000 00:2b 235727575                  /home/sek519/miniconda/envs/vws/lib/libgcc_s.so.1
2b7e75f96000-2b7e75fa6000 r-xp 00004000 00:2b 235727575                  /home/sek519/miniconda/envs/vws/lib/libgcc_s.so.1
2b7e75fa6000-2b7e75fa9000 r--p 00014000 00:2b 235727575                  /home/sek519/miniconda/envs/vws/lib/libgcc_s.so.1
2b7e75fa9000-2b7e75faa000 r--p 00016000 00:2b 235727575                  /home/sek519/miniconda/envs/vws/lib/libgcc_s.so.1
2b7e75faa000-2b7e75fab000 rw-p 00017000 00:2b 235727575                  /home/sek519/miniconda/envs/vws/lib/libgcc_s.so.1
2b7e75fab000-2b7e76140000 r-xp 00000000 08:05 261287                     /lib/x86_64-linux-gnu/libc-2.24.so
2b7e76140000-2b7e76340000 ---p 00195000 08:05 261287                     /lib/x86_64-linux-gnu/libc-2.24.so
2b7e76340000-2b7e76344000 r--p 00195000 08:05 261287                     /lib/x86_64-linux-gnu/libc-2.24.so
2b7e76344000-2b7e76346000 rw-p 00199000 08:05 261287                     /lib/x86_64-linux-gnu/libc-2.24.so
2b7e76346000-2b7e7634a000 rw-p 00000000 00:00 0 
2b7e7634a000-2b7e7635a000 r--p 00000000 00:2b 235728014                  /home/sek519/miniconda/envs/vws/lib/libtinfo.so.6.3
2b7e7635a000-2b7e76374000 r-xp 00010000 00:2b 235728014                  /home/sek519/miniconda/envs/vws/lib/libtinfo.so.6.3
2b7e76374000-2b7e76385000 r--p 0002a000 00:2b 235728014                  /home/sek519/miniconda/envs/vws/lib/libtinfo.so.6.3
2b7e76385000-2b7e76389000 r--p 0003a000 00:2b 235728014                  /home/sek519/miniconda/envs/vws/lib/libtinfo.so.6.3
2b7e76389000-2b7e7638a000 rw-p 0003e000 00:2b 235728014                  /home/sek519/miniconda/envs/vws/lib/libtinfo.so.6.3
2b7e7638a000-2b7e76391000 r-xp 00000000 08:05 272302                     /lib/x86_64-linux-gnu/librt-2.24.so
2b7e76391000-2b7e76590000 ---p 00007000 08:05 272302                     /lib/x86_64-linux-gnu/librt-2.24.so
2b7e76590000-2b7e76591000 r--p 00006000 08:05 272302                     /lib/x86_64-linux-gnu/librt-2.24.so
2b7e76591000-2b7e76592000 rw-p 00007000 08:05 272302                     /lib/x86_64-linux-gnu/librt-2.24.so
2b7e76592000-2b7e765aa000 r-xp 00000000 08:05 272300                     /lib/x86_64-linux-gnu/libpthread-2.24.so
2b7e765aa000-2b7e767a9000 ---p 00018000 08:05 272300                     /lib/x86_64-linux-gnu/libpthread-2.24.so
2b7e767a9000-2b7e767aa000 r--p 00017000 08:05 272300                     /lib/x86_64-linux-gnu/libpthread-2.24.so
2b7e767aa000-2b7e767ab000 rw-p 00018000 08:05 272300                     /lib/x86_64-linux-gnu/libpthread-2.24.so
2b7e767ab000-2b7e767af000 rw-p 00000000 00:00 0 
2b7e767af000-2b7e768a8000 r--p 00000000 00:2b 235427053                  /home/sek519/miniconda/envs/vws/lib/libopenblasp-r0.3.12.so
2b7e768a8000-2b7e768a9000 r-xp 000f9000 00:2b 235427053                  /home/sek519/miniconda/envs/vws/lib/libopenblasp-r0.3.12.so
2b7e768a9000-2b7e768af000 ---p 000fa000 00:2b 235427053                  /home/sek519/miniconda/envs/vws/lib/libopenblasp-r0.3.12.so
2b7e768af000-2b7e78392000 r-xp 00100000 00:2b 235427053                  /home/sek519/miniconda/envs/vws/lib/libopenblasp-r0.3.12.so
2b7e78392000-2b7e78565000 r--p 01be3000 00:2b 235427053                  /home/sek519/miniconda/envs/vws/lib/libopenblasp-r0.3.12.so
2b7e78565000-2b7e78573000 r--p 01db5000 00:2b 235427053                  /home/sek519/miniconda/envs/vws/lib/libopenblasp-r0.3.12.so
2b7e78573000-2b7e78581000 rw-p 01dc3000 00:2b 235427053                  /home/sek519/miniconda/envs/vws/lib/libopenblasp-r0.3.12.so
2b7e78581000-2b7e78592000 rw-p 00000000 00:00 0 
2b7e78592000-2b7e78595000 r-xp 00000000 08:05 261384                     /lib/x86_64-linux-gnu/libdl-2.24.so
2b7e78595000-2b7e78794000 ---p 00003000 08:05 261384                     /lib/x86_64-linux-gnu/libdl-2.24.so
2b7e78794000-2b7e78795000 r--p 00002000 08:05 261384                     /lib/x86_64-linux-gnu/libdl-2.24.so
2b7e78795000-2b7e78796000 rw-p 00003000 08:05 261384                     /lib/x86_64-linux-gnu/libdl-2.24.so
2b7e78796000-2b7e787b1000 r--p 00000000 00:2b 235723995                  /home/sek519/miniconda/envs/vws/lib/libgfortran.so.4.0.0
2b7e787b1000-2b7e788a0000 r-xp 0001b000 00:2b 235723995                  /home/sek519/miniconda/envs/vws/lib/libgfortran.so.4.0.0
2b7e788a0000-2b7e788c1000 r--p 0010a000 00:2b 235723995                  /home/sek519/miniconda/envs/vws/lib/libgfortran.so.4.0.0
2b7e788c1000-2b7e788c2000 ---p 0012b000 00:2b 235723995                  /home/sek519/miniconda/envs/vws/lib/libgfortran.so.4.0.0
2b7e788c2000-2b7e788c3000 r--p 0012b000 00:2b 235723995                  /home/sek519/miniconda/envs/vws/lib/libgfortran.so.4.0.0
2b7e788c3000-2b7e788c4000 rw-p 0012c000 00:2b 235723995                  /home/sek519/miniconda/envs/vws/lib/libgfortran.so.4.0.0
2b7e788c4000-2b7e788c5000 rw-p 00000000 00:00 0 
2b7e788c5000-2b7e788c8000 r--p 00000000 00:2b 235727572                  /home/sek519/miniconda/envs/vws/lib/libquadmath.so.0.0.0
2b7e788c8000-2b7e788e7000 r-xp 00003000 00:2b 235727572                  /home/sek519/miniconda/envs/vws/lib/libquadmath.so.0.0.0
2b7e788e7000-2b7e788fd000 r--p 00022000 00:2b 235727572                  /home/sek519/miniconda/envs/vws/lib/libquadmath.so.0.0.0
2b7e788fd000-2b7e788fe000 r--p 00038000 00:2b 235727572                  /home/sek519/miniconda/envs/vws/lib/libquadmath.so.0.0.0
2b7e788fe000-2b7e788ff000 rw-p 00039000 00:2b 235727572                  /home/sek519/miniconda/envs/vws/lib/libquadmath.so.0.0.0
2b7e788ff000-2b7e78911000 rw-p 00000000 00:00 0 
2b7e78911000-2b7e78912000 ---p 00000000 00:00 0 
2b7e78912000-2b7e78b12000 rw-p 00000000 00:00 0 
2b7e78b12000-2b7e78b13000 ---p 00000000 00:00 0 
2b7e78b13000-2b7e78d13000 rw-p 00000000 00:00 0 
2b7e78d13000-2b7e78d14000 ---p 00000000 00:00 0 
2b7e78d14000-2b7e78f14000 rw-p 00000000 00:00 0 
2b7e78f14000-2b7e78f15000 ---p 00000000 00:00 0 
2b7e78f15000-2b7e79115000 rw-p 00000000 00:00 0 
2b7e79115000-2b7e79116000 ---p 00000000 00:00 0 
2b7e79116000-2b7e79316000 rw-p 00000000 00:00 0 
2b7e79316000-2b7e79317000 ---p 00000000 00:00 0 
2b7e79317000-2b7e79517000 rw-p 00000000 00:00 0 
2b7e79517000-2b7e79518000 ---p 00000000 00:00 0 
2b7e79518000-2b7e79718000 rw-p 00000000 00:00 0 
2b7e79718000-2b7e79719000 ---p 00000000 00:00 0 
2b7e79719000-2b7e79919000 rw-p 00000000 00:00 0 
2b7e79919000-2b7e7991a000 ---p 00000000 00:00 0 
2b7e7991a000-2b7e79b1a000 rw-p 00000000 00:00 0 
2b7e79b1a000-2b7e79b1b000 ---p 00000000 00:00 0 
2b7e79b1b000-2b7e79d1b000 rw-p 00000000 00:00 0 
2b7e79d1b000-2b7e79d1c000 ---p 00000000 00:00 0 
2b7e79d1c000-2b7e79f1c000 rw-p 00000000 00:00 0 
2b7e79f1c000-2b7e79f1d000 ---p 00000000 00:00 0 
2b7e79f1d000-2b7e7a11d000 rw-p 00000000 00:00 0 
2b7e7a11d000-2b7e7a11e000 ---p 00000000 00:00 0 
2b7e7a11e000-2b7e7a31e000 rw-p 00000000 00:00 0 
2b7e7a31e000-2b7e7a31f000 ---p 00000000 00:00 0 
2b7e7a31f000-2b7e7a51f000 rw-p 00000000 00:00 0 
2b7e7a51f000-2b7e7a520000 ---p 00000000 00:00 0 
2b7e7a520000-2b7e7a720000 rw-p 00000000 00:00 0 
2b7e7a720000-2b7eb2720000 rw-p 00000000 00:00 0 
2b7eb2720000-2b7eb2755000 r--s 00000000 08:07 391495                     /var/cache/nscd/hosts
2b7eb2755000-2b7eb278a000 r--s 00000000 08:07 391491                     /var/cache/nscd/passwd
2b7eb2821000-2b7ef2821000 rw-p 00000000 00:00 0 
2b7ef2821000-2b7ef29bc000 r--p 00000000 08:06 2368416                    /usr/lib/locale/locale-archive
2b7ef29bc000-2b7ef29bd000 ---p 00000000 00:00 0 
2b7ef29bd000-2b7ef2bbd000 rw-p 00000000 00:00 0 
2b7ef4000000-2b7ef4021000 rw-p 00000000 00:00 0 
2b7ef4021000-2b7ef8000000 ---p 00000000 00:00 0 
55c5a6490000-55c5a64b3000 r--p 00000000 00:2b 234490227                  /home/sek519/warm_starting/vws/Release/vws
55c5a64b3000-55c5a658f000 r-xp 00023000 00:2b 234490227                  /home/sek519/warm_starting/vws/Release/vws
55c5a658f000-55c5a65c4000 r--p 000ff000 00:2b 234490227                  /home/sek519/warm_starting/vws/Release/vws
55c5a65c4000-55c5a65ca000 r--p 00134000 00:2b 234490227                  /home/sek519/warm_starting/vws/Release/vws
55c5a65ca000-55c5a65cc000 rw-p 0013a000 00:2b 234490227                  /home/sek519/warm_starting/vws/Release/vws
55c5a7db9000-55c5af26e000 rw-p 00000000 00:00 0                          [heap]
7ffe9e021000-7ffe9e043000 rw-p 00000000 00:00 0                          [stack]
7ffe9e1c9000-7ffe9e1cb000 r--p 00000000 00:00 0                          [vvar]
7ffe9e1cb000-7ffe9e1cd000 r-xp 00000000 00:00 0                          [vdso]
ffffffffff600000-ffffffffff601000 r-xp 00000000 00:00 0                  [vsyscall]
/var/spool/torque/mom_priv/jobs/1747671.polyp1.ie.lehigh.edu.SC: line 4: 29970 Aborted                 (core dumped) ../Release/vws ${INPUT_FOLDER} ${OUTPUT_FILE} ${MAX_TIME} ${GENERATOR} ${TERMS} ${MIP_SOLVER} ${PROVIDE_PRIMAL_BOUND}
