*** Error in `../Release/vws': munmap_chunk(): invalid pointer: 0x000055ffd25170d0 ***
======= Backtrace: =========
/lib/x86_64-linux-gnu/libc.so.6(+0x70bfb)[0x2ab1a7764bfb]
/lib/x86_64-linux-gnu/libc.so.6(+0x76fc6)[0x2ab1a776afc6]
/home/sek519/warm_starting/vws/../vpc/lib/Cbc-trunk/build/lib/libClp.so.0(_Z12resizeDoublePdiidb+0x17d)[0x2ab1a42531bd]
/home/sek519/warm_starting/vws/../vpc/lib/Cbc-trunk/build/lib/libClp.so.0(_ZN8ClpModel6resizeEii+0x1114)[0x2ab1a425bb54]
/home/sek519/warm_starting/vws/../vpc/lib/Cbc-trunk/build/lib/libClp.so.0(_ZN10ClpSimplex6resizeEii+0xe)[0x2ab1a42e077e]
/home/sek519/warm_starting/vws/../vpc/lib/Cbc-trunk/build/lib/libOsiClp.so.0(_ZN21OsiClpSolverInterface6addRowEiPKiPKddd+0x4f)[0x2ab1a3e06a2f]
../Release/vws(+0xc788b)[0x55ffc489788b]
../Release/vws(+0xc9f91)[0x55ffc4899f91]
../Release/vws(+0x392fe)[0x55ffc48092fe]
../Release/vws(+0x3b0f5)[0x55ffc480b0f5]
../Release/vws(+0x54e9f)[0x55ffc4824e9f]
../Release/vws(+0x315d8)[0x55ffc48015d8]
/lib/x86_64-linux-gnu/libc.so.6(__libc_start_main+0xf1)[0x2ab1a77142e1]
../Release/vws(+0x32a11)[0x55ffc4802a11]
======= Memory map: ========
2ab1a3d29000-2ab1a3d4c000 r-xp 00000000 08:01 921126                     /lib/x86_64-linux-gnu/ld-2.24.so
2ab1a3d4c000-2ab1a3d4e000 rw-p 00000000 00:00 0 
2ab1a3d4e000-2ab1a3d51000 r--p 00000000 00:2c 235724777                  /home/sek519/miniconda/envs/vws/lib/libz.so.1.2.13
2ab1a3d51000-2ab1a3d5f000 r-xp 00003000 00:2c 235724777                  /home/sek519/miniconda/envs/vws/lib/libz.so.1.2.13
2ab1a3d5f000-2ab1a3d66000 r--p 00011000 00:2c 235724777                  /home/sek519/miniconda/envs/vws/lib/libz.so.1.2.13
2ab1a3d66000-2ab1a3d67000 r--p 00017000 00:2c 235724777                  /home/sek519/miniconda/envs/vws/lib/libz.so.1.2.13
2ab1a3d67000-2ab1a3d68000 rw-p 00018000 00:2c 235724777                  /home/sek519/miniconda/envs/vws/lib/libz.so.1.2.13
2ab1a3d68000-2ab1a3d6a000 r--p 00000000 00:2c 234676138                  /home/sek519/miniconda/envs/vws/lib/libbz2.so.1.0.8
2ab1a3d6a000-2ab1a3d78000 r-xp 00002000 00:2c 234676138                  /home/sek519/miniconda/envs/vws/lib/libbz2.so.1.0.8
2ab1a3d78000-2ab1a3d7a000 r--p 00010000 00:2c 234676138                  /home/sek519/miniconda/envs/vws/lib/libbz2.so.1.0.8
2ab1a3d7a000-2ab1a3d7b000 r--p 00011000 00:2c 234676138                  /home/sek519/miniconda/envs/vws/lib/libbz2.so.1.0.8
2ab1a3d7b000-2ab1a3d7c000 rw-p 00012000 00:2c 234676138                  /home/sek519/miniconda/envs/vws/lib/libbz2.so.1.0.8
2ab1a3d7c000-2ab1a3d94000 r--p 00000000 00:2c 234710701                  /home/sek519/miniconda/envs/vws/lib/libreadline.so.8.1
2ab1a3d94000-2ab1a3dbf000 r-xp 00018000 00:2c 234710701                  /home/sek519/miniconda/envs/vws/lib/libreadline.so.8.1
2ab1a3dbf000-2ab1a3dc9000 r--p 00043000 00:2c 234710701                  /home/sek519/miniconda/envs/vws/lib/libreadline.so.8.1
2ab1a3dc9000-2ab1a3dcc000 r--p 0004c000 00:2c 234710701                  /home/sek519/miniconda/envs/vws/lib/libreadline.so.8.1
2ab1a3dcc000-2ab1a3dd2000 rw-p 0004f000 00:2c 234710701                  /home/sek519/miniconda/envs/vws/lib/libreadline.so.8.1
2ab1a3dd2000-2ab1a3dd3000 rw-p 00000000 00:00 0 
2ab1a3dd3000-2ab1a3de8000 r--p 00000000 00:2c 234489484                  /home/sek519/warm_starting/vpc/lib/Cbc-trunk/build/lib/libOsiClp.so.0.0.0
2ab1a3de8000-2ab1a3e18000 r-xp 00015000 00:2c 234489484                  /home/sek519/warm_starting/vpc/lib/Cbc-trunk/build/lib/libOsiClp.so.0.0.0
2ab1a3e18000-2ab1a3e22000 r--p 00045000 00:2c 234489484                  /home/sek519/warm_starting/vpc/lib/Cbc-trunk/build/lib/libOsiClp.so.0.0.0
2ab1a3e22000-2ab1a3e24000 r--p 0004f000 00:2c 234489484                  /home/sek519/warm_starting/vpc/lib/Cbc-trunk/build/lib/libOsiClp.so.0.0.0
2ab1a3e24000-2ab1a3e25000 rw-p 00051000 00:2c 234489484                  /home/sek519/warm_starting/vpc/lib/Cbc-trunk/build/lib/libOsiClp.so.0.0.0
2ab1a3e25000-2ab1a3e27000 rw-p 00000000 00:00 0 
2ab1a3e27000-2ab1a3e4f000 r--p 00000000 00:2c 234489794                  /home/sek519/warm_starting/vpc/lib/Cbc-trunk/build/lib/libCgl.so.0.0.0
2ab1a3e4f000-2ab1a3f12000 r-xp 00028000 00:2c 234489794                  /home/sek519/warm_starting/vpc/lib/Cbc-trunk/build/lib/libCgl.so.0.0.0
2ab1a3f12000-2ab1a3f32000 r--p 000eb000 00:2c 234489794                  /home/sek519/warm_starting/vpc/lib/Cbc-trunk/build/lib/libCgl.so.0.0.0
2ab1a3f32000-2ab1a3f34000 r--p 0010b000 00:2c 234489794                  /home/sek519/warm_starting/vpc/lib/Cbc-trunk/build/lib/libCgl.so.0.0.0
2ab1a3f34000-2ab1a3f36000 rw-p 0010d000 00:2c 234489794                  /home/sek519/warm_starting/vpc/lib/Cbc-trunk/build/lib/libCgl.so.0.0.0
2ab1a3f36000-2ab1a3f3e000 rw-p 00000000 00:00 0 
2ab1a3f3e000-2ab1a3f45000 r--s 00000000 08:02 10239774                   /usr/lib/x86_64-linux-gnu/gconv/gconv-modules.cache
2ab1a3f45000-2ab1a3f46000 rw-p 00000000 00:00 0 
2ab1a3f4c000-2ab1a3f4d000 r--p 00023000 08:01 921126                     /lib/x86_64-linux-gnu/ld-2.24.so
2ab1a3f4d000-2ab1a3f4e000 rw-p 00024000 08:01 921126                     /lib/x86_64-linux-gnu/ld-2.24.so
2ab1a3f4e000-2ab1a3f4f000 rw-p 00000000 00:00 0 
2ab1a3f4f000-2ab1a3fbd000 r--p 00000000 00:2c 234490095                  /home/sek519/warm_starting/vpc/lib/Cbc-trunk/build/lib/libCbc.so.0.0.0
2ab1a3fbd000-2ab1a410b000 r-xp 0006e000 00:2c 234490095                  /home/sek519/warm_starting/vpc/lib/Cbc-trunk/build/lib/libCbc.so.0.0.0
2ab1a410b000-2ab1a4156000 r--p 001bc000 00:2c 234490095                  /home/sek519/warm_starting/vpc/lib/Cbc-trunk/build/lib/libCbc.so.0.0.0
2ab1a4156000-2ab1a4162000 r--p 00207000 00:2c 234490095                  /home/sek519/warm_starting/vpc/lib/Cbc-trunk/build/lib/libCbc.so.0.0.0
2ab1a4162000-2ab1a4166000 rw-p 00213000 00:2c 234490095                  /home/sek519/warm_starting/vpc/lib/Cbc-trunk/build/lib/libCbc.so.0.0.0
2ab1a4166000-2ab1a417e000 r--p 00000000 00:2c 234489204                  /home/sek519/warm_starting/vpc/lib/Cbc-trunk/build/lib/libOsi.so.0.0.0
2ab1a417e000-2ab1a41ae000 r-xp 00018000 00:2c 234489204                  /home/sek519/warm_starting/vpc/lib/Cbc-trunk/build/lib/libOsi.so.0.0.0
2ab1a41ae000-2ab1a41c2000 r--p 00048000 00:2c 234489204                  /home/sek519/warm_starting/vpc/lib/Cbc-trunk/build/lib/libOsi.so.0.0.0
2ab1a41c2000-2ab1a41c4000 r--p 0005c000 00:2c 234489204                  /home/sek519/warm_starting/vpc/lib/Cbc-trunk/build/lib/libOsi.so.0.0.0
2ab1a41c4000-2ab1a41c5000 rw-p 0005e000 00:2c 234489204                  /home/sek519/warm_starting/vpc/lib/Cbc-trunk/build/lib/libOsi.so.0.0.0
2ab1a41c5000-2ab1a4204000 r--p 00000000 00:2c 234489467                  /home/sek519/warm_starting/vpc/lib/Cbc-trunk/build/lib/libClp.so.0.0.0
2ab1a4204000-2ab1a4390000 r-xp 0003f000 00:2c 234489467                  /home/sek519/warm_starting/vpc/lib/Cbc-trunk/build/lib/libClp.so.0.0.0
2ab1a4390000-2ab1a43d3000 r--p 001cb000 00:2c 234489467                  /home/sek519/warm_starting/vpc/lib/Cbc-trunk/build/lib/libClp.so.0.0.0
2ab1a43d3000-2ab1a43d6000 r--p 0020d000 00:2c 234489467                  /home/sek519/warm_starting/vpc/lib/Cbc-trunk/build/lib/libClp.so.0.0.0
2ab1a43d6000-2ab1a43da000 rw-p 00210000 00:2c 234489467                  /home/sek519/warm_starting/vpc/lib/Cbc-trunk/build/lib/libClp.so.0.0.0
2ab1a43da000-2ab1a4414000 r--p 00000000 00:2c 234489064                  /home/sek519/warm_starting/vpc/lib/Cbc-trunk/build/lib/libCoinUtils.so.0.0.0
2ab1a4414000-2ab1a44fa000 r-xp 0003a000 00:2c 234489064                  /home/sek519/warm_starting/vpc/lib/Cbc-trunk/build/lib/libCoinUtils.so.0.0.0
2ab1a44fa000-2ab1a4527000 r--p 00120000 00:2c 234489064                  /home/sek519/warm_starting/vpc/lib/Cbc-trunk/build/lib/libCoinUtils.so.0.0.0
2ab1a4527000-2ab1a452a000 r--p 0014c000 00:2c 234489064                  /home/sek519/warm_starting/vpc/lib/Cbc-trunk/build/lib/libCoinUtils.so.0.0.0
2ab1a452a000-2ab1a452d000 rw-p 0014f000 00:2c 234489064                  /home/sek519/warm_starting/vpc/lib/Cbc-trunk/build/lib/libCoinUtils.so.0.0.0
2ab1a452d000-2ab1a6f50000 r-xp 00000000 00:2c 234521354                  /home/sek519/miniconda/envs/vws/lib/libgurobi100.so
2ab1a6f50000-2ab1a7150000 ---p 02a23000 00:2c 234521354                  /home/sek519/miniconda/envs/vws/lib/libgurobi100.so
2ab1a7150000-2ab1a71ba000 r--p 02a23000 00:2c 234521354                  /home/sek519/miniconda/envs/vws/lib/libgurobi100.so
2ab1a71ba000-2ab1a71df000 rw-p 02a8d000 00:2c 234521354                  /home/sek519/miniconda/envs/vws/lib/libgurobi100.so
2ab1a71df000-2ab1a71ec000 rw-p 00000000 00:00 0 
2ab1a71ec000-2ab1a71ef000 rw-p 02bf6000 00:2c 234521354                  /home/sek519/miniconda/envs/vws/lib/libgurobi100.so
2ab1a7223000-2ab1a7326000 r-xp 00000000 08:01 921181                     /lib/x86_64-linux-gnu/libm-2.24.so
2ab1a7326000-2ab1a7525000 ---p 00103000 08:01 921181                     /lib/x86_64-linux-gnu/libm-2.24.so
2ab1a7525000-2ab1a7526000 r--p 00102000 08:01 921181                     /lib/x86_64-linux-gnu/libm-2.24.so
2ab1a7526000-2ab1a7527000 rw-p 00103000 08:01 921181                     /lib/x86_64-linux-gnu/libm-2.24.so
2ab1a7527000-2ab1a75cd000 r--p 00000000 00:2c 235724303                  /home/sek519/miniconda/envs/vws/lib/libstdc++.so.6.0.30
2ab1a75cd000-2ab1a7661000 r-xp 000a6000 00:2c 235724303                  /home/sek519/miniconda/envs/vws/lib/libstdc++.so.6.0.30
2ab1a7661000-2ab1a76c9000 r--p 0013a000 00:2c 235724303                  /home/sek519/miniconda/envs/vws/lib/libstdc++.so.6.0.30
2ab1a76c9000-2ab1a76d4000 r--p 001a1000 00:2c 235724303                  /home/sek519/miniconda/envs/vws/lib/libstdc++.so.6.0.30
2ab1a76d4000-2ab1a76d8000 rw-p 001ac000 00:2c 235724303                  /home/sek519/miniconda/envs/vws/lib/libstdc++.so.6.0.30
2ab1a76d8000-2ab1a76db000 rw-p 00000000 00:00 0 
2ab1a76db000-2ab1a76df000 r--p 00000000 00:2c 235727575                  /home/sek519/miniconda/envs/vws/lib/libgcc_s.so.1
2ab1a76df000-2ab1a76ef000 r-xp 00004000 00:2c 235727575                  /home/sek519/miniconda/envs/vws/lib/libgcc_s.so.1
2ab1a76ef000-2ab1a76f2000 r--p 00014000 00:2c 235727575                  /home/sek519/miniconda/envs/vws/lib/libgcc_s.so.1
2ab1a76f2000-2ab1a76f3000 r--p 00016000 00:2c 235727575                  /home/sek519/miniconda/envs/vws/lib/libgcc_s.so.1
2ab1a76f3000-2ab1a76f4000 rw-p 00017000 00:2c 235727575                  /home/sek519/miniconda/envs/vws/lib/libgcc_s.so.1
2ab1a76f4000-2ab1a7889000 r-xp 00000000 08:01 921130                     /lib/x86_64-linux-gnu/libc-2.24.so
2ab1a7889000-2ab1a7a89000 ---p 00195000 08:01 921130                     /lib/x86_64-linux-gnu/libc-2.24.so
2ab1a7a89000-2ab1a7a8d000 r--p 00195000 08:01 921130                     /lib/x86_64-linux-gnu/libc-2.24.so
2ab1a7a8d000-2ab1a7a8f000 rw-p 00199000 08:01 921130                     /lib/x86_64-linux-gnu/libc-2.24.so
2ab1a7a8f000-2ab1a7a93000 rw-p 00000000 00:00 0 
2ab1a7a93000-2ab1a7aa3000 r--p 00000000 00:2c 235728014                  /home/sek519/miniconda/envs/vws/lib/libtinfo.so.6.3
2ab1a7aa3000-2ab1a7abd000 r-xp 00010000 00:2c 235728014                  /home/sek519/miniconda/envs/vws/lib/libtinfo.so.6.3
2ab1a7abd000-2ab1a7ace000 r--p 0002a000 00:2c 235728014                  /home/sek519/miniconda/envs/vws/lib/libtinfo.so.6.3
2ab1a7ace000-2ab1a7ad2000 r--p 0003a000 00:2c 235728014                  /home/sek519/miniconda/envs/vws/lib/libtinfo.so.6.3
2ab1a7ad2000-2ab1a7ad3000 rw-p 0003e000 00:2c 235728014                  /home/sek519/miniconda/envs/vws/lib/libtinfo.so.6.3
2ab1a7ad3000-2ab1a7ada000 r-xp 00000000 08:01 921196                     /lib/x86_64-linux-gnu/librt-2.24.so
2ab1a7ada000-2ab1a7cd9000 ---p 00007000 08:01 921196                     /lib/x86_64-linux-gnu/librt-2.24.so
2ab1a7cd9000-2ab1a7cda000 r--p 00006000 08:01 921196                     /lib/x86_64-linux-gnu/librt-2.24.so
2ab1a7cda000-2ab1a7cdb000 rw-p 00007000 08:01 921196                     /lib/x86_64-linux-gnu/librt-2.24.so
2ab1a7cdb000-2ab1a7cf3000 r-xp 00000000 08:01 921194                     /lib/x86_64-linux-gnu/libpthread-2.24.so
2ab1a7cf3000-2ab1a7ef2000 ---p 00018000 08:01 921194                     /lib/x86_64-linux-gnu/libpthread-2.24.so
2ab1a7ef2000-2ab1a7ef3000 r--p 00017000 08:01 921194                     /lib/x86_64-linux-gnu/libpthread-2.24.so
2ab1a7ef3000-2ab1a7ef4000 rw-p 00018000 08:01 921194                     /lib/x86_64-linux-gnu/libpthread-2.24.so
2ab1a7ef4000-2ab1a7ef8000 rw-p 00000000 00:00 0 
2ab1a7ef8000-2ab1a7ff1000 r--p 00000000 00:2c 235427053                  /home/sek519/miniconda/envs/vws/lib/libopenblasp-r0.3.12.so
2ab1a7ff1000-2ab1a7ff2000 r-xp 000f9000 00:2c 235427053                  /home/sek519/miniconda/envs/vws/lib/libopenblasp-r0.3.12.so
2ab1a7ff2000-2ab1a7ff8000 ---p 000fa000 00:2c 235427053                  /home/sek519/miniconda/envs/vws/lib/libopenblasp-r0.3.12.so
2ab1a7ff8000-2ab1a9adb000 r-xp 00100000 00:2c 235427053                  /home/sek519/miniconda/envs/vws/lib/libopenblasp-r0.3.12.so
2ab1a9adb000-2ab1a9cae000 r--p 01be3000 00:2c 235427053                  /home/sek519/miniconda/envs/vws/lib/libopenblasp-r0.3.12.so
2ab1a9cae000-2ab1a9cbc000 r--p 01db5000 00:2c 235427053                  /home/sek519/miniconda/envs/vws/lib/libopenblasp-r0.3.12.so
2ab1a9cbc000-2ab1a9cca000 rw-p 01dc3000 00:2c 235427053                  /home/sek519/miniconda/envs/vws/lib/libopenblasp-r0.3.12.so
2ab1a9cca000-2ab1a9cdb000 rw-p 00000000 00:00 0 
2ab1a9cdb000-2ab1a9cde000 r-xp 00000000 08:01 921138                     /lib/x86_64-linux-gnu/libdl-2.24.so
2ab1a9cde000-2ab1a9edd000 ---p 00003000 08:01 921138                     /lib/x86_64-linux-gnu/libdl-2.24.so
2ab1a9edd000-2ab1a9ede000 r--p 00002000 08:01 921138                     /lib/x86_64-linux-gnu/libdl-2.24.so
2ab1a9ede000-2ab1a9edf000 rw-p 00003000 08:01 921138                     /lib/x86_64-linux-gnu/libdl-2.24.so
2ab1a9edf000-2ab1a9efa000 r--p 00000000 00:2c 235723995                  /home/sek519/miniconda/envs/vws/lib/libgfortran.so.4.0.0
2ab1a9efa000-2ab1a9fe9000 r-xp 0001b000 00:2c 235723995                  /home/sek519/miniconda/envs/vws/lib/libgfortran.so.4.0.0
2ab1a9fe9000-2ab1aa00a000 r--p 0010a000 00:2c 235723995                  /home/sek519/miniconda/envs/vws/lib/libgfortran.so.4.0.0
2ab1aa00a000-2ab1aa00b000 ---p 0012b000 00:2c 235723995                  /home/sek519/miniconda/envs/vws/lib/libgfortran.so.4.0.0
2ab1aa00b000-2ab1aa00c000 r--p 0012b000 00:2c 235723995                  /home/sek519/miniconda/envs/vws/lib/libgfortran.so.4.0.0
2ab1aa00c000-2ab1aa00d000 rw-p 0012c000 00:2c 235723995                  /home/sek519/miniconda/envs/vws/lib/libgfortran.so.4.0.0
2ab1aa00d000-2ab1aa00e000 rw-p 00000000 00:00 0 
2ab1aa00e000-2ab1aa011000 r--p 00000000 00:2c 235727572                  /home/sek519/miniconda/envs/vws/lib/libquadmath.so.0.0.0
2ab1aa011000-2ab1aa030000 r-xp 00003000 00:2c 235727572                  /home/sek519/miniconda/envs/vws/lib/libquadmath.so.0.0.0
2ab1aa030000-2ab1aa046000 r--p 00022000 00:2c 235727572                  /home/sek519/miniconda/envs/vws/lib/libquadmath.so.0.0.0
2ab1aa046000-2ab1aa047000 r--p 00038000 00:2c 235727572                  /home/sek519/miniconda/envs/vws/lib/libquadmath.so.0.0.0
2ab1aa047000-2ab1aa048000 rw-p 00039000 00:2c 235727572                  /home/sek519/miniconda/envs/vws/lib/libquadmath.so.0.0.0
2ab1aa048000-2ab1aa05a000 rw-p 00000000 00:00 0 
2ab1aa05a000-2ab1aa05b000 ---p 00000000 00:00 0 
2ab1aa05b000-2ab1aa25b000 rw-p 00000000 00:00 0 
2ab1aa25b000-2ab1aa25c000 ---p 00000000 00:00 0 
2ab1aa25c000-2ab1aa45c000 rw-p 00000000 00:00 0 
2ab1aa45c000-2ab1aa45d000 ---p 00000000 00:00 0 
2ab1aa45d000-2ab1aa65d000 rw-p 00000000 00:00 0 
2ab1aa65d000-2ab1ba65d000 rw-p 00000000 00:00 0 
2ab1ba65d000-2ab1ba65e000 ---p 00000000 00:00 0 
2ab1ba65e000-2ab1ba85e000 rw-p 00000000 00:00 0 
2ab1ba85e000-2ab1c285e000 rw-p 00000000 00:00 0 
2ab1c285e000-2ab1c285f000 ---p 00000000 00:00 0 
2ab1c285f000-2ab1c2a5f000 rw-p 00000000 00:00 0 
2ab1c2a5f000-2ab1caa5f000 rw-p 00000000 00:00 0 
2ab1caa5f000-2ab1caa60000 ---p 00000000 00:00 0 
2ab1caa60000-2ab1cac60000 rw-p 00000000 00:00 0 
2ab1cac60000-2ab1d2c60000 rw-p 00000000 00:00 0 
2ab1d2c60000-2ab1d2c61000 ---p 00000000 00:00 0 
2ab1d2c61000-2ab1d2e61000 rw-p 00000000 00:00 0 
2ab1d2e61000-2ab1dae61000 rw-p 00000000 00:00 0 
2ab1dae61000-2ab1dae62000 ---p 00000000 00:00 0 
2ab1dae62000-2ab1db062000 rw-p 00000000 00:00 0 
2ab1db062000-2ab1e3062000 rw-p 00000000 00:00 0 
2ab1e3062000-2ab1e3063000 ---p 00000000 00:00 0 
2ab1e3063000-2ab1e3263000 rw-p 00000000 00:00 0 
2ab1e3263000-2ab1eb263000 rw-p 00000000 00:00 0 
2ab1eb263000-2ab1eb264000 ---p 00000000 00:00 0 
2ab1eb264000-2ab1eb464000 rw-p 00000000 00:00 0 
2ab1eb464000-2ab1f3464000 rw-p 00000000 00:00 0 
2ab1f3464000-2ab1f3465000 ---p 00000000 00:00 0 
2ab1f3465000-2ab1f3665000 rw-p 00000000 00:00 0 
2ab1f3665000-2ab1fb665000 rw-p 00000000 00:00 0 
2ab1fb665000-2ab1fb666000 ---p 00000000 00:00 0 
2ab1fb666000-2ab1fb866000 rw-p 00000000 00:00 0 
2ab1fb866000-2ab1fb867000 ---p 00000000 00:00 0 
2ab1fb867000-2ab1fba67000 rw-p 00000000 00:00 0 
2ab1fba67000-2ab1fba68000 ---p 00000000 00:00 0 
2ab1fba68000-2ab1fbc68000 rw-p 00000000 00:00 0 
2ab1fbc68000-2ab1fbc69000 ---p 00000000 00:00 0 
2ab1fbc69000-2ab1fbe69000 rw-p 00000000 00:00 0 
2ab1fbe69000-2ab223e69000 rw-p 00000000 00:00 0 
2ab223e69000-2ab223e9e000 r--s 00000000 08:05 3541953                    /var/cache/nscd/hosts
2ab223e9e000-2ab224039000 r--p 00000000 08:02 10236335                   /usr/lib/locale/locale-archive
2ab224039000-2ab22406e000 r--s 00000000 08:05 3541926                    /var/cache/nscd/passwd
2ab22406e000-2ab22406f000 ---p 00000000 00:00 0 
2ab22406f000-2ab22426f000 rw-p 00000000 00:00 0 
55ffc47d0000-55ffc47f3000 r--p 00000000 00:2c 234490227                  /home/sek519/warm_starting/vws/Release/vws
55ffc47f3000-55ffc48cf000 r-xp 00023000 00:2c 234490227                  /home/sek519/warm_starting/vws/Release/vws
55ffc48cf000-55ffc4904000 r--p 000ff000 00:2c 234490227                  /home/sek519/warm_starting/vws/Release/vws
55ffc4904000-55ffc490a000 r--p 00134000 00:2c 234490227                  /home/sek519/warm_starting/vws/Release/vws
55ffc490a000-55ffc490c000 rw-p 0013a000 00:2c 234490227                  /home/sek519/warm_starting/vws/Release/vws
55ffc631d000-55ffd2584000 rw-p 00000000 00:00 0                          [heap]
7ffc01ebc000-7ffc01ede000 rw-p 00000000 00:00 0                          [stack]
7ffc01f60000-7ffc01f62000 r--p 00000000 00:00 0                          [vvar]
7ffc01f62000-7ffc01f64000 r-xp 00000000 00:00 0                          [vdso]
ffffffffff600000-ffffffffff601000 r-xp 00000000 00:00 0                  [vsyscall]
/var/spool/torque/mom_priv/jobs/1759152.polyp1.ie.lehigh.edu.SC: line 4: 24556 Aborted                 ../Release/vws ${INPUT_FOLDER} ${OUTPUT_FILE} ${MAX_TIME} ${GENERATOR} ${TERMS} ${MIP_SOLVER} ${PROVIDE_PRIMAL_BOUND}
