*** Error in `../Release/vws': corrupted size vs. prev_size: 0x0000559172a3a3f0 ***
======= Backtrace: =========
/lib/x86_64-linux-gnu/libc.so.6(+0x70bfb)[0x2b3443e98bfb]
/lib/x86_64-linux-gnu/libc.so.6(+0x76fc6)[0x2b3443e9efc6]
/lib/x86_64-linux-gnu/libc.so.6(+0x780c1)[0x2b3443ea00c1]
/home/sek519/warm_starting/vws/../vpc/lib/Cbc-trunk/build/lib/libClp.so.0(_ZN10ClpSimplex12gutsOfDeleteEi+0x69)[0x2b3440a0fe19]
/home/sek519/warm_starting/vws/../vpc/lib/Cbc-trunk/build/lib/libClp.so.0(_ZN10ClpSimplex9deleteRimEi+0x97f)[0x2b3440a10a9f]
/home/sek519/warm_starting/vws/../vpc/lib/Cbc-trunk/build/lib/libClp.so.0(_ZN10ClpSimplex6finishEi+0x50)[0x2b3440a10f40]
/home/sek519/warm_starting/vws/../vpc/lib/Cbc-trunk/build/lib/libClp.so.0(_ZN14ClpSimplexDual4dualEii+0x3f2)[0x2b3440a35c92]
/home/sek519/warm_starting/vws/../vpc/lib/Cbc-trunk/build/lib/libClp.so.0(_ZN10ClpSimplex4dualEii+0x5f)[0x2b3440a1a13f]
/home/sek519/warm_starting/vws/../vpc/lib/Cbc-trunk/build/lib/libOsiClp.so.0(_ZN21OsiClpSolverInterface7resolveEv+0x135d)[0x2b34405425dd]
../Release/vws(+0xc79b6)[0x5591524359b6]
../Release/vws(+0xc9f91)[0x559152437f91]
../Release/vws(+0x38bc7)[0x5591523a6bc7]
../Release/vws(+0x3ae7e)[0x5591523a8e7e]
../Release/vws(+0x54e9f)[0x5591523c2e9f]
../Release/vws(+0x315d8)[0x55915239f5d8]
/lib/x86_64-linux-gnu/libc.so.6(__libc_start_main+0xf1)[0x2b3443e482e1]
../Release/vws(+0x32a11)[0x5591523a0a11]
======= Memory map: ========
2b344045c000-2b344047f000 r-xp 00000000 08:05 527455                     /lib/x86_64-linux-gnu/ld-2.24.so
2b344047f000-2b3440481000 rw-p 00000000 00:00 0 
2b3440481000-2b3440484000 r--p 00000000 00:2c 235724777                  /home/sek519/miniconda/envs/vws/lib/libz.so.1.2.13
2b3440484000-2b3440492000 r-xp 00003000 00:2c 235724777                  /home/sek519/miniconda/envs/vws/lib/libz.so.1.2.13
2b3440492000-2b3440499000 r--p 00011000 00:2c 235724777                  /home/sek519/miniconda/envs/vws/lib/libz.so.1.2.13
2b3440499000-2b344049a000 r--p 00017000 00:2c 235724777                  /home/sek519/miniconda/envs/vws/lib/libz.so.1.2.13
2b344049a000-2b344049b000 rw-p 00018000 00:2c 235724777                  /home/sek519/miniconda/envs/vws/lib/libz.so.1.2.13
2b344049b000-2b344049d000 r--p 00000000 00:2c 234676138                  /home/sek519/miniconda/envs/vws/lib/libbz2.so.1.0.8
2b344049d000-2b34404ab000 r-xp 00002000 00:2c 234676138                  /home/sek519/miniconda/envs/vws/lib/libbz2.so.1.0.8
2b34404ab000-2b34404ad000 r--p 00010000 00:2c 234676138                  /home/sek519/miniconda/envs/vws/lib/libbz2.so.1.0.8
2b34404ad000-2b34404ae000 r--p 00011000 00:2c 234676138                  /home/sek519/miniconda/envs/vws/lib/libbz2.so.1.0.8
2b34404ae000-2b34404af000 rw-p 00012000 00:2c 234676138                  /home/sek519/miniconda/envs/vws/lib/libbz2.so.1.0.8
2b34404af000-2b34404c7000 r--p 00000000 00:2c 234710701                  /home/sek519/miniconda/envs/vws/lib/libreadline.so.8.1
2b34404c7000-2b34404f2000 r-xp 00018000 00:2c 234710701                  /home/sek519/miniconda/envs/vws/lib/libreadline.so.8.1
2b34404f2000-2b34404fc000 r--p 00043000 00:2c 234710701                  /home/sek519/miniconda/envs/vws/lib/libreadline.so.8.1
2b34404fc000-2b34404ff000 r--p 0004c000 00:2c 234710701                  /home/sek519/miniconda/envs/vws/lib/libreadline.so.8.1
2b34404ff000-2b3440505000 rw-p 0004f000 00:2c 234710701                  /home/sek519/miniconda/envs/vws/lib/libreadline.so.8.1
2b3440505000-2b3440506000 rw-p 00000000 00:00 0 
2b3440506000-2b344051b000 r--p 00000000 00:2c 234489484                  /home/sek519/warm_starting/vpc/lib/Cbc-trunk/build/lib/libOsiClp.so.0.0.0
2b344051b000-2b344054b000 r-xp 00015000 00:2c 234489484                  /home/sek519/warm_starting/vpc/lib/Cbc-trunk/build/lib/libOsiClp.so.0.0.0
2b344054b000-2b3440555000 r--p 00045000 00:2c 234489484                  /home/sek519/warm_starting/vpc/lib/Cbc-trunk/build/lib/libOsiClp.so.0.0.0
2b3440555000-2b3440557000 r--p 0004f000 00:2c 234489484                  /home/sek519/warm_starting/vpc/lib/Cbc-trunk/build/lib/libOsiClp.so.0.0.0
2b3440557000-2b3440558000 rw-p 00051000 00:2c 234489484                  /home/sek519/warm_starting/vpc/lib/Cbc-trunk/build/lib/libOsiClp.so.0.0.0
2b3440558000-2b344055a000 rw-p 00000000 00:00 0 
2b344055a000-2b3440582000 r--p 00000000 00:2c 234489794                  /home/sek519/warm_starting/vpc/lib/Cbc-trunk/build/lib/libCgl.so.0.0.0
2b3440582000-2b3440645000 r-xp 00028000 00:2c 234489794                  /home/sek519/warm_starting/vpc/lib/Cbc-trunk/build/lib/libCgl.so.0.0.0
2b3440645000-2b3440665000 r--p 000eb000 00:2c 234489794                  /home/sek519/warm_starting/vpc/lib/Cbc-trunk/build/lib/libCgl.so.0.0.0
2b3440665000-2b3440667000 r--p 0010b000 00:2c 234489794                  /home/sek519/warm_starting/vpc/lib/Cbc-trunk/build/lib/libCgl.so.0.0.0
2b3440667000-2b3440669000 rw-p 0010d000 00:2c 234489794                  /home/sek519/warm_starting/vpc/lib/Cbc-trunk/build/lib/libCgl.so.0.0.0
2b3440669000-2b3440671000 rw-p 00000000 00:00 0 
2b3440671000-2b3440678000 r--s 00000000 08:06 1713796                    /usr/lib/x86_64-linux-gnu/gconv/gconv-modules.cache
2b3440678000-2b3440679000 rw-p 00000000 00:00 0 
2b344067f000-2b3440680000 r--p 00023000 08:05 527455                     /lib/x86_64-linux-gnu/ld-2.24.so
2b3440680000-2b3440681000 rw-p 00024000 08:05 527455                     /lib/x86_64-linux-gnu/ld-2.24.so
2b3440681000-2b3440682000 rw-p 00000000 00:00 0 
2b3440682000-2b34406f0000 r--p 00000000 00:2c 234490095                  /home/sek519/warm_starting/vpc/lib/Cbc-trunk/build/lib/libCbc.so.0.0.0
2b34406f0000-2b344083e000 r-xp 0006e000 00:2c 234490095                  /home/sek519/warm_starting/vpc/lib/Cbc-trunk/build/lib/libCbc.so.0.0.0
2b344083e000-2b3440889000 r--p 001bc000 00:2c 234490095                  /home/sek519/warm_starting/vpc/lib/Cbc-trunk/build/lib/libCbc.so.0.0.0
2b3440889000-2b3440895000 r--p 00207000 00:2c 234490095                  /home/sek519/warm_starting/vpc/lib/Cbc-trunk/build/lib/libCbc.so.0.0.0
2b3440895000-2b3440899000 rw-p 00213000 00:2c 234490095                  /home/sek519/warm_starting/vpc/lib/Cbc-trunk/build/lib/libCbc.so.0.0.0
2b3440899000-2b34408b1000 r--p 00000000 00:2c 234489204                  /home/sek519/warm_starting/vpc/lib/Cbc-trunk/build/lib/libOsi.so.0.0.0
2b34408b1000-2b34408e1000 r-xp 00018000 00:2c 234489204                  /home/sek519/warm_starting/vpc/lib/Cbc-trunk/build/lib/libOsi.so.0.0.0
2b34408e1000-2b34408f5000 r--p 00048000 00:2c 234489204                  /home/sek519/warm_starting/vpc/lib/Cbc-trunk/build/lib/libOsi.so.0.0.0
2b34408f5000-2b34408f7000 r--p 0005c000 00:2c 234489204                  /home/sek519/warm_starting/vpc/lib/Cbc-trunk/build/lib/libOsi.so.0.0.0
2b34408f7000-2b34408f8000 rw-p 0005e000 00:2c 234489204                  /home/sek519/warm_starting/vpc/lib/Cbc-trunk/build/lib/libOsi.so.0.0.0
2b34408f8000-2b3440937000 r--p 00000000 00:2c 234489467                  /home/sek519/warm_starting/vpc/lib/Cbc-trunk/build/lib/libClp.so.0.0.0
2b3440937000-2b3440ac3000 r-xp 0003f000 00:2c 234489467                  /home/sek519/warm_starting/vpc/lib/Cbc-trunk/build/lib/libClp.so.0.0.0
2b3440ac3000-2b3440b06000 r--p 001cb000 00:2c 234489467                  /home/sek519/warm_starting/vpc/lib/Cbc-trunk/build/lib/libClp.so.0.0.0
2b3440b06000-2b3440b09000 r--p 0020d000 00:2c 234489467                  /home/sek519/warm_starting/vpc/lib/Cbc-trunk/build/lib/libClp.so.0.0.0
2b3440b09000-2b3440b0d000 rw-p 00210000 00:2c 234489467                  /home/sek519/warm_starting/vpc/lib/Cbc-trunk/build/lib/libClp.so.0.0.0
2b3440b0d000-2b3440b47000 r--p 00000000 00:2c 234489064                  /home/sek519/warm_starting/vpc/lib/Cbc-trunk/build/lib/libCoinUtils.so.0.0.0
2b3440b47000-2b3440c2d000 r-xp 0003a000 00:2c 234489064                  /home/sek519/warm_starting/vpc/lib/Cbc-trunk/build/lib/libCoinUtils.so.0.0.0
2b3440c2d000-2b3440c5a000 r--p 00120000 00:2c 234489064                  /home/sek519/warm_starting/vpc/lib/Cbc-trunk/build/lib/libCoinUtils.so.0.0.0
2b3440c5a000-2b3440c5d000 r--p 0014c000 00:2c 234489064                  /home/sek519/warm_starting/vpc/lib/Cbc-trunk/build/lib/libCoinUtils.so.0.0.0
2b3440c5d000-2b3440c60000 rw-p 0014f000 00:2c 234489064                  /home/sek519/warm_starting/vpc/lib/Cbc-trunk/build/lib/libCoinUtils.so.0.0.0
2b3440c60000-2b3443683000 r-xp 00000000 00:2c 234521354                  /home/sek519/miniconda/envs/vws/lib/libgurobi100.so
2b3443683000-2b3443883000 ---p 02a23000 00:2c 234521354                  /home/sek519/miniconda/envs/vws/lib/libgurobi100.so
2b3443883000-2b34438ed000 r--p 02a23000 00:2c 234521354                  /home/sek519/miniconda/envs/vws/lib/libgurobi100.so
2b34438ed000-2b3443912000 rw-p 02a8d000 00:2c 234521354                  /home/sek519/miniconda/envs/vws/lib/libgurobi100.so
2b3443912000-2b344391f000 rw-p 00000000 00:00 0 
2b344391f000-2b3443922000 rw-p 02bf6000 00:2c 234521354                  /home/sek519/miniconda/envs/vws/lib/libgurobi100.so
2b3443922000-2b3443957000 r--s 00000000 08:07 130657                     /var/cache/nscd/hosts
2b3443957000-2b3443a5a000 r-xp 00000000 08:05 527463                     /lib/x86_64-linux-gnu/libm-2.24.so
2b3443a5a000-2b3443c59000 ---p 00103000 08:05 527463                     /lib/x86_64-linux-gnu/libm-2.24.so
2b3443c59000-2b3443c5a000 r--p 00102000 08:05 527463                     /lib/x86_64-linux-gnu/libm-2.24.so
2b3443c5a000-2b3443c5b000 rw-p 00103000 08:05 527463                     /lib/x86_64-linux-gnu/libm-2.24.so
2b3443c5b000-2b3443d01000 r--p 00000000 00:2c 235724303                  /home/sek519/miniconda/envs/vws/lib/libstdc++.so.6.0.30
2b3443d01000-2b3443d95000 r-xp 000a6000 00:2c 235724303                  /home/sek519/miniconda/envs/vws/lib/libstdc++.so.6.0.30
2b3443d95000-2b3443dfd000 r--p 0013a000 00:2c 235724303                  /home/sek519/miniconda/envs/vws/lib/libstdc++.so.6.0.30
2b3443dfd000-2b3443e08000 r--p 001a1000 00:2c 235724303                  /home/sek519/miniconda/envs/vws/lib/libstdc++.so.6.0.30
2b3443e08000-2b3443e0c000 rw-p 001ac000 00:2c 235724303                  /home/sek519/miniconda/envs/vws/lib/libstdc++.so.6.0.30
2b3443e0c000-2b3443e0f000 rw-p 00000000 00:00 0 
2b3443e0f000-2b3443e13000 r--p 00000000 00:2c 235727575                  /home/sek519/miniconda/envs/vws/lib/libgcc_s.so.1
2b3443e13000-2b3443e23000 r-xp 00004000 00:2c 235727575                  /home/sek519/miniconda/envs/vws/lib/libgcc_s.so.1
2b3443e23000-2b3443e26000 r--p 00014000 00:2c 235727575                  /home/sek519/miniconda/envs/vws/lib/libgcc_s.so.1
2b3443e26000-2b3443e27000 r--p 00016000 00:2c 235727575                  /home/sek519/miniconda/envs/vws/lib/libgcc_s.so.1
2b3443e27000-2b3443e28000 rw-p 00017000 00:2c 235727575                  /home/sek519/miniconda/envs/vws/lib/libgcc_s.so.1
2b3443e28000-2b3443fbd000 r-xp 00000000 08:05 527459                     /lib/x86_64-linux-gnu/libc-2.24.so
2b3443fbd000-2b34441bd000 ---p 00195000 08:05 527459                     /lib/x86_64-linux-gnu/libc-2.24.so
2b34441bd000-2b34441c1000 r--p 00195000 08:05 527459                     /lib/x86_64-linux-gnu/libc-2.24.so
2b34441c1000-2b34441c3000 rw-p 00199000 08:05 527459                     /lib/x86_64-linux-gnu/libc-2.24.so
2b34441c3000-2b34441c7000 rw-p 00000000 00:00 0 
2b34441c7000-2b34441d7000 r--p 00000000 00:2c 235728014                  /home/sek519/miniconda/envs/vws/lib/libtinfo.so.6.3
2b34441d7000-2b34441f1000 r-xp 00010000 00:2c 235728014                  /home/sek519/miniconda/envs/vws/lib/libtinfo.so.6.3
2b34441f1000-2b3444202000 r--p 0002a000 00:2c 235728014                  /home/sek519/miniconda/envs/vws/lib/libtinfo.so.6.3
2b3444202000-2b3444206000 r--p 0003a000 00:2c 235728014                  /home/sek519/miniconda/envs/vws/lib/libtinfo.so.6.3
2b3444206000-2b3444207000 rw-p 0003e000 00:2c 235728014                  /home/sek519/miniconda/envs/vws/lib/libtinfo.so.6.3
2b3444207000-2b344420e000 r-xp 00000000 08:05 527476                     /lib/x86_64-linux-gnu/librt-2.24.so
2b344420e000-2b344440d000 ---p 00007000 08:05 527476                     /lib/x86_64-linux-gnu/librt-2.24.so
2b344440d000-2b344440e000 r--p 00006000 08:05 527476                     /lib/x86_64-linux-gnu/librt-2.24.so
2b344440e000-2b344440f000 rw-p 00007000 08:05 527476                     /lib/x86_64-linux-gnu/librt-2.24.so
2b344440f000-2b3444427000 r-xp 00000000 08:05 527474                     /lib/x86_64-linux-gnu/libpthread-2.24.so
2b3444427000-2b3444626000 ---p 00018000 08:05 527474                     /lib/x86_64-linux-gnu/libpthread-2.24.so
2b3444626000-2b3444627000 r--p 00017000 08:05 527474                     /lib/x86_64-linux-gnu/libpthread-2.24.so
2b3444627000-2b3444628000 rw-p 00018000 08:05 527474                     /lib/x86_64-linux-gnu/libpthread-2.24.so
2b3444628000-2b344462c000 rw-p 00000000 00:00 0 
2b344462c000-2b3444725000 r--p 00000000 00:2c 235427053                  /home/sek519/miniconda/envs/vws/lib/libopenblasp-r0.3.12.so
2b3444725000-2b3444726000 r-xp 000f9000 00:2c 235427053                  /home/sek519/miniconda/envs/vws/lib/libopenblasp-r0.3.12.so
2b3444726000-2b344472c000 ---p 000fa000 00:2c 235427053                  /home/sek519/miniconda/envs/vws/lib/libopenblasp-r0.3.12.so
2b344472c000-2b344620f000 r-xp 00100000 00:2c 235427053                  /home/sek519/miniconda/envs/vws/lib/libopenblasp-r0.3.12.so
2b344620f000-2b34463e2000 r--p 01be3000 00:2c 235427053                  /home/sek519/miniconda/envs/vws/lib/libopenblasp-r0.3.12.so
2b34463e2000-2b34463f0000 r--p 01db5000 00:2c 235427053                  /home/sek519/miniconda/envs/vws/lib/libopenblasp-r0.3.12.so
2b34463f0000-2b34463fe000 rw-p 01dc3000 00:2c 235427053                  /home/sek519/miniconda/envs/vws/lib/libopenblasp-r0.3.12.so
2b34463fe000-2b344640f000 rw-p 00000000 00:00 0 
2b344640f000-2b3446412000 r-xp 00000000 08:05 527462                     /lib/x86_64-linux-gnu/libdl-2.24.so
2b3446412000-2b3446611000 ---p 00003000 08:05 527462                     /lib/x86_64-linux-gnu/libdl-2.24.so
2b3446611000-2b3446612000 r--p 00002000 08:05 527462                     /lib/x86_64-linux-gnu/libdl-2.24.so
2b3446612000-2b3446613000 rw-p 00003000 08:05 527462                     /lib/x86_64-linux-gnu/libdl-2.24.so
2b3446613000-2b344662e000 r--p 00000000 00:2c 235723995                  /home/sek519/miniconda/envs/vws/lib/libgfortran.so.4.0.0
2b344662e000-2b344671d000 r-xp 0001b000 00:2c 235723995                  /home/sek519/miniconda/envs/vws/lib/libgfortran.so.4.0.0
2b344671d000-2b344673e000 r--p 0010a000 00:2c 235723995                  /home/sek519/miniconda/envs/vws/lib/libgfortran.so.4.0.0
2b344673e000-2b344673f000 ---p 0012b000 00:2c 235723995                  /home/sek519/miniconda/envs/vws/lib/libgfortran.so.4.0.0
2b344673f000-2b3446740000 r--p 0012b000 00:2c 235723995                  /home/sek519/miniconda/envs/vws/lib/libgfortran.so.4.0.0
2b3446740000-2b3446741000 rw-p 0012c000 00:2c 235723995                  /home/sek519/miniconda/envs/vws/lib/libgfortran.so.4.0.0
2b3446741000-2b3446742000 rw-p 00000000 00:00 0 
2b3446742000-2b3446745000 r--p 00000000 00:2c 235727572                  /home/sek519/miniconda/envs/vws/lib/libquadmath.so.0.0.0
2b3446745000-2b3446764000 r-xp 00003000 00:2c 235727572                  /home/sek519/miniconda/envs/vws/lib/libquadmath.so.0.0.0
2b3446764000-2b344677a000 r--p 00022000 00:2c 235727572                  /home/sek519/miniconda/envs/vws/lib/libquadmath.so.0.0.0
2b344677a000-2b344677b000 r--p 00038000 00:2c 235727572                  /home/sek519/miniconda/envs/vws/lib/libquadmath.so.0.0.0
2b344677b000-2b344677c000 rw-p 00039000 00:2c 235727572                  /home/sek519/miniconda/envs/vws/lib/libquadmath.so.0.0.0
2b344677c000-2b344678e000 rw-p 00000000 00:00 0 
2b344678e000-2b344678f000 ---p 00000000 00:00 0 
2b344678f000-2b344698f000 rw-p 00000000 00:00 0 
2b344698f000-2b3446990000 ---p 00000000 00:00 0 
2b3446990000-2b3446b90000 rw-p 00000000 00:00 0 
2b3446b90000-2b3456b90000 rw-p 00000000 00:00 0 
2b3456b90000-2b3456b91000 ---p 00000000 00:00 0 
2b3456b91000-2b3456d91000 rw-p 00000000 00:00 0 
2b3456d91000-2b3456d92000 ---p 00000000 00:00 0 
2b3456d92000-2b3456f92000 rw-p 00000000 00:00 0 
2b3456f92000-2b345ef92000 rw-p 00000000 00:00 0 
2b345ef92000-2b345ef93000 ---p 00000000 00:00 0 
2b345ef93000-2b345f193000 rw-p 00000000 00:00 0 
2b345f193000-2b3467193000 rw-p 00000000 00:00 0 
2b3467193000-2b3467194000 ---p 00000000 00:00 0 
2b3467194000-2b3467394000 rw-p 00000000 00:00 0 
2b3467394000-2b346f394000 rw-p 00000000 00:00 0 
2b346f394000-2b346f395000 ---p 00000000 00:00 0 
2b346f395000-2b346f595000 rw-p 00000000 00:00 0 
2b346f595000-2b3477595000 rw-p 00000000 00:00 0 
2b3477595000-2b3477596000 ---p 00000000 00:00 0 
2b3477596000-2b3477796000 rw-p 00000000 00:00 0 
2b3477796000-2b347f796000 rw-p 00000000 00:00 0 
2b347f796000-2b347f797000 ---p 00000000 00:00 0 
2b347f797000-2b347f997000 rw-p 00000000 00:00 0 
2b347f997000-2b3487997000 rw-p 00000000 00:00 0 
2b3487997000-2b3487998000 ---p 00000000 00:00 0 
2b3487998000-2b3487b98000 rw-p 00000000 00:00 0 
2b3487b98000-2b3487b99000 ---p 00000000 00:00 0 
2b3487b99000-2b3487d99000 rw-p 00000000 00:00 0 
2b3487d99000-2b3497d99000 rw-p 00000000 00:00 0 
2b3497d99000-2b3497d9a000 ---p 00000000 00:00 0 
2b3497d9a000-2b3497f9a000 rw-p 00000000 00:00 0 
2b3497f9a000-2b3497f9b000 ---p 00000000 00:00 0 
2b3497f9b000-2b349819b000 rw-p 00000000 00:00 0 
2b349819b000-2b34a019b000 rw-p 00000000 00:00 0 
2b34a019b000-2b34a019c000 ---p 00000000 00:00 0 
2b34a019c000-2b34a039c000 rw-p 00000000 00:00 0 
2b34a039c000-2b34a839c000 rw-p 00000000 00:00 0 
2b34a839c000-2b34a839d000 ---p 00000000 00:00 0 
2b34a839d000-2b34a859d000 rw-p 00000000 00:00 0 
2b34a859d000-2b34b859d000 rw-p 00000000 00:00 0 
2b34b859d000-2b34b85d2000 r--s 00000000 08:07 129619                     /var/cache/nscd/passwd
2b34b869e000-2b34c069e000 rw-p 00000000 00:00 0 
2b34c069e000-2b34c0839000 r--p 00000000 08:06 1703020                    /usr/lib/locale/locale-archive
2b34c0839000-2b34c083a000 ---p 00000000 00:00 0 
2b34c083a000-2b34c0a3a000 rw-p 00000000 00:00 0 
2b34c4000000-2b34c4021000 rw-p 00000000 00:00 0 
2b34c4021000-2b34c8000000 ---p 00000000 00:00 0 
55915236e000-559152391000 r--p 00000000 00:2c 234490227                  /home/sek519/warm_starting/vws/Release/vws
559152391000-55915246d000 r-xp 00023000 00:2c 234490227                  /home/sek519/warm_starting/vws/Release/vws
55915246d000-5591524a2000 r--p 000ff000 00:2c 234490227                  /home/sek519/warm_starting/vws/Release/vws
5591524a2000-5591524a8000 r--p 00134000 00:2c 234490227                  /home/sek519/warm_starting/vws/Release/vws
5591524a8000-5591524aa000 rw-p 0013a000 00:2c 234490227                  /home/sek519/warm_starting/vws/Release/vws
559153b1a000-559172e75000 rw-p 00000000 00:00 0                          [heap]
7fffd069b000-7fffd06bd000 rw-p 00000000 00:00 0                          [stack]
7fffd073c000-7fffd073e000 r--p 00000000 00:00 0                          [vvar]
7fffd073e000-7fffd0740000 r-xp 00000000 00:00 0                          [vdso]
ffffffffff600000-ffffffffff601000 r-xp 00000000 00:00 0                  [vsyscall]
/var/spool/torque/mom_priv/jobs/1749771.polyp1.ie.lehigh.edu.SC: line 4: 21057 Aborted                 ../Release/vws ${INPUT_FOLDER} ${OUTPUT_FILE} ${MAX_TIME} ${GENERATOR} ${TERMS} ${MIP_SOLVER} ${PROVIDE_PRIMAL_BOUND}
