*** Error in `../Release/vws': free(): invalid next size (normal): 0x000055c1fa3e2520 ***
======= Backtrace: =========
/lib/x86_64-linux-gnu/libc.so.6(+0x70bfb)[0x2b1eaf188bfb]
/lib/x86_64-linux-gnu/libc.so.6(+0x76fc6)[0x2b1eaf18efc6]
/lib/x86_64-linux-gnu/libc.so.6(+0x7780e)[0x2b1eaf18f80e]
/home/sek519/warm_starting/vws/../vpc/lib/Cbc-trunk/build/lib/libCoinUtils.so.0(_ZN16CoinPackedMatrix16gutsOfDestructorEv+0x12)[0x2b1eabeaacd2]
/home/sek519/warm_starting/vws/../vpc/lib/Cbc-trunk/build/lib/libCoinUtils.so.0(_ZN16CoinPackedMatrix27resizeForAddingMinorVectorsEPKi+0x4a0)[0x2b1eabeaddf0]
/home/sek519/warm_starting/vws/../vpc/lib/Cbc-trunk/build/lib/libCoinUtils.so.0(_ZN16CoinPackedMatrix17appendMinorVectorEiPKiPKd+0xb7)[0x2b1eabeae237]
/home/sek519/warm_starting/vws/../vpc/lib/Cbc-trunk/build/lib/libOsiClp.so.0(_ZN21OsiClpSolverInterface6addRowEiPKiPKddd+0xb0)[0x2b1eab829a90]
../Release/vws(+0xc788b)[0x55c1f853b88b]
../Release/vws(+0xc9f91)[0x55c1f853df91]
../Release/vws(+0x392fe)[0x55c1f84ad2fe]
../Release/vws(+0x3b0f5)[0x55c1f84af0f5]
../Release/vws(+0x54e9f)[0x55c1f84c8e9f]
../Release/vws(+0x315d8)[0x55c1f84a55d8]
/lib/x86_64-linux-gnu/libc.so.6(__libc_start_main+0xf1)[0x2b1eaf1382e1]
../Release/vws(+0x32a11)[0x55c1f84a6a11]
======= Memory map: ========
2b1eab74c000-2b1eab76f000 r-xp 00000000 08:05 394051                     /lib/x86_64-linux-gnu/ld-2.24.so
2b1eab76f000-2b1eab771000 rw-p 00000000 00:00 0 
2b1eab771000-2b1eab774000 r--p 00000000 00:2c 235724777                  /home/sek519/miniconda/envs/vws/lib/libz.so.1.2.13
2b1eab774000-2b1eab782000 r-xp 00003000 00:2c 235724777                  /home/sek519/miniconda/envs/vws/lib/libz.so.1.2.13
2b1eab782000-2b1eab789000 r--p 00011000 00:2c 235724777                  /home/sek519/miniconda/envs/vws/lib/libz.so.1.2.13
2b1eab789000-2b1eab78a000 r--p 00017000 00:2c 235724777                  /home/sek519/miniconda/envs/vws/lib/libz.so.1.2.13
2b1eab78a000-2b1eab78b000 rw-p 00018000 00:2c 235724777                  /home/sek519/miniconda/envs/vws/lib/libz.so.1.2.13
2b1eab78b000-2b1eab78d000 r--p 00000000 00:2c 234676138                  /home/sek519/miniconda/envs/vws/lib/libbz2.so.1.0.8
2b1eab78d000-2b1eab79b000 r-xp 00002000 00:2c 234676138                  /home/sek519/miniconda/envs/vws/lib/libbz2.so.1.0.8
2b1eab79b000-2b1eab79d000 r--p 00010000 00:2c 234676138                  /home/sek519/miniconda/envs/vws/lib/libbz2.so.1.0.8
2b1eab79d000-2b1eab79e000 r--p 00011000 00:2c 234676138                  /home/sek519/miniconda/envs/vws/lib/libbz2.so.1.0.8
2b1eab79e000-2b1eab79f000 rw-p 00012000 00:2c 234676138                  /home/sek519/miniconda/envs/vws/lib/libbz2.so.1.0.8
2b1eab79f000-2b1eab7b7000 r--p 00000000 00:2c 234710701                  /home/sek519/miniconda/envs/vws/lib/libreadline.so.8.1
2b1eab7b7000-2b1eab7e2000 r-xp 00018000 00:2c 234710701                  /home/sek519/miniconda/envs/vws/lib/libreadline.so.8.1
2b1eab7e2000-2b1eab7ec000 r--p 00043000 00:2c 234710701                  /home/sek519/miniconda/envs/vws/lib/libreadline.so.8.1
2b1eab7ec000-2b1eab7ef000 r--p 0004c000 00:2c 234710701                  /home/sek519/miniconda/envs/vws/lib/libreadline.so.8.1
2b1eab7ef000-2b1eab7f5000 rw-p 0004f000 00:2c 234710701                  /home/sek519/miniconda/envs/vws/lib/libreadline.so.8.1
2b1eab7f5000-2b1eab7f6000 rw-p 00000000 00:00 0 
2b1eab7f6000-2b1eab80b000 r--p 00000000 00:2c 234489484                  /home/sek519/warm_starting/vpc/lib/Cbc-trunk/build/lib/libOsiClp.so.0.0.0
2b1eab80b000-2b1eab83b000 r-xp 00015000 00:2c 234489484                  /home/sek519/warm_starting/vpc/lib/Cbc-trunk/build/lib/libOsiClp.so.0.0.0
2b1eab83b000-2b1eab845000 r--p 00045000 00:2c 234489484                  /home/sek519/warm_starting/vpc/lib/Cbc-trunk/build/lib/libOsiClp.so.0.0.0
2b1eab845000-2b1eab847000 r--p 0004f000 00:2c 234489484                  /home/sek519/warm_starting/vpc/lib/Cbc-trunk/build/lib/libOsiClp.so.0.0.0
2b1eab847000-2b1eab848000 rw-p 00051000 00:2c 234489484                  /home/sek519/warm_starting/vpc/lib/Cbc-trunk/build/lib/libOsiClp.so.0.0.0
2b1eab848000-2b1eab84a000 rw-p 00000000 00:00 0 
2b1eab84a000-2b1eab872000 r--p 00000000 00:2c 234489794                  /home/sek519/warm_starting/vpc/lib/Cbc-trunk/build/lib/libCgl.so.0.0.0
2b1eab872000-2b1eab935000 r-xp 00028000 00:2c 234489794                  /home/sek519/warm_starting/vpc/lib/Cbc-trunk/build/lib/libCgl.so.0.0.0
2b1eab935000-2b1eab955000 r--p 000eb000 00:2c 234489794                  /home/sek519/warm_starting/vpc/lib/Cbc-trunk/build/lib/libCgl.so.0.0.0
2b1eab955000-2b1eab957000 r--p 0010b000 00:2c 234489794                  /home/sek519/warm_starting/vpc/lib/Cbc-trunk/build/lib/libCgl.so.0.0.0
2b1eab957000-2b1eab959000 rw-p 0010d000 00:2c 234489794                  /home/sek519/warm_starting/vpc/lib/Cbc-trunk/build/lib/libCgl.so.0.0.0
2b1eab959000-2b1eab961000 rw-p 00000000 00:00 0 
2b1eab961000-2b1eab968000 r--s 00000000 08:06 1714343                    /usr/lib/x86_64-linux-gnu/gconv/gconv-modules.cache
2b1eab968000-2b1eab969000 rw-p 00000000 00:00 0 
2b1eab96f000-2b1eab970000 r--p 00023000 08:05 394051                     /lib/x86_64-linux-gnu/ld-2.24.so
2b1eab970000-2b1eab971000 rw-p 00024000 08:05 394051                     /lib/x86_64-linux-gnu/ld-2.24.so
2b1eab971000-2b1eab972000 rw-p 00000000 00:00 0 
2b1eab972000-2b1eab9e0000 r--p 00000000 00:2c 234490095                  /home/sek519/warm_starting/vpc/lib/Cbc-trunk/build/lib/libCbc.so.0.0.0
2b1eab9e0000-2b1eabb2e000 r-xp 0006e000 00:2c 234490095                  /home/sek519/warm_starting/vpc/lib/Cbc-trunk/build/lib/libCbc.so.0.0.0
2b1eabb2e000-2b1eabb79000 r--p 001bc000 00:2c 234490095                  /home/sek519/warm_starting/vpc/lib/Cbc-trunk/build/lib/libCbc.so.0.0.0
2b1eabb79000-2b1eabb85000 r--p 00207000 00:2c 234490095                  /home/sek519/warm_starting/vpc/lib/Cbc-trunk/build/lib/libCbc.so.0.0.0
2b1eabb85000-2b1eabb89000 rw-p 00213000 00:2c 234490095                  /home/sek519/warm_starting/vpc/lib/Cbc-trunk/build/lib/libCbc.so.0.0.0
2b1eabb89000-2b1eabba1000 r--p 00000000 00:2c 234489204                  /home/sek519/warm_starting/vpc/lib/Cbc-trunk/build/lib/libOsi.so.0.0.0
2b1eabba1000-2b1eabbd1000 r-xp 00018000 00:2c 234489204                  /home/sek519/warm_starting/vpc/lib/Cbc-trunk/build/lib/libOsi.so.0.0.0
2b1eabbd1000-2b1eabbe5000 r--p 00048000 00:2c 234489204                  /home/sek519/warm_starting/vpc/lib/Cbc-trunk/build/lib/libOsi.so.0.0.0
2b1eabbe5000-2b1eabbe7000 r--p 0005c000 00:2c 234489204                  /home/sek519/warm_starting/vpc/lib/Cbc-trunk/build/lib/libOsi.so.0.0.0
2b1eabbe7000-2b1eabbe8000 rw-p 0005e000 00:2c 234489204                  /home/sek519/warm_starting/vpc/lib/Cbc-trunk/build/lib/libOsi.so.0.0.0
2b1eabbe8000-2b1eabc27000 r--p 00000000 00:2c 234489467                  /home/sek519/warm_starting/vpc/lib/Cbc-trunk/build/lib/libClp.so.0.0.0
2b1eabc27000-2b1eabdb3000 r-xp 0003f000 00:2c 234489467                  /home/sek519/warm_starting/vpc/lib/Cbc-trunk/build/lib/libClp.so.0.0.0
2b1eabdb3000-2b1eabdf6000 r--p 001cb000 00:2c 234489467                  /home/sek519/warm_starting/vpc/lib/Cbc-trunk/build/lib/libClp.so.0.0.0
2b1eabdf6000-2b1eabdf9000 r--p 0020d000 00:2c 234489467                  /home/sek519/warm_starting/vpc/lib/Cbc-trunk/build/lib/libClp.so.0.0.0
2b1eabdf9000-2b1eabdfd000 rw-p 00210000 00:2c 234489467                  /home/sek519/warm_starting/vpc/lib/Cbc-trunk/build/lib/libClp.so.0.0.0
2b1eabdfd000-2b1eabe37000 r--p 00000000 00:2c 234489064                  /home/sek519/warm_starting/vpc/lib/Cbc-trunk/build/lib/libCoinUtils.so.0.0.0
2b1eabe37000-2b1eabf1d000 r-xp 0003a000 00:2c 234489064                  /home/sek519/warm_starting/vpc/lib/Cbc-trunk/build/lib/libCoinUtils.so.0.0.0
2b1eabf1d000-2b1eabf4a000 r--p 00120000 00:2c 234489064                  /home/sek519/warm_starting/vpc/lib/Cbc-trunk/build/lib/libCoinUtils.so.0.0.0
2b1eabf4a000-2b1eabf4d000 r--p 0014c000 00:2c 234489064                  /home/sek519/warm_starting/vpc/lib/Cbc-trunk/build/lib/libCoinUtils.so.0.0.0
2b1eabf4d000-2b1eabf50000 rw-p 0014f000 00:2c 234489064                  /home/sek519/warm_starting/vpc/lib/Cbc-trunk/build/lib/libCoinUtils.so.0.0.0
2b1eabf50000-2b1eae973000 r-xp 00000000 00:2c 234521354                  /home/sek519/miniconda/envs/vws/lib/libgurobi100.so
2b1eae973000-2b1eaeb73000 ---p 02a23000 00:2c 234521354                  /home/sek519/miniconda/envs/vws/lib/libgurobi100.so
2b1eaeb73000-2b1eaebdd000 r--p 02a23000 00:2c 234521354                  /home/sek519/miniconda/envs/vws/lib/libgurobi100.so
2b1eaebdd000-2b1eaec02000 rw-p 02a8d000 00:2c 234521354                  /home/sek519/miniconda/envs/vws/lib/libgurobi100.so
2b1eaec02000-2b1eaec0f000 rw-p 00000000 00:00 0 
2b1eaec0f000-2b1eaec12000 rw-p 02bf6000 00:2c 234521354                  /home/sek519/miniconda/envs/vws/lib/libgurobi100.so
2b1eaec12000-2b1eaec47000 r--s 00000000 08:07 130533                     /var/cache/nscd/hosts
2b1eaec47000-2b1eaed4a000 r-xp 00000000 08:05 394080                     /lib/x86_64-linux-gnu/libm-2.24.so
2b1eaed4a000-2b1eaef49000 ---p 00103000 08:05 394080                     /lib/x86_64-linux-gnu/libm-2.24.so
2b1eaef49000-2b1eaef4a000 r--p 00102000 08:05 394080                     /lib/x86_64-linux-gnu/libm-2.24.so
2b1eaef4a000-2b1eaef4b000 rw-p 00103000 08:05 394080                     /lib/x86_64-linux-gnu/libm-2.24.so
2b1eaef4b000-2b1eaeff1000 r--p 00000000 00:2c 235724303                  /home/sek519/miniconda/envs/vws/lib/libstdc++.so.6.0.30
2b1eaeff1000-2b1eaf085000 r-xp 000a6000 00:2c 235724303                  /home/sek519/miniconda/envs/vws/lib/libstdc++.so.6.0.30
2b1eaf085000-2b1eaf0ed000 r--p 0013a000 00:2c 235724303                  /home/sek519/miniconda/envs/vws/lib/libstdc++.so.6.0.30
2b1eaf0ed000-2b1eaf0f8000 r--p 001a1000 00:2c 235724303                  /home/sek519/miniconda/envs/vws/lib/libstdc++.so.6.0.30
2b1eaf0f8000-2b1eaf0fc000 rw-p 001ac000 00:2c 235724303                  /home/sek519/miniconda/envs/vws/lib/libstdc++.so.6.0.30
2b1eaf0fc000-2b1eaf0ff000 rw-p 00000000 00:00 0 
2b1eaf0ff000-2b1eaf103000 r--p 00000000 00:2c 235727575                  /home/sek519/miniconda/envs/vws/lib/libgcc_s.so.1
2b1eaf103000-2b1eaf113000 r-xp 00004000 00:2c 235727575                  /home/sek519/miniconda/envs/vws/lib/libgcc_s.so.1
2b1eaf113000-2b1eaf116000 r--p 00014000 00:2c 235727575                  /home/sek519/miniconda/envs/vws/lib/libgcc_s.so.1
2b1eaf116000-2b1eaf117000 r--p 00016000 00:2c 235727575                  /home/sek519/miniconda/envs/vws/lib/libgcc_s.so.1
2b1eaf117000-2b1eaf118000 rw-p 00017000 00:2c 235727575                  /home/sek519/miniconda/envs/vws/lib/libgcc_s.so.1
2b1eaf118000-2b1eaf2ad000 r-xp 00000000 08:05 394064                     /lib/x86_64-linux-gnu/libc-2.24.so
2b1eaf2ad000-2b1eaf4ad000 ---p 00195000 08:05 394064                     /lib/x86_64-linux-gnu/libc-2.24.so
2b1eaf4ad000-2b1eaf4b1000 r--p 00195000 08:05 394064                     /lib/x86_64-linux-gnu/libc-2.24.so
2b1eaf4b1000-2b1eaf4b3000 rw-p 00199000 08:05 394064                     /lib/x86_64-linux-gnu/libc-2.24.so
2b1eaf4b3000-2b1eaf4b7000 rw-p 00000000 00:00 0 
2b1eaf4b7000-2b1eaf4c7000 r--p 00000000 00:2c 235728014                  /home/sek519/miniconda/envs/vws/lib/libtinfo.so.6.3
2b1eaf4c7000-2b1eaf4e1000 r-xp 00010000 00:2c 235728014                  /home/sek519/miniconda/envs/vws/lib/libtinfo.so.6.3
2b1eaf4e1000-2b1eaf4f2000 r--p 0002a000 00:2c 235728014                  /home/sek519/miniconda/envs/vws/lib/libtinfo.so.6.3
2b1eaf4f2000-2b1eaf4f6000 r--p 0003a000 00:2c 235728014                  /home/sek519/miniconda/envs/vws/lib/libtinfo.so.6.3
2b1eaf4f6000-2b1eaf4f7000 rw-p 0003e000 00:2c 235728014                  /home/sek519/miniconda/envs/vws/lib/libtinfo.so.6.3
2b1eaf4f7000-2b1eaf4fe000 r-xp 00000000 08:05 395789                     /lib/x86_64-linux-gnu/librt-2.24.so
2b1eaf4fe000-2b1eaf6fd000 ---p 00007000 08:05 395789                     /lib/x86_64-linux-gnu/librt-2.24.so
2b1eaf6fd000-2b1eaf6fe000 r--p 00006000 08:05 395789                     /lib/x86_64-linux-gnu/librt-2.24.so
2b1eaf6fe000-2b1eaf6ff000 rw-p 00007000 08:05 395789                     /lib/x86_64-linux-gnu/librt-2.24.so
2b1eaf6ff000-2b1eaf717000 r-xp 00000000 08:05 395785                     /lib/x86_64-linux-gnu/libpthread-2.24.so
2b1eaf717000-2b1eaf916000 ---p 00018000 08:05 395785                     /lib/x86_64-linux-gnu/libpthread-2.24.so
2b1eaf916000-2b1eaf917000 r--p 00017000 08:05 395785                     /lib/x86_64-linux-gnu/libpthread-2.24.so
2b1eaf917000-2b1eaf918000 rw-p 00018000 08:05 395785                     /lib/x86_64-linux-gnu/libpthread-2.24.so
2b1eaf918000-2b1eaf91c000 rw-p 00000000 00:00 0 
2b1eaf91c000-2b1eafa15000 r--p 00000000 00:2c 235427053                  /home/sek519/miniconda/envs/vws/lib/libopenblasp-r0.3.12.so
2b1eafa15000-2b1eafa16000 r-xp 000f9000 00:2c 235427053                  /home/sek519/miniconda/envs/vws/lib/libopenblasp-r0.3.12.so
2b1eafa16000-2b1eafa1c000 ---p 000fa000 00:2c 235427053                  /home/sek519/miniconda/envs/vws/lib/libopenblasp-r0.3.12.so
2b1eafa1c000-2b1eb14ff000 r-xp 00100000 00:2c 235427053                  /home/sek519/miniconda/envs/vws/lib/libopenblasp-r0.3.12.so
2b1eb14ff000-2b1eb16d2000 r--p 01be3000 00:2c 235427053                  /home/sek519/miniconda/envs/vws/lib/libopenblasp-r0.3.12.so
2b1eb16d2000-2b1eb16e0000 r--p 01db5000 00:2c 235427053                  /home/sek519/miniconda/envs/vws/lib/libopenblasp-r0.3.12.so
2b1eb16e0000-2b1eb16ee000 rw-p 01dc3000 00:2c 235427053                  /home/sek519/miniconda/envs/vws/lib/libopenblasp-r0.3.12.so
2b1eb16ee000-2b1eb16ff000 rw-p 00000000 00:00 0 
2b1eb16ff000-2b1eb1702000 r-xp 00000000 08:05 394073                     /lib/x86_64-linux-gnu/libdl-2.24.so
2b1eb1702000-2b1eb1901000 ---p 00003000 08:05 394073                     /lib/x86_64-linux-gnu/libdl-2.24.so
2b1eb1901000-2b1eb1902000 r--p 00002000 08:05 394073                     /lib/x86_64-linux-gnu/libdl-2.24.so
2b1eb1902000-2b1eb1903000 rw-p 00003000 08:05 394073                     /lib/x86_64-linux-gnu/libdl-2.24.so
2b1eb1903000-2b1eb191e000 r--p 00000000 00:2c 235723995                  /home/sek519/miniconda/envs/vws/lib/libgfortran.so.4.0.0
2b1eb191e000-2b1eb1a0d000 r-xp 0001b000 00:2c 235723995                  /home/sek519/miniconda/envs/vws/lib/libgfortran.so.4.0.0
2b1eb1a0d000-2b1eb1a2e000 r--p 0010a000 00:2c 235723995                  /home/sek519/miniconda/envs/vws/lib/libgfortran.so.4.0.0
2b1eb1a2e000-2b1eb1a2f000 ---p 0012b000 00:2c 235723995                  /home/sek519/miniconda/envs/vws/lib/libgfortran.so.4.0.0
2b1eb1a2f000-2b1eb1a30000 r--p 0012b000 00:2c 235723995                  /home/sek519/miniconda/envs/vws/lib/libgfortran.so.4.0.0
2b1eb1a30000-2b1eb1a31000 rw-p 0012c000 00:2c 235723995                  /home/sek519/miniconda/envs/vws/lib/libgfortran.so.4.0.0
2b1eb1a31000-2b1eb1a32000 rw-p 00000000 00:00 0 
2b1eb1a32000-2b1eb1a35000 r--p 00000000 00:2c 235727572                  /home/sek519/miniconda/envs/vws/lib/libquadmath.so.0.0.0
2b1eb1a35000-2b1eb1a54000 r-xp 00003000 00:2c 235727572                  /home/sek519/miniconda/envs/vws/lib/libquadmath.so.0.0.0
2b1eb1a54000-2b1eb1a6a000 r--p 00022000 00:2c 235727572                  /home/sek519/miniconda/envs/vws/lib/libquadmath.so.0.0.0
2b1eb1a6a000-2b1eb1a6b000 r--p 00038000 00:2c 235727572                  /home/sek519/miniconda/envs/vws/lib/libquadmath.so.0.0.0
2b1eb1a6b000-2b1eb1a6c000 rw-p 00039000 00:2c 235727572                  /home/sek519/miniconda/envs/vws/lib/libquadmath.so.0.0.0
2b1eb1a6c000-2b1eb1a7e000 rw-p 00000000 00:00 0 
2b1eb1a7e000-2b1eb1a7f000 ---p 00000000 00:00 0 
2b1eb1a7f000-2b1eb1c7f000 rw-p 00000000 00:00 0 
2b1eb1c7f000-2b1eb1c80000 ---p 00000000 00:00 0 
2b1eb1c80000-2b1eb1e80000 rw-p 00000000 00:00 0 
2b1eb1e80000-2b1eb1e81000 ---p 00000000 00:00 0 
2b1eb1e81000-2b1eb2081000 rw-p 00000000 00:00 0 
2b1eb2081000-2b1ec2081000 rw-p 00000000 00:00 0 
2b1ec2081000-2b1ec2082000 ---p 00000000 00:00 0 
2b1ec2082000-2b1ec2282000 rw-p 00000000 00:00 0 
2b1ec2282000-2b1eca282000 rw-p 00000000 00:00 0 
2b1eca282000-2b1eca283000 ---p 00000000 00:00 0 
2b1eca283000-2b1eca483000 rw-p 00000000 00:00 0 
2b1eca483000-2b1ed2483000 rw-p 00000000 00:00 0 
2b1ed2483000-2b1ed2484000 ---p 00000000 00:00 0 
2b1ed2484000-2b1ed2684000 rw-p 00000000 00:00 0 
2b1ed2684000-2b1eda684000 rw-p 00000000 00:00 0 
2b1eda684000-2b1eda685000 ---p 00000000 00:00 0 
2b1eda685000-2b1eda885000 rw-p 00000000 00:00 0 
2b1eda885000-2b1ee2885000 rw-p 00000000 00:00 0 
2b1ee2885000-2b1ee2886000 ---p 00000000 00:00 0 
2b1ee2886000-2b1ee2a86000 rw-p 00000000 00:00 0 
2b1ee2a86000-2b1eeaa86000 rw-p 00000000 00:00 0 
2b1eeaa86000-2b1eeaa87000 ---p 00000000 00:00 0 
2b1eeaa87000-2b1eeac87000 rw-p 00000000 00:00 0 
2b1eeac87000-2b1ef2c87000 rw-p 00000000 00:00 0 
2b1ef2c87000-2b1ef2c88000 ---p 00000000 00:00 0 
2b1ef2c88000-2b1ef2e88000 rw-p 00000000 00:00 0 
2b1ef2e88000-2b1efae88000 rw-p 00000000 00:00 0 
2b1efae88000-2b1efae89000 ---p 00000000 00:00 0 
2b1efae89000-2b1efb089000 rw-p 00000000 00:00 0 
2b1efb089000-2b1f03089000 rw-p 00000000 00:00 0 
2b1f03089000-2b1f0308a000 ---p 00000000 00:00 0 
2b1f0308a000-2b1f0328a000 rw-p 00000000 00:00 0 
2b1f0328a000-2b1f0b28a000 rw-p 00000000 00:00 0 
2b1f0b28a000-2b1f0b28b000 ---p 00000000 00:00 0 
2b1f0b28b000-2b1f0b48b000 rw-p 00000000 00:00 0 
2b1f0b48b000-2b1f0b48c000 ---p 00000000 00:00 0 
2b1f0b48c000-2b1f0b68c000 rw-p 00000000 00:00 0 
2b1f0b68c000-2b1f0b68d000 ---p 00000000 00:00 0 
2b1f0b68d000-2b1f0b88d000 rw-p 00000000 00:00 0 
2b1f0b88d000-2b1f2b88d000 rw-p 00000000 00:00 0 
2b1f2b88d000-2b1f2ba28000 r--p 00000000 08:06 1708142                    /usr/lib/locale/locale-archive
2b1f2ba28000-2b1f2ba5d000 r--s 00000000 08:07 129673                     /var/cache/nscd/passwd
2b1f2ba5d000-2b1f2ba5e000 ---p 00000000 00:00 0 
2b1f2ba5e000-2b1f2bc5e000 rw-p 00000000 00:00 0 
2b1f2c000000-2b1f2c021000 rw-p 00000000 00:00 0 
2b1f2c021000-2b1f30000000 ---p 00000000 00:00 0 
55c1f8474000-55c1f8497000 r--p 00000000 00:2c 234490227                  /home/sek519/warm_starting/vws/Release/vws
55c1f8497000-55c1f8573000 r-xp 00023000 00:2c 234490227                  /home/sek519/warm_starting/vws/Release/vws
55c1f8573000-55c1f85a8000 r--p 000ff000 00:2c 234490227                  /home/sek519/warm_starting/vws/Release/vws
55c1f85a8000-55c1f85ae000 r--p 00134000 00:2c 234490227                  /home/sek519/warm_starting/vws/Release/vws
55c1f85ae000-55c1f85b0000 rw-p 0013a000 00:2c 234490227                  /home/sek519/warm_starting/vws/Release/vws
55c1f9fab000-55c1fc3f8000 rw-p 00000000 00:00 0                          [heap]
7ffd87d07000-7ffd87d29000 rw-p 00000000 00:00 0                          [stack]
7ffd87d2b000-7ffd87d2d000 r--p 00000000 00:00 0                          [vvar]
7ffd87d2d000-7ffd87d2f000 r-xp 00000000 00:00 0                          [vdso]
ffffffffff600000-ffffffffff601000 r-xp 00000000 00:00 0                  [vsyscall]
/var/spool/torque/mom_priv/jobs/1750416.polyp1.ie.lehigh.edu.SC: line 4: 29323 Aborted                 (core dumped) ../Release/vws ${INPUT_FOLDER} ${OUTPUT_FILE} ${MAX_TIME} ${GENERATOR} ${TERMS} ${MIP_SOLVER} ${PROVIDE_PRIMAL_BOUND}
