*** Error in `../Release/vws': munmap_chunk(): invalid pointer: 0x00005590ac7a2b40 ***
======= Backtrace: =========
/lib/x86_64-linux-gnu/libc.so.6(+0x70bfb)[0x2b571a024bfb]
/lib/x86_64-linux-gnu/libc.so.6(+0x76fc6)[0x2b571a02afc6]
/home/sek519/warm_starting/vws/../vpc/lib/Cbc-trunk/build/lib/libClp.so.0(_Z12resizeDoublePdiidb+0x17d)[0x2b5716b131bd]
/home/sek519/warm_starting/vws/../vpc/lib/Cbc-trunk/build/lib/libClp.so.0(_ZN8ClpModel6resizeEii+0x1114)[0x2b5716b1bb54]
/home/sek519/warm_starting/vws/../vpc/lib/Cbc-trunk/build/lib/libClp.so.0(_ZN10ClpSimplex6resizeEii+0xe)[0x2b5716ba077e]
/home/sek519/warm_starting/vws/../vpc/lib/Cbc-trunk/build/lib/libOsiClp.so.0(_ZN21OsiClpSolverInterface6addRowEiPKiPKddd+0x4f)[0x2b57166c6a2f]
../Release/vws(+0xc788b)[0x55909f2bd88b]
../Release/vws(+0xc9f91)[0x55909f2bff91]
../Release/vws(+0x38bc7)[0x55909f22ebc7]
../Release/vws(+0x3ae7e)[0x55909f230e7e]
../Release/vws(+0x54e9f)[0x55909f24ae9f]
../Release/vws(+0x315d8)[0x55909f2275d8]
/lib/x86_64-linux-gnu/libc.so.6(__libc_start_main+0xf1)[0x2b5719fd42e1]
../Release/vws(+0x32a11)[0x55909f228a11]
======= Memory map: ========
2b57165e9000-2b571660c000 r-xp 00000000 08:01 921126                     /lib/x86_64-linux-gnu/ld-2.24.so
2b571660c000-2b571660e000 rw-p 00000000 00:00 0 
2b571660e000-2b5716611000 r--p 00000000 00:2c 235724777                  /home/sek519/miniconda/envs/vws/lib/libz.so.1.2.13
2b5716611000-2b571661f000 r-xp 00003000 00:2c 235724777                  /home/sek519/miniconda/envs/vws/lib/libz.so.1.2.13
2b571661f000-2b5716626000 r--p 00011000 00:2c 235724777                  /home/sek519/miniconda/envs/vws/lib/libz.so.1.2.13
2b5716626000-2b5716627000 r--p 00017000 00:2c 235724777                  /home/sek519/miniconda/envs/vws/lib/libz.so.1.2.13
2b5716627000-2b5716628000 rw-p 00018000 00:2c 235724777                  /home/sek519/miniconda/envs/vws/lib/libz.so.1.2.13
2b5716628000-2b571662a000 r--p 00000000 00:2c 234676138                  /home/sek519/miniconda/envs/vws/lib/libbz2.so.1.0.8
2b571662a000-2b5716638000 r-xp 00002000 00:2c 234676138                  /home/sek519/miniconda/envs/vws/lib/libbz2.so.1.0.8
2b5716638000-2b571663a000 r--p 00010000 00:2c 234676138                  /home/sek519/miniconda/envs/vws/lib/libbz2.so.1.0.8
2b571663a000-2b571663b000 r--p 00011000 00:2c 234676138                  /home/sek519/miniconda/envs/vws/lib/libbz2.so.1.0.8
2b571663b000-2b571663c000 rw-p 00012000 00:2c 234676138                  /home/sek519/miniconda/envs/vws/lib/libbz2.so.1.0.8
2b571663c000-2b5716654000 r--p 00000000 00:2c 234710701                  /home/sek519/miniconda/envs/vws/lib/libreadline.so.8.1
2b5716654000-2b571667f000 r-xp 00018000 00:2c 234710701                  /home/sek519/miniconda/envs/vws/lib/libreadline.so.8.1
2b571667f000-2b5716689000 r--p 00043000 00:2c 234710701                  /home/sek519/miniconda/envs/vws/lib/libreadline.so.8.1
2b5716689000-2b571668c000 r--p 0004c000 00:2c 234710701                  /home/sek519/miniconda/envs/vws/lib/libreadline.so.8.1
2b571668c000-2b5716692000 rw-p 0004f000 00:2c 234710701                  /home/sek519/miniconda/envs/vws/lib/libreadline.so.8.1
2b5716692000-2b5716693000 rw-p 00000000 00:00 0 
2b5716693000-2b57166a8000 r--p 00000000 00:2c 234489484                  /home/sek519/warm_starting/vpc/lib/Cbc-trunk/build/lib/libOsiClp.so.0.0.0
2b57166a8000-2b57166d8000 r-xp 00015000 00:2c 234489484                  /home/sek519/warm_starting/vpc/lib/Cbc-trunk/build/lib/libOsiClp.so.0.0.0
2b57166d8000-2b57166e2000 r--p 00045000 00:2c 234489484                  /home/sek519/warm_starting/vpc/lib/Cbc-trunk/build/lib/libOsiClp.so.0.0.0
2b57166e2000-2b57166e4000 r--p 0004f000 00:2c 234489484                  /home/sek519/warm_starting/vpc/lib/Cbc-trunk/build/lib/libOsiClp.so.0.0.0
2b57166e4000-2b57166e5000 rw-p 00051000 00:2c 234489484                  /home/sek519/warm_starting/vpc/lib/Cbc-trunk/build/lib/libOsiClp.so.0.0.0
2b57166e5000-2b57166e7000 rw-p 00000000 00:00 0 
2b57166e7000-2b571670f000 r--p 00000000 00:2c 234489794                  /home/sek519/warm_starting/vpc/lib/Cbc-trunk/build/lib/libCgl.so.0.0.0
2b571670f000-2b57167d2000 r-xp 00028000 00:2c 234489794                  /home/sek519/warm_starting/vpc/lib/Cbc-trunk/build/lib/libCgl.so.0.0.0
2b57167d2000-2b57167f2000 r--p 000eb000 00:2c 234489794                  /home/sek519/warm_starting/vpc/lib/Cbc-trunk/build/lib/libCgl.so.0.0.0
2b57167f2000-2b57167f4000 r--p 0010b000 00:2c 234489794                  /home/sek519/warm_starting/vpc/lib/Cbc-trunk/build/lib/libCgl.so.0.0.0
2b57167f4000-2b57167f6000 rw-p 0010d000 00:2c 234489794                  /home/sek519/warm_starting/vpc/lib/Cbc-trunk/build/lib/libCgl.so.0.0.0
2b57167f6000-2b57167fe000 rw-p 00000000 00:00 0 
2b57167fe000-2b5716805000 r--s 00000000 08:02 10239774                   /usr/lib/x86_64-linux-gnu/gconv/gconv-modules.cache
2b5716805000-2b5716806000 rw-p 00000000 00:00 0 
2b571680c000-2b571680d000 r--p 00023000 08:01 921126                     /lib/x86_64-linux-gnu/ld-2.24.so
2b571680d000-2b571680e000 rw-p 00024000 08:01 921126                     /lib/x86_64-linux-gnu/ld-2.24.so
2b571680e000-2b571680f000 rw-p 00000000 00:00 0 
2b571680f000-2b571687d000 r--p 00000000 00:2c 234490095                  /home/sek519/warm_starting/vpc/lib/Cbc-trunk/build/lib/libCbc.so.0.0.0
2b571687d000-2b57169cb000 r-xp 0006e000 00:2c 234490095                  /home/sek519/warm_starting/vpc/lib/Cbc-trunk/build/lib/libCbc.so.0.0.0
2b57169cb000-2b5716a16000 r--p 001bc000 00:2c 234490095                  /home/sek519/warm_starting/vpc/lib/Cbc-trunk/build/lib/libCbc.so.0.0.0
2b5716a16000-2b5716a22000 r--p 00207000 00:2c 234490095                  /home/sek519/warm_starting/vpc/lib/Cbc-trunk/build/lib/libCbc.so.0.0.0
2b5716a22000-2b5716a26000 rw-p 00213000 00:2c 234490095                  /home/sek519/warm_starting/vpc/lib/Cbc-trunk/build/lib/libCbc.so.0.0.0
2b5716a26000-2b5716a3e000 r--p 00000000 00:2c 234489204                  /home/sek519/warm_starting/vpc/lib/Cbc-trunk/build/lib/libOsi.so.0.0.0
2b5716a3e000-2b5716a6e000 r-xp 00018000 00:2c 234489204                  /home/sek519/warm_starting/vpc/lib/Cbc-trunk/build/lib/libOsi.so.0.0.0
2b5716a6e000-2b5716a82000 r--p 00048000 00:2c 234489204                  /home/sek519/warm_starting/vpc/lib/Cbc-trunk/build/lib/libOsi.so.0.0.0
2b5716a82000-2b5716a84000 r--p 0005c000 00:2c 234489204                  /home/sek519/warm_starting/vpc/lib/Cbc-trunk/build/lib/libOsi.so.0.0.0
2b5716a84000-2b5716a85000 rw-p 0005e000 00:2c 234489204                  /home/sek519/warm_starting/vpc/lib/Cbc-trunk/build/lib/libOsi.so.0.0.0
2b5716a85000-2b5716ac4000 r--p 00000000 00:2c 234489467                  /home/sek519/warm_starting/vpc/lib/Cbc-trunk/build/lib/libClp.so.0.0.0
2b5716ac4000-2b5716c50000 r-xp 0003f000 00:2c 234489467                  /home/sek519/warm_starting/vpc/lib/Cbc-trunk/build/lib/libClp.so.0.0.0
2b5716c50000-2b5716c93000 r--p 001cb000 00:2c 234489467                  /home/sek519/warm_starting/vpc/lib/Cbc-trunk/build/lib/libClp.so.0.0.0
2b5716c93000-2b5716c96000 r--p 0020d000 00:2c 234489467                  /home/sek519/warm_starting/vpc/lib/Cbc-trunk/build/lib/libClp.so.0.0.0
2b5716c96000-2b5716c9a000 rw-p 00210000 00:2c 234489467                  /home/sek519/warm_starting/vpc/lib/Cbc-trunk/build/lib/libClp.so.0.0.0
2b5716c9a000-2b5716cd4000 r--p 00000000 00:2c 234489064                  /home/sek519/warm_starting/vpc/lib/Cbc-trunk/build/lib/libCoinUtils.so.0.0.0
2b5716cd4000-2b5716dba000 r-xp 0003a000 00:2c 234489064                  /home/sek519/warm_starting/vpc/lib/Cbc-trunk/build/lib/libCoinUtils.so.0.0.0
2b5716dba000-2b5716de7000 r--p 00120000 00:2c 234489064                  /home/sek519/warm_starting/vpc/lib/Cbc-trunk/build/lib/libCoinUtils.so.0.0.0
2b5716de7000-2b5716dea000 r--p 0014c000 00:2c 234489064                  /home/sek519/warm_starting/vpc/lib/Cbc-trunk/build/lib/libCoinUtils.so.0.0.0
2b5716dea000-2b5716ded000 rw-p 0014f000 00:2c 234489064                  /home/sek519/warm_starting/vpc/lib/Cbc-trunk/build/lib/libCoinUtils.so.0.0.0
2b5716ded000-2b5719810000 r-xp 00000000 00:2c 234521354                  /home/sek519/miniconda/envs/vws/lib/libgurobi100.so
2b5719810000-2b5719a10000 ---p 02a23000 00:2c 234521354                  /home/sek519/miniconda/envs/vws/lib/libgurobi100.so
2b5719a10000-2b5719a7a000 r--p 02a23000 00:2c 234521354                  /home/sek519/miniconda/envs/vws/lib/libgurobi100.so
2b5719a7a000-2b5719a9f000 rw-p 02a8d000 00:2c 234521354                  /home/sek519/miniconda/envs/vws/lib/libgurobi100.so
2b5719a9f000-2b5719aac000 rw-p 00000000 00:00 0 
2b5719aac000-2b5719aaf000 rw-p 02bf6000 00:2c 234521354                  /home/sek519/miniconda/envs/vws/lib/libgurobi100.so
2b5719ae3000-2b5719be6000 r-xp 00000000 08:01 921181                     /lib/x86_64-linux-gnu/libm-2.24.so
2b5719be6000-2b5719de5000 ---p 00103000 08:01 921181                     /lib/x86_64-linux-gnu/libm-2.24.so
2b5719de5000-2b5719de6000 r--p 00102000 08:01 921181                     /lib/x86_64-linux-gnu/libm-2.24.so
2b5719de6000-2b5719de7000 rw-p 00103000 08:01 921181                     /lib/x86_64-linux-gnu/libm-2.24.so
2b5719de7000-2b5719e8d000 r--p 00000000 00:2c 235724303                  /home/sek519/miniconda/envs/vws/lib/libstdc++.so.6.0.30
2b5719e8d000-2b5719f21000 r-xp 000a6000 00:2c 235724303                  /home/sek519/miniconda/envs/vws/lib/libstdc++.so.6.0.30
2b5719f21000-2b5719f89000 r--p 0013a000 00:2c 235724303                  /home/sek519/miniconda/envs/vws/lib/libstdc++.so.6.0.30
2b5719f89000-2b5719f94000 r--p 001a1000 00:2c 235724303                  /home/sek519/miniconda/envs/vws/lib/libstdc++.so.6.0.30
2b5719f94000-2b5719f98000 rw-p 001ac000 00:2c 235724303                  /home/sek519/miniconda/envs/vws/lib/libstdc++.so.6.0.30
2b5719f98000-2b5719f9b000 rw-p 00000000 00:00 0 
2b5719f9b000-2b5719f9f000 r--p 00000000 00:2c 235727575                  /home/sek519/miniconda/envs/vws/lib/libgcc_s.so.1
2b5719f9f000-2b5719faf000 r-xp 00004000 00:2c 235727575                  /home/sek519/miniconda/envs/vws/lib/libgcc_s.so.1
2b5719faf000-2b5719fb2000 r--p 00014000 00:2c 235727575                  /home/sek519/miniconda/envs/vws/lib/libgcc_s.so.1
2b5719fb2000-2b5719fb3000 r--p 00016000 00:2c 235727575                  /home/sek519/miniconda/envs/vws/lib/libgcc_s.so.1
2b5719fb3000-2b5719fb4000 rw-p 00017000 00:2c 235727575                  /home/sek519/miniconda/envs/vws/lib/libgcc_s.so.1
2b5719fb4000-2b571a149000 r-xp 00000000 08:01 921130                     /lib/x86_64-linux-gnu/libc-2.24.so
2b571a149000-2b571a349000 ---p 00195000 08:01 921130                     /lib/x86_64-linux-gnu/libc-2.24.so
2b571a349000-2b571a34d000 r--p 00195000 08:01 921130                     /lib/x86_64-linux-gnu/libc-2.24.so
2b571a34d000-2b571a34f000 rw-p 00199000 08:01 921130                     /lib/x86_64-linux-gnu/libc-2.24.so
2b571a34f000-2b571a353000 rw-p 00000000 00:00 0 
2b571a353000-2b571a363000 r--p 00000000 00:2c 235728014                  /home/sek519/miniconda/envs/vws/lib/libtinfo.so.6.3
2b571a363000-2b571a37d000 r-xp 00010000 00:2c 235728014                  /home/sek519/miniconda/envs/vws/lib/libtinfo.so.6.3
2b571a37d000-2b571a38e000 r--p 0002a000 00:2c 235728014                  /home/sek519/miniconda/envs/vws/lib/libtinfo.so.6.3
2b571a38e000-2b571a392000 r--p 0003a000 00:2c 235728014                  /home/sek519/miniconda/envs/vws/lib/libtinfo.so.6.3
2b571a392000-2b571a393000 rw-p 0003e000 00:2c 235728014                  /home/sek519/miniconda/envs/vws/lib/libtinfo.so.6.3
2b571a393000-2b571a39a000 r-xp 00000000 08:01 921196                     /lib/x86_64-linux-gnu/librt-2.24.so
2b571a39a000-2b571a599000 ---p 00007000 08:01 921196                     /lib/x86_64-linux-gnu/librt-2.24.so
2b571a599000-2b571a59a000 r--p 00006000 08:01 921196                     /lib/x86_64-linux-gnu/librt-2.24.so
2b571a59a000-2b571a59b000 rw-p 00007000 08:01 921196                     /lib/x86_64-linux-gnu/librt-2.24.so
2b571a59b000-2b571a5b3000 r-xp 00000000 08:01 921194                     /lib/x86_64-linux-gnu/libpthread-2.24.so
2b571a5b3000-2b571a7b2000 ---p 00018000 08:01 921194                     /lib/x86_64-linux-gnu/libpthread-2.24.so
2b571a7b2000-2b571a7b3000 r--p 00017000 08:01 921194                     /lib/x86_64-linux-gnu/libpthread-2.24.so
2b571a7b3000-2b571a7b4000 rw-p 00018000 08:01 921194                     /lib/x86_64-linux-gnu/libpthread-2.24.so
2b571a7b4000-2b571a7b8000 rw-p 00000000 00:00 0 
2b571a7b8000-2b571a8b1000 r--p 00000000 00:2c 235427053                  /home/sek519/miniconda/envs/vws/lib/libopenblasp-r0.3.12.so
2b571a8b1000-2b571a8b2000 r-xp 000f9000 00:2c 235427053                  /home/sek519/miniconda/envs/vws/lib/libopenblasp-r0.3.12.so
2b571a8b2000-2b571a8b8000 ---p 000fa000 00:2c 235427053                  /home/sek519/miniconda/envs/vws/lib/libopenblasp-r0.3.12.so
2b571a8b8000-2b571c39b000 r-xp 00100000 00:2c 235427053                  /home/sek519/miniconda/envs/vws/lib/libopenblasp-r0.3.12.so
2b571c39b000-2b571c56e000 r--p 01be3000 00:2c 235427053                  /home/sek519/miniconda/envs/vws/lib/libopenblasp-r0.3.12.so
2b571c56e000-2b571c57c000 r--p 01db5000 00:2c 235427053                  /home/sek519/miniconda/envs/vws/lib/libopenblasp-r0.3.12.so
2b571c57c000-2b571c58a000 rw-p 01dc3000 00:2c 235427053                  /home/sek519/miniconda/envs/vws/lib/libopenblasp-r0.3.12.so
2b571c58a000-2b571c59b000 rw-p 00000000 00:00 0 
2b571c59b000-2b571c59e000 r-xp 00000000 08:01 921138                     /lib/x86_64-linux-gnu/libdl-2.24.so
2b571c59e000-2b571c79d000 ---p 00003000 08:01 921138                     /lib/x86_64-linux-gnu/libdl-2.24.so
2b571c79d000-2b571c79e000 r--p 00002000 08:01 921138                     /lib/x86_64-linux-gnu/libdl-2.24.so
2b571c79e000-2b571c79f000 rw-p 00003000 08:01 921138                     /lib/x86_64-linux-gnu/libdl-2.24.so
2b571c79f000-2b571c7ba000 r--p 00000000 00:2c 235723995                  /home/sek519/miniconda/envs/vws/lib/libgfortran.so.4.0.0
2b571c7ba000-2b571c8a9000 r-xp 0001b000 00:2c 235723995                  /home/sek519/miniconda/envs/vws/lib/libgfortran.so.4.0.0
2b571c8a9000-2b571c8ca000 r--p 0010a000 00:2c 235723995                  /home/sek519/miniconda/envs/vws/lib/libgfortran.so.4.0.0
2b571c8ca000-2b571c8cb000 ---p 0012b000 00:2c 235723995                  /home/sek519/miniconda/envs/vws/lib/libgfortran.so.4.0.0
2b571c8cb000-2b571c8cc000 r--p 0012b000 00:2c 235723995                  /home/sek519/miniconda/envs/vws/lib/libgfortran.so.4.0.0
2b571c8cc000-2b571c8cd000 rw-p 0012c000 00:2c 235723995                  /home/sek519/miniconda/envs/vws/lib/libgfortran.so.4.0.0
2b571c8cd000-2b571c8ce000 rw-p 00000000 00:00 0 
2b571c8ce000-2b571c8d1000 r--p 00000000 00:2c 235727572                  /home/sek519/miniconda/envs/vws/lib/libquadmath.so.0.0.0
2b571c8d1000-2b571c8f0000 r-xp 00003000 00:2c 235727572                  /home/sek519/miniconda/envs/vws/lib/libquadmath.so.0.0.0
2b571c8f0000-2b571c906000 r--p 00022000 00:2c 235727572                  /home/sek519/miniconda/envs/vws/lib/libquadmath.so.0.0.0
2b571c906000-2b571c907000 r--p 00038000 00:2c 235727572                  /home/sek519/miniconda/envs/vws/lib/libquadmath.so.0.0.0
2b571c907000-2b571c908000 rw-p 00039000 00:2c 235727572                  /home/sek519/miniconda/envs/vws/lib/libquadmath.so.0.0.0
2b571c908000-2b571c91a000 rw-p 00000000 00:00 0 
2b571c91a000-2b571c91b000 ---p 00000000 00:00 0 
2b571c91b000-2b571cb1b000 rw-p 00000000 00:00 0 
2b571cb1b000-2b571cb1c000 ---p 00000000 00:00 0 
2b571cb1c000-2b571cd1c000 rw-p 00000000 00:00 0 
2b571cd1c000-2b571cd1d000 ---p 00000000 00:00 0 
2b571cd1d000-2b571cf1d000 rw-p 00000000 00:00 0 
2b571cf1d000-2b572cf1d000 rw-p 00000000 00:00 0 
2b572cf1d000-2b572cf1e000 ---p 00000000 00:00 0 
2b572cf1e000-2b572d11e000 rw-p 00000000 00:00 0 
2b572d11e000-2b573511e000 rw-p 00000000 00:00 0 
2b573511e000-2b573511f000 ---p 00000000 00:00 0 
2b573511f000-2b573531f000 rw-p 00000000 00:00 0 
2b573531f000-2b573d31f000 rw-p 00000000 00:00 0 
2b573d31f000-2b573d320000 ---p 00000000 00:00 0 
2b573d320000-2b573d520000 rw-p 00000000 00:00 0 
2b573d520000-2b5745520000 rw-p 00000000 00:00 0 
2b5745520000-2b5745521000 ---p 00000000 00:00 0 
2b5745521000-2b5745721000 rw-p 00000000 00:00 0 
2b5745721000-2b574d721000 rw-p 00000000 00:00 0 
2b574d721000-2b574d722000 ---p 00000000 00:00 0 
2b574d722000-2b574d922000 rw-p 00000000 00:00 0 
2b574d922000-2b5755922000 rw-p 00000000 00:00 0 
2b5755922000-2b5755923000 ---p 00000000 00:00 0 
2b5755923000-2b5755b23000 rw-p 00000000 00:00 0 
2b5755b23000-2b575db23000 rw-p 00000000 00:00 0 
2b575db23000-2b575db24000 ---p 00000000 00:00 0 
2b575db24000-2b575dd24000 rw-p 00000000 00:00 0 
2b575dd24000-2b5765d24000 rw-p 00000000 00:00 0 
2b5765d24000-2b5765d25000 ---p 00000000 00:00 0 
2b5765d25000-2b5765f25000 rw-p 00000000 00:00 0 
2b5765f25000-2b576df25000 rw-p 00000000 00:00 0 
2b576df25000-2b576df26000 ---p 00000000 00:00 0 
2b576df26000-2b576e126000 rw-p 00000000 00:00 0 
2b576e126000-2b576e127000 ---p 00000000 00:00 0 
2b576e127000-2b576e327000 rw-p 00000000 00:00 0 
2b576e327000-2b576e328000 ---p 00000000 00:00 0 
2b576e328000-2b576e528000 rw-p 00000000 00:00 0 
2b576e528000-2b576e529000 ---p 00000000 00:00 0 
2b576e529000-2b576e729000 rw-p 00000000 00:00 0 
2b576e729000-2b5796729000 rw-p 00000000 00:00 0 
2b5796729000-2b579675e000 r--s 00000000 08:05 3541953                    /var/cache/nscd/hosts
2b579675e000-2b57968f9000 r--p 00000000 08:02 10236335                   /usr/lib/locale/locale-archive
2b57968f9000-2b579692e000 r--s 00000000 08:05 3541926                    /var/cache/nscd/passwd
2b579692e000-2b579692f000 ---p 00000000 00:00 0 
2b579692f000-2b5796b2f000 rw-p 00000000 00:00 0 
55909f1f6000-55909f219000 r--p 00000000 00:2c 234490227                  /home/sek519/warm_starting/vws/Release/vws
55909f219000-55909f2f5000 r-xp 00023000 00:2c 234490227                  /home/sek519/warm_starting/vws/Release/vws
55909f2f5000-55909f32a000 r--p 000ff000 00:2c 234490227                  /home/sek519/warm_starting/vws/Release/vws
55909f32a000-55909f330000 r--p 00134000 00:2c 234490227                  /home/sek519/warm_starting/vws/Release/vws
55909f330000-55909f332000 rw-p 0013a000 00:2c 234490227                  /home/sek519/warm_starting/vws/Release/vws
5590a05a9000-5590ac80f000 rw-p 00000000 00:00 0                          [heap]
7fff48b33000-7fff48b55000 rw-p 00000000 00:00 0                          [stack]
7fff48bd3000-7fff48bd5000 r--p 00000000 00:00 0                          [vvar]
7fff48bd5000-7fff48bd7000 r-xp 00000000 00:00 0                          [vdso]
ffffffffff600000-ffffffffff601000 r-xp 00000000 00:00 0                  [vsyscall]
/var/spool/torque/mom_priv/jobs/1759151.polyp1.ie.lehigh.edu.SC: line 4: 24515 Aborted                 ../Release/vws ${INPUT_FOLDER} ${OUTPUT_FILE} ${MAX_TIME} ${GENERATOR} ${TERMS} ${MIP_SOLVER} ${PROVIDE_PRIMAL_BOUND}
