*** Error in `../Release/vws': double free or corruption (!prev): 0x00005564b5bedff0 ***
======= Backtrace: =========
/lib/x86_64-linux-gnu/libc.so.6(+0x70bfb)[0x2b6c22104bfb]
/lib/x86_64-linux-gnu/libc.so.6(+0x76fc6)[0x2b6c2210afc6]
/lib/x86_64-linux-gnu/libc.so.6(+0x7780e)[0x2b6c2210b80e]
/home/sek519/warm_starting/vws/../vpc/lib/Cbc-trunk/build/lib/libCoinUtils.so.0(_ZN16CoinPackedMatrix16gutsOfDestructorEv+0x12)[0x2b6c1ee26cd2]
/home/sek519/warm_starting/vws/../vpc/lib/Cbc-trunk/build/lib/libCoinUtils.so.0(_ZN16CoinPackedMatrix27resizeForAddingMinorVectorsEPKi+0x4a0)[0x2b6c1ee29df0]
/home/sek519/warm_starting/vws/../vpc/lib/Cbc-trunk/build/lib/libCoinUtils.so.0(_ZN16CoinPackedMatrix17appendMinorVectorEiPKiPKd+0xb7)[0x2b6c1ee2a237]
/home/sek519/warm_starting/vws/../vpc/lib/Cbc-trunk/build/lib/libOsiClp.so.0(_ZN21OsiClpSolverInterface6addRowEiPKiPKddd+0xb0)[0x2b6c1e7a5a90]
../Release/vws(+0xc788b)[0x5564b380d88b]
../Release/vws(+0xc9f91)[0x5564b380ff91]
../Release/vws(+0x392fe)[0x5564b377f2fe]
../Release/vws(+0x3b0f5)[0x5564b37810f5]
../Release/vws(+0x54e9f)[0x5564b379ae9f]
../Release/vws(+0x315d8)[0x5564b37775d8]
/lib/x86_64-linux-gnu/libc.so.6(__libc_start_main+0xf1)[0x2b6c220b42e1]
../Release/vws(+0x32a11)[0x5564b3778a11]
======= Memory map: ========
2b6c1e6c8000-2b6c1e6eb000 r-xp 00000000 08:05 527455                     /lib/x86_64-linux-gnu/ld-2.24.so
2b6c1e6eb000-2b6c1e6ed000 rw-p 00000000 00:00 0 
2b6c1e6ed000-2b6c1e6f0000 r--p 00000000 00:2c 235724777                  /home/sek519/miniconda/envs/vws/lib/libz.so.1.2.13
2b6c1e6f0000-2b6c1e6fe000 r-xp 00003000 00:2c 235724777                  /home/sek519/miniconda/envs/vws/lib/libz.so.1.2.13
2b6c1e6fe000-2b6c1e705000 r--p 00011000 00:2c 235724777                  /home/sek519/miniconda/envs/vws/lib/libz.so.1.2.13
2b6c1e705000-2b6c1e706000 r--p 00017000 00:2c 235724777                  /home/sek519/miniconda/envs/vws/lib/libz.so.1.2.13
2b6c1e706000-2b6c1e707000 rw-p 00018000 00:2c 235724777                  /home/sek519/miniconda/envs/vws/lib/libz.so.1.2.13
2b6c1e707000-2b6c1e709000 r--p 00000000 00:2c 234676138                  /home/sek519/miniconda/envs/vws/lib/libbz2.so.1.0.8
2b6c1e709000-2b6c1e717000 r-xp 00002000 00:2c 234676138                  /home/sek519/miniconda/envs/vws/lib/libbz2.so.1.0.8
2b6c1e717000-2b6c1e719000 r--p 00010000 00:2c 234676138                  /home/sek519/miniconda/envs/vws/lib/libbz2.so.1.0.8
2b6c1e719000-2b6c1e71a000 r--p 00011000 00:2c 234676138                  /home/sek519/miniconda/envs/vws/lib/libbz2.so.1.0.8
2b6c1e71a000-2b6c1e71b000 rw-p 00012000 00:2c 234676138                  /home/sek519/miniconda/envs/vws/lib/libbz2.so.1.0.8
2b6c1e71b000-2b6c1e733000 r--p 00000000 00:2c 234710701                  /home/sek519/miniconda/envs/vws/lib/libreadline.so.8.1
2b6c1e733000-2b6c1e75e000 r-xp 00018000 00:2c 234710701                  /home/sek519/miniconda/envs/vws/lib/libreadline.so.8.1
2b6c1e75e000-2b6c1e768000 r--p 00043000 00:2c 234710701                  /home/sek519/miniconda/envs/vws/lib/libreadline.so.8.1
2b6c1e768000-2b6c1e76b000 r--p 0004c000 00:2c 234710701                  /home/sek519/miniconda/envs/vws/lib/libreadline.so.8.1
2b6c1e76b000-2b6c1e771000 rw-p 0004f000 00:2c 234710701                  /home/sek519/miniconda/envs/vws/lib/libreadline.so.8.1
2b6c1e771000-2b6c1e772000 rw-p 00000000 00:00 0 
2b6c1e772000-2b6c1e787000 r--p 00000000 00:2c 234489484                  /home/sek519/warm_starting/vpc/lib/Cbc-trunk/build/lib/libOsiClp.so.0.0.0
2b6c1e787000-2b6c1e7b7000 r-xp 00015000 00:2c 234489484                  /home/sek519/warm_starting/vpc/lib/Cbc-trunk/build/lib/libOsiClp.so.0.0.0
2b6c1e7b7000-2b6c1e7c1000 r--p 00045000 00:2c 234489484                  /home/sek519/warm_starting/vpc/lib/Cbc-trunk/build/lib/libOsiClp.so.0.0.0
2b6c1e7c1000-2b6c1e7c3000 r--p 0004f000 00:2c 234489484                  /home/sek519/warm_starting/vpc/lib/Cbc-trunk/build/lib/libOsiClp.so.0.0.0
2b6c1e7c3000-2b6c1e7c4000 rw-p 00051000 00:2c 234489484                  /home/sek519/warm_starting/vpc/lib/Cbc-trunk/build/lib/libOsiClp.so.0.0.0
2b6c1e7c4000-2b6c1e7c6000 rw-p 00000000 00:00 0 
2b6c1e7c6000-2b6c1e7ee000 r--p 00000000 00:2c 234489794                  /home/sek519/warm_starting/vpc/lib/Cbc-trunk/build/lib/libCgl.so.0.0.0
2b6c1e7ee000-2b6c1e8b1000 r-xp 00028000 00:2c 234489794                  /home/sek519/warm_starting/vpc/lib/Cbc-trunk/build/lib/libCgl.so.0.0.0
2b6c1e8b1000-2b6c1e8d1000 r--p 000eb000 00:2c 234489794                  /home/sek519/warm_starting/vpc/lib/Cbc-trunk/build/lib/libCgl.so.0.0.0
2b6c1e8d1000-2b6c1e8d3000 r--p 0010b000 00:2c 234489794                  /home/sek519/warm_starting/vpc/lib/Cbc-trunk/build/lib/libCgl.so.0.0.0
2b6c1e8d3000-2b6c1e8d5000 rw-p 0010d000 00:2c 234489794                  /home/sek519/warm_starting/vpc/lib/Cbc-trunk/build/lib/libCgl.so.0.0.0
2b6c1e8d5000-2b6c1e8dd000 rw-p 00000000 00:00 0 
2b6c1e8dd000-2b6c1e8e4000 r--s 00000000 08:06 1713796                    /usr/lib/x86_64-linux-gnu/gconv/gconv-modules.cache
2b6c1e8e4000-2b6c1e8e5000 rw-p 00000000 00:00 0 
2b6c1e8eb000-2b6c1e8ec000 r--p 00023000 08:05 527455                     /lib/x86_64-linux-gnu/ld-2.24.so
2b6c1e8ec000-2b6c1e8ed000 rw-p 00024000 08:05 527455                     /lib/x86_64-linux-gnu/ld-2.24.so
2b6c1e8ed000-2b6c1e8ee000 rw-p 00000000 00:00 0 
2b6c1e8ee000-2b6c1e95c000 r--p 00000000 00:2c 234490095                  /home/sek519/warm_starting/vpc/lib/Cbc-trunk/build/lib/libCbc.so.0.0.0
2b6c1e95c000-2b6c1eaaa000 r-xp 0006e000 00:2c 234490095                  /home/sek519/warm_starting/vpc/lib/Cbc-trunk/build/lib/libCbc.so.0.0.0
2b6c1eaaa000-2b6c1eaf5000 r--p 001bc000 00:2c 234490095                  /home/sek519/warm_starting/vpc/lib/Cbc-trunk/build/lib/libCbc.so.0.0.0
2b6c1eaf5000-2b6c1eb01000 r--p 00207000 00:2c 234490095                  /home/sek519/warm_starting/vpc/lib/Cbc-trunk/build/lib/libCbc.so.0.0.0
2b6c1eb01000-2b6c1eb05000 rw-p 00213000 00:2c 234490095                  /home/sek519/warm_starting/vpc/lib/Cbc-trunk/build/lib/libCbc.so.0.0.0
2b6c1eb05000-2b6c1eb1d000 r--p 00000000 00:2c 234489204                  /home/sek519/warm_starting/vpc/lib/Cbc-trunk/build/lib/libOsi.so.0.0.0
2b6c1eb1d000-2b6c1eb4d000 r-xp 00018000 00:2c 234489204                  /home/sek519/warm_starting/vpc/lib/Cbc-trunk/build/lib/libOsi.so.0.0.0
2b6c1eb4d000-2b6c1eb61000 r--p 00048000 00:2c 234489204                  /home/sek519/warm_starting/vpc/lib/Cbc-trunk/build/lib/libOsi.so.0.0.0
2b6c1eb61000-2b6c1eb63000 r--p 0005c000 00:2c 234489204                  /home/sek519/warm_starting/vpc/lib/Cbc-trunk/build/lib/libOsi.so.0.0.0
2b6c1eb63000-2b6c1eb64000 rw-p 0005e000 00:2c 234489204                  /home/sek519/warm_starting/vpc/lib/Cbc-trunk/build/lib/libOsi.so.0.0.0
2b6c1eb64000-2b6c1eba3000 r--p 00000000 00:2c 234489467                  /home/sek519/warm_starting/vpc/lib/Cbc-trunk/build/lib/libClp.so.0.0.0
2b6c1eba3000-2b6c1ed2f000 r-xp 0003f000 00:2c 234489467                  /home/sek519/warm_starting/vpc/lib/Cbc-trunk/build/lib/libClp.so.0.0.0
2b6c1ed2f000-2b6c1ed72000 r--p 001cb000 00:2c 234489467                  /home/sek519/warm_starting/vpc/lib/Cbc-trunk/build/lib/libClp.so.0.0.0
2b6c1ed72000-2b6c1ed75000 r--p 0020d000 00:2c 234489467                  /home/sek519/warm_starting/vpc/lib/Cbc-trunk/build/lib/libClp.so.0.0.0
2b6c1ed75000-2b6c1ed79000 rw-p 00210000 00:2c 234489467                  /home/sek519/warm_starting/vpc/lib/Cbc-trunk/build/lib/libClp.so.0.0.0
2b6c1ed79000-2b6c1edb3000 r--p 00000000 00:2c 234489064                  /home/sek519/warm_starting/vpc/lib/Cbc-trunk/build/lib/libCoinUtils.so.0.0.0
2b6c1edb3000-2b6c1ee99000 r-xp 0003a000 00:2c 234489064                  /home/sek519/warm_starting/vpc/lib/Cbc-trunk/build/lib/libCoinUtils.so.0.0.0
2b6c1ee99000-2b6c1eec6000 r--p 00120000 00:2c 234489064                  /home/sek519/warm_starting/vpc/lib/Cbc-trunk/build/lib/libCoinUtils.so.0.0.0
2b6c1eec6000-2b6c1eec9000 r--p 0014c000 00:2c 234489064                  /home/sek519/warm_starting/vpc/lib/Cbc-trunk/build/lib/libCoinUtils.so.0.0.0
2b6c1eec9000-2b6c1eecc000 rw-p 0014f000 00:2c 234489064                  /home/sek519/warm_starting/vpc/lib/Cbc-trunk/build/lib/libCoinUtils.so.0.0.0
2b6c1eecc000-2b6c218ef000 r-xp 00000000 00:2c 234521354                  /home/sek519/miniconda/envs/vws/lib/libgurobi100.so
2b6c218ef000-2b6c21aef000 ---p 02a23000 00:2c 234521354                  /home/sek519/miniconda/envs/vws/lib/libgurobi100.so
2b6c21aef000-2b6c21b59000 r--p 02a23000 00:2c 234521354                  /home/sek519/miniconda/envs/vws/lib/libgurobi100.so
2b6c21b59000-2b6c21b7e000 rw-p 02a8d000 00:2c 234521354                  /home/sek519/miniconda/envs/vws/lib/libgurobi100.so
2b6c21b7e000-2b6c21b8b000 rw-p 00000000 00:00 0 
2b6c21b8b000-2b6c21b8e000 rw-p 02bf6000 00:2c 234521354                  /home/sek519/miniconda/envs/vws/lib/libgurobi100.so
2b6c21b8e000-2b6c21bc3000 r--s 00000000 08:07 130657                     /var/cache/nscd/hosts
2b6c21bc3000-2b6c21cc6000 r-xp 00000000 08:05 527463                     /lib/x86_64-linux-gnu/libm-2.24.so
2b6c21cc6000-2b6c21ec5000 ---p 00103000 08:05 527463                     /lib/x86_64-linux-gnu/libm-2.24.so
2b6c21ec5000-2b6c21ec6000 r--p 00102000 08:05 527463                     /lib/x86_64-linux-gnu/libm-2.24.so
2b6c21ec6000-2b6c21ec7000 rw-p 00103000 08:05 527463                     /lib/x86_64-linux-gnu/libm-2.24.so
2b6c21ec7000-2b6c21f6d000 r--p 00000000 00:2c 235724303                  /home/sek519/miniconda/envs/vws/lib/libstdc++.so.6.0.30
2b6c21f6d000-2b6c22001000 r-xp 000a6000 00:2c 235724303                  /home/sek519/miniconda/envs/vws/lib/libstdc++.so.6.0.30
2b6c22001000-2b6c22069000 r--p 0013a000 00:2c 235724303                  /home/sek519/miniconda/envs/vws/lib/libstdc++.so.6.0.30
2b6c22069000-2b6c22074000 r--p 001a1000 00:2c 235724303                  /home/sek519/miniconda/envs/vws/lib/libstdc++.so.6.0.30
2b6c22074000-2b6c22078000 rw-p 001ac000 00:2c 235724303                  /home/sek519/miniconda/envs/vws/lib/libstdc++.so.6.0.30
2b6c22078000-2b6c2207b000 rw-p 00000000 00:00 0 
2b6c2207b000-2b6c2207f000 r--p 00000000 00:2c 235727575                  /home/sek519/miniconda/envs/vws/lib/libgcc_s.so.1
2b6c2207f000-2b6c2208f000 r-xp 00004000 00:2c 235727575                  /home/sek519/miniconda/envs/vws/lib/libgcc_s.so.1
2b6c2208f000-2b6c22092000 r--p 00014000 00:2c 235727575                  /home/sek519/miniconda/envs/vws/lib/libgcc_s.so.1
2b6c22092000-2b6c22093000 r--p 00016000 00:2c 235727575                  /home/sek519/miniconda/envs/vws/lib/libgcc_s.so.1
2b6c22093000-2b6c22094000 rw-p 00017000 00:2c 235727575                  /home/sek519/miniconda/envs/vws/lib/libgcc_s.so.1
2b6c22094000-2b6c22229000 r-xp 00000000 08:05 527459                     /lib/x86_64-linux-gnu/libc-2.24.so
2b6c22229000-2b6c22429000 ---p 00195000 08:05 527459                     /lib/x86_64-linux-gnu/libc-2.24.so
2b6c22429000-2b6c2242d000 r--p 00195000 08:05 527459                     /lib/x86_64-linux-gnu/libc-2.24.so
2b6c2242d000-2b6c2242f000 rw-p 00199000 08:05 527459                     /lib/x86_64-linux-gnu/libc-2.24.so
2b6c2242f000-2b6c22433000 rw-p 00000000 00:00 0 
2b6c22433000-2b6c22443000 r--p 00000000 00:2c 235728014                  /home/sek519/miniconda/envs/vws/lib/libtinfo.so.6.3
2b6c22443000-2b6c2245d000 r-xp 00010000 00:2c 235728014                  /home/sek519/miniconda/envs/vws/lib/libtinfo.so.6.3
2b6c2245d000-2b6c2246e000 r--p 0002a000 00:2c 235728014                  /home/sek519/miniconda/envs/vws/lib/libtinfo.so.6.3
2b6c2246e000-2b6c22472000 r--p 0003a000 00:2c 235728014                  /home/sek519/miniconda/envs/vws/lib/libtinfo.so.6.3
2b6c22472000-2b6c22473000 rw-p 0003e000 00:2c 235728014                  /home/sek519/miniconda/envs/vws/lib/libtinfo.so.6.3
2b6c22473000-2b6c2247a000 r-xp 00000000 08:05 527476                     /lib/x86_64-linux-gnu/librt-2.24.so
2b6c2247a000-2b6c22679000 ---p 00007000 08:05 527476                     /lib/x86_64-linux-gnu/librt-2.24.so
2b6c22679000-2b6c2267a000 r--p 00006000 08:05 527476                     /lib/x86_64-linux-gnu/librt-2.24.so
2b6c2267a000-2b6c2267b000 rw-p 00007000 08:05 527476                     /lib/x86_64-linux-gnu/librt-2.24.so
2b6c2267b000-2b6c22693000 r-xp 00000000 08:05 527474                     /lib/x86_64-linux-gnu/libpthread-2.24.so
2b6c22693000-2b6c22892000 ---p 00018000 08:05 527474                     /lib/x86_64-linux-gnu/libpthread-2.24.so
2b6c22892000-2b6c22893000 r--p 00017000 08:05 527474                     /lib/x86_64-linux-gnu/libpthread-2.24.so
2b6c22893000-2b6c22894000 rw-p 00018000 08:05 527474                     /lib/x86_64-linux-gnu/libpthread-2.24.so
2b6c22894000-2b6c22898000 rw-p 00000000 00:00 0 
2b6c22898000-2b6c22991000 r--p 00000000 00:2c 235427053                  /home/sek519/miniconda/envs/vws/lib/libopenblasp-r0.3.12.so
2b6c22991000-2b6c22992000 r-xp 000f9000 00:2c 235427053                  /home/sek519/miniconda/envs/vws/lib/libopenblasp-r0.3.12.so
2b6c22992000-2b6c22998000 ---p 000fa000 00:2c 235427053                  /home/sek519/miniconda/envs/vws/lib/libopenblasp-r0.3.12.so
2b6c22998000-2b6c2447b000 r-xp 00100000 00:2c 235427053                  /home/sek519/miniconda/envs/vws/lib/libopenblasp-r0.3.12.so
2b6c2447b000-2b6c2464e000 r--p 01be3000 00:2c 235427053                  /home/sek519/miniconda/envs/vws/lib/libopenblasp-r0.3.12.so
2b6c2464e000-2b6c2465c000 r--p 01db5000 00:2c 235427053                  /home/sek519/miniconda/envs/vws/lib/libopenblasp-r0.3.12.so
2b6c2465c000-2b6c2466a000 rw-p 01dc3000 00:2c 235427053                  /home/sek519/miniconda/envs/vws/lib/libopenblasp-r0.3.12.so
2b6c2466a000-2b6c2467b000 rw-p 00000000 00:00 0 
2b6c2467b000-2b6c2467e000 r-xp 00000000 08:05 527462                     /lib/x86_64-linux-gnu/libdl-2.24.so
2b6c2467e000-2b6c2487d000 ---p 00003000 08:05 527462                     /lib/x86_64-linux-gnu/libdl-2.24.so
2b6c2487d000-2b6c2487e000 r--p 00002000 08:05 527462                     /lib/x86_64-linux-gnu/libdl-2.24.so
2b6c2487e000-2b6c2487f000 rw-p 00003000 08:05 527462                     /lib/x86_64-linux-gnu/libdl-2.24.so
2b6c2487f000-2b6c2489a000 r--p 00000000 00:2c 235723995                  /home/sek519/miniconda/envs/vws/lib/libgfortran.so.4.0.0
2b6c2489a000-2b6c24989000 r-xp 0001b000 00:2c 235723995                  /home/sek519/miniconda/envs/vws/lib/libgfortran.so.4.0.0
2b6c24989000-2b6c249aa000 r--p 0010a000 00:2c 235723995                  /home/sek519/miniconda/envs/vws/lib/libgfortran.so.4.0.0
2b6c249aa000-2b6c249ab000 ---p 0012b000 00:2c 235723995                  /home/sek519/miniconda/envs/vws/lib/libgfortran.so.4.0.0
2b6c249ab000-2b6c249ac000 r--p 0012b000 00:2c 235723995                  /home/sek519/miniconda/envs/vws/lib/libgfortran.so.4.0.0
2b6c249ac000-2b6c249ad000 rw-p 0012c000 00:2c 235723995                  /home/sek519/miniconda/envs/vws/lib/libgfortran.so.4.0.0
2b6c249ad000-2b6c249ae000 rw-p 00000000 00:00 0 
2b6c249ae000-2b6c249b1000 r--p 00000000 00:2c 235727572                  /home/sek519/miniconda/envs/vws/lib/libquadmath.so.0.0.0
2b6c249b1000-2b6c249d0000 r-xp 00003000 00:2c 235727572                  /home/sek519/miniconda/envs/vws/lib/libquadmath.so.0.0.0
2b6c249d0000-2b6c249e6000 r--p 00022000 00:2c 235727572                  /home/sek519/miniconda/envs/vws/lib/libquadmath.so.0.0.0
2b6c249e6000-2b6c249e7000 r--p 00038000 00:2c 235727572                  /home/sek519/miniconda/envs/vws/lib/libquadmath.so.0.0.0
2b6c249e7000-2b6c249e8000 rw-p 00039000 00:2c 235727572                  /home/sek519/miniconda/envs/vws/lib/libquadmath.so.0.0.0
2b6c249e8000-2b6c249fa000 rw-p 00000000 00:00 0 
2b6c249fa000-2b6c249fb000 ---p 00000000 00:00 0 
2b6c249fb000-2b6c24bfb000 rw-p 00000000 00:00 0 
2b6c24bfb000-2b6c24bfc000 ---p 00000000 00:00 0 
2b6c24bfc000-2b6c24dfc000 rw-p 00000000 00:00 0 
2b6c24dfc000-2b6c24dfd000 ---p 00000000 00:00 0 
2b6c24dfd000-2b6c24ffd000 rw-p 00000000 00:00 0 
2b6c24ffd000-2b6c34ffd000 rw-p 00000000 00:00 0 
2b6c34ffd000-2b6c34ffe000 ---p 00000000 00:00 0 
2b6c34ffe000-2b6c351fe000 rw-p 00000000 00:00 0 
2b6c351fe000-2b6c3d1fe000 rw-p 00000000 00:00 0 
2b6c3d1fe000-2b6c3d1ff000 ---p 00000000 00:00 0 
2b6c3d1ff000-2b6c3d3ff000 rw-p 00000000 00:00 0 
2b6c3d3ff000-2b6c453ff000 rw-p 00000000 00:00 0 
2b6c453ff000-2b6c45400000 ---p 00000000 00:00 0 
2b6c45400000-2b6c45600000 rw-p 00000000 00:00 0 
2b6c45600000-2b6c4d600000 rw-p 00000000 00:00 0 
2b6c4d600000-2b6c4d601000 ---p 00000000 00:00 0 
2b6c4d601000-2b6c4d801000 rw-p 00000000 00:00 0 
2b6c4d801000-2b6c55801000 rw-p 00000000 00:00 0 
2b6c55801000-2b6c55802000 ---p 00000000 00:00 0 
2b6c55802000-2b6c55a02000 rw-p 00000000 00:00 0 
2b6c55a02000-2b6c5da02000 rw-p 00000000 00:00 0 
2b6c5da02000-2b6c5da03000 ---p 00000000 00:00 0 
2b6c5da03000-2b6c5dc03000 rw-p 00000000 00:00 0 
2b6c5dc03000-2b6c65c03000 rw-p 00000000 00:00 0 
2b6c65c03000-2b6c65c04000 ---p 00000000 00:00 0 
2b6c65c04000-2b6c65e04000 rw-p 00000000 00:00 0 
2b6c65e04000-2b6c6de04000 rw-p 00000000 00:00 0 
2b6c6de04000-2b6c6de05000 ---p 00000000 00:00 0 
2b6c6de05000-2b6c6e005000 rw-p 00000000 00:00 0 
2b6c6e005000-2b6c6e006000 ---p 00000000 00:00 0 
2b6c6e006000-2b6c6e206000 rw-p 00000000 00:00 0 
2b6c6e206000-2b6c6e207000 ---p 00000000 00:00 0 
2b6c6e207000-2b6c6e407000 rw-p 00000000 00:00 0 
2b6c6e407000-2b6c6e408000 ---p 00000000 00:00 0 
2b6c6e408000-2b6c6e608000 rw-p 00000000 00:00 0 
2b6c6e608000-2b6c6e609000 ---p 00000000 00:00 0 
2b6c6e609000-2b6c6e809000 rw-p 00000000 00:00 0 
2b6c6e809000-2b6c76809000 rw-p 00000000 00:00 0 
2b6c76809000-2b6c7683e000 r--s 00000000 08:07 129619                     /var/cache/nscd/passwd
2b6c7690a000-2b6c9e90a000 rw-p 00000000 00:00 0 
2b6c9e90a000-2b6c9eaa5000 r--p 00000000 08:06 1703020                    /usr/lib/locale/locale-archive
2b6c9eaa5000-2b6c9eaa6000 ---p 00000000 00:00 0 
2b6c9eaa6000-2b6c9eca6000 rw-p 00000000 00:00 0 
2b6ca0000000-2b6ca0021000 rw-p 00000000 00:00 0 
2b6ca0021000-2b6ca4000000 ---p 00000000 00:00 0 
5564b3746000-5564b3769000 r--p 00000000 00:2c 234490227                  /home/sek519/warm_starting/vws/Release/vws
5564b3769000-5564b3845000 r-xp 00023000 00:2c 234490227                  /home/sek519/warm_starting/vws/Release/vws
5564b3845000-5564b387a000 r--p 000ff000 00:2c 234490227                  /home/sek519/warm_starting/vws/Release/vws
5564b387a000-5564b3880000 r--p 00134000 00:2c 234490227                  /home/sek519/warm_starting/vws/Release/vws
5564b3880000-5564b3882000 rw-p 0013a000 00:2c 234490227                  /home/sek519/warm_starting/vws/Release/vws
5564b55e1000-5564be1f5000 rw-p 00000000 00:00 0                          [heap]
7ffcd7aab000-7ffcd7acd000 rw-p 00000000 00:00 0                          [stack]
7ffcd7ba3000-7ffcd7ba5000 r--p 00000000 00:00 0                          [vvar]
7ffcd7ba5000-7ffcd7ba7000 r-xp 00000000 00:00 0                          [vdso]
ffffffffff600000-ffffffffff601000 r-xp 00000000 00:00 0                  [vsyscall]
/var/spool/torque/mom_priv/jobs/1752478.polyp1.ie.lehigh.edu.SC: line 4: 24231 Aborted                 ../Release/vws ${INPUT_FOLDER} ${OUTPUT_FILE} ${MAX_TIME} ${GENERATOR} ${TERMS} ${MIP_SOLVER} ${PROVIDE_PRIMAL_BOUND}
