*** Error in `../Release/vws': corrupted double-linked list: 0x000055eec46333d0 ***
======= Backtrace: =========
/lib/x86_64-linux-gnu/libc.so.6(+0x70bfb)[0x2b2d007c4bfb]
/lib/x86_64-linux-gnu/libc.so.6(+0x76fc6)[0x2b2d007cafc6]
/lib/x86_64-linux-gnu/libc.so.6(+0x7804f)[0x2b2d007cc04f]
/home/sek519/warm_starting/vws/../vpc/lib/Cbc-trunk/build/lib/libCoinUtils.so.0(_ZN16CoinPackedMatrix16gutsOfDestructorEv+0x12)[0x2b2cfd4e5cd2]
/home/sek519/warm_starting/vws/../vpc/lib/Cbc-trunk/build/lib/libCoinUtils.so.0(_ZN16CoinPackedMatrix27resizeForAddingMinorVectorsEPKi+0x4a0)[0x2b2cfd4e8df0]
/home/sek519/warm_starting/vws/../vpc/lib/Cbc-trunk/build/lib/libCoinUtils.so.0(_ZN16CoinPackedMatrix17appendMinorVectorEiPKiPKd+0xb7)[0x2b2cfd4e9237]
/home/sek519/warm_starting/vws/../vpc/lib/Cbc-trunk/build/lib/libOsiClp.so.0(_ZN21OsiClpSolverInterface6addRowEiPKiPKddd+0xb0)[0x2b2cfce68a90]
../Release/vws(+0xc788b)[0x55eec3b2788b]
../Release/vws(+0xc9f91)[0x55eec3b29f91]
../Release/vws(+0x392fe)[0x55eec3a992fe]
../Release/vws(+0x3b0f5)[0x55eec3a9b0f5]
../Release/vws(+0x54e9f)[0x55eec3ab4e9f]
../Release/vws(+0x315d8)[0x55eec3a915d8]
/lib/x86_64-linux-gnu/libc.so.6(__libc_start_main+0xf1)[0x2b2d007742e1]
../Release/vws(+0x32a11)[0x55eec3a92a11]
======= Memory map: ========
2b2cfcd87000-2b2cfcdaa000 r-xp 00000000 08:01 267597                     /lib/x86_64-linux-gnu/ld-2.24.so
2b2cfcdaa000-2b2cfcdac000 r--p 00000000 00:00 0                          [vvar]
2b2cfcdac000-2b2cfcdae000 r-xp 00000000 00:00 0                          [vdso]
2b2cfcdae000-2b2cfcdb0000 rw-p 00000000 00:00 0 
2b2cfcdb0000-2b2cfcdb3000 r--p 00000000 00:2c 235724777                  /home/sek519/miniconda/envs/vws/lib/libz.so.1.2.13
2b2cfcdb3000-2b2cfcdc1000 r-xp 00003000 00:2c 235724777                  /home/sek519/miniconda/envs/vws/lib/libz.so.1.2.13
2b2cfcdc1000-2b2cfcdc8000 r--p 00011000 00:2c 235724777                  /home/sek519/miniconda/envs/vws/lib/libz.so.1.2.13
2b2cfcdc8000-2b2cfcdc9000 r--p 00017000 00:2c 235724777                  /home/sek519/miniconda/envs/vws/lib/libz.so.1.2.13
2b2cfcdc9000-2b2cfcdca000 rw-p 00018000 00:2c 235724777                  /home/sek519/miniconda/envs/vws/lib/libz.so.1.2.13
2b2cfcdca000-2b2cfcdcc000 r--p 00000000 00:2c 234676138                  /home/sek519/miniconda/envs/vws/lib/libbz2.so.1.0.8
2b2cfcdcc000-2b2cfcdda000 r-xp 00002000 00:2c 234676138                  /home/sek519/miniconda/envs/vws/lib/libbz2.so.1.0.8
2b2cfcdda000-2b2cfcddc000 r--p 00010000 00:2c 234676138                  /home/sek519/miniconda/envs/vws/lib/libbz2.so.1.0.8
2b2cfcddc000-2b2cfcddd000 r--p 00011000 00:2c 234676138                  /home/sek519/miniconda/envs/vws/lib/libbz2.so.1.0.8
2b2cfcddd000-2b2cfcdde000 rw-p 00012000 00:2c 234676138                  /home/sek519/miniconda/envs/vws/lib/libbz2.so.1.0.8
2b2cfcdde000-2b2cfcdf6000 r--p 00000000 00:2c 234710701                  /home/sek519/miniconda/envs/vws/lib/libreadline.so.8.1
2b2cfcdf6000-2b2cfce21000 r-xp 00018000 00:2c 234710701                  /home/sek519/miniconda/envs/vws/lib/libreadline.so.8.1
2b2cfce21000-2b2cfce2b000 r--p 00043000 00:2c 234710701                  /home/sek519/miniconda/envs/vws/lib/libreadline.so.8.1
2b2cfce2b000-2b2cfce2e000 r--p 0004c000 00:2c 234710701                  /home/sek519/miniconda/envs/vws/lib/libreadline.so.8.1
2b2cfce2e000-2b2cfce34000 rw-p 0004f000 00:2c 234710701                  /home/sek519/miniconda/envs/vws/lib/libreadline.so.8.1
2b2cfce34000-2b2cfce35000 rw-p 00000000 00:00 0 
2b2cfce35000-2b2cfce4a000 r--p 00000000 00:2c 234489484                  /home/sek519/warm_starting/vpc/lib/Cbc-trunk/build/lib/libOsiClp.so.0.0.0
2b2cfce4a000-2b2cfce7a000 r-xp 00015000 00:2c 234489484                  /home/sek519/warm_starting/vpc/lib/Cbc-trunk/build/lib/libOsiClp.so.0.0.0
2b2cfce7a000-2b2cfce84000 r--p 00045000 00:2c 234489484                  /home/sek519/warm_starting/vpc/lib/Cbc-trunk/build/lib/libOsiClp.so.0.0.0
2b2cfce84000-2b2cfce86000 r--p 0004f000 00:2c 234489484                  /home/sek519/warm_starting/vpc/lib/Cbc-trunk/build/lib/libOsiClp.so.0.0.0
2b2cfce86000-2b2cfce87000 rw-p 00051000 00:2c 234489484                  /home/sek519/warm_starting/vpc/lib/Cbc-trunk/build/lib/libOsiClp.so.0.0.0
2b2cfce87000-2b2cfce89000 rw-p 00000000 00:00 0 
2b2cfce89000-2b2cfceb1000 r--p 00000000 00:2c 234489794                  /home/sek519/warm_starting/vpc/lib/Cbc-trunk/build/lib/libCgl.so.0.0.0
2b2cfceb1000-2b2cfcf74000 r-xp 00028000 00:2c 234489794                  /home/sek519/warm_starting/vpc/lib/Cbc-trunk/build/lib/libCgl.so.0.0.0
2b2cfcf74000-2b2cfcf94000 r--p 000eb000 00:2c 234489794                  /home/sek519/warm_starting/vpc/lib/Cbc-trunk/build/lib/libCgl.so.0.0.0
2b2cfcf94000-2b2cfcf96000 r--p 0010b000 00:2c 234489794                  /home/sek519/warm_starting/vpc/lib/Cbc-trunk/build/lib/libCgl.so.0.0.0
2b2cfcf96000-2b2cfcf98000 rw-p 0010d000 00:2c 234489794                  /home/sek519/warm_starting/vpc/lib/Cbc-trunk/build/lib/libCgl.so.0.0.0
2b2cfcf98000-2b2cfcfa0000 rw-p 00000000 00:00 0 
2b2cfcfa0000-2b2cfcfa7000 r--s 00000000 08:02 676253                     /usr/lib/x86_64-linux-gnu/gconv/gconv-modules.cache
2b2cfcfa7000-2b2cfcfa8000 rw-p 00000000 00:00 0 
2b2cfcfaa000-2b2cfcfab000 r--p 00023000 08:01 267597                     /lib/x86_64-linux-gnu/ld-2.24.so
2b2cfcfab000-2b2cfcfac000 rw-p 00024000 08:01 267597                     /lib/x86_64-linux-gnu/ld-2.24.so
2b2cfcfac000-2b2cfcfad000 rw-p 00000000 00:00 0 
2b2cfcfad000-2b2cfd01b000 r--p 00000000 00:2c 234490095                  /home/sek519/warm_starting/vpc/lib/Cbc-trunk/build/lib/libCbc.so.0.0.0
2b2cfd01b000-2b2cfd169000 r-xp 0006e000 00:2c 234490095                  /home/sek519/warm_starting/vpc/lib/Cbc-trunk/build/lib/libCbc.so.0.0.0
2b2cfd169000-2b2cfd1b4000 r--p 001bc000 00:2c 234490095                  /home/sek519/warm_starting/vpc/lib/Cbc-trunk/build/lib/libCbc.so.0.0.0
2b2cfd1b4000-2b2cfd1c0000 r--p 00207000 00:2c 234490095                  /home/sek519/warm_starting/vpc/lib/Cbc-trunk/build/lib/libCbc.so.0.0.0
2b2cfd1c0000-2b2cfd1c4000 rw-p 00213000 00:2c 234490095                  /home/sek519/warm_starting/vpc/lib/Cbc-trunk/build/lib/libCbc.so.0.0.0
2b2cfd1c4000-2b2cfd1dc000 r--p 00000000 00:2c 234489204                  /home/sek519/warm_starting/vpc/lib/Cbc-trunk/build/lib/libOsi.so.0.0.0
2b2cfd1dc000-2b2cfd20c000 r-xp 00018000 00:2c 234489204                  /home/sek519/warm_starting/vpc/lib/Cbc-trunk/build/lib/libOsi.so.0.0.0
2b2cfd20c000-2b2cfd220000 r--p 00048000 00:2c 234489204                  /home/sek519/warm_starting/vpc/lib/Cbc-trunk/build/lib/libOsi.so.0.0.0
2b2cfd220000-2b2cfd222000 r--p 0005c000 00:2c 234489204                  /home/sek519/warm_starting/vpc/lib/Cbc-trunk/build/lib/libOsi.so.0.0.0
2b2cfd222000-2b2cfd223000 rw-p 0005e000 00:2c 234489204                  /home/sek519/warm_starting/vpc/lib/Cbc-trunk/build/lib/libOsi.so.0.0.0
2b2cfd223000-2b2cfd262000 r--p 00000000 00:2c 234489467                  /home/sek519/warm_starting/vpc/lib/Cbc-trunk/build/lib/libClp.so.0.0.0
2b2cfd262000-2b2cfd3ee000 r-xp 0003f000 00:2c 234489467                  /home/sek519/warm_starting/vpc/lib/Cbc-trunk/build/lib/libClp.so.0.0.0
2b2cfd3ee000-2b2cfd431000 r--p 001cb000 00:2c 234489467                  /home/sek519/warm_starting/vpc/lib/Cbc-trunk/build/lib/libClp.so.0.0.0
2b2cfd431000-2b2cfd434000 r--p 0020d000 00:2c 234489467                  /home/sek519/warm_starting/vpc/lib/Cbc-trunk/build/lib/libClp.so.0.0.0
2b2cfd434000-2b2cfd438000 rw-p 00210000 00:2c 234489467                  /home/sek519/warm_starting/vpc/lib/Cbc-trunk/build/lib/libClp.so.0.0.0
2b2cfd438000-2b2cfd472000 r--p 00000000 00:2c 234489064                  /home/sek519/warm_starting/vpc/lib/Cbc-trunk/build/lib/libCoinUtils.so.0.0.0
2b2cfd472000-2b2cfd558000 r-xp 0003a000 00:2c 234489064                  /home/sek519/warm_starting/vpc/lib/Cbc-trunk/build/lib/libCoinUtils.so.0.0.0
2b2cfd558000-2b2cfd585000 r--p 00120000 00:2c 234489064                  /home/sek519/warm_starting/vpc/lib/Cbc-trunk/build/lib/libCoinUtils.so.0.0.0
2b2cfd585000-2b2cfd588000 r--p 0014c000 00:2c 234489064                  /home/sek519/warm_starting/vpc/lib/Cbc-trunk/build/lib/libCoinUtils.so.0.0.0
2b2cfd588000-2b2cfd58b000 rw-p 0014f000 00:2c 234489064                  /home/sek519/warm_starting/vpc/lib/Cbc-trunk/build/lib/libCoinUtils.so.0.0.0
2b2cfd58b000-2b2cfffae000 r-xp 00000000 00:2c 234521354                  /home/sek519/miniconda/envs/vws/lib/libgurobi100.so
2b2cfffae000-2b2d001ae000 ---p 02a23000 00:2c 234521354                  /home/sek519/miniconda/envs/vws/lib/libgurobi100.so
2b2d001ae000-2b2d00218000 r--p 02a23000 00:2c 234521354                  /home/sek519/miniconda/envs/vws/lib/libgurobi100.so
2b2d00218000-2b2d0023d000 rw-p 02a8d000 00:2c 234521354                  /home/sek519/miniconda/envs/vws/lib/libgurobi100.so
2b2d0023d000-2b2d0024a000 rw-p 00000000 00:00 0 
2b2d0024a000-2b2d0024d000 rw-p 02bf6000 00:2c 234521354                  /home/sek519/miniconda/envs/vws/lib/libgurobi100.so
2b2d0024d000-2b2d00282000 r--s 00000000 08:05 133844                     /var/cache/nscd/hosts
2b2d00283000-2b2d00386000 r-xp 00000000 08:01 279536                     /lib/x86_64-linux-gnu/libm-2.24.so
2b2d00386000-2b2d00585000 ---p 00103000 08:01 279536                     /lib/x86_64-linux-gnu/libm-2.24.so
2b2d00585000-2b2d00586000 r--p 00102000 08:01 279536                     /lib/x86_64-linux-gnu/libm-2.24.so
2b2d00586000-2b2d00587000 rw-p 00103000 08:01 279536                     /lib/x86_64-linux-gnu/libm-2.24.so
2b2d00587000-2b2d0062d000 r--p 00000000 00:2c 235724303                  /home/sek519/miniconda/envs/vws/lib/libstdc++.so.6.0.30
2b2d0062d000-2b2d006c1000 r-xp 000a6000 00:2c 235724303                  /home/sek519/miniconda/envs/vws/lib/libstdc++.so.6.0.30
2b2d006c1000-2b2d00729000 r--p 0013a000 00:2c 235724303                  /home/sek519/miniconda/envs/vws/lib/libstdc++.so.6.0.30
2b2d00729000-2b2d00734000 r--p 001a1000 00:2c 235724303                  /home/sek519/miniconda/envs/vws/lib/libstdc++.so.6.0.30
2b2d00734000-2b2d00738000 rw-p 001ac000 00:2c 235724303                  /home/sek519/miniconda/envs/vws/lib/libstdc++.so.6.0.30
2b2d00738000-2b2d0073b000 rw-p 00000000 00:00 0 
2b2d0073b000-2b2d0073f000 r--p 00000000 00:2c 235727575                  /home/sek519/miniconda/envs/vws/lib/libgcc_s.so.1
2b2d0073f000-2b2d0074f000 r-xp 00004000 00:2c 235727575                  /home/sek519/miniconda/envs/vws/lib/libgcc_s.so.1
2b2d0074f000-2b2d00752000 r--p 00014000 00:2c 235727575                  /home/sek519/miniconda/envs/vws/lib/libgcc_s.so.1
2b2d00752000-2b2d00753000 r--p 00016000 00:2c 235727575                  /home/sek519/miniconda/envs/vws/lib/libgcc_s.so.1
2b2d00753000-2b2d00754000 rw-p 00017000 00:2c 235727575                  /home/sek519/miniconda/envs/vws/lib/libgcc_s.so.1
2b2d00754000-2b2d008e9000 r-xp 00000000 08:01 279532                     /lib/x86_64-linux-gnu/libc-2.24.so
2b2d008e9000-2b2d00ae9000 ---p 00195000 08:01 279532                     /lib/x86_64-linux-gnu/libc-2.24.so
2b2d00ae9000-2b2d00aed000 r--p 00195000 08:01 279532                     /lib/x86_64-linux-gnu/libc-2.24.so
2b2d00aed000-2b2d00aef000 rw-p 00199000 08:01 279532                     /lib/x86_64-linux-gnu/libc-2.24.so
2b2d00aef000-2b2d00af3000 rw-p 00000000 00:00 0 
2b2d00af3000-2b2d00b03000 r--p 00000000 00:2c 235728014                  /home/sek519/miniconda/envs/vws/lib/libtinfo.so.6.3
2b2d00b03000-2b2d00b1d000 r-xp 00010000 00:2c 235728014                  /home/sek519/miniconda/envs/vws/lib/libtinfo.so.6.3
2b2d00b1d000-2b2d00b2e000 r--p 0002a000 00:2c 235728014                  /home/sek519/miniconda/envs/vws/lib/libtinfo.so.6.3
2b2d00b2e000-2b2d00b32000 r--p 0003a000 00:2c 235728014                  /home/sek519/miniconda/envs/vws/lib/libtinfo.so.6.3
2b2d00b32000-2b2d00b33000 rw-p 0003e000 00:2c 235728014                  /home/sek519/miniconda/envs/vws/lib/libtinfo.so.6.3
2b2d00b33000-2b2d00b3a000 r-xp 00000000 08:01 279631                     /lib/x86_64-linux-gnu/librt-2.24.so
2b2d00b3a000-2b2d00d39000 ---p 00007000 08:01 279631                     /lib/x86_64-linux-gnu/librt-2.24.so
2b2d00d39000-2b2d00d3a000 r--p 00006000 08:01 279631                     /lib/x86_64-linux-gnu/librt-2.24.so
2b2d00d3a000-2b2d00d3b000 rw-p 00007000 08:01 279631                     /lib/x86_64-linux-gnu/librt-2.24.so
2b2d00d3b000-2b2d00d53000 r-xp 00000000 08:01 279629                     /lib/x86_64-linux-gnu/libpthread-2.24.so
2b2d00d53000-2b2d00f52000 ---p 00018000 08:01 279629                     /lib/x86_64-linux-gnu/libpthread-2.24.so
2b2d00f52000-2b2d00f53000 r--p 00017000 08:01 279629                     /lib/x86_64-linux-gnu/libpthread-2.24.so
2b2d00f53000-2b2d00f54000 rw-p 00018000 08:01 279629                     /lib/x86_64-linux-gnu/libpthread-2.24.so
2b2d00f54000-2b2d00f58000 rw-p 00000000 00:00 0 
2b2d00f58000-2b2d01051000 r--p 00000000 00:2c 235427053                  /home/sek519/miniconda/envs/vws/lib/libopenblasp-r0.3.12.so
2b2d01051000-2b2d01052000 r-xp 000f9000 00:2c 235427053                  /home/sek519/miniconda/envs/vws/lib/libopenblasp-r0.3.12.so
2b2d01052000-2b2d01058000 ---p 000fa000 00:2c 235427053                  /home/sek519/miniconda/envs/vws/lib/libopenblasp-r0.3.12.so
2b2d01058000-2b2d02b3b000 r-xp 00100000 00:2c 235427053                  /home/sek519/miniconda/envs/vws/lib/libopenblasp-r0.3.12.so
2b2d02b3b000-2b2d02d0e000 r--p 01be3000 00:2c 235427053                  /home/sek519/miniconda/envs/vws/lib/libopenblasp-r0.3.12.so
2b2d02d0e000-2b2d02d1c000 r--p 01db5000 00:2c 235427053                  /home/sek519/miniconda/envs/vws/lib/libopenblasp-r0.3.12.so
2b2d02d1c000-2b2d02d2a000 rw-p 01dc3000 00:2c 235427053                  /home/sek519/miniconda/envs/vws/lib/libopenblasp-r0.3.12.so
2b2d02d2a000-2b2d02d3b000 rw-p 00000000 00:00 0 
2b2d02d3b000-2b2d02d3e000 r-xp 00000000 08:01 279535                     /lib/x86_64-linux-gnu/libdl-2.24.so
2b2d02d3e000-2b2d02f3d000 ---p 00003000 08:01 279535                     /lib/x86_64-linux-gnu/libdl-2.24.so
2b2d02f3d000-2b2d02f3e000 r--p 00002000 08:01 279535                     /lib/x86_64-linux-gnu/libdl-2.24.so
2b2d02f3e000-2b2d02f3f000 rw-p 00003000 08:01 279535                     /lib/x86_64-linux-gnu/libdl-2.24.so
2b2d02f3f000-2b2d02f5a000 r--p 00000000 00:2c 235723995                  /home/sek519/miniconda/envs/vws/lib/libgfortran.so.4.0.0
2b2d02f5a000-2b2d03049000 r-xp 0001b000 00:2c 235723995                  /home/sek519/miniconda/envs/vws/lib/libgfortran.so.4.0.0
2b2d03049000-2b2d0306a000 r--p 0010a000 00:2c 235723995                  /home/sek519/miniconda/envs/vws/lib/libgfortran.so.4.0.0
2b2d0306a000-2b2d0306b000 ---p 0012b000 00:2c 235723995                  /home/sek519/miniconda/envs/vws/lib/libgfortran.so.4.0.0
2b2d0306b000-2b2d0306c000 r--p 0012b000 00:2c 235723995                  /home/sek519/miniconda/envs/vws/lib/libgfortran.so.4.0.0
2b2d0306c000-2b2d0306d000 rw-p 0012c000 00:2c 235723995                  /home/sek519/miniconda/envs/vws/lib/libgfortran.so.4.0.0
2b2d0306d000-2b2d0306e000 rw-p 00000000 00:00 0 
2b2d0306e000-2b2d03071000 r--p 00000000 00:2c 235727572                  /home/sek519/miniconda/envs/vws/lib/libquadmath.so.0.0.0
2b2d03071000-2b2d03090000 r-xp 00003000 00:2c 235727572                  /home/sek519/miniconda/envs/vws/lib/libquadmath.so.0.0.0
2b2d03090000-2b2d030a6000 r--p 00022000 00:2c 235727572                  /home/sek519/miniconda/envs/vws/lib/libquadmath.so.0.0.0
2b2d030a6000-2b2d030a7000 r--p 00038000 00:2c 235727572                  /home/sek519/miniconda/envs/vws/lib/libquadmath.so.0.0.0
2b2d030a7000-2b2d030a8000 rw-p 00039000 00:2c 235727572                  /home/sek519/miniconda/envs/vws/lib/libquadmath.so.0.0.0
2b2d030a8000-2b2d030ba000 rw-p 00000000 00:00 0 
2b2d030ba000-2b2d030bb000 ---p 00000000 00:00 0 
2b2d030bb000-2b2d032bb000 rw-p 00000000 00:00 0 
2b2d032bb000-2b2d032bc000 ---p 00000000 00:00 0 
2b2d032bc000-2b2d034bc000 rw-p 00000000 00:00 0 
2b2d034bc000-2b2d134bc000 rw-p 00000000 00:00 0 
2b2d134bc000-2b2d134bd000 ---p 00000000 00:00 0 
2b2d134bd000-2b2d136bd000 rw-p 00000000 00:00 0 
2b2d136bd000-2b2d136be000 ---p 00000000 00:00 0 
2b2d136be000-2b2d138be000 rw-p 00000000 00:00 0 
2b2d138be000-2b2d1b8be000 rw-p 00000000 00:00 0 
2b2d1b8be000-2b2d1b8bf000 ---p 00000000 00:00 0 
2b2d1b8bf000-2b2d1babf000 rw-p 00000000 00:00 0 
2b2d1babf000-2b2d23abf000 rw-p 00000000 00:00 0 
2b2d23abf000-2b2d23ac0000 ---p 00000000 00:00 0 
2b2d23ac0000-2b2d23cc0000 rw-p 00000000 00:00 0 
2b2d23cc0000-2b2d2bcc0000 rw-p 00000000 00:00 0 
2b2d2bcc0000-2b2d2bcc1000 ---p 00000000 00:00 0 
2b2d2bcc1000-2b2d2bec1000 rw-p 00000000 00:00 0 
2b2d2bec1000-2b2d33ec1000 rw-p 00000000 00:00 0 
2b2d33ec1000-2b2d33ec2000 ---p 00000000 00:00 0 
2b2d33ec2000-2b2d340c2000 rw-p 00000000 00:00 0 
2b2d340c2000-2b2d3c0c2000 rw-p 00000000 00:00 0 
2b2d3c0c2000-2b2d3c0c3000 ---p 00000000 00:00 0 
2b2d3c0c3000-2b2d3c2c3000 rw-p 00000000 00:00 0 
2b2d3c2c3000-2b2d442c3000 rw-p 00000000 00:00 0 
2b2d442c3000-2b2d442c4000 ---p 00000000 00:00 0 
2b2d442c4000-2b2d444c4000 rw-p 00000000 00:00 0 
2b2d444c4000-2b2d4c4c4000 rw-p 00000000 00:00 0 
2b2d4c4c4000-2b2d4c4c5000 ---p 00000000 00:00 0 
2b2d4c4c5000-2b2d4c6c5000 rw-p 00000000 00:00 0 
2b2d4c6c5000-2b2d4c6c6000 ---p 00000000 00:00 0 
2b2d4c6c6000-2b2d4c8c6000 rw-p 00000000 00:00 0 
2b2d4c8c6000-2b2d4c8c7000 ---p 00000000 00:00 0 
2b2d4c8c7000-2b2d4cac7000 rw-p 00000000 00:00 0 
2b2d4cac7000-2b2d4cac8000 ---p 00000000 00:00 0 
2b2d4cac8000-2b2d4ccc8000 rw-p 00000000 00:00 0 
2b2d4ccc8000-2b2d4ccc9000 ---p 00000000 00:00 0 
2b2d4ccc9000-2b2d4cec9000 rw-p 00000000 00:00 0 
2b2d4cec9000-2b2d7cec9000 rw-p 00000000 00:00 0 
2b2d7cec9000-2b2d7d064000 r--p 00000000 08:02 669115                     /usr/lib/locale/locale-archive
2b2d7d064000-2b2d7d099000 r--s 00000000 08:05 130454                     /var/cache/nscd/passwd
2b2d7d099000-2b2d7d09a000 ---p 00000000 00:00 0 
2b2d7d09a000-2b2d7d29a000 rw-p 00000000 00:00 0 
2b2d80000000-2b2d80021000 rw-p 00000000 00:00 0 
2b2d80021000-2b2d84000000 ---p 00000000 00:00 0 
55eec3a60000-55eec3a83000 r--p 00000000 00:2c 234490227                  /home/sek519/warm_starting/vws/Release/vws
55eec3a83000-55eec3b5f000 r-xp 00023000 00:2c 234490227                  /home/sek519/warm_starting/vws/Release/vws
55eec3b5f000-55eec3b94000 r--p 000ff000 00:2c 234490227                  /home/sek519/warm_starting/vws/Release/vws
55eec3b94000-55eec3b9a000 r--p 00134000 00:2c 234490227                  /home/sek519/warm_starting/vws/Release/vws
55eec3b9a000-55eec3b9c000 rw-p 0013a000 00:2c 234490227                  /home/sek519/warm_starting/vws/Release/vws
55eec4269000-55eecde86000 rw-p 00000000 00:00 0                          [heap]
7ffc91fb6000-7ffc91fd8000 rw-p 00000000 00:00 0                          [stack]
ffffffffff600000-ffffffffff601000 r-xp 00000000 00:00 0                  [vsyscall]
/var/spool/torque/mom_priv/jobs/1761168.polyp1.ie.lehigh.edu.SC: line 4: 13001 Aborted                 ../Release/vws ${INPUT_FOLDER} ${OUTPUT_FILE} ${MAX_TIME} ${GENERATOR} ${TERMS} ${MIP_SOLVER} ${PROVIDE_PRIMAL_BOUND}
