*** Error in `../Release/vws': double free or corruption (!prev): 0x000055f3002cbd70 ***
======= Backtrace: =========
/lib/x86_64-linux-gnu/libc.so.6(+0x70bfb)[0x2b9a217f0bfb]
/lib/x86_64-linux-gnu/libc.so.6(+0x76fc6)[0x2b9a217f6fc6]
/lib/x86_64-linux-gnu/libc.so.6(+0x7780e)[0x2b9a217f780e]
/home/sek519/warm_starting/vws/../vpc/lib/Cbc-trunk/build/lib/libCoinUtils.so.0(_ZN16CoinPackedMatrix16gutsOfDestructorEv+0x12)[0x2b9a1e512cd2]
/home/sek519/warm_starting/vws/../vpc/lib/Cbc-trunk/build/lib/libCoinUtils.so.0(_ZN16CoinPackedMatrix27resizeForAddingMinorVectorsEPKi+0x4a0)[0x2b9a1e515df0]
/home/sek519/warm_starting/vws/../vpc/lib/Cbc-trunk/build/lib/libCoinUtils.so.0(_ZN16CoinPackedMatrix17appendMinorVectorEiPKiPKd+0xb7)[0x2b9a1e516237]
/home/sek519/warm_starting/vws/../vpc/lib/Cbc-trunk/build/lib/libOsiClp.so.0(_ZN21OsiClpSolverInterface6addRowEiPKiPKddd+0xb0)[0x2b9a1de91a90]
../Release/vws(+0xc788b)[0x55f2fde1e88b]
../Release/vws(+0xc9f91)[0x55f2fde20f91]
../Release/vws(+0x38bc7)[0x55f2fdd8fbc7]
../Release/vws(+0x3ae7e)[0x55f2fdd91e7e]
../Release/vws(+0x54e9f)[0x55f2fddabe9f]
../Release/vws(+0x315d8)[0x55f2fdd885d8]
/lib/x86_64-linux-gnu/libc.so.6(__libc_start_main+0xf1)[0x2b9a217a02e1]
../Release/vws(+0x32a11)[0x55f2fdd89a11]
======= Memory map: ========
2b9a1ddb4000-2b9a1ddd7000 r-xp 00000000 08:05 394051                     /lib/x86_64-linux-gnu/ld-2.24.so
2b9a1ddd7000-2b9a1ddd9000 rw-p 00000000 00:00 0 
2b9a1ddd9000-2b9a1dddc000 r--p 00000000 00:2c 235724777                  /home/sek519/miniconda/envs/vws/lib/libz.so.1.2.13
2b9a1dddc000-2b9a1ddea000 r-xp 00003000 00:2c 235724777                  /home/sek519/miniconda/envs/vws/lib/libz.so.1.2.13
2b9a1ddea000-2b9a1ddf1000 r--p 00011000 00:2c 235724777                  /home/sek519/miniconda/envs/vws/lib/libz.so.1.2.13
2b9a1ddf1000-2b9a1ddf2000 r--p 00017000 00:2c 235724777                  /home/sek519/miniconda/envs/vws/lib/libz.so.1.2.13
2b9a1ddf2000-2b9a1ddf3000 rw-p 00018000 00:2c 235724777                  /home/sek519/miniconda/envs/vws/lib/libz.so.1.2.13
2b9a1ddf3000-2b9a1ddf5000 r--p 00000000 00:2c 234676138                  /home/sek519/miniconda/envs/vws/lib/libbz2.so.1.0.8
2b9a1ddf5000-2b9a1de03000 r-xp 00002000 00:2c 234676138                  /home/sek519/miniconda/envs/vws/lib/libbz2.so.1.0.8
2b9a1de03000-2b9a1de05000 r--p 00010000 00:2c 234676138                  /home/sek519/miniconda/envs/vws/lib/libbz2.so.1.0.8
2b9a1de05000-2b9a1de06000 r--p 00011000 00:2c 234676138                  /home/sek519/miniconda/envs/vws/lib/libbz2.so.1.0.8
2b9a1de06000-2b9a1de07000 rw-p 00012000 00:2c 234676138                  /home/sek519/miniconda/envs/vws/lib/libbz2.so.1.0.8
2b9a1de07000-2b9a1de1f000 r--p 00000000 00:2c 234710701                  /home/sek519/miniconda/envs/vws/lib/libreadline.so.8.1
2b9a1de1f000-2b9a1de4a000 r-xp 00018000 00:2c 234710701                  /home/sek519/miniconda/envs/vws/lib/libreadline.so.8.1
2b9a1de4a000-2b9a1de54000 r--p 00043000 00:2c 234710701                  /home/sek519/miniconda/envs/vws/lib/libreadline.so.8.1
2b9a1de54000-2b9a1de57000 r--p 0004c000 00:2c 234710701                  /home/sek519/miniconda/envs/vws/lib/libreadline.so.8.1
2b9a1de57000-2b9a1de5d000 rw-p 0004f000 00:2c 234710701                  /home/sek519/miniconda/envs/vws/lib/libreadline.so.8.1
2b9a1de5d000-2b9a1de5e000 rw-p 00000000 00:00 0 
2b9a1de5e000-2b9a1de73000 r--p 00000000 00:2c 234489484                  /home/sek519/warm_starting/vpc/lib/Cbc-trunk/build/lib/libOsiClp.so.0.0.0
2b9a1de73000-2b9a1dea3000 r-xp 00015000 00:2c 234489484                  /home/sek519/warm_starting/vpc/lib/Cbc-trunk/build/lib/libOsiClp.so.0.0.0
2b9a1dea3000-2b9a1dead000 r--p 00045000 00:2c 234489484                  /home/sek519/warm_starting/vpc/lib/Cbc-trunk/build/lib/libOsiClp.so.0.0.0
2b9a1dead000-2b9a1deaf000 r--p 0004f000 00:2c 234489484                  /home/sek519/warm_starting/vpc/lib/Cbc-trunk/build/lib/libOsiClp.so.0.0.0
2b9a1deaf000-2b9a1deb0000 rw-p 00051000 00:2c 234489484                  /home/sek519/warm_starting/vpc/lib/Cbc-trunk/build/lib/libOsiClp.so.0.0.0
2b9a1deb0000-2b9a1deb2000 rw-p 00000000 00:00 0 
2b9a1deb2000-2b9a1deda000 r--p 00000000 00:2c 234489794                  /home/sek519/warm_starting/vpc/lib/Cbc-trunk/build/lib/libCgl.so.0.0.0
2b9a1deda000-2b9a1df9d000 r-xp 00028000 00:2c 234489794                  /home/sek519/warm_starting/vpc/lib/Cbc-trunk/build/lib/libCgl.so.0.0.0
2b9a1df9d000-2b9a1dfbd000 r--p 000eb000 00:2c 234489794                  /home/sek519/warm_starting/vpc/lib/Cbc-trunk/build/lib/libCgl.so.0.0.0
2b9a1dfbd000-2b9a1dfbf000 r--p 0010b000 00:2c 234489794                  /home/sek519/warm_starting/vpc/lib/Cbc-trunk/build/lib/libCgl.so.0.0.0
2b9a1dfbf000-2b9a1dfc1000 rw-p 0010d000 00:2c 234489794                  /home/sek519/warm_starting/vpc/lib/Cbc-trunk/build/lib/libCgl.so.0.0.0
2b9a1dfc1000-2b9a1dfc9000 rw-p 00000000 00:00 0 
2b9a1dfc9000-2b9a1dfd0000 r--s 00000000 08:06 1714343                    /usr/lib/x86_64-linux-gnu/gconv/gconv-modules.cache
2b9a1dfd0000-2b9a1dfd1000 rw-p 00000000 00:00 0 
2b9a1dfd7000-2b9a1dfd8000 r--p 00023000 08:05 394051                     /lib/x86_64-linux-gnu/ld-2.24.so
2b9a1dfd8000-2b9a1dfd9000 rw-p 00024000 08:05 394051                     /lib/x86_64-linux-gnu/ld-2.24.so
2b9a1dfd9000-2b9a1dfda000 rw-p 00000000 00:00 0 
2b9a1dfda000-2b9a1e048000 r--p 00000000 00:2c 234490095                  /home/sek519/warm_starting/vpc/lib/Cbc-trunk/build/lib/libCbc.so.0.0.0
2b9a1e048000-2b9a1e196000 r-xp 0006e000 00:2c 234490095                  /home/sek519/warm_starting/vpc/lib/Cbc-trunk/build/lib/libCbc.so.0.0.0
2b9a1e196000-2b9a1e1e1000 r--p 001bc000 00:2c 234490095                  /home/sek519/warm_starting/vpc/lib/Cbc-trunk/build/lib/libCbc.so.0.0.0
2b9a1e1e1000-2b9a1e1ed000 r--p 00207000 00:2c 234490095                  /home/sek519/warm_starting/vpc/lib/Cbc-trunk/build/lib/libCbc.so.0.0.0
2b9a1e1ed000-2b9a1e1f1000 rw-p 00213000 00:2c 234490095                  /home/sek519/warm_starting/vpc/lib/Cbc-trunk/build/lib/libCbc.so.0.0.0
2b9a1e1f1000-2b9a1e209000 r--p 00000000 00:2c 234489204                  /home/sek519/warm_starting/vpc/lib/Cbc-trunk/build/lib/libOsi.so.0.0.0
2b9a1e209000-2b9a1e239000 r-xp 00018000 00:2c 234489204                  /home/sek519/warm_starting/vpc/lib/Cbc-trunk/build/lib/libOsi.so.0.0.0
2b9a1e239000-2b9a1e24d000 r--p 00048000 00:2c 234489204                  /home/sek519/warm_starting/vpc/lib/Cbc-trunk/build/lib/libOsi.so.0.0.0
2b9a1e24d000-2b9a1e24f000 r--p 0005c000 00:2c 234489204                  /home/sek519/warm_starting/vpc/lib/Cbc-trunk/build/lib/libOsi.so.0.0.0
2b9a1e24f000-2b9a1e250000 rw-p 0005e000 00:2c 234489204                  /home/sek519/warm_starting/vpc/lib/Cbc-trunk/build/lib/libOsi.so.0.0.0
2b9a1e250000-2b9a1e28f000 r--p 00000000 00:2c 234489467                  /home/sek519/warm_starting/vpc/lib/Cbc-trunk/build/lib/libClp.so.0.0.0
2b9a1e28f000-2b9a1e41b000 r-xp 0003f000 00:2c 234489467                  /home/sek519/warm_starting/vpc/lib/Cbc-trunk/build/lib/libClp.so.0.0.0
2b9a1e41b000-2b9a1e45e000 r--p 001cb000 00:2c 234489467                  /home/sek519/warm_starting/vpc/lib/Cbc-trunk/build/lib/libClp.so.0.0.0
2b9a1e45e000-2b9a1e461000 r--p 0020d000 00:2c 234489467                  /home/sek519/warm_starting/vpc/lib/Cbc-trunk/build/lib/libClp.so.0.0.0
2b9a1e461000-2b9a1e465000 rw-p 00210000 00:2c 234489467                  /home/sek519/warm_starting/vpc/lib/Cbc-trunk/build/lib/libClp.so.0.0.0
2b9a1e465000-2b9a1e49f000 r--p 00000000 00:2c 234489064                  /home/sek519/warm_starting/vpc/lib/Cbc-trunk/build/lib/libCoinUtils.so.0.0.0
2b9a1e49f000-2b9a1e585000 r-xp 0003a000 00:2c 234489064                  /home/sek519/warm_starting/vpc/lib/Cbc-trunk/build/lib/libCoinUtils.so.0.0.0
2b9a1e585000-2b9a1e5b2000 r--p 00120000 00:2c 234489064                  /home/sek519/warm_starting/vpc/lib/Cbc-trunk/build/lib/libCoinUtils.so.0.0.0
2b9a1e5b2000-2b9a1e5b5000 r--p 0014c000 00:2c 234489064                  /home/sek519/warm_starting/vpc/lib/Cbc-trunk/build/lib/libCoinUtils.so.0.0.0
2b9a1e5b5000-2b9a1e5b8000 rw-p 0014f000 00:2c 234489064                  /home/sek519/warm_starting/vpc/lib/Cbc-trunk/build/lib/libCoinUtils.so.0.0.0
2b9a1e5b8000-2b9a20fdb000 r-xp 00000000 00:2c 234521354                  /home/sek519/miniconda/envs/vws/lib/libgurobi100.so
2b9a20fdb000-2b9a211db000 ---p 02a23000 00:2c 234521354                  /home/sek519/miniconda/envs/vws/lib/libgurobi100.so
2b9a211db000-2b9a21245000 r--p 02a23000 00:2c 234521354                  /home/sek519/miniconda/envs/vws/lib/libgurobi100.so
2b9a21245000-2b9a2126a000 rw-p 02a8d000 00:2c 234521354                  /home/sek519/miniconda/envs/vws/lib/libgurobi100.so
2b9a2126a000-2b9a21277000 rw-p 00000000 00:00 0 
2b9a21277000-2b9a2127a000 rw-p 02bf6000 00:2c 234521354                  /home/sek519/miniconda/envs/vws/lib/libgurobi100.so
2b9a2127a000-2b9a212af000 r--s 00000000 08:07 130533                     /var/cache/nscd/hosts
2b9a212af000-2b9a213b2000 r-xp 00000000 08:05 394080                     /lib/x86_64-linux-gnu/libm-2.24.so
2b9a213b2000-2b9a215b1000 ---p 00103000 08:05 394080                     /lib/x86_64-linux-gnu/libm-2.24.so
2b9a215b1000-2b9a215b2000 r--p 00102000 08:05 394080                     /lib/x86_64-linux-gnu/libm-2.24.so
2b9a215b2000-2b9a215b3000 rw-p 00103000 08:05 394080                     /lib/x86_64-linux-gnu/libm-2.24.so
2b9a215b3000-2b9a21659000 r--p 00000000 00:2c 235724303                  /home/sek519/miniconda/envs/vws/lib/libstdc++.so.6.0.30
2b9a21659000-2b9a216ed000 r-xp 000a6000 00:2c 235724303                  /home/sek519/miniconda/envs/vws/lib/libstdc++.so.6.0.30
2b9a216ed000-2b9a21755000 r--p 0013a000 00:2c 235724303                  /home/sek519/miniconda/envs/vws/lib/libstdc++.so.6.0.30
2b9a21755000-2b9a21760000 r--p 001a1000 00:2c 235724303                  /home/sek519/miniconda/envs/vws/lib/libstdc++.so.6.0.30
2b9a21760000-2b9a21764000 rw-p 001ac000 00:2c 235724303                  /home/sek519/miniconda/envs/vws/lib/libstdc++.so.6.0.30
2b9a21764000-2b9a21767000 rw-p 00000000 00:00 0 
2b9a21767000-2b9a2176b000 r--p 00000000 00:2c 235727575                  /home/sek519/miniconda/envs/vws/lib/libgcc_s.so.1
2b9a2176b000-2b9a2177b000 r-xp 00004000 00:2c 235727575                  /home/sek519/miniconda/envs/vws/lib/libgcc_s.so.1
2b9a2177b000-2b9a2177e000 r--p 00014000 00:2c 235727575                  /home/sek519/miniconda/envs/vws/lib/libgcc_s.so.1
2b9a2177e000-2b9a2177f000 r--p 00016000 00:2c 235727575                  /home/sek519/miniconda/envs/vws/lib/libgcc_s.so.1
2b9a2177f000-2b9a21780000 rw-p 00017000 00:2c 235727575                  /home/sek519/miniconda/envs/vws/lib/libgcc_s.so.1
2b9a21780000-2b9a21915000 r-xp 00000000 08:05 394064                     /lib/x86_64-linux-gnu/libc-2.24.so
2b9a21915000-2b9a21b15000 ---p 00195000 08:05 394064                     /lib/x86_64-linux-gnu/libc-2.24.so
2b9a21b15000-2b9a21b19000 r--p 00195000 08:05 394064                     /lib/x86_64-linux-gnu/libc-2.24.so
2b9a21b19000-2b9a21b1b000 rw-p 00199000 08:05 394064                     /lib/x86_64-linux-gnu/libc-2.24.so
2b9a21b1b000-2b9a21b1f000 rw-p 00000000 00:00 0 
2b9a21b1f000-2b9a21b2f000 r--p 00000000 00:2c 235728014                  /home/sek519/miniconda/envs/vws/lib/libtinfo.so.6.3
2b9a21b2f000-2b9a21b49000 r-xp 00010000 00:2c 235728014                  /home/sek519/miniconda/envs/vws/lib/libtinfo.so.6.3
2b9a21b49000-2b9a21b5a000 r--p 0002a000 00:2c 235728014                  /home/sek519/miniconda/envs/vws/lib/libtinfo.so.6.3
2b9a21b5a000-2b9a21b5e000 r--p 0003a000 00:2c 235728014                  /home/sek519/miniconda/envs/vws/lib/libtinfo.so.6.3
2b9a21b5e000-2b9a21b5f000 rw-p 0003e000 00:2c 235728014                  /home/sek519/miniconda/envs/vws/lib/libtinfo.so.6.3
2b9a21b5f000-2b9a21b66000 r-xp 00000000 08:05 395789                     /lib/x86_64-linux-gnu/librt-2.24.so
2b9a21b66000-2b9a21d65000 ---p 00007000 08:05 395789                     /lib/x86_64-linux-gnu/librt-2.24.so
2b9a21d65000-2b9a21d66000 r--p 00006000 08:05 395789                     /lib/x86_64-linux-gnu/librt-2.24.so
2b9a21d66000-2b9a21d67000 rw-p 00007000 08:05 395789                     /lib/x86_64-linux-gnu/librt-2.24.so
2b9a21d67000-2b9a21d7f000 r-xp 00000000 08:05 395785                     /lib/x86_64-linux-gnu/libpthread-2.24.so
2b9a21d7f000-2b9a21f7e000 ---p 00018000 08:05 395785                     /lib/x86_64-linux-gnu/libpthread-2.24.so
2b9a21f7e000-2b9a21f7f000 r--p 00017000 08:05 395785                     /lib/x86_64-linux-gnu/libpthread-2.24.so
2b9a21f7f000-2b9a21f80000 rw-p 00018000 08:05 395785                     /lib/x86_64-linux-gnu/libpthread-2.24.so
2b9a21f80000-2b9a21f84000 rw-p 00000000 00:00 0 
2b9a21f84000-2b9a2207d000 r--p 00000000 00:2c 235427053                  /home/sek519/miniconda/envs/vws/lib/libopenblasp-r0.3.12.so
2b9a2207d000-2b9a2207e000 r-xp 000f9000 00:2c 235427053                  /home/sek519/miniconda/envs/vws/lib/libopenblasp-r0.3.12.so
2b9a2207e000-2b9a22084000 ---p 000fa000 00:2c 235427053                  /home/sek519/miniconda/envs/vws/lib/libopenblasp-r0.3.12.so
2b9a22084000-2b9a23b67000 r-xp 00100000 00:2c 235427053                  /home/sek519/miniconda/envs/vws/lib/libopenblasp-r0.3.12.so
2b9a23b67000-2b9a23d3a000 r--p 01be3000 00:2c 235427053                  /home/sek519/miniconda/envs/vws/lib/libopenblasp-r0.3.12.so
2b9a23d3a000-2b9a23d48000 r--p 01db5000 00:2c 235427053                  /home/sek519/miniconda/envs/vws/lib/libopenblasp-r0.3.12.so
2b9a23d48000-2b9a23d56000 rw-p 01dc3000 00:2c 235427053                  /home/sek519/miniconda/envs/vws/lib/libopenblasp-r0.3.12.so
2b9a23d56000-2b9a23d67000 rw-p 00000000 00:00 0 
2b9a23d67000-2b9a23d6a000 r-xp 00000000 08:05 394073                     /lib/x86_64-linux-gnu/libdl-2.24.so
2b9a23d6a000-2b9a23f69000 ---p 00003000 08:05 394073                     /lib/x86_64-linux-gnu/libdl-2.24.so
2b9a23f69000-2b9a23f6a000 r--p 00002000 08:05 394073                     /lib/x86_64-linux-gnu/libdl-2.24.so
2b9a23f6a000-2b9a23f6b000 rw-p 00003000 08:05 394073                     /lib/x86_64-linux-gnu/libdl-2.24.so
2b9a23f6b000-2b9a23f86000 r--p 00000000 00:2c 235723995                  /home/sek519/miniconda/envs/vws/lib/libgfortran.so.4.0.0
2b9a23f86000-2b9a24075000 r-xp 0001b000 00:2c 235723995                  /home/sek519/miniconda/envs/vws/lib/libgfortran.so.4.0.0
2b9a24075000-2b9a24096000 r--p 0010a000 00:2c 235723995                  /home/sek519/miniconda/envs/vws/lib/libgfortran.so.4.0.0
2b9a24096000-2b9a24097000 ---p 0012b000 00:2c 235723995                  /home/sek519/miniconda/envs/vws/lib/libgfortran.so.4.0.0
2b9a24097000-2b9a24098000 r--p 0012b000 00:2c 235723995                  /home/sek519/miniconda/envs/vws/lib/libgfortran.so.4.0.0
2b9a24098000-2b9a24099000 rw-p 0012c000 00:2c 235723995                  /home/sek519/miniconda/envs/vws/lib/libgfortran.so.4.0.0
2b9a24099000-2b9a2409a000 rw-p 00000000 00:00 0 
2b9a2409a000-2b9a2409d000 r--p 00000000 00:2c 235727572                  /home/sek519/miniconda/envs/vws/lib/libquadmath.so.0.0.0
2b9a2409d000-2b9a240bc000 r-xp 00003000 00:2c 235727572                  /home/sek519/miniconda/envs/vws/lib/libquadmath.so.0.0.0
2b9a240bc000-2b9a240d2000 r--p 00022000 00:2c 235727572                  /home/sek519/miniconda/envs/vws/lib/libquadmath.so.0.0.0
2b9a240d2000-2b9a240d3000 r--p 00038000 00:2c 235727572                  /home/sek519/miniconda/envs/vws/lib/libquadmath.so.0.0.0
2b9a240d3000-2b9a240d4000 rw-p 00039000 00:2c 235727572                  /home/sek519/miniconda/envs/vws/lib/libquadmath.so.0.0.0
2b9a240d4000-2b9a240e6000 rw-p 00000000 00:00 0 
2b9a240e6000-2b9a240e7000 ---p 00000000 00:00 0 
2b9a240e7000-2b9a242e7000 rw-p 00000000 00:00 0 
2b9a242e7000-2b9a242e8000 ---p 00000000 00:00 0 
2b9a242e8000-2b9a244e8000 rw-p 00000000 00:00 0 
2b9a244e8000-2b9a244e9000 ---p 00000000 00:00 0 
2b9a244e9000-2b9a246e9000 rw-p 00000000 00:00 0 
2b9a246e9000-2b9a246ea000 ---p 00000000 00:00 0 
2b9a246ea000-2b9a248ea000 rw-p 00000000 00:00 0 
2b9a248ea000-2b9a248eb000 ---p 00000000 00:00 0 
2b9a248eb000-2b9a24aeb000 rw-p 00000000 00:00 0 
2b9a24aeb000-2b9a24aec000 ---p 00000000 00:00 0 
2b9a24aec000-2b9a24cec000 rw-p 00000000 00:00 0 
2b9a24cec000-2b9a24ced000 ---p 00000000 00:00 0 
2b9a24ced000-2b9a24eed000 rw-p 00000000 00:00 0 
2b9a24eed000-2b9a24eee000 ---p 00000000 00:00 0 
2b9a24eee000-2b9a250ee000 rw-p 00000000 00:00 0 
2b9a250ee000-2b9a250ef000 ---p 00000000 00:00 0 
2b9a250ef000-2b9a252ef000 rw-p 00000000 00:00 0 
2b9a252ef000-2b9a252f0000 ---p 00000000 00:00 0 
2b9a252f0000-2b9a254f0000 rw-p 00000000 00:00 0 
2b9a254f0000-2b9a254f1000 ---p 00000000 00:00 0 
2b9a254f1000-2b9a256f1000 rw-p 00000000 00:00 0 
2b9a256f1000-2b9a256f2000 ---p 00000000 00:00 0 
2b9a256f2000-2b9a258f2000 rw-p 00000000 00:00 0 
2b9a258f2000-2b9a258f3000 ---p 00000000 00:00 0 
2b9a258f3000-2b9a25af3000 rw-p 00000000 00:00 0 
2b9a25af3000-2b9a25af4000 ---p 00000000 00:00 0 
2b9a25af4000-2b9a25cf4000 rw-p 00000000 00:00 0 
2b9a25cf4000-2b9a25cf5000 ---p 00000000 00:00 0 
2b9a25cf5000-2b9a25ef5000 rw-p 00000000 00:00 0 
2b9a25ef5000-2b9a9def5000 rw-p 00000000 00:00 0 
2b9a9def5000-2b9a9e090000 r--p 00000000 08:06 1708142                    /usr/lib/locale/locale-archive
2b9a9e090000-2b9a9e0c5000 r--s 00000000 08:07 129673                     /var/cache/nscd/passwd
2b9a9e0c5000-2b9a9e0c6000 ---p 00000000 00:00 0 
2b9a9e0c6000-2b9a9e2c6000 rw-p 00000000 00:00 0 
2b9aa0000000-2b9aa0021000 rw-p 00000000 00:00 0 
2b9aa0021000-2b9aa4000000 ---p 00000000 00:00 0 
55f2fdd57000-55f2fdd7a000 r--p 00000000 00:2c 234490227                  /home/sek519/warm_starting/vws/Release/vws
55f2fdd7a000-55f2fde56000 r-xp 00023000 00:2c 234490227                  /home/sek519/warm_starting/vws/Release/vws
55f2fde56000-55f2fde8b000 r--p 000ff000 00:2c 234490227                  /home/sek519/warm_starting/vws/Release/vws
55f2fde8b000-55f2fde91000 r--p 00134000 00:2c 234490227                  /home/sek519/warm_starting/vws/Release/vws
55f2fde91000-55f2fde93000 rw-p 0013a000 00:2c 234490227                  /home/sek519/warm_starting/vws/Release/vws
55f2ffd02000-55f302285000 rw-p 00000000 00:00 0                          [heap]
7ffe2d6c6000-7ffe2d6e8000 rw-p 00000000 00:00 0                          [stack]
7ffe2d700000-7ffe2d702000 r--p 00000000 00:00 0                          [vvar]
7ffe2d702000-7ffe2d704000 r-xp 00000000 00:00 0                          [vdso]
ffffffffff600000-ffffffffff601000 r-xp 00000000 00:00 0                  [vsyscall]
/var/spool/torque/mom_priv/jobs/1752473.polyp1.ie.lehigh.edu.SC: line 4:  7421 Aborted                 (core dumped) ../Release/vws ${INPUT_FOLDER} ${OUTPUT_FILE} ${MAX_TIME} ${GENERATOR} ${TERMS} ${MIP_SOLVER} ${PROVIDE_PRIMAL_BOUND}
