messed up a farkas cofficient
setting all farkas coefficients to 0
messed up a farkas cofficient
setting all farkas coefficients to 0
messed up a farkas cofficient
setting all farkas coefficients to 0
messed up a farkas cofficient
setting all farkas coefficients to 0
messed up a farkas cofficient
setting all farkas coefficients to 0
*** WARNING (version #1531bee): /home/sek519/warm_starting/vws/../vpc/src/cut/PRLP.cpp:392: PRLP took too long to solve (65.180000 sec, with limit of 60.000000 sec); giving up on this point-ray collection.
*** WARNING (version #1531bee): /home/sek519/warm_starting/vws/../vpc/src/cut/CglVPC.cpp:683: Nonbasic reduced cost should be >= 0 in the complemented nonbasic space. However, for nb var 1574 (real var 1867), it is -2.296510e-06. Small enough error that we only send warning.
*** WARNING (version #1531bee): /home/sek519/warm_starting/vws/../vpc/src/cut/CglVPC.cpp:683: Nonbasic reduced cost should be >= 0 in the complemented nonbasic space. However, for nb var 1576 (real var 1883), it is -4.016350e-06. Small enough error that we only send warning.
*** WARNING (version #1531bee): /home/sek519/warm_starting/vws/../vpc/src/cut/CglVPC.cpp:683: Nonbasic reduced cost should be >= 0 in the complemented nonbasic space. However, for nb var 1600 (real var 1932), it is -5.715215e-07. Small enough error that we only send warning.
*** WARNING (version #1531bee): /home/sek519/warm_starting/vws/../vpc/src/cut/CglVPC.cpp:683: Nonbasic reduced cost should be >= 0 in the complemented nonbasic space. However, for nb var 1630 (real var 1963), it is -5.752170e-07. Small enough error that we only send warning.
*** WARNING (version #1531bee): /home/sek519/warm_starting/vws/../vpc/src/cut/CglVPC.cpp:683: Nonbasic reduced cost should be >= 0 in the complemented nonbasic space. However, for nb var 1631 (real var 1964), it is -1.148981e-06. Small enough error that we only send warning.
*** WARNING (version #1531bee): /home/sek519/warm_starting/vws/../vpc/src/cut/CglVPC.cpp:683: Nonbasic reduced cost should be >= 0 in the complemented nonbasic space. However, for nb var 1645 (real var 1979), it is -5.737643e-07. Small enough error that we only send warning.
*** WARNING (version #1531bee): /home/sek519/warm_starting/vws/../vpc/src/cut/CglVPC.cpp:683: Nonbasic reduced cost should be >= 0 in the complemented nonbasic space. However, for nb var 1646 (real var 1980), it is -1.147529e-06. Small enough error that we only send warning.
*** WARNING (version #1531bee): /home/sek519/warm_starting/vws/../vpc/src/cut/CglVPC.cpp:683: Nonbasic reduced cost should be >= 0 in the complemented nonbasic space. However, for nb var 1647 (real var 1981), it is -1.721293e-06. Small enough error that we only send warning.
*** WARNING (version #1531bee): /home/sek519/warm_starting/vws/../vpc/src/cut/CglVPC.cpp:683: Nonbasic reduced cost should be >= 0 in the complemented nonbasic space. However, for nb var 205 (real var 311), it is -2.756126e-06. Small enough error that we only send warning.
*** WARNING (version #1531bee): /home/sek519/warm_starting/vws/../vpc/src/cut/CglVPC.cpp:683: Nonbasic reduced cost should be >= 0 in the complemented nonbasic space. However, for nb var 279 (real var 391), it is -2.411336e-06. Small enough error that we only send warning.
*** WARNING (version #1531bee): /home/sek519/warm_starting/vws/../vpc/src/cut/CglVPC.cpp:683: Nonbasic reduced cost should be >= 0 in the complemented nonbasic space. However, for nb var 354 (real var 471), it is -2.067094e-06. Small enough error that we only send warning.
*** WARNING (version #1531bee): /home/sek519/warm_starting/vws/../vpc/src/cut/CglVPC.cpp:683: Nonbasic reduced cost should be >= 0 in the complemented nonbasic space. However, for nb var 431 (real var 551), it is -1.722578e-06. Small enough error that we only send warning.
*** WARNING (version #1531bee): /home/sek519/warm_starting/vws/../vpc/src/cut/CglVPC.cpp:683: Nonbasic reduced cost should be >= 0 in the complemented nonbasic space. However, for nb var 508 (real var 631), it is -1.377906e-06. Small enough error that we only send warning.
*** WARNING (version #1531bee): /home/sek519/warm_starting/vws/../vpc/src/cut/CglVPC.cpp:683: Nonbasic reduced cost should be >= 0 in the complemented nonbasic space. However, for nb var 549 (real var 711), it is -1.033547e-06. Small enough error that we only send warning.
*** WARNING (version #1531bee): /home/sek519/warm_starting/vws/../vpc/src/cut/CglVPC.cpp:683: Nonbasic reduced cost should be >= 0 in the complemented nonbasic space. However, for nb var 696 (real var 871), it is -3.445157e-07. Small enough error that we only send warning.
*** WARNING (version #1531bee): /home/sek519/warm_starting/vws/../vpc/src/utility/nbspace.cpp:354: Ray 311: dot product with obj < 0. Obj viol from solver: -0.00000276. Calculated: -0.00000276.
*** WARNING (version #1531bee): /home/sek519/warm_starting/vws/../vpc/src/cut/CglVPC.cpp:1244: Term 1 ray 205 does not satisfy the objective cut. Activity: -0.00000276. RHS: 0.00000000. Small enough violation that we only send a warning.
*** WARNING (version #1531bee): /home/sek519/warm_starting/vws/../vpc/src/utility/nbspace.cpp:354: Ray 391: dot product with obj < 0. Obj viol from solver: -0.00000241. Calculated: -0.00000241.
*** WARNING (version #1531bee): /home/sek519/warm_starting/vws/../vpc/src/cut/CglVPC.cpp:1244: Term 1 ray 279 does not satisfy the objective cut. Activity: -0.00000241. RHS: 0.00000000. Small enough violation that we only send a warning.
*** WARNING (version #1531bee): /home/sek519/warm_starting/vws/../vpc/src/utility/nbspace.cpp:354: Ray 471: dot product with obj < 0. Obj viol from solver: -0.00000207. Calculated: -0.00000207.
*** WARNING (version #1531bee): /home/sek519/warm_starting/vws/../vpc/src/cut/CglVPC.cpp:1244: Term 1 ray 354 does not satisfy the objective cut. Activity: -0.00000207. RHS: 0.00000000. Small enough violation that we only send a warning.
*** WARNING (version #1531bee): /home/sek519/warm_starting/vws/../vpc/src/utility/nbspace.cpp:354: Ray 551: dot product with obj < 0. Obj viol from solver: -0.00000172. Calculated: -0.00000172.
*** WARNING (version #1531bee): /home/sek519/warm_starting/vws/../vpc/src/cut/CglVPC.cpp:1244: Term 1 ray 431 does not satisfy the objective cut. Activity: -0.00000172. RHS: 0.00000000. Small enough violation that we only send a warning.
*** WARNING (version #1531bee): /home/sek519/warm_starting/vws/../vpc/src/utility/nbspace.cpp:354: Ray 631: dot product with obj < 0. Obj viol from solver: -0.00000138. Calculated: -0.00000138.
*** WARNING (version #1531bee): /home/sek519/warm_starting/vws/../vpc/src/cut/CglVPC.cpp:1244: Term 1 ray 508 does not satisfy the objective cut. Activity: -0.00000138. RHS: 0.00000000. Small enough violation that we only send a warning.
*** WARNING (version #1531bee): /home/sek519/warm_starting/vws/../vpc/src/utility/nbspace.cpp:354: Ray 711: dot product with obj < 0. Obj viol from solver: -0.00000103. Calculated: -0.00000103.
*** WARNING (version #1531bee): /home/sek519/warm_starting/vws/../vpc/src/cut/CglVPC.cpp:1244: Term 1 ray 549 does not satisfy the objective cut. Activity: -0.00000103. RHS: 0.00000000. Small enough violation that we only send a warning.
*** WARNING (version #1531bee): /home/sek519/warm_starting/vws/../vpc/src/utility/nbspace.cpp:354: Ray 871: dot product with obj < 0. Obj viol from solver: -0.00000034. Calculated: -0.00000034.
*** WARNING (version #1531bee): /home/sek519/warm_starting/vws/../vpc/src/cut/CglVPC.cpp:1244: Term 1 ray 696 does not satisfy the objective cut. Activity: -0.00000034. RHS: 0.00000000. Small enough violation that we only send a warning.
*** WARNING (version #1531bee): /home/sek519/warm_starting/vws/../vpc/src/cut/PRLP.cpp:387: PRLP is primal infeasible; giving up on this point-ray collection.
