*** Error in `../Release/vws': corrupted size vs. prev_size: 0x0000557054327d70 ***
======= Backtrace: =========
/lib/x86_64-linux-gnu/libc.so.6(+0x70bfb)[0x2b1a9e23cbfb]
/lib/x86_64-linux-gnu/libc.so.6(+0x76fc6)[0x2b1a9e242fc6]
/lib/x86_64-linux-gnu/libc.so.6(+0x773b8)[0x2b1a9e2433b8]
/lib/x86_64-linux-gnu/libc.so.6(+0x77ed8)[0x2b1a9e243ed8]
/home/sek519/warm_starting/vws/../vpc/lib/Cbc-trunk/build/lib/libCoinUtils.so.0(_ZN17CoinIndexedVectorD1Ev+0x11)[0x2b1a9af1b601]
/home/sek519/warm_starting/vws/../vpc/lib/Cbc-trunk/build/lib/libClp.so.0(_ZN10ClpSimplex12gutsOfDeleteEi+0x149)[0x2b1a9adb3ef9]
/home/sek519/warm_starting/vws/../vpc/lib/Cbc-trunk/build/lib/libClp.so.0(_ZN10ClpSimplex9deleteRimEi+0x97f)[0x2b1a9adb4a9f]
/home/sek519/warm_starting/vws/../vpc/lib/Cbc-trunk/build/lib/libClp.so.0(_ZN10ClpSimplex6finishEi+0x50)[0x2b1a9adb4f40]
/home/sek519/warm_starting/vws/../vpc/lib/Cbc-trunk/build/lib/libClp.so.0(_ZN16ClpSimplexPrimal6primalEii+0xef)[0x2b1a9ae0e60f]
/home/sek519/warm_starting/vws/../vpc/lib/Cbc-trunk/build/lib/libClp.so.0(_ZN10ClpSimplex4dualEii+0x391)[0x2b1a9adbe471]
/home/sek519/warm_starting/vws/../vpc/lib/Cbc-trunk/build/lib/libOsiClp.so.0(_ZN21OsiClpSolverInterface7resolveEv+0x135d)[0x2b1a9a8e65dd]
../Release/vws(+0xc79b6)[0x557051f0c9b6]
../Release/vws(+0xc9f91)[0x557051f0ef91]
../Release/vws(+0x392fe)[0x557051e7e2fe]
../Release/vws(+0x3b0f5)[0x557051e800f5]
../Release/vws(+0x54e9f)[0x557051e99e9f]
../Release/vws(+0x315d8)[0x557051e765d8]
/lib/x86_64-linux-gnu/libc.so.6(__libc_start_main+0xf1)[0x2b1a9e1ec2e1]
../Release/vws(+0x32a11)[0x557051e77a11]
======= Memory map: ========
2b1a9a800000-2b1a9a823000 r-xp 00000000 08:05 527455                     /lib/x86_64-linux-gnu/ld-2.24.so
2b1a9a823000-2b1a9a825000 rw-p 00000000 00:00 0 
2b1a9a825000-2b1a9a828000 r--p 00000000 00:2c 235724777                  /home/sek519/miniconda/envs/vws/lib/libz.so.1.2.13
2b1a9a828000-2b1a9a836000 r-xp 00003000 00:2c 235724777                  /home/sek519/miniconda/envs/vws/lib/libz.so.1.2.13
2b1a9a836000-2b1a9a83d000 r--p 00011000 00:2c 235724777                  /home/sek519/miniconda/envs/vws/lib/libz.so.1.2.13
2b1a9a83d000-2b1a9a83e000 r--p 00017000 00:2c 235724777                  /home/sek519/miniconda/envs/vws/lib/libz.so.1.2.13
2b1a9a83e000-2b1a9a83f000 rw-p 00018000 00:2c 235724777                  /home/sek519/miniconda/envs/vws/lib/libz.so.1.2.13
2b1a9a83f000-2b1a9a841000 r--p 00000000 00:2c 234676138                  /home/sek519/miniconda/envs/vws/lib/libbz2.so.1.0.8
2b1a9a841000-2b1a9a84f000 r-xp 00002000 00:2c 234676138                  /home/sek519/miniconda/envs/vws/lib/libbz2.so.1.0.8
2b1a9a84f000-2b1a9a851000 r--p 00010000 00:2c 234676138                  /home/sek519/miniconda/envs/vws/lib/libbz2.so.1.0.8
2b1a9a851000-2b1a9a852000 r--p 00011000 00:2c 234676138                  /home/sek519/miniconda/envs/vws/lib/libbz2.so.1.0.8
2b1a9a852000-2b1a9a853000 rw-p 00012000 00:2c 234676138                  /home/sek519/miniconda/envs/vws/lib/libbz2.so.1.0.8
2b1a9a853000-2b1a9a86b000 r--p 00000000 00:2c 234710701                  /home/sek519/miniconda/envs/vws/lib/libreadline.so.8.1
2b1a9a86b000-2b1a9a896000 r-xp 00018000 00:2c 234710701                  /home/sek519/miniconda/envs/vws/lib/libreadline.so.8.1
2b1a9a896000-2b1a9a8a0000 r--p 00043000 00:2c 234710701                  /home/sek519/miniconda/envs/vws/lib/libreadline.so.8.1
2b1a9a8a0000-2b1a9a8a3000 r--p 0004c000 00:2c 234710701                  /home/sek519/miniconda/envs/vws/lib/libreadline.so.8.1
2b1a9a8a3000-2b1a9a8a9000 rw-p 0004f000 00:2c 234710701                  /home/sek519/miniconda/envs/vws/lib/libreadline.so.8.1
2b1a9a8a9000-2b1a9a8aa000 rw-p 00000000 00:00 0 
2b1a9a8aa000-2b1a9a8bf000 r--p 00000000 00:2c 234489484                  /home/sek519/warm_starting/vpc/lib/Cbc-trunk/build/lib/libOsiClp.so.0.0.0
2b1a9a8bf000-2b1a9a8ef000 r-xp 00015000 00:2c 234489484                  /home/sek519/warm_starting/vpc/lib/Cbc-trunk/build/lib/libOsiClp.so.0.0.0
2b1a9a8ef000-2b1a9a8f9000 r--p 00045000 00:2c 234489484                  /home/sek519/warm_starting/vpc/lib/Cbc-trunk/build/lib/libOsiClp.so.0.0.0
2b1a9a8f9000-2b1a9a8fb000 r--p 0004f000 00:2c 234489484                  /home/sek519/warm_starting/vpc/lib/Cbc-trunk/build/lib/libOsiClp.so.0.0.0
2b1a9a8fb000-2b1a9a8fc000 rw-p 00051000 00:2c 234489484                  /home/sek519/warm_starting/vpc/lib/Cbc-trunk/build/lib/libOsiClp.so.0.0.0
2b1a9a8fc000-2b1a9a8fe000 rw-p 00000000 00:00 0 
2b1a9a8fe000-2b1a9a926000 r--p 00000000 00:2c 234489794                  /home/sek519/warm_starting/vpc/lib/Cbc-trunk/build/lib/libCgl.so.0.0.0
2b1a9a926000-2b1a9a9e9000 r-xp 00028000 00:2c 234489794                  /home/sek519/warm_starting/vpc/lib/Cbc-trunk/build/lib/libCgl.so.0.0.0
2b1a9a9e9000-2b1a9aa09000 r--p 000eb000 00:2c 234489794                  /home/sek519/warm_starting/vpc/lib/Cbc-trunk/build/lib/libCgl.so.0.0.0
2b1a9aa09000-2b1a9aa0b000 r--p 0010b000 00:2c 234489794                  /home/sek519/warm_starting/vpc/lib/Cbc-trunk/build/lib/libCgl.so.0.0.0
2b1a9aa0b000-2b1a9aa0d000 rw-p 0010d000 00:2c 234489794                  /home/sek519/warm_starting/vpc/lib/Cbc-trunk/build/lib/libCgl.so.0.0.0
2b1a9aa0d000-2b1a9aa15000 rw-p 00000000 00:00 0 
2b1a9aa15000-2b1a9aa1c000 r--s 00000000 08:06 1713796                    /usr/lib/x86_64-linux-gnu/gconv/gconv-modules.cache
2b1a9aa1c000-2b1a9aa1d000 rw-p 00000000 00:00 0 
2b1a9aa23000-2b1a9aa24000 r--p 00023000 08:05 527455                     /lib/x86_64-linux-gnu/ld-2.24.so
2b1a9aa24000-2b1a9aa25000 rw-p 00024000 08:05 527455                     /lib/x86_64-linux-gnu/ld-2.24.so
2b1a9aa25000-2b1a9aa26000 rw-p 00000000 00:00 0 
2b1a9aa26000-2b1a9aa94000 r--p 00000000 00:2c 234490095                  /home/sek519/warm_starting/vpc/lib/Cbc-trunk/build/lib/libCbc.so.0.0.0
2b1a9aa94000-2b1a9abe2000 r-xp 0006e000 00:2c 234490095                  /home/sek519/warm_starting/vpc/lib/Cbc-trunk/build/lib/libCbc.so.0.0.0
2b1a9abe2000-2b1a9ac2d000 r--p 001bc000 00:2c 234490095                  /home/sek519/warm_starting/vpc/lib/Cbc-trunk/build/lib/libCbc.so.0.0.0
2b1a9ac2d000-2b1a9ac39000 r--p 00207000 00:2c 234490095                  /home/sek519/warm_starting/vpc/lib/Cbc-trunk/build/lib/libCbc.so.0.0.0
2b1a9ac39000-2b1a9ac3d000 rw-p 00213000 00:2c 234490095                  /home/sek519/warm_starting/vpc/lib/Cbc-trunk/build/lib/libCbc.so.0.0.0
2b1a9ac3d000-2b1a9ac55000 r--p 00000000 00:2c 234489204                  /home/sek519/warm_starting/vpc/lib/Cbc-trunk/build/lib/libOsi.so.0.0.0
2b1a9ac55000-2b1a9ac85000 r-xp 00018000 00:2c 234489204                  /home/sek519/warm_starting/vpc/lib/Cbc-trunk/build/lib/libOsi.so.0.0.0
2b1a9ac85000-2b1a9ac99000 r--p 00048000 00:2c 234489204                  /home/sek519/warm_starting/vpc/lib/Cbc-trunk/build/lib/libOsi.so.0.0.0
2b1a9ac99000-2b1a9ac9b000 r--p 0005c000 00:2c 234489204                  /home/sek519/warm_starting/vpc/lib/Cbc-trunk/build/lib/libOsi.so.0.0.0
2b1a9ac9b000-2b1a9ac9c000 rw-p 0005e000 00:2c 234489204                  /home/sek519/warm_starting/vpc/lib/Cbc-trunk/build/lib/libOsi.so.0.0.0
2b1a9ac9c000-2b1a9acdb000 r--p 00000000 00:2c 234489467                  /home/sek519/warm_starting/vpc/lib/Cbc-trunk/build/lib/libClp.so.0.0.0
2b1a9acdb000-2b1a9ae67000 r-xp 0003f000 00:2c 234489467                  /home/sek519/warm_starting/vpc/lib/Cbc-trunk/build/lib/libClp.so.0.0.0
2b1a9ae67000-2b1a9aeaa000 r--p 001cb000 00:2c 234489467                  /home/sek519/warm_starting/vpc/lib/Cbc-trunk/build/lib/libClp.so.0.0.0
2b1a9aeaa000-2b1a9aead000 r--p 0020d000 00:2c 234489467                  /home/sek519/warm_starting/vpc/lib/Cbc-trunk/build/lib/libClp.so.0.0.0
2b1a9aead000-2b1a9aeb1000 rw-p 00210000 00:2c 234489467                  /home/sek519/warm_starting/vpc/lib/Cbc-trunk/build/lib/libClp.so.0.0.0
2b1a9aeb1000-2b1a9aeeb000 r--p 00000000 00:2c 234489064                  /home/sek519/warm_starting/vpc/lib/Cbc-trunk/build/lib/libCoinUtils.so.0.0.0
2b1a9aeeb000-2b1a9afd1000 r-xp 0003a000 00:2c 234489064                  /home/sek519/warm_starting/vpc/lib/Cbc-trunk/build/lib/libCoinUtils.so.0.0.0
2b1a9afd1000-2b1a9affe000 r--p 00120000 00:2c 234489064                  /home/sek519/warm_starting/vpc/lib/Cbc-trunk/build/lib/libCoinUtils.so.0.0.0
2b1a9affe000-2b1a9b001000 r--p 0014c000 00:2c 234489064                  /home/sek519/warm_starting/vpc/lib/Cbc-trunk/build/lib/libCoinUtils.so.0.0.0
2b1a9b001000-2b1a9b004000 rw-p 0014f000 00:2c 234489064                  /home/sek519/warm_starting/vpc/lib/Cbc-trunk/build/lib/libCoinUtils.so.0.0.0
2b1a9b004000-2b1a9da27000 r-xp 00000000 00:2c 234521354                  /home/sek519/miniconda/envs/vws/lib/libgurobi100.so
2b1a9da27000-2b1a9dc27000 ---p 02a23000 00:2c 234521354                  /home/sek519/miniconda/envs/vws/lib/libgurobi100.so
2b1a9dc27000-2b1a9dc91000 r--p 02a23000 00:2c 234521354                  /home/sek519/miniconda/envs/vws/lib/libgurobi100.so
2b1a9dc91000-2b1a9dcb6000 rw-p 02a8d000 00:2c 234521354                  /home/sek519/miniconda/envs/vws/lib/libgurobi100.so
2b1a9dcb6000-2b1a9dcc3000 rw-p 00000000 00:00 0 
2b1a9dcc3000-2b1a9dcc6000 rw-p 02bf6000 00:2c 234521354                  /home/sek519/miniconda/envs/vws/lib/libgurobi100.so
2b1a9dcc6000-2b1a9dcfb000 r--s 00000000 08:07 130657                     /var/cache/nscd/hosts
2b1a9dcfb000-2b1a9ddfe000 r-xp 00000000 08:05 527463                     /lib/x86_64-linux-gnu/libm-2.24.so
2b1a9ddfe000-2b1a9dffd000 ---p 00103000 08:05 527463                     /lib/x86_64-linux-gnu/libm-2.24.so
2b1a9dffd000-2b1a9dffe000 r--p 00102000 08:05 527463                     /lib/x86_64-linux-gnu/libm-2.24.so
2b1a9dffe000-2b1a9dfff000 rw-p 00103000 08:05 527463                     /lib/x86_64-linux-gnu/libm-2.24.so
2b1a9dfff000-2b1a9e0a5000 r--p 00000000 00:2c 235724303                  /home/sek519/miniconda/envs/vws/lib/libstdc++.so.6.0.30
2b1a9e0a5000-2b1a9e139000 r-xp 000a6000 00:2c 235724303                  /home/sek519/miniconda/envs/vws/lib/libstdc++.so.6.0.30
2b1a9e139000-2b1a9e1a1000 r--p 0013a000 00:2c 235724303                  /home/sek519/miniconda/envs/vws/lib/libstdc++.so.6.0.30
2b1a9e1a1000-2b1a9e1ac000 r--p 001a1000 00:2c 235724303                  /home/sek519/miniconda/envs/vws/lib/libstdc++.so.6.0.30
2b1a9e1ac000-2b1a9e1b0000 rw-p 001ac000 00:2c 235724303                  /home/sek519/miniconda/envs/vws/lib/libstdc++.so.6.0.30
2b1a9e1b0000-2b1a9e1b3000 rw-p 00000000 00:00 0 
2b1a9e1b3000-2b1a9e1b7000 r--p 00000000 00:2c 235727575                  /home/sek519/miniconda/envs/vws/lib/libgcc_s.so.1
2b1a9e1b7000-2b1a9e1c7000 r-xp 00004000 00:2c 235727575                  /home/sek519/miniconda/envs/vws/lib/libgcc_s.so.1
2b1a9e1c7000-2b1a9e1ca000 r--p 00014000 00:2c 235727575                  /home/sek519/miniconda/envs/vws/lib/libgcc_s.so.1
2b1a9e1ca000-2b1a9e1cb000 r--p 00016000 00:2c 235727575                  /home/sek519/miniconda/envs/vws/lib/libgcc_s.so.1
2b1a9e1cb000-2b1a9e1cc000 rw-p 00017000 00:2c 235727575                  /home/sek519/miniconda/envs/vws/lib/libgcc_s.so.1
2b1a9e1cc000-2b1a9e361000 r-xp 00000000 08:05 527459                     /lib/x86_64-linux-gnu/libc-2.24.so
2b1a9e361000-2b1a9e561000 ---p 00195000 08:05 527459                     /lib/x86_64-linux-gnu/libc-2.24.so
2b1a9e561000-2b1a9e565000 r--p 00195000 08:05 527459                     /lib/x86_64-linux-gnu/libc-2.24.so
2b1a9e565000-2b1a9e567000 rw-p 00199000 08:05 527459                     /lib/x86_64-linux-gnu/libc-2.24.so
2b1a9e567000-2b1a9e56b000 rw-p 00000000 00:00 0 
2b1a9e56b000-2b1a9e57b000 r--p 00000000 00:2c 235728014                  /home/sek519/miniconda/envs/vws/lib/libtinfo.so.6.3
2b1a9e57b000-2b1a9e595000 r-xp 00010000 00:2c 235728014                  /home/sek519/miniconda/envs/vws/lib/libtinfo.so.6.3
2b1a9e595000-2b1a9e5a6000 r--p 0002a000 00:2c 235728014                  /home/sek519/miniconda/envs/vws/lib/libtinfo.so.6.3
2b1a9e5a6000-2b1a9e5aa000 r--p 0003a000 00:2c 235728014                  /home/sek519/miniconda/envs/vws/lib/libtinfo.so.6.3
2b1a9e5aa000-2b1a9e5ab000 rw-p 0003e000 00:2c 235728014                  /home/sek519/miniconda/envs/vws/lib/libtinfo.so.6.3
2b1a9e5ab000-2b1a9e5b2000 r-xp 00000000 08:05 527476                     /lib/x86_64-linux-gnu/librt-2.24.so
2b1a9e5b2000-2b1a9e7b1000 ---p 00007000 08:05 527476                     /lib/x86_64-linux-gnu/librt-2.24.so
2b1a9e7b1000-2b1a9e7b2000 r--p 00006000 08:05 527476                     /lib/x86_64-linux-gnu/librt-2.24.so
2b1a9e7b2000-2b1a9e7b3000 rw-p 00007000 08:05 527476                     /lib/x86_64-linux-gnu/librt-2.24.so
2b1a9e7b3000-2b1a9e7cb000 r-xp 00000000 08:05 527474                     /lib/x86_64-linux-gnu/libpthread-2.24.so
2b1a9e7cb000-2b1a9e9ca000 ---p 00018000 08:05 527474                     /lib/x86_64-linux-gnu/libpthread-2.24.so
2b1a9e9ca000-2b1a9e9cb000 r--p 00017000 08:05 527474                     /lib/x86_64-linux-gnu/libpthread-2.24.so
2b1a9e9cb000-2b1a9e9cc000 rw-p 00018000 08:05 527474                     /lib/x86_64-linux-gnu/libpthread-2.24.so
2b1a9e9cc000-2b1a9e9d0000 rw-p 00000000 00:00 0 
2b1a9e9d0000-2b1a9eac9000 r--p 00000000 00:2c 235427053                  /home/sek519/miniconda/envs/vws/lib/libopenblasp-r0.3.12.so
2b1a9eac9000-2b1a9eaca000 r-xp 000f9000 00:2c 235427053                  /home/sek519/miniconda/envs/vws/lib/libopenblasp-r0.3.12.so
2b1a9eaca000-2b1a9ead0000 ---p 000fa000 00:2c 235427053                  /home/sek519/miniconda/envs/vws/lib/libopenblasp-r0.3.12.so
2b1a9ead0000-2b1aa05b3000 r-xp 00100000 00:2c 235427053                  /home/sek519/miniconda/envs/vws/lib/libopenblasp-r0.3.12.so
2b1aa05b3000-2b1aa0786000 r--p 01be3000 00:2c 235427053                  /home/sek519/miniconda/envs/vws/lib/libopenblasp-r0.3.12.so
2b1aa0786000-2b1aa0794000 r--p 01db5000 00:2c 235427053                  /home/sek519/miniconda/envs/vws/lib/libopenblasp-r0.3.12.so
2b1aa0794000-2b1aa07a2000 rw-p 01dc3000 00:2c 235427053                  /home/sek519/miniconda/envs/vws/lib/libopenblasp-r0.3.12.so
2b1aa07a2000-2b1aa07b3000 rw-p 00000000 00:00 0 
2b1aa07b3000-2b1aa07b6000 r-xp 00000000 08:05 527462                     /lib/x86_64-linux-gnu/libdl-2.24.so
2b1aa07b6000-2b1aa09b5000 ---p 00003000 08:05 527462                     /lib/x86_64-linux-gnu/libdl-2.24.so
2b1aa09b5000-2b1aa09b6000 r--p 00002000 08:05 527462                     /lib/x86_64-linux-gnu/libdl-2.24.so
2b1aa09b6000-2b1aa09b7000 rw-p 00003000 08:05 527462                     /lib/x86_64-linux-gnu/libdl-2.24.so
2b1aa09b7000-2b1aa09d2000 r--p 00000000 00:2c 235723995                  /home/sek519/miniconda/envs/vws/lib/libgfortran.so.4.0.0
2b1aa09d2000-2b1aa0ac1000 r-xp 0001b000 00:2c 235723995                  /home/sek519/miniconda/envs/vws/lib/libgfortran.so.4.0.0
2b1aa0ac1000-2b1aa0ae2000 r--p 0010a000 00:2c 235723995                  /home/sek519/miniconda/envs/vws/lib/libgfortran.so.4.0.0
2b1aa0ae2000-2b1aa0ae3000 ---p 0012b000 00:2c 235723995                  /home/sek519/miniconda/envs/vws/lib/libgfortran.so.4.0.0
2b1aa0ae3000-2b1aa0ae4000 r--p 0012b000 00:2c 235723995                  /home/sek519/miniconda/envs/vws/lib/libgfortran.so.4.0.0
2b1aa0ae4000-2b1aa0ae5000 rw-p 0012c000 00:2c 235723995                  /home/sek519/miniconda/envs/vws/lib/libgfortran.so.4.0.0
2b1aa0ae5000-2b1aa0ae6000 rw-p 00000000 00:00 0 
2b1aa0ae6000-2b1aa0ae9000 r--p 00000000 00:2c 235727572                  /home/sek519/miniconda/envs/vws/lib/libquadmath.so.0.0.0
2b1aa0ae9000-2b1aa0b08000 r-xp 00003000 00:2c 235727572                  /home/sek519/miniconda/envs/vws/lib/libquadmath.so.0.0.0
2b1aa0b08000-2b1aa0b1e000 r--p 00022000 00:2c 235727572                  /home/sek519/miniconda/envs/vws/lib/libquadmath.so.0.0.0
2b1aa0b1e000-2b1aa0b1f000 r--p 00038000 00:2c 235727572                  /home/sek519/miniconda/envs/vws/lib/libquadmath.so.0.0.0
2b1aa0b1f000-2b1aa0b20000 rw-p 00039000 00:2c 235727572                  /home/sek519/miniconda/envs/vws/lib/libquadmath.so.0.0.0
2b1aa0b20000-2b1aa0b32000 rw-p 00000000 00:00 0 
2b1aa0b32000-2b1aa0b33000 ---p 00000000 00:00 0 
2b1aa0b33000-2b1aa0d33000 rw-p 00000000 00:00 0 
2b1aa0d33000-2b1aa0d34000 ---p 00000000 00:00 0 
2b1aa0d34000-2b1aa0f34000 rw-p 00000000 00:00 0 
2b1aa0f34000-2b1ab0f34000 rw-p 00000000 00:00 0 
2b1ab0f34000-2b1ab0f35000 ---p 00000000 00:00 0 
2b1ab0f35000-2b1ab1135000 rw-p 00000000 00:00 0 
2b1ab1135000-2b1ab1136000 ---p 00000000 00:00 0 
2b1ab1136000-2b1ab1336000 rw-p 00000000 00:00 0 
2b1ab1336000-2b1ab9336000 rw-p 00000000 00:00 0 
2b1ab9336000-2b1ab9337000 ---p 00000000 00:00 0 
2b1ab9337000-2b1ab9537000 rw-p 00000000 00:00 0 
2b1ab9537000-2b1ac1537000 rw-p 00000000 00:00 0 
2b1ac1537000-2b1ac1538000 ---p 00000000 00:00 0 
2b1ac1538000-2b1ac1738000 rw-p 00000000 00:00 0 
2b1ac1738000-2b1ac9738000 rw-p 00000000 00:00 0 
2b1ac9738000-2b1ac9739000 ---p 00000000 00:00 0 
2b1ac9739000-2b1ac9939000 rw-p 00000000 00:00 0 
2b1ac9939000-2b1ac993a000 ---p 00000000 00:00 0 
2b1ac993a000-2b1ac9b3a000 rw-p 00000000 00:00 0 
2b1ac9b3a000-2b1ac9b3b000 ---p 00000000 00:00 0 
2b1ac9b3b000-2b1ac9d3b000 rw-p 00000000 00:00 0 
2b1ac9d3b000-2b1ac9d3c000 ---p 00000000 00:00 0 
2b1ac9d3c000-2b1ac9f3c000 rw-p 00000000 00:00 0 
2b1ac9f3c000-2b1ac9f3d000 ---p 00000000 00:00 0 
2b1ac9f3d000-2b1aca13d000 rw-p 00000000 00:00 0 
2b1aca13d000-2b1aca13e000 ---p 00000000 00:00 0 
2b1aca13e000-2b1aca33e000 rw-p 00000000 00:00 0 
2b1aca33e000-2b1aca33f000 ---p 00000000 00:00 0 
2b1aca33f000-2b1aca53f000 rw-p 00000000 00:00 0 
2b1aca53f000-2b1aca540000 ---p 00000000 00:00 0 
2b1aca540000-2b1aca740000 rw-p 00000000 00:00 0 
2b1aca740000-2b1aca741000 ---p 00000000 00:00 0 
2b1aca741000-2b1aca941000 rw-p 00000000 00:00 0 
2b1aca941000-2b1b1a941000 rw-p 00000000 00:00 0 
2b1b1a941000-2b1b1aadc000 r--p 00000000 08:06 1703020                    /usr/lib/locale/locale-archive
2b1b1aadc000-2b1b1ab11000 r--s 00000000 08:07 129619                     /var/cache/nscd/passwd
2b1b1ab11000-2b1b1ab12000 ---p 00000000 00:00 0 
2b1b1ab12000-2b1b1ad12000 rw-p 00000000 00:00 0 
2b1b1c000000-2b1b1c021000 rw-p 00000000 00:00 0 
2b1b1c021000-2b1b20000000 ---p 00000000 00:00 0 
557051e45000-557051e68000 r--p 00000000 00:2c 234490227                  /home/sek519/warm_starting/vws/Release/vws
557051e68000-557051f44000 r-xp 00023000 00:2c 234490227                  /home/sek519/warm_starting/vws/Release/vws
557051f44000-557051f79000 r--p 000ff000 00:2c 234490227                  /home/sek519/warm_starting/vws/Release/vws
557051f79000-557051f7f000 r--p 00134000 00:2c 234490227                  /home/sek519/warm_starting/vws/Release/vws
557051f7f000-557051f81000 rw-p 0013a000 00:2c 234490227                  /home/sek519/warm_starting/vws/Release/vws
557053daa000-557054da7000 rw-p 00000000 00:00 0                          [heap]
7fff77994000-7fff779b6000 rw-p 00000000 00:00 0                          [stack]
7fff779f9000-7fff779fb000 r--p 00000000 00:00 0                          [vvar]
7fff779fb000-7fff779fd000 r-xp 00000000 00:00 0                          [vdso]
ffffffffff600000-ffffffffff601000 r-xp 00000000 00:00 0                  [vsyscall]
/var/spool/torque/mom_priv/jobs/1752470.polyp1.ie.lehigh.edu.SC: line 4: 17192 Aborted                 ../Release/vws ${INPUT_FOLDER} ${OUTPUT_FILE} ${MAX_TIME} ${GENERATOR} ${TERMS} ${MIP_SOLVER} ${PROVIDE_PRIMAL_BOUND}
