*** Error in `../Release/vws': double free or corruption (out): 0x000055d0330e6690 ***
======= Backtrace: =========
/lib/x86_64-linux-gnu/libc.so.6(+0x70bfb)[0x2b650528bbfb]
/lib/x86_64-linux-gnu/libc.so.6(+0x76fc6)[0x2b6505291fc6]
/lib/x86_64-linux-gnu/libc.so.6(+0x7780e)[0x2b650529280e]
/home/sek519/warm_starting/vws/../vpc/lib/Cbc-trunk/build/lib/libClp.so.0(_ZN15ClpPackedMatrix18allElementsInRangeEP8ClpModelddi+0x436)[0x2b6501da23c6]
/home/sek519/warm_starting/vws/../vpc/lib/Cbc-trunk/build/lib/libClp.so.0(_ZN10ClpSimplex9createRimEibi+0x1252)[0x2b6501dfeed2]
/home/sek519/warm_starting/vws/../vpc/lib/Cbc-trunk/build/lib/libClp.so.0(_ZN10ClpSimplex7startupEii+0xd1)[0x2b6501e10cf1]
/home/sek519/warm_starting/vws/../vpc/lib/Cbc-trunk/build/lib/libClp.so.0(_ZN14ClpSimplexDual12startupSolveEiPdi+0x3b)[0x2b6501e2267b]
/home/sek519/warm_starting/vws/../vpc/lib/Cbc-trunk/build/lib/libClp.so.0(_ZN14ClpSimplexDual4dualEii+0x1c3)[0x2b6501e2ea63]
/home/sek519/warm_starting/vws/../vpc/lib/Cbc-trunk/build/lib/libClp.so.0(_ZN10ClpSimplex4dualEii+0x5f)[0x2b6501e1313f]
/home/sek519/warm_starting/vws/../vpc/lib/Cbc-trunk/build/lib/libOsiClp.so.0(_ZN21OsiClpSolverInterface7resolveEv+0x135d)[0x2b650193b5dd]
../Release/vws(+0xc79b6)[0x55d02905f9b6]
../Release/vws(+0xc9f91)[0x55d029061f91]
../Release/vws(+0x38bc7)[0x55d028fd0bc7]
../Release/vws(+0x3ae7e)[0x55d028fd2e7e]
../Release/vws(+0x54e9f)[0x55d028fece9f]
../Release/vws(+0x315d8)[0x55d028fc95d8]
/lib/x86_64-linux-gnu/libc.so.6(__libc_start_main+0xf1)[0x2b650523b2e1]
../Release/vws(+0x32a11)[0x55d028fcaa11]
======= Memory map: ========
2b6501855000-2b6501878000 r-xp 00000000 08:05 261277                     /lib/x86_64-linux-gnu/ld-2.24.so
2b6501878000-2b650187a000 rw-p 00000000 00:00 0 
2b650187a000-2b650187d000 r--p 00000000 00:2b 235724777                  /home/sek519/miniconda/envs/vws/lib/libz.so.1.2.13
2b650187d000-2b650188b000 r-xp 00003000 00:2b 235724777                  /home/sek519/miniconda/envs/vws/lib/libz.so.1.2.13
2b650188b000-2b6501892000 r--p 00011000 00:2b 235724777                  /home/sek519/miniconda/envs/vws/lib/libz.so.1.2.13
2b6501892000-2b6501893000 r--p 00017000 00:2b 235724777                  /home/sek519/miniconda/envs/vws/lib/libz.so.1.2.13
2b6501893000-2b6501894000 rw-p 00018000 00:2b 235724777                  /home/sek519/miniconda/envs/vws/lib/libz.so.1.2.13
2b6501894000-2b6501896000 r--p 00000000 00:2b 234676138                  /home/sek519/miniconda/envs/vws/lib/libbz2.so.1.0.8
2b6501896000-2b65018a4000 r-xp 00002000 00:2b 234676138                  /home/sek519/miniconda/envs/vws/lib/libbz2.so.1.0.8
2b65018a4000-2b65018a6000 r--p 00010000 00:2b 234676138                  /home/sek519/miniconda/envs/vws/lib/libbz2.so.1.0.8
2b65018a6000-2b65018a7000 r--p 00011000 00:2b 234676138                  /home/sek519/miniconda/envs/vws/lib/libbz2.so.1.0.8
2b65018a7000-2b65018a8000 rw-p 00012000 00:2b 234676138                  /home/sek519/miniconda/envs/vws/lib/libbz2.so.1.0.8
2b65018a8000-2b65018c0000 r--p 00000000 00:2b 234710701                  /home/sek519/miniconda/envs/vws/lib/libreadline.so.8.1
2b65018c0000-2b65018eb000 r-xp 00018000 00:2b 234710701                  /home/sek519/miniconda/envs/vws/lib/libreadline.so.8.1
2b65018eb000-2b65018f5000 r--p 00043000 00:2b 234710701                  /home/sek519/miniconda/envs/vws/lib/libreadline.so.8.1
2b65018f5000-2b65018f8000 r--p 0004c000 00:2b 234710701                  /home/sek519/miniconda/envs/vws/lib/libreadline.so.8.1
2b65018f8000-2b65018fe000 rw-p 0004f000 00:2b 234710701                  /home/sek519/miniconda/envs/vws/lib/libreadline.so.8.1
2b65018fe000-2b65018ff000 rw-p 00000000 00:00 0 
2b65018ff000-2b6501914000 r--p 00000000 00:2b 234489484                  /home/sek519/warm_starting/vpc/lib/Cbc-trunk/build/lib/libOsiClp.so.0.0.0
2b6501914000-2b6501944000 r-xp 00015000 00:2b 234489484                  /home/sek519/warm_starting/vpc/lib/Cbc-trunk/build/lib/libOsiClp.so.0.0.0
2b6501944000-2b650194e000 r--p 00045000 00:2b 234489484                  /home/sek519/warm_starting/vpc/lib/Cbc-trunk/build/lib/libOsiClp.so.0.0.0
2b650194e000-2b6501950000 r--p 0004f000 00:2b 234489484                  /home/sek519/warm_starting/vpc/lib/Cbc-trunk/build/lib/libOsiClp.so.0.0.0
2b6501950000-2b6501951000 rw-p 00051000 00:2b 234489484                  /home/sek519/warm_starting/vpc/lib/Cbc-trunk/build/lib/libOsiClp.so.0.0.0
2b6501951000-2b6501953000 rw-p 00000000 00:00 0 
2b6501953000-2b650197b000 r--p 00000000 00:2b 234489794                  /home/sek519/warm_starting/vpc/lib/Cbc-trunk/build/lib/libCgl.so.0.0.0
2b650197b000-2b6501a3e000 r-xp 00028000 00:2b 234489794                  /home/sek519/warm_starting/vpc/lib/Cbc-trunk/build/lib/libCgl.so.0.0.0
2b6501a3e000-2b6501a5e000 r--p 000eb000 00:2b 234489794                  /home/sek519/warm_starting/vpc/lib/Cbc-trunk/build/lib/libCgl.so.0.0.0
2b6501a5e000-2b6501a60000 r--p 0010b000 00:2b 234489794                  /home/sek519/warm_starting/vpc/lib/Cbc-trunk/build/lib/libCgl.so.0.0.0
2b6501a60000-2b6501a62000 rw-p 0010d000 00:2b 234489794                  /home/sek519/warm_starting/vpc/lib/Cbc-trunk/build/lib/libCgl.so.0.0.0
2b6501a62000-2b6501a6a000 rw-p 00000000 00:00 0 
2b6501a6a000-2b6501a71000 r--s 00000000 08:06 2372323                    /usr/lib/x86_64-linux-gnu/gconv/gconv-modules.cache
2b6501a71000-2b6501a72000 rw-p 00000000 00:00 0 
2b6501a78000-2b6501a79000 r--p 00023000 08:05 261277                     /lib/x86_64-linux-gnu/ld-2.24.so
2b6501a79000-2b6501a7a000 rw-p 00024000 08:05 261277                     /lib/x86_64-linux-gnu/ld-2.24.so
2b6501a7a000-2b6501a7b000 rw-p 00000000 00:00 0 
2b6501a7b000-2b6501ae9000 r--p 00000000 00:2b 234490095                  /home/sek519/warm_starting/vpc/lib/Cbc-trunk/build/lib/libCbc.so.0.0.0
2b6501ae9000-2b6501c37000 r-xp 0006e000 00:2b 234490095                  /home/sek519/warm_starting/vpc/lib/Cbc-trunk/build/lib/libCbc.so.0.0.0
2b6501c37000-2b6501c82000 r--p 001bc000 00:2b 234490095                  /home/sek519/warm_starting/vpc/lib/Cbc-trunk/build/lib/libCbc.so.0.0.0
2b6501c82000-2b6501c8e000 r--p 00207000 00:2b 234490095                  /home/sek519/warm_starting/vpc/lib/Cbc-trunk/build/lib/libCbc.so.0.0.0
2b6501c8e000-2b6501c92000 rw-p 00213000 00:2b 234490095                  /home/sek519/warm_starting/vpc/lib/Cbc-trunk/build/lib/libCbc.so.0.0.0
2b6501c92000-2b6501caa000 r--p 00000000 00:2b 234489204                  /home/sek519/warm_starting/vpc/lib/Cbc-trunk/build/lib/libOsi.so.0.0.0
2b6501caa000-2b6501cda000 r-xp 00018000 00:2b 234489204                  /home/sek519/warm_starting/vpc/lib/Cbc-trunk/build/lib/libOsi.so.0.0.0
2b6501cda000-2b6501cee000 r--p 00048000 00:2b 234489204                  /home/sek519/warm_starting/vpc/lib/Cbc-trunk/build/lib/libOsi.so.0.0.0
2b6501cee000-2b6501cf0000 r--p 0005c000 00:2b 234489204                  /home/sek519/warm_starting/vpc/lib/Cbc-trunk/build/lib/libOsi.so.0.0.0
2b6501cf0000-2b6501cf1000 rw-p 0005e000 00:2b 234489204                  /home/sek519/warm_starting/vpc/lib/Cbc-trunk/build/lib/libOsi.so.0.0.0
2b6501cf1000-2b6501d30000 r--p 00000000 00:2b 234489467                  /home/sek519/warm_starting/vpc/lib/Cbc-trunk/build/lib/libClp.so.0.0.0
2b6501d30000-2b6501ebc000 r-xp 0003f000 00:2b 234489467                  /home/sek519/warm_starting/vpc/lib/Cbc-trunk/build/lib/libClp.so.0.0.0
2b6501ebc000-2b6501eff000 r--p 001cb000 00:2b 234489467                  /home/sek519/warm_starting/vpc/lib/Cbc-trunk/build/lib/libClp.so.0.0.0
2b6501eff000-2b6501f02000 r--p 0020d000 00:2b 234489467                  /home/sek519/warm_starting/vpc/lib/Cbc-trunk/build/lib/libClp.so.0.0.0
2b6501f02000-2b6501f06000 rw-p 00210000 00:2b 234489467                  /home/sek519/warm_starting/vpc/lib/Cbc-trunk/build/lib/libClp.so.0.0.0
2b6501f06000-2b6501f40000 r--p 00000000 00:2b 234489064                  /home/sek519/warm_starting/vpc/lib/Cbc-trunk/build/lib/libCoinUtils.so.0.0.0
2b6501f40000-2b6502026000 r-xp 0003a000 00:2b 234489064                  /home/sek519/warm_starting/vpc/lib/Cbc-trunk/build/lib/libCoinUtils.so.0.0.0
2b6502026000-2b6502053000 r--p 00120000 00:2b 234489064                  /home/sek519/warm_starting/vpc/lib/Cbc-trunk/build/lib/libCoinUtils.so.0.0.0
2b6502053000-2b6502056000 r--p 0014c000 00:2b 234489064                  /home/sek519/warm_starting/vpc/lib/Cbc-trunk/build/lib/libCoinUtils.so.0.0.0
2b6502056000-2b6502059000 rw-p 0014f000 00:2b 234489064                  /home/sek519/warm_starting/vpc/lib/Cbc-trunk/build/lib/libCoinUtils.so.0.0.0
2b6502059000-2b6504a7c000 r-xp 00000000 00:2b 234521354                  /home/sek519/miniconda/envs/vws/lib/libgurobi100.so
2b6504a7c000-2b6504c7c000 ---p 02a23000 00:2b 234521354                  /home/sek519/miniconda/envs/vws/lib/libgurobi100.so
2b6504c7c000-2b6504ce6000 r--p 02a23000 00:2b 234521354                  /home/sek519/miniconda/envs/vws/lib/libgurobi100.so
2b6504ce6000-2b6504d0b000 rw-p 02a8d000 00:2b 234521354                  /home/sek519/miniconda/envs/vws/lib/libgurobi100.so
2b6504d0b000-2b6504d18000 rw-p 00000000 00:00 0 
2b6504d18000-2b6504d1b000 rw-p 02bf6000 00:2b 234521354                  /home/sek519/miniconda/envs/vws/lib/libgurobi100.so
2b6504d4a000-2b6504e4d000 r-xp 00000000 08:05 261386                     /lib/x86_64-linux-gnu/libm-2.24.so
2b6504e4d000-2b650504c000 ---p 00103000 08:05 261386                     /lib/x86_64-linux-gnu/libm-2.24.so
2b650504c000-2b650504d000 r--p 00102000 08:05 261386                     /lib/x86_64-linux-gnu/libm-2.24.so
2b650504d000-2b650504e000 rw-p 00103000 08:05 261386                     /lib/x86_64-linux-gnu/libm-2.24.so
2b650504e000-2b65050f4000 r--p 00000000 00:2b 235724303                  /home/sek519/miniconda/envs/vws/lib/libstdc++.so.6.0.30
2b65050f4000-2b6505188000 r-xp 000a6000 00:2b 235724303                  /home/sek519/miniconda/envs/vws/lib/libstdc++.so.6.0.30
2b6505188000-2b65051f0000 r--p 0013a000 00:2b 235724303                  /home/sek519/miniconda/envs/vws/lib/libstdc++.so.6.0.30
2b65051f0000-2b65051fb000 r--p 001a1000 00:2b 235724303                  /home/sek519/miniconda/envs/vws/lib/libstdc++.so.6.0.30
2b65051fb000-2b65051ff000 rw-p 001ac000 00:2b 235724303                  /home/sek519/miniconda/envs/vws/lib/libstdc++.so.6.0.30
2b65051ff000-2b6505202000 rw-p 00000000 00:00 0 
2b6505202000-2b6505206000 r--p 00000000 00:2b 235727575                  /home/sek519/miniconda/envs/vws/lib/libgcc_s.so.1
2b6505206000-2b6505216000 r-xp 00004000 00:2b 235727575                  /home/sek519/miniconda/envs/vws/lib/libgcc_s.so.1
2b6505216000-2b6505219000 r--p 00014000 00:2b 235727575                  /home/sek519/miniconda/envs/vws/lib/libgcc_s.so.1
2b6505219000-2b650521a000 r--p 00016000 00:2b 235727575                  /home/sek519/miniconda/envs/vws/lib/libgcc_s.so.1
2b650521a000-2b650521b000 rw-p 00017000 00:2b 235727575                  /home/sek519/miniconda/envs/vws/lib/libgcc_s.so.1
2b650521b000-2b65053b0000 r-xp 00000000 08:05 261287                     /lib/x86_64-linux-gnu/libc-2.24.so
2b65053b0000-2b65055b0000 ---p 00195000 08:05 261287                     /lib/x86_64-linux-gnu/libc-2.24.so
2b65055b0000-2b65055b4000 r--p 00195000 08:05 261287                     /lib/x86_64-linux-gnu/libc-2.24.so
2b65055b4000-2b65055b6000 rw-p 00199000 08:05 261287                     /lib/x86_64-linux-gnu/libc-2.24.so
2b65055b6000-2b65055ba000 rw-p 00000000 00:00 0 
2b65055ba000-2b65055ca000 r--p 00000000 00:2b 235728014                  /home/sek519/miniconda/envs/vws/lib/libtinfo.so.6.3
2b65055ca000-2b65055e4000 r-xp 00010000 00:2b 235728014                  /home/sek519/miniconda/envs/vws/lib/libtinfo.so.6.3
2b65055e4000-2b65055f5000 r--p 0002a000 00:2b 235728014                  /home/sek519/miniconda/envs/vws/lib/libtinfo.so.6.3
2b65055f5000-2b65055f9000 r--p 0003a000 00:2b 235728014                  /home/sek519/miniconda/envs/vws/lib/libtinfo.so.6.3
2b65055f9000-2b65055fa000 rw-p 0003e000 00:2b 235728014                  /home/sek519/miniconda/envs/vws/lib/libtinfo.so.6.3
2b65055fa000-2b6505601000 r-xp 00000000 08:05 272302                     /lib/x86_64-linux-gnu/librt-2.24.so
2b6505601000-2b6505800000 ---p 00007000 08:05 272302                     /lib/x86_64-linux-gnu/librt-2.24.so
2b6505800000-2b6505801000 r--p 00006000 08:05 272302                     /lib/x86_64-linux-gnu/librt-2.24.so
2b6505801000-2b6505802000 rw-p 00007000 08:05 272302                     /lib/x86_64-linux-gnu/librt-2.24.so
2b6505802000-2b650581a000 r-xp 00000000 08:05 272300                     /lib/x86_64-linux-gnu/libpthread-2.24.so
2b650581a000-2b6505a19000 ---p 00018000 08:05 272300                     /lib/x86_64-linux-gnu/libpthread-2.24.so
2b6505a19000-2b6505a1a000 r--p 00017000 08:05 272300                     /lib/x86_64-linux-gnu/libpthread-2.24.so
2b6505a1a000-2b6505a1b000 rw-p 00018000 08:05 272300                     /lib/x86_64-linux-gnu/libpthread-2.24.so
2b6505a1b000-2b6505a1f000 rw-p 00000000 00:00 0 
2b6505a1f000-2b6505b18000 r--p 00000000 00:2b 235427053                  /home/sek519/miniconda/envs/vws/lib/libopenblasp-r0.3.12.so
2b6505b18000-2b6505b19000 r-xp 000f9000 00:2b 235427053                  /home/sek519/miniconda/envs/vws/lib/libopenblasp-r0.3.12.so
2b6505b19000-2b6505b1f000 ---p 000fa000 00:2b 235427053                  /home/sek519/miniconda/envs/vws/lib/libopenblasp-r0.3.12.so
2b6505b1f000-2b6507602000 r-xp 00100000 00:2b 235427053                  /home/sek519/miniconda/envs/vws/lib/libopenblasp-r0.3.12.so
2b6507602000-2b65077d5000 r--p 01be3000 00:2b 235427053                  /home/sek519/miniconda/envs/vws/lib/libopenblasp-r0.3.12.so
2b65077d5000-2b65077e3000 r--p 01db5000 00:2b 235427053                  /home/sek519/miniconda/envs/vws/lib/libopenblasp-r0.3.12.so
2b65077e3000-2b65077f1000 rw-p 01dc3000 00:2b 235427053                  /home/sek519/miniconda/envs/vws/lib/libopenblasp-r0.3.12.so
2b65077f1000-2b6507802000 rw-p 00000000 00:00 0 
2b6507802000-2b6507805000 r-xp 00000000 08:05 261384                     /lib/x86_64-linux-gnu/libdl-2.24.so
2b6507805000-2b6507a04000 ---p 00003000 08:05 261384                     /lib/x86_64-linux-gnu/libdl-2.24.so
2b6507a04000-2b6507a05000 r--p 00002000 08:05 261384                     /lib/x86_64-linux-gnu/libdl-2.24.so
2b6507a05000-2b6507a06000 rw-p 00003000 08:05 261384                     /lib/x86_64-linux-gnu/libdl-2.24.so
2b6507a06000-2b6507a21000 r--p 00000000 00:2b 235723995                  /home/sek519/miniconda/envs/vws/lib/libgfortran.so.4.0.0
2b6507a21000-2b6507b10000 r-xp 0001b000 00:2b 235723995                  /home/sek519/miniconda/envs/vws/lib/libgfortran.so.4.0.0
2b6507b10000-2b6507b31000 r--p 0010a000 00:2b 235723995                  /home/sek519/miniconda/envs/vws/lib/libgfortran.so.4.0.0
2b6507b31000-2b6507b32000 ---p 0012b000 00:2b 235723995                  /home/sek519/miniconda/envs/vws/lib/libgfortran.so.4.0.0
2b6507b32000-2b6507b33000 r--p 0012b000 00:2b 235723995                  /home/sek519/miniconda/envs/vws/lib/libgfortran.so.4.0.0
2b6507b33000-2b6507b34000 rw-p 0012c000 00:2b 235723995                  /home/sek519/miniconda/envs/vws/lib/libgfortran.so.4.0.0
2b6507b34000-2b6507b35000 rw-p 00000000 00:00 0 
2b6507b35000-2b6507b38000 r--p 00000000 00:2b 235727572                  /home/sek519/miniconda/envs/vws/lib/libquadmath.so.0.0.0
2b6507b38000-2b6507b57000 r-xp 00003000 00:2b 235727572                  /home/sek519/miniconda/envs/vws/lib/libquadmath.so.0.0.0
2b6507b57000-2b6507b6d000 r--p 00022000 00:2b 235727572                  /home/sek519/miniconda/envs/vws/lib/libquadmath.so.0.0.0
2b6507b6d000-2b6507b6e000 r--p 00038000 00:2b 235727572                  /home/sek519/miniconda/envs/vws/lib/libquadmath.so.0.0.0
2b6507b6e000-2b6507b6f000 rw-p 00039000 00:2b 235727572                  /home/sek519/miniconda/envs/vws/lib/libquadmath.so.0.0.0
2b6507b6f000-2b6507b81000 rw-p 00000000 00:00 0 
2b6507b81000-2b6507b82000 ---p 00000000 00:00 0 
2b6507b82000-2b6507d82000 rw-p 00000000 00:00 0 
2b6507d82000-2b6507d83000 ---p 00000000 00:00 0 
2b6507d83000-2b6507f83000 rw-p 00000000 00:00 0 
2b6507f83000-2b6517f83000 rw-p 00000000 00:00 0 
2b6517f83000-2b6517f84000 ---p 00000000 00:00 0 
2b6517f84000-2b6518184000 rw-p 00000000 00:00 0 
2b6518184000-2b6518185000 ---p 00000000 00:00 0 
2b6518185000-2b6518385000 rw-p 00000000 00:00 0 
2b6518385000-2b6520385000 rw-p 00000000 00:00 0 
2b6520385000-2b6520386000 ---p 00000000 00:00 0 
2b6520386000-2b6520586000 rw-p 00000000 00:00 0 
2b6520586000-2b6528586000 rw-p 00000000 00:00 0 
2b6528586000-2b6528587000 ---p 00000000 00:00 0 
2b6528587000-2b6528787000 rw-p 00000000 00:00 0 
2b6528787000-2b6530787000 rw-p 00000000 00:00 0 
2b6530787000-2b6530788000 ---p 00000000 00:00 0 
2b6530788000-2b6530988000 rw-p 00000000 00:00 0 
2b6530988000-2b6538988000 rw-p 00000000 00:00 0 
2b6538988000-2b6538989000 ---p 00000000 00:00 0 
2b6538989000-2b6538b89000 rw-p 00000000 00:00 0 
2b6538b89000-2b6540b89000 rw-p 00000000 00:00 0 
2b6540b89000-2b6540b8a000 ---p 00000000 00:00 0 
2b6540b8a000-2b6540d8a000 rw-p 00000000 00:00 0 
2b6540d8a000-2b6548d8a000 rw-p 00000000 00:00 0 
2b6548d8a000-2b6548d8b000 ---p 00000000 00:00 0 
2b6548d8b000-2b6548f8b000 rw-p 00000000 00:00 0 
2b6548f8b000-2b6550f8b000 rw-p 00000000 00:00 0 
2b6550f8b000-2b6550f8c000 ---p 00000000 00:00 0 
2b6550f8c000-2b655118c000 rw-p 00000000 00:00 0 
2b655118c000-2b655118d000 ---p 00000000 00:00 0 
2b655118d000-2b655138d000 rw-p 00000000 00:00 0 
2b655138d000-2b655138e000 ---p 00000000 00:00 0 
2b655138e000-2b655158e000 rw-p 00000000 00:00 0 
2b655158e000-2b655158f000 ---p 00000000 00:00 0 
2b655158f000-2b655178f000 rw-p 00000000 00:00 0 
2b655178f000-2b6551790000 ---p 00000000 00:00 0 
2b6551790000-2b6551990000 rw-p 00000000 00:00 0 
2b6551990000-2b6581990000 rw-p 00000000 00:00 0 
2b6581990000-2b65819c5000 r--s 00000000 08:07 391495                     /var/cache/nscd/hosts
2b65819c5000-2b6581b60000 r--p 00000000 08:06 2368416                    /usr/lib/locale/locale-archive
2b6581b60000-2b6581b95000 r--s 00000000 08:07 391491                     /var/cache/nscd/passwd
2b6581b95000-2b6581b96000 ---p 00000000 00:00 0 
2b6581b96000-2b6581d96000 rw-p 00000000 00:00 0 
2b6584000000-2b6584021000 rw-p 00000000 00:00 0 
2b6584021000-2b6588000000 ---p 00000000 00:00 0 
55d028f98000-55d028fbb000 r--p 00000000 00:2b 234490227                  /home/sek519/warm_starting/vws/Release/vws
55d028fbb000-55d029097000 r-xp 00023000 00:2b 234490227                  /home/sek519/warm_starting/vws/Release/vws
55d029097000-55d0290cc000 r--p 000ff000 00:2b 234490227                  /home/sek519/warm_starting/vws/Release/vws
55d0290cc000-55d0290d2000 r--p 00134000 00:2b 234490227                  /home/sek519/warm_starting/vws/Release/vws
55d0290d2000-55d0290d4000 rw-p 0013a000 00:2b 234490227                  /home/sek519/warm_starting/vws/Release/vws
55d02aaf2000-55d0333a3000 rw-p 00000000 00:00 0                          [heap]
7fffb0824000-7fffb0846000 rw-p 00000000 00:00 0                          [stack]
7fffb0861000-7fffb0863000 r--p 00000000 00:00 0                          [vvar]
7fffb0863000-7fffb0865000 r-xp 00000000 00:00 0                          [vdso]
ffffffffff600000-ffffffffff601000 r-xp 00000000 00:00 0                  [vsyscall]
/var/spool/torque/mom_priv/jobs/1756757.polyp1.ie.lehigh.edu.SC: line 4: 32291 Aborted                 (core dumped) ../Release/vws ${INPUT_FOLDER} ${OUTPUT_FILE} ${MAX_TIME} ${GENERATOR} ${TERMS} ${MIP_SOLVER} ${PROVIDE_PRIMAL_BOUND}
