*** Error in `../Release/vws': free(): invalid next size (normal): 0x0000565488e7f220 ***
======= Backtrace: =========
/lib/x86_64-linux-gnu/libc.so.6(+0x70bfb)[0x2ac14b4f0bfb]
/lib/x86_64-linux-gnu/libc.so.6(+0x76fc6)[0x2ac14b4f6fc6]
/lib/x86_64-linux-gnu/libc.so.6(+0x7780e)[0x2ac14b4f780e]
/home/sek519/warm_starting/vws/../vpc/lib/Cbc-trunk/build/lib/libCoinUtils.so.0(_ZN16CoinPackedMatrix17appendMinorVectorEiPKiPKd+0xbf)[0x2ac14821623f]
/home/sek519/warm_starting/vws/../vpc/lib/Cbc-trunk/build/lib/libOsiClp.so.0(_ZN21OsiClpSolverInterface6addRowEiPKiPKddd+0xb0)[0x2ac147b91a90]
../Release/vws(+0xc788b)[0x56548709d88b]
../Release/vws(+0xc9f91)[0x56548709ff91]
../Release/vws(+0x38bc7)[0x56548700ebc7]
../Release/vws(+0x3ae7e)[0x565487010e7e]
../Release/vws(+0x54e9f)[0x56548702ae9f]
../Release/vws(+0x315d8)[0x5654870075d8]
/lib/x86_64-linux-gnu/libc.so.6(__libc_start_main+0xf1)[0x2ac14b4a02e1]
../Release/vws(+0x32a11)[0x565487008a11]
======= Memory map: ========
2ac147ab4000-2ac147ad7000 r-xp 00000000 08:05 4263                       /lib/x86_64-linux-gnu/ld-2.24.so
2ac147ad7000-2ac147ad9000 rw-p 00000000 00:00 0 
2ac147ad9000-2ac147adc000 r--p 00000000 00:2c 235724777                  /home/sek519/miniconda/envs/vws/lib/libz.so.1.2.13
2ac147adc000-2ac147aea000 r-xp 00003000 00:2c 235724777                  /home/sek519/miniconda/envs/vws/lib/libz.so.1.2.13
2ac147aea000-2ac147af1000 r--p 00011000 00:2c 235724777                  /home/sek519/miniconda/envs/vws/lib/libz.so.1.2.13
2ac147af1000-2ac147af2000 r--p 00017000 00:2c 235724777                  /home/sek519/miniconda/envs/vws/lib/libz.so.1.2.13
2ac147af2000-2ac147af3000 rw-p 00018000 00:2c 235724777                  /home/sek519/miniconda/envs/vws/lib/libz.so.1.2.13
2ac147af3000-2ac147af5000 r--p 00000000 00:2c 234676138                  /home/sek519/miniconda/envs/vws/lib/libbz2.so.1.0.8
2ac147af5000-2ac147b03000 r-xp 00002000 00:2c 234676138                  /home/sek519/miniconda/envs/vws/lib/libbz2.so.1.0.8
2ac147b03000-2ac147b05000 r--p 00010000 00:2c 234676138                  /home/sek519/miniconda/envs/vws/lib/libbz2.so.1.0.8
2ac147b05000-2ac147b06000 r--p 00011000 00:2c 234676138                  /home/sek519/miniconda/envs/vws/lib/libbz2.so.1.0.8
2ac147b06000-2ac147b07000 rw-p 00012000 00:2c 234676138                  /home/sek519/miniconda/envs/vws/lib/libbz2.so.1.0.8
2ac147b07000-2ac147b1f000 r--p 00000000 00:2c 234710701                  /home/sek519/miniconda/envs/vws/lib/libreadline.so.8.1
2ac147b1f000-2ac147b4a000 r-xp 00018000 00:2c 234710701                  /home/sek519/miniconda/envs/vws/lib/libreadline.so.8.1
2ac147b4a000-2ac147b54000 r--p 00043000 00:2c 234710701                  /home/sek519/miniconda/envs/vws/lib/libreadline.so.8.1
2ac147b54000-2ac147b57000 r--p 0004c000 00:2c 234710701                  /home/sek519/miniconda/envs/vws/lib/libreadline.so.8.1
2ac147b57000-2ac147b5d000 rw-p 0004f000 00:2c 234710701                  /home/sek519/miniconda/envs/vws/lib/libreadline.so.8.1
2ac147b5d000-2ac147b5e000 rw-p 00000000 00:00 0 
2ac147b5e000-2ac147b73000 r--p 00000000 00:2c 234489484                  /home/sek519/warm_starting/vpc/lib/Cbc-trunk/build/lib/libOsiClp.so.0.0.0
2ac147b73000-2ac147ba3000 r-xp 00015000 00:2c 234489484                  /home/sek519/warm_starting/vpc/lib/Cbc-trunk/build/lib/libOsiClp.so.0.0.0
2ac147ba3000-2ac147bad000 r--p 00045000 00:2c 234489484                  /home/sek519/warm_starting/vpc/lib/Cbc-trunk/build/lib/libOsiClp.so.0.0.0
2ac147bad000-2ac147baf000 r--p 0004f000 00:2c 234489484                  /home/sek519/warm_starting/vpc/lib/Cbc-trunk/build/lib/libOsiClp.so.0.0.0
2ac147baf000-2ac147bb0000 rw-p 00051000 00:2c 234489484                  /home/sek519/warm_starting/vpc/lib/Cbc-trunk/build/lib/libOsiClp.so.0.0.0
2ac147bb0000-2ac147bb2000 rw-p 00000000 00:00 0 
2ac147bb2000-2ac147bda000 r--p 00000000 00:2c 234489794                  /home/sek519/warm_starting/vpc/lib/Cbc-trunk/build/lib/libCgl.so.0.0.0
2ac147bda000-2ac147c9d000 r-xp 00028000 00:2c 234489794                  /home/sek519/warm_starting/vpc/lib/Cbc-trunk/build/lib/libCgl.so.0.0.0
2ac147c9d000-2ac147cbd000 r--p 000eb000 00:2c 234489794                  /home/sek519/warm_starting/vpc/lib/Cbc-trunk/build/lib/libCgl.so.0.0.0
2ac147cbd000-2ac147cbf000 r--p 0010b000 00:2c 234489794                  /home/sek519/warm_starting/vpc/lib/Cbc-trunk/build/lib/libCgl.so.0.0.0
2ac147cbf000-2ac147cc1000 rw-p 0010d000 00:2c 234489794                  /home/sek519/warm_starting/vpc/lib/Cbc-trunk/build/lib/libCgl.so.0.0.0
2ac147cc1000-2ac147cc9000 rw-p 00000000 00:00 0 
2ac147cc9000-2ac147cd0000 r--s 00000000 08:06 1315782                    /usr/lib/x86_64-linux-gnu/gconv/gconv-modules.cache
2ac147cd0000-2ac147cd1000 rw-p 00000000 00:00 0 
2ac147cd7000-2ac147cd8000 r--p 00023000 08:05 4263                       /lib/x86_64-linux-gnu/ld-2.24.so
2ac147cd8000-2ac147cd9000 rw-p 00024000 08:05 4263                       /lib/x86_64-linux-gnu/ld-2.24.so
2ac147cd9000-2ac147cda000 rw-p 00000000 00:00 0 
2ac147cda000-2ac147d48000 r--p 00000000 00:2c 234490095                  /home/sek519/warm_starting/vpc/lib/Cbc-trunk/build/lib/libCbc.so.0.0.0
2ac147d48000-2ac147e96000 r-xp 0006e000 00:2c 234490095                  /home/sek519/warm_starting/vpc/lib/Cbc-trunk/build/lib/libCbc.so.0.0.0
2ac147e96000-2ac147ee1000 r--p 001bc000 00:2c 234490095                  /home/sek519/warm_starting/vpc/lib/Cbc-trunk/build/lib/libCbc.so.0.0.0
2ac147ee1000-2ac147eed000 r--p 00207000 00:2c 234490095                  /home/sek519/warm_starting/vpc/lib/Cbc-trunk/build/lib/libCbc.so.0.0.0
2ac147eed000-2ac147ef1000 rw-p 00213000 00:2c 234490095                  /home/sek519/warm_starting/vpc/lib/Cbc-trunk/build/lib/libCbc.so.0.0.0
2ac147ef1000-2ac147f09000 r--p 00000000 00:2c 234489204                  /home/sek519/warm_starting/vpc/lib/Cbc-trunk/build/lib/libOsi.so.0.0.0
2ac147f09000-2ac147f39000 r-xp 00018000 00:2c 234489204                  /home/sek519/warm_starting/vpc/lib/Cbc-trunk/build/lib/libOsi.so.0.0.0
2ac147f39000-2ac147f4d000 r--p 00048000 00:2c 234489204                  /home/sek519/warm_starting/vpc/lib/Cbc-trunk/build/lib/libOsi.so.0.0.0
2ac147f4d000-2ac147f4f000 r--p 0005c000 00:2c 234489204                  /home/sek519/warm_starting/vpc/lib/Cbc-trunk/build/lib/libOsi.so.0.0.0
2ac147f4f000-2ac147f50000 rw-p 0005e000 00:2c 234489204                  /home/sek519/warm_starting/vpc/lib/Cbc-trunk/build/lib/libOsi.so.0.0.0
2ac147f50000-2ac147f8f000 r--p 00000000 00:2c 234489467                  /home/sek519/warm_starting/vpc/lib/Cbc-trunk/build/lib/libClp.so.0.0.0
2ac147f8f000-2ac14811b000 r-xp 0003f000 00:2c 234489467                  /home/sek519/warm_starting/vpc/lib/Cbc-trunk/build/lib/libClp.so.0.0.0
2ac14811b000-2ac14815e000 r--p 001cb000 00:2c 234489467                  /home/sek519/warm_starting/vpc/lib/Cbc-trunk/build/lib/libClp.so.0.0.0
2ac14815e000-2ac148161000 r--p 0020d000 00:2c 234489467                  /home/sek519/warm_starting/vpc/lib/Cbc-trunk/build/lib/libClp.so.0.0.0
2ac148161000-2ac148165000 rw-p 00210000 00:2c 234489467                  /home/sek519/warm_starting/vpc/lib/Cbc-trunk/build/lib/libClp.so.0.0.0
2ac148165000-2ac14819f000 r--p 00000000 00:2c 234489064                  /home/sek519/warm_starting/vpc/lib/Cbc-trunk/build/lib/libCoinUtils.so.0.0.0
2ac14819f000-2ac148285000 r-xp 0003a000 00:2c 234489064                  /home/sek519/warm_starting/vpc/lib/Cbc-trunk/build/lib/libCoinUtils.so.0.0.0
2ac148285000-2ac1482b2000 r--p 00120000 00:2c 234489064                  /home/sek519/warm_starting/vpc/lib/Cbc-trunk/build/lib/libCoinUtils.so.0.0.0
2ac1482b2000-2ac1482b5000 r--p 0014c000 00:2c 234489064                  /home/sek519/warm_starting/vpc/lib/Cbc-trunk/build/lib/libCoinUtils.so.0.0.0
2ac1482b5000-2ac1482b8000 rw-p 0014f000 00:2c 234489064                  /home/sek519/warm_starting/vpc/lib/Cbc-trunk/build/lib/libCoinUtils.so.0.0.0
2ac1482b8000-2ac14acdb000 r-xp 00000000 00:2c 234521354                  /home/sek519/miniconda/envs/vws/lib/libgurobi100.so
2ac14acdb000-2ac14aedb000 ---p 02a23000 00:2c 234521354                  /home/sek519/miniconda/envs/vws/lib/libgurobi100.so
2ac14aedb000-2ac14af45000 r--p 02a23000 00:2c 234521354                  /home/sek519/miniconda/envs/vws/lib/libgurobi100.so
2ac14af45000-2ac14af6a000 rw-p 02a8d000 00:2c 234521354                  /home/sek519/miniconda/envs/vws/lib/libgurobi100.so
2ac14af6a000-2ac14af77000 rw-p 00000000 00:00 0 
2ac14af77000-2ac14af7a000 rw-p 02bf6000 00:2c 234521354                  /home/sek519/miniconda/envs/vws/lib/libgurobi100.so
2ac14af7a000-2ac14afaf000 r--s 00000000 08:07 129779                     /var/cache/nscd/hosts
2ac14afaf000-2ac14b0b2000 r-xp 00000000 08:05 8951                       /lib/x86_64-linux-gnu/libm-2.24.so
2ac14b0b2000-2ac14b2b1000 ---p 00103000 08:05 8951                       /lib/x86_64-linux-gnu/libm-2.24.so
2ac14b2b1000-2ac14b2b2000 r--p 00102000 08:05 8951                       /lib/x86_64-linux-gnu/libm-2.24.so
2ac14b2b2000-2ac14b2b3000 rw-p 00103000 08:05 8951                       /lib/x86_64-linux-gnu/libm-2.24.so
2ac14b2b3000-2ac14b359000 r--p 00000000 00:2c 235724303                  /home/sek519/miniconda/envs/vws/lib/libstdc++.so.6.0.30
2ac14b359000-2ac14b3ed000 r-xp 000a6000 00:2c 235724303                  /home/sek519/miniconda/envs/vws/lib/libstdc++.so.6.0.30
2ac14b3ed000-2ac14b455000 r--p 0013a000 00:2c 235724303                  /home/sek519/miniconda/envs/vws/lib/libstdc++.so.6.0.30
2ac14b455000-2ac14b460000 r--p 001a1000 00:2c 235724303                  /home/sek519/miniconda/envs/vws/lib/libstdc++.so.6.0.30
2ac14b460000-2ac14b464000 rw-p 001ac000 00:2c 235724303                  /home/sek519/miniconda/envs/vws/lib/libstdc++.so.6.0.30
2ac14b464000-2ac14b467000 rw-p 00000000 00:00 0 
2ac14b467000-2ac14b46b000 r--p 00000000 00:2c 235727575                  /home/sek519/miniconda/envs/vws/lib/libgcc_s.so.1
2ac14b46b000-2ac14b47b000 r-xp 00004000 00:2c 235727575                  /home/sek519/miniconda/envs/vws/lib/libgcc_s.so.1
2ac14b47b000-2ac14b47e000 r--p 00014000 00:2c 235727575                  /home/sek519/miniconda/envs/vws/lib/libgcc_s.so.1
2ac14b47e000-2ac14b47f000 r--p 00016000 00:2c 235727575                  /home/sek519/miniconda/envs/vws/lib/libgcc_s.so.1
2ac14b47f000-2ac14b480000 rw-p 00017000 00:2c 235727575                  /home/sek519/miniconda/envs/vws/lib/libgcc_s.so.1
2ac14b480000-2ac14b615000 r-xp 00000000 08:05 8947                       /lib/x86_64-linux-gnu/libc-2.24.so
2ac14b615000-2ac14b815000 ---p 00195000 08:05 8947                       /lib/x86_64-linux-gnu/libc-2.24.so
2ac14b815000-2ac14b819000 r--p 00195000 08:05 8947                       /lib/x86_64-linux-gnu/libc-2.24.so
2ac14b819000-2ac14b81b000 rw-p 00199000 08:05 8947                       /lib/x86_64-linux-gnu/libc-2.24.so
2ac14b81b000-2ac14b81f000 rw-p 00000000 00:00 0 
2ac14b81f000-2ac14b82f000 r--p 00000000 00:2c 235728014                  /home/sek519/miniconda/envs/vws/lib/libtinfo.so.6.3
2ac14b82f000-2ac14b849000 r-xp 00010000 00:2c 235728014                  /home/sek519/miniconda/envs/vws/lib/libtinfo.so.6.3
2ac14b849000-2ac14b85a000 r--p 0002a000 00:2c 235728014                  /home/sek519/miniconda/envs/vws/lib/libtinfo.so.6.3
2ac14b85a000-2ac14b85e000 r--p 0003a000 00:2c 235728014                  /home/sek519/miniconda/envs/vws/lib/libtinfo.so.6.3
2ac14b85e000-2ac14b85f000 rw-p 0003e000 00:2c 235728014                  /home/sek519/miniconda/envs/vws/lib/libtinfo.so.6.3
2ac14b85f000-2ac14b866000 r-xp 00000000 08:05 8992                       /lib/x86_64-linux-gnu/librt-2.24.so
2ac14b866000-2ac14ba65000 ---p 00007000 08:05 8992                       /lib/x86_64-linux-gnu/librt-2.24.so
2ac14ba65000-2ac14ba66000 r--p 00006000 08:05 8992                       /lib/x86_64-linux-gnu/librt-2.24.so
2ac14ba66000-2ac14ba67000 rw-p 00007000 08:05 8992                       /lib/x86_64-linux-gnu/librt-2.24.so
2ac14ba67000-2ac14ba7f000 r-xp 00000000 08:05 8990                       /lib/x86_64-linux-gnu/libpthread-2.24.so
2ac14ba7f000-2ac14bc7e000 ---p 00018000 08:05 8990                       /lib/x86_64-linux-gnu/libpthread-2.24.so
2ac14bc7e000-2ac14bc7f000 r--p 00017000 08:05 8990                       /lib/x86_64-linux-gnu/libpthread-2.24.so
2ac14bc7f000-2ac14bc80000 rw-p 00018000 08:05 8990                       /lib/x86_64-linux-gnu/libpthread-2.24.so
2ac14bc80000-2ac14bc84000 rw-p 00000000 00:00 0 
2ac14bc84000-2ac14bd7d000 r--p 00000000 00:2c 235427053                  /home/sek519/miniconda/envs/vws/lib/libopenblasp-r0.3.12.so
2ac14bd7d000-2ac14bd7e000 r-xp 000f9000 00:2c 235427053                  /home/sek519/miniconda/envs/vws/lib/libopenblasp-r0.3.12.so
2ac14bd7e000-2ac14bd84000 ---p 000fa000 00:2c 235427053                  /home/sek519/miniconda/envs/vws/lib/libopenblasp-r0.3.12.so
2ac14bd84000-2ac14d867000 r-xp 00100000 00:2c 235427053                  /home/sek519/miniconda/envs/vws/lib/libopenblasp-r0.3.12.so
2ac14d867000-2ac14da3a000 r--p 01be3000 00:2c 235427053                  /home/sek519/miniconda/envs/vws/lib/libopenblasp-r0.3.12.so
2ac14da3a000-2ac14da48000 r--p 01db5000 00:2c 235427053                  /home/sek519/miniconda/envs/vws/lib/libopenblasp-r0.3.12.so
2ac14da48000-2ac14da56000 rw-p 01dc3000 00:2c 235427053                  /home/sek519/miniconda/envs/vws/lib/libopenblasp-r0.3.12.so
2ac14da56000-2ac14da67000 rw-p 00000000 00:00 0 
2ac14da67000-2ac14da6a000 r-xp 00000000 08:05 8950                       /lib/x86_64-linux-gnu/libdl-2.24.so
2ac14da6a000-2ac14dc69000 ---p 00003000 08:05 8950                       /lib/x86_64-linux-gnu/libdl-2.24.so
2ac14dc69000-2ac14dc6a000 r--p 00002000 08:05 8950                       /lib/x86_64-linux-gnu/libdl-2.24.so
2ac14dc6a000-2ac14dc6b000 rw-p 00003000 08:05 8950                       /lib/x86_64-linux-gnu/libdl-2.24.so
2ac14dc6b000-2ac14dc86000 r--p 00000000 00:2c 235723995                  /home/sek519/miniconda/envs/vws/lib/libgfortran.so.4.0.0
2ac14dc86000-2ac14dd75000 r-xp 0001b000 00:2c 235723995                  /home/sek519/miniconda/envs/vws/lib/libgfortran.so.4.0.0
2ac14dd75000-2ac14dd96000 r--p 0010a000 00:2c 235723995                  /home/sek519/miniconda/envs/vws/lib/libgfortran.so.4.0.0
2ac14dd96000-2ac14dd97000 ---p 0012b000 00:2c 235723995                  /home/sek519/miniconda/envs/vws/lib/libgfortran.so.4.0.0
2ac14dd97000-2ac14dd98000 r--p 0012b000 00:2c 235723995                  /home/sek519/miniconda/envs/vws/lib/libgfortran.so.4.0.0
2ac14dd98000-2ac14dd99000 rw-p 0012c000 00:2c 235723995                  /home/sek519/miniconda/envs/vws/lib/libgfortran.so.4.0.0
2ac14dd99000-2ac14dd9a000 rw-p 00000000 00:00 0 
2ac14dd9a000-2ac14dd9d000 r--p 00000000 00:2c 235727572                  /home/sek519/miniconda/envs/vws/lib/libquadmath.so.0.0.0
2ac14dd9d000-2ac14ddbc000 r-xp 00003000 00:2c 235727572                  /home/sek519/miniconda/envs/vws/lib/libquadmath.so.0.0.0
2ac14ddbc000-2ac14ddd2000 r--p 00022000 00:2c 235727572                  /home/sek519/miniconda/envs/vws/lib/libquadmath.so.0.0.0
2ac14ddd2000-2ac14ddd3000 r--p 00038000 00:2c 235727572                  /home/sek519/miniconda/envs/vws/lib/libquadmath.so.0.0.0
2ac14ddd3000-2ac14ddd4000 rw-p 00039000 00:2c 235727572                  /home/sek519/miniconda/envs/vws/lib/libquadmath.so.0.0.0
2ac14ddd4000-2ac14dde6000 rw-p 00000000 00:00 0 
2ac14dde6000-2ac14dde7000 ---p 00000000 00:00 0 
2ac14dde7000-2ac14dfe7000 rw-p 00000000 00:00 0 
2ac14dfe7000-2ac14dfe8000 ---p 00000000 00:00 0 
2ac14dfe8000-2ac14e1e8000 rw-p 00000000 00:00 0 
2ac14e1e8000-2ac15e1e8000 rw-p 00000000 00:00 0 
2ac15e1e8000-2ac15e1e9000 ---p 00000000 00:00 0 
2ac15e1e9000-2ac15e3e9000 rw-p 00000000 00:00 0 
2ac15e3e9000-2ac15e3ea000 ---p 00000000 00:00 0 
2ac15e3ea000-2ac15e5ea000 rw-p 00000000 00:00 0 
2ac15e5ea000-2ac1665ea000 rw-p 00000000 00:00 0 
2ac1665ea000-2ac1665eb000 ---p 00000000 00:00 0 
2ac1665eb000-2ac1667eb000 rw-p 00000000 00:00 0 
2ac1667eb000-2ac16e7eb000 rw-p 00000000 00:00 0 
2ac16e7eb000-2ac16e7ec000 ---p 00000000 00:00 0 
2ac16e7ec000-2ac16e9ec000 rw-p 00000000 00:00 0 
2ac16e9ec000-2ac1769ec000 rw-p 00000000 00:00 0 
2ac1769ec000-2ac1769ed000 ---p 00000000 00:00 0 
2ac1769ed000-2ac176bed000 rw-p 00000000 00:00 0 
2ac176bed000-2ac17ebed000 rw-p 00000000 00:00 0 
2ac17ebed000-2ac17ebee000 ---p 00000000 00:00 0 
2ac17ebee000-2ac17edee000 rw-p 00000000 00:00 0 
2ac17edee000-2ac186dee000 rw-p 00000000 00:00 0 
2ac186dee000-2ac186def000 ---p 00000000 00:00 0 
2ac186def000-2ac186fef000 rw-p 00000000 00:00 0 
2ac186fef000-2ac18efef000 rw-p 00000000 00:00 0 
2ac18efef000-2ac18eff0000 ---p 00000000 00:00 0 
2ac18eff0000-2ac18f1f0000 rw-p 00000000 00:00 0 
2ac18f1f0000-2ac18f1f1000 ---p 00000000 00:00 0 
2ac18f1f1000-2ac18f3f1000 rw-p 00000000 00:00 0 
2ac18f3f1000-2ac19f3f1000 rw-p 00000000 00:00 0 
2ac19f3f1000-2ac19f3f2000 ---p 00000000 00:00 0 
2ac19f3f2000-2ac19f5f2000 rw-p 00000000 00:00 0 
2ac19f5f2000-2ac19f5f3000 ---p 00000000 00:00 0 
2ac19f5f3000-2ac19f7f3000 rw-p 00000000 00:00 0 
2ac19f7f3000-2ac19f7f4000 ---p 00000000 00:00 0 
2ac19f7f4000-2ac19f9f4000 rw-p 00000000 00:00 0 
2ac19f9f4000-2ac19f9f5000 ---p 00000000 00:00 0 
2ac19f9f5000-2ac19fbf5000 rw-p 00000000 00:00 0 
2ac19fbf5000-2ac1bfbf5000 rw-p 00000000 00:00 0 
2ac1bfbf5000-2ac1bfc2a000 r--s 00000000 08:07 129675                     /var/cache/nscd/passwd
2ac1bfcf6000-2ac1c7cf6000 rw-p 00000000 00:00 0 
2ac1c7cf6000-2ac1c7e91000 r--p 00000000 08:06 1306166                    /usr/lib/locale/locale-archive
2ac1c7e91000-2ac1c7e92000 ---p 00000000 00:00 0 
2ac1c7e92000-2ac1c8092000 rw-p 00000000 00:00 0 
2ac1cc000000-2ac1cc021000 rw-p 00000000 00:00 0 
2ac1cc021000-2ac1d0000000 ---p 00000000 00:00 0 
565486fd6000-565486ff9000 r--p 00000000 00:2c 234490227                  /home/sek519/warm_starting/vws/Release/vws
565486ff9000-5654870d5000 r-xp 00023000 00:2c 234490227                  /home/sek519/warm_starting/vws/Release/vws
5654870d5000-56548710a000 r--p 000ff000 00:2c 234490227                  /home/sek519/warm_starting/vws/Release/vws
56548710a000-565487110000 r--p 00134000 00:2c 234490227                  /home/sek519/warm_starting/vws/Release/vws
565487110000-565487112000 rw-p 0013a000 00:2c 234490227                  /home/sek519/warm_starting/vws/Release/vws
565487d97000-56548a8ac000 rw-p 00000000 00:00 0                          [heap]
7ffcd2416000-7ffcd2438000 rw-p 00000000 00:00 0                          [stack]
7ffcd251a000-7ffcd251c000 r--p 00000000 00:00 0                          [vvar]
7ffcd251c000-7ffcd251e000 r-xp 00000000 00:00 0                          [vdso]
ffffffffff600000-ffffffffff601000 r-xp 00000000 00:00 0                  [vsyscall]
/var/spool/torque/mom_priv/jobs/1750247.polyp1.ie.lehigh.edu.SC: line 4: 13834 Aborted                 (core dumped) ../Release/vws ${INPUT_FOLDER} ${OUTPUT_FILE} ${MAX_TIME} ${GENERATOR} ${TERMS} ${MIP_SOLVER} ${PROVIDE_PRIMAL_BOUND}
