*** WARNING (version #1531bee): /home/sek519/warm_starting/vws/../vpc/src/utility/nbspace.cpp:149: Point: Calculated dot product with obj differs from solver's. Obj viol from solver: 457866.29004213. Calculated: 457866.29004202.
*** WARNING (version #1531bee): /home/sek519/warm_starting/vws/../vpc/src/utility/nbspace.cpp:149: Point: Calculated dot product with obj differs from solver's. Obj viol from solver: 916668.70965636. Calculated: 916668.70965612.
*** WARNING (version #1531bee): /home/sek519/warm_starting/vws/../vpc/src/utility/nbspace.cpp:368: Ray 147: Calculated dot product with obj differs from solver's. Obj viol from solver: 2223664.98826552. Calculated: 2223664.98826563.
*** WARNING (version #1531bee): /home/sek519/warm_starting/vws/../vpc/src/utility/nbspace.cpp:368: Ray 227: Calculated dot product with obj differs from solver's. Obj viol from solver: 3127469.78826553. Calculated: 3127469.78826564.
*** WARNING (version #1531bee): /home/sek519/warm_starting/vws/../vpc/src/utility/nbspace.cpp:368: Ray 326: Calculated dot product with obj differs from solver's. Obj viol from solver: 1101495.04769962. Calculated: 1101495.04769973.
*** WARNING (version #1531bee): /home/sek519/warm_starting/vws/../vpc/src/utility/nbspace.cpp:368: Ray 327: Calculated dot product with obj differs from solver's. Obj viol from solver: 1681809.56225090. Calculated: 1681809.56225104.
*** WARNING (version #1531bee): /home/sek519/warm_starting/vws/../vpc/src/utility/nbspace.cpp:368: Ray 331: Calculated dot product with obj differs from solver's. Obj viol from solver: 2223664.98826553. Calculated: 2223664.98826564.
*** WARNING (version #1531bee): /home/sek519/warm_starting/vws/../vpc/src/utility/nbspace.cpp:368: Ray 333: Calculated dot product with obj differs from solver's. Obj viol from solver: 2223664.98826553. Calculated: 2223664.98826565.
*** WARNING (version #1531bee): /home/sek519/warm_starting/vws/../vpc/src/utility/nbspace.cpp:368: Ray 338: Calculated dot product with obj differs from solver's. Obj viol from solver: 1258686.53714427. Calculated: 1258686.53714438.
*** WARNING (version #1531bee): /home/sek519/warm_starting/vws/../vpc/src/utility/nbspace.cpp:368: Ray 339: Calculated dot product with obj differs from solver's. Obj viol from solver: 1681809.56225090. Calculated: 1681809.56225104.
*** WARNING (version #1531bee): /home/sek519/warm_starting/vws/../vpc/src/utility/nbspace.cpp:368: Ray 343: Calculated dot product with obj differs from solver's. Obj viol from solver: 3871076.86192175. Calculated: 3871076.86192187.
*** WARNING (version #1531bee): /home/sek519/warm_starting/vws/../vpc/src/utility/nbspace.cpp:149: Point: Calculated dot product with obj differs from solver's. Obj viol from solver: 380672.83610731. Calculated: 380672.83610710.
*** WARNING (version #1531bee): /home/sek519/warm_starting/vws/../vpc/src/utility/nbspace.cpp:368: Ray 153: Calculated dot product with obj differs from solver's. Obj viol from solver: 2137069.14258460. Calculated: 2137069.14258449.
*** WARNING (version #1531bee): /home/sek519/warm_starting/vws/../vpc/src/utility/nbspace.cpp:368: Ray 399: Calculated dot product with obj differs from solver's. Obj viol from solver: 2103561.54258461. Calculated: 2103561.54258449.
*** WARNING (version #1531bee): /home/sek519/warm_starting/vws/../vpc/src/utility/nbspace.cpp:368: Ray 407: Calculated dot product with obj differs from solver's. Obj viol from solver: 1480015.02358655. Calculated: 1480015.02358642.
*** WARNING (version #1531bee): /home/sek519/warm_starting/vws/../vpc/src/utility/nbspace.cpp:368: Ray 576: Calculated dot product with obj differs from solver's. Obj viol from solver: 5413537.26653886. Calculated: 5413537.26653897.
*** WARNING (version #1531bee): /home/sek519/warm_starting/vws/../vpc/src/utility/nbspace.cpp:149: Point: Calculated dot product with obj differs from solver's. Obj viol from solver: 427020.44707859. Calculated: 427020.44707833.
messed up a farkas cofficient
setting all farkas coefficients to 0
messed up a farkas cofficient
setting all farkas coefficients to 0
messed up a farkas cofficient
setting all farkas coefficients to 0
messed up a farkas cofficient
setting all farkas coefficients to 0
messed up a farkas cofficient
setting all farkas coefficients to 0
messed up a farkas cofficient
setting all farkas coefficients to 0
messed up a farkas cofficient
setting all farkas coefficients to 0
messed up a farkas cofficient
setting all farkas coefficients to 0
messed up a farkas cofficient
setting all farkas coefficients to 0
messed up a farkas cofficient
setting all farkas coefficients to 0
messed up a farkas cofficient
setting all farkas coefficients to 0
messed up a farkas cofficient
setting all farkas coefficients to 0
messed up a farkas cofficient
setting all farkas coefficients to 0
messed up a farkas cofficient
setting all farkas coefficients to 0
messed up a farkas cofficient
setting all farkas coefficients to 0
messed up a farkas cofficient
setting all farkas coefficients to 0
*** WARNING (version #1531bee): /home/sek519/warm_starting/vws/../vpc/src/utility/nbspace.cpp:368: Ray 5: Calculated dot product with obj differs from solver's. Obj viol from solver: 3005662.33773499. Calculated: 3005662.33773513.
*** WARNING (version #1531bee): /home/sek519/warm_starting/vws/../vpc/src/utility/nbspace.cpp:368: Ray 13: Calculated dot product with obj differs from solver's. Obj viol from solver: 5703449.93773498. Calculated: 5703449.93773513.
*** WARNING (version #1531bee): /home/sek519/warm_starting/vws/../vpc/src/utility/nbspace.cpp:368: Ray 31: Calculated dot product with obj differs from solver's. Obj viol from solver: 1868322.58860006. Calculated: 1868322.58860019.
*** WARNING (version #1531bee): /home/sek519/warm_starting/vws/../vpc/src/utility/nbspace.cpp:368: Ray 33: Calculated dot product with obj differs from solver's. Obj viol from solver: 6845930.23922848. Calculated: 6845930.23922872.
*** WARNING (version #1531bee): /home/sek519/warm_starting/vws/../vpc/src/utility/nbspace.cpp:368: Ray 39: Calculated dot product with obj differs from solver's. Obj viol from solver: 2738639.86438632. Calculated: 2738639.86438643.
*** WARNING (version #1531bee): /home/sek519/warm_starting/vws/../vpc/src/utility/nbspace.cpp:368: Ray 84: Calculated dot product with obj differs from solver's. Obj viol from solver: 3094881.77857142. Calculated: 3094881.77857132.
*** WARNING (version #1531bee): /home/sek519/warm_starting/vws/../vpc/src/utility/nbspace.cpp:368: Ray 140: Calculated dot product with obj differs from solver's. Obj viol from solver: 1534972.68353417. Calculated: 1534972.68353407.
*** WARNING (version #1531bee): /home/sek519/warm_starting/vws/../vpc/src/utility/nbspace.cpp:368: Ray 163: Calculated dot product with obj differs from solver's. Obj viol from solver: 4615184.65108929. Calculated: 4615184.65108940.
*** WARNING (version #1531bee): /home/sek519/warm_starting/vws/../vpc/src/utility/nbspace.cpp:368: Ray 213: Calculated dot product with obj differs from solver's. Obj viol from solver: 1433321.04357594. Calculated: 1433321.04357612.
*** WARNING (version #1531bee): /home/sek519/warm_starting/vws/../vpc/src/utility/nbspace.cpp:368: Ray 217: Calculated dot product with obj differs from solver's. Obj viol from solver: 3479673.86480703. Calculated: 3479673.86480715.
*** WARNING (version #1531bee): /home/sek519/warm_starting/vws/../vpc/src/utility/nbspace.cpp:368: Ray 221: Calculated dot product with obj differs from solver's. Obj viol from solver: 3448537.54291417. Calculated: 3448537.54291427.
*** WARNING (version #1531bee): /home/sek519/warm_starting/vws/../vpc/src/utility/nbspace.cpp:368: Ray 301: Calculated dot product with obj differs from solver's. Obj viol from solver: 2896308.70330061. Calculated: 2896308.70330046.
*** WARNING (version #1531bee): /home/sek519/warm_starting/vws/../vpc/src/utility/nbspace.cpp:368: Ray 305: Calculated dot product with obj differs from solver's. Obj viol from solver: 5366291.37166948. Calculated: 5366291.37166958.
*** WARNING (version #1531bee): /home/sek519/warm_starting/vws/../vpc/src/utility/nbspace.cpp:368: Ray 307: Calculated dot product with obj differs from solver's. Obj viol from solver: 11482329.16185463. Calculated: 11482329.16185479.
*** WARNING (version #1531bee): /home/sek519/warm_starting/vws/../vpc/src/utility/nbspace.cpp:368: Ray 333: Calculated dot product with obj differs from solver's. Obj viol from solver: 4131132.64357594. Calculated: 4131132.64357613.
*** WARNING (version #1531bee): /home/sek519/warm_starting/vws/../vpc/src/utility/nbspace.cpp:368: Ray 339: Calculated dot product with obj differs from solver's. Obj viol from solver: 3705777.46480703. Calculated: 3705777.46480715.
*** WARNING (version #1531bee): /home/sek519/warm_starting/vws/../vpc/src/utility/nbspace.cpp:368: Ray 343: Calculated dot product with obj differs from solver's. Obj viol from solver: 6146344.14291416. Calculated: 6146344.14291427.
*** WARNING (version #1531bee): /home/sek519/warm_starting/vws/../vpc/src/utility/nbspace.cpp:368: Ray 398: Calculated dot product with obj differs from solver's. Obj viol from solver: 1247800.88941434. Calculated: 1247800.88941446.
*** WARNING (version #1531bee): /home/sek519/warm_starting/vws/../vpc/src/utility/nbspace.cpp:368: Ray 405: Calculated dot product with obj differs from solver's. Obj viol from solver: 717134.13477506. Calculated: 717134.13477493.
*** WARNING (version #1531bee): /home/sek519/warm_starting/vws/../vpc/src/utility/nbspace.cpp:368: Ray 420: Calculated dot product with obj differs from solver's. Obj viol from solver: 6557606.16092034. Calculated: 6557606.16092046.
*** WARNING (version #1531bee): /home/sek519/warm_starting/vws/../vpc/src/utility/nbspace.cpp:368: Ray 466: Calculated dot product with obj differs from solver's. Obj viol from solver: 950852.02271363. Calculated: 950852.02271374.
*** WARNING (version #1531bee): /home/sek519/warm_starting/vws/../vpc/src/utility/nbspace.cpp:368: Ray 468: Calculated dot product with obj differs from solver's. Obj viol from solver: 2446264.18591428. Calculated: 2446264.18591450.
*** WARNING (version #1531bee): /home/sek519/warm_starting/vws/../vpc/src/utility/nbspace.cpp:368: Ray 474: Calculated dot product with obj differs from solver's. Obj viol from solver: 1152480.08707588. Calculated: 1152480.08707598.
*** WARNING (version #1531bee): /home/sek519/warm_starting/vws/../vpc/src/utility/nbspace.cpp:368: Ray 530: Calculated dot product with obj differs from solver's. Obj viol from solver: 1313285.97166948. Calculated: 1313285.97166958.
*** WARNING (version #1531bee): /home/sek519/warm_starting/vws/../vpc/src/utility/nbspace.cpp:368: Ray 536: Calculated dot product with obj differs from solver's. Obj viol from solver: 551477.28839783. Calculated: 551477.28839798.
*** WARNING (version #1531bee): /home/sek519/warm_starting/vws/../vpc/src/utility/nbspace.cpp:368: Ray 540: Calculated dot product with obj differs from solver's. Obj viol from solver: 7236376.77166948. Calculated: 7236376.77166958.
*** WARNING (version #1531bee): /home/sek519/warm_starting/vws/../vpc/src/utility/nbspace.cpp:368: Ray 542: Calculated dot product with obj differs from solver's. Obj viol from solver: 2432399.88470764. Calculated: 2432399.88470777.
*** WARNING (version #1531bee): /home/sek519/warm_starting/vws/../vpc/src/utility/nbspace.cpp:368: Ray 546: Calculated dot product with obj differs from solver's. Obj viol from solver: 5007793.87194182. Calculated: 5007793.87194201.
*** WARNING (version #1531bee): /home/sek519/warm_starting/vws/../vpc/src/utility/nbspace.cpp:368: Ray 550: Calculated dot product with obj differs from solver's. Obj viol from solver: 5944318.10690606. Calculated: 5944318.10690624.
*** WARNING (version #1531bee): /home/sek519/warm_starting/vws/../vpc/src/utility/nbspace.cpp:368: Ray 559: Calculated dot product with obj differs from solver's. Obj viol from solver: 811451.71602057. Calculated: 811451.71602073.
*** WARNING (version #1531bee): /home/sek519/warm_starting/vws/../vpc/src/utility/nbspace.cpp:368: Ray 560: Calculated dot product with obj differs from solver's. Obj viol from solver: 5273601.94506944. Calculated: 5273601.94506972.
*** WARNING (version #1531bee): /home/sek519/warm_starting/vws/../vpc/src/utility/nbspace.cpp:368: Ray 573: Calculated dot product with obj differs from solver's. Obj viol from solver: 866746.79356678. Calculated: 866746.79356691.
*** WARNING (version #1531bee): /home/sek519/warm_starting/vws/../vpc/src/utility/nbspace.cpp:368: Ray 574: Calculated dot product with obj differs from solver's. Obj viol from solver: 4848247.76630053. Calculated: 4848247.76630074.
*** WARNING (version #1531bee): /home/sek519/warm_starting/vws/../vpc/src/utility/nbspace.cpp:368: Ray 578: Calculated dot product with obj differs from solver's. Obj viol from solver: 13352422.56185463. Calculated: 13352422.56185478.
*** WARNING (version #1531bee): /home/sek519/warm_starting/vws/../vpc/src/utility/nbspace.cpp:368: Ray 580: Calculated dot product with obj differs from solver's. Obj viol from solver: 4817122.44440767. Calculated: 4817122.44440787.
*** WARNING (version #1531bee): /home/sek519/warm_starting/vws/../vpc/src/utility/nbspace.cpp:368: Ray 582: Calculated dot product with obj differs from solver's. Obj viol from solver: 606619.31770748. Calculated: 606619.31770759.
*** WARNING (version #1531bee): /home/sek519/warm_starting/vws/../vpc/src/utility/nbspace.cpp:368: Ray 596: Calculated dot product with obj differs from solver's. Obj viol from solver: 872429.39083510. Calculated: 872429.39083532.
*** WARNING (version #1531bee): /home/sek519/warm_starting/vws/../vpc/src/utility/nbspace.cpp:368: Ray 614: Calculated dot product with obj differs from solver's. Obj viol from solver: 2887633.89017332. Calculated: 2887633.89017345.
*** WARNING (version #1531bee): /home/sek519/warm_starting/vws/../vpc/src/utility/nbspace.cpp:368: Ray 738: Calculated dot product with obj differs from solver's. Obj viol from solver: 1244991.07238218. Calculated: 1244991.07238205.
*** WARNING (version #1531bee): /home/sek519/warm_starting/vws/../vpc/src/utility/nbspace.cpp:368: Ray 753: Calculated dot product with obj differs from solver's. Obj viol from solver: 283810.17636548. Calculated: 283810.17636535.
*** WARNING (version #1531bee): /home/sek519/warm_starting/vws/../vpc/src/utility/nbspace.cpp:368: Ray 754: Calculated dot product with obj differs from solver's. Obj viol from solver: 2016365.64110297. Calculated: 2016365.64110276.
*** WARNING (version #1531bee): /home/sek519/warm_starting/vws/../vpc/src/utility/nbspace.cpp:368: Ray 772: Calculated dot product with obj differs from solver's. Obj viol from solver: 1636470.35635509. Calculated: 1636470.35635493.
*** WARNING (version #1531bee): /home/sek519/warm_starting/vws/../vpc/src/utility/nbspace.cpp:368: Ray 1170: Calculated dot product with obj differs from solver's. Obj viol from solver: 251846.40737584. Calculated: 251846.40737573.
*** WARNING (version #1531bee): /home/sek519/warm_starting/vws/../vpc/src/utility/nbspace.cpp:368: Ray 1: Calculated dot product with obj differs from solver's. Obj viol from solver: 5029933.52141763. Calculated: 5029933.52141751.
*** WARNING (version #1531bee): /home/sek519/warm_starting/vws/../vpc/src/utility/nbspace.cpp:368: Ray 15: Calculated dot product with obj differs from solver's. Obj viol from solver: 6015028.46107950. Calculated: 6015028.46107934.
*** WARNING (version #1531bee): /home/sek519/warm_starting/vws/../vpc/src/utility/nbspace.cpp:368: Ray 29: Calculated dot product with obj differs from solver's. Obj viol from solver: 2476211.75410743. Calculated: 2476211.75410731.
*** WARNING (version #1531bee): /home/sek519/warm_starting/vws/../vpc/src/utility/nbspace.cpp:368: Ray 31: Calculated dot product with obj differs from solver's. Obj viol from solver: 1450947.58375077. Calculated: 1450947.58375063.
*** WARNING (version #1531bee): /home/sek519/warm_starting/vws/../vpc/src/utility/nbspace.cpp:368: Ray 34: Calculated dot product with obj differs from solver's. Obj viol from solver: 1368170.38997331. Calculated: 1368170.38997321.
*** WARNING (version #1531bee): /home/sek519/warm_starting/vws/../vpc/src/utility/nbspace.cpp:368: Ray 35: Calculated dot product with obj differs from solver's. Obj viol from solver: 3854042.13726998. Calculated: 3854042.13726979.
*** WARNING (version #1531bee): /home/sek519/warm_starting/vws/../vpc/src/utility/nbspace.cpp:368: Ray 37: Calculated dot product with obj differs from solver's. Obj viol from solver: 1416926.75410742. Calculated: 1416926.75410732.
*** WARNING (version #1531bee): /home/sek519/warm_starting/vws/../vpc/src/utility/nbspace.cpp:368: Ray 39: Calculated dot product with obj differs from solver's. Obj viol from solver: 3163238.15410743. Calculated: 3163238.15410728.
*** WARNING (version #1531bee): /home/sek519/warm_starting/vws/../vpc/src/utility/nbspace.cpp:368: Ray 43: Calculated dot product with obj differs from solver's. Obj viol from solver: 4376153.98375073. Calculated: 4376153.98375063.
*** WARNING (version #1531bee): /home/sek519/warm_starting/vws/../vpc/src/utility/nbspace.cpp:368: Ray 45: Calculated dot product with obj differs from solver's. Obj viol from solver: 3438460.65309953. Calculated: 3438460.65309939.
*** WARNING (version #1531bee): /home/sek519/warm_starting/vws/../vpc/src/utility/nbspace.cpp:368: Ray 47: Calculated dot product with obj differs from solver's. Obj viol from solver: 1814923.15753356. Calculated: 1814923.15753369.
*** WARNING (version #1531bee): /home/sek519/warm_starting/vws/../vpc/src/utility/nbspace.cpp:368: Ray 108: Calculated dot product with obj differs from solver's. Obj viol from solver: 2541258.12319875. Calculated: 2541258.12319865.
*** WARNING (version #1531bee): /home/sek519/warm_starting/vws/../vpc/src/utility/nbspace.cpp:368: Ray 109: Calculated dot product with obj differs from solver's. Obj viol from solver: 5641359.52272651. Calculated: 5641359.52272634.
*** WARNING (version #1531bee): /home/sek519/warm_starting/vws/../vpc/src/utility/nbspace.cpp:368: Ray 114: Calculated dot product with obj differs from solver's. Obj viol from solver: 1145409.09130364. Calculated: 1145409.09130353.
*** WARNING (version #1531bee): /home/sek519/warm_starting/vws/../vpc/src/utility/nbspace.cpp:368: Ray 121: Calculated dot product with obj differs from solver's. Obj viol from solver: 5837427.39386026. Calculated: 5837427.39386008.
*** WARNING (version #1531bee): /home/sek519/warm_starting/vws/../vpc/src/utility/nbspace.cpp:368: Ray 132: Calculated dot product with obj differs from solver's. Obj viol from solver: 2204696.09130364. Calculated: 2204696.09130353.
*** WARNING (version #1531bee): /home/sek519/warm_starting/vws/../vpc/src/utility/nbspace.cpp:368: Ray 192: Calculated dot product with obj differs from solver's. Obj viol from solver: 1675046.09130364. Calculated: 1675046.09130353.
*** WARNING (version #1531bee): /home/sek519/warm_starting/vws/../vpc/src/utility/nbspace.cpp:368: Ray 248: Calculated dot product with obj differs from solver's. Obj viol from solver: 2011607.12319875. Calculated: 2011607.12319865.
*** WARNING (version #1531bee): /home/sek519/warm_starting/vws/../vpc/src/utility/nbspace.cpp:368: Ray 249: Calculated dot product with obj differs from solver's. Obj viol from solver: 3087640.75541629. Calculated: 3087640.75541616.
*** WARNING (version #1531bee): /home/sek519/warm_starting/vws/../vpc/src/utility/nbspace.cpp:368: Ray 258: Calculated dot product with obj differs from solver's. Obj viol from solver: 1675053.09130364. Calculated: 1675053.09130353.
*** WARNING (version #1531bee): /home/sek519/warm_starting/vws/../vpc/src/utility/nbspace.cpp:368: Ray 291: Calculated dot product with obj differs from solver's. Obj viol from solver: 2295828.79339947. Calculated: 2295828.79339957.
*** WARNING (version #1531bee): /home/sek519/warm_starting/vws/../vpc/src/utility/nbspace.cpp:368: Ray 299: Calculated dot product with obj differs from solver's. Obj viol from solver: 8218918.59339946. Calculated: 8218918.59339959.
*** WARNING (version #1531bee): /home/sek519/warm_starting/vws/../vpc/src/utility/nbspace.cpp:368: Ray 304: Calculated dot product with obj differs from solver's. Obj viol from solver: 2659267.70612530. Calculated: 2659267.70612520.
*** WARNING (version #1531bee): /home/sek519/warm_starting/vws/../vpc/src/utility/nbspace.cpp:368: Ray 308: Calculated dot product with obj differs from solver's. Obj viol from solver: 3074853.19029574. Calculated: 3074853.19029560.
*** WARNING (version #1531bee): /home/sek519/warm_starting/vws/../vpc/src/utility/nbspace.cpp:368: Ray 309: Calculated dot product with obj differs from solver's. Obj viol from solver: 8484998.27414376. Calculated: 8484998.27414362.
*** WARNING (version #1531bee): /home/sek519/warm_starting/vws/../vpc/src/utility/nbspace.cpp:368: Ray 312: Calculated dot product with obj differs from solver's. Obj viol from solver: 2985765.99130363. Calculated: 2985765.99130352.
*** WARNING (version #1531bee): /home/sek519/warm_starting/vws/../vpc/src/utility/nbspace.cpp:368: Ray 313: Calculated dot product with obj differs from solver's. Obj viol from solver: 6734895.29098121. Calculated: 6734895.29098111.
*** WARNING (version #1531bee): /home/sek519/warm_starting/vws/../vpc/src/utility/nbspace.cpp:368: Ray 321: Calculated dot product with obj differs from solver's. Obj viol from solver: 4631588.97140716. Calculated: 4631588.97140705.
*** WARNING (version #1531bee): /home/sek519/warm_starting/vws/../vpc/src/utility/nbspace.cpp:368: Ray 328: Calculated dot product with obj differs from solver's. Obj viol from solver: 2985305.66028609. Calculated: 2985305.66028597.
*** WARNING (version #1531bee): /home/sek519/warm_starting/vws/../vpc/src/utility/nbspace.cpp:368: Ray 329: Calculated dot product with obj differs from solver's. Obj viol from solver: 5567160.46238837. Calculated: 5567160.46238818.
*** WARNING (version #1531bee): /home/sek519/warm_starting/vws/../vpc/src/utility/nbspace.cpp:368: Ray 334: Calculated dot product with obj differs from solver's. Obj viol from solver: 2648745.62839097. Calculated: 2648745.62839085.
*** WARNING (version #1531bee): /home/sek519/warm_starting/vws/../vpc/src/utility/nbspace.cpp:368: Ray 335: Calculated dot product with obj differs from solver's. Obj viol from solver: 5533681.19795329. Calculated: 5533681.19795317.
*** WARNING (version #1531bee): /home/sek519/warm_starting/vws/../vpc/src/utility/nbspace.cpp:368: Ray 356: Calculated dot product with obj differs from solver's. Obj viol from solver: 700566.87404428. Calculated: 700566.87404438.
*** WARNING (version #1531bee): /home/sek519/warm_starting/vws/../vpc/src/utility/nbspace.cpp:368: Ray 357: Calculated dot product with obj differs from solver's. Obj viol from solver: 2430692.25778824. Calculated: 2430692.25778836.
*** WARNING (version #1531bee): /home/sek519/warm_starting/vws/../vpc/src/utility/nbspace.cpp:368: Ray 382: Calculated dot product with obj differs from solver's. Obj viol from solver: 566330.95897497. Calculated: 566330.95897509.
*** WARNING (version #1531bee): /home/sek519/warm_starting/vws/../vpc/src/utility/nbspace.cpp:368: Ray 383: Calculated dot product with obj differs from solver's. Obj viol from solver: 1814052.20318048. Calculated: 1814052.20318059.
*** WARNING (version #1531bee): /home/sek519/warm_starting/vws/../vpc/src/utility/nbspace.cpp:368: Ray 422: Calculated dot product with obj differs from solver's. Obj viol from solver: 2470598.64759764. Calculated: 2470598.64759750.
*** WARNING (version #1531bee): /home/sek519/warm_starting/vws/../vpc/src/utility/nbspace.cpp:368: Ray 432: Calculated dot product with obj differs from solver's. Obj viol from solver: 2055024.16342720. Calculated: 2055024.16342709.
*** WARNING (version #1531bee): /home/sek519/warm_starting/vws/../vpc/src/utility/nbspace.cpp:368: Ray 470: Calculated dot product with obj differs from solver's. Obj viol from solver: 4360152.64893926. Calculated: 4360152.64893914.
*** WARNING (version #1531bee): /home/sek519/warm_starting/vws/../vpc/src/utility/nbspace.cpp:368: Ray 499: Calculated dot product with obj differs from solver's. Obj viol from solver: 952311.12319875. Calculated: 952311.12319864.
*** WARNING (version #1531bee): /home/sek519/warm_starting/vws/../vpc/src/utility/nbspace.cpp:368: Ray 500: Calculated dot product with obj differs from solver's. Obj viol from solver: 2028346.75541629. Calculated: 2028346.75541615.
*** WARNING (version #1531bee): /home/sek519/warm_starting/vws/../vpc/src/utility/nbspace.cpp:368: Ray 504: Calculated dot product with obj differs from solver's. Obj viol from solver: 2029218.36189916. Calculated: 2029218.36189929.
*** WARNING (version #1531bee): /home/sek519/warm_starting/vws/../vpc/src/utility/nbspace.cpp:368: Ray 505: Calculated dot product with obj differs from solver's. Obj viol from solver: 615753.09130363. Calculated: 615753.09130353.
*** WARNING (version #1531bee): /home/sek519/warm_starting/vws/../vpc/src/utility/nbspace.cpp:368: Ray 512: Calculated dot product with obj differs from solver's. Obj viol from solver: 6893012.16189916. Calculated: 6893012.16189929.
*** WARNING (version #1531bee): /home/sek519/warm_starting/vws/../vpc/src/utility/nbspace.cpp:368: Ray 513: Calculated dot product with obj differs from solver's. Obj viol from solver: 1675040.09130364. Calculated: 1675040.09130353.
*** WARNING (version #1531bee): /home/sek519/warm_starting/vws/../vpc/src/utility/nbspace.cpp:368: Ray 523: Calculated dot product with obj differs from solver's. Obj viol from solver: 439683.53802041. Calculated: 439683.53802031.
*** WARNING (version #1531bee): /home/sek519/warm_starting/vws/../vpc/src/utility/nbspace.cpp:368: Ray 524: Calculated dot product with obj differs from solver's. Obj viol from solver: 1003078.58505962. Calculated: 1003078.58505947.
*** WARNING (version #1531bee): /home/sek519/warm_starting/vws/../vpc/src/utility/nbspace.cpp:368: Ray 529: Calculated dot product with obj differs from solver's. Obj viol from solver: 103123.50612530. Calculated: 103123.50612519.
*** WARNING (version #1531bee): /home/sek519/warm_starting/vws/../vpc/src/utility/nbspace.cpp:368: Ray 539: Calculated dot product with obj differs from solver's. Obj viol from solver: 1162422.50612530. Calculated: 1162422.50612519.
*** WARNING (version #1531bee): /home/sek519/warm_starting/vws/../vpc/src/utility/nbspace.cpp:368: Ray 547: Calculated dot product with obj differs from solver's. Obj viol from solver: 1914554.02219085. Calculated: 1914554.02219072.
*** WARNING (version #1531bee): /home/sek519/warm_starting/vws/../vpc/src/utility/nbspace.cpp:368: Ray 548: Calculated dot product with obj differs from solver's. Obj viol from solver: 4465471.13857884. Calculated: 4465471.13857864.
*** WARNING (version #1531bee): /home/sek519/warm_starting/vws/../vpc/src/utility/nbspace.cpp:368: Ray 561: Calculated dot product with obj differs from solver's. Obj viol from solver: 1578008.99029574. Calculated: 1578008.99029560.
*** WARNING (version #1531bee): /home/sek519/warm_starting/vws/../vpc/src/utility/nbspace.cpp:368: Ray 562: Calculated dot product with obj differs from solver's. Obj viol from solver: 4431995.87414376. Calculated: 4431995.87414362.
*** WARNING (version #1531bee): /home/sek519/warm_starting/vws/../vpc/src/utility/nbspace.cpp:368: Ray 576: Calculated dot product with obj differs from solver's. Obj viol from solver: 3871673.38808908. Calculated: 3871673.38808896.
*** WARNING (version #1531bee): /home/sek519/warm_starting/vws/../vpc/src/utility/nbspace.cpp:368: Ray 581: Calculated dot product with obj differs from solver's. Obj viol from solver: 952305.12319875. Calculated: 952305.12319865.
*** WARNING (version #1531bee): /home/sek519/warm_starting/vws/../vpc/src/utility/nbspace.cpp:368: Ray 583: Calculated dot product with obj differs from solver's. Obj viol from solver: 1825464.82319875. Calculated: 1825464.82319863.
*** WARNING (version #1531bee): /home/sek519/warm_starting/vws/../vpc/src/utility/nbspace.cpp:368: Ray 584: Calculated dot product with obj differs from solver's. Obj viol from solver: 2715373.15541629. Calculated: 2715373.15541613.
*** WARNING (version #1531bee): /home/sek519/warm_starting/vws/../vpc/src/utility/nbspace.cpp:368: Ray 597: Calculated dot product with obj differs from solver's. Obj viol from solver: 1488916.79130364. Calculated: 1488916.79130352.
*** WARNING (version #1531bee): /home/sek519/warm_starting/vws/../vpc/src/utility/nbspace.cpp:368: Ray 598: Calculated dot product with obj differs from solver's. Obj viol from solver: 2681899.89098122. Calculated: 2681899.89098111.
*** WARNING (version #1531bee): /home/sek519/warm_starting/vws/../vpc/src/utility/nbspace.cpp:368: Ray 611: Calculated dot product with obj differs from solver's. Obj viol from solver: 615753.09130364. Calculated: 615753.09130353.
*** WARNING (version #1531bee): /home/sek519/warm_starting/vws/../vpc/src/utility/nbspace.cpp:368: Ray 616: Calculated dot product with obj differs from solver's. Obj viol from solver: 4987580.98505961. Calculated: 4987580.98505947.
*** WARNING (version #1531bee): /home/sek519/warm_starting/vws/../vpc/src/utility/nbspace.cpp:368: Ray 617: Calculated dot product with obj differs from solver's. Obj viol from solver: 1963085.57269480. Calculated: 1963085.57269468.
*** WARNING (version #1531bee): /home/sek519/warm_starting/vws/../vpc/src/utility/nbspace.cpp:368: Ray 618: Calculated dot product with obj differs from solver's. Obj viol from solver: 2990589.65440840. Calculated: 2990589.65440822.
*** WARNING (version #1531bee): /home/sek519/warm_starting/vws/../vpc/src/utility/nbspace.cpp:368: Ray 622: Calculated dot product with obj differs from solver's. Obj viol from solver: 4146938.75541629. Calculated: 4146938.75541616.
*** WARNING (version #1531bee): /home/sek519/warm_starting/vws/../vpc/src/utility/nbspace.cpp:368: Ray 628: Calculated dot product with obj differs from solver's. Obj viol from solver: 1303625.69383327. Calculated: 1303625.69383337.
*** WARNING (version #1531bee): /home/sek519/warm_starting/vws/../vpc/src/utility/nbspace.cpp:368: Ray 634: Calculated dot product with obj differs from solver's. Obj viol from solver: 969042.75541629. Calculated: 969042.75541616.
*** WARNING (version #1531bee): /home/sek519/warm_starting/vws/../vpc/src/utility/nbspace.cpp:368: Ray 657: Calculated dot product with obj differs from solver's. Obj viol from solver: 1626530.54079969. Calculated: 1626530.54079957.
*** WARNING (version #1531bee): /home/sek519/warm_starting/vws/../vpc/src/utility/nbspace.cpp:368: Ray 658: Calculated dot product with obj differs from solver's. Obj viol from solver: 2957118.38997331. Calculated: 2957118.38997320.
*** WARNING (version #1531bee): /home/sek519/warm_starting/vws/../vpc/src/utility/nbspace.cpp:368: Ray 660: Calculated dot product with obj differs from solver's. Obj viol from solver: 1333573.89440735. Calculated: 1333573.89440750.
*** WARNING (version #1531bee): /home/sek519/warm_starting/vws/../vpc/src/utility/nbspace.cpp:368: Ray 665: Calculated dot product with obj differs from solver's. Obj viol from solver: 1626525.54079969. Calculated: 1626525.54079957.
*** WARNING (version #1531bee): /home/sek519/warm_starting/vws/../vpc/src/utility/nbspace.cpp:368: Ray 666: Calculated dot product with obj differs from solver's. Obj viol from solver: 8880209.18997331. Calculated: 8880209.18997320.
*** WARNING (version #1531bee): /home/sek519/warm_starting/vws/../vpc/src/utility/nbspace.cpp:368: Ray 668: Calculated dot product with obj differs from solver's. Obj viol from solver: 6197376.69440736. Calculated: 6197376.69440753.
*** WARNING (version #1531bee): /home/sek519/warm_starting/vws/../vpc/src/utility/nbspace.cpp:368: Ray 670: Calculated dot product with obj differs from solver's. Obj viol from solver: 5164457.87448697. Calculated: 5164457.87448683.
*** WARNING (version #1531bee): /home/sek519/warm_starting/vws/../vpc/src/utility/nbspace.cpp:368: Ray 679: Calculated dot product with obj differs from solver's. Obj viol from solver: 676539.37708183. Calculated: 676539.37708171.
*** WARNING (version #1531bee): /home/sek519/warm_starting/vws/../vpc/src/utility/nbspace.cpp:368: Ray 691: Calculated dot product with obj differs from solver's. Obj viol from solver: 1675046.09130364. Calculated: 1675046.09130353.
*** WARNING (version #1531bee): /home/sek519/warm_starting/vws/../vpc/src/utility/nbspace.cpp:368: Ray 697: Calculated dot product with obj differs from solver's. Obj viol from solver: 718560.55562678. Calculated: 718560.55562690.
*** WARNING (version #1531bee): /home/sek519/warm_starting/vws/../vpc/src/utility/nbspace.cpp:368: Ray 699: Calculated dot product with obj differs from solver's. Obj viol from solver: 1818362.25769865. Calculated: 1818362.25769876.
*** WARNING (version #1531bee): /home/sek519/warm_starting/vws/../vpc/src/utility/nbspace.cpp:368: Ray 719: Calculated dot product with obj differs from solver's. Obj viol from solver: 8243849.99641207. Calculated: 8243849.99641222.
*** WARNING (version #1531bee): /home/sek519/warm_starting/vws/../vpc/src/utility/nbspace.cpp:368: Ray 721: Calculated dot product with obj differs from solver's. Obj viol from solver: 9175944.45769865. Calculated: 9175944.45769876.
*** WARNING (version #1531bee): /home/sek519/warm_starting/vws/../vpc/src/utility/nbspace.cpp:368: Ray 736: Calculated dot product with obj differs from solver's. Obj viol from solver: 6809359.59641207. Calculated: 6809359.59641223.
*** WARNING (version #1531bee): /home/sek519/warm_starting/vws/../vpc/src/utility/nbspace.cpp:368: Ray 752: Calculated dot product with obj differs from solver's. Obj viol from solver: 6682155.05769864. Calculated: 6682155.05769876.
*** WARNING (version #1531bee): /home/sek519/warm_starting/vws/../vpc/src/utility/nbspace.cpp:368: Ray 798: Calculated dot product with obj differs from solver's. Obj viol from solver: 1187496.39274580. Calculated: 1187496.39274569.
*** WARNING (version #1531bee): /home/sek519/warm_starting/vws/../vpc/src/utility/nbspace.cpp:368: Ray 808: Calculated dot product with obj differs from solver's. Obj viol from solver: 1594215.36186771. Calculated: 1594215.36186759.
*** WARNING (version #1531bee): /home/sek519/warm_starting/vws/../vpc/src/utility/nbspace.cpp:368: Ray 812: Calculated dot product with obj differs from solver's. Obj viol from solver: 1241262.80124049. Calculated: 1241262.80124039.
*** WARNING (version #1531bee): /home/sek519/warm_starting/vws/../vpc/src/utility/nbspace.cpp:368: Ray 828: Calculated dot product with obj differs from solver's. Obj viol from solver: 647087.70314277. Calculated: 647087.70314265.
*** WARNING (version #1531bee): /home/sek519/warm_starting/vws/../vpc/src/utility/nbspace.cpp:368: Ray 2877: Calculated dot product with obj differs from solver's. Obj viol from solver: 158288.53622894. Calculated: 158288.53622904.
*** WARNING (version #1531bee): /home/sek519/warm_starting/vws/../vpc/src/utility/nbspace.cpp:368: Ray 33: Calculated dot product with obj differs from solver's. Obj viol from solver: 8577688.80077535. Calculated: 8577688.80077545.
*** WARNING (version #1531bee): /home/sek519/warm_starting/vws/../vpc/src/utility/nbspace.cpp:368: Ray 307: Calculated dot product with obj differs from solver's. Obj viol from solver: 11941135.64331198. Calculated: 11941135.64331209.
*** WARNING (version #1531bee): /home/sek519/warm_starting/vws/../vpc/src/utility/nbspace.cpp:368: Ray 468: Calculated dot product with obj differs from solver's. Obj viol from solver: 4531892.18668492. Calculated: 4531892.18668506.
*** WARNING (version #1531bee): /home/sek519/warm_starting/vws/../vpc/src/utility/nbspace.cpp:368: Ray 470: Calculated dot product with obj differs from solver's. Obj viol from solver: 1825760.91921875. Calculated: 1825760.91921887.
*** WARNING (version #1531bee): /home/sek519/warm_starting/vws/../vpc/src/utility/nbspace.cpp:368: Ray 482: Calculated dot product with obj differs from solver's. Obj viol from solver: 1405407.50246656. Calculated: 1405407.50246645.
*** WARNING (version #1531bee): /home/sek519/warm_starting/vws/../vpc/src/utility/nbspace.cpp:368: Ray 483: Calculated dot product with obj differs from solver's. Obj viol from solver: 150391.90559072. Calculated: 150391.90559083.
*** WARNING (version #1531bee): /home/sek519/warm_starting/vws/../vpc/src/utility/nbspace.cpp:368: Ray 484: Calculated dot product with obj differs from solver's. Obj viol from solver: 1621373.52248758. Calculated: 1621373.52248770.
*** WARNING (version #1531bee): /home/sek519/warm_starting/vws/../vpc/src/utility/nbspace.cpp:368: Ray 578: Calculated dot product with obj differs from solver's. Obj viol from solver: 13811229.04331197. Calculated: 13811229.04331208.
*** WARNING (version #1531bee): /home/sek519/warm_starting/vws/../vpc/src/utility/nbspace.cpp:368: Ray 798: Calculated dot product with obj differs from solver's. Obj viol from solver: 1310402.36582588. Calculated: 1310402.36582576.
*** WARNING (version #1531bee): /home/sek519/warm_starting/vws/../vpc/src/utility/nbspace.cpp:368: Ray 812: Calculated dot product with obj differs from solver's. Obj viol from solver: 1397512.07483503. Calculated: 1397512.07483492.
*** WARNING (version #1531bee): /home/sek519/warm_starting/vws/../vpc/src/utility/nbspace.cpp:368: Ray 828: Calculated dot product with obj differs from solver's. Obj viol from solver: 789071.27483503. Calculated: 789071.27483492.
*** WARNING (version #1531bee): /home/sek519/warm_starting/vws/../vpc/src/utility/nbspace.cpp:368: Ray 1268: Calculated dot product with obj differs from solver's. Obj viol from solver: 1118208.84197120. Calculated: 1118208.84197109.
*** WARNING (version #1531bee): /home/sek519/warm_starting/vws/../vpc/src/utility/nbspace.cpp:368: Ray 1414: Calculated dot product with obj differs from solver's. Obj viol from solver: 509764.04197120. Calculated: 509764.04197109.
*** WARNING (version #1531bee): /home/sek519/warm_starting/vws/../vpc/src/utility/nbspace.cpp:368: Ray 1484: Calculated dot product with obj differs from solver's. Obj viol from solver: 399442.53296204. Calculated: 399442.53296193.
*** WARNING (version #1531bee): /home/sek519/warm_starting/vws/../vpc/src/utility/nbspace.cpp:368: Ray 2877: Calculated dot product with obj differs from solver's. Obj viol from solver: 87279.97019202. Calculated: 87279.97019216.
*** WARNING (version #1531bee): /home/sek519/warm_starting/vws/../vpc/src/utility/nbspace.cpp:368: Ray 2915: Calculated dot product with obj differs from solver's. Obj viol from solver: 73419.89379005. Calculated: 73419.89378993.
*** WARNING (version #1531bee): /home/sek519/warm_starting/vws/../vpc/src/utility/nbspace.cpp:368: Ray 3: Calculated dot product with obj differs from solver's. Obj viol from solver: 3920477.93116647. Calculated: 3920477.93116636.
*** WARNING (version #1531bee): /home/sek519/warm_starting/vws/../vpc/src/utility/nbspace.cpp:368: Ray 5: Calculated dot product with obj differs from solver's. Obj viol from solver: 2356535.12506682. Calculated: 2356535.12506668.
*** WARNING (version #1531bee): /home/sek519/warm_starting/vws/../vpc/src/utility/nbspace.cpp:368: Ray 7: Calculated dot product with obj differs from solver's. Obj viol from solver: 3920467.93116646. Calculated: 3920467.93116636.
*** WARNING (version #1531bee): /home/sek519/warm_starting/vws/../vpc/src/utility/nbspace.cpp:368: Ray 13: Calculated dot product with obj differs from solver's. Obj viol from solver: 6113621.72506682. Calculated: 6113621.72506667.
*** WARNING (version #1531bee): /home/sek519/warm_starting/vws/../vpc/src/utility/nbspace.cpp:368: Ray 31: Calculated dot product with obj differs from solver's. Obj viol from solver: 1801855.93116645. Calculated: 1801855.93116635.
*** WARNING (version #1531bee): /home/sek519/warm_starting/vws/../vpc/src/utility/nbspace.cpp:368: Ray 37: Calculated dot product with obj differs from solver's. Obj viol from solver: 1801882.93116646. Calculated: 1801882.93116635.
*** WARNING (version #1531bee): /home/sek519/warm_starting/vws/../vpc/src/utility/nbspace.cpp:368: Ray 39: Calculated dot product with obj differs from solver's. Obj viol from solver: 2880694.34536516. Calculated: 2880694.34536501.
*** WARNING (version #1531bee): /home/sek519/warm_starting/vws/../vpc/src/utility/nbspace.cpp:368: Ray 43: Calculated dot product with obj differs from solver's. Obj viol from solver: 4806419.21232342. Calculated: 4806419.21232331.
*** WARNING (version #1531bee): /home/sek519/warm_starting/vws/../vpc/src/utility/nbspace.cpp:368: Ray 49: Calculated dot product with obj differs from solver's. Obj viol from solver: 3920471.93116646. Calculated: 3920471.93116636.
*** WARNING (version #1531bee): /home/sek519/warm_starting/vws/../vpc/src/utility/nbspace.cpp:368: Ray 59: Calculated dot product with obj differs from solver's. Obj viol from solver: 1913012.31936304. Calculated: 1913012.31936286.
*** WARNING (version #1531bee): /home/sek519/warm_starting/vws/../vpc/src/utility/nbspace.cpp:368: Ray 61: Calculated dot product with obj differs from solver's. Obj viol from solver: 1801871.93116646. Calculated: 1801871.93116635.
*** WARNING (version #1531bee): /home/sek519/warm_starting/vws/../vpc/src/utility/nbspace.cpp:368: Ray 75: Calculated dot product with obj differs from solver's. Obj viol from solver: 3288847.07096576. Calculated: 3288847.07096586.
*** WARNING (version #1531bee): /home/sek519/warm_starting/vws/../vpc/src/utility/nbspace.cpp:368: Ray 85: Calculated dot product with obj differs from solver's. Obj viol from solver: 7045937.67096576. Calculated: 7045937.67096586.
*** WARNING (version #1531bee): /home/sek519/warm_starting/vws/../vpc/src/utility/nbspace.cpp:368: Ray 118: Calculated dot product with obj differs from solver's. Obj viol from solver: 890443.36944262. Calculated: 890443.36944277.
*** WARNING (version #1531bee): /home/sek519/warm_starting/vws/../vpc/src/utility/nbspace.cpp:368: Ray 119: Calculated dot product with obj differs from solver's. Obj viol from solver: 2916392.39901772. Calculated: 2916392.39901789.
*** WARNING (version #1531bee): /home/sek519/warm_starting/vws/../vpc/src/utility/nbspace.cpp:368: Ray 178: Calculated dot product with obj differs from solver's. Obj viol from solver: 360800.36944262. Calculated: 360800.36944277.
*** WARNING (version #1531bee): /home/sek519/warm_starting/vws/../vpc/src/utility/nbspace.cpp:368: Ray 179: Calculated dot product with obj differs from solver's. Obj viol from solver: 1289813.20364550. Calculated: 1289813.20364564.
*** WARNING (version #1531bee): /home/sek519/warm_starting/vws/../vpc/src/utility/nbspace.cpp:368: Ray 214: Calculated dot product with obj differs from solver's. Obj viol from solver: 2207532.91327965. Calculated: 2207532.91327978.
*** WARNING (version #1531bee): /home/sek519/warm_starting/vws/../vpc/src/utility/nbspace.cpp:368: Ray 215: Calculated dot product with obj differs from solver's. Obj viol from solver: 4150033.76048358. Calculated: 4150033.76048374.
*** WARNING (version #1531bee): /home/sek519/warm_starting/vws/../vpc/src/utility/nbspace.cpp:368: Ray 262: Calculated dot product with obj differs from solver's. Obj viol from solver: 360792.36944262. Calculated: 360792.36944277.
*** WARNING (version #1531bee): /home/sek519/warm_starting/vws/../vpc/src/utility/nbspace.cpp:368: Ray 263: Calculated dot product with obj differs from solver's. Obj viol from solver: 230499.20364550. Calculated: 230499.20364564.
*** WARNING (version #1531bee): /home/sek519/warm_starting/vws/../vpc/src/utility/nbspace.cpp:368: Ray 404: Calculated dot product with obj differs from solver's. Obj viol from solver: 551599.60666407. Calculated: 551599.60666423.
*** WARNING (version #1531bee): /home/sek519/warm_starting/vws/../vpc/src/utility/nbspace.cpp:368: Ray 405: Calculated dot product with obj differs from solver's. Obj viol from solver: 259000.81188645. Calculated: 259000.81188664.
*** WARNING (version #1531bee): /home/sek519/warm_starting/vws/../vpc/src/utility/nbspace.cpp:368: Ray 442: Calculated dot product with obj differs from solver's. Obj viol from solver: 197384.91840289. Calculated: 197384.91840276.
*** WARNING (version #1531bee): /home/sek519/warm_starting/vws/../vpc/src/utility/nbspace.cpp:368: Ray 483: Calculated dot product with obj differs from solver's. Obj viol from solver: 84468.36286571. Calculated: 84468.36286588.
*** WARNING (version #1531bee): /home/sek519/warm_starting/vws/../vpc/src/utility/nbspace.cpp:368: Ray 484: Calculated dot product with obj differs from solver's. Obj viol from solver: 1567811.05938247. Calculated: 1567811.05938258.
*** WARNING (version #1531bee): /home/sek519/warm_starting/vws/../vpc/src/utility/nbspace.cpp:368: Ray 601: Calculated dot product with obj differs from solver's. Obj viol from solver: 618592.41327965. Calculated: 618592.41327978.
*** WARNING (version #1531bee): /home/sek519/warm_starting/vws/../vpc/src/utility/nbspace.cpp:368: Ray 602: Calculated dot product with obj differs from solver's. Obj viol from solver: 2031436.76048358. Calculated: 2031436.76048374.
*** WARNING (version #1531bee): /home/sek519/warm_starting/vws/../vpc/src/utility/nbspace.cpp:368: Ray 632: Calculated dot product with obj differs from solver's. Obj viol from solver: 653029.32151532. Calculated: 653029.32151521.
*** WARNING (version #1531bee): /home/sek519/warm_starting/vws/../vpc/src/utility/nbspace.cpp:368: Ray 647: Calculated dot product with obj differs from solver's. Obj viol from solver: 890450.86944262. Calculated: 890450.86944278.
*** WARNING (version #1531bee): /home/sek519/warm_starting/vws/../vpc/src/utility/nbspace.cpp:368: Ray 648: Calculated dot product with obj differs from solver's. Obj viol from solver: 2175756.48480244. Calculated: 2175756.48480259.
*** WARNING (version #1531bee): /home/sek519/warm_starting/vws/../vpc/src/utility/nbspace.cpp:368: Ray 677: Calculated dot product with obj differs from solver's. Obj viol from solver: 360796.36944262. Calculated: 360796.36944278.
*** WARNING (version #1531bee): /home/sek519/warm_starting/vws/../vpc/src/utility/nbspace.cpp:368: Ray 678: Calculated dot product with obj differs from solver's. Obj viol from solver: 1289801.20364550. Calculated: 1289801.20364564.
*** WARNING (version #1531bee): /home/sek519/warm_starting/vws/../vpc/src/utility/nbspace.cpp:368: Ray 680: Calculated dot product with obj differs from solver's. Obj viol from solver: 691980.28852522. Calculated: 691980.28852510.
*** WARNING (version #1531bee): /home/sek519/warm_starting/vws/../vpc/src/utility/nbspace.cpp:368: Ray 705: Calculated dot product with obj differs from solver's. Obj viol from solver: 3480622.18982172. Calculated: 3480622.18982189.
*** WARNING (version #1531bee): /home/sek519/warm_starting/vws/../vpc/src/utility/nbspace.cpp:368: Ray 738: Calculated dot product with obj differs from solver's. Obj viol from solver: 1013231.80144329. Calculated: 1013231.80144318.
*** WARNING (version #1531bee): /home/sek519/warm_starting/vws/../vpc/src/utility/nbspace.cpp:368: Ray 741: Calculated dot product with obj differs from solver's. Obj viol from solver: 664391.90027859. Calculated: 664391.90027869.
*** WARNING (version #1531bee): /home/sek519/warm_starting/vws/../vpc/src/utility/nbspace.cpp:368: Ray 743: Calculated dot product with obj differs from solver's. Obj viol from solver: 552651.78062689. Calculated: 552651.78062700.
*** WARNING (version #1531bee): /home/sek519/warm_starting/vws/../vpc/src/utility/nbspace.cpp:368: Ray 744: Calculated dot product with obj differs from solver's. Obj viol from solver: 2011318.61482977. Calculated: 2011318.61482987.
*** WARNING (version #1531bee): /home/sek519/warm_starting/vws/../vpc/src/utility/nbspace.cpp:368: Ray 747: Calculated dot product with obj differs from solver's. Obj viol from solver: 890446.86944262. Calculated: 890446.86944278.
*** WARNING (version #1531bee): /home/sek519/warm_starting/vws/../vpc/src/utility/nbspace.cpp:368: Ray 753: Calculated dot product with obj differs from solver's. Obj viol from solver: 32855.13403644. Calculated: 32855.13403657.
*** WARNING (version #1531bee): /home/sek519/warm_starting/vws/../vpc/src/utility/nbspace.cpp:368: Ray 754: Calculated dot product with obj differs from solver's. Obj viol from solver: 1406748.88215956. Calculated: 1406748.88215966.
*** WARNING (version #1531bee): /home/sek519/warm_starting/vws/../vpc/src/utility/nbspace.cpp:368: Ray 758: Calculated dot product with obj differs from solver's. Obj viol from solver: 548387.94379881. Calculated: 548387.94379869.
*** WARNING (version #1531bee): /home/sek519/warm_starting/vws/../vpc/src/utility/nbspace.cpp:368: Ray 876: Calculated dot product with obj differs from solver's. Obj viol from solver: 754259.83753556. Calculated: 754259.83753566.
*** WARNING (version #1531bee): /home/sek519/warm_starting/vws/../vpc/src/utility/nbspace.cpp:368: Ray 1078: Calculated dot product with obj differs from solver's. Obj viol from solver: 1253765.08514703. Calculated: 1253765.08514714.
*** WARNING (version #1531bee): /home/sek519/warm_starting/vws/../vpc/src/utility/nbspace.cpp:368: Ray 1620: Calculated dot product with obj differs from solver's. Obj viol from solver: 3102203.53394213. Calculated: 3102203.53394226.
*** WARNING (version #1531bee): /home/sek519/warm_starting/vws/../vpc/src/utility/nbspace.cpp:368: Ray 1630: Calculated dot product with obj differs from solver's. Obj viol from solver: 898764.09162398. Calculated: 898764.09162386.
*** WARNING (version #1531bee): /home/sek519/warm_starting/vws/../vpc/src/utility/nbspace.cpp:368: Ray 1636: Calculated dot product with obj differs from solver's. Obj viol from solver: 1755923.74334791. Calculated: 1755923.74334802.
*** WARNING (version #1531bee): /home/sek519/warm_starting/vws/../vpc/src/utility/nbspace.cpp:368: Ray 2328: Calculated dot product with obj differs from solver's. Obj viol from solver: 131976.94451443. Calculated: 131976.94451432.
*** WARNING (version #1531bee): /home/sek519/warm_starting/vws/../vpc/src/utility/nbspace.cpp:149: Point: Calculated dot product with obj differs from solver's. Obj viol from solver: 433647.38846540. Calculated: 433647.38846551.
*** WARNING (version #1531bee): /home/sek519/warm_starting/vws/../vpc/src/utility/nbspace.cpp:368: Ray 33: Calculated dot product with obj differs from solver's. Obj viol from solver: 7197488.82477805. Calculated: 7197488.82477789.
*** WARNING (version #1531bee): /home/sek519/warm_starting/vws/../vpc/src/utility/nbspace.cpp:368: Ray 65: Calculated dot product with obj differs from solver's. Obj viol from solver: 1555673.48934436. Calculated: 1555673.48934425.
*** WARNING (version #1531bee): /home/sek519/warm_starting/vws/../vpc/src/utility/nbspace.cpp:368: Ray 129: Calculated dot product with obj differs from solver's. Obj viol from solver: 2983099.81939829. Calculated: 2983099.81939840.
*** WARNING (version #1531bee): /home/sek519/warm_starting/vws/../vpc/src/utility/nbspace.cpp:368: Ray 213: Calculated dot product with obj differs from solver's. Obj viol from solver: 1432959.74468308. Calculated: 1432959.74468295.
*** WARNING (version #1531bee): /home/sek519/warm_starting/vws/../vpc/src/utility/nbspace.cpp:368: Ray 269: Calculated dot product with obj differs from solver's. Obj viol from solver: 1809675.44241281. Calculated: 1809675.44241268.
*** WARNING (version #1531bee): /home/sek519/warm_starting/vws/../vpc/src/utility/nbspace.cpp:368: Ray 300: Calculated dot product with obj differs from solver's. Obj viol from solver: 503093.10379148. Calculated: 503093.10379158.
*** WARNING (version #1531bee): /home/sek519/warm_starting/vws/../vpc/src/utility/nbspace.cpp:368: Ray 301: Calculated dot product with obj differs from solver's. Obj viol from solver: 2896598.57308855. Calculated: 2896598.57308873.
*** WARNING (version #1531bee): /home/sek519/warm_starting/vws/../vpc/src/utility/nbspace.cpp:368: Ray 307: Calculated dot product with obj differs from solver's. Obj viol from solver: 11481977.02093050. Calculated: 11481977.02093040.
*** WARNING (version #1531bee): /home/sek519/warm_starting/vws/../vpc/src/utility/nbspace.cpp:368: Ray 333: Calculated dot product with obj differs from solver's. Obj viol from solver: 4130742.34468308. Calculated: 4130742.34468295.
*** WARNING (version #1531bee): /home/sek519/warm_starting/vws/../vpc/src/utility/nbspace.cpp:368: Ray 369: Calculated dot product with obj differs from solver's. Obj viol from solver: 3323647.85080988. Calculated: 3323647.85080977.
*** WARNING (version #1531bee): /home/sek519/warm_starting/vws/../vpc/src/utility/nbspace.cpp:368: Ray 389: Calculated dot product with obj differs from solver's. Obj viol from solver: 2886091.65080988. Calculated: 2886091.65080978.
*** WARNING (version #1531bee): /home/sek519/warm_starting/vws/../vpc/src/utility/nbspace.cpp:368: Ray 420: Calculated dot product with obj differs from solver's. Obj viol from solver: 6557300.37138461. Calculated: 6557300.37138448.
*** WARNING (version #1531bee): /home/sek519/warm_starting/vws/../vpc/src/utility/nbspace.cpp:368: Ray 459: Calculated dot product with obj differs from solver's. Obj viol from solver: 6488220.37917455. Calculated: 6488220.37917443.
*** WARNING (version #1531bee): /home/sek519/warm_starting/vws/../vpc/src/utility/nbspace.cpp:368: Ray 466: Calculated dot product with obj differs from solver's. Obj viol from solver: 950629.96404965. Calculated: 950629.96404953.
*** WARNING (version #1531bee): /home/sek519/warm_starting/vws/../vpc/src/utility/nbspace.cpp:368: Ray 467: Calculated dot product with obj differs from solver's. Obj viol from solver: 427339.05555168. Calculated: 427339.05555157.
*** WARNING (version #1531bee): /home/sek519/warm_starting/vws/../vpc/src/utility/nbspace.cpp:368: Ray 468: Calculated dot product with obj differs from solver's. Obj viol from solver: 2445773.29243803. Calculated: 2445773.29243787.
*** WARNING (version #1531bee): /home/sek519/warm_starting/vws/../vpc/src/utility/nbspace.cpp:368: Ray 536: Calculated dot product with obj differs from solver's. Obj viol from solver: 394514.45913227. Calculated: 394514.45913208.
*** WARNING (version #1531bee): /home/sek519/warm_starting/vws/../vpc/src/utility/nbspace.cpp:368: Ray 542: Calculated dot product with obj differs from solver's. Obj viol from solver: 2432164.82352560. Calculated: 2432164.82352547.
*** WARNING (version #1531bee): /home/sek519/warm_starting/vws/../vpc/src/utility/nbspace.cpp:368: Ray 546: Calculated dot product with obj differs from solver's. Obj viol from solver: 5007364.58800342. Calculated: 5007364.58800328.
*** WARNING (version #1531bee): /home/sek519/warm_starting/vws/../vpc/src/utility/nbspace.cpp:368: Ray 550: Calculated dot product with obj differs from solver's. Obj viol from solver: 5943819.48328215. Calculated: 5943819.48328203.
*** WARNING (version #1531bee): /home/sek519/warm_starting/vws/../vpc/src/utility/nbspace.cpp:368: Ray 559: Calculated dot product with obj differs from solver's. Obj viol from solver: 811046.94661641. Calculated: 811046.94661630.
*** WARNING (version #1531bee): /home/sek519/warm_starting/vws/../vpc/src/utility/nbspace.cpp:368: Ray 560: Calculated dot product with obj differs from solver's. Obj viol from solver: 5272969.62778499. Calculated: 5272969.62778479.
*** WARNING (version #1531bee): /home/sek519/warm_starting/vws/../vpc/src/utility/nbspace.cpp:368: Ray 570: Calculated dot product with obj differs from solver's. Obj viol from solver: 1580463.20463788. Calculated: 1580463.20463802.
*** WARNING (version #1531bee): /home/sek519/warm_starting/vws/../vpc/src/utility/nbspace.cpp:368: Ray 572: Calculated dot product with obj differs from solver's. Obj viol from solver: 2134395.37323060. Calculated: 2134395.37323036.
*** WARNING (version #1531bee): /home/sek519/warm_starting/vws/../vpc/src/utility/nbspace.cpp:368: Ray 578: Calculated dot product with obj differs from solver's. Obj viol from solver: 14411372.42093050. Calculated: 14411372.42093036.
*** WARNING (version #1531bee): /home/sek519/warm_starting/vws/../vpc/src/utility/nbspace.cpp:368: Ray 580: Calculated dot product with obj differs from solver's. Obj viol from solver: 4816738.06885384. Calculated: 4816738.06885369.
*** WARNING (version #1531bee): /home/sek519/warm_starting/vws/../vpc/src/utility/nbspace.cpp:368: Ray 582: Calculated dot product with obj differs from solver's. Obj viol from solver: 606370.75933021. Calculated: 606370.75933010.
*** WARNING (version #1531bee): /home/sek519/warm_starting/vws/../vpc/src/utility/nbspace.cpp:368: Ray 596: Calculated dot product with obj differs from solver's. Obj viol from solver: 872011.79911179. Calculated: 872011.79911162.
*** WARNING (version #1531bee): /home/sek519/warm_starting/vws/../vpc/src/utility/nbspace.cpp:368: Ray 606: Calculated dot product with obj differs from solver's. Obj viol from solver: 205113.54455740. Calculated: 205113.54455719.
*** WARNING (version #1531bee): /home/sek519/warm_starting/vws/../vpc/src/utility/nbspace.cpp:368: Ray 614: Calculated dot product with obj differs from solver's. Obj viol from solver: 2887412.24018064. Calculated: 2887412.24018052.
*** WARNING (version #1531bee): /home/sek519/warm_starting/vws/../vpc/src/utility/nbspace.cpp:368: Ray 636: Calculated dot product with obj differs from solver's. Obj viol from solver: 1189921.81380727. Calculated: 1189921.81380717.
*** WARNING (version #1531bee): /home/sek519/warm_starting/vws/../vpc/src/utility/nbspace.cpp:368: Ray 670: Calculated dot product with obj differs from solver's. Obj viol from solver: 5003852.67873972. Calculated: 5003852.67873961.
*** WARNING (version #1531bee): /home/sek519/warm_starting/vws/../vpc/src/utility/nbspace.cpp:368: Ray 686: Calculated dot product with obj differs from solver's. Obj viol from solver: 3112621.28352794. Calculated: 3112621.28352781.
*** WARNING (version #1531bee): /home/sek519/warm_starting/vws/../vpc/src/utility/nbspace.cpp:368: Ray 737: Calculated dot product with obj differs from solver's. Obj viol from solver: 760473.50248718. Calculated: 760473.50248728.
*** WARNING (version #1531bee): /home/sek519/warm_starting/vws/../vpc/src/utility/nbspace.cpp:368: Ray 738: Calculated dot product with obj differs from solver's. Obj viol from solver: 1245258.30555235. Calculated: 1245258.30555254.
*** WARNING (version #1531bee): /home/sek519/warm_starting/vws/../vpc/src/utility/nbspace.cpp:368: Ray 753: Calculated dot product with obj differs from solver's. Obj viol from solver: 284055.27079206. Calculated: 284055.27079218.
*** WARNING (version #1531bee): /home/sek519/warm_starting/vws/../vpc/src/utility/nbspace.cpp:368: Ray 754: Calculated dot product with obj differs from solver's. Obj viol from solver: 2016788.03183928. Calculated: 2016788.03183948.
*** WARNING (version #1531bee): /home/sek519/warm_starting/vws/../vpc/src/utility/nbspace.cpp:368: Ray 756: Calculated dot product with obj differs from solver's. Obj viol from solver: 3418943.65221407. Calculated: 3418943.65221396.
*** WARNING (version #1531bee): /home/sek519/warm_starting/vws/../vpc/src/utility/nbspace.cpp:368: Ray 768: Calculated dot product with obj differs from solver's. Obj viol from solver: 1012421.54004127. Calculated: 1012421.54004116.
*** WARNING (version #1531bee): /home/sek519/warm_starting/vws/../vpc/src/utility/nbspace.cpp:368: Ray 774: Calculated dot product with obj differs from solver's. Obj viol from solver: 2934983.19721742. Calculated: 2934983.19721727.
*** WARNING (version #1531bee): /home/sek519/warm_starting/vws/../vpc/src/utility/nbspace.cpp:368: Ray 1170: Calculated dot product with obj differs from solver's. Obj viol from solver: 252042.15518215. Calculated: 252042.15518225.
*** WARNING (version #1531bee): /home/sek519/warm_starting/vws/../vpc/src/utility/nbspace.cpp:368: Ray 12: Calculated dot product with obj differs from solver's. Obj viol from solver: 2251478.40980011. Calculated: 2251478.40979986.
*** WARNING (version #1531bee): /home/sek519/warm_starting/vws/../vpc/src/utility/nbspace.cpp:368: Ray 13: Calculated dot product with obj differs from solver's. Obj viol from solver: 5640976.50208860. Calculated: 5640976.50208830.
*** WARNING (version #1531bee): /home/sek519/warm_starting/vws/../vpc/src/utility/nbspace.cpp:368: Ray 33: Calculated dot product with obj differs from solver's. Obj viol from solver: 6969261.73631556. Calculated: 6969261.73631537.
*** WARNING (version #1531bee): /home/sek519/warm_starting/vws/../vpc/src/utility/nbspace.cpp:368: Ray 120: Calculated dot product with obj differs from solver's. Obj viol from solver: 2624279.69277023. Calculated: 2624279.69277033.
*** WARNING (version #1531bee): /home/sek519/warm_starting/vws/../vpc/src/utility/nbspace.cpp:368: Ray 121: Calculated dot product with obj differs from solver's. Obj viol from solver: 5837493.18163633. Calculated: 5837493.18163645.
*** WARNING (version #1531bee): /home/sek519/warm_starting/vws/../vpc/src/utility/nbspace.cpp:368: Ray 147: Calculated dot product with obj differs from solver's. Obj viol from solver: 3523242.05148733. Calculated: 3523242.05148722.
*** WARNING (version #1531bee): /home/sek519/warm_starting/vws/../vpc/src/utility/nbspace.cpp:368: Ray 227: Calculated dot product with obj differs from solver's. Obj viol from solver: 4427094.51815401. Calculated: 4427094.51815390.
*** WARNING (version #1531bee): /home/sek519/warm_starting/vws/../vpc/src/utility/nbspace.cpp:368: Ray 326: Calculated dot product with obj differs from solver's. Obj viol from solver: 2296463.63806186. Calculated: 2296463.63806175.
*** WARNING (version #1531bee): /home/sek519/warm_starting/vws/../vpc/src/utility/nbspace.cpp:368: Ray 327: Calculated dot product with obj differs from solver's. Obj viol from solver: 3191826.69221606. Calculated: 3191826.69221592.
*** WARNING (version #1531bee): /home/sek519/warm_starting/vws/../vpc/src/utility/nbspace.cpp:368: Ray 331: Calculated dot product with obj differs from solver's. Obj viol from solver: 3523305.71815401. Calculated: 3523305.71815390.
*** WARNING (version #1531bee): /home/sek519/warm_starting/vws/../vpc/src/utility/nbspace.cpp:368: Ray 333: Calculated dot product with obj differs from solver's. Obj viol from solver: 3523251.05148734. Calculated: 3523251.05148723.
*** WARNING (version #1531bee): /home/sek519/warm_starting/vws/../vpc/src/utility/nbspace.cpp:368: Ray 338: Calculated dot product with obj differs from solver's. Obj viol from solver: 2457295.02958771. Calculated: 2457295.02958759.
*** WARNING (version #1531bee): /home/sek519/warm_starting/vws/../vpc/src/utility/nbspace.cpp:368: Ray 339: Calculated dot product with obj differs from solver's. Obj viol from solver: 3181496.77536001. Calculated: 3181496.77535988.
*** WARNING (version #1531bee): /home/sek519/warm_starting/vws/../vpc/src/utility/nbspace.cpp:368: Ray 1: Calculated dot product with obj differs from solver's. Obj viol from solver: 4933341.69531603. Calculated: 4933341.69531620.
*** WARNING (version #1531bee): /home/sek519/warm_starting/vws/../vpc/src/utility/nbspace.cpp:368: Ray 3: Calculated dot product with obj differs from solver's. Obj viol from solver: 3660679.93672693. Calculated: 3660679.93672710.
*** WARNING (version #1531bee): /home/sek519/warm_starting/vws/../vpc/src/utility/nbspace.cpp:368: Ray 4: Calculated dot product with obj differs from solver's. Obj viol from solver: 398427.30377838. Calculated: 398427.30377787.
*** WARNING (version #1531bee): /home/sek519/warm_starting/vws/../vpc/src/utility/nbspace.cpp:368: Ray 5: Calculated dot product with obj differs from solver's. Obj viol from solver: 2622970.67572109. Calculated: 2622970.67572067.
*** WARNING (version #1531bee): /home/sek519/warm_starting/vws/../vpc/src/utility/nbspace.cpp:368: Ray 7: Calculated dot product with obj differs from solver's. Obj viol from solver: 3660682.93672692. Calculated: 3660682.93672710.
*** WARNING (version #1531bee): /home/sek519/warm_starting/vws/../vpc/src/utility/nbspace.cpp:368: Ray 9: Calculated dot product with obj differs from solver's. Obj viol from solver: 3571463.32812444. Calculated: 3571463.32812459.
*** WARNING (version #1531bee): /home/sek519/warm_starting/vws/../vpc/src/utility/nbspace.cpp:368: Ray 11: Calculated dot product with obj differs from solver's. Obj viol from solver: 4533386.76888543. Calculated: 4533386.76888562.
*** WARNING (version #1531bee): /home/sek519/warm_starting/vws/../vpc/src/utility/nbspace.cpp:368: Ray 12: Calculated dot product with obj differs from solver's. Obj viol from solver: 2253774.30377838. Calculated: 2253774.30377787.
*** WARNING (version #1531bee): /home/sek519/warm_starting/vws/../vpc/src/utility/nbspace.cpp:368: Ray 13: Calculated dot product with obj differs from solver's. Obj viol from solver: 6380051.27572108. Calculated: 6380051.27572067.
*** WARNING (version #1531bee): /home/sek519/warm_starting/vws/../vpc/src/utility/nbspace.cpp:368: Ray 14: Calculated dot product with obj differs from solver's. Obj viol from solver: 906492.56478421. Calculated: 906492.56478431.
*** WARNING (version #1531bee): /home/sek519/warm_starting/vws/../vpc/src/utility/nbspace.cpp:368: Ray 15: Calculated dot product with obj differs from solver's. Obj viol from solver: 2601380.93672692. Calculated: 2601380.93672712.
*** WARNING (version #1531bee): /home/sek519/warm_starting/vws/../vpc/src/utility/nbspace.cpp:368: Ray 17: Calculated dot product with obj differs from solver's. Obj viol from solver: 1452864.32812444. Calculated: 1452864.32812459.
*** WARNING (version #1531bee): /home/sek519/warm_starting/vws/../vpc/src/utility/nbspace.cpp:368: Ray 19: Calculated dot product with obj differs from solver's. Obj viol from solver: 761264.45611457. Calculated: 761264.45611441.
*** WARNING (version #1531bee): /home/sek519/warm_starting/vws/../vpc/src/utility/nbspace.cpp:368: Ray 23: Calculated dot product with obj differs from solver's. Obj viol from solver: 6646769.05611457. Calculated: 6646769.05611440.
*** WARNING (version #1531bee): /home/sek519/warm_starting/vws/../vpc/src/utility/nbspace.cpp:368: Ray 27: Calculated dot product with obj differs from solver's. Obj viol from solver: 1344554.11058940. Calculated: 1344554.11058956.
*** WARNING (version #1531bee): /home/sek519/warm_starting/vws/../vpc/src/utility/nbspace.cpp:368: Ray 29: Calculated dot product with obj differs from solver's. Obj viol from solver: 3613945.63055853. Calculated: 3613945.63055870.
*** WARNING (version #1531bee): /home/sek519/warm_starting/vws/../vpc/src/utility/nbspace.cpp:368: Ray 31: Calculated dot product with obj differs from solver's. Obj viol from solver: 1542091.93672692. Calculated: 1542091.93672710.
*** WARNING (version #1531bee): /home/sek519/warm_starting/vws/../vpc/src/utility/nbspace.cpp:368: Ray 35: Calculated dot product with obj differs from solver's. Obj viol from solver: 1542090.93672692. Calculated: 1542090.93672711.
*** WARNING (version #1531bee): /home/sek519/warm_starting/vws/../vpc/src/utility/nbspace.cpp:368: Ray 37: Calculated dot product with obj differs from solver's. Obj viol from solver: 1542089.93672693. Calculated: 1542089.93672710.
*** WARNING (version #1531bee): /home/sek519/warm_starting/vws/../vpc/src/utility/nbspace.cpp:368: Ray 38: Calculated dot product with obj differs from solver's. Obj viol from solver: 906490.56478421. Calculated: 906490.56478431.
*** WARNING (version #1531bee): /home/sek519/warm_starting/vws/../vpc/src/utility/nbspace.cpp:368: Ray 39: Calculated dot product with obj differs from solver's. Obj viol from solver: 2601380.93672692. Calculated: 2601380.93672711.
*** WARNING (version #1531bee): /home/sek519/warm_starting/vws/../vpc/src/utility/nbspace.cpp:368: Ray 41: Calculated dot product with obj differs from solver's. Obj viol from solver: 1629473.88593974. Calculated: 1629473.88593991.
*** WARNING (version #1531bee): /home/sek519/warm_starting/vws/../vpc/src/utility/nbspace.cpp:368: Ray 43: Calculated dot product with obj differs from solver's. Obj viol from solver: 4505873.86634774. Calculated: 4505873.86634790.
*** WARNING (version #1531bee): /home/sek519/warm_starting/vws/../vpc/src/utility/nbspace.cpp:368: Ray 45: Calculated dot product with obj differs from solver's. Obj viol from solver: 1542091.43672692. Calculated: 1542091.43672710.
*** WARNING (version #1531bee): /home/sek519/warm_starting/vws/../vpc/src/utility/nbspace.cpp:368: Ray 47: Calculated dot product with obj differs from solver's. Obj viol from solver: 4270326.61172500. Calculated: 4270326.61172484.
*** WARNING (version #1531bee): /home/sek519/warm_starting/vws/../vpc/src/utility/nbspace.cpp:368: Ray 49: Calculated dot product with obj differs from solver's. Obj viol from solver: 3660681.93672693. Calculated: 3660681.93672709.
*** WARNING (version #1531bee): /home/sek519/warm_starting/vws/../vpc/src/utility/nbspace.cpp:368: Ray 51: Calculated dot product with obj differs from solver's. Obj viol from solver: 2344281.45611457. Calculated: 2344281.45611440.
*** WARNING (version #1531bee): /home/sek519/warm_starting/vws/../vpc/src/utility/nbspace.cpp:368: Ray 53: Calculated dot product with obj differs from solver's. Obj viol from solver: 8628740.94388544. Calculated: 8628740.94388561.
*** WARNING (version #1531bee): /home/sek519/warm_starting/vws/../vpc/src/utility/nbspace.cpp:368: Ray 55: Calculated dot product with obj differs from solver's. Obj viol from solver: 2127704.49762152. Calculated: 2127704.49762137.
*** WARNING (version #1531bee): /home/sek519/warm_starting/vws/../vpc/src/utility/nbspace.cpp:368: Ray 57: Calculated dot product with obj differs from solver's. Obj viol from solver: 2621511.92332745. Calculated: 2621511.92332758.
*** WARNING (version #1531bee): /home/sek519/warm_starting/vws/../vpc/src/utility/nbspace.cpp:368: Ray 59: Calculated dot product with obj differs from solver's. Obj viol from solver: 1542103.93672691. Calculated: 1542103.93672710.
*** WARNING (version #1531bee): /home/sek519/warm_starting/vws/../vpc/src/utility/nbspace.cpp:368: Ray 61: Calculated dot product with obj differs from solver's. Obj viol from solver: 1542088.93672692. Calculated: 1542088.93672710.
*** WARNING (version #1531bee): /home/sek519/warm_starting/vws/../vpc/src/utility/nbspace.cpp:368: Ray 63: Calculated dot product with obj differs from solver's. Obj viol from solver: 4630774.32812443. Calculated: 4630774.32812460.
*** WARNING (version #1531bee): /home/sek519/warm_starting/vws/../vpc/src/utility/nbspace.cpp:368: Ray 65: Calculated dot product with obj differs from solver's. Obj viol from solver: 2036310.00706802. Calculated: 2036310.00706817.
*** WARNING (version #1531bee): /home/sek519/warm_starting/vws/../vpc/src/utility/nbspace.cpp:368: Ray 67: Calculated dot product with obj differs from solver's. Obj viol from solver: 1540262.27733725. Calculated: 1540262.27733741.
*** WARNING (version #1531bee): /home/sek519/warm_starting/vws/../vpc/src/utility/nbspace.cpp:368: Ray 69: Calculated dot product with obj differs from solver's. Obj viol from solver: 8253557.54388543. Calculated: 8253557.54388560.
*** WARNING (version #1531bee): /home/sek519/warm_starting/vws/../vpc/src/utility/nbspace.cpp:368: Ray 71: Calculated dot product with obj differs from solver's. Obj viol from solver: 847431.25611457. Calculated: 847431.25611440.
*** WARNING (version #1531bee): /home/sek519/warm_starting/vws/../vpc/src/utility/nbspace.cpp:368: Ray 73: Calculated dot product with obj differs from solver's. Obj viol from solver: 1906734.25611457. Calculated: 1906734.25611441.
*** WARNING (version #1531bee): /home/sek519/warm_starting/vws/../vpc/src/utility/nbspace.cpp:368: Ray 95: Calculated dot product with obj differs from solver's. Obj viol from solver: 5293475.49676000. Calculated: 5293475.49676024.
*** WARNING (version #1531bee): /home/sek519/warm_starting/vws/../vpc/src/utility/nbspace.cpp:368: Ray 152: Calculated dot product with obj differs from solver's. Obj viol from solver: 1522708.92473815. Calculated: 1522708.92473826.
*** WARNING (version #1531bee): /home/sek519/warm_starting/vws/../vpc/src/utility/nbspace.cpp:368: Ray 157: Calculated dot product with obj differs from solver's. Obj viol from solver: 3481125.17140367. Calculated: 3481125.17140392.
*** WARNING (version #1531bee): /home/sek519/warm_starting/vws/../vpc/src/utility/nbspace.cpp:368: Ray 237: Calculated dot product with obj differs from solver's. Obj viol from solver: 2334567.91711914. Calculated: 2334567.91711938.
*** WARNING (version #1531bee): /home/sek519/warm_starting/vws/../vpc/src/utility/nbspace.cpp:368: Ray 305: Calculated dot product with obj differs from solver's. Obj viol from solver: 4168727.58978421. Calculated: 4168727.58978431.
*** WARNING (version #1531bee): /home/sek519/warm_starting/vws/../vpc/src/utility/nbspace.cpp:368: Ray 307: Calculated dot product with obj differs from solver's. Obj viol from solver: 11150133.78978422. Calculated: 11150133.78978436.
*** WARNING (version #1531bee): /home/sek519/warm_starting/vws/../vpc/src/utility/nbspace.cpp:368: Ray 309: Calculated dot product with obj differs from solver's. Obj viol from solver: 5228025.58978420. Calculated: 5228025.58978431.
*** WARNING (version #1531bee): /home/sek519/warm_starting/vws/../vpc/src/utility/nbspace.cpp:368: Ray 313: Calculated dot product with obj differs from solver's. Obj viol from solver: 5228023.58978421. Calculated: 5228023.58978432.
*** WARNING (version #1531bee): /home/sek519/warm_starting/vws/../vpc/src/utility/nbspace.cpp:368: Ray 335: Calculated dot product with obj differs from solver's. Obj viol from solver: 1965794.56478422. Calculated: 1965794.56478432.
*** WARNING (version #1531bee): /home/sek519/warm_starting/vws/../vpc/src/utility/nbspace.cpp:368: Ray 347: Calculated dot product with obj differs from solver's. Obj viol from solver: 237305.53015132. Calculated: 237305.53015109.
*** WARNING (version #1531bee): /home/sek519/warm_starting/vws/../vpc/src/utility/nbspace.cpp:368: Ray 396: Calculated dot product with obj differs from solver's. Obj viol from solver: 1477863.85259892. Calculated: 1477863.85259902.
*** WARNING (version #1531bee): /home/sek519/warm_starting/vws/../vpc/src/utility/nbspace.cpp:368: Ray 398: Calculated dot product with obj differs from solver's. Obj viol from solver: 1503395.65992774. Calculated: 1503395.65992786.
*** WARNING (version #1531bee): /home/sek519/warm_starting/vws/../vpc/src/utility/nbspace.cpp:368: Ray 406: Calculated dot product with obj differs from solver's. Obj viol from solver: 1037752.41759862. Calculated: 1037752.41759872.
*** WARNING (version #1531bee): /home/sek519/warm_starting/vws/../vpc/src/utility/nbspace.cpp:368: Ray 413: Calculated dot product with obj differs from solver's. Obj viol from solver: 63587.82661330. Calculated: 63587.82661316.
*** WARNING (version #1531bee): /home/sek519/warm_starting/vws/../vpc/src/utility/nbspace.cpp:368: Ray 414: Calculated dot product with obj differs from solver's. Obj viol from solver: 129002.31261629. Calculated: 129002.31261599.
*** WARNING (version #1531bee): /home/sek519/warm_starting/vws/../vpc/src/utility/nbspace.cpp:368: Ray 452: Calculated dot product with obj differs from solver's. Obj viol from solver: 6922229.62661331. Calculated: 6922229.62661316.
*** WARNING (version #1531bee): /home/sek519/warm_starting/vws/../vpc/src/utility/nbspace.cpp:368: Ray 466: Calculated dot product with obj differs from solver's. Obj viol from solver: 842918.73817089. Calculated: 842918.73817113.
*** WARNING (version #1531bee): /home/sek519/warm_starting/vws/../vpc/src/utility/nbspace.cpp:368: Ray 467: Calculated dot product with obj differs from solver's. Obj viol from solver: 2516643.84369186. Calculated: 2516643.84369197.
*** WARNING (version #1531bee): /home/sek519/warm_starting/vws/../vpc/src/utility/nbspace.cpp:368: Ray 468: Calculated dot product with obj differs from solver's. Obj viol from solver: 4531374.61707855. Calculated: 4531374.61707881.
*** WARNING (version #1531bee): /home/sek519/warm_starting/vws/../vpc/src/utility/nbspace.cpp:368: Ray 470: Calculated dot product with obj differs from solver's. Obj viol from solver: 1902220.73817090. Calculated: 1902220.73817114.
*** WARNING (version #1531bee): /home/sek519/warm_starting/vws/../vpc/src/utility/nbspace.cpp:368: Ray 471: Calculated dot product with obj differs from solver's. Obj viol from solver: 1086041.22268068. Calculated: 1086041.22268080.
*** WARNING (version #1531bee): /home/sek519/warm_starting/vws/../vpc/src/utility/nbspace.cpp:368: Ray 474: Calculated dot product with obj differs from solver's. Obj viol from solver: 995682.17338669. Calculated: 995682.17338684.
*** WARNING (version #1531bee): /home/sek519/warm_starting/vws/../vpc/src/utility/nbspace.cpp:368: Ray 476: Calculated dot product with obj differs from solver's. Obj viol from solver: 3461824.40659326. Calculated: 3461824.40659351.
*** WARNING (version #1531bee): /home/sek519/warm_starting/vws/../vpc/src/utility/nbspace.cpp:368: Ray 478: Calculated dot product with obj differs from solver's. Obj viol from solver: 1122887.82661332. Calculated: 1122887.82661316.
*** WARNING (version #1531bee): /home/sek519/warm_starting/vws/../vpc/src/utility/nbspace.cpp:368: Ray 480: Calculated dot product with obj differs from solver's. Obj viol from solver: 951665.73453109. Calculated: 951665.73453089.
*** WARNING (version #1531bee): /home/sek519/warm_starting/vws/../vpc/src/utility/nbspace.cpp:368: Ray 482: Calculated dot product with obj differs from solver's. Obj viol from solver: 1405952.12535434. Calculated: 1405952.12535409.
*** WARNING (version #1531bee): /home/sek519/warm_starting/vws/../vpc/src/utility/nbspace.cpp:368: Ray 483: Calculated dot product with obj differs from solver's. Obj viol from solver: 485577.31379474. Calculated: 485577.31379487.
*** WARNING (version #1531bee): /home/sek519/warm_starting/vws/../vpc/src/utility/nbspace.cpp:368: Ray 484: Calculated dot product with obj differs from solver's. Obj viol from solver: 1956264.68957993. Calculated: 1956264.68958022.
*** WARNING (version #1531bee): /home/sek519/warm_starting/vws/../vpc/src/utility/nbspace.cpp:368: Ray 486: Calculated dot product with obj differs from solver's. Obj viol from solver: 1875197.61823505. Calculated: 1875197.61823528.
*** WARNING (version #1531bee): /home/sek519/warm_starting/vws/../vpc/src/utility/nbspace.cpp:368: Ray 488: Calculated dot product with obj differs from solver's. Obj viol from solver: 8105282.62661332. Calculated: 8105282.62661317.
*** WARNING (version #1531bee): /home/sek519/warm_starting/vws/../vpc/src/utility/nbspace.cpp:368: Ray 490: Calculated dot product with obj differs from solver's. Obj viol from solver: 2182197.82661331. Calculated: 2182197.82661315.
*** WARNING (version #1531bee): /home/sek519/warm_starting/vws/../vpc/src/utility/nbspace.cpp:368: Ray 492: Calculated dot product with obj differs from solver's. Obj viol from solver: 3241499.82661331. Calculated: 3241499.82661316.
*** WARNING (version #1531bee): /home/sek519/warm_starting/vws/../vpc/src/utility/nbspace.cpp:368: Ray 518: Calculated dot product with obj differs from solver's. Obj viol from solver: 4037669.25861581. Calculated: 4037669.25861591.
*** WARNING (version #1531bee): /home/sek519/warm_starting/vws/../vpc/src/utility/nbspace.cpp:368: Ray 596: Calculated dot product with obj differs from solver's. Obj viol from solver: 606721.64377304. Calculated: 606721.64377315.
*** WARNING (version #1531bee): /home/sek519/warm_starting/vws/../vpc/src/utility/nbspace.cpp:368: Ray 644: Calculated dot product with obj differs from solver's. Obj viol from solver: 3870291.49440503. Calculated: 3870291.49440515.
*** WARNING (version #1531bee): /home/sek519/warm_starting/vws/../vpc/src/utility/nbspace.cpp:368: Ray 719: Calculated dot product with obj differs from solver's. Obj viol from solver: 8889219.36056149. Calculated: 8889219.36056159.
*** WARNING (version #1531bee): /home/sek519/warm_starting/vws/../vpc/src/utility/nbspace.cpp:368: Ray 736: Calculated dot product with obj differs from solver's. Obj viol from solver: 8514037.96056149. Calculated: 8514037.96056159.
*** WARNING (version #1531bee): /home/sek519/warm_starting/vws/../vpc/src/utility/nbspace.cpp:368: Ray 788: Calculated dot product with obj differs from solver's. Obj viol from solver: 721935.79355515. Calculated: 721935.79355499.
*** WARNING (version #1531bee): /home/sek519/warm_starting/vws/../vpc/src/utility/nbspace.cpp:368: Ray 790: Calculated dot product with obj differs from solver's. Obj viol from solver: 523191.20943255. Calculated: 523191.20943240.
*** WARNING (version #1531bee): /home/sek519/warm_starting/vws/../vpc/src/utility/nbspace.cpp:368: Ray 794: Calculated dot product with obj differs from solver's. Obj viol from solver: 742707.15449575. Calculated: 742707.15449560.
*** WARNING (version #1531bee): /home/sek519/warm_starting/vws/../vpc/src/utility/nbspace.cpp:368: Ray 796: Calculated dot product with obj differs from solver's. Obj viol from solver: 159341.67908319. Calculated: 159341.67908303.
*** WARNING (version #1531bee): /home/sek519/warm_starting/vws/../vpc/src/utility/nbspace.cpp:368: Ray 798: Calculated dot product with obj differs from solver's. Obj viol from solver: 1322167.68474854. Calculated: 1322167.68474839.
*** WARNING (version #1531bee): /home/sek519/warm_starting/vws/../vpc/src/utility/nbspace.cpp:368: Ray 802: Calculated dot product with obj differs from solver's. Obj viol from solver: 1336313.72465685. Calculated: 1336313.72465670.
*** WARNING (version #1531bee): /home/sek519/warm_starting/vws/../vpc/src/utility/nbspace.cpp:368: Ray 804: Calculated dot product with obj differs from solver's. Obj viol from solver: 738037.36356038. Calculated: 738037.36356023.
*** WARNING (version #1531bee): /home/sek519/warm_starting/vws/../vpc/src/utility/nbspace.cpp:368: Ray 810: Calculated dot product with obj differs from solver's. Obj viol from solver: 1456330.32901291. Calculated: 1456330.32901305.
*** WARNING (version #1531bee): /home/sek519/warm_starting/vws/../vpc/src/utility/nbspace.cpp:368: Ray 812: Calculated dot product with obj differs from solver's. Obj viol from solver: 1409291.06502163. Calculated: 1409291.06502148.
*** WARNING (version #1531bee): /home/sek519/warm_starting/vws/../vpc/src/utility/nbspace.cpp:368: Ray 814: Calculated dot product with obj differs from solver's. Obj viol from solver: 451247.35846695. Calculated: 451247.35846680.
*** WARNING (version #1531bee): /home/sek519/warm_starting/vws/../vpc/src/utility/nbspace.cpp:368: Ray 816: Calculated dot product with obj differs from solver's. Obj viol from solver: 1070080.09132351. Calculated: 1070080.09132337.
*** WARNING (version #1531bee): /home/sek519/warm_starting/vws/../vpc/src/utility/nbspace.cpp:368: Ray 818: Calculated dot product with obj differs from solver's. Obj viol from solver: 1864548.59132351. Calculated: 1864548.59132337.
*** WARNING (version #1531bee): /home/sek519/warm_starting/vws/../vpc/src/utility/nbspace.cpp:368: Ray 820: Calculated dot product with obj differs from solver's. Obj viol from solver: 232945.73474854. Calculated: 232945.73474840.
*** WARNING (version #1531bee): /home/sek519/warm_starting/vws/../vpc/src/utility/nbspace.cpp:368: Ray 822: Calculated dot product with obj differs from solver's. Obj viol from solver: 832326.52465685. Calculated: 832326.52465671.
*** WARNING (version #1531bee): /home/sek519/warm_starting/vws/../vpc/src/utility/nbspace.cpp:368: Ray 824: Calculated dot product with obj differs from solver's. Obj viol from solver: 262460.60449575. Calculated: 262460.60449560.
*** WARNING (version #1531bee): /home/sek519/warm_starting/vws/../vpc/src/utility/nbspace.cpp:368: Ray 826: Calculated dot product with obj differs from solver's. Obj viol from solver: 725328.53474854. Calculated: 725328.53474839.
*** WARNING (version #1531bee): /home/sek519/warm_starting/vws/../vpc/src/utility/nbspace.cpp:368: Ray 828: Calculated dot product with obj differs from solver's. Obj viol from solver: 800843.26502163. Calculated: 800843.26502147.
*** WARNING (version #1531bee): /home/sek519/warm_starting/vws/../vpc/src/utility/nbspace.cpp:368: Ray 830: Calculated dot product with obj differs from solver's. Obj viol from solver: 406982.77424296. Calculated: 406982.77424281.
*** WARNING (version #1531bee): /home/sek519/warm_starting/vws/../vpc/src/utility/nbspace.cpp:368: Ray 832: Calculated dot product with obj differs from solver's. Obj viol from solver: 1701537.55799018. Calculated: 1701537.55799004.
*** WARNING (version #1531bee): /home/sek519/warm_starting/vws/../vpc/src/utility/nbspace.cpp:368: Ray 836: Calculated dot product with obj differs from solver's. Obj viol from solver: 516752.95449575. Calculated: 516752.95449560.
*** WARNING (version #1531bee): /home/sek519/warm_starting/vws/../vpc/src/utility/nbspace.cpp:368: Ray 840: Calculated dot product with obj differs from solver's. Obj viol from solver: 1919009.83474854. Calculated: 1919009.83474839.
*** WARNING (version #1531bee): /home/sek519/warm_starting/vws/../vpc/src/utility/nbspace.cpp:368: Ray 844: Calculated dot product with obj differs from solver's. Obj viol from solver: 558098.69529472. Calculated: 558098.69529455.
*** WARNING (version #1531bee): /home/sek519/warm_starting/vws/../vpc/src/utility/nbspace.cpp:368: Ray 846: Calculated dot product with obj differs from solver's. Obj viol from solver: 337405.33474854. Calculated: 337405.33474838.
*** WARNING (version #1531bee): /home/sek519/warm_starting/vws/../vpc/src/utility/nbspace.cpp:368: Ray 848: Calculated dot product with obj differs from solver's. Obj viol from solver: 1316328.75449575. Calculated: 1316328.75449560.
*** WARNING (version #1531bee): /home/sek519/warm_starting/vws/../vpc/src/utility/nbspace.cpp:368: Ray 850: Calculated dot product with obj differs from solver's. Obj viol from solver: 204994.69529472. Calculated: 204994.69529456.
*** WARNING (version #1531bee): /home/sek519/warm_starting/vws/../vpc/src/utility/nbspace.cpp:368: Ray 852: Calculated dot product with obj differs from solver's. Obj viol from solver: 217106.43873106. Calculated: 217106.43873090.
*** WARNING (version #1531bee): /home/sek519/warm_starting/vws/../vpc/src/utility/nbspace.cpp:368: Ray 854: Calculated dot product with obj differs from solver's. Obj viol from solver: 690493.83474854. Calculated: 690493.83474838.
*** WARNING (version #1531bee): /home/sek519/warm_starting/vws/../vpc/src/utility/nbspace.cpp:368: Ray 856: Calculated dot product with obj differs from solver's. Obj viol from solver: 1298962.63474854. Calculated: 1298962.63474839.
*** WARNING (version #1531bee): /home/sek519/warm_starting/vws/../vpc/src/utility/nbspace.cpp:368: Ray 880: Calculated dot product with obj differs from solver's. Obj viol from solver: 1226912.10346222. Calculated: 1226912.10346233.
*** WARNING (version #1531bee): /home/sek519/warm_starting/vws/../vpc/src/utility/nbspace.cpp:368: Ray 942: Calculated dot product with obj differs from solver's. Obj viol from solver: 1028165.51933962. Calculated: 1028165.51933973.
*** WARNING (version #1531bee): /home/sek519/warm_starting/vws/../vpc/src/utility/nbspace.cpp:368: Ray 988: Calculated dot product with obj differs from solver's. Obj viol from solver: 245544.24465561. Calculated: 245544.24465572.
*** WARNING (version #1531bee): /home/sek519/warm_starting/vws/../vpc/src/utility/nbspace.cpp:368: Ray 1020: Calculated dot product with obj differs from solver's. Obj viol from solver: 1247684.46440282. Calculated: 1247684.46440293.
*** WARNING (version #1531bee): /home/sek519/warm_starting/vws/../vpc/src/utility/nbspace.cpp:368: Ray 1102: Calculated dot product with obj differs from solver's. Obj viol from solver: 233939.84465561. Calculated: 233939.84465572.
*** WARNING (version #1531bee): /home/sek519/warm_starting/vws/../vpc/src/utility/nbspace.cpp:368: Ray 1104: Calculated dot product with obj differs from solver's. Obj viol from solver: 1841285.03456392. Calculated: 1841285.03456403.
*** WARNING (version #1531bee): /home/sek519/warm_starting/vws/../vpc/src/utility/nbspace.cpp:368: Ray 1178: Calculated dot product with obj differs from solver's. Obj viol from solver: 361585.46502163. Calculated: 361585.46502147.
*** WARNING (version #1531bee): /home/sek519/warm_starting/vws/../vpc/src/utility/nbspace.cpp:368: Ray 1182: Calculated dot product with obj differs from solver's. Obj viol from solver: 251254.28474854. Calculated: 251254.28474839.
*** WARNING (version #1531bee): /home/sek519/warm_starting/vws/../vpc/src/utility/nbspace.cpp:368: Ray 1194: Calculated dot product with obj differs from solver's. Obj viol from solver: 1914258.37492870. Calculated: 1914258.37492880.
*** WARNING (version #1531bee): /home/sek519/warm_starting/vws/../vpc/src/utility/nbspace.cpp:368: Ray 1196: Calculated dot product with obj differs from solver's. Obj viol from solver: 1575056.40123059. Calculated: 1575056.40123070.
*** WARNING (version #1531bee): /home/sek519/warm_starting/vws/../vpc/src/utility/nbspace.cpp:368: Ray 1198: Calculated dot product with obj differs from solver's. Obj viol from solver: 2369521.90123059. Calculated: 2369521.90123070.
*** WARNING (version #1531bee): /home/sek519/warm_starting/vws/../vpc/src/utility/nbspace.cpp:368: Ray 1200: Calculated dot product with obj differs from solver's. Obj viol from solver: 737922.04465561. Calculated: 737922.04465572.
*** WARNING (version #1531bee): /home/sek519/warm_starting/vws/../vpc/src/utility/nbspace.cpp:368: Ray 1202: Calculated dot product with obj differs from solver's. Obj viol from solver: 1337300.83456392. Calculated: 1337300.83456403.
*** WARNING (version #1531bee): /home/sek519/warm_starting/vws/../vpc/src/utility/nbspace.cpp:368: Ray 1204: Calculated dot product with obj differs from solver's. Obj viol from solver: 767434.91440282. Calculated: 767434.91440293.
*** WARNING (version #1531bee): /home/sek519/warm_starting/vws/../vpc/src/utility/nbspace.cpp:368: Ray 1206: Calculated dot product with obj differs from solver's. Obj viol from solver: 877199.84465561. Calculated: 877199.84465572.
*** WARNING (version #1531bee): /home/sek519/warm_starting/vws/../vpc/src/utility/nbspace.cpp:368: Ray 1208: Calculated dot product with obj differs from solver's. Obj viol from solver: 911953.08415003. Calculated: 911953.08415013.
*** WARNING (version #1531bee): /home/sek519/warm_starting/vws/../vpc/src/utility/nbspace.cpp:368: Ray 1210: Calculated dot product with obj differs from solver's. Obj viol from solver: 2206509.86789725. Calculated: 2206509.86789736.
*** WARNING (version #1531bee): /home/sek519/warm_starting/vws/../vpc/src/utility/nbspace.cpp:368: Ray 1212: Calculated dot product with obj differs from solver's. Obj viol from solver: 1021730.26440282. Calculated: 1021730.26440293.
*** WARNING (version #1531bee): /home/sek519/warm_starting/vws/../vpc/src/utility/nbspace.cpp:368: Ray 1214: Calculated dot product with obj differs from solver's. Obj viol from solver: 1416149.75520179. Calculated: 1416149.75520189.
*** WARNING (version #1531bee): /home/sek519/warm_starting/vws/../vpc/src/utility/nbspace.cpp:368: Ray 1218: Calculated dot product with obj differs from solver's. Obj viol from solver: 3803485.35520179. Calculated: 3803485.35520189.
*** WARNING (version #1531bee): /home/sek519/warm_starting/vws/../vpc/src/utility/nbspace.cpp:368: Ray 1220: Calculated dot product with obj differs from solver's. Obj viol from solver: 842378.64465561. Calculated: 842378.64465572.
*** WARNING (version #1531bee): /home/sek519/warm_starting/vws/../vpc/src/utility/nbspace.cpp:368: Ray 1222: Calculated dot product with obj differs from solver's. Obj viol from solver: 1821302.06440282. Calculated: 1821302.06440293.
*** WARNING (version #1531bee): /home/sek519/warm_starting/vws/../vpc/src/utility/nbspace.cpp:368: Ray 1224: Calculated dot product with obj differs from solver's. Obj viol from solver: 1195470.14465561. Calculated: 1195470.14465572.
*** WARNING (version #1531bee): /home/sek519/warm_starting/vws/../vpc/src/utility/nbspace.cpp:368: Ray 1266: Calculated dot product with obj differs from solver's. Obj viol from solver: 1682922.66502163. Calculated: 1682922.66502147.
*** WARNING (version #1531bee): /home/sek519/warm_starting/vws/../vpc/src/utility/nbspace.cpp:368: Ray 1268: Calculated dot product with obj differs from solver's. Obj viol from solver: 1118673.65510662. Calculated: 1118673.65510645.
*** WARNING (version #1531bee): /home/sek519/warm_starting/vws/../vpc/src/utility/nbspace.cpp:368: Ray 1412: Calculated dot product with obj differs from solver's. Obj viol from solver: 1074485.86502163. Calculated: 1074485.86502147.
*** WARNING (version #1531bee): /home/sek519/warm_starting/vws/../vpc/src/utility/nbspace.cpp:368: Ray 1414: Calculated dot product with obj differs from solver's. Obj viol from solver: 510232.85510662. Calculated: 510232.85510644.
*** WARNING (version #1531bee): /home/sek519/warm_starting/vws/../vpc/src/utility/nbspace.cpp:368: Ray 1482: Calculated dot product with obj differs from solver's. Obj viol from solver: 964153.68474854. Calculated: 964153.68474839.
*** WARNING (version #1531bee): /home/sek519/warm_starting/vws/../vpc/src/utility/nbspace.cpp:368: Ray 1484: Calculated dot product with obj differs from solver's. Obj viol from solver: 399900.67483353. Calculated: 399900.67483336.
*** WARNING (version #1531bee): /home/sek519/warm_starting/vws/../vpc/src/utility/nbspace.cpp:368: Ray 1568: Calculated dot product with obj differs from solver's. Obj viol from solver: 38135.02545681. Calculated: 38135.02545667.
*** WARNING (version #1531bee): /home/sek519/warm_starting/vws/../vpc/src/utility/nbspace.cpp:149: Point: Calculated dot product with obj differs from solver's. Obj viol from solver: 486140.19230920. Calculated: 486140.19230934.
*** WARNING (version #1531bee): /home/sek519/warm_starting/vws/../vpc/src/utility/nbspace.cpp:368: Ray 4: Calculated dot product with obj differs from solver's. Obj viol from solver: 938405.20654257. Calculated: 938405.20654243.
*** WARNING (version #1531bee): /home/sek519/warm_starting/vws/../vpc/src/utility/nbspace.cpp:368: Ray 5: Calculated dot product with obj differs from solver's. Obj viol from solver: 3118970.06658550. Calculated: 3118970.06658538.
*** WARNING (version #1531bee): /home/sek519/warm_starting/vws/../vpc/src/utility/nbspace.cpp:368: Ray 12: Calculated dot product with obj differs from solver's. Obj viol from solver: 2793752.20654256. Calculated: 2793752.20654243.
*** WARNING (version #1531bee): /home/sek519/warm_starting/vws/../vpc/src/utility/nbspace.cpp:368: Ray 13: Calculated dot product with obj differs from solver's. Obj viol from solver: 6876050.66658549. Calculated: 6876050.66658537.
*** WARNING (version #1531bee): /home/sek519/warm_starting/vws/../vpc/src/utility/nbspace.cpp:368: Ray 15: Calculated dot product with obj differs from solver's. Obj viol from solver: 2484161.00149303. Calculated: 2484161.00149313.
*** WARNING (version #1531bee): /home/sek519/warm_starting/vws/../vpc/src/utility/nbspace.cpp:368: Ray 215: Calculated dot product with obj differs from solver's. Obj viol from solver: 4150080.91193551. Calculated: 4150080.91193562.
*** WARNING (version #1531bee): /home/sek519/warm_starting/vws/../vpc/src/utility/nbspace.cpp:368: Ray 404: Calculated dot product with obj differs from solver's. Obj viol from solver: 551788.26862168. Calculated: 551788.26862178.
*** WARNING (version #1531bee): /home/sek519/warm_starting/vws/../vpc/src/utility/nbspace.cpp:368: Ray 602: Calculated dot product with obj differs from solver's. Obj viol from solver: 2031473.91193551. Calculated: 2031473.91193563.
messed up a farkas cofficient
setting all farkas coefficients to 0
*** WARNING (version #1531bee): /home/sek519/warm_starting/vws/../vpc/src/utility/nbspace.cpp:149: Point: Calculated dot product with obj differs from solver's. Obj viol from solver: 433644.13407701. Calculated: 433644.13407686.
*** WARNING (version #1531bee): /home/sek519/warm_starting/vws/../vpc/src/utility/nbspace.cpp:368: Ray 394: Calculated dot product with obj differs from solver's. Obj viol from solver: 709899.06776004. Calculated: 709899.06776015.
*** WARNING (version #1531bee): /home/sek519/warm_starting/vws/../vpc/src/utility/nbspace.cpp:368: Ray 2376: Calculated dot product with obj differs from solver's. Obj viol from solver: 139806.01363107. Calculated: 139806.01363096.
