*** WARNING (version #1531bee): /home/sek519/warm_starting/vws/../vpc/src/utility/nbspace.cpp:149: Point: Calculated dot product with obj differs from solver's. Obj viol from solver: 457866.29004213. Calculated: 457866.29004202.
*** WARNING (version #1531bee): /home/sek519/warm_starting/vws/../vpc/src/utility/nbspace.cpp:149: Point: Calculated dot product with obj differs from solver's. Obj viol from solver: 916668.70965636. Calculated: 916668.70965612.
*** WARNING (version #1531bee): /home/sek519/warm_starting/vws/../vpc/src/utility/nbspace.cpp:368: Ray 147: Calculated dot product with obj differs from solver's. Obj viol from solver: 2223664.98826552. Calculated: 2223664.98826563.
*** WARNING (version #1531bee): /home/sek519/warm_starting/vws/../vpc/src/utility/nbspace.cpp:368: Ray 227: Calculated dot product with obj differs from solver's. Obj viol from solver: 3127469.78826553. Calculated: 3127469.78826564.
*** WARNING (version #1531bee): /home/sek519/warm_starting/vws/../vpc/src/utility/nbspace.cpp:368: Ray 326: Calculated dot product with obj differs from solver's. Obj viol from solver: 1101495.04769962. Calculated: 1101495.04769973.
*** WARNING (version #1531bee): /home/sek519/warm_starting/vws/../vpc/src/utility/nbspace.cpp:368: Ray 327: Calculated dot product with obj differs from solver's. Obj viol from solver: 1681809.56225090. Calculated: 1681809.56225104.
*** WARNING (version #1531bee): /home/sek519/warm_starting/vws/../vpc/src/utility/nbspace.cpp:368: Ray 331: Calculated dot product with obj differs from solver's. Obj viol from solver: 2223664.98826553. Calculated: 2223664.98826564.
*** WARNING (version #1531bee): /home/sek519/warm_starting/vws/../vpc/src/utility/nbspace.cpp:368: Ray 333: Calculated dot product with obj differs from solver's. Obj viol from solver: 2223664.98826553. Calculated: 2223664.98826565.
*** WARNING (version #1531bee): /home/sek519/warm_starting/vws/../vpc/src/utility/nbspace.cpp:368: Ray 338: Calculated dot product with obj differs from solver's. Obj viol from solver: 1258686.53714427. Calculated: 1258686.53714438.
*** WARNING (version #1531bee): /home/sek519/warm_starting/vws/../vpc/src/utility/nbspace.cpp:368: Ray 339: Calculated dot product with obj differs from solver's. Obj viol from solver: 1681809.56225090. Calculated: 1681809.56225104.
*** WARNING (version #1531bee): /home/sek519/warm_starting/vws/../vpc/src/utility/nbspace.cpp:368: Ray 343: Calculated dot product with obj differs from solver's. Obj viol from solver: 3871076.86192175. Calculated: 3871076.86192187.
*** WARNING (version #1531bee): /home/sek519/warm_starting/vws/../vpc/src/utility/nbspace.cpp:149: Point: Calculated dot product with obj differs from solver's. Obj viol from solver: 380672.83610731. Calculated: 380672.83610710.
*** WARNING (version #1531bee): /home/sek519/warm_starting/vws/../vpc/src/utility/nbspace.cpp:368: Ray 153: Calculated dot product with obj differs from solver's. Obj viol from solver: 2137069.14258460. Calculated: 2137069.14258449.
*** WARNING (version #1531bee): /home/sek519/warm_starting/vws/../vpc/src/utility/nbspace.cpp:368: Ray 399: Calculated dot product with obj differs from solver's. Obj viol from solver: 2103561.54258461. Calculated: 2103561.54258449.
*** WARNING (version #1531bee): /home/sek519/warm_starting/vws/../vpc/src/utility/nbspace.cpp:368: Ray 407: Calculated dot product with obj differs from solver's. Obj viol from solver: 1480015.02358655. Calculated: 1480015.02358642.
*** WARNING (version #1531bee): /home/sek519/warm_starting/vws/../vpc/src/utility/nbspace.cpp:368: Ray 576: Calculated dot product with obj differs from solver's. Obj viol from solver: 5413537.26653886. Calculated: 5413537.26653897.
*** WARNING (version #1531bee): /home/sek519/warm_starting/vws/../vpc/src/utility/nbspace.cpp:149: Point: Calculated dot product with obj differs from solver's. Obj viol from solver: 427020.44707859. Calculated: 427020.44707833.
messed up a farkas cofficient
setting all farkas coefficients to 0
messed up a farkas cofficient
setting all farkas coefficients to 0
messed up a farkas cofficient
setting all farkas coefficients to 0
messed up a farkas cofficient
setting all farkas coefficients to 0
messed up a farkas cofficient
setting all farkas coefficients to 0
messed up a farkas cofficient
setting all farkas coefficients to 0
messed up a farkas cofficient
setting all farkas coefficients to 0
messed up a farkas cofficient
setting all farkas coefficients to 0
messed up a farkas cofficient
setting all farkas coefficients to 0
messed up a farkas cofficient
setting all farkas coefficients to 0
messed up a farkas cofficient
setting all farkas coefficients to 0
messed up a farkas cofficient
setting all farkas coefficients to 0
messed up a farkas cofficient
setting all farkas coefficients to 0
*** WARNING (version #1531bee): /home/sek519/warm_starting/vws/../vpc/src/utility/nbspace.cpp:368: Ray 75: Calculated dot product with obj differs from solver's. Obj viol from solver: 2382574.01858236. Calculated: 2382574.01858246.
*** WARNING (version #1531bee): /home/sek519/warm_starting/vws/../vpc/src/utility/nbspace.cpp:368: Ray 85: Calculated dot product with obj differs from solver's. Obj viol from solver: 5080378.61858235. Calculated: 5080378.61858246.
*** WARNING (version #1531bee): /home/sek519/warm_starting/vws/../vpc/src/utility/nbspace.cpp:368: Ray 101: Calculated dot product with obj differs from solver's. Obj viol from solver: 6658944.31495001. Calculated: 6658944.31495014.
*** WARNING (version #1531bee): /home/sek519/warm_starting/vws/../vpc/src/utility/nbspace.cpp:368: Ray 121: Calculated dot product with obj differs from solver's. Obj viol from solver: 4310109.06946959. Calculated: 4310109.06946970.
*** WARNING (version #1531bee): /home/sek519/warm_starting/vws/../vpc/src/utility/nbspace.cpp:368: Ray 12: Calculated dot product with obj differs from solver's. Obj viol from solver: 1794840.63698278. Calculated: 1794840.63698264.
*** WARNING (version #1531bee): /home/sek519/warm_starting/vws/../vpc/src/utility/nbspace.cpp:368: Ray 13: Calculated dot product with obj differs from solver's. Obj viol from solver: 5231556.23473326. Calculated: 5231556.23473311.
*** WARNING (version #1531bee): /home/sek519/warm_starting/vws/../vpc/src/utility/nbspace.cpp:368: Ray 14: Calculated dot product with obj differs from solver's. Obj viol from solver: 1442638.65842667. Calculated: 1442638.65842656.
*** WARNING (version #1531bee): /home/sek519/warm_starting/vws/../vpc/src/utility/nbspace.cpp:368: Ray 15: Calculated dot product with obj differs from solver's. Obj viol from solver: 4401256.26583964. Calculated: 4401256.26583953.
*** WARNING (version #1531bee): /home/sek519/warm_starting/vws/../vpc/src/utility/nbspace.cpp:368: Ray 29: Calculated dot product with obj differs from solver's. Obj viol from solver: 2779264.69923475. Calculated: 2779264.69923461.
*** WARNING (version #1531bee): /home/sek519/warm_starting/vws/../vpc/src/utility/nbspace.cpp:368: Ray 33: Calculated dot product with obj differs from solver's. Obj viol from solver: 6400488.43473326. Calculated: 6400488.43473311.
*** WARNING (version #1531bee): /home/sek519/warm_starting/vws/../vpc/src/utility/nbspace.cpp:368: Ray 35: Calculated dot product with obj differs from solver's. Obj viol from solver: 2886026.45904292. Calculated: 2886026.45904281.
*** WARNING (version #1531bee): /home/sek519/warm_starting/vws/../vpc/src/utility/nbspace.cpp:368: Ray 43: Calculated dot product with obj differs from solver's. Obj viol from solver: 4580679.99851495. Calculated: 4580679.99851483.
*** WARNING (version #1531bee): /home/sek519/warm_starting/vws/../vpc/src/utility/nbspace.cpp:368: Ray 59: Calculated dot product with obj differs from solver's. Obj viol from solver: 1655492.59851493. Calculated: 1655492.59851482.
*** WARNING (version #1531bee): /home/sek519/warm_starting/vws/../vpc/src/utility/nbspace.cpp:368: Ray 65: Calculated dot product with obj differs from solver's. Obj viol from solver: 1255264.20059969. Calculated: 1255264.20059956.
*** WARNING (version #1531bee): /home/sek519/warm_starting/vws/../vpc/src/utility/nbspace.cpp:368: Ray 147: Calculated dot product with obj differs from solver's. Obj viol from solver: 3576059.63621835. Calculated: 3576059.63621825.
*** WARNING (version #1531bee): /home/sek519/warm_starting/vws/../vpc/src/utility/nbspace.cpp:368: Ray 187: Calculated dot product with obj differs from solver's. Obj viol from solver: 3451381.58592421. Calculated: 3451381.58592405.
*** WARNING (version #1531bee): /home/sek519/warm_starting/vws/../vpc/src/utility/nbspace.cpp:368: Ray 269: Calculated dot product with obj differs from solver's. Obj viol from solver: 2187620.29885857. Calculated: 2187620.29885846.
*** WARNING (version #1531bee): /home/sek519/warm_starting/vws/../vpc/src/utility/nbspace.cpp:368: Ray 327: Calculated dot product with obj differs from solver's. Obj viol from solver: 3034193.04868368. Calculated: 3034193.04868357.
*** WARNING (version #1531bee): /home/sek519/warm_starting/vws/../vpc/src/utility/nbspace.cpp:368: Ray 331: Calculated dot product with obj differs from solver's. Obj viol from solver: 3576056.63621836. Calculated: 3576056.63621825.
*** WARNING (version #1531bee): /home/sek519/warm_starting/vws/../vpc/src/utility/nbspace.cpp:368: Ray 340: Calculated dot product with obj differs from solver's. Obj viol from solver: 3015495.11152135. Calculated: 3015495.11152124.
*** WARNING (version #1531bee): /home/sek519/warm_starting/vws/../vpc/src/utility/nbspace.cpp:368: Ray 459: Calculated dot product with obj differs from solver's. Obj viol from solver: 7554294.01831125. Calculated: 7554294.01831115.
*** WARNING (version #1531bee): /home/sek519/warm_starting/vws/../vpc/src/utility/nbspace.cpp:368: Ray 498: Calculated dot product with obj differs from solver's. Obj viol from solver: 824081.53177374. Calculated: 824081.53177386.
*** WARNING (version #1531bee): /home/sek519/warm_starting/vws/../vpc/src/utility/nbspace.cpp:368: Ray 504: Calculated dot product with obj differs from solver's. Obj viol from solver: 1248783.55370534. Calculated: 1248783.55370544.
*** WARNING (version #1531bee): /home/sek519/warm_starting/vws/../vpc/src/utility/nbspace.cpp:368: Ray 518: Calculated dot product with obj differs from solver's. Obj viol from solver: 3258769.52909433. Calculated: 3258769.52909421.
*** WARNING (version #1531bee): /home/sek519/warm_starting/vws/../vpc/src/utility/nbspace.cpp:368: Ray 549: Calculated dot product with obj differs from solver's. Obj viol from solver: 1325390.98535293. Calculated: 1325390.98535280.
*** WARNING (version #1531bee): /home/sek519/warm_starting/vws/../vpc/src/utility/nbspace.cpp:368: Ray 550: Calculated dot product with obj differs from solver's. Obj viol from solver: 5009543.43621846. Calculated: 5009543.43621828.
*** WARNING (version #1531bee): /home/sek519/warm_starting/vws/../vpc/src/utility/nbspace.cpp:368: Ray 571: Calculated dot product with obj differs from solver's. Obj viol from solver: 1190182.16160689. Calculated: 1190182.16160670.
*** WARNING (version #1531bee): /home/sek519/warm_starting/vws/../vpc/src/utility/nbspace.cpp:368: Ray 572: Calculated dot product with obj differs from solver's. Obj viol from solver: 2539035.70920817. Calculated: 2539035.70920793.
*** WARNING (version #1531bee): /home/sek519/warm_starting/vws/../vpc/src/utility/nbspace.cpp:368: Ray 586: Calculated dot product with obj differs from solver's. Obj viol from solver: 806408.18753480. Calculated: 806408.18753468.
*** WARNING (version #1531bee): /home/sek519/warm_starting/vws/../vpc/src/utility/nbspace.cpp:368: Ray 603: Calculated dot product with obj differs from solver's. Obj viol from solver: 1161724.64006994. Calculated: 1161724.64007006.
*** WARNING (version #1531bee): /home/sek519/warm_starting/vws/../vpc/src/utility/nbspace.cpp:368: Ray 604: Calculated dot product with obj differs from solver's. Obj viol from solver: 1264149.28013989. Calculated: 1264149.28014012.
*** WARNING (version #1531bee): /home/sek519/warm_starting/vws/../vpc/src/utility/nbspace.cpp:368: Ray 606: Calculated dot product with obj differs from solver's. Obj viol from solver: 807603.46052451. Calculated: 807603.46052433.
*** WARNING (version #1531bee): /home/sek519/warm_starting/vws/../vpc/src/utility/nbspace.cpp:368: Ray 631: Calculated dot product with obj differs from solver's. Obj viol from solver: 35711.68200038. Calculated: 35711.68200024.
*** WARNING (version #1531bee): /home/sek519/warm_starting/vws/../vpc/src/utility/nbspace.cpp:368: Ray 632: Calculated dot product with obj differs from solver's. Obj viol from solver: 617780.02570540. Calculated: 617780.02570525.
*** WARNING (version #1531bee): /home/sek519/warm_starting/vws/../vpc/src/utility/nbspace.cpp:368: Ray 686: Calculated dot product with obj differs from solver's. Obj viol from solver: 3451382.08592420. Calculated: 3451382.08592406.
*** WARNING (version #1531bee): /home/sek519/warm_starting/vws/../vpc/src/utility/nbspace.cpp:368: Ray 738: Calculated dot product with obj differs from solver's. Obj viol from solver: 1043455.34265464. Calculated: 1043455.34265476.
*** WARNING (version #1531bee): /home/sek519/warm_starting/vws/../vpc/src/utility/nbspace.cpp:368: Ray 59: Calculated dot product with obj differs from solver's. Obj viol from solver: 1596605.50501825. Calculated: 1596605.50501814.
*** WARNING (version #1531bee): /home/sek519/warm_starting/vws/../vpc/src/utility/nbspace.cpp:368: Ray 221: Calculated dot product with obj differs from solver's. Obj viol from solver: 2591958.46207845. Calculated: 2591958.46207835.
*** WARNING (version #1531bee): /home/sek519/warm_starting/vws/../vpc/src/utility/nbspace.cpp:368: Ray 303: Calculated dot product with obj differs from solver's. Obj viol from solver: 4410600.81872776. Calculated: 4410600.81872766.
*** WARNING (version #1531bee): /home/sek519/warm_starting/vws/../vpc/src/utility/nbspace.cpp:368: Ray 317: Calculated dot product with obj differs from solver's. Obj viol from solver: 3349887.16555738. Calculated: 3349887.16555748.
*** WARNING (version #1531bee): /home/sek519/warm_starting/vws/../vpc/src/utility/nbspace.cpp:368: Ray 389: Calculated dot product with obj differs from solver's. Obj viol from solver: 2395711.73999865. Calculated: 2395711.73999854.
*** WARNING (version #1531bee): /home/sek519/warm_starting/vws/../vpc/src/utility/nbspace.cpp:368: Ray 407: Calculated dot product with obj differs from solver's. Obj viol from solver: 1453813.92676274. Calculated: 1453813.92676288.
*** WARNING (version #1531bee): /home/sek519/warm_starting/vws/../vpc/src/utility/nbspace.cpp:368: Ray 446: Calculated dot product with obj differs from solver's. Obj viol from solver: 301599.17972837. Calculated: 301599.17972849.
*** WARNING (version #1531bee): /home/sek519/warm_starting/vws/../vpc/src/utility/nbspace.cpp:368: Ray 486: Calculated dot product with obj differs from solver's. Obj viol from solver: 2063062.84533230. Calculated: 2063062.84533243.
*** WARNING (version #1531bee): /home/sek519/warm_starting/vws/../vpc/src/utility/nbspace.cpp:368: Ray 492: Calculated dot product with obj differs from solver's. Obj viol from solver: 3232743.99690177. Calculated: 3232743.99690167.
*** WARNING (version #1531bee): /home/sek519/warm_starting/vws/../vpc/src/utility/nbspace.cpp:368: Ray 516: Calculated dot product with obj differs from solver's. Obj viol from solver: 1339079.12318773. Calculated: 1339079.12318760.
*** WARNING (version #1531bee): /home/sek519/warm_starting/vws/../vpc/src/utility/nbspace.cpp:368: Ray 670: Calculated dot product with obj differs from solver's. Obj viol from solver: 4755243.59541178. Calculated: 4755243.59541167.
*** WARNING (version #1531bee): /home/sek519/warm_starting/vws/../vpc/src/utility/nbspace.cpp:368: Ray 672: Calculated dot product with obj differs from solver's. Obj viol from solver: 1888815.02006804. Calculated: 1888815.02006791.
*** WARNING (version #1531bee): /home/sek519/warm_starting/vws/../vpc/src/utility/nbspace.cpp:368: Ray 740: Calculated dot product with obj differs from solver's. Obj viol from solver: 2694248.05618599. Calculated: 2694248.05618588.
*** WARNING (version #1531bee): /home/sek519/warm_starting/vws/../vpc/src/utility/nbspace.cpp:368: Ray 756: Calculated dot product with obj differs from solver's. Obj viol from solver: 2292000.81872776. Calculated: 2292000.81872766.
*** WARNING (version #1531bee): /home/sek519/warm_starting/vws/../vpc/src/utility/nbspace.cpp:368: Ray 760: Calculated dot product with obj differs from solver's. Obj viol from solver: 2823149.17826580. Calculated: 2823149.17826566.
*** WARNING (version #1531bee): /home/sek519/warm_starting/vws/../vpc/src/utility/nbspace.cpp:368: Ray 774: Calculated dot product with obj differs from solver's. Obj viol from solver: 3133714.92505453. Calculated: 3133714.92505442.
*** WARNING (version #1531bee): /home/sek519/warm_starting/vws/../vpc/src/utility/nbspace.cpp:368: Ray 778: Calculated dot product with obj differs from solver's. Obj viol from solver: 2241629.01253034. Calculated: 2241629.01253045.
*** WARNING (version #1531bee): /home/sek519/warm_starting/vws/../vpc/src/utility/nbspace.cpp:368: Ray 4: Calculated dot product with obj differs from solver's. Obj viol from solver: 1176993.06752153. Calculated: 1176993.06752171.
*** WARNING (version #1531bee): /home/sek519/warm_starting/vws/../vpc/src/utility/nbspace.cpp:368: Ray 5: Calculated dot product with obj differs from solver's. Obj viol from solver: 3293768.84965559. Calculated: 3293768.84965575.
*** WARNING (version #1531bee): /home/sek519/warm_starting/vws/../vpc/src/utility/nbspace.cpp:368: Ray 12: Calculated dot product with obj differs from solver's. Obj viol from solver: 3032331.06752153. Calculated: 3032331.06752170.
*** WARNING (version #1531bee): /home/sek519/warm_starting/vws/../vpc/src/utility/nbspace.cpp:368: Ray 13: Calculated dot product with obj differs from solver's. Obj viol from solver: 7050874.44965559. Calculated: 7050874.44965575.
*** WARNING (version #1531bee): /home/sek519/warm_starting/vws/../vpc/src/utility/nbspace.cpp:368: Ray 75: Calculated dot product with obj differs from solver's. Obj viol from solver: 2839910.35369043. Calculated: 2839910.35369054.
*** WARNING (version #1531bee): /home/sek519/warm_starting/vws/../vpc/src/utility/nbspace.cpp:368: Ray 85: Calculated dot product with obj differs from solver's. Obj viol from solver: 6597012.95369043. Calculated: 6597012.95369054.
*** WARNING (version #1531bee): /home/sek519/warm_starting/vws/../vpc/src/utility/nbspace.cpp:368: Ray 230: Calculated dot product with obj differs from solver's. Obj viol from solver: 524760.92669200. Calculated: 524760.92669190.
*** WARNING (version #1531bee): /home/sek519/warm_starting/vws/../vpc/src/utility/nbspace.cpp:368: Ray 231: Calculated dot product with obj differs from solver's. Obj viol from solver: 1969075.80580945. Calculated: 1969075.80580932.
*** WARNING (version #1531bee): /home/sek519/warm_starting/vws/../vpc/src/utility/nbspace.cpp:368: Ray 358: Calculated dot product with obj differs from solver's. Obj viol from solver: 1069915.58421310. Calculated: 1069915.58421296.
*** WARNING (version #1531bee): /home/sek519/warm_starting/vws/../vpc/src/utility/nbspace.cpp:368: Ray 359: Calculated dot product with obj differs from solver's. Obj viol from solver: 3917479.06333056. Calculated: 3917479.06333039.
*** WARNING (version #1531bee): /home/sek519/warm_starting/vws/../vpc/src/utility/nbspace.cpp:368: Ray 368: Calculated dot product with obj differs from solver's. Obj viol from solver: 534389.02725531. Calculated: 534389.02725520.
*** WARNING (version #1531bee): /home/sek519/warm_starting/vws/../vpc/src/utility/nbspace.cpp:368: Ray 369: Calculated dot product with obj differs from solver's. Obj viol from solver: 2841572.12007454. Calculated: 2841572.12007439.
*** WARNING (version #1531bee): /home/sek519/warm_starting/vws/../vpc/src/utility/nbspace.cpp:368: Ray 387: Calculated dot product with obj differs from solver's. Obj viol from solver: 1480761.86343478. Calculated: 1480761.86343462.
messed up a farkas cofficient
setting all farkas coefficients to 0
messed up a farkas cofficient
setting all farkas coefficients to 0
*** WARNING (version #1531bee): /home/sek519/warm_starting/vws/../vpc/src/utility/nbspace.cpp:368: Ray 0: Calculated dot product with obj differs from solver's. Obj viol from solver: 2173946.73657648. Calculated: 2173946.73657632.
*** WARNING (version #1531bee): /home/sek519/warm_starting/vws/../vpc/src/utility/nbspace.cpp:368: Ray 1: Calculated dot product with obj differs from solver's. Obj viol from solver: 5506564.45999873. Calculated: 5506564.45999847.
*** WARNING (version #1531bee): /home/sek519/warm_starting/vws/../vpc/src/utility/nbspace.cpp:368: Ray 2: Calculated dot product with obj differs from solver's. Obj viol from solver: 1644296.73657648. Calculated: 1644296.73657633.
*** WARNING (version #1531bee): /home/sek519/warm_starting/vws/../vpc/src/utility/nbspace.cpp:368: Ray 3: Calculated dot product with obj differs from solver's. Obj viol from solver: 3920326.49220131. Calculated: 3920326.49220111.
*** WARNING (version #1531bee): /home/sek519/warm_starting/vws/../vpc/src/utility/nbspace.cpp:368: Ray 6: Calculated dot product with obj differs from solver's. Obj viol from solver: 1644296.73657648. Calculated: 1644296.73657633.
*** WARNING (version #1531bee): /home/sek519/warm_starting/vws/../vpc/src/utility/nbspace.cpp:368: Ray 7: Calculated dot product with obj differs from solver's. Obj viol from solver: 3920326.49220130. Calculated: 3920326.49220110.
*** WARNING (version #1531bee): /home/sek519/warm_starting/vws/../vpc/src/utility/nbspace.cpp:368: Ray 8: Calculated dot product with obj differs from solver's. Obj viol from solver: 1103492.72785073. Calculated: 1103492.72785059.
*** WARNING (version #1531bee): /home/sek519/warm_starting/vws/../vpc/src/utility/nbspace.cpp:368: Ray 9: Calculated dot product with obj differs from solver's. Obj viol from solver: 2738190.59027073. Calculated: 2738190.59027056.
*** WARNING (version #1531bee): /home/sek519/warm_starting/vws/../vpc/src/utility/nbspace.cpp:368: Ray 14: Calculated dot product with obj differs from solver's. Obj viol from solver: 2060802.85728244. Calculated: 2060802.85728229.
*** WARNING (version #1531bee): /home/sek519/warm_starting/vws/../vpc/src/utility/nbspace.cpp:368: Ray 15: Calculated dot product with obj differs from solver's. Obj viol from solver: 5271194.85078939. Calculated: 5271194.85078912.
*** WARNING (version #1531bee): /home/sek519/warm_starting/vws/../vpc/src/utility/nbspace.cpp:368: Ray 16: Calculated dot product with obj differs from solver's. Obj viol from solver: 942097.97902974. Calculated: 942097.97902963.
*** WARNING (version #1531bee): /home/sek519/warm_starting/vws/../vpc/src/utility/nbspace.cpp:368: Ray 20: Calculated dot product with obj differs from solver's. Obj viol from solver: 97416.50456908. Calculated: 97416.50456897.
*** WARNING (version #1531bee): /home/sek519/warm_starting/vws/../vpc/src/utility/nbspace.cpp:368: Ray 21: Calculated dot product with obj differs from solver's. Obj viol from solver: 784496.26019391. Calculated: 784496.26019374.
*** WARNING (version #1531bee): /home/sek519/warm_starting/vws/../vpc/src/utility/nbspace.cpp:368: Ray 24: Calculated dot product with obj differs from solver's. Obj viol from solver: 1156716.50456908. Calculated: 1156716.50456897.
*** WARNING (version #1531bee): /home/sek519/warm_starting/vws/../vpc/src/utility/nbspace.cpp:368: Ray 25: Calculated dot product with obj differs from solver's. Obj viol from solver: 1864820.54651091. Calculated: 1864820.54651073.
*** WARNING (version #1531bee): /home/sek519/warm_starting/vws/../vpc/src/utility/nbspace.cpp:368: Ray 26: Calculated dot product with obj differs from solver's. Obj viol from solver: 137220.30644596. Calculated: 137220.30644586.
*** WARNING (version #1531bee): /home/sek519/warm_starting/vws/../vpc/src/utility/nbspace.cpp:368: Ray 27: Calculated dot product with obj differs from solver's. Obj viol from solver: 1218694.93675881. Calculated: 1218694.93675871.
*** WARNING (version #1531bee): /home/sek519/warm_starting/vws/../vpc/src/utility/nbspace.cpp:368: Ray 28: Calculated dot product with obj differs from solver's. Obj viol from solver: 1644298.73657648. Calculated: 1644298.73657632.
*** WARNING (version #1531bee): /home/sek519/warm_starting/vws/../vpc/src/utility/nbspace.cpp:368: Ray 29: Calculated dot product with obj differs from solver's. Obj viol from solver: 3414249.72430845. Calculated: 3414249.72430819.
*** WARNING (version #1531bee): /home/sek519/warm_starting/vws/../vpc/src/utility/nbspace.cpp:368: Ray 30: Calculated dot product with obj differs from solver's. Obj viol from solver: 1241911.11517172. Calculated: 1241911.11517160.
*** WARNING (version #1531bee): /home/sek519/warm_starting/vws/../vpc/src/utility/nbspace.cpp:368: Ray 31: Calculated dot product with obj differs from solver's. Obj viol from solver: 2056254.24939179. Calculated: 2056254.24939164.
*** WARNING (version #1531bee): /home/sek519/warm_starting/vws/../vpc/src/utility/nbspace.cpp:368: Ray 32: Calculated dot product with obj differs from solver's. Obj viol from solver: 3762271.92673136. Calculated: 3762271.92673113.
*** WARNING (version #1531bee): /home/sek519/warm_starting/vws/../vpc/src/utility/nbspace.cpp:368: Ray 33: Calculated dot product with obj differs from solver's. Obj viol from solver: 5731766.21801413. Calculated: 5731766.21801383.
*** WARNING (version #1531bee): /home/sek519/warm_starting/vws/../vpc/src/utility/nbspace.cpp:368: Ray 34: Calculated dot product with obj differs from solver's. Obj viol from solver: 1114646.73657648. Calculated: 1114646.73657632.
*** WARNING (version #1531bee): /home/sek519/warm_starting/vws/../vpc/src/utility/nbspace.cpp:368: Ray 35: Calculated dot product with obj differs from solver's. Obj viol from solver: 2861026.49220131. Calculated: 2861026.49220109.
*** WARNING (version #1531bee): /home/sek519/warm_starting/vws/../vpc/src/utility/nbspace.cpp:368: Ray 37: Calculated dot product with obj differs from solver's. Obj viol from solver: 1758585.24966507. Calculated: 1758585.24966496.
*** WARNING (version #1531bee): /home/sek519/warm_starting/vws/../vpc/src/utility/nbspace.cpp:368: Ray 38: Calculated dot product with obj differs from solver's. Obj viol from solver: 1116973.35305384. Calculated: 1116973.35305365.
*** WARNING (version #1531bee): /home/sek519/warm_starting/vws/../vpc/src/utility/nbspace.cpp:368: Ray 39: Calculated dot product with obj differs from solver's. Obj viol from solver: 2865679.72515602. Calculated: 2865679.72515573.
*** WARNING (version #1531bee): /home/sek519/warm_starting/vws/../vpc/src/utility/nbspace.cpp:368: Ray 40: Calculated dot product with obj differs from solver's. Obj viol from solver: 574650.12880280. Calculated: 574650.12880269.
*** WARNING (version #1531bee): /home/sek519/warm_starting/vws/../vpc/src/utility/nbspace.cpp:368: Ray 41: Calculated dot product with obj differs from solver's. Obj viol from solver: 1738963.50866135. Calculated: 1738963.50866118.
*** WARNING (version #1531bee): /home/sek519/warm_starting/vws/../vpc/src/utility/nbspace.cpp:368: Ray 42: Calculated dot product with obj differs from solver's. Obj viol from solver: 2173946.73657648. Calculated: 2173946.73657634.
*** WARNING (version #1531bee): /home/sek519/warm_starting/vws/../vpc/src/utility/nbspace.cpp:368: Ray 43: Calculated dot product with obj differs from solver's. Obj viol from solver: 4644503.28976899. Calculated: 4644503.28976864.
*** WARNING (version #1531bee): /home/sek519/warm_starting/vws/../vpc/src/utility/nbspace.cpp:368: Ray 44: Calculated dot product with obj differs from solver's. Obj viol from solver: 1379471.73657648. Calculated: 1379471.73657634.
*** WARNING (version #1531bee): /home/sek519/warm_starting/vws/../vpc/src/utility/nbspace.cpp:368: Ray 45: Calculated dot product with obj differs from solver's. Obj viol from solver: 3390676.49220131. Calculated: 3390676.49220110.
*** WARNING (version #1531bee): /home/sek519/warm_starting/vws/../vpc/src/utility/nbspace.cpp:368: Ray 46: Calculated dot product with obj differs from solver's. Obj viol from solver: 1368317.72785073. Calculated: 1368317.72785059.
*** WARNING (version #1531bee): /home/sek519/warm_starting/vws/../vpc/src/utility/nbspace.cpp:368: Ray 47: Calculated dot product with obj differs from solver's. Obj viol from solver: 2208540.59027072. Calculated: 2208540.59027056.
*** WARNING (version #1531bee): /home/sek519/warm_starting/vws/../vpc/src/utility/nbspace.cpp:368: Ray 48: Calculated dot product with obj differs from solver's. Obj viol from solver: 1644296.73657648. Calculated: 1644296.73657632.
*** WARNING (version #1531bee): /home/sek519/warm_starting/vws/../vpc/src/utility/nbspace.cpp:368: Ray 49: Calculated dot product with obj differs from solver's. Obj viol from solver: 3920326.49220131. Calculated: 3920326.49220110.
*** WARNING (version #1531bee): /home/sek519/warm_starting/vws/../vpc/src/utility/nbspace.cpp:368: Ray 54: Calculated dot product with obj differs from solver's. Obj viol from solver: 942097.97902974. Calculated: 942097.97902963.
*** WARNING (version #1531bee): /home/sek519/warm_starting/vws/../vpc/src/utility/nbspace.cpp:368: Ray 56: Calculated dot product with obj differs from solver's. Obj viol from solver: 1303446.05879142. Calculated: 1303446.05879129.
*** WARNING (version #1531bee): /home/sek519/warm_starting/vws/../vpc/src/utility/nbspace.cpp:368: Ray 57: Calculated dot product with obj differs from solver's. Obj viol from solver: 2078797.25215212. Calculated: 2078797.25215199.
*** WARNING (version #1531bee): /home/sek519/warm_starting/vws/../vpc/src/utility/nbspace.cpp:368: Ray 58: Calculated dot product with obj differs from solver's. Obj viol from solver: 1114646.73657648. Calculated: 1114646.73657633.
*** WARNING (version #1531bee): /home/sek519/warm_starting/vws/../vpc/src/utility/nbspace.cpp:368: Ray 59: Calculated dot product with obj differs from solver's. Obj viol from solver: 1801726.49220130. Calculated: 1801726.49220111.
*** WARNING (version #1531bee): /home/sek519/warm_starting/vws/../vpc/src/utility/nbspace.cpp:368: Ray 60: Calculated dot product with obj differs from solver's. Obj viol from solver: 1114646.73657647. Calculated: 1114646.73657633.
*** WARNING (version #1531bee): /home/sek519/warm_starting/vws/../vpc/src/utility/nbspace.cpp:368: Ray 61: Calculated dot product with obj differs from solver's. Obj viol from solver: 1801726.49220130. Calculated: 1801726.49220110.
*** WARNING (version #1531bee): /home/sek519/warm_starting/vws/../vpc/src/utility/nbspace.cpp:368: Ray 62: Calculated dot product with obj differs from solver's. Obj viol from solver: 1633142.72785074. Calculated: 1633142.72785059.
*** WARNING (version #1531bee): /home/sek519/warm_starting/vws/../vpc/src/utility/nbspace.cpp:368: Ray 63: Calculated dot product with obj differs from solver's. Obj viol from solver: 3797490.59027073. Calculated: 3797490.59027057.
*** WARNING (version #1531bee): /home/sek519/warm_starting/vws/../vpc/src/utility/nbspace.cpp:368: Ray 64: Calculated dot product with obj differs from solver's. Obj viol from solver: 1103493.72785073. Calculated: 1103493.72785059.
*** WARNING (version #1531bee): /home/sek519/warm_starting/vws/../vpc/src/utility/nbspace.cpp:368: Ray 65: Calculated dot product with obj differs from solver's. Obj viol from solver: 1678890.59027073. Calculated: 1678890.59027056.
*** WARNING (version #1531bee): /home/sek519/warm_starting/vws/../vpc/src/utility/nbspace.cpp:368: Ray 66: Calculated dot product with obj differs from solver's. Obj viol from solver: 375388.26765169. Calculated: 375388.26765155.
*** WARNING (version #1531bee): /home/sek519/warm_starting/vws/../vpc/src/utility/nbspace.cpp:368: Ray 67: Calculated dot product with obj differs from solver's. Obj viol from solver: 1696893.74066874. Calculated: 1696893.74066851.
*** WARNING (version #1531bee): /home/sek519/warm_starting/vws/../vpc/src/utility/nbspace.cpp:368: Ray 85: Calculated dot product with obj differs from solver's. Obj viol from solver: 4956426.16752998. Calculated: 4956426.16752979.
*** WARNING (version #1531bee): /home/sek519/warm_starting/vws/../vpc/src/utility/nbspace.cpp:368: Ray 91: Calculated dot product with obj differs from solver's. Obj viol from solver: 4123251.72634956. Calculated: 4123251.72634943.
*** WARNING (version #1531bee): /home/sek519/warm_starting/vws/../vpc/src/utility/nbspace.cpp:368: Ray 101: Calculated dot product with obj differs from solver's. Obj viol from solver: 6881487.34810720. Calculated: 6881487.34810702.
*** WARNING (version #1531bee): /home/sek519/warm_starting/vws/../vpc/src/utility/nbspace.cpp:368: Ray 107: Calculated dot product with obj differs from solver's. Obj viol from solver: 2650190.20075214. Calculated: 2650190.20075200.
*** WARNING (version #1531bee): /home/sek519/warm_starting/vws/../vpc/src/utility/nbspace.cpp:368: Ray 121: Calculated dot product with obj differs from solver's. Obj viol from solver: 6002111.57062270. Calculated: 6002111.57062233.
*** WARNING (version #1531bee): /home/sek519/warm_starting/vws/../vpc/src/utility/nbspace.cpp:368: Ray 135: Calculated dot product with obj differs from solver's. Obj viol from solver: 6899125.31629129. Calculated: 6899125.31629113.
*** WARNING (version #1531bee): /home/sek519/warm_starting/vws/../vpc/src/utility/nbspace.cpp:368: Ray 163: Calculated dot product with obj differs from solver's. Obj viol from solver: 4515035.46238931. Calculated: 4515035.46238907.
*** WARNING (version #1531bee): /home/sek519/warm_starting/vws/../vpc/src/utility/nbspace.cpp:368: Ray 177: Calculated dot product with obj differs from solver's. Obj viol from solver: 2356901.20950674. Calculated: 2356901.20950696.
*** WARNING (version #1531bee): /home/sek519/warm_starting/vws/../vpc/src/utility/nbspace.cpp:368: Ray 181: Calculated dot product with obj differs from solver's. Obj viol from solver: 2977322.85921420. Calculated: 2977322.85921410.
*** WARNING (version #1531bee): /home/sek519/warm_starting/vws/../vpc/src/utility/nbspace.cpp:368: Ray 221: Calculated dot product with obj differs from solver's. Obj viol from solver: 1722047.84425206. Calculated: 1722047.84425219.
*** WARNING (version #1531bee): /home/sek519/warm_starting/vws/../vpc/src/utility/nbspace.cpp:368: Ray 242: Calculated dot product with obj differs from solver's. Obj viol from solver: 829165.07223441. Calculated: 829165.07223425.
*** WARNING (version #1531bee): /home/sek519/warm_starting/vws/../vpc/src/utility/nbspace.cpp:368: Ray 243: Calculated dot product with obj differs from solver's. Obj viol from solver: 2947140.26238930. Calculated: 2947140.26238908.
*** WARNING (version #1531bee): /home/sek519/warm_starting/vws/../vpc/src/utility/nbspace.cpp:368: Ray 306: Calculated dot product with obj differs from solver's. Obj viol from solver: 3267593.77819417. Calculated: 3267593.77819405.
*** WARNING (version #1531bee): /home/sek519/warm_starting/vws/../vpc/src/utility/nbspace.cpp:368: Ray 307: Calculated dot product with obj differs from solver's. Obj viol from solver: 6824158.79387693. Calculated: 6824158.79387676.
*** WARNING (version #1531bee): /home/sek519/warm_starting/vws/../vpc/src/utility/nbspace.cpp:368: Ray 342: Calculated dot product with obj differs from solver's. Obj viol from solver: 74640.72776558. Calculated: 74640.72776575.
*** WARNING (version #1531bee): /home/sek519/warm_starting/vws/../vpc/src/utility/nbspace.cpp:368: Ray 343: Calculated dot product with obj differs from solver's. Obj viol from solver: 3435311.79652484. Calculated: 3435311.79652495.
*** WARNING (version #1531bee): /home/sek519/warm_starting/vws/../vpc/src/utility/nbspace.cpp:368: Ray 353: Calculated dot product with obj differs from solver's. Obj viol from solver: 1627733.60318046. Calculated: 1627733.60318033.
*** WARNING (version #1531bee): /home/sek519/warm_starting/vws/../vpc/src/utility/nbspace.cpp:368: Ray 355: Calculated dot product with obj differs from solver's. Obj viol from solver: 1206203.51512989. Calculated: 1206203.51513000.
*** WARNING (version #1531bee): /home/sek519/warm_starting/vws/../vpc/src/utility/nbspace.cpp:368: Ray 398: Calculated dot product with obj differs from solver's. Obj viol from solver: 346256.06440516. Calculated: 346256.06440528.
*** WARNING (version #1531bee): /home/sek519/warm_starting/vws/../vpc/src/utility/nbspace.cpp:368: Ray 420: Calculated dot product with obj differs from solver's. Obj viol from solver: 5400083.13184235. Calculated: 5400083.13184222.
*** WARNING (version #1531bee): /home/sek519/warm_starting/vws/../vpc/src/utility/nbspace.cpp:368: Ray 452: Calculated dot product with obj differs from solver's. Obj viol from solver: 6958311.05173626. Calculated: 6958311.05173615.
*** WARNING (version #1531bee): /home/sek519/warm_starting/vws/../vpc/src/utility/nbspace.cpp:368: Ray 459: Calculated dot product with obj differs from solver's. Obj viol from solver: 7365449.19020652. Calculated: 7365449.19020641.
*** WARNING (version #1531bee): /home/sek519/warm_starting/vws/../vpc/src/utility/nbspace.cpp:368: Ray 467: Calculated dot product with obj differs from solver's. Obj viol from solver: 287276.06451117. Calculated: 287276.06451101.
*** WARNING (version #1531bee): /home/sek519/warm_starting/vws/../vpc/src/utility/nbspace.cpp:368: Ray 468: Calculated dot product with obj differs from solver's. Obj viol from solver: 1501476.96834906. Calculated: 1501476.96834887.
*** WARNING (version #1531bee): /home/sek519/warm_starting/vws/../vpc/src/utility/nbspace.cpp:368: Ray 496: Calculated dot product with obj differs from solver's. Obj viol from solver: 2019562.08646662. Calculated: 2019562.08646647.
*** WARNING (version #1531bee): /home/sek519/warm_starting/vws/../vpc/src/utility/nbspace.cpp:368: Ray 498: Calculated dot product with obj differs from solver's. Obj viol from solver: 9497.35925995. Calculated: 9497.35926008.
*** WARNING (version #1531bee): /home/sek519/warm_starting/vws/../vpc/src/utility/nbspace.cpp:368: Ray 516: Calculated dot product with obj differs from solver's. Obj viol from solver: 1252067.20670063. Calculated: 1252067.20670075.
*** WARNING (version #1531bee): /home/sek519/warm_starting/vws/../vpc/src/utility/nbspace.cpp:368: Ray 518: Calculated dot product with obj differs from solver's. Obj viol from solver: 3747511.58060102. Calculated: 3747511.58060086.
*** WARNING (version #1531bee): /home/sek519/warm_starting/vws/../vpc/src/utility/nbspace.cpp:368: Ray 544: Calculated dot product with obj differs from solver's. Obj viol from solver: 1868723.47576423. Calculated: 1868723.47576412.
*** WARNING (version #1531bee): /home/sek519/warm_starting/vws/../vpc/src/utility/nbspace.cpp:368: Ray 545: Calculated dot product with obj differs from solver's. Obj viol from solver: 743486.40242789. Calculated: 743486.40242776.
*** WARNING (version #1531bee): /home/sek519/warm_starting/vws/../vpc/src/utility/nbspace.cpp:368: Ray 546: Calculated dot product with obj differs from solver's. Obj viol from solver: 3973177.96834906. Calculated: 3973177.96834886.
*** WARNING (version #1531bee): /home/sek519/warm_starting/vws/../vpc/src/utility/nbspace.cpp:368: Ray 549: Calculated dot product with obj differs from solver's. Obj viol from solver: 1325350.47223444. Calculated: 1325350.47223408.
*** WARNING (version #1531bee): /home/sek519/warm_starting/vws/../vpc/src/utility/nbspace.cpp:368: Ray 550: Calculated dot product with obj differs from solver's. Obj viol from solver: 4779552.06238934. Calculated: 4779552.06238884.
*** WARNING (version #1531bee): /home/sek519/warm_starting/vws/../vpc/src/utility/nbspace.cpp:368: Ray 552: Calculated dot product with obj differs from solver's. Obj viol from solver: 1865876.40000002. Calculated: 1865876.39999992.
*** WARNING (version #1531bee): /home/sek519/warm_starting/vws/../vpc/src/utility/nbspace.cpp:368: Ray 556: Calculated dot product with obj differs from solver's. Obj viol from solver: 4515035.46238931. Calculated: 4515035.46238908.
*** WARNING (version #1531bee): /home/sek519/warm_starting/vws/../vpc/src/utility/nbspace.cpp:368: Ray 559: Calculated dot product with obj differs from solver's. Obj viol from solver: 1042928.64670655. Calculated: 1042928.64670635.
*** WARNING (version #1531bee): /home/sek519/warm_starting/vws/../vpc/src/utility/nbspace.cpp:368: Ray 560: Calculated dot product with obj differs from solver's. Obj viol from solver: 4515035.46238931. Calculated: 4515035.46238906.
*** WARNING (version #1531bee): /home/sek519/warm_starting/vws/../vpc/src/utility/nbspace.cpp:368: Ray 572: Calculated dot product with obj differs from solver's. Obj viol from solver: 1501476.96834906. Calculated: 1501476.96834885.
*** WARNING (version #1531bee): /home/sek519/warm_starting/vws/../vpc/src/utility/nbspace.cpp:368: Ray 573: Calculated dot product with obj differs from solver's. Obj viol from solver: 900677.49558639. Calculated: 900677.49558623.
*** WARNING (version #1531bee): /home/sek519/warm_starting/vws/../vpc/src/utility/nbspace.cpp:368: Ray 574: Calculated dot product with obj differs from solver's. Obj viol from solver: 3973176.96834907. Calculated: 3973176.96834887.
*** WARNING (version #1531bee): /home/sek519/warm_starting/vws/../vpc/src/utility/nbspace.cpp:368: Ray 577: Calculated dot product with obj differs from solver's. Obj viol from solver: 3899673.79663441. Calculated: 3899673.79663427.
*** WARNING (version #1531bee): /home/sek519/warm_starting/vws/../vpc/src/utility/nbspace.cpp:368: Ray 578: Calculated dot product with obj differs from solver's. Obj viol from solver: 12235577.41231717. Calculated: 12235577.41231699.
*** WARNING (version #1531bee): /home/sek519/warm_starting/vws/../vpc/src/utility/nbspace.cpp:368: Ray 580: Calculated dot product with obj differs from solver's. Obj viol from solver: 3765384.30664136. Calculated: 3765384.30664123.
*** WARNING (version #1531bee): /home/sek519/warm_starting/vws/../vpc/src/utility/nbspace.cpp:368: Ray 584: Calculated dot product with obj differs from solver's. Obj viol from solver: 2186015.21649467. Calculated: 2186015.21649456.
*** WARNING (version #1531bee): /home/sek519/warm_starting/vws/../vpc/src/utility/nbspace.cpp:368: Ray 586: Calculated dot product with obj differs from solver's. Obj viol from solver: 806374.09404028. Calculated: 806374.09403996.
*** WARNING (version #1531bee): /home/sek519/warm_starting/vws/../vpc/src/utility/nbspace.cpp:368: Ray 588: Calculated dot product with obj differs from solver's. Obj viol from solver: 811230.63295472. Calculated: 811230.63295457.
*** WARNING (version #1531bee): /home/sek519/warm_starting/vws/../vpc/src/utility/nbspace.cpp:368: Ray 590: Calculated dot product with obj differs from solver's. Obj viol from solver: 1995988.85435947. Calculated: 1995988.85435935.
*** WARNING (version #1531bee): /home/sek519/warm_starting/vws/../vpc/src/utility/nbspace.cpp:368: Ray 598: Calculated dot product with obj differs from solver's. Obj viol from solver: 2081183.46496211. Calculated: 2081183.46496199.
*** WARNING (version #1531bee): /home/sek519/warm_starting/vws/../vpc/src/utility/nbspace.cpp:368: Ray 599: Calculated dot product with obj differs from solver's. Obj viol from solver: 326979.26298901. Calculated: 326979.26298927.
*** WARNING (version #1531bee): /home/sek519/warm_starting/vws/../vpc/src/utility/nbspace.cpp:368: Ray 602: Calculated dot product with obj differs from solver's. Obj viol from solver: 1497539.25435948. Calculated: 1497539.25435936.
*** WARNING (version #1531bee): /home/sek519/warm_starting/vws/../vpc/src/utility/nbspace.cpp:368: Ray 613: Calculated dot product with obj differs from solver's. Obj viol from solver: 616506.22180584. Calculated: 616506.22180595.
*** WARNING (version #1531bee): /home/sek519/warm_starting/vws/../vpc/src/utility/nbspace.cpp:368: Ray 616: Calculated dot product with obj differs from solver's. Obj viol from solver: 5106539.38353997. Calculated: 5106539.38353987.
*** WARNING (version #1531bee): /home/sek519/warm_starting/vws/../vpc/src/utility/nbspace.cpp:368: Ray 628: Calculated dot product with obj differs from solver's. Obj viol from solver: 1206203.51512989. Calculated: 1206203.51513001.
*** WARNING (version #1531bee): /home/sek519/warm_starting/vws/../vpc/src/utility/nbspace.cpp:368: Ray 631: Calculated dot product with obj differs from solver's. Obj viol from solver: 88192.14254153. Calculated: 88192.14254119.
*** WARNING (version #1531bee): /home/sek519/warm_starting/vws/../vpc/src/utility/nbspace.cpp:368: Ray 632: Calculated dot product with obj differs from solver's. Obj viol from solver: 670258.51830781. Calculated: 670258.51830752.
*** WARNING (version #1531bee): /home/sek519/warm_starting/vws/../vpc/src/utility/nbspace.cpp:368: Ray 643: Calculated dot product with obj differs from solver's. Obj viol from solver: 845473.13247400. Calculated: 845473.13247380.
*** WARNING (version #1531bee): /home/sek519/warm_starting/vws/../vpc/src/utility/nbspace.cpp:368: Ray 644: Calculated dot product with obj differs from solver's. Obj viol from solver: 3535831.15800189. Calculated: 3535831.15800164.
*** WARNING (version #1531bee): /home/sek519/warm_starting/vws/../vpc/src/utility/nbspace.cpp:368: Ray 652: Calculated dot product with obj differs from solver's. Obj viol from solver: 9865503.43200740. Calculated: 9865503.43200728.
*** WARNING (version #1531bee): /home/sek519/warm_starting/vws/../vpc/src/utility/nbspace.cpp:368: Ray 654: Calculated dot product with obj differs from solver's. Obj viol from solver: 5371631.57031255. Calculated: 5371631.57031236.
*** WARNING (version #1531bee): /home/sek519/warm_starting/vws/../vpc/src/utility/nbspace.cpp:368: Ray 670: Calculated dot product with obj differs from solver's. Obj viol from solver: 4783238.34849389. Calculated: 4783238.34849377.
*** WARNING (version #1531bee): /home/sek519/warm_starting/vws/../vpc/src/utility/nbspace.cpp:368: Ray 676: Calculated dot product with obj differs from solver's. Obj viol from solver: 2356901.70950673. Calculated: 2356901.70950697.
*** WARNING (version #1531bee): /home/sek519/warm_starting/vws/../vpc/src/utility/nbspace.cpp:368: Ray 680: Calculated dot product with obj differs from solver's. Obj viol from solver: 2977321.85921421. Calculated: 2977321.85921409.
*** WARNING (version #1531bee): /home/sek519/warm_starting/vws/../vpc/src/utility/nbspace.cpp:368: Ray 693: Calculated dot product with obj differs from solver's. Obj viol from solver: 2264892.65382604. Calculated: 2264892.65382615.
*** WARNING (version #1531bee): /home/sek519/warm_starting/vws/../vpc/src/utility/nbspace.cpp:368: Ray 695: Calculated dot product with obj differs from solver's. Obj viol from solver: 745823.66010861. Calculated: 745823.66010872.
*** WARNING (version #1531bee): /home/sek519/warm_starting/vws/../vpc/src/utility/nbspace.cpp:368: Ray 734: Calculated dot product with obj differs from solver's. Obj viol from solver: 1157995.07601922. Calculated: 1157995.07601937.
*** WARNING (version #1531bee): /home/sek519/warm_starting/vws/../vpc/src/utility/nbspace.cpp:368: Ray 737: Calculated dot product with obj differs from solver's. Obj viol from solver: 743682.22979673. Calculated: 743682.22979686.
*** WARNING (version #1531bee): /home/sek519/warm_starting/vws/../vpc/src/utility/nbspace.cpp:368: Ray 738: Calculated dot product with obj differs from solver's. Obj viol from solver: 1043475.83354858. Calculated: 1043475.83354878.
*** WARNING (version #1531bee): /home/sek519/warm_starting/vws/../vpc/src/utility/nbspace.cpp:368: Ray 740: Calculated dot product with obj differs from solver's. Obj viol from solver: 2480758.11493852. Calculated: 2480758.11493867.
*** WARNING (version #1531bee): /home/sek519/warm_starting/vws/../vpc/src/utility/nbspace.cpp:368: Ray 760: Calculated dot product with obj differs from solver's. Obj viol from solver: 2934163.85660012. Calculated: 2934163.85659986.
*** WARNING (version #1531bee): /home/sek519/warm_starting/vws/../vpc/src/utility/nbspace.cpp:368: Ray 806: Calculated dot product with obj differs from solver's. Obj viol from solver: 11263.70456908. Calculated: 11263.70456898.
*** WARNING (version #1531bee): /home/sek519/warm_starting/vws/../vpc/src/utility/nbspace.cpp:368: Ray 838: Calculated dot product with obj differs from solver's. Obj viol from solver: 1355815.70456908. Calculated: 1355815.70456897.
*** WARNING (version #1531bee): /home/sek519/warm_starting/vws/../vpc/src/utility/nbspace.cpp:368: Ray 858: Calculated dot product with obj differs from solver's. Obj viol from solver: 724162.10456908. Calculated: 724162.10456897.
*** WARNING (version #1531bee): /home/sek519/warm_starting/vws/../vpc/src/utility/nbspace.cpp:368: Ray 860: Calculated dot product with obj differs from solver's. Obj viol from solver: 238185.26947256. Calculated: 238185.26947245.
*** WARNING (version #1531bee): /home/sek519/warm_starting/vws/../vpc/src/utility/nbspace.cpp:368: Ray 894: Calculated dot product with obj differs from solver's. Obj viol from solver: 1105179.51495196. Calculated: 1105179.51495183.
*** WARNING (version #1531bee): /home/sek519/warm_starting/vws/../vpc/src/utility/nbspace.cpp:368: Ray 910: Calculated dot product with obj differs from solver's. Obj viol from solver: 717260.31495196. Calculated: 717260.31495183.
*** WARNING (version #1531bee): /home/sek519/warm_starting/vws/../vpc/src/utility/nbspace.cpp:368: Ray 1136: Calculated dot product with obj differs from solver's. Obj viol from solver: 774448.07360690. Calculated: 774448.07360677.
*** WARNING (version #1531bee): /home/sek519/warm_starting/vws/../vpc/src/utility/nbspace.cpp:368: Ray 1158: Calculated dot product with obj differs from solver's. Obj viol from solver: 739628.87360690. Calculated: 739628.87360677.
*** WARNING (version #1531bee): /home/sek519/warm_starting/vws/../vpc/src/utility/nbspace.cpp:368: Ray 1174: Calculated dot product with obj differs from solver's. Obj viol from solver: 1105401.91436351. Calculated: 1105401.91436337.
*** WARNING (version #1531bee): /home/sek519/warm_starting/vws/../vpc/src/utility/nbspace.cpp:368: Ray 1206: Calculated dot product with obj differs from solver's. Obj viol from solver: 866593.62016433. Calculated: 866593.62016421.
*** WARNING (version #1531bee): /home/sek519/warm_starting/vws/../vpc/src/utility/nbspace.cpp:368: Ray 1216: Calculated dot product with obj differs from solver's. Obj viol from solver: 2449953.91436351. Calculated: 2449953.91436337.
*** WARNING (version #1531bee): /home/sek519/warm_starting/vws/../vpc/src/utility/nbspace.cpp:368: Ray 1220: Calculated dot product with obj differs from solver's. Obj viol from solver: 831774.42016433. Calculated: 831774.42016422.
*** WARNING (version #1531bee): /home/sek519/warm_starting/vws/../vpc/src/utility/nbspace.cpp:368: Ray 1226: Calculated dot product with obj differs from solver's. Obj viol from solver: 1818300.31436351. Calculated: 1818300.31436337.
*** WARNING (version #1531bee): /home/sek519/warm_starting/vws/../vpc/src/utility/nbspace.cpp:368: Ray 1228: Calculated dot product with obj differs from solver's. Obj viol from solver: 1332323.47926699. Calculated: 1332323.47926686.
*** WARNING (version #1531bee): /home/sek519/warm_starting/vws/../vpc/src/utility/nbspace.cpp:368: Ray 1272: Calculated dot product with obj differs from solver's. Obj viol from solver: 1480648.07360690. Calculated: 1480648.07360677.
*** WARNING (version #1531bee): /home/sek519/warm_starting/vws/../vpc/src/utility/nbspace.cpp:368: Ray 1298: Calculated dot product with obj differs from solver's. Obj viol from solver: 1154812.57826258. Calculated: 1154812.57826245.
*** WARNING (version #1531bee): /home/sek519/warm_starting/vws/../vpc/src/utility/nbspace.cpp:368: Ray 1302: Calculated dot product with obj differs from solver's. Obj viol from solver: 585644.92606046. Calculated: 585644.92606036.
*** WARNING (version #1531bee): /home/sek519/warm_starting/vws/../vpc/src/utility/nbspace.cpp:368: Ray 1308: Calculated dot product with obj differs from solver's. Obj viol from solver: 766894.37826258. Calculated: 766894.37826245.
*** WARNING (version #1531bee): /home/sek519/warm_starting/vws/../vpc/src/utility/nbspace.cpp:368: Ray 1318: Calculated dot product with obj differs from solver's. Obj viol from solver: 1839621.41378940. Calculated: 1839621.41378929.
*** WARNING (version #1531bee): /home/sek519/warm_starting/vws/../vpc/src/utility/nbspace.cpp:368: Ray 1340: Calculated dot product with obj differs from solver's. Obj viol from solver: 1451702.21378940. Calculated: 1451702.21378929.
*** WARNING (version #1531bee): /home/sek519/warm_starting/vws/../vpc/src/utility/nbspace.cpp:368: Ray 1362: Calculated dot product with obj differs from solver's. Obj viol from solver: 202333.00308702. Calculated: 202333.00308688.
*** WARNING (version #1531bee): /home/sek519/warm_starting/vws/../vpc/src/utility/nbspace.cpp:368: Ray 1364: Calculated dot product with obj differs from solver's. Obj viol from solver: 1767948.05220213. Calculated: 1767948.05220203.
*** WARNING (version #1531bee): /home/sek519/warm_starting/vws/../vpc/src/utility/nbspace.cpp:368: Ray 1616: Calculated dot product with obj differs from solver's. Obj viol from solver: 624064.60568966. Calculated: 624064.60568976.
*** WARNING (version #1531bee): /home/sek519/warm_starting/vws/../vpc/src/utility/nbspace.cpp:368: Ray 14: Calculated dot product with obj differs from solver's. Obj viol from solver: 2658748.06805545. Calculated: 2658748.06805533.
*** WARNING (version #1531bee): /home/sek519/warm_starting/vws/../vpc/src/utility/nbspace.cpp:368: Ray 15: Calculated dot product with obj differs from solver's. Obj viol from solver: 5959252.48858594. Calculated: 5959252.48858568.
*** WARNING (version #1531bee): /home/sek519/warm_starting/vws/../vpc/src/utility/nbspace.cpp:368: Ray 34: Calculated dot product with obj differs from solver's. Obj viol from solver: 2752003.00617421. Calculated: 2752003.00617410.
*** WARNING (version #1531bee): /home/sek519/warm_starting/vws/../vpc/src/utility/nbspace.cpp:368: Ray 35: Calculated dot product with obj differs from solver's. Obj viol from solver: 5086463.36482346. Calculated: 5086463.36482320.
*** WARNING (version #1531bee): /home/sek519/warm_starting/vws/../vpc/src/utility/nbspace.cpp:368: Ray 45: Calculated dot product with obj differs from solver's. Obj viol from solver: 2981449.28542497. Calculated: 2981449.28542483.
*** WARNING (version #1531bee): /home/sek519/warm_starting/vws/../vpc/src/utility/nbspace.cpp:368: Ray 102: Calculated dot product with obj differs from solver's. Obj viol from solver: 2105014.07939850. Calculated: 2105014.07939838.
*** WARNING (version #1531bee): /home/sek519/warm_starting/vws/../vpc/src/utility/nbspace.cpp:368: Ray 103: Calculated dot product with obj differs from solver's. Obj viol from solver: 5737886.88132744. Calculated: 5737886.88132720.
*** WARNING (version #1531bee): /home/sek519/warm_starting/vws/../vpc/src/utility/nbspace.cpp:368: Ray 111: Calculated dot product with obj differs from solver's. Obj viol from solver: 3632873.80192894. Calculated: 3632873.80192881.
*** WARNING (version #1531bee): /home/sek519/warm_starting/vws/../vpc/src/utility/nbspace.cpp:368: Ray 135: Calculated dot product with obj differs from solver's. Obj viol from solver: 6369106.12444454. Calculated: 6369106.12444443.
*** WARNING (version #1531bee): /home/sek519/warm_starting/vws/../vpc/src/utility/nbspace.cpp:368: Ray 153: Calculated dot product with obj differs from solver's. Obj viol from solver: 2137101.17390007. Calculated: 2137101.17390017.
*** WARNING (version #1531bee): /home/sek519/warm_starting/vws/../vpc/src/utility/nbspace.cpp:368: Ray 164: Calculated dot product with obj differs from solver's. Obj viol from solver: 2634664.07939850. Calculated: 2634664.07939839.
*** WARNING (version #1531bee): /home/sek519/warm_starting/vws/../vpc/src/utility/nbspace.cpp:368: Ray 165: Calculated dot product with obj differs from solver's. Obj viol from solver: 4210029.15879700. Calculated: 4210029.15879676.
*** WARNING (version #1531bee): /home/sek519/warm_starting/vws/../vpc/src/utility/nbspace.cpp:368: Ray 173: Calculated dot product with obj differs from solver's. Obj viol from solver: 2105015.07939849. Calculated: 2105015.07939838.
*** WARNING (version #1531bee): /home/sek519/warm_starting/vws/../vpc/src/utility/nbspace.cpp:368: Ray 244: Calculated dot product with obj differs from solver's. Obj viol from solver: 2634664.07939849. Calculated: 2634664.07939838.
*** WARNING (version #1531bee): /home/sek519/warm_starting/vws/../vpc/src/utility/nbspace.cpp:368: Ray 245: Calculated dot product with obj differs from solver's. Obj viol from solver: 4210028.15879699. Calculated: 4210028.15879676.
*** WARNING (version #1531bee): /home/sek519/warm_starting/vws/../vpc/src/utility/nbspace.cpp:368: Ray 253: Calculated dot product with obj differs from solver's. Obj viol from solver: 2105014.07939849. Calculated: 2105014.07939838.
*** WARNING (version #1531bee): /home/sek519/warm_starting/vws/../vpc/src/utility/nbspace.cpp:368: Ray 277: Calculated dot product with obj differs from solver's. Obj viol from solver: 3781948.40191410. Calculated: 3781948.40191400.
*** WARNING (version #1531bee): /home/sek519/warm_starting/vws/../vpc/src/utility/nbspace.cpp:368: Ray 308: Calculated dot product with obj differs from solver's. Obj viol from solver: 3582244.63007351. Calculated: 3582244.63007339.
*** WARNING (version #1531bee): /home/sek519/warm_starting/vws/../vpc/src/utility/nbspace.cpp:368: Ray 309: Calculated dot product with obj differs from solver's. Obj viol from solver: 8885168.26194705. Calculated: 8885168.26194680.
*** WARNING (version #1531bee): /home/sek519/warm_starting/vws/../vpc/src/utility/nbspace.cpp:368: Ray 320: Calculated dot product with obj differs from solver's. Obj viol from solver: 3071058.14127974. Calculated: 3071058.14127961.
*** WARNING (version #1531bee): /home/sek519/warm_starting/vws/../vpc/src/utility/nbspace.cpp:368: Ray 321: Calculated dot product with obj differs from solver's. Obj viol from solver: 5082816.28255948. Calculated: 5082816.28255922.
*** WARNING (version #1531bee): /home/sek519/warm_starting/vws/../vpc/src/utility/nbspace.cpp:368: Ray 328: Calculated dot product with obj differs from solver's. Obj viol from solver: 3359771.86954895. Calculated: 3359771.86954882.
*** WARNING (version #1531bee): /home/sek519/warm_starting/vws/../vpc/src/utility/nbspace.cpp:368: Ray 329: Calculated dot product with obj differs from solver's. Obj viol from solver: 5901180.01082869. Calculated: 5901180.01082842.
*** WARNING (version #1531bee): /home/sek519/warm_starting/vws/../vpc/src/utility/nbspace.cpp:368: Ray 334: Calculated dot product with obj differs from solver's. Obj viol from solver: 3071058.14127975. Calculated: 3071058.14127961.
*** WARNING (version #1531bee): /home/sek519/warm_starting/vws/../vpc/src/utility/nbspace.cpp:368: Ray 335: Calculated dot product with obj differs from solver's. Obj viol from solver: 5724573.63503453. Calculated: 5724573.63503426.
*** WARNING (version #1531bee): /home/sek519/warm_starting/vws/../vpc/src/utility/nbspace.cpp:368: Ray 361: Calculated dot product with obj differs from solver's. Obj viol from solver: 1404290.43379549. Calculated: 1404290.43379562.
*** WARNING (version #1531bee): /home/sek519/warm_starting/vws/../vpc/src/utility/nbspace.cpp:368: Ray 389: Calculated dot product with obj differs from solver's. Obj viol from solver: 2481711.13018330. Calculated: 2481711.13018319.
*** WARNING (version #1531bee): /home/sek519/warm_starting/vws/../vpc/src/utility/nbspace.cpp:368: Ray 421: Calculated dot product with obj differs from solver's. Obj viol from solver: 2105014.07939850. Calculated: 2105014.07939838.
*** WARNING (version #1531bee): /home/sek519/warm_starting/vws/../vpc/src/utility/nbspace.cpp:368: Ray 422: Calculated dot product with obj differs from solver's. Obj viol from solver: 4210028.15879700. Calculated: 4210028.15879676.
*** WARNING (version #1531bee): /home/sek519/warm_starting/vws/../vpc/src/utility/nbspace.cpp:368: Ray 432: Calculated dot product with obj differs from solver's. Obj viol from solver: 2105014.07939850. Calculated: 2105014.07939839.
*** WARNING (version #1531bee): /home/sek519/warm_starting/vws/../vpc/src/utility/nbspace.cpp:368: Ray 469: Calculated dot product with obj differs from solver's. Obj viol from solver: 2149706.66866742. Calculated: 2149706.66866732.
*** WARNING (version #1531bee): /home/sek519/warm_starting/vws/../vpc/src/utility/nbspace.cpp:368: Ray 470: Calculated dot product with obj differs from solver's. Obj viol from solver: 5135463.41868193. Calculated: 5135463.41868169.
*** WARNING (version #1531bee): /home/sek519/warm_starting/vws/../vpc/src/utility/nbspace.cpp:368: Ray 484: Calculated dot product with obj differs from solver's. Obj viol from solver: 1808533.43339595. Calculated: 1808533.43339584.
*** WARNING (version #1531bee): /home/sek519/warm_starting/vws/../vpc/src/utility/nbspace.cpp:368: Ray 516: Calculated dot product with obj differs from solver's. Obj viol from solver: 1462042.46231079. Calculated: 1462042.46231068.
*** WARNING (version #1531bee): /home/sek519/warm_starting/vws/../vpc/src/utility/nbspace.cpp:368: Ray 547: Calculated dot product with obj differs from solver's. Obj viol from solver: 3453026.80766770. Calculated: 3453026.80766758.
*** WARNING (version #1531bee): /home/sek519/warm_starting/vws/../vpc/src/utility/nbspace.cpp:368: Ray 548: Calculated dot product with obj differs from solver's. Obj viol from solver: 6087690.88706621. Calculated: 6087690.88706598.
*** WARNING (version #1531bee): /home/sek519/warm_starting/vws/../vpc/src/utility/nbspace.cpp:368: Ray 551: Calculated dot product with obj differs from solver's. Obj viol from solver: 2105014.07939850. Calculated: 2105014.07939838.
*** WARNING (version #1531bee): /home/sek519/warm_starting/vws/../vpc/src/utility/nbspace.cpp:368: Ray 552: Calculated dot product with obj differs from solver's. Obj viol from solver: 5083627.75879699. Calculated: 5083627.75879677.
*** WARNING (version #1531bee): /home/sek519/warm_starting/vws/../vpc/src/utility/nbspace.cpp:368: Ray 557: Calculated dot product with obj differs from solver's. Obj viol from solver: 2634664.07939850. Calculated: 2634664.07939839.
*** WARNING (version #1531bee): /home/sek519/warm_starting/vws/../vpc/src/utility/nbspace.cpp:368: Ray 558: Calculated dot product with obj differs from solver's. Obj viol from solver: 4210028.15879700. Calculated: 4210028.15879676.
*** WARNING (version #1531bee): /home/sek519/warm_starting/vws/../vpc/src/utility/nbspace.cpp:368: Ray 561: Calculated dot product with obj differs from solver's. Obj viol from solver: 3164314.07939850. Calculated: 3164314.07939838.
*** WARNING (version #1531bee): /home/sek519/warm_starting/vws/../vpc/src/utility/nbspace.cpp:368: Ray 562: Calculated dot product with obj differs from solver's. Obj viol from solver: 5911085.51127204. Calculated: 5911085.51127180.
*** WARNING (version #1531bee): /home/sek519/warm_starting/vws/../vpc/src/utility/nbspace.cpp:368: Ray 567: Calculated dot product with obj differs from solver's. Obj viol from solver: 2650639.41273183. Calculated: 2650639.41273168.
*** WARNING (version #1531bee): /home/sek519/warm_starting/vws/../vpc/src/utility/nbspace.cpp:368: Ray 568: Calculated dot product with obj differs from solver's. Obj viol from solver: 5814955.49213032. Calculated: 5814955.49213010.
*** WARNING (version #1531bee): /home/sek519/warm_starting/vws/../vpc/src/utility/nbspace.cpp:368: Ray 575: Calculated dot product with obj differs from solver's. Obj viol from solver: 3164315.07939849. Calculated: 3164315.07939838.
*** WARNING (version #1531bee): /home/sek519/warm_starting/vws/../vpc/src/utility/nbspace.cpp:368: Ray 576: Calculated dot product with obj differs from solver's. Obj viol from solver: 5586636.56358242. Calculated: 5586636.56358217.
*** WARNING (version #1531bee): /home/sek519/warm_starting/vws/../vpc/src/utility/nbspace.cpp:368: Ray 590: Calculated dot product with obj differs from solver's. Obj viol from solver: 2977802.20316099. Calculated: 2977802.20316086.
*** WARNING (version #1531bee): /home/sek519/warm_starting/vws/../vpc/src/utility/nbspace.cpp:368: Ray 618: Calculated dot product with obj differs from solver's. Obj viol from solver: 2923377.80766770. Calculated: 2923377.80766758.
*** WARNING (version #1531bee): /home/sek519/warm_starting/vws/../vpc/src/utility/nbspace.cpp:368: Ray 642: Calculated dot product with obj differs from solver's. Obj viol from solver: 2963583.67364489. Calculated: 2963583.67364479.
*** WARNING (version #1531bee): /home/sek519/warm_starting/vws/../vpc/src/utility/nbspace.cpp:368: Ray 654: Calculated dot product with obj differs from solver's. Obj viol from solver: 5714847.00191410. Calculated: 5714847.00191399.
*** WARNING (version #1531bee): /home/sek519/warm_starting/vws/../vpc/src/utility/nbspace.cpp:368: Ray 656: Calculated dot product with obj differs from solver's. Obj viol from solver: 2105014.07939850. Calculated: 2105014.07939838.
*** WARNING (version #1531bee): /home/sek519/warm_starting/vws/../vpc/src/utility/nbspace.cpp:368: Ray 658: Calculated dot product with obj differs from solver's. Obj viol from solver: 2746771.43187354. Calculated: 2746771.43187342.
*** WARNING (version #1531bee): /home/sek519/warm_starting/vws/../vpc/src/utility/nbspace.cpp:368: Ray 664: Calculated dot product with obj differs from solver's. Obj viol from solver: 2422322.48418392. Calculated: 2422322.48418379.
*** WARNING (version #1531bee): /home/sek519/warm_starting/vws/../vpc/src/utility/nbspace.cpp:368: Ray 669: Calculated dot product with obj differs from solver's. Obj viol from solver: 2205059.41689381. Calculated: 2205059.41689370.
*** WARNING (version #1531bee): /home/sek519/warm_starting/vws/../vpc/src/utility/nbspace.cpp:368: Ray 670: Calculated dot product with obj differs from solver's. Obj viol from solver: 4827661.48131259. Calculated: 4827661.48131238.
*** WARNING (version #1531bee): /home/sek519/warm_starting/vws/../vpc/src/utility/nbspace.cpp:368: Ray 694: Calculated dot product with obj differs from solver's. Obj viol from solver: 4841247.40191410. Calculated: 4841247.40191399.
*** WARNING (version #1531bee): /home/sek519/warm_starting/vws/../vpc/src/utility/nbspace.cpp:149: Point: Calculated dot product with obj differs from solver's. Obj viol from solver: 427021.41745755. Calculated: 427021.41745743.
messed up a farkas cofficient
setting all farkas coefficients to 0
messed up a farkas cofficient
setting all farkas coefficients to 0
messed up a farkas cofficient
setting all farkas coefficients to 0
messed up a farkas cofficient
setting all farkas coefficients to 0
messed up a farkas cofficient
setting all farkas coefficients to 0
messed up a farkas cofficient
setting all farkas coefficients to 0
messed up a farkas cofficient
setting all farkas coefficients to 0
messed up a farkas cofficient
setting all farkas coefficients to 0
messed up a farkas cofficient
setting all farkas coefficients to 0
messed up a farkas cofficient
setting all farkas coefficients to 0
messed up a farkas cofficient
setting all farkas coefficients to 0
messed up a farkas cofficient
setting all farkas coefficients to 0
*** WARNING (version #1531bee): /home/sek519/warm_starting/vws/../vpc/src/utility/nbspace.cpp:368: Ray 43: Calculated dot product with obj differs from solver's. Obj viol from solver: 4521842.90165566. Calculated: 4521842.90165552.
*** WARNING (version #1531bee): /home/sek519/warm_starting/vws/../vpc/src/utility/nbspace.cpp:368: Ray 586: Calculated dot product with obj differs from solver's. Obj viol from solver: 806387.61133859. Calculated: 806387.61133843.
*** WARNING (version #1531bee): /home/sek519/warm_starting/vws/../vpc/src/utility/nbspace.cpp:368: Ray 600: Calculated dot product with obj differs from solver's. Obj viol from solver: 205664.27781553. Calculated: 205664.27781571.
*** WARNING (version #1531bee): /home/sek519/warm_starting/vws/../vpc/src/utility/nbspace.cpp:368: Ray 643: Calculated dot product with obj differs from solver's. Obj viol from solver: 845485.17289298. Calculated: 845485.17289287.
*** WARNING (version #1531bee): /home/sek519/warm_starting/vws/../vpc/src/utility/nbspace.cpp:368: Ray 644: Calculated dot product with obj differs from solver's. Obj viol from solver: 3535846.78463765. Calculated: 3535846.78463751.
*** WARNING (version #1531bee): /home/sek519/warm_starting/vws/../vpc/src/utility/nbspace.cpp:368: Ray 654: Calculated dot product with obj differs from solver's. Obj viol from solver: 5297019.60410841. Calculated: 5297019.60410823.
*** WARNING (version #1531bee): /home/sek519/warm_starting/vws/../vpc/src/utility/nbspace.cpp:368: Ray 676: Calculated dot product with obj differs from solver's. Obj viol from solver: 2356882.02011243. Calculated: 2356882.02011253.
*** WARNING (version #1531bee): /home/sek519/warm_starting/vws/../vpc/src/utility/nbspace.cpp:368: Ray 679: Calculated dot product with obj differs from solver's. Obj viol from solver: 1109747.26558431. Calculated: 1109747.26558445.
*** WARNING (version #1531bee): /home/sek519/warm_starting/vws/../vpc/src/utility/nbspace.cpp:368: Ray 680: Calculated dot product with obj differs from solver's. Obj viol from solver: 4119047.71566406. Calculated: 4119047.71566417.
*** WARNING (version #1531bee): /home/sek519/warm_starting/vws/../vpc/src/utility/nbspace.cpp:368: Ray 15: Calculated dot product with obj differs from solver's. Obj viol from solver: 6844652.65384097. Calculated: 6844652.65384117.
*** WARNING (version #1531bee): /home/sek519/warm_starting/vws/../vpc/src/utility/nbspace.cpp:368: Ray 309: Calculated dot product with obj differs from solver's. Obj viol from solver: 9973357.08801682. Calculated: 9973357.08801693.
*** WARNING (version #1531bee): /home/sek519/warm_starting/vws/../vpc/src/utility/nbspace.cpp:368: Ray 321: Calculated dot product with obj differs from solver's. Obj viol from solver: 5092082.40403349. Calculated: 5092082.40403368.
*** WARNING (version #1531bee): /home/sek519/warm_starting/vws/../vpc/src/utility/nbspace.cpp:368: Ray 329: Calculated dot product with obj differs from solver's. Obj viol from solver: 5572249.50584643. Calculated: 5572249.50584655.
*** WARNING (version #1531bee): /home/sek519/warm_starting/vws/../vpc/src/utility/nbspace.cpp:368: Ray 335: Calculated dot product with obj differs from solver's. Obj viol from solver: 5400118.00285062. Calculated: 5400118.00285075.
*** WARNING (version #1531bee): /home/sek519/warm_starting/vws/../vpc/src/utility/nbspace.cpp:368: Ray 407: Calculated dot product with obj differs from solver's. Obj viol from solver: 1073276.94580805. Calculated: 1073276.94580816.
*** WARNING (version #1531bee): /home/sek519/warm_starting/vws/../vpc/src/utility/nbspace.cpp:368: Ray 422: Calculated dot product with obj differs from solver's. Obj viol from solver: 4219292.29869460. Calculated: 4219292.29869472.
*** WARNING (version #1531bee): /home/sek519/warm_starting/vws/../vpc/src/utility/nbspace.cpp:368: Ray 546: Calculated dot product with obj differs from solver's. Obj viol from solver: 6813479.45800833. Calculated: 6813479.45800844.
*** WARNING (version #1531bee): /home/sek519/warm_starting/vws/../vpc/src/utility/nbspace.cpp:368: Ray 590: Calculated dot product with obj differs from solver's. Obj viol from solver: 2982434.00468620. Calculated: 2982434.00468630.
messed up a farkas cofficient
setting all farkas coefficients to 0
messed up a farkas cofficient
setting all farkas coefficients to 0
messed up a farkas cofficient
setting all farkas coefficients to 0
messed up a farkas cofficient
setting all farkas coefficients to 0
messed up a farkas cofficient
setting all farkas coefficients to 0
messed up a farkas cofficient
setting all farkas coefficients to 0
messed up a farkas cofficient
setting all farkas coefficients to 0
messed up a farkas cofficient
setting all farkas coefficients to 0
messed up a farkas cofficient
setting all farkas coefficients to 0
messed up a farkas cofficient
setting all farkas coefficients to 0
