messed up a farkas cofficient
setting all farkas coefficients to 0
messed up a farkas cofficient
setting all farkas coefficients to 0
messed up a farkas cofficient
setting all farkas coefficients to 0
messed up a farkas cofficient
setting all farkas coefficients to 0
messed up a farkas cofficient
setting all farkas coefficients to 0
messed up a farkas cofficient
setting all farkas coefficients to 0
messed up a farkas cofficient
setting all farkas coefficients to 0
messed up a farkas cofficient
setting all farkas coefficients to 0
messed up a farkas cofficient
setting all farkas coefficients to 0
messed up a farkas cofficient
setting all farkas coefficients to 0
messed up a farkas cofficient
setting all farkas coefficients to 0
messed up a farkas cofficient
setting all farkas coefficients to 0
messed up a farkas cofficient
setting all farkas coefficients to 0
messed up a farkas cofficient
setting all farkas coefficients to 0
messed up a farkas cofficient
setting all farkas coefficients to 0
messed up a farkas cofficient
setting all farkas coefficients to 0
messed up a farkas cofficient
setting all farkas coefficients to 0
messed up a farkas cofficient
setting all farkas coefficients to 0
messed up a farkas cofficient
setting all farkas coefficients to 0
messed up a farkas cofficient
setting all farkas coefficients to 0
messed up a farkas cofficient
setting all farkas coefficients to 0
messed up a farkas cofficient
setting all farkas coefficients to 0
messed up a farkas cofficient
setting all farkas coefficients to 0
messed up a farkas cofficient
setting all farkas coefficients to 0
messed up a farkas cofficient
setting all farkas coefficients to 0
messed up a farkas cofficient
setting all farkas coefficients to 0
messed up a farkas cofficient
setting all farkas coefficients to 0
messed up a farkas cofficient
setting all farkas coefficients to 0
messed up a farkas cofficient
setting all farkas coefficients to 0
messed up a farkas cofficient
setting all farkas coefficients to 0
messed up a farkas cofficient
setting all farkas coefficients to 0
messed up a farkas cofficient
setting all farkas coefficients to 0
messed up a farkas cofficient
setting all farkas coefficients to 0
messed up a farkas cofficient
setting all farkas coefficients to 0
messed up a farkas cofficient
setting all farkas coefficients to 0
messed up a farkas cofficient
setting all farkas coefficients to 0
messed up a farkas cofficient
setting all farkas coefficients to 0
messed up a farkas cofficient
setting all farkas coefficients to 0
messed up a farkas cofficient
setting all farkas coefficients to 0
messed up a farkas cofficient
setting all farkas coefficients to 0
messed up a farkas cofficient
setting all farkas coefficients to 0
messed up a farkas cofficient
setting all farkas coefficients to 0
messed up a farkas cofficient
setting all farkas coefficients to 0
messed up a farkas cofficient
setting all farkas coefficients to 0
messed up a farkas cofficient
setting all farkas coefficients to 0
messed up a farkas cofficient
setting all farkas coefficients to 0
messed up a farkas cofficient
setting all farkas coefficients to 0
messed up a farkas cofficient
setting all farkas coefficients to 0
messed up a farkas cofficient
setting all farkas coefficients to 0
messed up a farkas cofficient
setting all farkas coefficients to 0
messed up a farkas cofficient
setting all farkas coefficients to 0
messed up a farkas cofficient
setting all farkas coefficients to 0
messed up a farkas cofficient
setting all farkas coefficients to 0
messed up a farkas cofficient
setting all farkas coefficients to 0
messed up a farkas cofficient
setting all farkas coefficients to 0
messed up a farkas cofficient
setting all farkas coefficients to 0
messed up a farkas cofficient
setting all farkas coefficients to 0
messed up a farkas cofficient
setting all farkas coefficients to 0
messed up a farkas cofficient
setting all farkas coefficients to 0
messed up a farkas cofficient
setting all farkas coefficients to 0
messed up a farkas cofficient
setting all farkas coefficients to 0
messed up a farkas cofficient
setting all farkas coefficients to 0
messed up a farkas cofficient
setting all farkas coefficients to 0
messed up a farkas cofficient
setting all farkas coefficients to 0
messed up a farkas cofficient
setting all farkas coefficients to 0
messed up a farkas cofficient
setting all farkas coefficients to 0
messed up a farkas cofficient
setting all farkas coefficients to 0
messed up a farkas cofficient
setting all farkas coefficients to 0
messed up a farkas cofficient
setting all farkas coefficients to 0
messed up a farkas cofficient
setting all farkas coefficients to 0
messed up a farkas cofficient
setting all farkas coefficients to 0
messed up a farkas cofficient
setting all farkas coefficients to 0
messed up a farkas cofficient
setting all farkas coefficients to 0
messed up a farkas cofficient
setting all farkas coefficients to 0
messed up a farkas cofficient
setting all farkas coefficients to 0
messed up a farkas cofficient
setting all farkas coefficients to 0
messed up a farkas cofficient
setting all farkas coefficients to 0
messed up a farkas cofficient
setting all farkas coefficients to 0
messed up a farkas cofficient
setting all farkas coefficients to 0
messed up a farkas cofficient
setting all farkas coefficients to 0
messed up a farkas cofficient
setting all farkas coefficients to 0
messed up a farkas cofficient
setting all farkas coefficients to 0
messed up a farkas cofficient
setting all farkas coefficients to 0
messed up a farkas cofficient
setting all farkas coefficients to 0
messed up a farkas cofficient
setting all farkas coefficients to 0
messed up a farkas cofficient
setting all farkas coefficients to 0
messed up a farkas cofficient
setting all farkas coefficients to 0
messed up a farkas cofficient
setting all farkas coefficients to 0
messed up a farkas cofficient
setting all farkas coefficients to 0
messed up a farkas cofficient
setting all farkas coefficients to 0
messed up a farkas cofficient
setting all farkas coefficients to 0
messed up a farkas cofficient
setting all farkas coefficients to 0
messed up a farkas cofficient
setting all farkas coefficients to 0
messed up a farkas cofficient
setting all farkas coefficients to 0
messed up a farkas cofficient
setting all farkas coefficients to 0
messed up a farkas cofficient
setting all farkas coefficients to 0
messed up a farkas cofficient
setting all farkas coefficients to 0
messed up a farkas cofficient
setting all farkas coefficients to 0
messed up a farkas cofficient
setting all farkas coefficients to 0
messed up a farkas cofficient
setting all farkas coefficients to 0
messed up a farkas cofficient
setting all farkas coefficients to 0
messed up a farkas cofficient
setting all farkas coefficients to 0
messed up a farkas cofficient
setting all farkas coefficients to 0
messed up a farkas cofficient
setting all farkas coefficients to 0
messed up a farkas cofficient
setting all farkas coefficients to 0
messed up a farkas cofficient
setting all farkas coefficients to 0
messed up a farkas cofficient
setting all farkas coefficients to 0
messed up a farkas cofficient
setting all farkas coefficients to 0
messed up a farkas cofficient
setting all farkas coefficients to 0
messed up a farkas cofficient
setting all farkas coefficients to 0
messed up a farkas cofficient
setting all farkas coefficients to 0
messed up a farkas cofficient
setting all farkas coefficients to 0
messed up a farkas cofficient
setting all farkas coefficients to 0
messed up a farkas cofficient
setting all farkas coefficients to 0
messed up a farkas cofficient
setting all farkas coefficients to 0
messed up a farkas cofficient
setting all farkas coefficients to 0
messed up a farkas cofficient
setting all farkas coefficients to 0
messed up a farkas cofficient
setting all farkas coefficients to 0
messed up a farkas cofficient
setting all farkas coefficients to 0
messed up a farkas cofficient
setting all farkas coefficients to 0
messed up a farkas cofficient
setting all farkas coefficients to 0
messed up a farkas cofficient
setting all farkas coefficients to 0
messed up a farkas cofficient
setting all farkas coefficients to 0
messed up a farkas cofficient
setting all farkas coefficients to 0
messed up a farkas cofficient
setting all farkas coefficients to 0
messed up a farkas cofficient
setting all farkas coefficients to 0
messed up a farkas cofficient
setting all farkas coefficients to 0
messed up a farkas cofficient
setting all farkas coefficients to 0
messed up a farkas cofficient
setting all farkas coefficients to 0
messed up a farkas cofficient
setting all farkas coefficients to 0
messed up a farkas cofficient
setting all farkas coefficients to 0
messed up a farkas cofficient
setting all farkas coefficients to 0
messed up a farkas cofficient
setting all farkas coefficients to 0
messed up a farkas cofficient
setting all farkas coefficients to 0
messed up a farkas cofficient
setting all farkas coefficients to 0
messed up a farkas cofficient
setting all farkas coefficients to 0
messed up a farkas cofficient
setting all farkas coefficients to 0
messed up a farkas cofficient
setting all farkas coefficients to 0
messed up a farkas cofficient
setting all farkas coefficients to 0
messed up a farkas cofficient
setting all farkas coefficients to 0
messed up a farkas cofficient
setting all farkas coefficients to 0
messed up a farkas cofficient
setting all farkas coefficients to 0
messed up a farkas cofficient
setting all farkas coefficients to 0
messed up a farkas cofficient
setting all farkas coefficients to 0
messed up a farkas cofficient
setting all farkas coefficients to 0
messed up a farkas cofficient
setting all farkas coefficients to 0
messed up a farkas cofficient
setting all farkas coefficients to 0
messed up a farkas cofficient
setting all farkas coefficients to 0
messed up a farkas cofficient
setting all farkas coefficients to 0
messed up a farkas cofficient
setting all farkas coefficients to 0
messed up a farkas cofficient
setting all farkas coefficients to 0
messed up a farkas cofficient
setting all farkas coefficients to 0
messed up a farkas cofficient
setting all farkas coefficients to 0
messed up a farkas cofficient
setting all farkas coefficients to 0
messed up a farkas cofficient
setting all farkas coefficients to 0
messed up a farkas cofficient
setting all farkas coefficients to 0
messed up a farkas cofficient
setting all farkas coefficients to 0
messed up a farkas cofficient
setting all farkas coefficients to 0
messed up a farkas cofficient
setting all farkas coefficients to 0
messed up a farkas cofficient
setting all farkas coefficients to 0
messed up a farkas cofficient
setting all farkas coefficients to 0
messed up a farkas cofficient
setting all farkas coefficients to 0
messed up a farkas cofficient
setting all farkas coefficients to 0
messed up a farkas cofficient
setting all farkas coefficients to 0
messed up a farkas cofficient
setting all farkas coefficients to 0
messed up a farkas cofficient
setting all farkas coefficients to 0
messed up a farkas cofficient
setting all farkas coefficients to 0
messed up a farkas cofficient
setting all farkas coefficients to 0
messed up a farkas cofficient
setting all farkas coefficients to 0
messed up a farkas cofficient
setting all farkas coefficients to 0
messed up a farkas cofficient
setting all farkas coefficients to 0
messed up a farkas cofficient
setting all farkas coefficients to 0
messed up a farkas cofficient
setting all farkas coefficients to 0
messed up a farkas cofficient
setting all farkas coefficients to 0
messed up a farkas cofficient
setting all farkas coefficients to 0
messed up a farkas cofficient
setting all farkas coefficients to 0
messed up a farkas cofficient
setting all farkas coefficients to 0
messed up a farkas cofficient
setting all farkas coefficients to 0
messed up a farkas cofficient
setting all farkas coefficients to 0
messed up a farkas cofficient
setting all farkas coefficients to 0
messed up a farkas cofficient
setting all farkas coefficients to 0
messed up a farkas cofficient
setting all farkas coefficients to 0
messed up a farkas cofficient
setting all farkas coefficients to 0
messed up a farkas cofficient
setting all farkas coefficients to 0
messed up a farkas cofficient
setting all farkas coefficients to 0
messed up a farkas cofficient
setting all farkas coefficients to 0
messed up a farkas cofficient
setting all farkas coefficients to 0
messed up a farkas cofficient
setting all farkas coefficients to 0
messed up a farkas cofficient
setting all farkas coefficients to 0
messed up a farkas cofficient
setting all farkas coefficients to 0
messed up a farkas cofficient
setting all farkas coefficients to 0
messed up a farkas cofficient
setting all farkas coefficients to 0
messed up a farkas cofficient
setting all farkas coefficients to 0
messed up a farkas cofficient
setting all farkas coefficients to 0
messed up a farkas cofficient
setting all farkas coefficients to 0
messed up a farkas cofficient
setting all farkas coefficients to 0
messed up a farkas cofficient
setting all farkas coefficients to 0
messed up a farkas cofficient
setting all farkas coefficients to 0
messed up a farkas cofficient
setting all farkas coefficients to 0
messed up a farkas cofficient
setting all farkas coefficients to 0
messed up a farkas cofficient
setting all farkas coefficients to 0
messed up a farkas cofficient
setting all farkas coefficients to 0
messed up a farkas cofficient
setting all farkas coefficients to 0
messed up a farkas cofficient
setting all farkas coefficients to 0
messed up a farkas cofficient
setting all farkas coefficients to 0
messed up a farkas cofficient
setting all farkas coefficients to 0
messed up a farkas cofficient
setting all farkas coefficients to 0
messed up a farkas cofficient
setting all farkas coefficients to 0
messed up a farkas cofficient
setting all farkas coefficients to 0
messed up a farkas cofficient
setting all farkas coefficients to 0
messed up a farkas cofficient
setting all farkas coefficients to 0
messed up a farkas cofficient
setting all farkas coefficients to 0
messed up a farkas cofficient
setting all farkas coefficients to 0
messed up a farkas cofficient
setting all farkas coefficients to 0
messed up a farkas cofficient
setting all farkas coefficients to 0
messed up a farkas cofficient
setting all farkas coefficients to 0
messed up a farkas cofficient
setting all farkas coefficients to 0
messed up a farkas cofficient
setting all farkas coefficients to 0
messed up a farkas cofficient
setting all farkas coefficients to 0
messed up a farkas cofficient
setting all farkas coefficients to 0
messed up a farkas cofficient
setting all farkas coefficients to 0
messed up a farkas cofficient
setting all farkas coefficients to 0
messed up a farkas cofficient
setting all farkas coefficients to 0
messed up a farkas cofficient
setting all farkas coefficients to 0
messed up a farkas cofficient
setting all farkas coefficients to 0
messed up a farkas cofficient
setting all farkas coefficients to 0
messed up a farkas cofficient
setting all farkas coefficients to 0
messed up a farkas cofficient
setting all farkas coefficients to 0
messed up a farkas cofficient
setting all farkas coefficients to 0
messed up a farkas cofficient
setting all farkas coefficients to 0
messed up a farkas cofficient
setting all farkas coefficients to 0
messed up a farkas cofficient
setting all farkas coefficients to 0
messed up a farkas cofficient
setting all farkas coefficients to 0
messed up a farkas cofficient
setting all farkas coefficients to 0
messed up a farkas cofficient
setting all farkas coefficients to 0
messed up a farkas cofficient
setting all farkas coefficients to 0
messed up a farkas cofficient
setting all farkas coefficients to 0
messed up a farkas cofficient
setting all farkas coefficients to 0
messed up a farkas cofficient
setting all farkas coefficients to 0
messed up a farkas cofficient
setting all farkas coefficients to 0
messed up a farkas cofficient
setting all farkas coefficients to 0
messed up a farkas cofficient
setting all farkas coefficients to 0
messed up a farkas cofficient
setting all farkas coefficients to 0
messed up a farkas cofficient
setting all farkas coefficients to 0
messed up a farkas cofficient
setting all farkas coefficients to 0
messed up a farkas cofficient
setting all farkas coefficients to 0
messed up a farkas cofficient
setting all farkas coefficients to 0
messed up a farkas cofficient
setting all farkas coefficients to 0
messed up a farkas cofficient
setting all farkas coefficients to 0
messed up a farkas cofficient
setting all farkas coefficients to 0
messed up a farkas cofficient
setting all farkas coefficients to 0
messed up a farkas cofficient
setting all farkas coefficients to 0
messed up a farkas cofficient
setting all farkas coefficients to 0
messed up a farkas cofficient
setting all farkas coefficients to 0
messed up a farkas cofficient
setting all farkas coefficients to 0
messed up a farkas cofficient
setting all farkas coefficients to 0
messed up a farkas cofficient
setting all farkas coefficients to 0
messed up a farkas cofficient
setting all farkas coefficients to 0
messed up a farkas cofficient
setting all farkas coefficients to 0
messed up a farkas cofficient
setting all farkas coefficients to 0
messed up a farkas cofficient
setting all farkas coefficients to 0
messed up a farkas cofficient
setting all farkas coefficients to 0
messed up a farkas cofficient
setting all farkas coefficients to 0
messed up a farkas cofficient
setting all farkas coefficients to 0
messed up a farkas cofficient
setting all farkas coefficients to 0
messed up a farkas cofficient
setting all farkas coefficients to 0
messed up a farkas cofficient
setting all farkas coefficients to 0
messed up a farkas cofficient
setting all farkas coefficients to 0
messed up a farkas cofficient
setting all farkas coefficients to 0
messed up a farkas cofficient
setting all farkas coefficients to 0
messed up a farkas cofficient
setting all farkas coefficients to 0
messed up a farkas cofficient
setting all farkas coefficients to 0
messed up a farkas cofficient
setting all farkas coefficients to 0
messed up a farkas cofficient
setting all farkas coefficients to 0
messed up a farkas cofficient
setting all farkas coefficients to 0
messed up a farkas cofficient
setting all farkas coefficients to 0
messed up a farkas cofficient
setting all farkas coefficients to 0
messed up a farkas cofficient
setting all farkas coefficients to 0
messed up a farkas cofficient
setting all farkas coefficients to 0
messed up a farkas cofficient
setting all farkas coefficients to 0
messed up a farkas cofficient
setting all farkas coefficients to 0
messed up a farkas cofficient
setting all farkas coefficients to 0
messed up a farkas cofficient
setting all farkas coefficients to 0
messed up a farkas cofficient
setting all farkas coefficients to 0
messed up a farkas cofficient
setting all farkas coefficients to 0
messed up a farkas cofficient
setting all farkas coefficients to 0
messed up a farkas cofficient
setting all farkas coefficients to 0
messed up a farkas cofficient
setting all farkas coefficients to 0
messed up a farkas cofficient
setting all farkas coefficients to 0
messed up a farkas cofficient
setting all farkas coefficients to 0
messed up a farkas cofficient
setting all farkas coefficients to 0
messed up a farkas cofficient
setting all farkas coefficients to 0
messed up a farkas cofficient
setting all farkas coefficients to 0
messed up a farkas cofficient
setting all farkas coefficients to 0
messed up a farkas cofficient
setting all farkas coefficients to 0
messed up a farkas cofficient
setting all farkas coefficients to 0
messed up a farkas cofficient
setting all farkas coefficients to 0
messed up a farkas cofficient
setting all farkas coefficients to 0
messed up a farkas cofficient
setting all farkas coefficients to 0
messed up a farkas cofficient
setting all farkas coefficients to 0
messed up a farkas cofficient
setting all farkas coefficients to 0
messed up a farkas cofficient
setting all farkas coefficients to 0
messed up a farkas cofficient
setting all farkas coefficients to 0
messed up a farkas cofficient
setting all farkas coefficients to 0
messed up a farkas cofficient
setting all farkas coefficients to 0
messed up a farkas cofficient
setting all farkas coefficients to 0
messed up a farkas cofficient
setting all farkas coefficients to 0
messed up a farkas cofficient
setting all farkas coefficients to 0
messed up a farkas cofficient
setting all farkas coefficients to 0
messed up a farkas cofficient
setting all farkas coefficients to 0
messed up a farkas cofficient
setting all farkas coefficients to 0
messed up a farkas cofficient
setting all farkas coefficients to 0
messed up a farkas cofficient
setting all farkas coefficients to 0
messed up a farkas cofficient
setting all farkas coefficients to 0
messed up a farkas cofficient
setting all farkas coefficients to 0
messed up a farkas cofficient
setting all farkas coefficients to 0
messed up a farkas cofficient
setting all farkas coefficients to 0
messed up a farkas cofficient
setting all farkas coefficients to 0
messed up a farkas cofficient
setting all farkas coefficients to 0
messed up a farkas cofficient
setting all farkas coefficients to 0
messed up a farkas cofficient
setting all farkas coefficients to 0
messed up a farkas cofficient
setting all farkas coefficients to 0
messed up a farkas cofficient
setting all farkas coefficients to 0
messed up a farkas cofficient
setting all farkas coefficients to 0
messed up a farkas cofficient
setting all farkas coefficients to 0
messed up a farkas cofficient
setting all farkas coefficients to 0
messed up a farkas cofficient
setting all farkas coefficients to 0
messed up a farkas cofficient
setting all farkas coefficients to 0
messed up a farkas cofficient
setting all farkas coefficients to 0
messed up a farkas cofficient
setting all farkas coefficients to 0
messed up a farkas cofficient
setting all farkas coefficients to 0
messed up a farkas cofficient
setting all farkas coefficients to 0
messed up a farkas cofficient
setting all farkas coefficients to 0
messed up a farkas cofficient
setting all farkas coefficients to 0
messed up a farkas cofficient
setting all farkas coefficients to 0
messed up a farkas cofficient
setting all farkas coefficients to 0
messed up a farkas cofficient
setting all farkas coefficients to 0
messed up a farkas cofficient
setting all farkas coefficients to 0
messed up a farkas cofficient
setting all farkas coefficients to 0
messed up a farkas cofficient
setting all farkas coefficients to 0
messed up a farkas cofficient
setting all farkas coefficients to 0
messed up a farkas cofficient
setting all farkas coefficients to 0
messed up a farkas cofficient
setting all farkas coefficients to 0
messed up a farkas cofficient
setting all farkas coefficients to 0
messed up a farkas cofficient
setting all farkas coefficients to 0
messed up a farkas cofficient
setting all farkas coefficients to 0
messed up a farkas cofficient
setting all farkas coefficients to 0
messed up a farkas cofficient
setting all farkas coefficients to 0
messed up a farkas cofficient
setting all farkas coefficients to 0
messed up a farkas cofficient
setting all farkas coefficients to 0
messed up a farkas cofficient
setting all farkas coefficients to 0
messed up a farkas cofficient
setting all farkas coefficients to 0
messed up a farkas cofficient
setting all farkas coefficients to 0
messed up a farkas cofficient
setting all farkas coefficients to 0
messed up a farkas cofficient
setting all farkas coefficients to 0
messed up a farkas cofficient
setting all farkas coefficients to 0
messed up a farkas cofficient
setting all farkas coefficients to 0
messed up a farkas cofficient
setting all farkas coefficients to 0
messed up a farkas cofficient
setting all farkas coefficients to 0
messed up a farkas cofficient
setting all farkas coefficients to 0
messed up a farkas cofficient
setting all farkas coefficients to 0
messed up a farkas cofficient
setting all farkas coefficients to 0
messed up a farkas cofficient
setting all farkas coefficients to 0
messed up a farkas cofficient
setting all farkas coefficients to 0
messed up a farkas cofficient
setting all farkas coefficients to 0
messed up a farkas cofficient
setting all farkas coefficients to 0
messed up a farkas cofficient
setting all farkas coefficients to 0
messed up a farkas cofficient
setting all farkas coefficients to 0
messed up a farkas cofficient
setting all farkas coefficients to 0
messed up a farkas cofficient
setting all farkas coefficients to 0
messed up a farkas cofficient
setting all farkas coefficients to 0
messed up a farkas cofficient
setting all farkas coefficients to 0
messed up a farkas cofficient
setting all farkas coefficients to 0
messed up a farkas cofficient
setting all farkas coefficients to 0
messed up a farkas cofficient
setting all farkas coefficients to 0
messed up a farkas cofficient
setting all farkas coefficients to 0
messed up a farkas cofficient
setting all farkas coefficients to 0
messed up a farkas cofficient
setting all farkas coefficients to 0
messed up a farkas cofficient
setting all farkas coefficients to 0
messed up a farkas cofficient
setting all farkas coefficients to 0
messed up a farkas cofficient
setting all farkas coefficients to 0
messed up a farkas cofficient
setting all farkas coefficients to 0
messed up a farkas cofficient
setting all farkas coefficients to 0
messed up a farkas cofficient
setting all farkas coefficients to 0
messed up a farkas cofficient
setting all farkas coefficients to 0
messed up a farkas cofficient
setting all farkas coefficients to 0
messed up a farkas cofficient
setting all farkas coefficients to 0
messed up a farkas cofficient
setting all farkas coefficients to 0
messed up a farkas cofficient
setting all farkas coefficients to 0
messed up a farkas cofficient
setting all farkas coefficients to 0
messed up a farkas cofficient
setting all farkas coefficients to 0
messed up a farkas cofficient
setting all farkas coefficients to 0
messed up a farkas cofficient
setting all farkas coefficients to 0
messed up a farkas cofficient
setting all farkas coefficients to 0
messed up a farkas cofficient
setting all farkas coefficients to 0
messed up a farkas cofficient
setting all farkas coefficients to 0
messed up a farkas cofficient
setting all farkas coefficients to 0
messed up a farkas cofficient
setting all farkas coefficients to 0
messed up a farkas cofficient
setting all farkas coefficients to 0
messed up a farkas cofficient
setting all farkas coefficients to 0
messed up a farkas cofficient
setting all farkas coefficients to 0
messed up a farkas cofficient
setting all farkas coefficients to 0
messed up a farkas cofficient
setting all farkas coefficients to 0
messed up a farkas cofficient
setting all farkas coefficients to 0
messed up a farkas cofficient
setting all farkas coefficients to 0
messed up a farkas cofficient
setting all farkas coefficients to 0
messed up a farkas cofficient
setting all farkas coefficients to 0
messed up a farkas cofficient
setting all farkas coefficients to 0
messed up a farkas cofficient
setting all farkas coefficients to 0
messed up a farkas cofficient
setting all farkas coefficients to 0
messed up a farkas cofficient
setting all farkas coefficients to 0
messed up a farkas cofficient
setting all farkas coefficients to 0
messed up a farkas cofficient
setting all farkas coefficients to 0
messed up a farkas cofficient
setting all farkas coefficients to 0
messed up a farkas cofficient
setting all farkas coefficients to 0
messed up a farkas cofficient
setting all farkas coefficients to 0
messed up a farkas cofficient
setting all farkas coefficients to 0
messed up a farkas cofficient
setting all farkas coefficients to 0
messed up a farkas cofficient
setting all farkas coefficients to 0
messed up a farkas cofficient
setting all farkas coefficients to 0
messed up a farkas cofficient
setting all farkas coefficients to 0
messed up a farkas cofficient
setting all farkas coefficients to 0
messed up a farkas cofficient
setting all farkas coefficients to 0
messed up a farkas cofficient
setting all farkas coefficients to 0
messed up a farkas cofficient
setting all farkas coefficients to 0
messed up a farkas cofficient
setting all farkas coefficients to 0
messed up a farkas cofficient
setting all farkas coefficients to 0
messed up a farkas cofficient
setting all farkas coefficients to 0
messed up a farkas cofficient
setting all farkas coefficients to 0
messed up a farkas cofficient
setting all farkas coefficients to 0
messed up a farkas cofficient
setting all farkas coefficients to 0
messed up a farkas cofficient
setting all farkas coefficients to 0
messed up a farkas cofficient
setting all farkas coefficients to 0
messed up a farkas cofficient
setting all farkas coefficients to 0
messed up a farkas cofficient
setting all farkas coefficients to 0
messed up a farkas cofficient
setting all farkas coefficients to 0
messed up a farkas cofficient
setting all farkas coefficients to 0
messed up a farkas cofficient
setting all farkas coefficients to 0
messed up a farkas cofficient
setting all farkas coefficients to 0
messed up a farkas cofficient
setting all farkas coefficients to 0
messed up a farkas cofficient
setting all farkas coefficients to 0
messed up a farkas cofficient
setting all farkas coefficients to 0
messed up a farkas cofficient
setting all farkas coefficients to 0
messed up a farkas cofficient
setting all farkas coefficients to 0
messed up a farkas cofficient
setting all farkas coefficients to 0
messed up a farkas cofficient
setting all farkas coefficients to 0
messed up a farkas cofficient
setting all farkas coefficients to 0
messed up a farkas cofficient
setting all farkas coefficients to 0
*** WARNING (version #1531bee): /home/sek519/warm_starting/vws/../vpc/src/cut/CglVPC.cpp:683: Nonbasic reduced cost should be >= 0 in the complemented nonbasic space. However, for nb var 3428 (real var 7096), it is -3.581214e-07. Small enough error that we only send warning.
*** WARNING (version #1531bee): /home/sek519/warm_starting/vws/../vpc/src/utility/nbspace.cpp:354: Ray 7096: dot product with obj < 0. Obj viol from solver: -0.00000036. Calculated: -0.00000036.
*** WARNING (version #1531bee): /home/sek519/warm_starting/vws/../vpc/src/cut/CglVPC.cpp:1244: Term 2 ray 3428 does not satisfy the objective cut. Activity: -0.00000036. RHS: 0.00000000. Small enough violation that we only send a warning.
*** WARNING (version #1531bee): /home/sek519/warm_starting/vws/../vpc/src/cut/CglVPC.cpp:683: Nonbasic reduced cost should be >= 0 in the complemented nonbasic space. However, for nb var 2716 (real var 5557), it is -1.081208e-07. Small enough error that we only send warning.
*** WARNING (version #1531bee): /home/sek519/warm_starting/vws/../vpc/src/utility/nbspace.cpp:354: Ray 5557: dot product with obj < 0. Obj viol from solver: -0.00000011. Calculated: -0.00000011.
*** WARNING (version #1531bee): /home/sek519/warm_starting/vws/../vpc/src/cut/CglVPC.cpp:1244: Term 16 ray 2716 does not satisfy the objective cut. Activity: -0.00000011. RHS: 0.00000000. Small enough violation that we only send a warning.
*** WARNING (version #1531bee): /home/sek519/warm_starting/vws/../vpc/src/cut/CglVPC.cpp:683: Nonbasic reduced cost should be >= 0 in the complemented nonbasic space. However, for nb var 3244 (real var 6726), it is -2.041331e-07. Small enough error that we only send warning.
*** WARNING (version #1531bee): /home/sek519/warm_starting/vws/../vpc/src/cut/CglVPC.cpp:683: Nonbasic reduced cost should be >= 0 in the complemented nonbasic space. However, for nb var 3621 (real var 7427), it is -4.203139e-07. Small enough error that we only send warning.
*** WARNING (version #1531bee): /home/sek519/warm_starting/vws/../vpc/src/utility/nbspace.cpp:354: Ray 6726: dot product with obj < 0. Obj viol from solver: -0.00000020. Calculated: -0.00000020.
*** WARNING (version #1531bee): /home/sek519/warm_starting/vws/../vpc/src/cut/CglVPC.cpp:1244: Term 19 ray 3244 does not satisfy the objective cut. Activity: -0.00000020. RHS: 0.00000000. Small enough violation that we only send a warning.
*** WARNING (version #1531bee): /home/sek519/warm_starting/vws/../vpc/src/utility/nbspace.cpp:354: Ray 7427: dot product with obj < 0. Obj viol from solver: -0.00000042. Calculated: -0.00000042.
*** WARNING (version #1531bee): /home/sek519/warm_starting/vws/../vpc/src/cut/CglVPC.cpp:1244: Term 19 ray 3621 does not satisfy the objective cut. Activity: -0.00000042. RHS: 0.00000000. Small enough violation that we only send a warning.
*** WARNING (version #1531bee): /home/sek519/warm_starting/vws/../vpc/src/cut/CglVPC.cpp:683: Nonbasic reduced cost should be >= 0 in the complemented nonbasic space. However, for nb var 2837 (real var 5981), it is -1.477796e-07. Small enough error that we only send warning.
*** WARNING (version #1531bee): /home/sek519/warm_starting/vws/../vpc/src/utility/nbspace.cpp:354: Ray 5981: dot product with obj < 0. Obj viol from solver: -0.00000015. Calculated: -0.00000015.
*** WARNING (version #1531bee): /home/sek519/warm_starting/vws/../vpc/src/cut/CglVPC.cpp:1244: Term 20 ray 2837 does not satisfy the objective cut. Activity: -0.00000015. RHS: 0.00000000. Small enough violation that we only send a warning.
*** WARNING (version #1531bee): /home/sek519/warm_starting/vws/../vpc/src/cut/CglVPC.cpp:683: Nonbasic reduced cost should be >= 0 in the complemented nonbasic space. However, for nb var 3216 (real var 6467), it is -2.964790e-07. Small enough error that we only send warning.
*** WARNING (version #1531bee): /home/sek519/warm_starting/vws/../vpc/src/utility/nbspace.cpp:354: Ray 6467: dot product with obj < 0. Obj viol from solver: -0.00000030. Calculated: -0.00000030.
*** WARNING (version #1531bee): /home/sek519/warm_starting/vws/../vpc/src/cut/CglVPC.cpp:1244: Term 32 ray 3216 does not satisfy the objective cut. Activity: -0.00000030. RHS: 0.00000000. Small enough violation that we only send a warning.
*** WARNING (version #1531bee): /home/sek519/warm_starting/vws/../vpc/src/cut/CglVPC.cpp:683: Nonbasic reduced cost should be >= 0 in the complemented nonbasic space. However, for nb var 3221 (real var 6726), it is -2.041318e-07. Small enough error that we only send warning.
*** WARNING (version #1531bee): /home/sek519/warm_starting/vws/../vpc/src/utility/nbspace.cpp:354: Ray 6726: dot product with obj < 0. Obj viol from solver: -0.00000020. Calculated: -0.00000020.
*** WARNING (version #1531bee): /home/sek519/warm_starting/vws/../vpc/src/cut/CglVPC.cpp:1244: Term 40 ray 3221 does not satisfy the objective cut. Activity: -0.00000020. RHS: 0.00000000. Small enough violation that we only send a warning.
*** WARNING (version #1531bee): /home/sek519/warm_starting/vws/../vpc/src/cut/CglVPC.cpp:683: Nonbasic reduced cost should be >= 0 in the complemented nonbasic space. However, for nb var 3229 (real var 6676), it is -2.142000e-07. Small enough error that we only send warning.
*** WARNING (version #1531bee): /home/sek519/warm_starting/vws/../vpc/src/utility/nbspace.cpp:354: Ray 6676: dot product with obj < 0. Obj viol from solver: -0.00000021. Calculated: -0.00000021.
*** WARNING (version #1531bee): /home/sek519/warm_starting/vws/../vpc/src/cut/CglVPC.cpp:1244: Term 46 ray 3229 does not satisfy the objective cut. Activity: -0.00000021. RHS: 0.00000000. Small enough violation that we only send a warning.
*** WARNING (version #1531bee): /home/sek519/warm_starting/vws/../vpc/src/cut/CglVPC.cpp:683: Nonbasic reduced cost should be >= 0 in the complemented nonbasic space. However, for nb var 3498 (real var 7227), it is -2.743185e-07. Small enough error that we only send warning.
*** WARNING (version #1531bee): /home/sek519/warm_starting/vws/../vpc/src/cut/CglVPC.cpp:683: Nonbasic reduced cost should be >= 0 in the complemented nonbasic space. However, for nb var 3530 (real var 7298), it is -2.743185e-07. Small enough error that we only send warning.
*** WARNING (version #1531bee): /home/sek519/warm_starting/vws/../vpc/src/utility/nbspace.cpp:354: Ray 7227: dot product with obj < 0. Obj viol from solver: -0.00000027. Calculated: -0.00000027.
*** WARNING (version #1531bee): /home/sek519/warm_starting/vws/../vpc/src/cut/CglVPC.cpp:1244: Term 51 ray 3498 does not satisfy the objective cut. Activity: -0.00000027. RHS: 0.00000000. Small enough violation that we only send a warning.
*** WARNING (version #1531bee): /home/sek519/warm_starting/vws/../vpc/src/utility/nbspace.cpp:354: Ray 7298: dot product with obj < 0. Obj viol from solver: -0.00000027. Calculated: -0.00000027.
*** WARNING (version #1531bee): /home/sek519/warm_starting/vws/../vpc/src/cut/CglVPC.cpp:1244: Term 51 ray 3530 does not satisfy the objective cut. Activity: -0.00000027. RHS: 0.00000000. Small enough violation that we only send a warning.
*** WARNING (version #1531bee): /home/sek519/warm_starting/vws/../vpc/src/cut/CglVPC.cpp:683: Nonbasic reduced cost should be >= 0 in the complemented nonbasic space. However, for nb var 2785 (real var 5783), it is -2.142000e-07. Small enough error that we only send warning.
*** WARNING (version #1531bee): /home/sek519/warm_starting/vws/../vpc/src/utility/nbspace.cpp:354: Ray 5783: dot product with obj < 0. Obj viol from solver: -0.00000021. Calculated: -0.00000021.
*** WARNING (version #1531bee): /home/sek519/warm_starting/vws/../vpc/src/cut/CglVPC.cpp:1244: Term 52 ray 2785 does not satisfy the objective cut. Activity: -0.00000021. RHS: 0.00000000. Small enough violation that we only send a warning.
*** WARNING (version #1531bee): /home/sek519/warm_starting/vws/../vpc/src/cut/CglVPC.cpp:683: Nonbasic reduced cost should be >= 0 in the complemented nonbasic space. However, for nb var 3225 (real var 6633), it is -2.143051e-07. Small enough error that we only send warning.
*** WARNING (version #1531bee): /home/sek519/warm_starting/vws/../vpc/src/utility/nbspace.cpp:354: Ray 6633: dot product with obj < 0. Obj viol from solver: -0.00000021. Calculated: -0.00000021.
*** WARNING (version #1531bee): /home/sek519/warm_starting/vws/../vpc/src/cut/CglVPC.cpp:1244: Term 53 ray 3225 does not satisfy the objective cut. Activity: -0.00000021. RHS: 0.00000000. Small enough violation that we only send a warning.
*** WARNING (version #1531bee): /home/sek519/warm_starting/vws/../vpc/src/cut/CglVPC.cpp:683: Nonbasic reduced cost should be >= 0 in the complemented nonbasic space. However, for nb var 2761 (real var 5783), it is -2.142000e-07. Small enough error that we only send warning.
*** WARNING (version #1531bee): /home/sek519/warm_starting/vws/../vpc/src/cut/CglVPC.cpp:683: Nonbasic reduced cost should be >= 0 in the complemented nonbasic space. However, for nb var 2788 (real var 5853), it is -2.142000e-07. Small enough error that we only send warning.
*** WARNING (version #1531bee): /home/sek519/warm_starting/vws/../vpc/src/utility/nbspace.cpp:354: Ray 5783: dot product with obj < 0. Obj viol from solver: -0.00000021. Calculated: -0.00000021.
*** WARNING (version #1531bee): /home/sek519/warm_starting/vws/../vpc/src/cut/CglVPC.cpp:1244: Term 54 ray 2761 does not satisfy the objective cut. Activity: -0.00000021. RHS: 0.00000000. Small enough violation that we only send a warning.
*** WARNING (version #1531bee): /home/sek519/warm_starting/vws/../vpc/src/utility/nbspace.cpp:354: Ray 5853: dot product with obj < 0. Obj viol from solver: -0.00000021. Calculated: -0.00000021.
*** WARNING (version #1531bee): /home/sek519/warm_starting/vws/../vpc/src/cut/CglVPC.cpp:1244: Term 54 ray 2788 does not satisfy the objective cut. Activity: -0.00000021. RHS: 0.00000000. Small enough violation that we only send a warning.
*** WARNING (version #1531bee): /home/sek519/warm_starting/vws/../vpc/src/cut/PRLP.cpp:392: PRLP took too long to solve (65.336000 sec, with limit of 60.000000 sec); giving up on this point-ray collection.
*** WARNING (version #1531bee): /home/sek519/warm_starting/vws/../vpc/src/cut/CglVPC.cpp:683: Nonbasic reduced cost should be >= 0 in the complemented nonbasic space. However, for nb var 2865 (real var 5962), it is -5.371949e-07. Small enough error that we only send warning.
*** WARNING (version #1531bee): /home/sek519/warm_starting/vws/../vpc/src/utility/nbspace.cpp:354: Ray 5962: dot product with obj < 0. Obj viol from solver: -0.00000054. Calculated: -0.00000054.
*** WARNING (version #1531bee): /home/sek519/warm_starting/vws/../vpc/src/cut/CglVPC.cpp:1244: Term 2 ray 2865 does not satisfy the objective cut. Activity: -0.00000054. RHS: 0.00000000. Small enough violation that we only send a warning.
*** WARNING (version #1531bee): /home/sek519/warm_starting/vws/../vpc/src/cut/CglVPC.cpp:683: Nonbasic reduced cost should be >= 0 in the complemented nonbasic space. However, for nb var 3507 (real var 7243), it is -1.980199e-07. Small enough error that we only send warning.
*** WARNING (version #1531bee): /home/sek519/warm_starting/vws/../vpc/src/utility/nbspace.cpp:354: Ray 7243: dot product with obj < 0. Obj viol from solver: -0.00000020. Calculated: -0.00000020.
*** WARNING (version #1531bee): /home/sek519/warm_starting/vws/../vpc/src/cut/CglVPC.cpp:1244: Term 23 ray 3507 does not satisfy the objective cut. Activity: -0.00000020. RHS: 0.00000000. Small enough violation that we only send a warning.
*** WARNING (version #1531bee): /home/sek519/warm_starting/vws/../vpc/src/cut/CglVPC.cpp:683: Nonbasic reduced cost should be >= 0 in the complemented nonbasic space. However, for nb var 2830 (real var 5996), it is -2.955593e-07. Small enough error that we only send warning.
*** WARNING (version #1531bee): /home/sek519/warm_starting/vws/../vpc/src/cut/CglVPC.cpp:683: Nonbasic reduced cost should be >= 0 in the complemented nonbasic space. However, for nb var 3289 (real var 6953), it is -1.687640e-07. Small enough error that we only send warning.
*** WARNING (version #1531bee): /home/sek519/warm_starting/vws/../vpc/src/utility/nbspace.cpp:354: Ray 5996: dot product with obj < 0. Obj viol from solver: -0.00000030. Calculated: -0.00000030.
*** WARNING (version #1531bee): /home/sek519/warm_starting/vws/../vpc/src/cut/CglVPC.cpp:1244: Term 24 ray 2830 does not satisfy the objective cut. Activity: -0.00000030. RHS: 0.00000000. Small enough violation that we only send a warning.
*** WARNING (version #1531bee): /home/sek519/warm_starting/vws/../vpc/src/utility/nbspace.cpp:354: Ray 6953: dot product with obj < 0. Obj viol from solver: -0.00000017. Calculated: -0.00000017.
*** WARNING (version #1531bee): /home/sek519/warm_starting/vws/../vpc/src/cut/CglVPC.cpp:1244: Term 24 ray 3289 does not satisfy the objective cut. Activity: -0.00000017. RHS: 0.00000000. Small enough violation that we only send a warning.
*** WARNING (version #1531bee): /home/sek519/warm_starting/vws/../vpc/src/cut/CglVPC.cpp:683: Nonbasic reduced cost should be >= 0 in the complemented nonbasic space. However, for nb var 3499 (real var 7219), it is -2.973339e-07. Small enough error that we only send warning.
*** WARNING (version #1531bee): /home/sek519/warm_starting/vws/../vpc/src/utility/nbspace.cpp:354: Ray 7219: dot product with obj < 0. Obj viol from solver: -0.00000030. Calculated: -0.00000030.
*** WARNING (version #1531bee): /home/sek519/warm_starting/vws/../vpc/src/cut/CglVPC.cpp:1244: Term 31 ray 3499 does not satisfy the objective cut. Activity: -0.00000030. RHS: 0.00000000. Small enough violation that we only send a warning.
*** WARNING (version #1531bee): /home/sek519/warm_starting/vws/../vpc/src/cut/CglVPC.cpp:683: Nonbasic reduced cost should be >= 0 in the complemented nonbasic space. However, for nb var 3220 (real var 6666), it is -3.600191e-07. Small enough error that we only send warning.
*** WARNING (version #1531bee): /home/sek519/warm_starting/vws/../vpc/src/utility/nbspace.cpp:354: Ray 6666: dot product with obj < 0. Obj viol from solver: -0.00000036. Calculated: -0.00000036.
*** WARNING (version #1531bee): /home/sek519/warm_starting/vws/../vpc/src/cut/CglVPC.cpp:1244: Term 32 ray 3220 does not satisfy the objective cut. Activity: -0.00000036. RHS: 0.00000000. Small enough violation that we only send a warning.
*** WARNING (version #1531bee): /home/sek519/warm_starting/vws/../vpc/src/cut/CglVPC.cpp:683: Nonbasic reduced cost should be >= 0 in the complemented nonbasic space. However, for nb var 2785 (real var 5757), it is -2.797303e-07. Small enough error that we only send warning.
*** WARNING (version #1531bee): /home/sek519/warm_starting/vws/../vpc/src/utility/nbspace.cpp:354: Ray 5757: dot product with obj < 0. Obj viol from solver: -0.00000028. Calculated: -0.00000028.
*** WARNING (version #1531bee): /home/sek519/warm_starting/vws/../vpc/src/cut/CglVPC.cpp:1244: Term 33 ray 2785 does not satisfy the objective cut. Activity: -0.00000028. RHS: 0.00000000. Small enough violation that we only send a warning.
*** WARNING (version #1531bee): /home/sek519/warm_starting/vws/../vpc/src/cut/CglVPC.cpp:683: Nonbasic reduced cost should be >= 0 in the complemented nonbasic space. However, for nb var 3187 (real var 6405), it is -3.013611e-07. Small enough error that we only send warning.
*** WARNING (version #1531bee): /home/sek519/warm_starting/vws/../vpc/src/utility/nbspace.cpp:354: Ray 6405: dot product with obj < 0. Obj viol from solver: -0.00000030. Calculated: -0.00000030.
*** WARNING (version #1531bee): /home/sek519/warm_starting/vws/../vpc/src/cut/CglVPC.cpp:1244: Term 47 ray 3187 does not satisfy the objective cut. Activity: -0.00000030. RHS: 0.00000000. Small enough violation that we only send a warning.
*** WARNING (version #1531bee): /home/sek519/warm_starting/vws/../vpc/src/cut/CglVPC.cpp:683: Nonbasic reduced cost should be >= 0 in the complemented nonbasic space. However, for nb var 2836 (real var 5980), it is -6.433718e-07. Small enough error that we only send warning.
*** WARNING (version #1531bee): /home/sek519/warm_starting/vws/../vpc/src/cut/CglVPC.cpp:683: Nonbasic reduced cost should be >= 0 in the complemented nonbasic space. However, for nb var 3635 (real var 7446), it is -6.433718e-07. Small enough error that we only send warning.
*** WARNING (version #1531bee): /home/sek519/warm_starting/vws/../vpc/src/utility/nbspace.cpp:354: Ray 5980: dot product with obj < 0. Obj viol from solver: -0.00000064. Calculated: -0.00000064.
*** WARNING (version #1531bee): /home/sek519/warm_starting/vws/../vpc/src/cut/CglVPC.cpp:1244: Term 51 ray 2836 does not satisfy the objective cut. Activity: -0.00000064. RHS: 0.00000000. Small enough violation that we only send a warning.
*** WARNING (version #1531bee): /home/sek519/warm_starting/vws/../vpc/src/utility/nbspace.cpp:354: Ray 7446: dot product with obj < 0. Obj viol from solver: -0.00000064. Calculated: -0.00000064.
*** WARNING (version #1531bee): /home/sek519/warm_starting/vws/../vpc/src/cut/CglVPC.cpp:1244: Term 51 ray 3635 does not satisfy the objective cut. Activity: -0.00000064. RHS: 0.00000000. Small enough violation that we only send a warning.
*** WARNING (version #1531bee): /home/sek519/warm_starting/vws/../vpc/src/cut/CglVPC.cpp:683: Nonbasic reduced cost should be >= 0 in the complemented nonbasic space. However, for nb var 2735 (real var 5585), it is -1.305249e-07. Small enough error that we only send warning.
*** WARNING (version #1531bee): /home/sek519/warm_starting/vws/../vpc/src/utility/nbspace.cpp:354: Ray 5585: dot product with obj < 0. Obj viol from solver: -0.00000013. Calculated: -0.00000013.
*** WARNING (version #1531bee): /home/sek519/warm_starting/vws/../vpc/src/cut/CglVPC.cpp:1244: Term 55 ray 2735 does not satisfy the objective cut. Activity: -0.00000013. RHS: 0.00000000. Small enough violation that we only send a warning.
*** WARNING (version #1531bee): /home/sek519/warm_starting/vws/../vpc/src/cut/CglVPC.cpp:683: Nonbasic reduced cost should be >= 0 in the complemented nonbasic space. However, for nb var 2747 (real var 5577), it is -4.562849e-07. Small enough error that we only send warning.
*** WARNING (version #1531bee): /home/sek519/warm_starting/vws/../vpc/src/utility/nbspace.cpp:354: Ray 5577: dot product with obj < 0. Obj viol from solver: -0.00000046. Calculated: -0.00000046.
*** WARNING (version #1531bee): /home/sek519/warm_starting/vws/../vpc/src/cut/CglVPC.cpp:1244: Term 63 ray 2747 does not satisfy the objective cut. Activity: -0.00000046. RHS: 0.00000000. Small enough violation that we only send a warning.
*** WARNING (version #1531bee): /home/sek519/warm_starting/vws/../vpc/src/cut/PRLP.cpp:392: PRLP took too long to solve (63.312000 sec, with limit of 60.000000 sec); giving up on this point-ray collection.
terminate called after throwing an instance of 'std::bad_alloc'
  what():  std::bad_alloc
/var/spool/torque/mom_priv/jobs/1759739.polyp1.ie.lehigh.edu.SC: line 4: 24104 Aborted                 (core dumped) ../Release/vws ${INPUT_FOLDER} ${OUTPUT_FILE} ${MAX_TIME} ${GENERATOR} ${TERMS} ${MIP_SOLVER} ${PROVIDE_PRIMAL_BOUND}
