*** Error in `../Release/vws': double free or corruption (out): 0x0000562f22b46760 ***
======= Backtrace: =========
/lib/x86_64-linux-gnu/libc.so.6(+0x70bfb)[0x2b7d38bd8bfb]
/lib/x86_64-linux-gnu/libc.so.6(+0x76fc6)[0x2b7d38bdefc6]
/lib/x86_64-linux-gnu/libc.so.6(+0x7780e)[0x2b7d38bdf80e]
/home/sek519/warm_starting/vws/../vpc/lib/Cbc-trunk/build/lib/libClp.so.0(_Z12resizeDoublePdiidb+0x17d)[0x2b7d356c61bd]
/home/sek519/warm_starting/vws/../vpc/lib/Cbc-trunk/build/lib/libClp.so.0(_ZN8ClpModel6resizeEii+0x1114)[0x2b7d356ceb54]
/home/sek519/warm_starting/vws/../vpc/lib/Cbc-trunk/build/lib/libClp.so.0(_ZN10ClpSimplex6resizeEii+0xe)[0x2b7d3575377e]
/home/sek519/warm_starting/vws/../vpc/lib/Cbc-trunk/build/lib/libOsiClp.so.0(_ZN21OsiClpSolverInterface6addRowEiPKiPKddd+0x4f)[0x2b7d35279a2f]
../Release/vws(+0xc788b)[0x562f1ac3d88b]
../Release/vws(+0xc9f91)[0x562f1ac3ff91]
../Release/vws(+0x392fe)[0x562f1abaf2fe]
../Release/vws(+0x3b0f5)[0x562f1abb10f5]
../Release/vws(+0x54e9f)[0x562f1abcae9f]
../Release/vws(+0x315d8)[0x562f1aba75d8]
/lib/x86_64-linux-gnu/libc.so.6(__libc_start_main+0xf1)[0x2b7d38b882e1]
../Release/vws(+0x32a11)[0x562f1aba8a11]
======= Memory map: ========
2b7d3519c000-2b7d351bf000 r-xp 00000000 08:05 527455                     /lib/x86_64-linux-gnu/ld-2.24.so
2b7d351bf000-2b7d351c1000 rw-p 00000000 00:00 0 
2b7d351c1000-2b7d351c4000 r--p 00000000 00:2c 235724777                  /home/sek519/miniconda/envs/vws/lib/libz.so.1.2.13
2b7d351c4000-2b7d351d2000 r-xp 00003000 00:2c 235724777                  /home/sek519/miniconda/envs/vws/lib/libz.so.1.2.13
2b7d351d2000-2b7d351d9000 r--p 00011000 00:2c 235724777                  /home/sek519/miniconda/envs/vws/lib/libz.so.1.2.13
2b7d351d9000-2b7d351da000 r--p 00017000 00:2c 235724777                  /home/sek519/miniconda/envs/vws/lib/libz.so.1.2.13
2b7d351da000-2b7d351db000 rw-p 00018000 00:2c 235724777                  /home/sek519/miniconda/envs/vws/lib/libz.so.1.2.13
2b7d351db000-2b7d351dd000 r--p 00000000 00:2c 234676138                  /home/sek519/miniconda/envs/vws/lib/libbz2.so.1.0.8
2b7d351dd000-2b7d351eb000 r-xp 00002000 00:2c 234676138                  /home/sek519/miniconda/envs/vws/lib/libbz2.so.1.0.8
2b7d351eb000-2b7d351ed000 r--p 00010000 00:2c 234676138                  /home/sek519/miniconda/envs/vws/lib/libbz2.so.1.0.8
2b7d351ed000-2b7d351ee000 r--p 00011000 00:2c 234676138                  /home/sek519/miniconda/envs/vws/lib/libbz2.so.1.0.8
2b7d351ee000-2b7d351ef000 rw-p 00012000 00:2c 234676138                  /home/sek519/miniconda/envs/vws/lib/libbz2.so.1.0.8
2b7d351ef000-2b7d35207000 r--p 00000000 00:2c 234710701                  /home/sek519/miniconda/envs/vws/lib/libreadline.so.8.1
2b7d35207000-2b7d35232000 r-xp 00018000 00:2c 234710701                  /home/sek519/miniconda/envs/vws/lib/libreadline.so.8.1
2b7d35232000-2b7d3523c000 r--p 00043000 00:2c 234710701                  /home/sek519/miniconda/envs/vws/lib/libreadline.so.8.1
2b7d3523c000-2b7d3523f000 r--p 0004c000 00:2c 234710701                  /home/sek519/miniconda/envs/vws/lib/libreadline.so.8.1
2b7d3523f000-2b7d35245000 rw-p 0004f000 00:2c 234710701                  /home/sek519/miniconda/envs/vws/lib/libreadline.so.8.1
2b7d35245000-2b7d35246000 rw-p 00000000 00:00 0 
2b7d35246000-2b7d3525b000 r--p 00000000 00:2c 234489484                  /home/sek519/warm_starting/vpc/lib/Cbc-trunk/build/lib/libOsiClp.so.0.0.0
2b7d3525b000-2b7d3528b000 r-xp 00015000 00:2c 234489484                  /home/sek519/warm_starting/vpc/lib/Cbc-trunk/build/lib/libOsiClp.so.0.0.0
2b7d3528b000-2b7d35295000 r--p 00045000 00:2c 234489484                  /home/sek519/warm_starting/vpc/lib/Cbc-trunk/build/lib/libOsiClp.so.0.0.0
2b7d35295000-2b7d35297000 r--p 0004f000 00:2c 234489484                  /home/sek519/warm_starting/vpc/lib/Cbc-trunk/build/lib/libOsiClp.so.0.0.0
2b7d35297000-2b7d35298000 rw-p 00051000 00:2c 234489484                  /home/sek519/warm_starting/vpc/lib/Cbc-trunk/build/lib/libOsiClp.so.0.0.0
2b7d35298000-2b7d3529a000 rw-p 00000000 00:00 0 
2b7d3529a000-2b7d352c2000 r--p 00000000 00:2c 234489794                  /home/sek519/warm_starting/vpc/lib/Cbc-trunk/build/lib/libCgl.so.0.0.0
2b7d352c2000-2b7d35385000 r-xp 00028000 00:2c 234489794                  /home/sek519/warm_starting/vpc/lib/Cbc-trunk/build/lib/libCgl.so.0.0.0
2b7d35385000-2b7d353a5000 r--p 000eb000 00:2c 234489794                  /home/sek519/warm_starting/vpc/lib/Cbc-trunk/build/lib/libCgl.so.0.0.0
2b7d353a5000-2b7d353a7000 r--p 0010b000 00:2c 234489794                  /home/sek519/warm_starting/vpc/lib/Cbc-trunk/build/lib/libCgl.so.0.0.0
2b7d353a7000-2b7d353a9000 rw-p 0010d000 00:2c 234489794                  /home/sek519/warm_starting/vpc/lib/Cbc-trunk/build/lib/libCgl.so.0.0.0
2b7d353a9000-2b7d353b1000 rw-p 00000000 00:00 0 
2b7d353b1000-2b7d353b8000 r--s 00000000 08:06 1713796                    /usr/lib/x86_64-linux-gnu/gconv/gconv-modules.cache
2b7d353b8000-2b7d353b9000 rw-p 00000000 00:00 0 
2b7d353bf000-2b7d353c0000 r--p 00023000 08:05 527455                     /lib/x86_64-linux-gnu/ld-2.24.so
2b7d353c0000-2b7d353c1000 rw-p 00024000 08:05 527455                     /lib/x86_64-linux-gnu/ld-2.24.so
2b7d353c1000-2b7d353c2000 rw-p 00000000 00:00 0 
2b7d353c2000-2b7d35430000 r--p 00000000 00:2c 234490095                  /home/sek519/warm_starting/vpc/lib/Cbc-trunk/build/lib/libCbc.so.0.0.0
2b7d35430000-2b7d3557e000 r-xp 0006e000 00:2c 234490095                  /home/sek519/warm_starting/vpc/lib/Cbc-trunk/build/lib/libCbc.so.0.0.0
2b7d3557e000-2b7d355c9000 r--p 001bc000 00:2c 234490095                  /home/sek519/warm_starting/vpc/lib/Cbc-trunk/build/lib/libCbc.so.0.0.0
2b7d355c9000-2b7d355d5000 r--p 00207000 00:2c 234490095                  /home/sek519/warm_starting/vpc/lib/Cbc-trunk/build/lib/libCbc.so.0.0.0
2b7d355d5000-2b7d355d9000 rw-p 00213000 00:2c 234490095                  /home/sek519/warm_starting/vpc/lib/Cbc-trunk/build/lib/libCbc.so.0.0.0
2b7d355d9000-2b7d355f1000 r--p 00000000 00:2c 234489204                  /home/sek519/warm_starting/vpc/lib/Cbc-trunk/build/lib/libOsi.so.0.0.0
2b7d355f1000-2b7d35621000 r-xp 00018000 00:2c 234489204                  /home/sek519/warm_starting/vpc/lib/Cbc-trunk/build/lib/libOsi.so.0.0.0
2b7d35621000-2b7d35635000 r--p 00048000 00:2c 234489204                  /home/sek519/warm_starting/vpc/lib/Cbc-trunk/build/lib/libOsi.so.0.0.0
2b7d35635000-2b7d35637000 r--p 0005c000 00:2c 234489204                  /home/sek519/warm_starting/vpc/lib/Cbc-trunk/build/lib/libOsi.so.0.0.0
2b7d35637000-2b7d35638000 rw-p 0005e000 00:2c 234489204                  /home/sek519/warm_starting/vpc/lib/Cbc-trunk/build/lib/libOsi.so.0.0.0
2b7d35638000-2b7d35677000 r--p 00000000 00:2c 234489467                  /home/sek519/warm_starting/vpc/lib/Cbc-trunk/build/lib/libClp.so.0.0.0
2b7d35677000-2b7d35803000 r-xp 0003f000 00:2c 234489467                  /home/sek519/warm_starting/vpc/lib/Cbc-trunk/build/lib/libClp.so.0.0.0
2b7d35803000-2b7d35846000 r--p 001cb000 00:2c 234489467                  /home/sek519/warm_starting/vpc/lib/Cbc-trunk/build/lib/libClp.so.0.0.0
2b7d35846000-2b7d35849000 r--p 0020d000 00:2c 234489467                  /home/sek519/warm_starting/vpc/lib/Cbc-trunk/build/lib/libClp.so.0.0.0
2b7d35849000-2b7d3584d000 rw-p 00210000 00:2c 234489467                  /home/sek519/warm_starting/vpc/lib/Cbc-trunk/build/lib/libClp.so.0.0.0
2b7d3584d000-2b7d35887000 r--p 00000000 00:2c 234489064                  /home/sek519/warm_starting/vpc/lib/Cbc-trunk/build/lib/libCoinUtils.so.0.0.0
2b7d35887000-2b7d3596d000 r-xp 0003a000 00:2c 234489064                  /home/sek519/warm_starting/vpc/lib/Cbc-trunk/build/lib/libCoinUtils.so.0.0.0
2b7d3596d000-2b7d3599a000 r--p 00120000 00:2c 234489064                  /home/sek519/warm_starting/vpc/lib/Cbc-trunk/build/lib/libCoinUtils.so.0.0.0
2b7d3599a000-2b7d3599d000 r--p 0014c000 00:2c 234489064                  /home/sek519/warm_starting/vpc/lib/Cbc-trunk/build/lib/libCoinUtils.so.0.0.0
2b7d3599d000-2b7d359a0000 rw-p 0014f000 00:2c 234489064                  /home/sek519/warm_starting/vpc/lib/Cbc-trunk/build/lib/libCoinUtils.so.0.0.0
2b7d359a0000-2b7d383c3000 r-xp 00000000 00:2c 234521354                  /home/sek519/miniconda/envs/vws/lib/libgurobi100.so
2b7d383c3000-2b7d385c3000 ---p 02a23000 00:2c 234521354                  /home/sek519/miniconda/envs/vws/lib/libgurobi100.so
2b7d385c3000-2b7d3862d000 r--p 02a23000 00:2c 234521354                  /home/sek519/miniconda/envs/vws/lib/libgurobi100.so
2b7d3862d000-2b7d38652000 rw-p 02a8d000 00:2c 234521354                  /home/sek519/miniconda/envs/vws/lib/libgurobi100.so
2b7d38652000-2b7d3865f000 rw-p 00000000 00:00 0 
2b7d3865f000-2b7d38662000 rw-p 02bf6000 00:2c 234521354                  /home/sek519/miniconda/envs/vws/lib/libgurobi100.so
2b7d38662000-2b7d38697000 r--s 00000000 08:07 130657                     /var/cache/nscd/hosts
2b7d38697000-2b7d3879a000 r-xp 00000000 08:05 527463                     /lib/x86_64-linux-gnu/libm-2.24.so
2b7d3879a000-2b7d38999000 ---p 00103000 08:05 527463                     /lib/x86_64-linux-gnu/libm-2.24.so
2b7d38999000-2b7d3899a000 r--p 00102000 08:05 527463                     /lib/x86_64-linux-gnu/libm-2.24.so
2b7d3899a000-2b7d3899b000 rw-p 00103000 08:05 527463                     /lib/x86_64-linux-gnu/libm-2.24.so
2b7d3899b000-2b7d38a41000 r--p 00000000 00:2c 235724303                  /home/sek519/miniconda/envs/vws/lib/libstdc++.so.6.0.30
2b7d38a41000-2b7d38ad5000 r-xp 000a6000 00:2c 235724303                  /home/sek519/miniconda/envs/vws/lib/libstdc++.so.6.0.30
2b7d38ad5000-2b7d38b3d000 r--p 0013a000 00:2c 235724303                  /home/sek519/miniconda/envs/vws/lib/libstdc++.so.6.0.30
2b7d38b3d000-2b7d38b48000 r--p 001a1000 00:2c 235724303                  /home/sek519/miniconda/envs/vws/lib/libstdc++.so.6.0.30
2b7d38b48000-2b7d38b4c000 rw-p 001ac000 00:2c 235724303                  /home/sek519/miniconda/envs/vws/lib/libstdc++.so.6.0.30
2b7d38b4c000-2b7d38b4f000 rw-p 00000000 00:00 0 
2b7d38b4f000-2b7d38b53000 r--p 00000000 00:2c 235727575                  /home/sek519/miniconda/envs/vws/lib/libgcc_s.so.1
2b7d38b53000-2b7d38b63000 r-xp 00004000 00:2c 235727575                  /home/sek519/miniconda/envs/vws/lib/libgcc_s.so.1
2b7d38b63000-2b7d38b66000 r--p 00014000 00:2c 235727575                  /home/sek519/miniconda/envs/vws/lib/libgcc_s.so.1
2b7d38b66000-2b7d38b67000 r--p 00016000 00:2c 235727575                  /home/sek519/miniconda/envs/vws/lib/libgcc_s.so.1
2b7d38b67000-2b7d38b68000 rw-p 00017000 00:2c 235727575                  /home/sek519/miniconda/envs/vws/lib/libgcc_s.so.1
2b7d38b68000-2b7d38cfd000 r-xp 00000000 08:05 527459                     /lib/x86_64-linux-gnu/libc-2.24.so
2b7d38cfd000-2b7d38efd000 ---p 00195000 08:05 527459                     /lib/x86_64-linux-gnu/libc-2.24.so
2b7d38efd000-2b7d38f01000 r--p 00195000 08:05 527459                     /lib/x86_64-linux-gnu/libc-2.24.so
2b7d38f01000-2b7d38f03000 rw-p 00199000 08:05 527459                     /lib/x86_64-linux-gnu/libc-2.24.so
2b7d38f03000-2b7d38f07000 rw-p 00000000 00:00 0 
2b7d38f07000-2b7d38f17000 r--p 00000000 00:2c 235728014                  /home/sek519/miniconda/envs/vws/lib/libtinfo.so.6.3
2b7d38f17000-2b7d38f31000 r-xp 00010000 00:2c 235728014                  /home/sek519/miniconda/envs/vws/lib/libtinfo.so.6.3
2b7d38f31000-2b7d38f42000 r--p 0002a000 00:2c 235728014                  /home/sek519/miniconda/envs/vws/lib/libtinfo.so.6.3
2b7d38f42000-2b7d38f46000 r--p 0003a000 00:2c 235728014                  /home/sek519/miniconda/envs/vws/lib/libtinfo.so.6.3
2b7d38f46000-2b7d38f47000 rw-p 0003e000 00:2c 235728014                  /home/sek519/miniconda/envs/vws/lib/libtinfo.so.6.3
2b7d38f47000-2b7d38f4e000 r-xp 00000000 08:05 527476                     /lib/x86_64-linux-gnu/librt-2.24.so
2b7d38f4e000-2b7d3914d000 ---p 00007000 08:05 527476                     /lib/x86_64-linux-gnu/librt-2.24.so
2b7d3914d000-2b7d3914e000 r--p 00006000 08:05 527476                     /lib/x86_64-linux-gnu/librt-2.24.so
2b7d3914e000-2b7d3914f000 rw-p 00007000 08:05 527476                     /lib/x86_64-linux-gnu/librt-2.24.so
2b7d3914f000-2b7d39167000 r-xp 00000000 08:05 527474                     /lib/x86_64-linux-gnu/libpthread-2.24.so
2b7d39167000-2b7d39366000 ---p 00018000 08:05 527474                     /lib/x86_64-linux-gnu/libpthread-2.24.so
2b7d39366000-2b7d39367000 r--p 00017000 08:05 527474                     /lib/x86_64-linux-gnu/libpthread-2.24.so
2b7d39367000-2b7d39368000 rw-p 00018000 08:05 527474                     /lib/x86_64-linux-gnu/libpthread-2.24.so
2b7d39368000-2b7d3936c000 rw-p 00000000 00:00 0 
2b7d3936c000-2b7d39465000 r--p 00000000 00:2c 235427053                  /home/sek519/miniconda/envs/vws/lib/libopenblasp-r0.3.12.so
2b7d39465000-2b7d39466000 r-xp 000f9000 00:2c 235427053                  /home/sek519/miniconda/envs/vws/lib/libopenblasp-r0.3.12.so
2b7d39466000-2b7d3946c000 ---p 000fa000 00:2c 235427053                  /home/sek519/miniconda/envs/vws/lib/libopenblasp-r0.3.12.so
2b7d3946c000-2b7d3af4f000 r-xp 00100000 00:2c 235427053                  /home/sek519/miniconda/envs/vws/lib/libopenblasp-r0.3.12.so
2b7d3af4f000-2b7d3b122000 r--p 01be3000 00:2c 235427053                  /home/sek519/miniconda/envs/vws/lib/libopenblasp-r0.3.12.so
2b7d3b122000-2b7d3b130000 r--p 01db5000 00:2c 235427053                  /home/sek519/miniconda/envs/vws/lib/libopenblasp-r0.3.12.so
2b7d3b130000-2b7d3b13e000 rw-p 01dc3000 00:2c 235427053                  /home/sek519/miniconda/envs/vws/lib/libopenblasp-r0.3.12.so
2b7d3b13e000-2b7d3b14f000 rw-p 00000000 00:00 0 
2b7d3b14f000-2b7d3b152000 r-xp 00000000 08:05 527462                     /lib/x86_64-linux-gnu/libdl-2.24.so
2b7d3b152000-2b7d3b351000 ---p 00003000 08:05 527462                     /lib/x86_64-linux-gnu/libdl-2.24.so
2b7d3b351000-2b7d3b352000 r--p 00002000 08:05 527462                     /lib/x86_64-linux-gnu/libdl-2.24.so
2b7d3b352000-2b7d3b353000 rw-p 00003000 08:05 527462                     /lib/x86_64-linux-gnu/libdl-2.24.so
2b7d3b353000-2b7d3b36e000 r--p 00000000 00:2c 235723995                  /home/sek519/miniconda/envs/vws/lib/libgfortran.so.4.0.0
2b7d3b36e000-2b7d3b45d000 r-xp 0001b000 00:2c 235723995                  /home/sek519/miniconda/envs/vws/lib/libgfortran.so.4.0.0
2b7d3b45d000-2b7d3b47e000 r--p 0010a000 00:2c 235723995                  /home/sek519/miniconda/envs/vws/lib/libgfortran.so.4.0.0
2b7d3b47e000-2b7d3b47f000 ---p 0012b000 00:2c 235723995                  /home/sek519/miniconda/envs/vws/lib/libgfortran.so.4.0.0
2b7d3b47f000-2b7d3b480000 r--p 0012b000 00:2c 235723995                  /home/sek519/miniconda/envs/vws/lib/libgfortran.so.4.0.0
2b7d3b480000-2b7d3b481000 rw-p 0012c000 00:2c 235723995                  /home/sek519/miniconda/envs/vws/lib/libgfortran.so.4.0.0
2b7d3b481000-2b7d3b482000 rw-p 00000000 00:00 0 
2b7d3b482000-2b7d3b485000 r--p 00000000 00:2c 235727572                  /home/sek519/miniconda/envs/vws/lib/libquadmath.so.0.0.0
2b7d3b485000-2b7d3b4a4000 r-xp 00003000 00:2c 235727572                  /home/sek519/miniconda/envs/vws/lib/libquadmath.so.0.0.0
2b7d3b4a4000-2b7d3b4ba000 r--p 00022000 00:2c 235727572                  /home/sek519/miniconda/envs/vws/lib/libquadmath.so.0.0.0
2b7d3b4ba000-2b7d3b4bb000 r--p 00038000 00:2c 235727572                  /home/sek519/miniconda/envs/vws/lib/libquadmath.so.0.0.0
2b7d3b4bb000-2b7d3b4bc000 rw-p 00039000 00:2c 235727572                  /home/sek519/miniconda/envs/vws/lib/libquadmath.so.0.0.0
2b7d3b4bc000-2b7d3b4ce000 rw-p 00000000 00:00 0 
2b7d3b4ce000-2b7d3b4cf000 ---p 00000000 00:00 0 
2b7d3b4cf000-2b7d3b6cf000 rw-p 00000000 00:00 0 
2b7d3b6cf000-2b7d3b6d0000 ---p 00000000 00:00 0 
2b7d3b6d0000-2b7d3b8d0000 rw-p 00000000 00:00 0 
2b7d3b8d0000-2b7d3b8d1000 ---p 00000000 00:00 0 
2b7d3b8d1000-2b7d3bad1000 rw-p 00000000 00:00 0 
2b7d3bad1000-2b7d4bad1000 rw-p 00000000 00:00 0 
2b7d4bad1000-2b7d4bad2000 ---p 00000000 00:00 0 
2b7d4bad2000-2b7d4bcd2000 rw-p 00000000 00:00 0 
2b7d4bcd2000-2b7d53cd2000 rw-p 00000000 00:00 0 
2b7d53cd2000-2b7d53cd3000 ---p 00000000 00:00 0 
2b7d53cd3000-2b7d53ed3000 rw-p 00000000 00:00 0 
2b7d53ed3000-2b7d5bed3000 rw-p 00000000 00:00 0 
2b7d5bed3000-2b7d5bed4000 ---p 00000000 00:00 0 
2b7d5bed4000-2b7d5c0d4000 rw-p 00000000 00:00 0 
2b7d5c0d4000-2b7d640d4000 rw-p 00000000 00:00 0 
2b7d640d4000-2b7d640d5000 ---p 00000000 00:00 0 
2b7d640d5000-2b7d642d5000 rw-p 00000000 00:00 0 
2b7d642d5000-2b7d6c2d5000 rw-p 00000000 00:00 0 
2b7d6c2d5000-2b7d6c2d6000 ---p 00000000 00:00 0 
2b7d6c2d6000-2b7d6c4d6000 rw-p 00000000 00:00 0 
2b7d6c4d6000-2b7d744d6000 rw-p 00000000 00:00 0 
2b7d744d6000-2b7d744d7000 ---p 00000000 00:00 0 
2b7d744d7000-2b7d746d7000 rw-p 00000000 00:00 0 
2b7d746d7000-2b7d7c6d7000 rw-p 00000000 00:00 0 
2b7d7c6d7000-2b7d7c6d8000 ---p 00000000 00:00 0 
2b7d7c6d8000-2b7d7c8d8000 rw-p 00000000 00:00 0 
2b7d7c8d8000-2b7d848d8000 rw-p 00000000 00:00 0 
2b7d848d8000-2b7d848d9000 ---p 00000000 00:00 0 
2b7d848d9000-2b7d84ad9000 rw-p 00000000 00:00 0 
2b7d84ad9000-2b7d8cad9000 rw-p 00000000 00:00 0 
2b7d8cad9000-2b7d8cada000 ---p 00000000 00:00 0 
2b7d8cada000-2b7d8ccda000 rw-p 00000000 00:00 0 
2b7d8ccda000-2b7d94cda000 rw-p 00000000 00:00 0 
2b7d94cda000-2b7d94cdb000 ---p 00000000 00:00 0 
2b7d94cdb000-2b7d94edb000 rw-p 00000000 00:00 0 
2b7d94edb000-2b7d94edc000 ---p 00000000 00:00 0 
2b7d94edc000-2b7d950dc000 rw-p 00000000 00:00 0 
2b7d950dc000-2b7d950dd000 ---p 00000000 00:00 0 
2b7d950dd000-2b7d952dd000 rw-p 00000000 00:00 0 
2b7d952dd000-2b7db52dd000 rw-p 00000000 00:00 0 
2b7db52dd000-2b7db5478000 r--p 00000000 08:06 1703020                    /usr/lib/locale/locale-archive
2b7db5478000-2b7db54ad000 r--s 00000000 08:07 129619                     /var/cache/nscd/passwd
2b7db54ad000-2b7db54ae000 ---p 00000000 00:00 0 
2b7db54ae000-2b7db56ae000 rw-p 00000000 00:00 0 
2b7db8000000-2b7db8021000 rw-p 00000000 00:00 0 
2b7db8021000-2b7dbc000000 ---p 00000000 00:00 0 
562f1ab76000-562f1ab99000 r--p 00000000 00:2c 234490227                  /home/sek519/warm_starting/vws/Release/vws
562f1ab99000-562f1ac75000 r-xp 00023000 00:2c 234490227                  /home/sek519/warm_starting/vws/Release/vws
562f1ac75000-562f1acaa000 r--p 000ff000 00:2c 234490227                  /home/sek519/warm_starting/vws/Release/vws
562f1acaa000-562f1acb0000 r--p 00134000 00:2c 234490227                  /home/sek519/warm_starting/vws/Release/vws
562f1acb0000-562f1acb2000 rw-p 0013a000 00:2c 234490227                  /home/sek519/warm_starting/vws/Release/vws
562f1bcd5000-562f22b82000 rw-p 00000000 00:00 0                          [heap]
7fff5b3b1000-7fff5b3d3000 rw-p 00000000 00:00 0                          [stack]
7fff5b3d6000-7fff5b3d8000 r--p 00000000 00:00 0                          [vvar]
7fff5b3d8000-7fff5b3da000 r-xp 00000000 00:00 0                          [vdso]
ffffffffff600000-ffffffffff601000 r-xp 00000000 00:00 0                  [vsyscall]
/var/spool/torque/mom_priv/jobs/1763682.polyp1.ie.lehigh.edu.SC: line 4:  2557 Aborted                 ../Release/vws ${INPUT_FOLDER} ${OUTPUT_FILE} ${MAX_TIME} ${GENERATOR} ${TERMS} ${MIP_SOLVER} ${PROVIDE_PRIMAL_BOUND}
