*** Error in `../Release/vws': double free or corruption (out): 0x00005605f7b06f90 ***
======= Backtrace: =========
/lib/x86_64-linux-gnu/libc.so.6(+0x70bfb)[0x2b7a68c98bfb]
/lib/x86_64-linux-gnu/libc.so.6(+0x76fc6)[0x2b7a68c9efc6]
/lib/x86_64-linux-gnu/libc.so.6(+0x7780e)[0x2b7a68c9f80e]
/home/sek519/warm_starting/vws/../vpc/lib/Cbc-trunk/build/lib/libClp.so.0(_Z12resizeDoublePdiidb+0x17d)[0x2b7a657861bd]
/home/sek519/warm_starting/vws/../vpc/lib/Cbc-trunk/build/lib/libClp.so.0(_ZN8ClpModel6resizeEii+0x1114)[0x2b7a6578eb54]
/home/sek519/warm_starting/vws/../vpc/lib/Cbc-trunk/build/lib/libClp.so.0(_ZN10ClpSimplex6resizeEii+0xe)[0x2b7a6581377e]
/home/sek519/warm_starting/vws/../vpc/lib/Cbc-trunk/build/lib/libOsiClp.so.0(_ZN21OsiClpSolverInterface6addRowEiPKiPKddd+0x4f)[0x2b7a65339a2f]
../Release/vws(+0xc788b)[0x5605eed0988b]
../Release/vws(+0xc9f91)[0x5605eed0bf91]
../Release/vws(+0x38bc7)[0x5605eec7abc7]
../Release/vws(+0x3ae7e)[0x5605eec7ce7e]
../Release/vws(+0x54e9f)[0x5605eec96e9f]
../Release/vws(+0x315d8)[0x5605eec735d8]
/lib/x86_64-linux-gnu/libc.so.6(__libc_start_main+0xf1)[0x2b7a68c482e1]
../Release/vws(+0x32a11)[0x5605eec74a11]
======= Memory map: ========
2b7a6525c000-2b7a6527f000 r-xp 00000000 08:05 394051                     /lib/x86_64-linux-gnu/ld-2.24.so
2b7a6527f000-2b7a65281000 rw-p 00000000 00:00 0 
2b7a65281000-2b7a65284000 r--p 00000000 00:2c 235724777                  /home/sek519/miniconda/envs/vws/lib/libz.so.1.2.13
2b7a65284000-2b7a65292000 r-xp 00003000 00:2c 235724777                  /home/sek519/miniconda/envs/vws/lib/libz.so.1.2.13
2b7a65292000-2b7a65299000 r--p 00011000 00:2c 235724777                  /home/sek519/miniconda/envs/vws/lib/libz.so.1.2.13
2b7a65299000-2b7a6529a000 r--p 00017000 00:2c 235724777                  /home/sek519/miniconda/envs/vws/lib/libz.so.1.2.13
2b7a6529a000-2b7a6529b000 rw-p 00018000 00:2c 235724777                  /home/sek519/miniconda/envs/vws/lib/libz.so.1.2.13
2b7a6529b000-2b7a6529d000 r--p 00000000 00:2c 234676138                  /home/sek519/miniconda/envs/vws/lib/libbz2.so.1.0.8
2b7a6529d000-2b7a652ab000 r-xp 00002000 00:2c 234676138                  /home/sek519/miniconda/envs/vws/lib/libbz2.so.1.0.8
2b7a652ab000-2b7a652ad000 r--p 00010000 00:2c 234676138                  /home/sek519/miniconda/envs/vws/lib/libbz2.so.1.0.8
2b7a652ad000-2b7a652ae000 r--p 00011000 00:2c 234676138                  /home/sek519/miniconda/envs/vws/lib/libbz2.so.1.0.8
2b7a652ae000-2b7a652af000 rw-p 00012000 00:2c 234676138                  /home/sek519/miniconda/envs/vws/lib/libbz2.so.1.0.8
2b7a652af000-2b7a652c7000 r--p 00000000 00:2c 234710701                  /home/sek519/miniconda/envs/vws/lib/libreadline.so.8.1
2b7a652c7000-2b7a652f2000 r-xp 00018000 00:2c 234710701                  /home/sek519/miniconda/envs/vws/lib/libreadline.so.8.1
2b7a652f2000-2b7a652fc000 r--p 00043000 00:2c 234710701                  /home/sek519/miniconda/envs/vws/lib/libreadline.so.8.1
2b7a652fc000-2b7a652ff000 r--p 0004c000 00:2c 234710701                  /home/sek519/miniconda/envs/vws/lib/libreadline.so.8.1
2b7a652ff000-2b7a65305000 rw-p 0004f000 00:2c 234710701                  /home/sek519/miniconda/envs/vws/lib/libreadline.so.8.1
2b7a65305000-2b7a65306000 rw-p 00000000 00:00 0 
2b7a65306000-2b7a6531b000 r--p 00000000 00:2c 234489484                  /home/sek519/warm_starting/vpc/lib/Cbc-trunk/build/lib/libOsiClp.so.0.0.0
2b7a6531b000-2b7a6534b000 r-xp 00015000 00:2c 234489484                  /home/sek519/warm_starting/vpc/lib/Cbc-trunk/build/lib/libOsiClp.so.0.0.0
2b7a6534b000-2b7a65355000 r--p 00045000 00:2c 234489484                  /home/sek519/warm_starting/vpc/lib/Cbc-trunk/build/lib/libOsiClp.so.0.0.0
2b7a65355000-2b7a65357000 r--p 0004f000 00:2c 234489484                  /home/sek519/warm_starting/vpc/lib/Cbc-trunk/build/lib/libOsiClp.so.0.0.0
2b7a65357000-2b7a65358000 rw-p 00051000 00:2c 234489484                  /home/sek519/warm_starting/vpc/lib/Cbc-trunk/build/lib/libOsiClp.so.0.0.0
2b7a65358000-2b7a6535a000 rw-p 00000000 00:00 0 
2b7a6535a000-2b7a65382000 r--p 00000000 00:2c 234489794                  /home/sek519/warm_starting/vpc/lib/Cbc-trunk/build/lib/libCgl.so.0.0.0
2b7a65382000-2b7a65445000 r-xp 00028000 00:2c 234489794                  /home/sek519/warm_starting/vpc/lib/Cbc-trunk/build/lib/libCgl.so.0.0.0
2b7a65445000-2b7a65465000 r--p 000eb000 00:2c 234489794                  /home/sek519/warm_starting/vpc/lib/Cbc-trunk/build/lib/libCgl.so.0.0.0
2b7a65465000-2b7a65467000 r--p 0010b000 00:2c 234489794                  /home/sek519/warm_starting/vpc/lib/Cbc-trunk/build/lib/libCgl.so.0.0.0
2b7a65467000-2b7a65469000 rw-p 0010d000 00:2c 234489794                  /home/sek519/warm_starting/vpc/lib/Cbc-trunk/build/lib/libCgl.so.0.0.0
2b7a65469000-2b7a65471000 rw-p 00000000 00:00 0 
2b7a65471000-2b7a65478000 r--s 00000000 08:06 1714343                    /usr/lib/x86_64-linux-gnu/gconv/gconv-modules.cache
2b7a65478000-2b7a65479000 rw-p 00000000 00:00 0 
2b7a6547f000-2b7a65480000 r--p 00023000 08:05 394051                     /lib/x86_64-linux-gnu/ld-2.24.so
2b7a65480000-2b7a65481000 rw-p 00024000 08:05 394051                     /lib/x86_64-linux-gnu/ld-2.24.so
2b7a65481000-2b7a65482000 rw-p 00000000 00:00 0 
2b7a65482000-2b7a654f0000 r--p 00000000 00:2c 234490095                  /home/sek519/warm_starting/vpc/lib/Cbc-trunk/build/lib/libCbc.so.0.0.0
2b7a654f0000-2b7a6563e000 r-xp 0006e000 00:2c 234490095                  /home/sek519/warm_starting/vpc/lib/Cbc-trunk/build/lib/libCbc.so.0.0.0
2b7a6563e000-2b7a65689000 r--p 001bc000 00:2c 234490095                  /home/sek519/warm_starting/vpc/lib/Cbc-trunk/build/lib/libCbc.so.0.0.0
2b7a65689000-2b7a65695000 r--p 00207000 00:2c 234490095                  /home/sek519/warm_starting/vpc/lib/Cbc-trunk/build/lib/libCbc.so.0.0.0
2b7a65695000-2b7a65699000 rw-p 00213000 00:2c 234490095                  /home/sek519/warm_starting/vpc/lib/Cbc-trunk/build/lib/libCbc.so.0.0.0
2b7a65699000-2b7a656b1000 r--p 00000000 00:2c 234489204                  /home/sek519/warm_starting/vpc/lib/Cbc-trunk/build/lib/libOsi.so.0.0.0
2b7a656b1000-2b7a656e1000 r-xp 00018000 00:2c 234489204                  /home/sek519/warm_starting/vpc/lib/Cbc-trunk/build/lib/libOsi.so.0.0.0
2b7a656e1000-2b7a656f5000 r--p 00048000 00:2c 234489204                  /home/sek519/warm_starting/vpc/lib/Cbc-trunk/build/lib/libOsi.so.0.0.0
2b7a656f5000-2b7a656f7000 r--p 0005c000 00:2c 234489204                  /home/sek519/warm_starting/vpc/lib/Cbc-trunk/build/lib/libOsi.so.0.0.0
2b7a656f7000-2b7a656f8000 rw-p 0005e000 00:2c 234489204                  /home/sek519/warm_starting/vpc/lib/Cbc-trunk/build/lib/libOsi.so.0.0.0
2b7a656f8000-2b7a65737000 r--p 00000000 00:2c 234489467                  /home/sek519/warm_starting/vpc/lib/Cbc-trunk/build/lib/libClp.so.0.0.0
2b7a65737000-2b7a658c3000 r-xp 0003f000 00:2c 234489467                  /home/sek519/warm_starting/vpc/lib/Cbc-trunk/build/lib/libClp.so.0.0.0
2b7a658c3000-2b7a65906000 r--p 001cb000 00:2c 234489467                  /home/sek519/warm_starting/vpc/lib/Cbc-trunk/build/lib/libClp.so.0.0.0
2b7a65906000-2b7a65909000 r--p 0020d000 00:2c 234489467                  /home/sek519/warm_starting/vpc/lib/Cbc-trunk/build/lib/libClp.so.0.0.0
2b7a65909000-2b7a6590d000 rw-p 00210000 00:2c 234489467                  /home/sek519/warm_starting/vpc/lib/Cbc-trunk/build/lib/libClp.so.0.0.0
2b7a6590d000-2b7a65947000 r--p 00000000 00:2c 234489064                  /home/sek519/warm_starting/vpc/lib/Cbc-trunk/build/lib/libCoinUtils.so.0.0.0
2b7a65947000-2b7a65a2d000 r-xp 0003a000 00:2c 234489064                  /home/sek519/warm_starting/vpc/lib/Cbc-trunk/build/lib/libCoinUtils.so.0.0.0
2b7a65a2d000-2b7a65a5a000 r--p 00120000 00:2c 234489064                  /home/sek519/warm_starting/vpc/lib/Cbc-trunk/build/lib/libCoinUtils.so.0.0.0
2b7a65a5a000-2b7a65a5d000 r--p 0014c000 00:2c 234489064                  /home/sek519/warm_starting/vpc/lib/Cbc-trunk/build/lib/libCoinUtils.so.0.0.0
2b7a65a5d000-2b7a65a60000 rw-p 0014f000 00:2c 234489064                  /home/sek519/warm_starting/vpc/lib/Cbc-trunk/build/lib/libCoinUtils.so.0.0.0
2b7a65a60000-2b7a68483000 r-xp 00000000 00:2c 234521354                  /home/sek519/miniconda/envs/vws/lib/libgurobi100.so
2b7a68483000-2b7a68683000 ---p 02a23000 00:2c 234521354                  /home/sek519/miniconda/envs/vws/lib/libgurobi100.so
2b7a68683000-2b7a686ed000 r--p 02a23000 00:2c 234521354                  /home/sek519/miniconda/envs/vws/lib/libgurobi100.so
2b7a686ed000-2b7a68712000 rw-p 02a8d000 00:2c 234521354                  /home/sek519/miniconda/envs/vws/lib/libgurobi100.so
2b7a68712000-2b7a6871f000 rw-p 00000000 00:00 0 
2b7a6871f000-2b7a68722000 rw-p 02bf6000 00:2c 234521354                  /home/sek519/miniconda/envs/vws/lib/libgurobi100.so
2b7a68722000-2b7a68757000 r--s 00000000 08:07 130533                     /var/cache/nscd/hosts
2b7a68757000-2b7a6885a000 r-xp 00000000 08:05 394080                     /lib/x86_64-linux-gnu/libm-2.24.so
2b7a6885a000-2b7a68a59000 ---p 00103000 08:05 394080                     /lib/x86_64-linux-gnu/libm-2.24.so
2b7a68a59000-2b7a68a5a000 r--p 00102000 08:05 394080                     /lib/x86_64-linux-gnu/libm-2.24.so
2b7a68a5a000-2b7a68a5b000 rw-p 00103000 08:05 394080                     /lib/x86_64-linux-gnu/libm-2.24.so
2b7a68a5b000-2b7a68b01000 r--p 00000000 00:2c 235724303                  /home/sek519/miniconda/envs/vws/lib/libstdc++.so.6.0.30
2b7a68b01000-2b7a68b95000 r-xp 000a6000 00:2c 235724303                  /home/sek519/miniconda/envs/vws/lib/libstdc++.so.6.0.30
2b7a68b95000-2b7a68bfd000 r--p 0013a000 00:2c 235724303                  /home/sek519/miniconda/envs/vws/lib/libstdc++.so.6.0.30
2b7a68bfd000-2b7a68c08000 r--p 001a1000 00:2c 235724303                  /home/sek519/miniconda/envs/vws/lib/libstdc++.so.6.0.30
2b7a68c08000-2b7a68c0c000 rw-p 001ac000 00:2c 235724303                  /home/sek519/miniconda/envs/vws/lib/libstdc++.so.6.0.30
2b7a68c0c000-2b7a68c0f000 rw-p 00000000 00:00 0 
2b7a68c0f000-2b7a68c13000 r--p 00000000 00:2c 235727575                  /home/sek519/miniconda/envs/vws/lib/libgcc_s.so.1
2b7a68c13000-2b7a68c23000 r-xp 00004000 00:2c 235727575                  /home/sek519/miniconda/envs/vws/lib/libgcc_s.so.1
2b7a68c23000-2b7a68c26000 r--p 00014000 00:2c 235727575                  /home/sek519/miniconda/envs/vws/lib/libgcc_s.so.1
2b7a68c26000-2b7a68c27000 r--p 00016000 00:2c 235727575                  /home/sek519/miniconda/envs/vws/lib/libgcc_s.so.1
2b7a68c27000-2b7a68c28000 rw-p 00017000 00:2c 235727575                  /home/sek519/miniconda/envs/vws/lib/libgcc_s.so.1
2b7a68c28000-2b7a68dbd000 r-xp 00000000 08:05 394064                     /lib/x86_64-linux-gnu/libc-2.24.so
2b7a68dbd000-2b7a68fbd000 ---p 00195000 08:05 394064                     /lib/x86_64-linux-gnu/libc-2.24.so
2b7a68fbd000-2b7a68fc1000 r--p 00195000 08:05 394064                     /lib/x86_64-linux-gnu/libc-2.24.so
2b7a68fc1000-2b7a68fc3000 rw-p 00199000 08:05 394064                     /lib/x86_64-linux-gnu/libc-2.24.so
2b7a68fc3000-2b7a68fc7000 rw-p 00000000 00:00 0 
2b7a68fc7000-2b7a68fd7000 r--p 00000000 00:2c 235728014                  /home/sek519/miniconda/envs/vws/lib/libtinfo.so.6.3
2b7a68fd7000-2b7a68ff1000 r-xp 00010000 00:2c 235728014                  /home/sek519/miniconda/envs/vws/lib/libtinfo.so.6.3
2b7a68ff1000-2b7a69002000 r--p 0002a000 00:2c 235728014                  /home/sek519/miniconda/envs/vws/lib/libtinfo.so.6.3
2b7a69002000-2b7a69006000 r--p 0003a000 00:2c 235728014                  /home/sek519/miniconda/envs/vws/lib/libtinfo.so.6.3
2b7a69006000-2b7a69007000 rw-p 0003e000 00:2c 235728014                  /home/sek519/miniconda/envs/vws/lib/libtinfo.so.6.3
2b7a69007000-2b7a6900e000 r-xp 00000000 08:05 395789                     /lib/x86_64-linux-gnu/librt-2.24.so
2b7a6900e000-2b7a6920d000 ---p 00007000 08:05 395789                     /lib/x86_64-linux-gnu/librt-2.24.so
2b7a6920d000-2b7a6920e000 r--p 00006000 08:05 395789                     /lib/x86_64-linux-gnu/librt-2.24.so
2b7a6920e000-2b7a6920f000 rw-p 00007000 08:05 395789                     /lib/x86_64-linux-gnu/librt-2.24.so
2b7a6920f000-2b7a69227000 r-xp 00000000 08:05 395785                     /lib/x86_64-linux-gnu/libpthread-2.24.so
2b7a69227000-2b7a69426000 ---p 00018000 08:05 395785                     /lib/x86_64-linux-gnu/libpthread-2.24.so
2b7a69426000-2b7a69427000 r--p 00017000 08:05 395785                     /lib/x86_64-linux-gnu/libpthread-2.24.so
2b7a69427000-2b7a69428000 rw-p 00018000 08:05 395785                     /lib/x86_64-linux-gnu/libpthread-2.24.so
2b7a69428000-2b7a6942c000 rw-p 00000000 00:00 0 
2b7a6942c000-2b7a69525000 r--p 00000000 00:2c 235427053                  /home/sek519/miniconda/envs/vws/lib/libopenblasp-r0.3.12.so
2b7a69525000-2b7a69526000 r-xp 000f9000 00:2c 235427053                  /home/sek519/miniconda/envs/vws/lib/libopenblasp-r0.3.12.so
2b7a69526000-2b7a6952c000 ---p 000fa000 00:2c 235427053                  /home/sek519/miniconda/envs/vws/lib/libopenblasp-r0.3.12.so
2b7a6952c000-2b7a6b00f000 r-xp 00100000 00:2c 235427053                  /home/sek519/miniconda/envs/vws/lib/libopenblasp-r0.3.12.so
2b7a6b00f000-2b7a6b1e2000 r--p 01be3000 00:2c 235427053                  /home/sek519/miniconda/envs/vws/lib/libopenblasp-r0.3.12.so
2b7a6b1e2000-2b7a6b1f0000 r--p 01db5000 00:2c 235427053                  /home/sek519/miniconda/envs/vws/lib/libopenblasp-r0.3.12.so
2b7a6b1f0000-2b7a6b1fe000 rw-p 01dc3000 00:2c 235427053                  /home/sek519/miniconda/envs/vws/lib/libopenblasp-r0.3.12.so
2b7a6b1fe000-2b7a6b20f000 rw-p 00000000 00:00 0 
2b7a6b20f000-2b7a6b212000 r-xp 00000000 08:05 394073                     /lib/x86_64-linux-gnu/libdl-2.24.so
2b7a6b212000-2b7a6b411000 ---p 00003000 08:05 394073                     /lib/x86_64-linux-gnu/libdl-2.24.so
2b7a6b411000-2b7a6b412000 r--p 00002000 08:05 394073                     /lib/x86_64-linux-gnu/libdl-2.24.so
2b7a6b412000-2b7a6b413000 rw-p 00003000 08:05 394073                     /lib/x86_64-linux-gnu/libdl-2.24.so
2b7a6b413000-2b7a6b42e000 r--p 00000000 00:2c 235723995                  /home/sek519/miniconda/envs/vws/lib/libgfortran.so.4.0.0
2b7a6b42e000-2b7a6b51d000 r-xp 0001b000 00:2c 235723995                  /home/sek519/miniconda/envs/vws/lib/libgfortran.so.4.0.0
2b7a6b51d000-2b7a6b53e000 r--p 0010a000 00:2c 235723995                  /home/sek519/miniconda/envs/vws/lib/libgfortran.so.4.0.0
2b7a6b53e000-2b7a6b53f000 ---p 0012b000 00:2c 235723995                  /home/sek519/miniconda/envs/vws/lib/libgfortran.so.4.0.0
2b7a6b53f000-2b7a6b540000 r--p 0012b000 00:2c 235723995                  /home/sek519/miniconda/envs/vws/lib/libgfortran.so.4.0.0
2b7a6b540000-2b7a6b541000 rw-p 0012c000 00:2c 235723995                  /home/sek519/miniconda/envs/vws/lib/libgfortran.so.4.0.0
2b7a6b541000-2b7a6b542000 rw-p 00000000 00:00 0 
2b7a6b542000-2b7a6b545000 r--p 00000000 00:2c 235727572                  /home/sek519/miniconda/envs/vws/lib/libquadmath.so.0.0.0
2b7a6b545000-2b7a6b564000 r-xp 00003000 00:2c 235727572                  /home/sek519/miniconda/envs/vws/lib/libquadmath.so.0.0.0
2b7a6b564000-2b7a6b57a000 r--p 00022000 00:2c 235727572                  /home/sek519/miniconda/envs/vws/lib/libquadmath.so.0.0.0
2b7a6b57a000-2b7a6b57b000 r--p 00038000 00:2c 235727572                  /home/sek519/miniconda/envs/vws/lib/libquadmath.so.0.0.0
2b7a6b57b000-2b7a6b57c000 rw-p 00039000 00:2c 235727572                  /home/sek519/miniconda/envs/vws/lib/libquadmath.so.0.0.0
2b7a6b57c000-2b7a6b58e000 rw-p 00000000 00:00 0 
2b7a6b58e000-2b7a6b58f000 ---p 00000000 00:00 0 
2b7a6b58f000-2b7a6b78f000 rw-p 00000000 00:00 0 
2b7a6b78f000-2b7a6b790000 ---p 00000000 00:00 0 
2b7a6b790000-2b7a6b990000 rw-p 00000000 00:00 0 
2b7a6b990000-2b7a73990000 rw-p 00000000 00:00 0 
2b7a73990000-2b7a73991000 ---p 00000000 00:00 0 
2b7a73991000-2b7a73b91000 rw-p 00000000 00:00 0 
2b7a73b91000-2b7a7bb91000 rw-p 00000000 00:00 0 
2b7a7bb91000-2b7a7bb92000 ---p 00000000 00:00 0 
2b7a7bb92000-2b7a7bd92000 rw-p 00000000 00:00 0 
2b7a7bd92000-2b7a83d92000 rw-p 00000000 00:00 0 
2b7a83d92000-2b7a83d93000 ---p 00000000 00:00 0 
2b7a83d93000-2b7a83f93000 rw-p 00000000 00:00 0 
2b7a83f93000-2b7a8bf93000 rw-p 00000000 00:00 0 
2b7a8bf93000-2b7a8bf94000 ---p 00000000 00:00 0 
2b7a8bf94000-2b7a8c194000 rw-p 00000000 00:00 0 
2b7a8c194000-2b7a94194000 rw-p 00000000 00:00 0 
2b7a94194000-2b7a94195000 ---p 00000000 00:00 0 
2b7a94195000-2b7a94395000 rw-p 00000000 00:00 0 
2b7a94395000-2b7a9c395000 rw-p 00000000 00:00 0 
2b7a9c395000-2b7a9c396000 ---p 00000000 00:00 0 
2b7a9c396000-2b7a9c596000 rw-p 00000000 00:00 0 
2b7a9c596000-2b7aa4596000 rw-p 00000000 00:00 0 
2b7aa4596000-2b7aa4597000 ---p 00000000 00:00 0 
2b7aa4597000-2b7aa4797000 rw-p 00000000 00:00 0 
2b7aa4797000-2b7aac797000 rw-p 00000000 00:00 0 
2b7aac797000-2b7aac798000 ---p 00000000 00:00 0 
2b7aac798000-2b7aac998000 rw-p 00000000 00:00 0 
2b7aac998000-2b7ab4998000 rw-p 00000000 00:00 0 
2b7ab4998000-2b7ab4999000 ---p 00000000 00:00 0 
2b7ab4999000-2b7ab4b99000 rw-p 00000000 00:00 0 
2b7ab4b99000-2b7abcb99000 rw-p 00000000 00:00 0 
2b7abcb99000-2b7abcb9a000 ---p 00000000 00:00 0 
2b7abcb9a000-2b7abcd9a000 rw-p 00000000 00:00 0 
2b7abcd9a000-2b7ac4d9a000 rw-p 00000000 00:00 0 
2b7ac4d9a000-2b7ac4d9b000 ---p 00000000 00:00 0 
2b7ac4d9b000-2b7ac4f9b000 rw-p 00000000 00:00 0 
2b7ac4f9b000-2b7ac4f9c000 ---p 00000000 00:00 0 
2b7ac4f9c000-2b7ac519c000 rw-p 00000000 00:00 0 
2b7ac519c000-2b7acd19c000 rw-p 00000000 00:00 0 
2b7acd19c000-2b7acd19d000 ---p 00000000 00:00 0 
2b7acd19d000-2b7acd39d000 rw-p 00000000 00:00 0 
2b7acd39d000-2b7ad539d000 rw-p 00000000 00:00 0 
2b7ad539d000-2b7ad53d2000 r--s 00000000 08:07 129673                     /var/cache/nscd/passwd
2b7ad549e000-2b7ae549e000 rw-p 00000000 00:00 0 
2b7ae549e000-2b7ae5639000 r--p 00000000 08:06 1708142                    /usr/lib/locale/locale-archive
2b7ae5639000-2b7ae563a000 ---p 00000000 00:00 0 
2b7ae563a000-2b7ae583a000 rw-p 00000000 00:00 0 
2b7ae8000000-2b7ae8021000 rw-p 00000000 00:00 0 
2b7ae8021000-2b7aec000000 ---p 00000000 00:00 0 
5605eec42000-5605eec65000 r--p 00000000 00:2c 234490227                  /home/sek519/warm_starting/vws/Release/vws
5605eec65000-5605eed41000 r-xp 00023000 00:2c 234490227                  /home/sek519/warm_starting/vws/Release/vws
5605eed41000-5605eed76000 r--p 000ff000 00:2c 234490227                  /home/sek519/warm_starting/vws/Release/vws
5605eed76000-5605eed7c000 r--p 00134000 00:2c 234490227                  /home/sek519/warm_starting/vws/Release/vws
5605eed7c000-5605eed7e000 rw-p 0013a000 00:2c 234490227                  /home/sek519/warm_starting/vws/Release/vws
5605f0c97000-5605f7b42000 rw-p 00000000 00:00 0                          [heap]
7ffc29543000-7ffc29565000 rw-p 00000000 00:00 0                          [stack]
7ffc295f8000-7ffc295fa000 r--p 00000000 00:00 0                          [vvar]
7ffc295fa000-7ffc295fc000 r-xp 00000000 00:00 0                          [vdso]
ffffffffff600000-ffffffffff601000 r-xp 00000000 00:00 0                  [vsyscall]
/var/spool/torque/mom_priv/jobs/1763681.polyp1.ie.lehigh.edu.SC: line 4:  8198 Aborted                 (core dumped) ../Release/vws ${INPUT_FOLDER} ${OUTPUT_FILE} ${MAX_TIME} ${GENERATOR} ${TERMS} ${MIP_SOLVER} ${PROVIDE_PRIMAL_BOUND}
