Disjunction does not represent a full binary tree.
vws: /home/sek519/warm_starting/vws/../vpc/src/utility/utility.cpp:651: void verify(bool, const std::string&): Assertion `false' failed.


ERROR while running Cbc. Signal SIGABRT caught. Getting stack trace.
/home/sek519/warm_starting/vws/../vpc/lib/Cbc-trunk/buildg/lib/libCbc.so.0(_Z15CbcCrashHandleri+0x277) [0x2af0d991da4b]
/lib/x86_64-linux-gnu/libc.so.6(+0x33060) [0x2af0da6d7060]
/lib/x86_64-linux-gnu/libc.so.6(gsignal+0xcf) [0x2af0da6d6fff]
/lib/x86_64-linux-gnu/libc.so.6(abort+0x16a) [0x2af0da6d842a]
/lib/x86_64-linux-gnu/libc.so.6(+0x2be67) [0x2af0da6cfe67]
/lib/x86_64-linux-gnu/libc.so.6(+0x2bf12) [0x2af0da6cff12]
../Debug/vws(+0x1b0475) [0x560362e85475]
../Debug/vws(+0x1c6679) [0x560362e9b679]
../Debug/vws(+0x1c58e4) [0x560362e9a8e4]
../Debug/vws(+0x1bccaa) [0x560362e91caa]
/home/sek519/warm_starting/vws/../vpc/lib/Cbc-trunk/buildg/lib/libCbc.so.0(_ZN8CbcModel14branchAndBoundEi+0xe2fb) [0x2af0d98af959]
../Debug/vws(+0x1fe29a) [0x560362ed329a]
../Debug/vws(+0x1fc543) [0x560362ed1543]
../Debug/vws(+0x1d55b4) [0x560362eaa5b4]
../Debug/vws(+0x104b84) [0x560362dd9b84]
../Debug/vws(+0x103edf) [0x560362dd8edf]
../Debug/vws(+0x127b85) [0x560362dfcb85]
../Debug/vws(+0x79d6a) [0x560362d4ed6a]
/lib/x86_64-linux-gnu/libc.so.6(__libc_start_main+0xf1) [0x2af0da6c42e1]
../Debug/vws(+0x79259) [0x560362d4e259]




ERROR while running Cbc. Signal SIGABRT caught. Getting stack trace.
/home/sek519/warm_starting/vws/../vpc/lib/Cbc-trunk/buildg/lib/libCbc.so.0(_Z15CbcCrashHandleri+0x277) [0x2af0d991da4b]
/lib/x86_64-linux-gnu/libc.so.6(+0x33060) [0x2af0da6d7060]
/lib/x86_64-linux-gnu/libc.so.6(gsignal+0xcf) [0x2af0da6d6fff]
/lib/x86_64-linux-gnu/libc.so.6(abort+0x16a) [0x2af0da6d842a]
/home/sek519/warm_starting/vws/../vpc/lib/Cbc-trunk/buildg/lib/libCbc.so.0(_Z15CbcCrashHandleri+0x355) [0x2af0d991db29]
/lib/x86_64-linux-gnu/libc.so.6(+0x33060) [0x2af0da6d7060]
/lib/x86_64-linux-gnu/libc.so.6(gsignal+0xcf) [0x2af0da6d6fff]
/lib/x86_64-linux-gnu/libc.so.6(abort+0x16a) [0x2af0da6d842a]
/lib/x86_64-linux-gnu/libc.so.6(+0x2be67) [0x2af0da6cfe67]
/lib/x86_64-linux-gnu/libc.so.6(+0x2bf12) [0x2af0da6cff12]
../Debug/vws(+0x1b0475) [0x560362e85475]
../Debug/vws(+0x1c6679) [0x560362e9b679]
../Debug/vws(+0x1c58e4) [0x560362e9a8e4]
../Debug/vws(+0x1bccaa) [0x560362e91caa]
/home/sek519/warm_starting/vws/../vpc/lib/Cbc-trunk/buildg/lib/libCbc.so.0(_ZN8CbcModel14branchAndBoundEi+0xe2fb) [0x2af0d98af959]
../Debug/vws(+0x1fe29a) [0x560362ed329a]
../Debug/vws(+0x1fc543) [0x560362ed1543]
../Debug/vws(+0x1d55b4) [0x560362eaa5b4]
../Debug/vws(+0x104b84) [0x560362dd9b84]
../Debug/vws(+0x103edf) [0x560362dd8edf]
../Debug/vws(+0x127b85) [0x560362dfcb85]
../Debug/vws(+0x79d6a) [0x560362d4ed6a]
/lib/x86_64-linux-gnu/libc.so.6(__libc_start_main+0xf1) [0x2af0da6c42e1]
../Debug/vws(+0x79259) [0x560362d4e259]


/var/spool/torque/mom_priv/jobs/1214417.polyp1.ie.lehigh.edu.SC: line 4: 27569 Aborted                 (core dumped) ../Debug/vws ${INPUT_FOLDER} ${OUTPUT_FILE} ${MAX_TIME} ${GENERATOR} ${TERMS}
