Python path configuration:
  PYTHONHOME = (not set)
  PYTHONPATH = '/home/software/lib/python2.7/site-packages::/home/software/lib/python2.6/dist-packages'
  program name = '/home/sek519/miniconda/bin/python'
  isolated = 0
  environment = 1
  user site = 1
  import site = 1
  sys._base_executable = '/home/sek519/miniconda/bin/python'
  sys.base_prefix = '/home/sek519/miniconda'
  sys.base_exec_prefix = '/home/sek519/miniconda'
  sys.platlibdir = 'lib'
  sys.executable = '/home/sek519/miniconda/bin/python'
  sys.prefix = '/home/sek519/miniconda'
  sys.exec_prefix = '/home/sek519/miniconda'
  sys.path = [
    '/home/software/lib/python2.7/site-packages',
    '',
    '/home/software/lib/python2.6/dist-packages',
    '/home/sek519/miniconda/lib/python39.zip',
    '/home/sek519/miniconda/lib/python3.9',
    '/home/sek519/miniconda/lib/python3.9/lib-dynload',
  ]
Fatal Python error: init_fs_encoding: failed to get the Python codec of the filesystem encoding
Python runtime state: core initialized
Traceback (most recent call last):
  File "/home/sek519/miniconda/lib/python3.9/encodings/__init__.py", line 31, in <module>
  File "<frozen importlib._bootstrap>", line 1007, in _find_and_load
  File "<frozen importlib._bootstrap>", line 982, in _find_and_load_unlocked
  File "<frozen importlib._bootstrap>", line 925, in _find_spec
  File "<frozen importlib._bootstrap_external>", line 1423, in find_spec
  File "<frozen importlib._bootstrap_external>", line 1395, in _get_spec
  File "<frozen importlib._bootstrap_external>", line 1526, in find_spec
  File "<frozen importlib._bootstrap_external>", line 1569, in _fill_cache
OSError: [Errno 5] Input/output error: '/home/sek519/warm_starting/vws/experiments'
*** WARNING (version #db383db): /home/sek519/warm_starting/vws/../vpc/src/cut/CglVPC.cpp:335: An integer (optimal) solution with value 31 was found prior while getting disjunction.
*** WARNING (version #db383db): /home/sek519/warm_starting/vws/../vpc/src/cut/CglVPC.cpp:335: An integer (optimal) solution with value 31 was found prior while getting disjunction.
*** WARNING (version #db383db): /home/sek519/warm_starting/vws/../vpc/src/cut/CglVPC.cpp:335: An integer (optimal) solution with value 31 was found prior while getting disjunction.
*** WARNING (version #db383db): /home/sek519/warm_starting/vws/../vpc/src/cut/CglVPC.cpp:335: An integer (optimal) solution with value 32 was found prior while getting disjunction.
*** WARNING (version #db383db): /home/sek519/warm_starting/vws/../vpc/src/cut/CglVPC.cpp:335: An integer (optimal) solution with value 30 was found prior while getting disjunction.
*** WARNING (version #db383db): /home/sek519/warm_starting/vws/../vpc/src/cut/CglVPC.cpp:335: An integer (optimal) solution with value 30 was found prior while getting disjunction.
*** WARNING (version #db383db): /home/sek519/warm_starting/vws/../vpc/src/cut/CglVPC.cpp:335: An integer (optimal) solution with value 33 was found prior while getting disjunction.
*** WARNING (version #db383db): /home/sek519/warm_starting/vws/../vpc/src/cut/CglVPC.cpp:335: An integer (optimal) solution with value 31 was found prior while getting disjunction.
*** WARNING (version #db383db): /home/sek519/warm_starting/vws/../vpc/src/cut/CglVPC.cpp:335: An integer (optimal) solution with value 33 was found prior while getting disjunction.
*** WARNING (version #db383db): /home/sek519/warm_starting/vws/../vpc/src/cut/CglVPC.cpp:335: An integer (optimal) solution with value 31 was found prior while getting disjunction.
*** WARNING (version #db383db): /home/sek519/warm_starting/vws/../vpc/src/cut/CglVPC.cpp:335: An integer (optimal) solution with value 34 was found prior while getting disjunction.
*** WARNING (version #db383db): /home/sek519/warm_starting/vws/../vpc/src/cut/CglVPC.cpp:335: An integer (optimal) solution with value 30 was found prior while getting disjunction.
*** WARNING (version #db383db): /home/sek519/warm_starting/vws/../vpc/src/cut/CglVPC.cpp:335: An integer (optimal) solution with value 30 was found prior while getting disjunction.
*** WARNING (version #db383db): /home/sek519/warm_starting/vws/../vpc/src/cut/CglVPC.cpp:335: An integer (optimal) solution with value 30 was found prior while getting disjunction.

Assertion failed
*** WARNING (version #db383db): /home/sek519/warm_starting/vws/../vpc/src/cut/CglVPC.cpp:335: An integer (optimal) solution with value 30 was found prior while getting disjunction.
*** WARNING (version #db383db): /home/sek519/warm_starting/vws/../vpc/src/cut/CglVPC.cpp:335: An integer (optimal) solution with value 33 was found prior while getting disjunction.
*** WARNING (version #db383db): /home/sek519/warm_starting/vws/../vpc/src/cut/CglVPC.cpp:335: An integer (optimal) solution with value 34 was found prior while getting disjunction.
*** WARNING (version #db383db): /home/sek519/warm_starting/vws/../vpc/src/cut/CglVPC.cpp:335: An integer (optimal) solution with value 30 was found prior while getting disjunction.
*** WARNING (version #db383db): /home/sek519/warm_starting/vws/../vpc/src/cut/CglVPC.cpp:335: An integer (optimal) solution with value 30 was found prior while getting disjunction.
*** WARNING (version #db383db): /home/sek519/warm_starting/vws/../vpc/src/cut/CglVPC.cpp:335: An integer (optimal) solution with value 34 was found prior while getting disjunction.
*** WARNING (version #db383db): /home/sek519/warm_starting/vws/../vpc/src/cut/CglVPC.cpp:335: An integer (optimal) solution with value 31 was found prior while getting disjunction.
*** WARNING (version #db383db): /home/sek519/warm_starting/vws/../vpc/src/cut/CglVPC.cpp:335: An integer (optimal) solution with value 30 was found prior while getting disjunction.
*** WARNING (version #db383db): /home/sek519/warm_starting/vws/../vpc/src/cut/CglVPC.cpp:335: An integer (optimal) solution with value 30 was found prior while getting disjunction.
*** WARNING (version #db383db): /home/sek519/warm_starting/vws/../vpc/src/cut/CglVPC.cpp:335: An integer (optimal) solution with value 34 was found prior while getting disjunction.
*** WARNING (version #db383db): /home/sek519/warm_starting/vws/../vpc/src/cut/CglVPC.cpp:335: An integer (optimal) solution with value 34 was found prior while getting disjunction.
*** WARNING (version #db383db): /home/sek519/warm_starting/vws/../vpc/src/cut/CglVPC.cpp:335: An integer (optimal) solution with value 30 was found prior while getting disjunction.
*** WARNING (version #db383db): /home/sek519/warm_starting/vws/../vpc/src/cut/CglVPC.cpp:335: An integer (optimal) solution with value 34 was found prior while getting disjunction.
*** WARNING (version #db383db): /home/sek519/warm_starting/vws/../vpc/src/cut/CglVPC.cpp:335: An integer (optimal) solution with value 30 was found prior while getting disjunction.
*** WARNING (version #db383db): /home/sek519/warm_starting/vws/../vpc/src/cut/CglVPC.cpp:335: An integer (optimal) solution with value 30 was found prior while getting disjunction.
*** WARNING (version #db383db): /home/sek519/warm_starting/vws/../vpc/src/cut/CglVPC.cpp:335: An integer (optimal) solution with value 33 was found prior while getting disjunction.
Disjunction does not represent a full binary tree.
Assertion failed
*** WARNING (version #db383db): /home/sek519/warm_starting/vws/../vpc/src/cut/CglVPC.cpp:335: An integer (optimal) solution with value 31 was found prior while getting disjunction.
*** WARNING (version #db383db): /home/sek519/warm_starting/vws/../vpc/src/cut/CglVPC.cpp:335: An integer (optimal) solution with value 31 was found prior while getting disjunction.
*** WARNING (version #db383db): /home/sek519/warm_starting/vws/../vpc/src/cut/CglVPC.cpp:335: An integer (optimal) solution with value 34 was found prior while getting disjunction.
*** WARNING (version #db383db): /home/sek519/warm_starting/vws/../vpc/src/cut/CglVPC.cpp:335: An integer (optimal) solution with value 32 was found prior while getting disjunction.
*** WARNING (version #db383db): /home/sek519/warm_starting/vws/../vpc/src/cut/CglVPC.cpp:335: An integer (optimal) solution with value 33 was found prior while getting disjunction.
*** WARNING (version #db383db): /home/sek519/warm_starting/vws/../vpc/src/cut/CglVPC.cpp:335: An integer (optimal) solution with value 30 was found prior while getting disjunction.
*** WARNING (version #db383db): /home/sek519/warm_starting/vws/../vpc/src/cut/CglVPC.cpp:335: An integer (optimal) solution with value 30 was found prior while getting disjunction.
*** WARNING (version #db383db): /home/sek519/warm_starting/vws/../vpc/src/cut/CglVPC.cpp:335: An integer (optimal) solution with value 33 was found prior while getting disjunction.
*** WARNING (version #db383db): /home/sek519/warm_starting/vws/../vpc/src/cut/CglVPC.cpp:335: An integer (optimal) solution with value 33 was found prior while getting disjunction.
*** WARNING (version #db383db): /home/sek519/warm_starting/vws/../vpc/src/cut/CglVPC.cpp:335: An integer (optimal) solution with value 34 was found prior while getting disjunction.
*** WARNING (version #db383db): /home/sek519/warm_starting/vws/../vpc/src/cut/CglVPC.cpp:335: An integer (optimal) solution with value 30 was found prior while getting disjunction.
*** WARNING (version #db383db): /home/sek519/warm_starting/vws/../vpc/src/cut/CglVPC.cpp:335: An integer (optimal) solution with value 31 was found prior while getting disjunction.
*** WARNING (version #db383db): /home/sek519/warm_starting/vws/../vpc/src/cut/CglVPC.cpp:335: An integer (optimal) solution with value 33 was found prior while getting disjunction.
*** WARNING (version #db383db): /home/sek519/warm_starting/vws/../vpc/src/cut/CglVPC.cpp:335: An integer (optimal) solution with value 31 was found prior while getting disjunction.
*** WARNING (version #db383db): /home/sek519/warm_starting/vws/../vpc/src/cut/CglVPC.cpp:335: An integer (optimal) solution with value 31 was found prior while getting disjunction.
*** WARNING (version #db383db): /home/sek519/warm_starting/vws/../vpc/src/cut/CglVPC.cpp:335: An integer (optimal) solution with value 33 was found prior while getting disjunction.
*** WARNING (version #db383db): /home/sek519/warm_starting/vws/../vpc/src/cut/CglVPC.cpp:335: An integer (optimal) solution with value 34 was found prior while getting disjunction.
*** WARNING (version #db383db): /home/sek519/warm_starting/vws/../vpc/src/cut/CglVPC.cpp:335: An integer (optimal) solution with value 32 was found prior while getting disjunction.
*** WARNING (version #db383db): /home/sek519/warm_starting/vws/../vpc/src/cut/CglVPC.cpp:335: An integer (optimal) solution with value 34 was found prior while getting disjunction.
*** WARNING (version #db383db): /home/sek519/warm_starting/vws/../vpc/src/cut/CglVPC.cpp:335: An integer (optimal) solution with value 33 was found prior while getting disjunction.
*** WARNING (version #db383db): /home/sek519/warm_starting/vws/../vpc/src/cut/CglVPC.cpp:335: An integer (optimal) solution with value 30 was found prior while getting disjunction.
*** WARNING (version #db383db): /home/sek519/warm_starting/vws/../vpc/src/cut/CglVPC.cpp:335: An integer (optimal) solution with value 30 was found prior while getting disjunction.
*** WARNING (version #db383db): /home/sek519/warm_starting/vws/../vpc/src/cut/CglVPC.cpp:335: An integer (optimal) solution with value 30 was found prior while getting disjunction.
*** WARNING (version #db383db): /home/sek519/warm_starting/vws/../vpc/src/cut/CglVPC.cpp:335: An integer (optimal) solution with value 31 was found prior while getting disjunction.
*** WARNING (version #db383db): /home/sek519/warm_starting/vws/../vpc/src/cut/CglVPC.cpp:335: An integer (optimal) solution with value 32 was found prior while getting disjunction.
*** WARNING (version #db383db): /home/sek519/warm_starting/vws/../vpc/src/cut/CglVPC.cpp:335: An integer (optimal) solution with value 34 was found prior while getting disjunction.
*** WARNING (version #db383db): /home/sek519/warm_starting/vws/../vpc/src/cut/CglVPC.cpp:335: An integer (optimal) solution with value 30 was found prior while getting disjunction.
*** WARNING (version #db383db): /home/sek519/warm_starting/vws/../vpc/src/cut/CglVPC.cpp:335: An integer (optimal) solution with value 33 was found prior while getting disjunction.
*** WARNING (version #db383db): /home/sek519/warm_starting/vws/../vpc/src/cut/CglVPC.cpp:335: An integer (optimal) solution with value 30 was found prior while getting disjunction.
*** WARNING (version #db383db): /home/sek519/warm_starting/vws/../vpc/src/cut/CglVPC.cpp:335: An integer (optimal) solution with value 30 was found prior while getting disjunction.
*** WARNING (version #db383db): /home/sek519/warm_starting/vws/../vpc/src/cut/CglVPC.cpp:335: An integer (optimal) solution with value 31 was found prior while getting disjunction.
*** WARNING (version #db383db): /home/sek519/warm_starting/vws/../vpc/src/cut/CglVPC.cpp:335: An integer (optimal) solution with value 33 was found prior while getting disjunction.
*** WARNING (version #db383db): /home/sek519/warm_starting/vws/../vpc/src/cut/CglVPC.cpp:335: An integer (optimal) solution with value 31 was found prior while getting disjunction.
*** WARNING (version #db383db): /home/sek519/warm_starting/vws/../vpc/src/cut/CglVPC.cpp:335: An integer (optimal) solution with value 33 was found prior while getting disjunction.
*** WARNING (version #db383db): /home/sek519/warm_starting/vws/../vpc/src/cut/CglVPC.cpp:335: An integer (optimal) solution with value 33 was found prior while getting disjunction.
*** WARNING (version #db383db): /home/sek519/warm_starting/vws/../vpc/src/cut/CglVPC.cpp:335: An integer (optimal) solution with value 30 was found prior while getting disjunction.
*** WARNING (version #db383db): /home/sek519/warm_starting/vws/../vpc/src/cut/CglVPC.cpp:335: An integer (optimal) solution with value 30 was found prior while getting disjunction.
*** WARNING (version #db383db): /home/sek519/warm_starting/vws/../vpc/src/cut/CglVPC.cpp:335: An integer (optimal) solution with value 34 was found prior while getting disjunction.
*** WARNING (version #db383db): /home/sek519/warm_starting/vws/../vpc/src/cut/CglVPC.cpp:335: An integer (optimal) solution with value 31 was found prior while getting disjunction.
*** WARNING (version #db383db): /home/sek519/warm_starting/vws/../vpc/src/cut/CglVPC.cpp:335: An integer (optimal) solution with value 30 was found prior while getting disjunction.
*** WARNING (version #db383db): /home/sek519/warm_starting/vws/../vpc/src/cut/CglVPC.cpp:335: An integer (optimal) solution with value 33 was found prior while getting disjunction.
*** WARNING (version #db383db): /home/sek519/warm_starting/vws/../vpc/src/cut/CglVPC.cpp:335: An integer (optimal) solution with value 31 was found prior while getting disjunction.
*** WARNING (version #db383db): /home/sek519/warm_starting/vws/../vpc/src/cut/CglVPC.cpp:335: An integer (optimal) solution with value 32 was found prior while getting disjunction.
*** WARNING (version #db383db): /home/sek519/warm_starting/vws/../vpc/src/cut/CglVPC.cpp:335: An integer (optimal) solution with value 33 was found prior while getting disjunction.
*** WARNING (version #db383db): /home/sek519/warm_starting/vws/../vpc/src/cut/CglVPC.cpp:335: An integer (optimal) solution with value 30 was found prior while getting disjunction.
Disjunction does not represent a full binary tree.
Assertion failed
*** WARNING (version #db383db): /home/sek519/warm_starting/vws/../vpc/src/cut/CglVPC.cpp:335: An integer (optimal) solution with value 31 was found prior while getting disjunction.
*** WARNING (version #db383db): /home/sek519/warm_starting/vws/../vpc/src/cut/CglVPC.cpp:335: An integer (optimal) solution with value 31 was found prior while getting disjunction.
*** WARNING (version #db383db): /home/sek519/warm_starting/vws/../vpc/src/cut/CglVPC.cpp:335: An integer (optimal) solution with value 33 was found prior while getting disjunction.
*** WARNING (version #db383db): /home/sek519/warm_starting/vws/../vpc/src/cut/CglVPC.cpp:335: An integer (optimal) solution with value 33 was found prior while getting disjunction.
*** WARNING (version #db383db): /home/sek519/warm_starting/vws/../vpc/src/cut/CglVPC.cpp:335: An integer (optimal) solution with value 33 was found prior while getting disjunction.
*** WARNING (version #db383db): /home/sek519/warm_starting/vws/../vpc/src/cut/CglVPC.cpp:335: An integer (optimal) solution with value 34 was found prior while getting disjunction.
