vws: /home/sek519/warm_starting/vpc/lib/Cbc-trunk/Cbc/src/CbcModel.cpp:11117: int CbcModel::takeOffCuts(OsiCuts&, bool, OsiCuts*, int, const OsiRowCut**): Assertion `numberRowsAtContinuous_ + totalNumberCuts == solver_->getNumRows()' failed.


ERROR while running Cbc. Signal SIGABRT caught. Getting stack trace.
/home/sek519/warm_starting/vws/../vpc/lib/Cbc-trunk/buildg/lib/libCbc.so.0(_Z15CbcCrashHandleri+0x277) [0x2acb4630aa4b]
/lib/x86_64-linux-gnu/libc.so.6(+0x33060) [0x2acb470c4060]
/lib/x86_64-linux-gnu/libc.so.6(gsignal+0xcf) [0x2acb470c3fff]
/lib/x86_64-linux-gnu/libc.so.6(abort+0x16a) [0x2acb470c542a]
/lib/x86_64-linux-gnu/libc.so.6(+0x2be67) [0x2acb470bce67]
/lib/x86_64-linux-gnu/libc.so.6(+0x2bf12) [0x2acb470bcf12]
/home/sek519/warm_starting/vws/../vpc/lib/Cbc-trunk/buildg/lib/libCbc.so.0(_ZN8CbcModel11takeOffCutsER7OsiCutsbPS0_iPPK9OsiRowCut+0xf3) [0x2acb462b31e7]
/home/sek519/warm_starting/vws/../vpc/lib/Cbc-trunk/buildg/lib/libCbc.so.0(_ZN8CbcModel12chooseBranchERP7CbcNodeiS1_R7OsiCutsRbP18CoinWarmStartBasisPKdS9_RP15OsiSolverBranch+0x122f) [0x2acb462c4e1b]
/home/sek519/warm_starting/vws/../vpc/lib/Cbc-trunk/buildg/lib/libCbc.so.0(_ZN8CbcModel14branchAndBoundEi+0xaf15) [0x2acb46299573]
../Debug/vws(+0x10457e) [0x55a5ef4f157e]
../Debug/vws(+0x127b85) [0x55a5ef514b85]
../Debug/vws(+0x79d6a) [0x55a5ef466d6a]
/lib/x86_64-linux-gnu/libc.so.6(__libc_start_main+0xf1) [0x2acb470b12e1]
../Debug/vws(+0x79259) [0x55a5ef466259]




ERROR while running Cbc. Signal SIGABRT caught. Getting stack trace.
/home/sek519/warm_starting/vws/../vpc/lib/Cbc-trunk/buildg/lib/libCbc.so.0(_Z15CbcCrashHandleri+0x277) [0x2acb4630aa4b]
/lib/x86_64-linux-gnu/libc.so.6(+0x33060) [0x2acb470c4060]
/lib/x86_64-linux-gnu/libc.so.6(gsignal+0xcf) [0x2acb470c3fff]
/lib/x86_64-linux-gnu/libc.so.6(abort+0x16a) [0x2acb470c542a]
/home/sek519/warm_starting/vws/../vpc/lib/Cbc-trunk/buildg/lib/libCbc.so.0(_Z15CbcCrashHandleri+0x355) [0x2acb4630ab29]
/lib/x86_64-linux-gnu/libc.so.6(+0x33060) [0x2acb470c4060]
/lib/x86_64-linux-gnu/libc.so.6(gsignal+0xcf) [0x2acb470c3fff]
/lib/x86_64-linux-gnu/libc.so.6(abort+0x16a) [0x2acb470c542a]
/lib/x86_64-linux-gnu/libc.so.6(+0x2be67) [0x2acb470bce67]
/lib/x86_64-linux-gnu/libc.so.6(+0x2bf12) [0x2acb470bcf12]
/home/sek519/warm_starting/vws/../vpc/lib/Cbc-trunk/buildg/lib/libCbc.so.0(_ZN8CbcModel11takeOffCutsER7OsiCutsbPS0_iPPK9OsiRowCut+0xf3) [0x2acb462b31e7]
/home/sek519/warm_starting/vws/../vpc/lib/Cbc-trunk/buildg/lib/libCbc.so.0(_ZN8CbcModel12chooseBranchERP7CbcNodeiS1_R7OsiCutsRbP18CoinWarmStartBasisPKdS9_RP15OsiSolverBranch+0x122f) [0x2acb462c4e1b]
/home/sek519/warm_starting/vws/../vpc/lib/Cbc-trunk/buildg/lib/libCbc.so.0(_ZN8CbcModel14branchAndBoundEi+0xaf15) [0x2acb46299573]
../Debug/vws(+0x10457e) [0x55a5ef4f157e]
../Debug/vws(+0x127b85) [0x55a5ef514b85]
../Debug/vws(+0x79d6a) [0x55a5ef466d6a]
/lib/x86_64-linux-gnu/libc.so.6(__libc_start_main+0xf1) [0x2acb470b12e1]
../Debug/vws(+0x79259) [0x55a5ef466259]


/var/spool/torque/mom_priv/jobs/1214396.polyp1.ie.lehigh.edu.SC: line 4: 20811 Aborted                 ../Debug/vws ${INPUT_FOLDER} ${OUTPUT_FILE} ${MAX_TIME} ${GENERATOR} ${TERMS}
