Traceback (most recent call last):
  File "/home/sek519/miniconda/bin/conda", line 12, in <module>
    from conda.cli import main
  File "/home/sek519/miniconda/lib/python3.9/site-packages/conda/__init__.py", line 11, in <module>
    from json import JSONEncoder
  File "/home/sek519/miniconda/lib/python3.9/json/__init__.py", line 106, in <module>
    from .decoder import JSONDecoder, JSONDecodeError
  File "/home/sek519/miniconda/lib/python3.9/json/decoder.py", line 3, in <module>
    import re
  File "/home/sek519/miniconda/lib/python3.9/re.py", line 127, in <module>
    import functools
  File "/home/sek519/miniconda/lib/python3.9/functools.py", line 18, in <module>
    from collections import namedtuple
  File "/home/sek519/miniconda/lib/python3.9/collections/__init__.py", line 36, in <module>
    from keyword import iskeyword as _iskeyword
  File "<frozen importlib._bootstrap>", line 1007, in _find_and_load
  File "<frozen importlib._bootstrap>", line 982, in _find_and_load_unlocked
  File "<frozen importlib._bootstrap>", line 925, in _find_spec
  File "<frozen importlib._bootstrap_external>", line 1423, in find_spec
  File "<frozen importlib._bootstrap_external>", line 1395, in _get_spec
  File "<frozen importlib._bootstrap_external>", line 1526, in find_spec
  File "<frozen importlib._bootstrap_external>", line 1569, in _fill_cache
OSError: [Errno 5] Input/output error: '/home/sek519/warm_starting/vws/experiments'
*** ERROR (version #0ab0695): /home/sek519/warm_starting/vws/../vpc/src/cut/CglVPC.cpp:676: Nonbasic reduced cost should be >= 0 in the complemented nonbasic space. However, for nb var 0 (real var 0), it is -2.070668e+01.
VPC tried to exit with error code 1
Assertion failed
*** ERROR (version #0ab0695): /home/sek519/warm_starting/vws/../vpc/src/cut/CglVPC.cpp:676: Nonbasic reduced cost should be >= 0 in the complemented nonbasic space. However, for nb var 1 (real var 2), it is -4.385573e+00.
VPC tried to exit with error code 1
Assertion failed
*** ERROR (version #0ab0695): /home/sek519/warm_starting/vws/../vpc/src/cut/CglVPC.cpp:676: Nonbasic reduced cost should be >= 0 in the complemented nonbasic space. However, for nb var 0 (real var 0), it is -6.530735e+01.
VPC tried to exit with error code 1
Assertion failed
*** ERROR (version #0ab0695): /home/sek519/warm_starting/vws/../vpc/src/cut/CglVPC.cpp:676: Nonbasic reduced cost should be >= 0 in the complemented nonbasic space. However, for nb var 0 (real var 0), it is -2.377165e+01.
VPC tried to exit with error code 1
Assertion failed
*** ERROR (version #0ab0695): /home/sek519/warm_starting/vws/../vpc/src/cut/CglVPC.cpp:676: Nonbasic reduced cost should be >= 0 in the complemented nonbasic space. However, for nb var 0 (real var 0), it is -2.377165e+01.
VPC tried to exit with error code 1
Assertion failed
*** ERROR (version #0ab0695): /home/sek519/warm_starting/vws/../vpc/src/cut/CglVPC.cpp:676: Nonbasic reduced cost should be >= 0 in the complemented nonbasic space. However, for nb var 1 (real var 2), it is -3.341393e+01.
VPC tried to exit with error code 1
Assertion failed
*** ERROR (version #0ab0695): /home/sek519/warm_starting/vws/../vpc/src/cut/CglVPC.cpp:676: Nonbasic reduced cost should be >= 0 in the complemented nonbasic space. However, for nb var 1 (real var 2), it is -3.341393e+01.
VPC tried to exit with error code 1
Assertion failed
*** ERROR (version #0ab0695): /home/sek519/warm_starting/vws/../vpc/src/cut/CglVPC.cpp:676: Nonbasic reduced cost should be >= 0 in the complemented nonbasic space. However, for nb var 0 (real var 0), it is -5.237006e+00.
VPC tried to exit with error code 1
Assertion failed
*** ERROR (version #0ab0695): /home/sek519/warm_starting/vws/../vpc/src/cut/CglVPC.cpp:676: Nonbasic reduced cost should be >= 0 in the complemented nonbasic space. However, for nb var 0 (real var 0), it is -5.237006e+00.
VPC tried to exit with error code 1
Assertion failed
*** ERROR (version #0ab0695): /home/sek519/warm_starting/vws/../vpc/src/cut/CglVPC.cpp:676: Nonbasic reduced cost should be >= 0 in the complemented nonbasic space. However, for nb var 0 (real var 0), it is -2.377165e+01.
VPC tried to exit with error code 1
Assertion failed
*** ERROR (version #0ab0695): /home/sek519/warm_starting/vws/../vpc/src/cut/CglVPC.cpp:676: Nonbasic reduced cost should be >= 0 in the complemented nonbasic space. However, for nb var 1 (real var 2), it is -9.030394e+00.
VPC tried to exit with error code 1
Assertion failed
*** ERROR (version #0ab0695): /home/sek519/warm_starting/vws/../vpc/src/cut/CglVPC.cpp:676: Nonbasic reduced cost should be >= 0 in the complemented nonbasic space. However, for nb var 0 (real var 0), it is -5.237006e+00.
VPC tried to exit with error code 1
Assertion failed
*** ERROR (version #0ab0695): /home/sek519/warm_starting/vws/../vpc/src/cut/CglVPC.cpp:676: Nonbasic reduced cost should be >= 0 in the complemented nonbasic space. However, for nb var 0 (real var 0), it is -2.377165e+01.
VPC tried to exit with error code 1
Assertion failed
*** ERROR (version #0ab0695): /home/sek519/warm_starting/vws/../vpc/src/cut/CglVPC.cpp:676: Nonbasic reduced cost should be >= 0 in the complemented nonbasic space. However, for nb var 0 (real var 0), it is -2.377165e+01.
VPC tried to exit with error code 1
Assertion failed
*** ERROR (version #0ab0695): /home/sek519/warm_starting/vws/../vpc/src/cut/CglVPC.cpp:676: Nonbasic reduced cost should be >= 0 in the complemented nonbasic space. However, for nb var 0 (real var 0), it is -2.377165e+01.
VPC tried to exit with error code 1
Assertion failed
*** ERROR (version #0ab0695): /home/sek519/warm_starting/vws/../vpc/src/cut/CglVPC.cpp:676: Nonbasic reduced cost should be >= 0 in the complemented nonbasic space. However, for nb var 1 (real var 2), it is -3.341393e+01.
VPC tried to exit with error code 1
Assertion failed
*** ERROR (version #0ab0695): /home/sek519/warm_starting/vws/../vpc/src/cut/CglVPC.cpp:676: Nonbasic reduced cost should be >= 0 in the complemented nonbasic space. However, for nb var 1 (real var 2), it is -4.385573e+00.
VPC tried to exit with error code 1
Assertion failed
*** ERROR (version #0ab0695): /home/sek519/warm_starting/vws/../vpc/src/cut/CglVPC.cpp:676: Nonbasic reduced cost should be >= 0 in the complemented nonbasic space. However, for nb var 0 (real var 0), it is -2.377165e+01.
VPC tried to exit with error code 1
Assertion failed
*** ERROR (version #0ab0695): /home/sek519/warm_starting/vws/../vpc/src/cut/CglVPC.cpp:676: Nonbasic reduced cost should be >= 0 in the complemented nonbasic space. However, for nb var 0 (real var 0), it is -2.377165e+01.
VPC tried to exit with error code 1
Assertion failed
*** ERROR (version #0ab0695): /home/sek519/warm_starting/vws/../vpc/src/cut/CglVPC.cpp:676: Nonbasic reduced cost should be >= 0 in the complemented nonbasic space. However, for nb var 1 (real var 2), it is -4.385573e+00.
VPC tried to exit with error code 1
Assertion failed
*** ERROR (version #0ab0695): /home/sek519/warm_starting/vws/../vpc/src/cut/CglVPC.cpp:676: Nonbasic reduced cost should be >= 0 in the complemented nonbasic space. However, for nb var 0 (real var 0), it is -2.438462e+01.
VPC tried to exit with error code 1
Assertion failed
*** ERROR (version #0ab0695): /home/sek519/warm_starting/vws/../vpc/src/cut/CglVPC.cpp:676: Nonbasic reduced cost should be >= 0 in the complemented nonbasic space. However, for nb var 0 (real var 0), it is -5.933495e+00.
VPC tried to exit with error code 1
Assertion failed
*** ERROR (version #0ab0695): /home/sek519/warm_starting/vws/../vpc/src/cut/CglVPC.cpp:676: Nonbasic reduced cost should be >= 0 in the complemented nonbasic space. However, for nb var 0 (real var 0), it is -5.237006e+00.
VPC tried to exit with error code 1
Assertion failed
*** ERROR (version #0ab0695): /home/sek519/warm_starting/vws/../vpc/src/cut/CglVPC.cpp:676: Nonbasic reduced cost should be >= 0 in the complemented nonbasic space. However, for nb var 1 (real var 2), it is -4.385573e+00.
VPC tried to exit with error code 1
Assertion failed
*** ERROR (version #0ab0695): /home/sek519/warm_starting/vws/../vpc/src/cut/CglVPC.cpp:676: Nonbasic reduced cost should be >= 0 in the complemented nonbasic space. However, for nb var 0 (real var 0), it is -2.377165e+01.
VPC tried to exit with error code 1
Assertion failed
*** ERROR (version #0ab0695): /home/sek519/warm_starting/vws/../vpc/src/cut/CglVPC.cpp:676: Nonbasic reduced cost should be >= 0 in the complemented nonbasic space. However, for nb var 0 (real var 0), it is -5.237006e+00.
VPC tried to exit with error code 1
Assertion failed
*** ERROR (version #0ab0695): /home/sek519/warm_starting/vws/../vpc/src/cut/CglVPC.cpp:676: Nonbasic reduced cost should be >= 0 in the complemented nonbasic space. However, for nb var 0 (real var 0), it is -2.416667e+01.
VPC tried to exit with error code 1
Assertion failed
*** ERROR (version #0ab0695): /home/sek519/warm_starting/vws/../vpc/src/cut/CglVPC.cpp:676: Nonbasic reduced cost should be >= 0 in the complemented nonbasic space. However, for nb var 0 (real var 0), it is -5.237006e+00.
VPC tried to exit with error code 1
Assertion failed
*** ERROR (version #0ab0695): /home/sek519/warm_starting/vws/../vpc/src/cut/CglVPC.cpp:676: Nonbasic reduced cost should be >= 0 in the complemented nonbasic space. However, for nb var 0 (real var 0), it is -2.377165e+01.
VPC tried to exit with error code 1
Assertion failed
*** ERROR (version #0ab0695): /home/sek519/warm_starting/vws/../vpc/src/cut/CglVPC.cpp:676: Nonbasic reduced cost should be >= 0 in the complemented nonbasic space. However, for nb var 0 (real var 0), it is -2.377165e+01.
VPC tried to exit with error code 1
Assertion failed
*** ERROR (version #0ab0695): /home/sek519/warm_starting/vws/../vpc/src/cut/CglVPC.cpp:676: Nonbasic reduced cost should be >= 0 in the complemented nonbasic space. However, for nb var 0 (real var 0), it is -5.933495e+00.
VPC tried to exit with error code 1
Assertion failed
*** ERROR (version #0ab0695): /home/sek519/warm_starting/vws/../vpc/src/cut/CglVPC.cpp:676: Nonbasic reduced cost should be >= 0 in the complemented nonbasic space. However, for nb var 1 (real var 2), it is -9.030394e+00.
VPC tried to exit with error code 1
Assertion failed
*** ERROR (version #0ab0695): /home/sek519/warm_starting/vws/../vpc/src/cut/CglVPC.cpp:676: Nonbasic reduced cost should be >= 0 in the complemented nonbasic space. However, for nb var 0 (real var 0), it is -2.377165e+01.
VPC tried to exit with error code 1
Assertion failed
*** ERROR (version #0ab0695): /home/sek519/warm_starting/vws/../vpc/src/cut/CglVPC.cpp:676: Nonbasic reduced cost should be >= 0 in the complemented nonbasic space. However, for nb var 1 (real var 2), it is -9.030394e+00.
VPC tried to exit with error code 1
Assertion failed
*** ERROR (version #0ab0695): /home/sek519/warm_starting/vws/../vpc/src/cut/CglVPC.cpp:676: Nonbasic reduced cost should be >= 0 in the complemented nonbasic space. However, for nb var 0 (real var 0), it is -5.237006e+00.
VPC tried to exit with error code 1
Assertion failed
*** ERROR (version #0ab0695): /home/sek519/warm_starting/vws/../vpc/src/cut/CglVPC.cpp:676: Nonbasic reduced cost should be >= 0 in the complemented nonbasic space. However, for nb var 1 (real var 2), it is -4.385573e+00.
VPC tried to exit with error code 1
Assertion failed
*** ERROR (version #0ab0695): /home/sek519/warm_starting/vws/../vpc/src/cut/CglVPC.cpp:676: Nonbasic reduced cost should be >= 0 in the complemented nonbasic space. However, for nb var 0 (real var 0), it is -2.377165e+01.
VPC tried to exit with error code 1
Assertion failed
*** ERROR (version #0ab0695): /home/sek519/warm_starting/vws/../vpc/src/cut/CglVPC.cpp:676: Nonbasic reduced cost should be >= 0 in the complemented nonbasic space. However, for nb var 0 (real var 0), it is -2.377165e+01.
VPC tried to exit with error code 1
Assertion failed
*** ERROR (version #0ab0695): /home/sek519/warm_starting/vws/../vpc/src/cut/CglVPC.cpp:676: Nonbasic reduced cost should be >= 0 in the complemented nonbasic space. However, for nb var 0 (real var 0), it is -2.377165e+01.
VPC tried to exit with error code 1
Assertion failed
*** ERROR (version #0ab0695): /home/sek519/warm_starting/vws/../vpc/src/cut/CglVPC.cpp:676: Nonbasic reduced cost should be >= 0 in the complemented nonbasic space. However, for nb var 0 (real var 0), it is -2.377165e+01.
VPC tried to exit with error code 1
Assertion failed
*** ERROR (version #0ab0695): /home/sek519/warm_starting/vws/../vpc/src/cut/CglVPC.cpp:676: Nonbasic reduced cost should be >= 0 in the complemented nonbasic space. However, for nb var 0 (real var 0), it is -1.782883e+01.
VPC tried to exit with error code 1
Assertion failed
*** ERROR (version #0ab0695): /home/sek519/warm_starting/vws/../vpc/src/cut/CglVPC.cpp:676: Nonbasic reduced cost should be >= 0 in the complemented nonbasic space. However, for nb var 0 (real var 0), it is -2.070668e+01.
VPC tried to exit with error code 1
Assertion failed
*** ERROR (version #0ab0695): /home/sek519/warm_starting/vws/../vpc/src/cut/CglVPC.cpp:676: Nonbasic reduced cost should be >= 0 in the complemented nonbasic space. However, for nb var 0 (real var 0), it is -5.237006e+00.
VPC tried to exit with error code 1
Assertion failed
*** ERROR (version #0ab0695): /home/sek519/warm_starting/vws/../vpc/src/cut/CglVPC.cpp:676: Nonbasic reduced cost should be >= 0 in the complemented nonbasic space. However, for nb var 0 (real var 0), it is -2.377165e+01.
VPC tried to exit with error code 1
Assertion failed
*** ERROR (version #0ab0695): /home/sek519/warm_starting/vws/../vpc/src/cut/CglVPC.cpp:676: Nonbasic reduced cost should be >= 0 in the complemented nonbasic space. However, for nb var 0 (real var 0), it is -2.377165e+01.
VPC tried to exit with error code 1
Assertion failed
*** ERROR (version #0ab0695): /home/sek519/warm_starting/vws/../vpc/src/cut/CglVPC.cpp:676: Nonbasic reduced cost should be >= 0 in the complemented nonbasic space. However, for nb var 1 (real var 3), it is -1.804868e+00.
VPC tried to exit with error code 1
Assertion failed
*** ERROR (version #0ab0695): /home/sek519/warm_starting/vws/../vpc/src/cut/CglVPC.cpp:676: Nonbasic reduced cost should be >= 0 in the complemented nonbasic space. However, for nb var 0 (real var 0), it is -2.377165e+01.
VPC tried to exit with error code 1
Assertion failed
*** ERROR (version #0ab0695): /home/sek519/warm_starting/vws/../vpc/src/cut/CglVPC.cpp:676: Nonbasic reduced cost should be >= 0 in the complemented nonbasic space. However, for nb var 1 (real var 2), it is -1.125307e+01.
VPC tried to exit with error code 1
Assertion failed
*** ERROR (version #0ab0695): /home/sek519/warm_starting/vws/../vpc/src/cut/CglVPC.cpp:676: Nonbasic reduced cost should be >= 0 in the complemented nonbasic space. However, for nb var 0 (real var 0), it is -2.309934e+01.
VPC tried to exit with error code 1
Assertion failed
*** ERROR (version #0ab0695): /home/sek519/warm_starting/vws/../vpc/src/cut/CglVPC.cpp:676: Nonbasic reduced cost should be >= 0 in the complemented nonbasic space. However, for nb var 1 (real var 2), it is -1.125307e+01.
VPC tried to exit with error code 1
Assertion failed
*** ERROR (version #0ab0695): /home/sek519/warm_starting/vws/../vpc/src/cut/CglVPC.cpp:676: Nonbasic reduced cost should be >= 0 in the complemented nonbasic space. However, for nb var 0 (real var 0), it is -2.377165e+01.
VPC tried to exit with error code 1
Assertion failed
*** ERROR (version #0ab0695): /home/sek519/warm_starting/vws/../vpc/src/cut/CglVPC.cpp:676: Nonbasic reduced cost should be >= 0 in the complemented nonbasic space. However, for nb var 1 (real var 2), it is -3.341393e+01.
VPC tried to exit with error code 1
Assertion failed
*** ERROR (version #0ab0695): /home/sek519/warm_starting/vws/../vpc/src/cut/CglVPC.cpp:676: Nonbasic reduced cost should be >= 0 in the complemented nonbasic space. However, for nb var 1 (real var 2), it is -8.573348e+00.
VPC tried to exit with error code 1
Assertion failed
*** ERROR (version #0ab0695): /home/sek519/warm_starting/vws/../vpc/src/cut/CglVPC.cpp:676: Nonbasic reduced cost should be >= 0 in the complemented nonbasic space. However, for nb var 0 (real var 0), it is -5.237006e+00.
VPC tried to exit with error code 1
Assertion failed
*** ERROR (version #0ab0695): /home/sek519/warm_starting/vws/../vpc/src/cut/CglVPC.cpp:676: Nonbasic reduced cost should be >= 0 in the complemented nonbasic space. However, for nb var 1 (real var 1), it is -1.486920e+01.
VPC tried to exit with error code 1
Assertion failed
*** ERROR (version #0ab0695): /home/sek519/warm_starting/vws/../vpc/src/cut/CglVPC.cpp:676: Nonbasic reduced cost should be >= 0 in the complemented nonbasic space. However, for nb var 0 (real var 0), it is -8.737640e+00.
VPC tried to exit with error code 1
Assertion failed
*** ERROR (version #0ab0695): /home/sek519/warm_starting/vws/../vpc/src/cut/CglVPC.cpp:676: Nonbasic reduced cost should be >= 0 in the complemented nonbasic space. However, for nb var 0 (real var 0), it is -2.377165e+01.
VPC tried to exit with error code 1
Assertion failed
*** ERROR (version #0ab0695): /home/sek519/warm_starting/vws/../vpc/src/cut/CglVPC.cpp:676: Nonbasic reduced cost should be >= 0 in the complemented nonbasic space. However, for nb var 0 (real var 0), it is -2.377165e+01.
VPC tried to exit with error code 1
Assertion failed
*** ERROR (version #0ab0695): /home/sek519/warm_starting/vws/../vpc/src/cut/CglVPC.cpp:676: Nonbasic reduced cost should be >= 0 in the complemented nonbasic space. However, for nb var 0 (real var 0), it is -2.416667e+01.
VPC tried to exit with error code 1
Assertion failed
*** ERROR (version #0ab0695): /home/sek519/warm_starting/vws/../vpc/src/cut/CglVPC.cpp:676: Nonbasic reduced cost should be >= 0 in the complemented nonbasic space. However, for nb var 1 (real var 2), it is -3.341393e+01.
VPC tried to exit with error code 1
Assertion failed
*** ERROR (version #0ab0695): /home/sek519/warm_starting/vws/../vpc/src/cut/CglVPC.cpp:676: Nonbasic reduced cost should be >= 0 in the complemented nonbasic space. However, for nb var 0 (real var 0), it is -2.377165e+01.
VPC tried to exit with error code 1
Assertion failed
*** ERROR (version #0ab0695): /home/sek519/warm_starting/vws/../vpc/src/cut/CglVPC.cpp:676: Nonbasic reduced cost should be >= 0 in the complemented nonbasic space. However, for nb var 0 (real var 0), it is -9.493659e+00.
VPC tried to exit with error code 1
Assertion failed
*** ERROR (version #0ab0695): /home/sek519/warm_starting/vws/../vpc/src/cut/CglVPC.cpp:676: Nonbasic reduced cost should be >= 0 in the complemented nonbasic space. However, for nb var 1 (real var 2), it is -4.385573e+00.
VPC tried to exit with error code 1
Assertion failed
*** ERROR (version #0ab0695): /home/sek519/warm_starting/vws/../vpc/src/cut/CglVPC.cpp:676: Nonbasic reduced cost should be >= 0 in the complemented nonbasic space. However, for nb var 0 (real var 0), it is -5.237006e+00.
VPC tried to exit with error code 1
Assertion failed
*** ERROR (version #0ab0695): /home/sek519/warm_starting/vws/../vpc/src/cut/CglVPC.cpp:676: Nonbasic reduced cost should be >= 0 in the complemented nonbasic space. However, for nb var 0 (real var 0), it is -5.237006e+00.
VPC tried to exit with error code 1
Assertion failed
*** ERROR (version #0ab0695): /home/sek519/warm_starting/vws/../vpc/src/cut/CglVPC.cpp:676: Nonbasic reduced cost should be >= 0 in the complemented nonbasic space. However, for nb var 0 (real var 0), it is -2.377165e+01.
VPC tried to exit with error code 1
Assertion failed
*** ERROR (version #0ab0695): /home/sek519/warm_starting/vws/../vpc/src/cut/CglVPC.cpp:676: Nonbasic reduced cost should be >= 0 in the complemented nonbasic space. However, for nb var 0 (real var 0), it is -2.377165e+01.
VPC tried to exit with error code 1
Assertion failed
*** ERROR (version #0ab0695): /home/sek519/warm_starting/vws/../vpc/src/cut/CglVPC.cpp:676: Nonbasic reduced cost should be >= 0 in the complemented nonbasic space. However, for nb var 0 (real var 0), it is -2.377165e+01.
VPC tried to exit with error code 1
Assertion failed
*** ERROR (version #0ab0695): /home/sek519/warm_starting/vws/../vpc/src/cut/CglVPC.cpp:676: Nonbasic reduced cost should be >= 0 in the complemented nonbasic space. However, for nb var 0 (real var 0), it is -2.377165e+01.
VPC tried to exit with error code 1
Assertion failed
*** ERROR (version #0ab0695): /home/sek519/warm_starting/vws/../vpc/src/cut/CglVPC.cpp:676: Nonbasic reduced cost should be >= 0 in the complemented nonbasic space. However, for nb var 1 (real var 3), it is -1.804868e+00.
VPC tried to exit with error code 1
Assertion failed
*** ERROR (version #0ab0695): /home/sek519/warm_starting/vws/../vpc/src/cut/CglVPC.cpp:676: Nonbasic reduced cost should be >= 0 in the complemented nonbasic space. However, for nb var 0 (real var 0), it is -2.377165e+01.
VPC tried to exit with error code 1
Assertion failed
*** ERROR (version #0ab0695): /home/sek519/warm_starting/vws/../vpc/src/cut/CglVPC.cpp:676: Nonbasic reduced cost should be >= 0 in the complemented nonbasic space. However, for nb var 0 (real var 0), it is -2.309934e+01.
VPC tried to exit with error code 1
Assertion failed
*** ERROR (version #0ab0695): /home/sek519/warm_starting/vws/../vpc/src/cut/CglVPC.cpp:676: Nonbasic reduced cost should be >= 0 in the complemented nonbasic space. However, for nb var 0 (real var 0), it is -2.377165e+01.
VPC tried to exit with error code 1
Assertion failed
*** ERROR (version #0ab0695): /home/sek519/warm_starting/vws/../vpc/src/cut/CglVPC.cpp:676: Nonbasic reduced cost should be >= 0 in the complemented nonbasic space. However, for nb var 1 (real var 2), it is -3.341393e+01.
VPC tried to exit with error code 1
Assertion failed
*** ERROR (version #0ab0695): /home/sek519/warm_starting/vws/../vpc/src/cut/CglVPC.cpp:676: Nonbasic reduced cost should be >= 0 in the complemented nonbasic space. However, for nb var 1 (real var 2), it is -5.060257e+00.
VPC tried to exit with error code 1
Assertion failed
*** ERROR (version #0ab0695): /home/sek519/warm_starting/vws/../vpc/src/cut/CglVPC.cpp:676: Nonbasic reduced cost should be >= 0 in the complemented nonbasic space. However, for nb var 0 (real var 0), it is -5.933495e+00.
VPC tried to exit with error code 1
Assertion failed
*** ERROR (version #0ab0695): /home/sek519/warm_starting/vws/../vpc/src/cut/CglVPC.cpp:676: Nonbasic reduced cost should be >= 0 in the complemented nonbasic space. However, for nb var 1 (real var 2), it is -4.385573e+00.
VPC tried to exit with error code 1
Assertion failed
*** ERROR (version #0ab0695): /home/sek519/warm_starting/vws/../vpc/src/cut/CglVPC.cpp:676: Nonbasic reduced cost should be >= 0 in the complemented nonbasic space. However, for nb var 1 (real var 2), it is -4.385573e+00.
VPC tried to exit with error code 1
Assertion failed
*** ERROR (version #0ab0695): /home/sek519/warm_starting/vws/../vpc/src/cut/CglVPC.cpp:676: Nonbasic reduced cost should be >= 0 in the complemented nonbasic space. However, for nb var 1 (real var 2), it is -8.573348e+00.
VPC tried to exit with error code 1
Assertion failed
*** ERROR (version #0ab0695): /home/sek519/warm_starting/vws/../vpc/src/cut/CglVPC.cpp:676: Nonbasic reduced cost should be >= 0 in the complemented nonbasic space. However, for nb var 0 (real var 0), it is -3.659458e+00.
VPC tried to exit with error code 1
Assertion failed
*** ERROR (version #0ab0695): /home/sek519/warm_starting/vws/../vpc/src/cut/CglVPC.cpp:676: Nonbasic reduced cost should be >= 0 in the complemented nonbasic space. However, for nb var 1 (real var 2), it is -5.060257e+00.
VPC tried to exit with error code 1
Assertion failed
*** ERROR (version #0ab0695): /home/sek519/warm_starting/vws/../vpc/src/cut/CglVPC.cpp:676: Nonbasic reduced cost should be >= 0 in the complemented nonbasic space. However, for nb var 1 (real var 2), it is -8.573348e+00.
VPC tried to exit with error code 1
Assertion failed
*** ERROR (version #0ab0695): /home/sek519/warm_starting/vws/../vpc/src/cut/CglVPC.cpp:676: Nonbasic reduced cost should be >= 0 in the complemented nonbasic space. However, for nb var 0 (real var 0), it is -5.237006e+00.
VPC tried to exit with error code 1
Assertion failed
*** ERROR (version #0ab0695): /home/sek519/warm_starting/vws/../vpc/src/cut/CglVPC.cpp:676: Nonbasic reduced cost should be >= 0 in the complemented nonbasic space. However, for nb var 0 (real var 0), it is -2.377165e+01.
VPC tried to exit with error code 1
Assertion failed
*** ERROR (version #0ab0695): /home/sek519/warm_starting/vws/../vpc/src/cut/CglVPC.cpp:676: Nonbasic reduced cost should be >= 0 in the complemented nonbasic space. However, for nb var 0 (real var 0), it is -8.737640e+00.
VPC tried to exit with error code 1
Assertion failed
*** ERROR (version #0ab0695): /home/sek519/warm_starting/vws/../vpc/src/cut/CglVPC.cpp:676: Nonbasic reduced cost should be >= 0 in the complemented nonbasic space. However, for nb var 0 (real var 0), it is -5.237006e+00.
VPC tried to exit with error code 1
Assertion failed
*** ERROR (version #0ab0695): /home/sek519/warm_starting/vws/../vpc/src/cut/CglVPC.cpp:676: Nonbasic reduced cost should be >= 0 in the complemented nonbasic space. However, for nb var 0 (real var 0), it is -2.377165e+01.
VPC tried to exit with error code 1
Assertion failed
*** ERROR (version #0ab0695): /home/sek519/warm_starting/vws/../vpc/src/cut/CglVPC.cpp:676: Nonbasic reduced cost should be >= 0 in the complemented nonbasic space. However, for nb var 0 (real var 0), it is -2.377165e+01.
VPC tried to exit with error code 1
Assertion failed
*** ERROR (version #0ab0695): /home/sek519/warm_starting/vws/../vpc/src/cut/CglVPC.cpp:676: Nonbasic reduced cost should be >= 0 in the complemented nonbasic space. However, for nb var 0 (real var 0), it is -2.309934e+01.
VPC tried to exit with error code 1
Assertion failed
*** ERROR (version #0ab0695): /home/sek519/warm_starting/vws/../vpc/src/cut/CglVPC.cpp:676: Nonbasic reduced cost should be >= 0 in the complemented nonbasic space. However, for nb var 0 (real var 0), it is -9.493659e+00.
VPC tried to exit with error code 1
Assertion failed
*** WARNING (version #0ab0695): /home/sek519/warm_starting/vws/../vpc/src/utility/nbspace.cpp:149: Point: Calculated dot product with obj differs from solver's. Obj viol from solver: 21.32440537. Calculated: 31.16060226.
*** ERROR (version #0ab0695): /home/sek519/warm_starting/vws/../vpc/src/cut/CglVPC.cpp:676: Nonbasic reduced cost should be >= 0 in the complemented nonbasic space. However, for nb var 0 (real var 0), it is -8.737640e+00.
VPC tried to exit with error code 1
Assertion failed
*** ERROR (version #0ab0695): /home/sek519/warm_starting/vws/../vpc/src/cut/CglVPC.cpp:676: Nonbasic reduced cost should be >= 0 in the complemented nonbasic space. However, for nb var 0 (real var 0), it is -2.377165e+01.
VPC tried to exit with error code 1
Assertion failed
*** ERROR (version #0ab0695): /home/sek519/warm_starting/vws/../vpc/src/cut/CglVPC.cpp:676: Nonbasic reduced cost should be >= 0 in the complemented nonbasic space. However, for nb var 1 (real var 2), it is -4.385573e+00.
VPC tried to exit with error code 1
Assertion failed
*** ERROR (version #0ab0695): /home/sek519/warm_starting/vws/../vpc/src/cut/CglVPC.cpp:676: Nonbasic reduced cost should be >= 0 in the complemented nonbasic space. However, for nb var 0 (real var 0), it is -2.377165e+01.
VPC tried to exit with error code 1
Assertion failed
*** ERROR (version #0ab0695): /home/sek519/warm_starting/vws/../vpc/src/cut/CglVPC.cpp:676: Nonbasic reduced cost should be >= 0 in the complemented nonbasic space. However, for nb var 1 (real var 2), it is -4.385573e+00.
VPC tried to exit with error code 1
Assertion failed
*** ERROR (version #0ab0695): /home/sek519/warm_starting/vws/../vpc/src/cut/CglVPC.cpp:676: Nonbasic reduced cost should be >= 0 in the complemented nonbasic space. However, for nb var 0 (real var 0), it is -2.377165e+01.
VPC tried to exit with error code 1
Assertion failed
*** ERROR (version #0ab0695): /home/sek519/warm_starting/vws/../vpc/src/cut/CglVPC.cpp:676: Nonbasic reduced cost should be >= 0 in the complemented nonbasic space. However, for nb var 0 (real var 0), it is -5.237006e+00.
VPC tried to exit with error code 1
Assertion failed
*** ERROR (version #0ab0695): /home/sek519/warm_starting/vws/../vpc/src/cut/CglVPC.cpp:676: Nonbasic reduced cost should be >= 0 in the complemented nonbasic space. However, for nb var 1 (real var 2), it is -4.385573e+00.
VPC tried to exit with error code 1
Assertion failed
*** ERROR (version #0ab0695): /home/sek519/warm_starting/vws/../vpc/src/cut/CglVPC.cpp:676: Nonbasic reduced cost should be >= 0 in the complemented nonbasic space. However, for nb var 1 (real var 2), it is -4.385573e+00.
VPC tried to exit with error code 1
Assertion failed
*** ERROR (version #0ab0695): /home/sek519/warm_starting/vws/../vpc/src/cut/CglVPC.cpp:676: Nonbasic reduced cost should be >= 0 in the complemented nonbasic space. However, for nb var 0 (real var 0), it is -2.377165e+01.
VPC tried to exit with error code 1
Assertion failed
*** ERROR (version #0ab0695): /home/sek519/warm_starting/vws/../vpc/src/cut/CglVPC.cpp:676: Nonbasic reduced cost should be >= 0 in the complemented nonbasic space. However, for nb var 0 (real var 0), it is -2.309934e+01.
VPC tried to exit with error code 1
Assertion failed
*** ERROR (version #0ab0695): /home/sek519/warm_starting/vws/../vpc/src/cut/CglVPC.cpp:676: Nonbasic reduced cost should be >= 0 in the complemented nonbasic space. However, for nb var 0 (real var 0), it is -2.377165e+01.
VPC tried to exit with error code 1
Assertion failed
*** ERROR (version #0ab0695): /home/sek519/warm_starting/vws/../vpc/src/cut/CglVPC.cpp:676: Nonbasic reduced cost should be >= 0 in the complemented nonbasic space. However, for nb var 0 (real var 0), it is -5.237006e+00.
VPC tried to exit with error code 1
Assertion failed
*** ERROR (version #0ab0695): /home/sek519/warm_starting/vws/../vpc/src/cut/CglVPC.cpp:676: Nonbasic reduced cost should be >= 0 in the complemented nonbasic space. However, for nb var 0 (real var 0), it is -2.377165e+01.
VPC tried to exit with error code 1
Assertion failed
*** ERROR (version #0ab0695): /home/sek519/warm_starting/vws/../vpc/src/cut/CglVPC.cpp:676: Nonbasic reduced cost should be >= 0 in the complemented nonbasic space. However, for nb var 1 (real var 2), it is -4.385573e+00.
VPC tried to exit with error code 1
Assertion failed
*** ERROR (version #0ab0695): /home/sek519/warm_starting/vws/../vpc/src/cut/CglVPC.cpp:676: Nonbasic reduced cost should be >= 0 in the complemented nonbasic space. However, for nb var 0 (real var 0), it is -5.237006e+00.
VPC tried to exit with error code 1
Assertion failed
*** ERROR (version #0ab0695): /home/sek519/warm_starting/vws/../vpc/src/cut/CglVPC.cpp:676: Nonbasic reduced cost should be >= 0 in the complemented nonbasic space. However, for nb var 0 (real var 0), it is -5.237006e+00.
VPC tried to exit with error code 1
Assertion failed
*** ERROR (version #0ab0695): /home/sek519/warm_starting/vws/../vpc/src/cut/CglVPC.cpp:676: Nonbasic reduced cost should be >= 0 in the complemented nonbasic space. However, for nb var 0 (real var 0), it is -2.377165e+01.
VPC tried to exit with error code 1
Assertion failed
*** ERROR (version #0ab0695): /home/sek519/warm_starting/vws/../vpc/src/cut/CglVPC.cpp:676: Nonbasic reduced cost should be >= 0 in the complemented nonbasic space. However, for nb var 1 (real var 2), it is -8.573348e+00.
VPC tried to exit with error code 1
Assertion failed
*** ERROR (version #0ab0695): /home/sek519/warm_starting/vws/../vpc/src/cut/CglVPC.cpp:676: Nonbasic reduced cost should be >= 0 in the complemented nonbasic space. However, for nb var 0 (real var 0), it is -2.377165e+01.
VPC tried to exit with error code 1
Assertion failed
*** ERROR (version #0ab0695): /home/sek519/warm_starting/vws/../vpc/src/cut/CglVPC.cpp:676: Nonbasic reduced cost should be >= 0 in the complemented nonbasic space. However, for nb var 0 (real var 0), it is -2.377165e+01.
VPC tried to exit with error code 1
Assertion failed
*** ERROR (version #0ab0695): /home/sek519/warm_starting/vws/../vpc/src/cut/CglVPC.cpp:676: Nonbasic reduced cost should be >= 0 in the complemented nonbasic space. However, for nb var 0 (real var 0), it is -2.377165e+01.
VPC tried to exit with error code 1
Assertion failed
*** ERROR (version #0ab0695): /home/sek519/warm_starting/vws/../vpc/src/cut/CglVPC.cpp:676: Nonbasic reduced cost should be >= 0 in the complemented nonbasic space. However, for nb var 1 (real var 2), it is -3.341393e+01.
VPC tried to exit with error code 1
Assertion failed
*** ERROR (version #0ab0695): /home/sek519/warm_starting/vws/../vpc/src/cut/CglVPC.cpp:676: Nonbasic reduced cost should be >= 0 in the complemented nonbasic space. However, for nb var 1 (real var 2), it is -9.030394e+00.
VPC tried to exit with error code 1
Assertion failed
*** ERROR (version #0ab0695): /home/sek519/warm_starting/vws/../vpc/src/cut/CglVPC.cpp:676: Nonbasic reduced cost should be >= 0 in the complemented nonbasic space. However, for nb var 0 (real var 0), it is -2.377165e+01.
VPC tried to exit with error code 1
Assertion failed
*** ERROR (version #0ab0695): /home/sek519/warm_starting/vws/../vpc/src/cut/CglVPC.cpp:676: Nonbasic reduced cost should be >= 0 in the complemented nonbasic space. However, for nb var 0 (real var 0), it is -2.377165e+01.
VPC tried to exit with error code 1
Assertion failed
*** ERROR (version #0ab0695): /home/sek519/warm_starting/vws/../vpc/src/cut/CglVPC.cpp:676: Nonbasic reduced cost should be >= 0 in the complemented nonbasic space. However, for nb var 1 (real var 2), it is -4.385573e+00.
VPC tried to exit with error code 1
Assertion failed
*** ERROR (version #0ab0695): /home/sek519/warm_starting/vws/../vpc/src/cut/CglVPC.cpp:676: Nonbasic reduced cost should be >= 0 in the complemented nonbasic space. However, for nb var 0 (real var 0), it is -2.377165e+01.
VPC tried to exit with error code 1
Assertion failed
*** ERROR (version #0ab0695): /home/sek519/warm_starting/vws/../vpc/src/cut/CglVPC.cpp:676: Nonbasic reduced cost should be >= 0 in the complemented nonbasic space. However, for nb var 1 (real var 2), it is -1.125307e+01.
VPC tried to exit with error code 1
Assertion failed
*** ERROR (version #0ab0695): /home/sek519/warm_starting/vws/../vpc/src/cut/CglVPC.cpp:676: Nonbasic reduced cost should be >= 0 in the complemented nonbasic space. However, for nb var 1 (real var 2), it is -3.341393e+01.
VPC tried to exit with error code 1
Assertion failed
*** ERROR (version #0ab0695): /home/sek519/warm_starting/vws/../vpc/src/cut/CglVPC.cpp:676: Nonbasic reduced cost should be >= 0 in the complemented nonbasic space. However, for nb var 0 (real var 0), it is -5.237006e+00.
VPC tried to exit with error code 1
Assertion failed
*** ERROR (version #0ab0695): /home/sek519/warm_starting/vws/../vpc/src/cut/CglVPC.cpp:676: Nonbasic reduced cost should be >= 0 in the complemented nonbasic space. However, for nb var 0 (real var 0), it is -5.237006e+00.
VPC tried to exit with error code 1
Assertion failed
*** ERROR (version #0ab0695): /home/sek519/warm_starting/vws/../vpc/src/cut/CglVPC.cpp:676: Nonbasic reduced cost should be >= 0 in the complemented nonbasic space. However, for nb var 0 (real var 0), it is -2.070668e+01.
VPC tried to exit with error code 1
Assertion failed
*** ERROR (version #0ab0695): /home/sek519/warm_starting/vws/../vpc/src/cut/CglVPC.cpp:676: Nonbasic reduced cost should be >= 0 in the complemented nonbasic space. However, for nb var 0 (real var 0), it is -2.377165e+01.
VPC tried to exit with error code 1
Assertion failed
*** ERROR (version #0ab0695): /home/sek519/warm_starting/vws/../vpc/src/cut/CglVPC.cpp:676: Nonbasic reduced cost should be >= 0 in the complemented nonbasic space. However, for nb var 0 (real var 0), it is -2.377165e+01.
VPC tried to exit with error code 1
Assertion failed
*** ERROR (version #0ab0695): /home/sek519/warm_starting/vws/../vpc/src/cut/CglVPC.cpp:676: Nonbasic reduced cost should be >= 0 in the complemented nonbasic space. However, for nb var 0 (real var 0), it is -3.632100e+01.
VPC tried to exit with error code 1
Assertion failed
*** ERROR (version #0ab0695): /home/sek519/warm_starting/vws/../vpc/src/cut/CglVPC.cpp:676: Nonbasic reduced cost should be >= 0 in the complemented nonbasic space. However, for nb var 0 (real var 0), it is -2.309934e+01.
VPC tried to exit with error code 1
Assertion failed
*** ERROR (version #0ab0695): /home/sek519/warm_starting/vws/../vpc/src/cut/CglVPC.cpp:676: Nonbasic reduced cost should be >= 0 in the complemented nonbasic space. However, for nb var 0 (real var 0), it is -2.377165e+01.
VPC tried to exit with error code 1
Assertion failed
*** ERROR (version #0ab0695): /home/sek519/warm_starting/vws/../vpc/src/cut/CglVPC.cpp:676: Nonbasic reduced cost should be >= 0 in the complemented nonbasic space. However, for nb var 0 (real var 0), it is -2.377165e+01.
VPC tried to exit with error code 1
Assertion failed
*** ERROR (version #0ab0695): /home/sek519/warm_starting/vws/../vpc/src/cut/CglVPC.cpp:676: Nonbasic reduced cost should be >= 0 in the complemented nonbasic space. However, for nb var 1 (real var 2), it is -4.385573e+00.
VPC tried to exit with error code 1
Assertion failed
*** ERROR (version #0ab0695): /home/sek519/warm_starting/vws/../vpc/src/cut/CglVPC.cpp:676: Nonbasic reduced cost should be >= 0 in the complemented nonbasic space. However, for nb var 0 (real var 0), it is -5.237006e+00.
VPC tried to exit with error code 1
Assertion failed
*** ERROR (version #0ab0695): /home/sek519/warm_starting/vws/../vpc/src/cut/CglVPC.cpp:676: Nonbasic reduced cost should be >= 0 in the complemented nonbasic space. However, for nb var 0 (real var 0), it is -2.438462e+01.
VPC tried to exit with error code 1
Assertion failed
*** ERROR (version #0ab0695): /home/sek519/warm_starting/vws/../vpc/src/cut/CglVPC.cpp:676: Nonbasic reduced cost should be >= 0 in the complemented nonbasic space. However, for nb var 0 (real var 1), it is -2.655899e-01.
VPC tried to exit with error code 1
Assertion failed
*** ERROR (version #0ab0695): /home/sek519/warm_starting/vws/../vpc/src/cut/CglVPC.cpp:676: Nonbasic reduced cost should be >= 0 in the complemented nonbasic space. However, for nb var 0 (real var 0), it is -2.377165e+01.
VPC tried to exit with error code 1
Assertion failed
*** ERROR (version #0ab0695): /home/sek519/warm_starting/vws/../vpc/src/cut/CglVPC.cpp:676: Nonbasic reduced cost should be >= 0 in the complemented nonbasic space. However, for nb var 0 (real var 0), it is -5.237006e+00.
VPC tried to exit with error code 1
Assertion failed
*** ERROR (version #0ab0695): /home/sek519/warm_starting/vws/../vpc/src/cut/CglVPC.cpp:676: Nonbasic reduced cost should be >= 0 in the complemented nonbasic space. However, for nb var 1 (real var 2), it is -3.341393e+01.
VPC tried to exit with error code 1
Assertion failed
*** ERROR (version #0ab0695): /home/sek519/warm_starting/vws/../vpc/src/cut/CglVPC.cpp:676: Nonbasic reduced cost should be >= 0 in the complemented nonbasic space. However, for nb var 1 (real var 2), it is -4.385573e+00.
VPC tried to exit with error code 1
Assertion failed
*** ERROR (version #0ab0695): /home/sek519/warm_starting/vws/../vpc/src/cut/CglVPC.cpp:676: Nonbasic reduced cost should be >= 0 in the complemented nonbasic space. However, for nb var 0 (real var 0), it is -2.309934e+01.
VPC tried to exit with error code 1
Assertion failed
*** ERROR (version #0ab0695): /home/sek519/warm_starting/vws/../vpc/src/cut/CglVPC.cpp:676: Nonbasic reduced cost should be >= 0 in the complemented nonbasic space. However, for nb var 0 (real var 0), it is -2.377165e+01.
VPC tried to exit with error code 1
Assertion failed
*** ERROR (version #0ab0695): /home/sek519/warm_starting/vws/../vpc/src/cut/CglVPC.cpp:676: Nonbasic reduced cost should be >= 0 in the complemented nonbasic space. However, for nb var 1 (real var 2), it is -3.341393e+01.
VPC tried to exit with error code 1
Assertion failed
*** ERROR (version #0ab0695): /home/sek519/warm_starting/vws/../vpc/src/cut/CglVPC.cpp:676: Nonbasic reduced cost should be >= 0 in the complemented nonbasic space. However, for nb var 0 (real var 0), it is -5.237006e+00.
VPC tried to exit with error code 1
Assertion failed
*** WARNING (version #0ab0695): /home/sek519/warm_starting/vws/../vpc/src/utility/nbspace.cpp:149: Point: Calculated dot product with obj differs from solver's. Obj viol from solver: 46.81636978. Calculated: 174.68692928.
*** ERROR (version #0ab0695): /home/sek519/warm_starting/vws/../vpc/src/cut/CglVPC.cpp:676: Nonbasic reduced cost should be >= 0 in the complemented nonbasic space. However, for nb var 0 (real var 0), it is -2.309934e+01.
VPC tried to exit with error code 1
Assertion failed
*** ERROR (version #0ab0695): /home/sek519/warm_starting/vws/../vpc/src/cut/CglVPC.cpp:676: Nonbasic reduced cost should be >= 0 in the complemented nonbasic space. However, for nb var 1 (real var 2), it is -3.341393e+01.
VPC tried to exit with error code 1
Assertion failed
*** ERROR (version #0ab0695): /home/sek519/warm_starting/vws/../vpc/src/cut/CglVPC.cpp:676: Nonbasic reduced cost should be >= 0 in the complemented nonbasic space. However, for nb var 0 (real var 0), it is -2.309934e+01.
VPC tried to exit with error code 1
Assertion failed
*** ERROR (version #0ab0695): /home/sek519/warm_starting/vws/../vpc/src/cut/CglVPC.cpp:676: Nonbasic reduced cost should be >= 0 in the complemented nonbasic space. However, for nb var 0 (real var 0), it is -2.309934e+01.
VPC tried to exit with error code 1
Assertion failed
*** ERROR (version #0ab0695): /home/sek519/warm_starting/vws/../vpc/src/cut/CglVPC.cpp:676: Nonbasic reduced cost should be >= 0 in the complemented nonbasic space. However, for nb var 0 (real var 1), it is -2.655899e-01.
VPC tried to exit with error code 1
Assertion failed
*** ERROR (version #0ab0695): /home/sek519/warm_starting/vws/../vpc/src/cut/CglVPC.cpp:676: Nonbasic reduced cost should be >= 0 in the complemented nonbasic space. However, for nb var 0 (real var 0), it is -2.309934e+01.
VPC tried to exit with error code 1
Assertion failed
*** ERROR (version #0ab0695): /home/sek519/warm_starting/vws/../vpc/src/cut/CglVPC.cpp:676: Nonbasic reduced cost should be >= 0 in the complemented nonbasic space. However, for nb var 0 (real var 0), it is -2.377165e+01.
VPC tried to exit with error code 1
Assertion failed
*** ERROR (version #0ab0695): /home/sek519/warm_starting/vws/../vpc/src/cut/CglVPC.cpp:676: Nonbasic reduced cost should be >= 0 in the complemented nonbasic space. However, for nb var 1 (real var 2), it is -3.341393e+01.
VPC tried to exit with error code 1
Assertion failed
*** ERROR (version #0ab0695): /home/sek519/warm_starting/vws/../vpc/src/cut/CglVPC.cpp:676: Nonbasic reduced cost should be >= 0 in the complemented nonbasic space. However, for nb var 0 (real var 0), it is -2.377165e+01.
VPC tried to exit with error code 1
Assertion failed
*** ERROR (version #0ab0695): /home/sek519/warm_starting/vws/../vpc/src/cut/CglVPC.cpp:676: Nonbasic reduced cost should be >= 0 in the complemented nonbasic space. However, for nb var 0 (real var 0), it is -2.377165e+01.
VPC tried to exit with error code 1
Assertion failed
*** ERROR (version #0ab0695): /home/sek519/warm_starting/vws/../vpc/src/cut/CglVPC.cpp:676: Nonbasic reduced cost should be >= 0 in the complemented nonbasic space. However, for nb var 0 (real var 0), it is -5.933495e+00.
VPC tried to exit with error code 1
Assertion failed
*** WARNING (version #0ab0695): /home/sek519/warm_starting/vws/../vpc/src/utility/nbspace.cpp:149: Point: Calculated dot product with obj differs from solver's. Obj viol from solver: 46.62669650. Calculated: 174.49725600.
*** ERROR (version #0ab0695): /home/sek519/warm_starting/vws/../vpc/src/cut/CglVPC.cpp:676: Nonbasic reduced cost should be >= 0 in the complemented nonbasic space. However, for nb var 0 (real var 0), it is -2.377165e+01.
VPC tried to exit with error code 1
Assertion failed
*** ERROR (version #0ab0695): /home/sek519/warm_starting/vws/../vpc/src/cut/CglVPC.cpp:676: Nonbasic reduced cost should be >= 0 in the complemented nonbasic space. However, for nb var 0 (real var 0), it is -5.237006e+00.
VPC tried to exit with error code 1
Assertion failed
*** ERROR (version #0ab0695): /home/sek519/warm_starting/vws/../vpc/src/cut/CglVPC.cpp:676: Nonbasic reduced cost should be >= 0 in the complemented nonbasic space. However, for nb var 0 (real var 0), it is -4.873826e+00.
VPC tried to exit with error code 1
Assertion failed
*** ERROR (version #0ab0695): /home/sek519/warm_starting/vws/../vpc/src/cut/CglVPC.cpp:676: Nonbasic reduced cost should be >= 0 in the complemented nonbasic space. However, for nb var 0 (real var 0), it is -2.070668e+01.
VPC tried to exit with error code 1
Assertion failed
*** ERROR (version #0ab0695): /home/sek519/warm_starting/vws/../vpc/src/cut/CglVPC.cpp:676: Nonbasic reduced cost should be >= 0 in the complemented nonbasic space. However, for nb var 0 (real var 0), it is -3.632100e+01.
VPC tried to exit with error code 1
Assertion failed
*** ERROR (version #0ab0695): /home/sek519/warm_starting/vws/../vpc/src/cut/CglVPC.cpp:676: Nonbasic reduced cost should be >= 0 in the complemented nonbasic space. However, for nb var 1 (real var 2), it is -3.341393e+01.
VPC tried to exit with error code 1
Assertion failed
*** ERROR (version #0ab0695): /home/sek519/warm_starting/vws/../vpc/src/cut/CglVPC.cpp:676: Nonbasic reduced cost should be >= 0 in the complemented nonbasic space. However, for nb var 1 (real var 2), it is -4.385573e+00.
VPC tried to exit with error code 1
Assertion failed
terminate called after throwing an instance of 'std::bad_alloc'
  what():  std::bad_alloc
/var/spool/torque/mom_priv/jobs/1795854.polyp1.ie.lehigh.edu.SC: line 4: 20382 Aborted                 (core dumped) ../Release/vws ${INPUT_FOLDER} ${OUTPUT_FILE} ${MAX_TIME} ${GENERATOR} ${TERMS} ${MIP_SOLVER} ${PROVIDE_PRIMAL_BOUND} ${SEED_INDEX}
