*** WARNING (version #870a55a): /home/sek519/warm_starting/vws/../vpc/src/cut/CglVPC.cpp:335: An integer (optimal) solution with value 21477 was found prior while getting disjunction.
[WARNING] No vpcs were made from a new disjunction. Stopping series.
vws: /home/sek519/warm_starting/vws/../vpc/src/utility/utility.cpp:651: void verify(bool, const std::string&): Assertion `false' failed.


ERROR while running Cbc. Signal SIGABRT caught. Getting stack trace.
/home/sek519/warm_starting/vws/../vpc/lib/Cbc-trunk/buildg/lib/libCbc.so.0(_Z15CbcCrashHandleri+0x277) [0x2b7c52cf9a4b]
/lib/x86_64-linux-gnu/libc.so.6(+0x33060) [0x2b7c53ab3060]
/lib/x86_64-linux-gnu/libc.so.6(gsignal+0xcf) [0x2b7c53ab2fff]
/lib/x86_64-linux-gnu/libc.so.6(abort+0x16a) [0x2b7c53ab442a]
/lib/x86_64-linux-gnu/libc.so.6(+0x2be67) [0x2b7c53aabe67]
/lib/x86_64-linux-gnu/libc.so.6(+0x2bf12) [0x2b7c53aabf12]
../Debug/vws(+0x1b0427) [0x55a588656427]
../Debug/vws(+0x127bb8) [0x55a5885cdbb8]
../Debug/vws(+0x79d6a) [0x55a58851fd6a]
/lib/x86_64-linux-gnu/libc.so.6(__libc_start_main+0xf1) [0x2b7c53aa02e1]
../Debug/vws(+0x79259) [0x55a58851f259]




ERROR while running Cbc. Signal SIGABRT caught. Getting stack trace.
/home/sek519/warm_starting/vws/../vpc/lib/Cbc-trunk/buildg/lib/libCbc.so.0(_Z15CbcCrashHandleri+0x277) [0x2b7c52cf9a4b]
/lib/x86_64-linux-gnu/libc.so.6(+0x33060) [0x2b7c53ab3060]
/lib/x86_64-linux-gnu/libc.so.6(gsignal+0xcf) [0x2b7c53ab2fff]
/lib/x86_64-linux-gnu/libc.so.6(abort+0x16a) [0x2b7c53ab442a]
/home/sek519/warm_starting/vws/../vpc/lib/Cbc-trunk/buildg/lib/libCbc.so.0(_Z15CbcCrashHandleri+0x355) [0x2b7c52cf9b29]
/lib/x86_64-linux-gnu/libc.so.6(+0x33060) [0x2b7c53ab3060]
/lib/x86_64-linux-gnu/libc.so.6(gsignal+0xcf) [0x2b7c53ab2fff]
/lib/x86_64-linux-gnu/libc.so.6(abort+0x16a) [0x2b7c53ab442a]
/lib/x86_64-linux-gnu/libc.so.6(+0x2be67) [0x2b7c53aabe67]
/lib/x86_64-linux-gnu/libc.so.6(+0x2bf12) [0x2b7c53aabf12]
../Debug/vws(+0x1b0427) [0x55a588656427]
../Debug/vws(+0x127bb8) [0x55a5885cdbb8]
../Debug/vws(+0x79d6a) [0x55a58851fd6a]
/lib/x86_64-linux-gnu/libc.so.6(__libc_start_main+0xf1) [0x2b7c53aa02e1]
../Debug/vws(+0x79259) [0x55a58851f259]


/var/spool/torque/mom_priv/jobs/1221024.polyp1.ie.lehigh.edu.SC: line 4: 26719 Aborted                 ../Debug/vws ${INPUT_FOLDER} ${OUTPUT_FILE} ${MAX_TIME} ${GENERATOR} ${TERMS}
