[WARNING] No vpcs were made from a new disjunction. Stopping series.
vws: /home/sek519/warm_starting/vws/../vpc/src/utility/utility.cpp:651: void verify(bool, const std::string&): Assertion `false' failed.


ERROR while running Cbc. Signal SIGABRT caught. Getting stack trace.
/home/sek519/warm_starting/vws/../vpc/lib/Cbc-trunk/buildg/lib/libCbc.so.0(_Z15CbcCrashHandleri+0x277) [0x2b77b11e3a4b]
/lib/x86_64-linux-gnu/libc.so.6(+0x33060) [0x2b77b1f9d060]
/lib/x86_64-linux-gnu/libc.so.6(gsignal+0xcf) [0x2b77b1f9cfff]
/lib/x86_64-linux-gnu/libc.so.6(abort+0x16a) [0x2b77b1f9e42a]
/lib/x86_64-linux-gnu/libc.so.6(+0x2be67) [0x2b77b1f95e67]
/lib/x86_64-linux-gnu/libc.so.6(+0x2bf12) [0x2b77b1f95f12]
../Debug/vws(+0x1b0427) [0x5632353ee427]
../Debug/vws(+0x127bb8) [0x563235365bb8]
../Debug/vws(+0x79d6a) [0x5632352b7d6a]
/lib/x86_64-linux-gnu/libc.so.6(__libc_start_main+0xf1) [0x2b77b1f8a2e1]
../Debug/vws(+0x79259) [0x5632352b7259]




ERROR while running Cbc. Signal SIGABRT caught. Getting stack trace.
/home/sek519/warm_starting/vws/../vpc/lib/Cbc-trunk/buildg/lib/libCbc.so.0(_Z15CbcCrashHandleri+0x277) [0x2b77b11e3a4b]
/lib/x86_64-linux-gnu/libc.so.6(+0x33060) [0x2b77b1f9d060]
/lib/x86_64-linux-gnu/libc.so.6(gsignal+0xcf) [0x2b77b1f9cfff]
/lib/x86_64-linux-gnu/libc.so.6(abort+0x16a) [0x2b77b1f9e42a]
/home/sek519/warm_starting/vws/../vpc/lib/Cbc-trunk/buildg/lib/libCbc.so.0(_Z15CbcCrashHandleri+0x355) [0x2b77b11e3b29]
/lib/x86_64-linux-gnu/libc.so.6(+0x33060) [0x2b77b1f9d060]
/lib/x86_64-linux-gnu/libc.so.6(gsignal+0xcf) [0x2b77b1f9cfff]
/lib/x86_64-linux-gnu/libc.so.6(abort+0x16a) [0x2b77b1f9e42a]
/lib/x86_64-linux-gnu/libc.so.6(+0x2be67) [0x2b77b1f95e67]
/lib/x86_64-linux-gnu/libc.so.6(+0x2bf12) [0x2b77b1f95f12]
../Debug/vws(+0x1b0427) [0x5632353ee427]
../Debug/vws(+0x127bb8) [0x563235365bb8]
../Debug/vws(+0x79d6a) [0x5632352b7d6a]
/lib/x86_64-linux-gnu/libc.so.6(__libc_start_main+0xf1) [0x2b77b1f8a2e1]
../Debug/vws(+0x79259) [0x5632352b7259]


/var/spool/torque/mom_priv/jobs/1217632.polyp1.ie.lehigh.edu.SC: line 4: 24712 Aborted                 (core dumped) ../Debug/vws ${INPUT_FOLDER} ${OUTPUT_FILE} ${MAX_TIME} ${GENERATOR} ${TERMS}
