messed up a farkas cofficient
vws: /home/sek519/warm_starting/vws/../vpc/src/utility/utility.cpp:651: void verify(bool, const std::string&): Assertion `false' failed.


ERROR while running Cbc. Signal SIGABRT caught. Getting stack trace.
/home/sek519/warm_starting/vws/../vpc/lib/Cbc-trunk/buildg/lib/libCbc.so.0(_Z15CbcCrashHandleri+0x277) [0x2b7909491a4b]
/lib/x86_64-linux-gnu/libc.so.6(+0x33060) [0x2b790a24b060]
/lib/x86_64-linux-gnu/libc.so.6(gsignal+0xcf) [0x2b790a24afff]
/lib/x86_64-linux-gnu/libc.so.6(abort+0x16a) [0x2b790a24c42a]
/lib/x86_64-linux-gnu/libc.so.6(+0x2be67) [0x2b790a243e67]
/lib/x86_64-linux-gnu/libc.so.6(+0x2bf12) [0x2b790a243f12]
../Debug/vws(+0x1b0427) [0x55fc77362427]
../Debug/vws(+0x133373) [0x55fc772e5373]
../Debug/vws(+0x131b3a) [0x55fc772e3b3a]
../Debug/vws(+0x1312e6) [0x55fc772e32e6]
../Debug/vws(+0x104daf) [0x55fc772b6daf]
../Debug/vws(+0x103ee1) [0x55fc772b5ee1]
../Debug/vws(+0x127b00) [0x55fc772d9b00]
../Debug/vws(+0x79d6a) [0x55fc7722bd6a]
/lib/x86_64-linux-gnu/libc.so.6(__libc_start_main+0xf1) [0x2b790a2382e1]
../Debug/vws(+0x79259) [0x55fc7722b259]




ERROR while running Cbc. Signal SIGABRT caught. Getting stack trace.
/home/sek519/warm_starting/vws/../vpc/lib/Cbc-trunk/buildg/lib/libCbc.so.0(_Z15CbcCrashHandleri+0x277) [0x2b7909491a4b]
/lib/x86_64-linux-gnu/libc.so.6(+0x33060) [0x2b790a24b060]
/lib/x86_64-linux-gnu/libc.so.6(gsignal+0xcf) [0x2b790a24afff]
/lib/x86_64-linux-gnu/libc.so.6(abort+0x16a) [0x2b790a24c42a]
/home/sek519/warm_starting/vws/../vpc/lib/Cbc-trunk/buildg/lib/libCbc.so.0(_Z15CbcCrashHandleri+0x355) [0x2b7909491b29]
/lib/x86_64-linux-gnu/libc.so.6(+0x33060) [0x2b790a24b060]
/lib/x86_64-linux-gnu/libc.so.6(gsignal+0xcf) [0x2b790a24afff]
/lib/x86_64-linux-gnu/libc.so.6(abort+0x16a) [0x2b790a24c42a]
/lib/x86_64-linux-gnu/libc.so.6(+0x2be67) [0x2b790a243e67]
/lib/x86_64-linux-gnu/libc.so.6(+0x2bf12) [0x2b790a243f12]
../Debug/vws(+0x1b0427) [0x55fc77362427]
../Debug/vws(+0x133373) [0x55fc772e5373]
../Debug/vws(+0x131b3a) [0x55fc772e3b3a]
../Debug/vws(+0x1312e6) [0x55fc772e32e6]
../Debug/vws(+0x104daf) [0x55fc772b6daf]
../Debug/vws(+0x103ee1) [0x55fc772b5ee1]
../Debug/vws(+0x127b00) [0x55fc772d9b00]
../Debug/vws(+0x79d6a) [0x55fc7722bd6a]
/lib/x86_64-linux-gnu/libc.so.6(__libc_start_main+0xf1) [0x2b790a2382e1]
../Debug/vws(+0x79259) [0x55fc7722b259]


/var/spool/torque/mom_priv/jobs/1217672.polyp1.ie.lehigh.edu.SC: line 4: 25537 Aborted                 ../Debug/vws ${INPUT_FOLDER} ${OUTPUT_FILE} ${MAX_TIME} ${GENERATOR} ${TERMS}
