Since we minimize, disjunctive dual bound should not be less than LP relaxation objective value.
vws: /home/sek519/warm_starting/vws/../vpc/src/utility/utility.cpp:651: void verify(bool, const std::string&): Assertion `false' failed.


ERROR while running Cbc. Signal SIGABRT caught. Getting stack trace.
/home/sek519/warm_starting/vws/../vpc/lib/Cbc-trunk/buildg/lib/libCbc.so.0(_Z15CbcCrashHandleri+0x277) [0x2b7beaf63a4b]
/lib/x86_64-linux-gnu/libc.so.6(+0x33060) [0x2b7bebd1d060]
/lib/x86_64-linux-gnu/libc.so.6(gsignal+0xcf) [0x2b7bebd1cfff]
/lib/x86_64-linux-gnu/libc.so.6(abort+0x16a) [0x2b7bebd1e42a]
/lib/x86_64-linux-gnu/libc.so.6(+0x2be67) [0x2b7bebd15e67]
/lib/x86_64-linux-gnu/libc.so.6(+0x2bf12) [0x2b7bebd15f12]
../Debug/vws(+0x1b0427) [0x55a9fb6d1427]
../Debug/vws(+0x1fdd88) [0x55a9fb71ed88]
../Debug/vws(+0x105bb8) [0x55a9fb626bb8]
../Debug/vws(+0x103f4c) [0x55a9fb624f4c]
../Debug/vws(+0x127b00) [0x55a9fb648b00]
../Debug/vws(+0x79d6a) [0x55a9fb59ad6a]
/lib/x86_64-linux-gnu/libc.so.6(__libc_start_main+0xf1) [0x2b7bebd0a2e1]
../Debug/vws(+0x79259) [0x55a9fb59a259]




ERROR while running Cbc. Signal SIGABRT caught. Getting stack trace.
/home/sek519/warm_starting/vws/../vpc/lib/Cbc-trunk/buildg/lib/libCbc.so.0(_Z15CbcCrashHandleri+0x277) [0x2b7beaf63a4b]
/lib/x86_64-linux-gnu/libc.so.6(+0x33060) [0x2b7bebd1d060]
/lib/x86_64-linux-gnu/libc.so.6(gsignal+0xcf) [0x2b7bebd1cfff]
/lib/x86_64-linux-gnu/libc.so.6(abort+0x16a) [0x2b7bebd1e42a]
/home/sek519/warm_starting/vws/../vpc/lib/Cbc-trunk/buildg/lib/libCbc.so.0(_Z15CbcCrashHandleri+0x355) [0x2b7beaf63b29]
/lib/x86_64-linux-gnu/libc.so.6(+0x33060) [0x2b7bebd1d060]
/lib/x86_64-linux-gnu/libc.so.6(gsignal+0xcf) [0x2b7bebd1cfff]
/lib/x86_64-linux-gnu/libc.so.6(abort+0x16a) [0x2b7bebd1e42a]
/lib/x86_64-linux-gnu/libc.so.6(+0x2be67) [0x2b7bebd15e67]
/lib/x86_64-linux-gnu/libc.so.6(+0x2bf12) [0x2b7bebd15f12]
../Debug/vws(+0x1b0427) [0x55a9fb6d1427]
../Debug/vws(+0x1fdd88) [0x55a9fb71ed88]
../Debug/vws(+0x105bb8) [0x55a9fb626bb8]
../Debug/vws(+0x103f4c) [0x55a9fb624f4c]
../Debug/vws(+0x127b00) [0x55a9fb648b00]
../Debug/vws(+0x79d6a) [0x55a9fb59ad6a]
/lib/x86_64-linux-gnu/libc.so.6(__libc_start_main+0xf1) [0x2b7bebd0a2e1]
../Debug/vws(+0x79259) [0x55a9fb59a259]


/var/spool/torque/mom_priv/jobs/1218989.polyp1.ie.lehigh.edu.SC: line 4: 32464 Aborted                 ../Debug/vws ${INPUT_FOLDER} ${OUTPUT_FILE} ${MAX_TIME} ${GENERATOR} ${TERMS}
