vws: /home/sek519/warm_starting/vpc/lib/Cbc-trunk/Cbc/src/CbcModel.cpp:11117: int CbcModel::takeOffCuts(OsiCuts&, bool, OsiCuts*, int, const OsiRowCut**): Assertion `numberRowsAtContinuous_ + totalNumberCuts == solver_->getNumRows()' failed.


ERROR while running Cbc. Signal SIGABRT caught. Getting stack trace.
/home/sek519/warm_starting/vws/../vpc/lib/Cbc-trunk/buildg/lib/libCbc.so.0(_Z15CbcCrashHandleri+0x277) [0x2b09a80a0a4b]
/lib/x86_64-linux-gnu/libc.so.6(+0x33060) [0x2b09a8e5a060]
/lib/x86_64-linux-gnu/libc.so.6(gsignal+0xcf) [0x2b09a8e59fff]
/lib/x86_64-linux-gnu/libc.so.6(abort+0x16a) [0x2b09a8e5b42a]
/lib/x86_64-linux-gnu/libc.so.6(+0x2be67) [0x2b09a8e52e67]
/lib/x86_64-linux-gnu/libc.so.6(+0x2bf12) [0x2b09a8e52f12]
/home/sek519/warm_starting/vws/../vpc/lib/Cbc-trunk/buildg/lib/libCbc.so.0(_ZN8CbcModel11takeOffCutsER7OsiCutsbPS0_iPPK9OsiRowCut+0xf3) [0x2b09a80491e7]
/home/sek519/warm_starting/vws/../vpc/lib/Cbc-trunk/buildg/lib/libCbc.so.0(_ZN8CbcModel12chooseBranchERP7CbcNodeiS1_R7OsiCutsRbP18CoinWarmStartBasisPKdS9_RP15OsiSolverBranch+0x122f) [0x2b09a805ae1b]
/home/sek519/warm_starting/vws/../vpc/lib/Cbc-trunk/buildg/lib/libCbc.so.0(_ZN8CbcModel14branchAndBoundEi+0xaf15) [0x2b09a802f573]
../Debug/vws(+0x104589) [0x5558995bc589]
../Debug/vws(+0x127b00) [0x5558995dfb00]
../Debug/vws(+0x79d6a) [0x555899531d6a]
/lib/x86_64-linux-gnu/libc.so.6(__libc_start_main+0xf1) [0x2b09a8e472e1]
../Debug/vws(+0x79259) [0x555899531259]




ERROR while running Cbc. Signal SIGABRT caught. Getting stack trace.
/home/sek519/warm_starting/vws/../vpc/lib/Cbc-trunk/buildg/lib/libCbc.so.0(_Z15CbcCrashHandleri+0x277) [0x2b09a80a0a4b]
/lib/x86_64-linux-gnu/libc.so.6(+0x33060) [0x2b09a8e5a060]
/lib/x86_64-linux-gnu/libc.so.6(gsignal+0xcf) [0x2b09a8e59fff]
/lib/x86_64-linux-gnu/libc.so.6(abort+0x16a) [0x2b09a8e5b42a]
/home/sek519/warm_starting/vws/../vpc/lib/Cbc-trunk/buildg/lib/libCbc.so.0(_Z15CbcCrashHandleri+0x355) [0x2b09a80a0b29]
/lib/x86_64-linux-gnu/libc.so.6(+0x33060) [0x2b09a8e5a060]
/lib/x86_64-linux-gnu/libc.so.6(gsignal+0xcf) [0x2b09a8e59fff]
/lib/x86_64-linux-gnu/libc.so.6(abort+0x16a) [0x2b09a8e5b42a]
/lib/x86_64-linux-gnu/libc.so.6(+0x2be67) [0x2b09a8e52e67]
/lib/x86_64-linux-gnu/libc.so.6(+0x2bf12) [0x2b09a8e52f12]
/home/sek519/warm_starting/vws/../vpc/lib/Cbc-trunk/buildg/lib/libCbc.so.0(_ZN8CbcModel11takeOffCutsER7OsiCutsbPS0_iPPK9OsiRowCut+0xf3) [0x2b09a80491e7]
/home/sek519/warm_starting/vws/../vpc/lib/Cbc-trunk/buildg/lib/libCbc.so.0(_ZN8CbcModel12chooseBranchERP7CbcNodeiS1_R7OsiCutsRbP18CoinWarmStartBasisPKdS9_RP15OsiSolverBranch+0x122f) [0x2b09a805ae1b]
/home/sek519/warm_starting/vws/../vpc/lib/Cbc-trunk/buildg/lib/libCbc.so.0(_ZN8CbcModel14branchAndBoundEi+0xaf15) [0x2b09a802f573]
../Debug/vws(+0x104589) [0x5558995bc589]
../Debug/vws(+0x127b00) [0x5558995dfb00]
../Debug/vws(+0x79d6a) [0x555899531d6a]
/lib/x86_64-linux-gnu/libc.so.6(__libc_start_main+0xf1) [0x2b09a8e472e1]
../Debug/vws(+0x79259) [0x555899531259]


/var/spool/torque/mom_priv/jobs/1218961.polyp1.ie.lehigh.edu.SC: line 4:  3915 Aborted                 ../Debug/vws ${INPUT_FOLDER} ${OUTPUT_FILE} ${MAX_TIME} ${GENERATOR} ${TERMS}
