Since we minimize, disjunctive dual bound should not be less than LP relaxation objective value.
vws: /home/sek519/warm_starting/vws/../vpc/src/utility/utility.cpp:651: void verify(bool, const std::string&): Assertion `false' failed.


ERROR while running Cbc. Signal SIGABRT caught. Getting stack trace.
/home/sek519/warm_starting/vws/../vpc/lib/Cbc-trunk/buildg/lib/libCbc.so.0(_Z15CbcCrashHandleri+0x277) [0x2ba899401a4b]
/lib/x86_64-linux-gnu/libc.so.6(+0x33060) [0x2ba89a1bb060]
/lib/x86_64-linux-gnu/libc.so.6(gsignal+0xcf) [0x2ba89a1bafff]
/lib/x86_64-linux-gnu/libc.so.6(abort+0x16a) [0x2ba89a1bc42a]
/lib/x86_64-linux-gnu/libc.so.6(+0x2be67) [0x2ba89a1b3e67]
/lib/x86_64-linux-gnu/libc.so.6(+0x2bf12) [0x2ba89a1b3f12]
../Debug/vws(+0x1b0427) [0x55885d0f9427]
../Debug/vws(+0x1fdd88) [0x55885d146d88]
../Debug/vws(+0x10512c) [0x55885d04e12c]
../Debug/vws(+0x103fb7) [0x55885d04cfb7]
../Debug/vws(+0x127b00) [0x55885d070b00]
../Debug/vws(+0x79d6a) [0x55885cfc2d6a]
/lib/x86_64-linux-gnu/libc.so.6(__libc_start_main+0xf1) [0x2ba89a1a82e1]
../Debug/vws(+0x79259) [0x55885cfc2259]




ERROR while running Cbc. Signal SIGABRT caught. Getting stack trace.
/home/sek519/warm_starting/vws/../vpc/lib/Cbc-trunk/buildg/lib/libCbc.so.0(_Z15CbcCrashHandleri+0x277) [0x2ba899401a4b]
/lib/x86_64-linux-gnu/libc.so.6(+0x33060) [0x2ba89a1bb060]
/lib/x86_64-linux-gnu/libc.so.6(gsignal+0xcf) [0x2ba89a1bafff]
/lib/x86_64-linux-gnu/libc.so.6(abort+0x16a) [0x2ba89a1bc42a]
/home/sek519/warm_starting/vws/../vpc/lib/Cbc-trunk/buildg/lib/libCbc.so.0(_Z15CbcCrashHandleri+0x355) [0x2ba899401b29]
/lib/x86_64-linux-gnu/libc.so.6(+0x33060) [0x2ba89a1bb060]
/lib/x86_64-linux-gnu/libc.so.6(gsignal+0xcf) [0x2ba89a1bafff]
/lib/x86_64-linux-gnu/libc.so.6(abort+0x16a) [0x2ba89a1bc42a]
/lib/x86_64-linux-gnu/libc.so.6(+0x2be67) [0x2ba89a1b3e67]
/lib/x86_64-linux-gnu/libc.so.6(+0x2bf12) [0x2ba89a1b3f12]
../Debug/vws(+0x1b0427) [0x55885d0f9427]
../Debug/vws(+0x1fdd88) [0x55885d146d88]
../Debug/vws(+0x10512c) [0x55885d04e12c]
../Debug/vws(+0x103fb7) [0x55885d04cfb7]
../Debug/vws(+0x127b00) [0x55885d070b00]
../Debug/vws(+0x79d6a) [0x55885cfc2d6a]
/lib/x86_64-linux-gnu/libc.so.6(__libc_start_main+0xf1) [0x2ba89a1a82e1]
../Debug/vws(+0x79259) [0x55885cfc2259]


/var/spool/torque/mom_priv/jobs/1218986.polyp1.ie.lehigh.edu.SC: line 4:  2054 Aborted                 ../Debug/vws ${INPUT_FOLDER} ${OUTPUT_FILE} ${MAX_TIME} ${GENERATOR} ${TERMS}
