vws: /home/sek519/warm_starting/vpc/lib/Cbc-trunk/Cbc/src/CbcModel.cpp:11117: int CbcModel::takeOffCuts(OsiCuts&, bool, OsiCuts*, int, const OsiRowCut**): Assertion `numberRowsAtContinuous_ + totalNumberCuts == solver_->getNumRows()' failed.


ERROR while running Cbc. Signal SIGABRT caught. Getting stack trace.
/home/sek519/warm_starting/vws/../vpc/lib/Cbc-trunk/buildg/lib/libCbc.so.0(_Z15CbcCrashHandleri+0x277) [0x2adcacc18a4b]
/lib/x86_64-linux-gnu/libc.so.6(+0x33060) [0x2adcad9d2060]
/lib/x86_64-linux-gnu/libc.so.6(gsignal+0xcf) [0x2adcad9d1fff]
/lib/x86_64-linux-gnu/libc.so.6(abort+0x16a) [0x2adcad9d342a]
/lib/x86_64-linux-gnu/libc.so.6(+0x2be67) [0x2adcad9cae67]
/lib/x86_64-linux-gnu/libc.so.6(+0x2bf12) [0x2adcad9caf12]
/home/sek519/warm_starting/vws/../vpc/lib/Cbc-trunk/buildg/lib/libCbc.so.0(_ZN8CbcModel11takeOffCutsER7OsiCutsbPS0_iPPK9OsiRowCut+0xf3) [0x2adcacbc11e7]
/home/sek519/warm_starting/vws/../vpc/lib/Cbc-trunk/buildg/lib/libCbc.so.0(_ZN8CbcModel12chooseBranchERP7CbcNodeiS1_R7OsiCutsRbP18CoinWarmStartBasisPKdS9_RP15OsiSolverBranch+0x122f) [0x2adcacbd2e1b]
/home/sek519/warm_starting/vws/../vpc/lib/Cbc-trunk/buildg/lib/libCbc.so.0(_ZN8CbcModel14branchAndBoundEi+0xaf15) [0x2adcacba7573]
../Debug/vws(+0x104589) [0x562b7a528589]
../Debug/vws(+0x127b00) [0x562b7a54bb00]
../Debug/vws(+0x79d6a) [0x562b7a49dd6a]
/lib/x86_64-linux-gnu/libc.so.6(__libc_start_main+0xf1) [0x2adcad9bf2e1]
../Debug/vws(+0x79259) [0x562b7a49d259]




ERROR while running Cbc. Signal SIGABRT caught. Getting stack trace.
/home/sek519/warm_starting/vws/../vpc/lib/Cbc-trunk/buildg/lib/libCbc.so.0(_Z15CbcCrashHandleri+0x277) [0x2adcacc18a4b]
/lib/x86_64-linux-gnu/libc.so.6(+0x33060) [0x2adcad9d2060]
/lib/x86_64-linux-gnu/libc.so.6(gsignal+0xcf) [0x2adcad9d1fff]
/lib/x86_64-linux-gnu/libc.so.6(abort+0x16a) [0x2adcad9d342a]
/home/sek519/warm_starting/vws/../vpc/lib/Cbc-trunk/buildg/lib/libCbc.so.0(_Z15CbcCrashHandleri+0x355) [0x2adcacc18b29]
/lib/x86_64-linux-gnu/libc.so.6(+0x33060) [0x2adcad9d2060]
/lib/x86_64-linux-gnu/libc.so.6(gsignal+0xcf) [0x2adcad9d1fff]
/lib/x86_64-linux-gnu/libc.so.6(abort+0x16a) [0x2adcad9d342a]
/lib/x86_64-linux-gnu/libc.so.6(+0x2be67) [0x2adcad9cae67]
/lib/x86_64-linux-gnu/libc.so.6(+0x2bf12) [0x2adcad9caf12]
/home/sek519/warm_starting/vws/../vpc/lib/Cbc-trunk/buildg/lib/libCbc.so.0(_ZN8CbcModel11takeOffCutsER7OsiCutsbPS0_iPPK9OsiRowCut+0xf3) [0x2adcacbc11e7]
/home/sek519/warm_starting/vws/../vpc/lib/Cbc-trunk/buildg/lib/libCbc.so.0(_ZN8CbcModel12chooseBranchERP7CbcNodeiS1_R7OsiCutsRbP18CoinWarmStartBasisPKdS9_RP15OsiSolverBranch+0x122f) [0x2adcacbd2e1b]
/home/sek519/warm_starting/vws/../vpc/lib/Cbc-trunk/buildg/lib/libCbc.so.0(_ZN8CbcModel14branchAndBoundEi+0xaf15) [0x2adcacba7573]
../Debug/vws(+0x104589) [0x562b7a528589]
../Debug/vws(+0x127b00) [0x562b7a54bb00]
../Debug/vws(+0x79d6a) [0x562b7a49dd6a]
/lib/x86_64-linux-gnu/libc.so.6(__libc_start_main+0xf1) [0x2adcad9bf2e1]
../Debug/vws(+0x79259) [0x562b7a49d259]


/var/spool/torque/mom_priv/jobs/1218956.polyp1.ie.lehigh.edu.SC: line 4: 14120 Aborted                 ../Debug/vws ${INPUT_FOLDER} ${OUTPUT_FILE} ${MAX_TIME} ${GENERATOR} ${TERMS}
