*** WARNING (version #870a55a): /home/sek519/warm_starting/vws/../vpc/src/cut/PRLP.cpp:392: PRLP took too long to solve (70.880000 sec, with limit of 60.000000 sec); giving up on this point-ray collection.
[WARNING] No vpcs were made from a new disjunction. Stopping series.
vws: /home/sek519/warm_starting/vws/../vpc/src/utility/utility.cpp:651: void verify(bool, const std::string&): Assertion `false' failed.


ERROR while running Cbc. Signal SIGABRT caught. Getting stack trace.
/home/sek519/warm_starting/vws/../vpc/lib/Cbc-trunk/buildg/lib/libCbc.so.0(_Z15CbcCrashHandleri+0x277) [0x2acf7bf95a4b]
/lib/x86_64-linux-gnu/libc.so.6(+0x33060) [0x2acf7cd4f060]
/lib/x86_64-linux-gnu/libc.so.6(gsignal+0xcf) [0x2acf7cd4efff]
/lib/x86_64-linux-gnu/libc.so.6(abort+0x16a) [0x2acf7cd5042a]
/lib/x86_64-linux-gnu/libc.so.6(+0x2be67) [0x2acf7cd47e67]
/lib/x86_64-linux-gnu/libc.so.6(+0x2bf12) [0x2acf7cd47f12]
../Debug/vws(+0x1b0427) [0x55972a3e7427]
../Debug/vws(+0x127bb8) [0x55972a35ebb8]
../Debug/vws(+0x79d6a) [0x55972a2b0d6a]
/lib/x86_64-linux-gnu/libc.so.6(__libc_start_main+0xf1) [0x2acf7cd3c2e1]
../Debug/vws(+0x79259) [0x55972a2b0259]




ERROR while running Cbc. Signal SIGABRT caught. Getting stack trace.
/home/sek519/warm_starting/vws/../vpc/lib/Cbc-trunk/buildg/lib/libCbc.so.0(_Z15CbcCrashHandleri+0x277) [0x2acf7bf95a4b]
/lib/x86_64-linux-gnu/libc.so.6(+0x33060) [0x2acf7cd4f060]
/lib/x86_64-linux-gnu/libc.so.6(gsignal+0xcf) [0x2acf7cd4efff]
/lib/x86_64-linux-gnu/libc.so.6(abort+0x16a) [0x2acf7cd5042a]
/home/sek519/warm_starting/vws/../vpc/lib/Cbc-trunk/buildg/lib/libCbc.so.0(_Z15CbcCrashHandleri+0x355) [0x2acf7bf95b29]
/lib/x86_64-linux-gnu/libc.so.6(+0x33060) [0x2acf7cd4f060]
/lib/x86_64-linux-gnu/libc.so.6(gsignal+0xcf) [0x2acf7cd4efff]
/lib/x86_64-linux-gnu/libc.so.6(abort+0x16a) [0x2acf7cd5042a]
/lib/x86_64-linux-gnu/libc.so.6(+0x2be67) [0x2acf7cd47e67]
/lib/x86_64-linux-gnu/libc.so.6(+0x2bf12) [0x2acf7cd47f12]
../Debug/vws(+0x1b0427) [0x55972a3e7427]
../Debug/vws(+0x127bb8) [0x55972a35ebb8]
../Debug/vws(+0x79d6a) [0x55972a2b0d6a]
/lib/x86_64-linux-gnu/libc.so.6(__libc_start_main+0xf1) [0x2acf7cd3c2e1]
../Debug/vws(+0x79259) [0x55972a2b0259]


/var/spool/torque/mom_priv/jobs/1219493.polyp1.ie.lehigh.edu.SC: line 4:  7280 Aborted                 ../Debug/vws ${INPUT_FOLDER} ${OUTPUT_FILE} ${MAX_TIME} ${GENERATOR} ${TERMS}
