*** WARNING (version #870a55a): /home/sek519/warm_starting/vws/../vpc/src/cut/PRLP.cpp:392: PRLP took too long to solve (88.988000 sec, with limit of 60.000000 sec); giving up on this point-ray collection.
[WARNING] No vpcs were made from a new disjunction. Stopping series.
vws: /home/sek519/warm_starting/vws/../vpc/src/utility/utility.cpp:651: void verify(bool, const std::string&): Assertion `false' failed.


ERROR while running Cbc. Signal SIGABRT caught. Getting stack trace.
/home/sek519/warm_starting/vws/../vpc/lib/Cbc-trunk/buildg/lib/libCbc.so.0(_Z15CbcCrashHandleri+0x277) [0x2afa58f07a4b]
/lib/x86_64-linux-gnu/libc.so.6(+0x33060) [0x2afa59cc1060]
/lib/x86_64-linux-gnu/libc.so.6(gsignal+0xcf) [0x2afa59cc0fff]
/lib/x86_64-linux-gnu/libc.so.6(abort+0x16a) [0x2afa59cc242a]
/lib/x86_64-linux-gnu/libc.so.6(+0x2be67) [0x2afa59cb9e67]
/lib/x86_64-linux-gnu/libc.so.6(+0x2bf12) [0x2afa59cb9f12]
../Debug/vws(+0x1b0427) [0x55654181d427]
../Debug/vws(+0x127bb8) [0x556541794bb8]
../Debug/vws(+0x79d6a) [0x5565416e6d6a]
/lib/x86_64-linux-gnu/libc.so.6(__libc_start_main+0xf1) [0x2afa59cae2e1]
../Debug/vws(+0x79259) [0x5565416e6259]




ERROR while running Cbc. Signal SIGABRT caught. Getting stack trace.
/home/sek519/warm_starting/vws/../vpc/lib/Cbc-trunk/buildg/lib/libCbc.so.0(_Z15CbcCrashHandleri+0x277) [0x2afa58f07a4b]
/lib/x86_64-linux-gnu/libc.so.6(+0x33060) [0x2afa59cc1060]
/lib/x86_64-linux-gnu/libc.so.6(gsignal+0xcf) [0x2afa59cc0fff]
/lib/x86_64-linux-gnu/libc.so.6(abort+0x16a) [0x2afa59cc242a]
/home/sek519/warm_starting/vws/../vpc/lib/Cbc-trunk/buildg/lib/libCbc.so.0(_Z15CbcCrashHandleri+0x355) [0x2afa58f07b29]
/lib/x86_64-linux-gnu/libc.so.6(+0x33060) [0x2afa59cc1060]
/lib/x86_64-linux-gnu/libc.so.6(gsignal+0xcf) [0x2afa59cc0fff]
/lib/x86_64-linux-gnu/libc.so.6(abort+0x16a) [0x2afa59cc242a]
/lib/x86_64-linux-gnu/libc.so.6(+0x2be67) [0x2afa59cb9e67]
/lib/x86_64-linux-gnu/libc.so.6(+0x2bf12) [0x2afa59cb9f12]
../Debug/vws(+0x1b0427) [0x55654181d427]
../Debug/vws(+0x127bb8) [0x556541794bb8]
../Debug/vws(+0x79d6a) [0x5565416e6d6a]
/lib/x86_64-linux-gnu/libc.so.6(__libc_start_main+0xf1) [0x2afa59cae2e1]
../Debug/vws(+0x79259) [0x5565416e6259]


/var/spool/torque/mom_priv/jobs/1220332.polyp1.ie.lehigh.edu.SC: line 4: 28511 Aborted                 ../Debug/vws ${INPUT_FOLDER} ${OUTPUT_FILE} ${MAX_TIME} ${GENERATOR} ${TERMS}
