vws: /home/sek519/warm_starting/vpc/lib/Cbc-trunk/Cbc/src/CbcModel.cpp:11117: int CbcModel::takeOffCuts(OsiCuts&, bool, OsiCuts*, int, const OsiRowCut**): Assertion `numberRowsAtContinuous_ + totalNumberCuts == solver_->getNumRows()' failed.


ERROR while running Cbc. Signal SIGABRT caught. Getting stack trace.
/home/sek519/warm_starting/vws/../vpc/lib/Cbc-trunk/buildg/lib/libCbc.so.0(_Z15CbcCrashHandleri+0x277) [0x2b09e670ea4b]
/lib/x86_64-linux-gnu/libc.so.6(+0x33060) [0x2b09e74c8060]
/lib/x86_64-linux-gnu/libc.so.6(gsignal+0xcf) [0x2b09e74c7fff]
/lib/x86_64-linux-gnu/libc.so.6(abort+0x16a) [0x2b09e74c942a]
/lib/x86_64-linux-gnu/libc.so.6(+0x2be67) [0x2b09e74c0e67]
/lib/x86_64-linux-gnu/libc.so.6(+0x2bf12) [0x2b09e74c0f12]
/home/sek519/warm_starting/vws/../vpc/lib/Cbc-trunk/buildg/lib/libCbc.so.0(_ZN8CbcModel11takeOffCutsER7OsiCutsbPS0_iPPK9OsiRowCut+0xf3) [0x2b09e66b71e7]
/home/sek519/warm_starting/vws/../vpc/lib/Cbc-trunk/buildg/lib/libCbc.so.0(_ZN8CbcModel12chooseBranchERP7CbcNodeiS1_R7OsiCutsRbP18CoinWarmStartBasisPKdS9_RP15OsiSolverBranch+0x122f) [0x2b09e66c8e1b]
/home/sek519/warm_starting/vws/../vpc/lib/Cbc-trunk/buildg/lib/libCbc.so.0(_ZN8CbcModel14branchAndBoundEi+0xaf15) [0x2b09e669d573]
../Debug/vws(+0x104589) [0x55fb2c51a589]
../Debug/vws(+0x127b00) [0x55fb2c53db00]
../Debug/vws(+0x79d6a) [0x55fb2c48fd6a]
/lib/x86_64-linux-gnu/libc.so.6(__libc_start_main+0xf1) [0x2b09e74b52e1]
../Debug/vws(+0x79259) [0x55fb2c48f259]




ERROR while running Cbc. Signal SIGABRT caught. Getting stack trace.
/home/sek519/warm_starting/vws/../vpc/lib/Cbc-trunk/buildg/lib/libCbc.so.0(_Z15CbcCrashHandleri+0x277) [0x2b09e670ea4b]
/lib/x86_64-linux-gnu/libc.so.6(+0x33060) [0x2b09e74c8060]
/lib/x86_64-linux-gnu/libc.so.6(gsignal+0xcf) [0x2b09e74c7fff]
/lib/x86_64-linux-gnu/libc.so.6(abort+0x16a) [0x2b09e74c942a]
/home/sek519/warm_starting/vws/../vpc/lib/Cbc-trunk/buildg/lib/libCbc.so.0(_Z15CbcCrashHandleri+0x355) [0x2b09e670eb29]
/lib/x86_64-linux-gnu/libc.so.6(+0x33060) [0x2b09e74c8060]
/lib/x86_64-linux-gnu/libc.so.6(gsignal+0xcf) [0x2b09e74c7fff]
/lib/x86_64-linux-gnu/libc.so.6(abort+0x16a) [0x2b09e74c942a]
/lib/x86_64-linux-gnu/libc.so.6(+0x2be67) [0x2b09e74c0e67]
/lib/x86_64-linux-gnu/libc.so.6(+0x2bf12) [0x2b09e74c0f12]
/home/sek519/warm_starting/vws/../vpc/lib/Cbc-trunk/buildg/lib/libCbc.so.0(_ZN8CbcModel11takeOffCutsER7OsiCutsbPS0_iPPK9OsiRowCut+0xf3) [0x2b09e66b71e7]
/home/sek519/warm_starting/vws/../vpc/lib/Cbc-trunk/buildg/lib/libCbc.so.0(_ZN8CbcModel12chooseBranchERP7CbcNodeiS1_R7OsiCutsRbP18CoinWarmStartBasisPKdS9_RP15OsiSolverBranch+0x122f) [0x2b09e66c8e1b]
/home/sek519/warm_starting/vws/../vpc/lib/Cbc-trunk/buildg/lib/libCbc.so.0(_ZN8CbcModel14branchAndBoundEi+0xaf15) [0x2b09e669d573]
../Debug/vws(+0x104589) [0x55fb2c51a589]
../Debug/vws(+0x127b00) [0x55fb2c53db00]
../Debug/vws(+0x79d6a) [0x55fb2c48fd6a]
/lib/x86_64-linux-gnu/libc.so.6(__libc_start_main+0xf1) [0x2b09e74b52e1]
../Debug/vws(+0x79259) [0x55fb2c48f259]


/var/spool/torque/mom_priv/jobs/1220302.polyp1.ie.lehigh.edu.SC: line 4: 25089 Aborted                 (core dumped) ../Debug/vws ${INPUT_FOLDER} ${OUTPUT_FILE} ${MAX_TIME} ${GENERATOR} ${TERMS}
