*** WARNING (version #870a55a): /home/sek519/warm_starting/vws/../vpc/src/cut/PRLP.cpp:392: PRLP took too long to solve (68.676000 sec, with limit of 60.000000 sec); giving up on this point-ray collection.
[WARNING] No vpcs were made from a new disjunction. Stopping series.
vws: /home/sek519/warm_starting/vws/../vpc/src/utility/utility.cpp:651: void verify(bool, const std::string&): Assertion `false' failed.


ERROR while running Cbc. Signal SIGABRT caught. Getting stack trace.
/home/sek519/warm_starting/vws/../vpc/lib/Cbc-trunk/buildg/lib/libCbc.so.0(_Z15CbcCrashHandleri+0x277) [0x2acf41e9ba4b]
/lib/x86_64-linux-gnu/libc.so.6(+0x33060) [0x2acf42c55060]
/lib/x86_64-linux-gnu/libc.so.6(gsignal+0xcf) [0x2acf42c54fff]
/lib/x86_64-linux-gnu/libc.so.6(abort+0x16a) [0x2acf42c5642a]
/lib/x86_64-linux-gnu/libc.so.6(+0x2be67) [0x2acf42c4de67]
/lib/x86_64-linux-gnu/libc.so.6(+0x2bf12) [0x2acf42c4df12]
../Debug/vws(+0x1b0427) [0x55b4db207427]
../Debug/vws(+0x127bb8) [0x55b4db17ebb8]
../Debug/vws(+0x79d6a) [0x55b4db0d0d6a]
/lib/x86_64-linux-gnu/libc.so.6(__libc_start_main+0xf1) [0x2acf42c422e1]
../Debug/vws(+0x79259) [0x55b4db0d0259]




ERROR while running Cbc. Signal SIGABRT caught. Getting stack trace.
/home/sek519/warm_starting/vws/../vpc/lib/Cbc-trunk/buildg/lib/libCbc.so.0(_Z15CbcCrashHandleri+0x277) [0x2acf41e9ba4b]
/lib/x86_64-linux-gnu/libc.so.6(+0x33060) [0x2acf42c55060]
/lib/x86_64-linux-gnu/libc.so.6(gsignal+0xcf) [0x2acf42c54fff]
/lib/x86_64-linux-gnu/libc.so.6(abort+0x16a) [0x2acf42c5642a]
/home/sek519/warm_starting/vws/../vpc/lib/Cbc-trunk/buildg/lib/libCbc.so.0(_Z15CbcCrashHandleri+0x355) [0x2acf41e9bb29]
/lib/x86_64-linux-gnu/libc.so.6(+0x33060) [0x2acf42c55060]
/lib/x86_64-linux-gnu/libc.so.6(gsignal+0xcf) [0x2acf42c54fff]
/lib/x86_64-linux-gnu/libc.so.6(abort+0x16a) [0x2acf42c5642a]
/lib/x86_64-linux-gnu/libc.so.6(+0x2be67) [0x2acf42c4de67]
/lib/x86_64-linux-gnu/libc.so.6(+0x2bf12) [0x2acf42c4df12]
../Debug/vws(+0x1b0427) [0x55b4db207427]
../Debug/vws(+0x127bb8) [0x55b4db17ebb8]
../Debug/vws(+0x79d6a) [0x55b4db0d0d6a]
/lib/x86_64-linux-gnu/libc.so.6(__libc_start_main+0xf1) [0x2acf42c422e1]
../Debug/vws(+0x79259) [0x55b4db0d0259]


/var/spool/torque/mom_priv/jobs/1220653.polyp1.ie.lehigh.edu.SC: line 4: 16767 Aborted                 ../Debug/vws ${INPUT_FOLDER} ${OUTPUT_FILE} ${MAX_TIME} ${GENERATOR} ${TERMS}
