*** WARNING (version #870a55a): /home/sek519/warm_starting/vws/../vpc/src/cut/PRLP.cpp:392: PRLP took too long to solve (69.564000 sec, with limit of 60.000000 sec); giving up on this point-ray collection.
[WARNING] No vpcs were made from a new disjunction. Stopping series.
vws: /home/sek519/warm_starting/vws/../vpc/src/utility/utility.cpp:651: void verify(bool, const std::string&): Assertion `false' failed.


ERROR while running Cbc. Signal SIGABRT caught. Getting stack trace.
/home/sek519/warm_starting/vws/../vpc/lib/Cbc-trunk/buildg/lib/libCbc.so.0(_Z15CbcCrashHandleri+0x277) [0x2b0767e55a4b]
/lib/x86_64-linux-gnu/libc.so.6(+0x33060) [0x2b0768c0f060]
/lib/x86_64-linux-gnu/libc.so.6(gsignal+0xcf) [0x2b0768c0efff]
/lib/x86_64-linux-gnu/libc.so.6(abort+0x16a) [0x2b0768c1042a]
/lib/x86_64-linux-gnu/libc.so.6(+0x2be67) [0x2b0768c07e67]
/lib/x86_64-linux-gnu/libc.so.6(+0x2bf12) [0x2b0768c07f12]
../Debug/vws(+0x1b0427) [0x559971865427]
../Debug/vws(+0x127bb8) [0x5599717dcbb8]
../Debug/vws(+0x79d6a) [0x55997172ed6a]
/lib/x86_64-linux-gnu/libc.so.6(__libc_start_main+0xf1) [0x2b0768bfc2e1]
../Debug/vws(+0x79259) [0x55997172e259]




ERROR while running Cbc. Signal SIGABRT caught. Getting stack trace.
/home/sek519/warm_starting/vws/../vpc/lib/Cbc-trunk/buildg/lib/libCbc.so.0(_Z15CbcCrashHandleri+0x277) [0x2b0767e55a4b]
/lib/x86_64-linux-gnu/libc.so.6(+0x33060) [0x2b0768c0f060]
/lib/x86_64-linux-gnu/libc.so.6(gsignal+0xcf) [0x2b0768c0efff]
/lib/x86_64-linux-gnu/libc.so.6(abort+0x16a) [0x2b0768c1042a]
/home/sek519/warm_starting/vws/../vpc/lib/Cbc-trunk/buildg/lib/libCbc.so.0(_Z15CbcCrashHandleri+0x355) [0x2b0767e55b29]
/lib/x86_64-linux-gnu/libc.so.6(+0x33060) [0x2b0768c0f060]
/lib/x86_64-linux-gnu/libc.so.6(gsignal+0xcf) [0x2b0768c0efff]
/lib/x86_64-linux-gnu/libc.so.6(abort+0x16a) [0x2b0768c1042a]
/lib/x86_64-linux-gnu/libc.so.6(+0x2be67) [0x2b0768c07e67]
/lib/x86_64-linux-gnu/libc.so.6(+0x2bf12) [0x2b0768c07f12]
../Debug/vws(+0x1b0427) [0x559971865427]
../Debug/vws(+0x127bb8) [0x5599717dcbb8]
../Debug/vws(+0x79d6a) [0x55997172ed6a]
/lib/x86_64-linux-gnu/libc.so.6(__libc_start_main+0xf1) [0x2b0768bfc2e1]
../Debug/vws(+0x79259) [0x55997172e259]


/var/spool/torque/mom_priv/jobs/1220664.polyp1.ie.lehigh.edu.SC: line 4:  1253 Aborted                 ../Debug/vws ${INPUT_FOLDER} ${OUTPUT_FILE} ${MAX_TIME} ${GENERATOR} ${TERMS}
