*** WARNING (version #870a55a): /home/sek519/warm_starting/vws/../vpc/src/cut/CglVPC.cpp:335: An integer (optimal) solution with value 24938 was found prior while getting disjunction.
[WARNING] No vpcs were made from a new disjunction. Stopping series.
vws: /home/sek519/warm_starting/vws/../vpc/src/utility/utility.cpp:651: void verify(bool, const std::string&): Assertion `false' failed.


ERROR while running Cbc. Signal SIGABRT caught. Getting stack trace.
/home/sek519/warm_starting/vws/../vpc/lib/Cbc-trunk/buildg/lib/libCbc.so.0(_Z15CbcCrashHandleri+0x277) [0x2adb50ddca4b]
/lib/x86_64-linux-gnu/libc.so.6(+0x33060) [0x2adb51b96060]
/lib/x86_64-linux-gnu/libc.so.6(gsignal+0xcf) [0x2adb51b95fff]
/lib/x86_64-linux-gnu/libc.so.6(abort+0x16a) [0x2adb51b9742a]
/lib/x86_64-linux-gnu/libc.so.6(+0x2be67) [0x2adb51b8ee67]
/lib/x86_64-linux-gnu/libc.so.6(+0x2bf12) [0x2adb51b8ef12]
../Debug/vws(+0x1b0427) [0x556620210427]
../Debug/vws(+0x127bb8) [0x556620187bb8]
../Debug/vws(+0x79d6a) [0x5566200d9d6a]
/lib/x86_64-linux-gnu/libc.so.6(__libc_start_main+0xf1) [0x2adb51b832e1]
../Debug/vws(+0x79259) [0x5566200d9259]




ERROR while running Cbc. Signal SIGABRT caught. Getting stack trace.
/home/sek519/warm_starting/vws/../vpc/lib/Cbc-trunk/buildg/lib/libCbc.so.0(_Z15CbcCrashHandleri+0x277) [0x2adb50ddca4b]
/lib/x86_64-linux-gnu/libc.so.6(+0x33060) [0x2adb51b96060]
/lib/x86_64-linux-gnu/libc.so.6(gsignal+0xcf) [0x2adb51b95fff]
/lib/x86_64-linux-gnu/libc.so.6(abort+0x16a) [0x2adb51b9742a]
/home/sek519/warm_starting/vws/../vpc/lib/Cbc-trunk/buildg/lib/libCbc.so.0(_Z15CbcCrashHandleri+0x355) [0x2adb50ddcb29]
/lib/x86_64-linux-gnu/libc.so.6(+0x33060) [0x2adb51b96060]
/lib/x86_64-linux-gnu/libc.so.6(gsignal+0xcf) [0x2adb51b95fff]
/lib/x86_64-linux-gnu/libc.so.6(abort+0x16a) [0x2adb51b9742a]
/lib/x86_64-linux-gnu/libc.so.6(+0x2be67) [0x2adb51b8ee67]
/lib/x86_64-linux-gnu/libc.so.6(+0x2bf12) [0x2adb51b8ef12]
../Debug/vws(+0x1b0427) [0x556620210427]
../Debug/vws(+0x127bb8) [0x556620187bb8]
../Debug/vws(+0x79d6a) [0x5566200d9d6a]
/lib/x86_64-linux-gnu/libc.so.6(__libc_start_main+0xf1) [0x2adb51b832e1]
../Debug/vws(+0x79259) [0x5566200d9259]


/var/spool/torque/mom_priv/jobs/1220196.polyp1.ie.lehigh.edu.SC: line 4: 15240 Aborted                 ../Debug/vws ${INPUT_FOLDER} ${OUTPUT_FILE} ${MAX_TIME} ${GENERATOR} ${TERMS}
