*** WARNING (version #870a55a): /home/sek519/warm_starting/vws/../vpc/src/cut/PRLP.cpp:387: PRLP is primal infeasible; giving up on this point-ray collection.
*** WARNING (version #870a55a): /home/sek519/warm_starting/vws/../vpc/src/cut/PRLP.cpp:387: PRLP is primal infeasible; giving up on this point-ray collection.
*** WARNING (version #870a55a): /home/sek519/warm_starting/vws/../vpc/src/cut/PRLP.cpp:387: PRLP is primal infeasible; giving up on this point-ray collection.
*** WARNING (version #870a55a): /home/sek519/warm_starting/vws/../vpc/src/cut/PRLP.cpp:387: PRLP is primal infeasible; giving up on this point-ray collection.
Since we minimize, disjunctive dual bound should not be less than LP relaxation objective value.
vws: /home/sek519/warm_starting/vws/../vpc/src/utility/utility.cpp:651: void verify(bool, const std::string&): Assertion `false' failed.


ERROR while running Cbc. Signal SIGABRT caught. Getting stack trace.
/home/sek519/warm_starting/vws/../vpc/lib/Cbc-trunk/buildg/lib/libCbc.so.0(_Z15CbcCrashHandleri+0x277) [0x2adaffe04a4b]
/lib/x86_64-linux-gnu/libc.so.6(+0x33060) [0x2adb00bbe060]
/lib/x86_64-linux-gnu/libc.so.6(gsignal+0xcf) [0x2adb00bbdfff]
/lib/x86_64-linux-gnu/libc.so.6(abort+0x16a) [0x2adb00bbf42a]
/lib/x86_64-linux-gnu/libc.so.6(+0x2be67) [0x2adb00bb6e67]
/lib/x86_64-linux-gnu/libc.so.6(+0x2bf12) [0x2adb00bb6f12]
../Debug/vws(+0x1b0427) [0x55c0e2a54427]
../Debug/vws(+0x1fdd88) [0x55c0e2aa1d88]
../Debug/vws(+0x105bb8) [0x55c0e29a9bb8]
../Debug/vws(+0x103f4c) [0x55c0e29a7f4c]
../Debug/vws(+0x127b00) [0x55c0e29cbb00]
../Debug/vws(+0x79d6a) [0x55c0e291dd6a]
/lib/x86_64-linux-gnu/libc.so.6(__libc_start_main+0xf1) [0x2adb00bab2e1]
../Debug/vws(+0x79259) [0x55c0e291d259]




ERROR while running Cbc. Signal SIGABRT caught. Getting stack trace.
/home/sek519/warm_starting/vws/../vpc/lib/Cbc-trunk/buildg/lib/libCbc.so.0(_Z15CbcCrashHandleri+0x277) [0x2adaffe04a4b]
/lib/x86_64-linux-gnu/libc.so.6(+0x33060) [0x2adb00bbe060]
/lib/x86_64-linux-gnu/libc.so.6(gsignal+0xcf) [0x2adb00bbdfff]
/lib/x86_64-linux-gnu/libc.so.6(abort+0x16a) [0x2adb00bbf42a]
/home/sek519/warm_starting/vws/../vpc/lib/Cbc-trunk/buildg/lib/libCbc.so.0(_Z15CbcCrashHandleri+0x355) [0x2adaffe04b29]
/lib/x86_64-linux-gnu/libc.so.6(+0x33060) [0x2adb00bbe060]
/lib/x86_64-linux-gnu/libc.so.6(gsignal+0xcf) [0x2adb00bbdfff]
/lib/x86_64-linux-gnu/libc.so.6(abort+0x16a) [0x2adb00bbf42a]
/lib/x86_64-linux-gnu/libc.so.6(+0x2be67) [0x2adb00bb6e67]
/lib/x86_64-linux-gnu/libc.so.6(+0x2bf12) [0x2adb00bb6f12]
../Debug/vws(+0x1b0427) [0x55c0e2a54427]
../Debug/vws(+0x1fdd88) [0x55c0e2aa1d88]
../Debug/vws(+0x105bb8) [0x55c0e29a9bb8]
../Debug/vws(+0x103f4c) [0x55c0e29a7f4c]
../Debug/vws(+0x127b00) [0x55c0e29cbb00]
../Debug/vws(+0x79d6a) [0x55c0e291dd6a]
/lib/x86_64-linux-gnu/libc.so.6(__libc_start_main+0xf1) [0x2adb00bab2e1]
../Debug/vws(+0x79259) [0x55c0e291d259]


/var/spool/torque/mom_priv/jobs/1220209.polyp1.ie.lehigh.edu.SC: line 4: 23729 Aborted                 (core dumped) ../Debug/vws ${INPUT_FOLDER} ${OUTPUT_FILE} ${MAX_TIME} ${GENERATOR} ${TERMS}
