*** WARNING (version #870a55a): /home/sek519/warm_starting/vws/../vpc/src/branch/VPCEventHandler.cpp:1258: Objective at parent node 1/8 (node id 0) is somewhat incorrect. During BB, it was 1167875.166, now it is 1167185.726.
*** WARNING (version #870a55a): /home/sek519/warm_starting/vws/../vpc/src/branch/VPCEventHandler.cpp:1258: Objective at parent node 7/8 (node id 19) is somewhat incorrect. During BB, it was 1176212.500, now it is 1175512.500.
*** WARNING (version #870a55a): /home/sek519/warm_starting/vws/../vpc/src/branch/VPCEventHandler.cpp:1258: Objective at parent node 8/8 (node id 18) is somewhat incorrect. During BB, it was 1176695.000, now it is 1173820.000.
*** WARNING (version #870a55a): /home/sek519/warm_starting/vws/../vpc/src/branch/VPCEventHandler.cpp:1258: Objective at parent node 1/8 (node id 0) is somewhat incorrect. During BB, it was 1167945.100, now it is 1167255.553.
*** WARNING (version #870a55a): /home/sek519/warm_starting/vws/../vpc/src/branch/VPCEventHandler.cpp:1258: Objective at parent node 6/8 (node id 18) is somewhat incorrect. During BB, it was 1176764.000, now it is 1173889.667.
*** WARNING (version #870a55a): /home/sek519/warm_starting/vws/../vpc/src/branch/VPCEventHandler.cpp:1258: Objective at parent node 8/8 (node id 21) is somewhat incorrect. During BB, it was 1181613.467, now it is 1176452.646.
Disjunction does not represent a full binary tree.
vws: /home/sek519/warm_starting/vws/../vpc/src/utility/utility.cpp:651: void verify(bool, const std::string&): Assertion `false' failed.


ERROR while running Cbc. Signal SIGABRT caught. Getting stack trace.
/home/sek519/warm_starting/vws/../vpc/lib/Cbc-trunk/buildg/lib/libCbc.so.0(_Z15CbcCrashHandleri+0x277) [0x2b822f8ada4b]
/lib/x86_64-linux-gnu/libc.so.6(+0x33060) [0x2b8230667060]
/lib/x86_64-linux-gnu/libc.so.6(gsignal+0xcf) [0x2b8230666fff]
/lib/x86_64-linux-gnu/libc.so.6(abort+0x16a) [0x2b823066842a]
/lib/x86_64-linux-gnu/libc.so.6(+0x2be67) [0x2b823065fe67]
/lib/x86_64-linux-gnu/libc.so.6(+0x2bf12) [0x2b823065ff12]
../Debug/vws(+0x1b0427) [0x55b1ec95d427]
../Debug/vws(+0x1c6a1b) [0x55b1ec973a1b]
../Debug/vws(+0x1c5c86) [0x55b1ec972c86]
../Debug/vws(+0x1bcc46) [0x55b1ec969c46]
/home/sek519/warm_starting/vws/../vpc/lib/Cbc-trunk/buildg/lib/libCbc.so.0(_ZN8CbcModel14branchAndBoundEi+0xe2fb) [0x2b822f83f959]
../Debug/vws(+0x1fe716) [0x55b1ec9ab716]
../Debug/vws(+0x1fc8e5) [0x55b1ec9a98e5]
../Debug/vws(+0x1d5956) [0x55b1ec982956]
../Debug/vws(+0x104c60) [0x55b1ec8b1c60]
../Debug/vws(+0x103ee1) [0x55b1ec8b0ee1]
../Debug/vws(+0x127b00) [0x55b1ec8d4b00]
../Debug/vws(+0x79d6a) [0x55b1ec826d6a]
/lib/x86_64-linux-gnu/libc.so.6(__libc_start_main+0xf1) [0x2b82306542e1]
../Debug/vws(+0x79259) [0x55b1ec826259]




ERROR while running Cbc. Signal SIGABRT caught. Getting stack trace.
/home/sek519/warm_starting/vws/../vpc/lib/Cbc-trunk/buildg/lib/libCbc.so.0(_Z15CbcCrashHandleri+0x277) [0x2b822f8ada4b]
/lib/x86_64-linux-gnu/libc.so.6(+0x33060) [0x2b8230667060]
/lib/x86_64-linux-gnu/libc.so.6(gsignal+0xcf) [0x2b8230666fff]
/lib/x86_64-linux-gnu/libc.so.6(abort+0x16a) [0x2b823066842a]
/home/sek519/warm_starting/vws/../vpc/lib/Cbc-trunk/buildg/lib/libCbc.so.0(_Z15CbcCrashHandleri+0x355) [0x2b822f8adb29]
/lib/x86_64-linux-gnu/libc.so.6(+0x33060) [0x2b8230667060]
/lib/x86_64-linux-gnu/libc.so.6(gsignal+0xcf) [0x2b8230666fff]
/lib/x86_64-linux-gnu/libc.so.6(abort+0x16a) [0x2b823066842a]
/lib/x86_64-linux-gnu/libc.so.6(+0x2be67) [0x2b823065fe67]
/lib/x86_64-linux-gnu/libc.so.6(+0x2bf12) [0x2b823065ff12]
../Debug/vws(+0x1b0427) [0x55b1ec95d427]
../Debug/vws(+0x1c6a1b) [0x55b1ec973a1b]
../Debug/vws(+0x1c5c86) [0x55b1ec972c86]
../Debug/vws(+0x1bcc46) [0x55b1ec969c46]
/home/sek519/warm_starting/vws/../vpc/lib/Cbc-trunk/buildg/lib/libCbc.so.0(_ZN8CbcModel14branchAndBoundEi+0xe2fb) [0x2b822f83f959]
../Debug/vws(+0x1fe716) [0x55b1ec9ab716]
../Debug/vws(+0x1fc8e5) [0x55b1ec9a98e5]
../Debug/vws(+0x1d5956) [0x55b1ec982956]
../Debug/vws(+0x104c60) [0x55b1ec8b1c60]
../Debug/vws(+0x103ee1) [0x55b1ec8b0ee1]
../Debug/vws(+0x127b00) [0x55b1ec8d4b00]
../Debug/vws(+0x79d6a) [0x55b1ec826d6a]
/lib/x86_64-linux-gnu/libc.so.6(__libc_start_main+0xf1) [0x2b82306542e1]
../Debug/vws(+0x79259) [0x55b1ec826259]


/var/spool/torque/mom_priv/jobs/1219572.polyp1.ie.lehigh.edu.SC: line 4: 26326 Aborted                 (core dumped) ../Debug/vws ${INPUT_FOLDER} ${OUTPUT_FILE} ${MAX_TIME} ${GENERATOR} ${TERMS}
