*** WARNING (version #870a55a): /home/sek519/warm_starting/vws/../vpc/src/branch/VPCEventHandler.cpp:1258: Objective at parent node 1/2 (node id 0) is somewhat incorrect. During BB, it was 1167875.166, now it is 1167185.726.
*** WARNING (version #870a55a): /home/sek519/warm_starting/vws/../vpc/src/branch/VPCEventHandler.cpp:1258: Objective at parent node 1/2 (node id 0) is somewhat incorrect. During BB, it was 1145040.551, now it is 1144901.621.
vws: /home/sek519/warm_starting/vpc/lib/Cbc-trunk/Cbc/src/CbcModel.cpp:11117: int CbcModel::takeOffCuts(OsiCuts&, bool, OsiCuts*, int, const OsiRowCut**): Assertion `numberRowsAtContinuous_ + totalNumberCuts == solver_->getNumRows()' failed.


ERROR while running Cbc. Signal SIGABRT caught. Getting stack trace.
/home/sek519/warm_starting/vws/../vpc/lib/Cbc-trunk/buildg/lib/libCbc.so.0(_Z15CbcCrashHandleri+0x277) [0x2b5bac806a4b]
/lib/x86_64-linux-gnu/libc.so.6(+0x33060) [0x2b5bad5c0060]
/lib/x86_64-linux-gnu/libc.so.6(gsignal+0xcf) [0x2b5bad5bffff]
/lib/x86_64-linux-gnu/libc.so.6(abort+0x16a) [0x2b5bad5c142a]
/lib/x86_64-linux-gnu/libc.so.6(+0x2be67) [0x2b5bad5b8e67]
/lib/x86_64-linux-gnu/libc.so.6(+0x2bf12) [0x2b5bad5b8f12]
/home/sek519/warm_starting/vws/../vpc/lib/Cbc-trunk/buildg/lib/libCbc.so.0(_ZN8CbcModel11takeOffCutsER7OsiCutsbPS0_iPPK9OsiRowCut+0xf3) [0x2b5bac7af1e7]
/home/sek519/warm_starting/vws/../vpc/lib/Cbc-trunk/buildg/lib/libCbc.so.0(_ZN8CbcModel12chooseBranchERP7CbcNodeiS1_R7OsiCutsRbP18CoinWarmStartBasisPKdS9_RP15OsiSolverBranch+0x122f) [0x2b5bac7c0e1b]
/home/sek519/warm_starting/vws/../vpc/lib/Cbc-trunk/buildg/lib/libCbc.so.0(_ZN8CbcModel14branchAndBoundEi+0xaf15) [0x2b5bac795573]
../Debug/vws(+0x104589) [0x55e71aa33589]
../Debug/vws(+0x127b00) [0x55e71aa56b00]
../Debug/vws(+0x79d6a) [0x55e71a9a8d6a]
/lib/x86_64-linux-gnu/libc.so.6(__libc_start_main+0xf1) [0x2b5bad5ad2e1]
../Debug/vws(+0x79259) [0x55e71a9a8259]




ERROR while running Cbc. Signal SIGABRT caught. Getting stack trace.
/home/sek519/warm_starting/vws/../vpc/lib/Cbc-trunk/buildg/lib/libCbc.so.0(_Z15CbcCrashHandleri+0x277) [0x2b5bac806a4b]
/lib/x86_64-linux-gnu/libc.so.6(+0x33060) [0x2b5bad5c0060]
/lib/x86_64-linux-gnu/libc.so.6(gsignal+0xcf) [0x2b5bad5bffff]
/lib/x86_64-linux-gnu/libc.so.6(abort+0x16a) [0x2b5bad5c142a]
/home/sek519/warm_starting/vws/../vpc/lib/Cbc-trunk/buildg/lib/libCbc.so.0(_Z15CbcCrashHandleri+0x355) [0x2b5bac806b29]
/lib/x86_64-linux-gnu/libc.so.6(+0x33060) [0x2b5bad5c0060]
/lib/x86_64-linux-gnu/libc.so.6(gsignal+0xcf) [0x2b5bad5bffff]
/lib/x86_64-linux-gnu/libc.so.6(abort+0x16a) [0x2b5bad5c142a]
/lib/x86_64-linux-gnu/libc.so.6(+0x2be67) [0x2b5bad5b8e67]
/lib/x86_64-linux-gnu/libc.so.6(+0x2bf12) [0x2b5bad5b8f12]
/home/sek519/warm_starting/vws/../vpc/lib/Cbc-trunk/buildg/lib/libCbc.so.0(_ZN8CbcModel11takeOffCutsER7OsiCutsbPS0_iPPK9OsiRowCut+0xf3) [0x2b5bac7af1e7]
/home/sek519/warm_starting/vws/../vpc/lib/Cbc-trunk/buildg/lib/libCbc.so.0(_ZN8CbcModel12chooseBranchERP7CbcNodeiS1_R7OsiCutsRbP18CoinWarmStartBasisPKdS9_RP15OsiSolverBranch+0x122f) [0x2b5bac7c0e1b]
/home/sek519/warm_starting/vws/../vpc/lib/Cbc-trunk/buildg/lib/libCbc.so.0(_ZN8CbcModel14branchAndBoundEi+0xaf15) [0x2b5bac795573]
../Debug/vws(+0x104589) [0x55e71aa33589]
../Debug/vws(+0x127b00) [0x55e71aa56b00]
../Debug/vws(+0x79d6a) [0x55e71a9a8d6a]
/lib/x86_64-linux-gnu/libc.so.6(__libc_start_main+0xf1) [0x2b5bad5ad2e1]
../Debug/vws(+0x79259) [0x55e71a9a8259]


/var/spool/torque/mom_priv/jobs/1219592.polyp1.ie.lehigh.edu.SC: line 4:  1228 Aborted                 (core dumped) ../Debug/vws ${INPUT_FOLDER} ${OUTPUT_FILE} ${MAX_TIME} ${GENERATOR} ${TERMS}
