*** WARNING (version #870a55a): /home/sek519/warm_starting/vws/../vpc/src/branch/VPCEventHandler.cpp:1258: Objective at parent node 1/2 (node id 0) is somewhat incorrect. During BB, it was 112228.228, now it is 112130.041.
*** WARNING (version #870a55a): /home/sek519/warm_starting/vws/../vpc/src/branch/VPCEventHandler.cpp:1258: Objective at parent node 1/2 (node id 0) is somewhat incorrect. During BB, it was 111164.220, now it is 110990.216.
*** WARNING (version #870a55a): /home/sek519/warm_starting/vws/../vpc/src/branch/VPCEventHandler.cpp:1258: Objective at parent node 1/2 (node id 0) is somewhat incorrect. During BB, it was 102412.641, now it is 102140.462.
*** WARNING (version #870a55a): /home/sek519/warm_starting/vws/../vpc/src/branch/VPCEventHandler.cpp:1258: Objective at parent node 1/2 (node id 0) is somewhat incorrect. During BB, it was 106488.613, now it is 106267.815.
*** WARNING (version #870a55a): /home/sek519/warm_starting/vws/../vpc/src/cut/CglVPC.cpp:335: An integer (optimal) solution with value 103597 was found prior while getting disjunction.
[WARNING] No vpcs were made from a new disjunction. Stopping series.
vws: /home/sek519/warm_starting/vws/../vpc/src/utility/utility.cpp:651: void verify(bool, const std::string&): Assertion `false' failed.


ERROR while running Cbc. Signal SIGABRT caught. Getting stack trace.
/home/sek519/warm_starting/vws/../vpc/lib/Cbc-trunk/buildg/lib/libCbc.so.0(_Z15CbcCrashHandleri+0x277) [0x2b620ea60a4b]
/lib/x86_64-linux-gnu/libc.so.6(+0x33060) [0x2b620f81a060]
/lib/x86_64-linux-gnu/libc.so.6(gsignal+0xcf) [0x2b620f819fff]
/lib/x86_64-linux-gnu/libc.so.6(abort+0x16a) [0x2b620f81b42a]
/lib/x86_64-linux-gnu/libc.so.6(+0x2be67) [0x2b620f812e67]
/lib/x86_64-linux-gnu/libc.so.6(+0x2bf12) [0x2b620f812f12]
../Debug/vws(+0x1b0427) [0x5598229f1427]
../Debug/vws(+0x127bb8) [0x559822968bb8]
../Debug/vws(+0x79d6a) [0x5598228bad6a]
/lib/x86_64-linux-gnu/libc.so.6(__libc_start_main+0xf1) [0x2b620f8072e1]
../Debug/vws(+0x79259) [0x5598228ba259]




ERROR while running Cbc. Signal SIGABRT caught. Getting stack trace.
/home/sek519/warm_starting/vws/../vpc/lib/Cbc-trunk/buildg/lib/libCbc.so.0(_Z15CbcCrashHandleri+0x277) [0x2b620ea60a4b]
/lib/x86_64-linux-gnu/libc.so.6(+0x33060) [0x2b620f81a060]
/lib/x86_64-linux-gnu/libc.so.6(gsignal+0xcf) [0x2b620f819fff]
/lib/x86_64-linux-gnu/libc.so.6(abort+0x16a) [0x2b620f81b42a]
/home/sek519/warm_starting/vws/../vpc/lib/Cbc-trunk/buildg/lib/libCbc.so.0(_Z15CbcCrashHandleri+0x355) [0x2b620ea60b29]
/lib/x86_64-linux-gnu/libc.so.6(+0x33060) [0x2b620f81a060]
/lib/x86_64-linux-gnu/libc.so.6(gsignal+0xcf) [0x2b620f819fff]
/lib/x86_64-linux-gnu/libc.so.6(abort+0x16a) [0x2b620f81b42a]
/lib/x86_64-linux-gnu/libc.so.6(+0x2be67) [0x2b620f812e67]
/lib/x86_64-linux-gnu/libc.so.6(+0x2bf12) [0x2b620f812f12]
../Debug/vws(+0x1b0427) [0x5598229f1427]
../Debug/vws(+0x127bb8) [0x559822968bb8]
../Debug/vws(+0x79d6a) [0x5598228bad6a]
/lib/x86_64-linux-gnu/libc.so.6(__libc_start_main+0xf1) [0x2b620f8072e1]
../Debug/vws(+0x79259) [0x5598228ba259]


/var/spool/torque/mom_priv/jobs/1217528.polyp1.ie.lehigh.edu.SC: line 4:  2077 Aborted                 (core dumped) ../Debug/vws ${INPUT_FOLDER} ${OUTPUT_FILE} ${MAX_TIME} ${GENERATOR} ${TERMS}
