*** WARNING (version #870a55a): /home/sek519/warm_starting/vws/../vpc/src/cut/CglVPC.cpp:335: An integer (optimal) solution with value 202.35 was found prior while getting disjunction.
[WARNING] No vpcs were made from a new disjunction. Stopping series.
vws: /home/sek519/warm_starting/vws/../vpc/src/utility/utility.cpp:651: void verify(bool, const std::string&): Assertion `false' failed.


ERROR while running Cbc. Signal SIGABRT caught. Getting stack trace.
/home/sek519/warm_starting/vws/../vpc/lib/Cbc-trunk/buildg/lib/libCbc.so.0(_Z15CbcCrashHandleri+0x277) [0x2b1743209a4b]
/lib/x86_64-linux-gnu/libc.so.6(+0x33060) [0x2b1743fc3060]
/lib/x86_64-linux-gnu/libc.so.6(gsignal+0xcf) [0x2b1743fc2fff]
/lib/x86_64-linux-gnu/libc.so.6(abort+0x16a) [0x2b1743fc442a]
/lib/x86_64-linux-gnu/libc.so.6(+0x2be67) [0x2b1743fbbe67]
/lib/x86_64-linux-gnu/libc.so.6(+0x2bf12) [0x2b1743fbbf12]
../Debug/vws(+0x1b0427) [0x5569b7def427]
../Debug/vws(+0x127bb8) [0x5569b7d66bb8]
../Debug/vws(+0x79d6a) [0x5569b7cb8d6a]
/lib/x86_64-linux-gnu/libc.so.6(__libc_start_main+0xf1) [0x2b1743fb02e1]
../Debug/vws(+0x79259) [0x5569b7cb8259]




ERROR while running Cbc. Signal SIGABRT caught. Getting stack trace.
/home/sek519/warm_starting/vws/../vpc/lib/Cbc-trunk/buildg/lib/libCbc.so.0(_Z15CbcCrashHandleri+0x277) [0x2b1743209a4b]
/lib/x86_64-linux-gnu/libc.so.6(+0x33060) [0x2b1743fc3060]
/lib/x86_64-linux-gnu/libc.so.6(gsignal+0xcf) [0x2b1743fc2fff]
/lib/x86_64-linux-gnu/libc.so.6(abort+0x16a) [0x2b1743fc442a]
/home/sek519/warm_starting/vws/../vpc/lib/Cbc-trunk/buildg/lib/libCbc.so.0(_Z15CbcCrashHandleri+0x355) [0x2b1743209b29]
/lib/x86_64-linux-gnu/libc.so.6(+0x33060) [0x2b1743fc3060]
/lib/x86_64-linux-gnu/libc.so.6(gsignal+0xcf) [0x2b1743fc2fff]
/lib/x86_64-linux-gnu/libc.so.6(abort+0x16a) [0x2b1743fc442a]
/lib/x86_64-linux-gnu/libc.so.6(+0x2be67) [0x2b1743fbbe67]
/lib/x86_64-linux-gnu/libc.so.6(+0x2bf12) [0x2b1743fbbf12]
../Debug/vws(+0x1b0427) [0x5569b7def427]
../Debug/vws(+0x127bb8) [0x5569b7d66bb8]
../Debug/vws(+0x79d6a) [0x5569b7cb8d6a]
/lib/x86_64-linux-gnu/libc.so.6(__libc_start_main+0xf1) [0x2b1743fb02e1]
../Debug/vws(+0x79259) [0x5569b7cb8259]


/var/spool/torque/mom_priv/jobs/1220836.polyp1.ie.lehigh.edu.SC: line 4: 25340 Aborted                 ../Debug/vws ${INPUT_FOLDER} ${OUTPUT_FILE} ${MAX_TIME} ${GENERATOR} ${TERMS}
