*** WARNING (version #870a55a): /home/sek519/warm_starting/vws/../vpc/src/cut/CglVPC.cpp:335: An integer (optimal) solution with value 202.35 was found prior while getting disjunction.
[WARNING] No vpcs were made from a new disjunction. Stopping series.
vws: /home/sek519/warm_starting/vws/../vpc/src/utility/utility.cpp:651: void verify(bool, const std::string&): Assertion `false' failed.


ERROR while running Cbc. Signal SIGABRT caught. Getting stack trace.
/home/sek519/warm_starting/vws/../vpc/lib/Cbc-trunk/buildg/lib/libCbc.so.0(_Z15CbcCrashHandleri+0x277) [0x2ad1c387aa4b]
/lib/x86_64-linux-gnu/libc.so.6(+0x33060) [0x2ad1c4634060]
/lib/x86_64-linux-gnu/libc.so.6(gsignal+0xcf) [0x2ad1c4633fff]
/lib/x86_64-linux-gnu/libc.so.6(abort+0x16a) [0x2ad1c463542a]
/lib/x86_64-linux-gnu/libc.so.6(+0x2be67) [0x2ad1c462ce67]
/lib/x86_64-linux-gnu/libc.so.6(+0x2bf12) [0x2ad1c462cf12]
../Debug/vws(+0x1b0427) [0x56135f270427]
../Debug/vws(+0x127bb8) [0x56135f1e7bb8]
../Debug/vws(+0x79d6a) [0x56135f139d6a]
/lib/x86_64-linux-gnu/libc.so.6(__libc_start_main+0xf1) [0x2ad1c46212e1]
../Debug/vws(+0x79259) [0x56135f139259]




ERROR while running Cbc. Signal SIGABRT caught. Getting stack trace.
/home/sek519/warm_starting/vws/../vpc/lib/Cbc-trunk/buildg/lib/libCbc.so.0(_Z15CbcCrashHandleri+0x277) [0x2ad1c387aa4b]
/lib/x86_64-linux-gnu/libc.so.6(+0x33060) [0x2ad1c4634060]
/lib/x86_64-linux-gnu/libc.so.6(gsignal+0xcf) [0x2ad1c4633fff]
/lib/x86_64-linux-gnu/libc.so.6(abort+0x16a) [0x2ad1c463542a]
/home/sek519/warm_starting/vws/../vpc/lib/Cbc-trunk/buildg/lib/libCbc.so.0(_Z15CbcCrashHandleri+0x355) [0x2ad1c387ab29]
/lib/x86_64-linux-gnu/libc.so.6(+0x33060) [0x2ad1c4634060]
/lib/x86_64-linux-gnu/libc.so.6(gsignal+0xcf) [0x2ad1c4633fff]
/lib/x86_64-linux-gnu/libc.so.6(abort+0x16a) [0x2ad1c463542a]
/lib/x86_64-linux-gnu/libc.so.6(+0x2be67) [0x2ad1c462ce67]
/lib/x86_64-linux-gnu/libc.so.6(+0x2bf12) [0x2ad1c462cf12]
../Debug/vws(+0x1b0427) [0x56135f270427]
../Debug/vws(+0x127bb8) [0x56135f1e7bb8]
../Debug/vws(+0x79d6a) [0x56135f139d6a]
/lib/x86_64-linux-gnu/libc.so.6(__libc_start_main+0xf1) [0x2ad1c46212e1]
../Debug/vws(+0x79259) [0x56135f139259]


/var/spool/torque/mom_priv/jobs/1220824.polyp1.ie.lehigh.edu.SC: line 4: 20136 Aborted                 (core dumped) ../Debug/vws ${INPUT_FOLDER} ${OUTPUT_FILE} ${MAX_TIME} ${GENERATOR} ${TERMS}
