Since we minimize, disjunctive dual bound should not be less than LP relaxation objective value.
vws: /home/sek519/warm_starting/vws/../vpc/src/utility/utility.cpp:651: void verify(bool, const std::string&): Assertion `false' failed.


ERROR while running Cbc. Signal SIGABRT caught. Getting stack trace.
/home/sek519/warm_starting/vws/../vpc/lib/Cbc-trunk/buildg/lib/libCbc.so.0(_Z15CbcCrashHandleri+0x277) [0x2afa5bf75a4b]
/lib/x86_64-linux-gnu/libc.so.6(+0x33060) [0x2afa5cd2f060]
/lib/x86_64-linux-gnu/libc.so.6(gsignal+0xcf) [0x2afa5cd2efff]
/lib/x86_64-linux-gnu/libc.so.6(abort+0x16a) [0x2afa5cd3042a]
/lib/x86_64-linux-gnu/libc.so.6(+0x2be67) [0x2afa5cd27e67]
/lib/x86_64-linux-gnu/libc.so.6(+0x2bf12) [0x2afa5cd27f12]
../Debug/vws(+0x1b0427) [0x55f769870427]
../Debug/vws(+0x1fdd88) [0x55f7698bdd88]
../Debug/vws(+0x10512c) [0x55f7697c512c]
../Debug/vws(+0x103fb7) [0x55f7697c3fb7]
../Debug/vws(+0x127b00) [0x55f7697e7b00]
../Debug/vws(+0x79d6a) [0x55f769739d6a]
/lib/x86_64-linux-gnu/libc.so.6(__libc_start_main+0xf1) [0x2afa5cd1c2e1]
../Debug/vws(+0x79259) [0x55f769739259]




ERROR while running Cbc. Signal SIGABRT caught. Getting stack trace.
/home/sek519/warm_starting/vws/../vpc/lib/Cbc-trunk/buildg/lib/libCbc.so.0(_Z15CbcCrashHandleri+0x277) [0x2afa5bf75a4b]
/lib/x86_64-linux-gnu/libc.so.6(+0x33060) [0x2afa5cd2f060]
/lib/x86_64-linux-gnu/libc.so.6(gsignal+0xcf) [0x2afa5cd2efff]
/lib/x86_64-linux-gnu/libc.so.6(abort+0x16a) [0x2afa5cd3042a]
/home/sek519/warm_starting/vws/../vpc/lib/Cbc-trunk/buildg/lib/libCbc.so.0(_Z15CbcCrashHandleri+0x355) [0x2afa5bf75b29]
/lib/x86_64-linux-gnu/libc.so.6(+0x33060) [0x2afa5cd2f060]
/lib/x86_64-linux-gnu/libc.so.6(gsignal+0xcf) [0x2afa5cd2efff]
/lib/x86_64-linux-gnu/libc.so.6(abort+0x16a) [0x2afa5cd3042a]
/lib/x86_64-linux-gnu/libc.so.6(+0x2be67) [0x2afa5cd27e67]
/lib/x86_64-linux-gnu/libc.so.6(+0x2bf12) [0x2afa5cd27f12]
../Debug/vws(+0x1b0427) [0x55f769870427]
../Debug/vws(+0x1fdd88) [0x55f7698bdd88]
../Debug/vws(+0x10512c) [0x55f7697c512c]
../Debug/vws(+0x103fb7) [0x55f7697c3fb7]
../Debug/vws(+0x127b00) [0x55f7697e7b00]
../Debug/vws(+0x79d6a) [0x55f769739d6a]
/lib/x86_64-linux-gnu/libc.so.6(__libc_start_main+0xf1) [0x2afa5cd1c2e1]
../Debug/vws(+0x79259) [0x55f769739259]


/var/spool/torque/mom_priv/jobs/1218746.polyp1.ie.lehigh.edu.SC: line 4: 28575 Aborted                 ../Debug/vws ${INPUT_FOLDER} ${OUTPUT_FILE} ${MAX_TIME} ${GENERATOR} ${TERMS}
