Since we minimize, disjunctive dual bound should not be less than LP relaxation objective value.
vws: /home/sek519/warm_starting/vws/../vpc/src/utility/utility.cpp:651: void verify(bool, const std::string&): Assertion `false' failed.


ERROR while running Cbc. Signal SIGABRT caught. Getting stack trace.
/home/sek519/warm_starting/vws/../vpc/lib/Cbc-trunk/buildg/lib/libCbc.so.0(_Z15CbcCrashHandleri+0x277) [0x2b0d1df18a4b]
/lib/x86_64-linux-gnu/libc.so.6(+0x33060) [0x2b0d1ecd2060]
/lib/x86_64-linux-gnu/libc.so.6(gsignal+0xcf) [0x2b0d1ecd1fff]
/lib/x86_64-linux-gnu/libc.so.6(abort+0x16a) [0x2b0d1ecd342a]
/lib/x86_64-linux-gnu/libc.so.6(+0x2be67) [0x2b0d1eccae67]
/lib/x86_64-linux-gnu/libc.so.6(+0x2bf12) [0x2b0d1eccaf12]
../Debug/vws(+0x1b0427) [0x555fc92ac427]
../Debug/vws(+0x1fdd88) [0x555fc92f9d88]
../Debug/vws(+0x105bb8) [0x555fc9201bb8]
../Debug/vws(+0x103f4c) [0x555fc91fff4c]
../Debug/vws(+0x127b00) [0x555fc9223b00]
../Debug/vws(+0x79d6a) [0x555fc9175d6a]
/lib/x86_64-linux-gnu/libc.so.6(__libc_start_main+0xf1) [0x2b0d1ecbf2e1]
../Debug/vws(+0x79259) [0x555fc9175259]




ERROR while running Cbc. Signal SIGABRT caught. Getting stack trace.
/home/sek519/warm_starting/vws/../vpc/lib/Cbc-trunk/buildg/lib/libCbc.so.0(_Z15CbcCrashHandleri+0x277) [0x2b0d1df18a4b]
/lib/x86_64-linux-gnu/libc.so.6(+0x33060) [0x2b0d1ecd2060]
/lib/x86_64-linux-gnu/libc.so.6(gsignal+0xcf) [0x2b0d1ecd1fff]
/lib/x86_64-linux-gnu/libc.so.6(abort+0x16a) [0x2b0d1ecd342a]
/home/sek519/warm_starting/vws/../vpc/lib/Cbc-trunk/buildg/lib/libCbc.so.0(_Z15CbcCrashHandleri+0x355) [0x2b0d1df18b29]
/lib/x86_64-linux-gnu/libc.so.6(+0x33060) [0x2b0d1ecd2060]
/lib/x86_64-linux-gnu/libc.so.6(gsignal+0xcf) [0x2b0d1ecd1fff]
/lib/x86_64-linux-gnu/libc.so.6(abort+0x16a) [0x2b0d1ecd342a]
/lib/x86_64-linux-gnu/libc.so.6(+0x2be67) [0x2b0d1eccae67]
/lib/x86_64-linux-gnu/libc.so.6(+0x2bf12) [0x2b0d1eccaf12]
../Debug/vws(+0x1b0427) [0x555fc92ac427]
../Debug/vws(+0x1fdd88) [0x555fc92f9d88]
../Debug/vws(+0x105bb8) [0x555fc9201bb8]
../Debug/vws(+0x103f4c) [0x555fc91fff4c]
../Debug/vws(+0x127b00) [0x555fc9223b00]
../Debug/vws(+0x79d6a) [0x555fc9175d6a]
/lib/x86_64-linux-gnu/libc.so.6(__libc_start_main+0xf1) [0x2b0d1ecbf2e1]
../Debug/vws(+0x79259) [0x555fc9175259]


/var/spool/torque/mom_priv/jobs/1218773.polyp1.ie.lehigh.edu.SC: line 4:  6891 Aborted                 ../Debug/vws ${INPUT_FOLDER} ${OUTPUT_FILE} ${MAX_TIME} ${GENERATOR} ${TERMS}
