Since we minimize, disjunctive dual bound should not be less than LP relaxation objective value.
vws: /home/sek519/warm_starting/vws/../vpc/src/utility/utility.cpp:651: void verify(bool, const std::string&): Assertion `false' failed.


ERROR while running Cbc. Signal SIGABRT caught. Getting stack trace.
/home/sek519/warm_starting/vws/../vpc/lib/Cbc-trunk/buildg/lib/libCbc.so.0(_Z15CbcCrashHandleri+0x277) [0x2abcac89ca4b]
/lib/x86_64-linux-gnu/libc.so.6(+0x33060) [0x2abcad656060]
/lib/x86_64-linux-gnu/libc.so.6(gsignal+0xcf) [0x2abcad655fff]
/lib/x86_64-linux-gnu/libc.so.6(abort+0x16a) [0x2abcad65742a]
/lib/x86_64-linux-gnu/libc.so.6(+0x2be67) [0x2abcad64ee67]
/lib/x86_64-linux-gnu/libc.so.6(+0x2bf12) [0x2abcad64ef12]
../Debug/vws(+0x1b0427) [0x5577aeadd427]
../Debug/vws(+0x1fdd88) [0x5577aeb2ad88]
../Debug/vws(+0x105bb8) [0x5577aea32bb8]
../Debug/vws(+0x103f4c) [0x5577aea30f4c]
../Debug/vws(+0x127b00) [0x5577aea54b00]
../Debug/vws(+0x79d6a) [0x5577ae9a6d6a]
/lib/x86_64-linux-gnu/libc.so.6(__libc_start_main+0xf1) [0x2abcad6432e1]
../Debug/vws(+0x79259) [0x5577ae9a6259]




ERROR while running Cbc. Signal SIGABRT caught. Getting stack trace.
/home/sek519/warm_starting/vws/../vpc/lib/Cbc-trunk/buildg/lib/libCbc.so.0(_Z15CbcCrashHandleri+0x277) [0x2abcac89ca4b]
/lib/x86_64-linux-gnu/libc.so.6(+0x33060) [0x2abcad656060]
/lib/x86_64-linux-gnu/libc.so.6(gsignal+0xcf) [0x2abcad655fff]
/lib/x86_64-linux-gnu/libc.so.6(abort+0x16a) [0x2abcad65742a]
/home/sek519/warm_starting/vws/../vpc/lib/Cbc-trunk/buildg/lib/libCbc.so.0(_Z15CbcCrashHandleri+0x355) [0x2abcac89cb29]
/lib/x86_64-linux-gnu/libc.so.6(+0x33060) [0x2abcad656060]
/lib/x86_64-linux-gnu/libc.so.6(gsignal+0xcf) [0x2abcad655fff]
/lib/x86_64-linux-gnu/libc.so.6(abort+0x16a) [0x2abcad65742a]
/lib/x86_64-linux-gnu/libc.so.6(+0x2be67) [0x2abcad64ee67]
/lib/x86_64-linux-gnu/libc.so.6(+0x2bf12) [0x2abcad64ef12]
../Debug/vws(+0x1b0427) [0x5577aeadd427]
../Debug/vws(+0x1fdd88) [0x5577aeb2ad88]
../Debug/vws(+0x105bb8) [0x5577aea32bb8]
../Debug/vws(+0x103f4c) [0x5577aea30f4c]
../Debug/vws(+0x127b00) [0x5577aea54b00]
../Debug/vws(+0x79d6a) [0x5577ae9a6d6a]
/lib/x86_64-linux-gnu/libc.so.6(__libc_start_main+0xf1) [0x2abcad6432e1]
../Debug/vws(+0x79259) [0x5577ae9a6259]


/var/spool/torque/mom_priv/jobs/1219373.polyp1.ie.lehigh.edu.SC: line 4: 31379 Aborted                 (core dumped) ../Debug/vws ${INPUT_FOLDER} ${OUTPUT_FILE} ${MAX_TIME} ${GENERATOR} ${TERMS}
