Since we minimize, disjunctive dual bound should not be less than LP relaxation objective value.
vws: /home/sek519/warm_starting/vws/../vpc/src/utility/utility.cpp:651: void verify(bool, const std::string&): Assertion `false' failed.


ERROR while running Cbc. Signal SIGABRT caught. Getting stack trace.
/home/sek519/warm_starting/vws/../vpc/lib/Cbc-trunk/buildg/lib/libCbc.so.0(_Z15CbcCrashHandleri+0x277) [0x2aed27334a4b]
/lib/x86_64-linux-gnu/libc.so.6(+0x33060) [0x2aed280ee060]
/lib/x86_64-linux-gnu/libc.so.6(gsignal+0xcf) [0x2aed280edfff]
/lib/x86_64-linux-gnu/libc.so.6(abort+0x16a) [0x2aed280ef42a]
/lib/x86_64-linux-gnu/libc.so.6(+0x2be67) [0x2aed280e6e67]
/lib/x86_64-linux-gnu/libc.so.6(+0x2bf12) [0x2aed280e6f12]
../Debug/vws(+0x1b0427) [0x557315abe427]
../Debug/vws(+0x1fdd88) [0x557315b0bd88]
../Debug/vws(+0x10512c) [0x557315a1312c]
../Debug/vws(+0x103fb7) [0x557315a11fb7]
../Debug/vws(+0x127b00) [0x557315a35b00]
../Debug/vws(+0x79d6a) [0x557315987d6a]
/lib/x86_64-linux-gnu/libc.so.6(__libc_start_main+0xf1) [0x2aed280db2e1]
../Debug/vws(+0x79259) [0x557315987259]




ERROR while running Cbc. Signal SIGABRT caught. Getting stack trace.
/home/sek519/warm_starting/vws/../vpc/lib/Cbc-trunk/buildg/lib/libCbc.so.0(_Z15CbcCrashHandleri+0x277) [0x2aed27334a4b]
/lib/x86_64-linux-gnu/libc.so.6(+0x33060) [0x2aed280ee060]
/lib/x86_64-linux-gnu/libc.so.6(gsignal+0xcf) [0x2aed280edfff]
/lib/x86_64-linux-gnu/libc.so.6(abort+0x16a) [0x2aed280ef42a]
/home/sek519/warm_starting/vws/../vpc/lib/Cbc-trunk/buildg/lib/libCbc.so.0(_Z15CbcCrashHandleri+0x355) [0x2aed27334b29]
/lib/x86_64-linux-gnu/libc.so.6(+0x33060) [0x2aed280ee060]
/lib/x86_64-linux-gnu/libc.so.6(gsignal+0xcf) [0x2aed280edfff]
/lib/x86_64-linux-gnu/libc.so.6(abort+0x16a) [0x2aed280ef42a]
/lib/x86_64-linux-gnu/libc.so.6(+0x2be67) [0x2aed280e6e67]
/lib/x86_64-linux-gnu/libc.so.6(+0x2bf12) [0x2aed280e6f12]
../Debug/vws(+0x1b0427) [0x557315abe427]
../Debug/vws(+0x1fdd88) [0x557315b0bd88]
../Debug/vws(+0x10512c) [0x557315a1312c]
../Debug/vws(+0x103fb7) [0x557315a11fb7]
../Debug/vws(+0x127b00) [0x557315a35b00]
../Debug/vws(+0x79d6a) [0x557315987d6a]
/lib/x86_64-linux-gnu/libc.so.6(__libc_start_main+0xf1) [0x2aed280db2e1]
../Debug/vws(+0x79259) [0x557315987259]


/var/spool/torque/mom_priv/jobs/1218770.polyp1.ie.lehigh.edu.SC: line 4: 28653 Aborted                 ../Debug/vws ${INPUT_FOLDER} ${OUTPUT_FILE} ${MAX_TIME} ${GENERATOR} ${TERMS}
