Since we minimize, disjunctive dual bound should not be less than LP relaxation objective value.
vws: /home/sek519/warm_starting/vws/../vpc/src/utility/utility.cpp:651: void verify(bool, const std::string&): Assertion `false' failed.


ERROR while running Cbc. Signal SIGABRT caught. Getting stack trace.
/home/sek519/warm_starting/vws/../vpc/lib/Cbc-trunk/buildg/lib/libCbc.so.0(_Z15CbcCrashHandleri+0x277) [0x2ab60f045a4b]
/lib/x86_64-linux-gnu/libc.so.6(+0x33060) [0x2ab60fdff060]
/lib/x86_64-linux-gnu/libc.so.6(gsignal+0xcf) [0x2ab60fdfefff]
/lib/x86_64-linux-gnu/libc.so.6(abort+0x16a) [0x2ab60fe0042a]
/lib/x86_64-linux-gnu/libc.so.6(+0x2be67) [0x2ab60fdf7e67]
/lib/x86_64-linux-gnu/libc.so.6(+0x2bf12) [0x2ab60fdf7f12]
../Debug/vws(+0x1b0427) [0x55b0dba04427]
../Debug/vws(+0x1fdd88) [0x55b0dba51d88]
../Debug/vws(+0x10512c) [0x55b0db95912c]
../Debug/vws(+0x103fb7) [0x55b0db957fb7]
../Debug/vws(+0x127b00) [0x55b0db97bb00]
../Debug/vws(+0x79d6a) [0x55b0db8cdd6a]
/lib/x86_64-linux-gnu/libc.so.6(__libc_start_main+0xf1) [0x2ab60fdec2e1]
../Debug/vws(+0x79259) [0x55b0db8cd259]




ERROR while running Cbc. Signal SIGABRT caught. Getting stack trace.
/home/sek519/warm_starting/vws/../vpc/lib/Cbc-trunk/buildg/lib/libCbc.so.0(_Z15CbcCrashHandleri+0x277) [0x2ab60f045a4b]
/lib/x86_64-linux-gnu/libc.so.6(+0x33060) [0x2ab60fdff060]
/lib/x86_64-linux-gnu/libc.so.6(gsignal+0xcf) [0x2ab60fdfefff]
/lib/x86_64-linux-gnu/libc.so.6(abort+0x16a) [0x2ab60fe0042a]
/home/sek519/warm_starting/vws/../vpc/lib/Cbc-trunk/buildg/lib/libCbc.so.0(_Z15CbcCrashHandleri+0x355) [0x2ab60f045b29]
/lib/x86_64-linux-gnu/libc.so.6(+0x33060) [0x2ab60fdff060]
/lib/x86_64-linux-gnu/libc.so.6(gsignal+0xcf) [0x2ab60fdfefff]
/lib/x86_64-linux-gnu/libc.so.6(abort+0x16a) [0x2ab60fe0042a]
/lib/x86_64-linux-gnu/libc.so.6(+0x2be67) [0x2ab60fdf7e67]
/lib/x86_64-linux-gnu/libc.so.6(+0x2bf12) [0x2ab60fdf7f12]
../Debug/vws(+0x1b0427) [0x55b0dba04427]
../Debug/vws(+0x1fdd88) [0x55b0dba51d88]
../Debug/vws(+0x10512c) [0x55b0db95912c]
../Debug/vws(+0x103fb7) [0x55b0db957fb7]
../Debug/vws(+0x127b00) [0x55b0db97bb00]
../Debug/vws(+0x79d6a) [0x55b0db8cdd6a]
/lib/x86_64-linux-gnu/libc.so.6(__libc_start_main+0xf1) [0x2ab60fdec2e1]
../Debug/vws(+0x79259) [0x55b0db8cd259]


/var/spool/torque/mom_priv/jobs/1219374.polyp1.ie.lehigh.edu.SC: line 4: 27656 Aborted                 ../Debug/vws ${INPUT_FOLDER} ${OUTPUT_FILE} ${MAX_TIME} ${GENERATOR} ${TERMS}
