*** WARNING (version #870a55a): /home/sek519/warm_starting/vws/../vpc/src/branch/VPCEventHandler.cpp:1258: Objective at parent node 1/32 (node id 0) is somewhat incorrect. During BB, it was 12979.685, now it is 12975.716.
Disjunction does not represent a full binary tree.
vws: /home/sek519/warm_starting/vws/../vpc/src/utility/utility.cpp:651: void verify(bool, const std::string&): Assertion `false' failed.


ERROR while running Cbc. Signal SIGABRT caught. Getting stack trace.
/home/sek519/warm_starting/vws/../vpc/lib/Cbc-trunk/buildg/lib/libCbc.so.0(_Z15CbcCrashHandleri+0x277) [0x2b980f02ca4b]
/lib/x86_64-linux-gnu/libc.so.6(+0x33060) [0x2b980fde6060]
/lib/x86_64-linux-gnu/libc.so.6(gsignal+0xcf) [0x2b980fde5fff]
/lib/x86_64-linux-gnu/libc.so.6(abort+0x16a) [0x2b980fde742a]
/lib/x86_64-linux-gnu/libc.so.6(+0x2be67) [0x2b980fddee67]
/lib/x86_64-linux-gnu/libc.so.6(+0x2bf12) [0x2b980fddef12]
../Debug/vws(+0x1b0427) [0x55aa238a5427]
../Debug/vws(+0x1c6a1b) [0x55aa238bba1b]
../Debug/vws(+0x1c5c86) [0x55aa238bac86]
../Debug/vws(+0x1bcc46) [0x55aa238b1c46]
/home/sek519/warm_starting/vws/../vpc/lib/Cbc-trunk/buildg/lib/libCbc.so.0(_ZN8CbcModel14branchAndBoundEi+0xe2fb) [0x2b980efbe959]
../Debug/vws(+0x1fe716) [0x55aa238f3716]
../Debug/vws(+0x1fc8e5) [0x55aa238f18e5]
../Debug/vws(+0x1d5956) [0x55aa238ca956]
../Debug/vws(+0x104c60) [0x55aa237f9c60]
../Debug/vws(+0x103ee1) [0x55aa237f8ee1]
../Debug/vws(+0x127b00) [0x55aa2381cb00]
../Debug/vws(+0x79d6a) [0x55aa2376ed6a]
/lib/x86_64-linux-gnu/libc.so.6(__libc_start_main+0xf1) [0x2b980fdd32e1]
../Debug/vws(+0x79259) [0x55aa2376e259]




ERROR while running Cbc. Signal SIGABRT caught. Getting stack trace.
/home/sek519/warm_starting/vws/../vpc/lib/Cbc-trunk/buildg/lib/libCbc.so.0(_Z15CbcCrashHandleri+0x277) [0x2b980f02ca4b]
/lib/x86_64-linux-gnu/libc.so.6(+0x33060) [0x2b980fde6060]
/lib/x86_64-linux-gnu/libc.so.6(gsignal+0xcf) [0x2b980fde5fff]
/lib/x86_64-linux-gnu/libc.so.6(abort+0x16a) [0x2b980fde742a]
/home/sek519/warm_starting/vws/../vpc/lib/Cbc-trunk/buildg/lib/libCbc.so.0(_Z15CbcCrashHandleri+0x355) [0x2b980f02cb29]
/lib/x86_64-linux-gnu/libc.so.6(+0x33060) [0x2b980fde6060]
/lib/x86_64-linux-gnu/libc.so.6(gsignal+0xcf) [0x2b980fde5fff]
/lib/x86_64-linux-gnu/libc.so.6(abort+0x16a) [0x2b980fde742a]
/lib/x86_64-linux-gnu/libc.so.6(+0x2be67) [0x2b980fddee67]
/lib/x86_64-linux-gnu/libc.so.6(+0x2bf12) [0x2b980fddef12]
../Debug/vws(+0x1b0427) [0x55aa238a5427]
../Debug/vws(+0x1c6a1b) [0x55aa238bba1b]
../Debug/vws(+0x1c5c86) [0x55aa238bac86]
../Debug/vws(+0x1bcc46) [0x55aa238b1c46]
/home/sek519/warm_starting/vws/../vpc/lib/Cbc-trunk/buildg/lib/libCbc.so.0(_ZN8CbcModel14branchAndBoundEi+0xe2fb) [0x2b980efbe959]
../Debug/vws(+0x1fe716) [0x55aa238f3716]
../Debug/vws(+0x1fc8e5) [0x55aa238f18e5]
../Debug/vws(+0x1d5956) [0x55aa238ca956]
../Debug/vws(+0x104c60) [0x55aa237f9c60]
../Debug/vws(+0x103ee1) [0x55aa237f8ee1]
../Debug/vws(+0x127b00) [0x55aa2381cb00]
../Debug/vws(+0x79d6a) [0x55aa2376ed6a]
/lib/x86_64-linux-gnu/libc.so.6(__libc_start_main+0xf1) [0x2b980fdd32e1]
../Debug/vws(+0x79259) [0x55aa2376e259]


/var/spool/torque/mom_priv/jobs/1219360.polyp1.ie.lehigh.edu.SC: line 4: 19146 Aborted                 ../Debug/vws ${INPUT_FOLDER} ${OUTPUT_FILE} ${MAX_TIME} ${GENERATOR} ${TERMS}
