messed up a farkas cofficient
vws: /home/sek519/warm_starting/vws/../vpc/src/utility/utility.cpp:651: void verify(bool, const std::string&): Assertion `false' failed.


ERROR while running Cbc. Signal SIGABRT caught. Getting stack trace.
/home/sek519/warm_starting/vws/../vpc/lib/Cbc-trunk/buildg/lib/libCbc.so.0(_Z15CbcCrashHandleri+0x277) [0x2b16a60eca4b]
/lib/x86_64-linux-gnu/libc.so.6(+0x33060) [0x2b16a6ea6060]
/lib/x86_64-linux-gnu/libc.so.6(gsignal+0xcf) [0x2b16a6ea5fff]
/lib/x86_64-linux-gnu/libc.so.6(abort+0x16a) [0x2b16a6ea742a]
/lib/x86_64-linux-gnu/libc.so.6(+0x2be67) [0x2b16a6e9ee67]
/lib/x86_64-linux-gnu/libc.so.6(+0x2bf12) [0x2b16a6e9ef12]
../Debug/vws(+0x1b0427) [0x560d6412e427]
../Debug/vws(+0x133373) [0x560d640b1373]
../Debug/vws(+0x131b3a) [0x560d640afb3a]
../Debug/vws(+0x1312e6) [0x560d640af2e6]
../Debug/vws(+0x104daf) [0x560d64082daf]
../Debug/vws(+0x103ee1) [0x560d64081ee1]
../Debug/vws(+0x127b00) [0x560d640a5b00]
../Debug/vws(+0x79d6a) [0x560d63ff7d6a]
/lib/x86_64-linux-gnu/libc.so.6(__libc_start_main+0xf1) [0x2b16a6e932e1]
../Debug/vws(+0x79259) [0x560d63ff7259]




ERROR while running Cbc. Signal SIGABRT caught. Getting stack trace.
/home/sek519/warm_starting/vws/../vpc/lib/Cbc-trunk/buildg/lib/libCbc.so.0(_Z15CbcCrashHandleri+0x277) [0x2b16a60eca4b]
/lib/x86_64-linux-gnu/libc.so.6(+0x33060) [0x2b16a6ea6060]
/lib/x86_64-linux-gnu/libc.so.6(gsignal+0xcf) [0x2b16a6ea5fff]
/lib/x86_64-linux-gnu/libc.so.6(abort+0x16a) [0x2b16a6ea742a]
/home/sek519/warm_starting/vws/../vpc/lib/Cbc-trunk/buildg/lib/libCbc.so.0(_Z15CbcCrashHandleri+0x355) [0x2b16a60ecb29]
/lib/x86_64-linux-gnu/libc.so.6(+0x33060) [0x2b16a6ea6060]
/lib/x86_64-linux-gnu/libc.so.6(gsignal+0xcf) [0x2b16a6ea5fff]
/lib/x86_64-linux-gnu/libc.so.6(abort+0x16a) [0x2b16a6ea742a]
/lib/x86_64-linux-gnu/libc.so.6(+0x2be67) [0x2b16a6e9ee67]
/lib/x86_64-linux-gnu/libc.so.6(+0x2bf12) [0x2b16a6e9ef12]
../Debug/vws(+0x1b0427) [0x560d6412e427]
../Debug/vws(+0x133373) [0x560d640b1373]
../Debug/vws(+0x131b3a) [0x560d640afb3a]
../Debug/vws(+0x1312e6) [0x560d640af2e6]
../Debug/vws(+0x104daf) [0x560d64082daf]
../Debug/vws(+0x103ee1) [0x560d64081ee1]
../Debug/vws(+0x127b00) [0x560d640a5b00]
../Debug/vws(+0x79d6a) [0x560d63ff7d6a]
/lib/x86_64-linux-gnu/libc.so.6(__libc_start_main+0xf1) [0x2b16a6e932e1]
../Debug/vws(+0x79259) [0x560d63ff7259]


/var/spool/torque/mom_priv/jobs/1218252.polyp1.ie.lehigh.edu.SC: line 4: 11837 Aborted                 (core dumped) ../Debug/vws ${INPUT_FOLDER} ${OUTPUT_FILE} ${MAX_TIME} ${GENERATOR} ${TERMS}
