*** WARNING (version #870a55a): /home/sek519/warm_starting/vws/../vpc/src/branch/VPCEventHandler.cpp:1258: Objective at parent node 1/3 (node id 0) is somewhat incorrect. During BB, it was 12496.779, now it is 12474.166.
*** WARNING (version #870a55a): /home/sek519/warm_starting/vws/../vpc/src/cut/CglVPC.cpp:335: An integer (optimal) solution with value 19514 was found prior while getting disjunction.
[WARNING] No vpcs were made from a new disjunction. Stopping series.
vws: /home/sek519/warm_starting/vws/../vpc/src/utility/utility.cpp:651: void verify(bool, const std::string&): Assertion `false' failed.


ERROR while running Cbc. Signal SIGABRT caught. Getting stack trace.
/home/sek519/warm_starting/vws/../vpc/lib/Cbc-trunk/buildg/lib/libCbc.so.0(_Z15CbcCrashHandleri+0x277) [0x2b1e7d3e8a4b]
/lib/x86_64-linux-gnu/libc.so.6(+0x33060) [0x2b1e7e1a2060]
/lib/x86_64-linux-gnu/libc.so.6(gsignal+0xcf) [0x2b1e7e1a1fff]
/lib/x86_64-linux-gnu/libc.so.6(abort+0x16a) [0x2b1e7e1a342a]
/lib/x86_64-linux-gnu/libc.so.6(+0x2be67) [0x2b1e7e19ae67]
/lib/x86_64-linux-gnu/libc.so.6(+0x2bf12) [0x2b1e7e19af12]
../Debug/vws(+0x1b0427) [0x55e0fc176427]
../Debug/vws(+0x127bb8) [0x55e0fc0edbb8]
../Debug/vws(+0x79d6a) [0x55e0fc03fd6a]
/lib/x86_64-linux-gnu/libc.so.6(__libc_start_main+0xf1) [0x2b1e7e18f2e1]
../Debug/vws(+0x79259) [0x55e0fc03f259]




ERROR while running Cbc. Signal SIGABRT caught. Getting stack trace.
/home/sek519/warm_starting/vws/../vpc/lib/Cbc-trunk/buildg/lib/libCbc.so.0(_Z15CbcCrashHandleri+0x277) [0x2b1e7d3e8a4b]
/lib/x86_64-linux-gnu/libc.so.6(+0x33060) [0x2b1e7e1a2060]
/lib/x86_64-linux-gnu/libc.so.6(gsignal+0xcf) [0x2b1e7e1a1fff]
/lib/x86_64-linux-gnu/libc.so.6(abort+0x16a) [0x2b1e7e1a342a]
/home/sek519/warm_starting/vws/../vpc/lib/Cbc-trunk/buildg/lib/libCbc.so.0(_Z15CbcCrashHandleri+0x355) [0x2b1e7d3e8b29]
/lib/x86_64-linux-gnu/libc.so.6(+0x33060) [0x2b1e7e1a2060]
/lib/x86_64-linux-gnu/libc.so.6(gsignal+0xcf) [0x2b1e7e1a1fff]
/lib/x86_64-linux-gnu/libc.so.6(abort+0x16a) [0x2b1e7e1a342a]
/lib/x86_64-linux-gnu/libc.so.6(+0x2be67) [0x2b1e7e19ae67]
/lib/x86_64-linux-gnu/libc.so.6(+0x2bf12) [0x2b1e7e19af12]
../Debug/vws(+0x1b0427) [0x55e0fc176427]
../Debug/vws(+0x127bb8) [0x55e0fc0edbb8]
../Debug/vws(+0x79d6a) [0x55e0fc03fd6a]
/lib/x86_64-linux-gnu/libc.so.6(__libc_start_main+0xf1) [0x2b1e7e18f2e1]
../Debug/vws(+0x79259) [0x55e0fc03f259]


/var/spool/torque/mom_priv/jobs/1220900.polyp1.ie.lehigh.edu.SC: line 4:  1252 Aborted                 ../Debug/vws ${INPUT_FOLDER} ${OUTPUT_FILE} ${MAX_TIME} ${GENERATOR} ${TERMS}
