[WARNING] No vpcs were made from a new disjunction. Stopping series.
vws: /home/sek519/warm_starting/vws/../vpc/src/utility/utility.cpp:651: void verify(bool, const std::string&): Assertion `false' failed.


ERROR while running Cbc. Signal SIGABRT caught. Getting stack trace.
/home/sek519/warm_starting/vws/../vpc/lib/Cbc-trunk/buildg/lib/libCbc.so.0(_Z15CbcCrashHandleri+0x277) [0x2b61f1a98a4b]
/lib/x86_64-linux-gnu/libc.so.6(+0x33060) [0x2b61f2852060]
/lib/x86_64-linux-gnu/libc.so.6(gsignal+0xcf) [0x2b61f2851fff]
/lib/x86_64-linux-gnu/libc.so.6(abort+0x16a) [0x2b61f285342a]
/lib/x86_64-linux-gnu/libc.so.6(+0x2be67) [0x2b61f284ae67]
/lib/x86_64-linux-gnu/libc.so.6(+0x2bf12) [0x2b61f284af12]
../Debug/vws(+0x1b0427) [0x563a8ea64427]
../Debug/vws(+0x127bb8) [0x563a8e9dbbb8]
../Debug/vws(+0x79d6a) [0x563a8e92dd6a]
/lib/x86_64-linux-gnu/libc.so.6(__libc_start_main+0xf1) [0x2b61f283f2e1]
../Debug/vws(+0x79259) [0x563a8e92d259]




ERROR while running Cbc. Signal SIGABRT caught. Getting stack trace.
/home/sek519/warm_starting/vws/../vpc/lib/Cbc-trunk/buildg/lib/libCbc.so.0(_Z15CbcCrashHandleri+0x277) [0x2b61f1a98a4b]
/lib/x86_64-linux-gnu/libc.so.6(+0x33060) [0x2b61f2852060]
/lib/x86_64-linux-gnu/libc.so.6(gsignal+0xcf) [0x2b61f2851fff]
/lib/x86_64-linux-gnu/libc.so.6(abort+0x16a) [0x2b61f285342a]
/home/sek519/warm_starting/vws/../vpc/lib/Cbc-trunk/buildg/lib/libCbc.so.0(_Z15CbcCrashHandleri+0x355) [0x2b61f1a98b29]
/lib/x86_64-linux-gnu/libc.so.6(+0x33060) [0x2b61f2852060]
/lib/x86_64-linux-gnu/libc.so.6(gsignal+0xcf) [0x2b61f2851fff]
/lib/x86_64-linux-gnu/libc.so.6(abort+0x16a) [0x2b61f285342a]
/lib/x86_64-linux-gnu/libc.so.6(+0x2be67) [0x2b61f284ae67]
/lib/x86_64-linux-gnu/libc.so.6(+0x2bf12) [0x2b61f284af12]
../Debug/vws(+0x1b0427) [0x563a8ea64427]
../Debug/vws(+0x127bb8) [0x563a8e9dbbb8]
../Debug/vws(+0x79d6a) [0x563a8e92dd6a]
/lib/x86_64-linux-gnu/libc.so.6(__libc_start_main+0xf1) [0x2b61f283f2e1]
../Debug/vws(+0x79259) [0x563a8e92d259]


/var/spool/torque/mom_priv/jobs/1218324.polyp1.ie.lehigh.edu.SC: line 4: 19568 Aborted                 ../Debug/vws ${INPUT_FOLDER} ${OUTPUT_FILE} ${MAX_TIME} ${GENERATOR} ${TERMS}
