[WARNING] No vpcs were made from a new disjunction. Stopping series.
vws: /home/sek519/warm_starting/vws/../vpc/src/utility/utility.cpp:651: void verify(bool, const std::string&): Assertion `false' failed.


ERROR while running Cbc. Signal SIGABRT caught. Getting stack trace.
/home/sek519/warm_starting/vws/../vpc/lib/Cbc-trunk/buildg/lib/libCbc.so.0(_Z15CbcCrashHandleri+0x277) [0x2b48ad47fa4b]
/lib/x86_64-linux-gnu/libc.so.6(+0x33060) [0x2b48ae239060]
/lib/x86_64-linux-gnu/libc.so.6(gsignal+0xcf) [0x2b48ae238fff]
/lib/x86_64-linux-gnu/libc.so.6(abort+0x16a) [0x2b48ae23a42a]
/lib/x86_64-linux-gnu/libc.so.6(+0x2be67) [0x2b48ae231e67]
/lib/x86_64-linux-gnu/libc.so.6(+0x2bf12) [0x2b48ae231f12]
../Debug/vws(+0x1b0427) [0x559633bf9427]
../Debug/vws(+0x127bb8) [0x559633b70bb8]
../Debug/vws(+0x79d6a) [0x559633ac2d6a]
/lib/x86_64-linux-gnu/libc.so.6(__libc_start_main+0xf1) [0x2b48ae2262e1]
../Debug/vws(+0x79259) [0x559633ac2259]




ERROR while running Cbc. Signal SIGABRT caught. Getting stack trace.
/home/sek519/warm_starting/vws/../vpc/lib/Cbc-trunk/buildg/lib/libCbc.so.0(_Z15CbcCrashHandleri+0x277) [0x2b48ad47fa4b]
/lib/x86_64-linux-gnu/libc.so.6(+0x33060) [0x2b48ae239060]
/lib/x86_64-linux-gnu/libc.so.6(gsignal+0xcf) [0x2b48ae238fff]
/lib/x86_64-linux-gnu/libc.so.6(abort+0x16a) [0x2b48ae23a42a]
/home/sek519/warm_starting/vws/../vpc/lib/Cbc-trunk/buildg/lib/libCbc.so.0(_Z15CbcCrashHandleri+0x355) [0x2b48ad47fb29]
/lib/x86_64-linux-gnu/libc.so.6(+0x33060) [0x2b48ae239060]
/lib/x86_64-linux-gnu/libc.so.6(gsignal+0xcf) [0x2b48ae238fff]
/lib/x86_64-linux-gnu/libc.so.6(abort+0x16a) [0x2b48ae23a42a]
/lib/x86_64-linux-gnu/libc.so.6(+0x2be67) [0x2b48ae231e67]
/lib/x86_64-linux-gnu/libc.so.6(+0x2bf12) [0x2b48ae231f12]
../Debug/vws(+0x1b0427) [0x559633bf9427]
../Debug/vws(+0x127bb8) [0x559633b70bb8]
../Debug/vws(+0x79d6a) [0x559633ac2d6a]
/lib/x86_64-linux-gnu/libc.so.6(__libc_start_main+0xf1) [0x2b48ae2262e1]
../Debug/vws(+0x79259) [0x559633ac2259]


/var/spool/torque/mom_priv/jobs/1218276.polyp1.ie.lehigh.edu.SC: line 4:  7598 Aborted                 ../Debug/vws ${INPUT_FOLDER} ${OUTPUT_FILE} ${MAX_TIME} ${GENERATOR} ${TERMS}
