*** WARNING (version #870a55a): /home/sek519/warm_starting/vws/../vpc/src/cut/PRLP.cpp:387: PRLP is primal infeasible; giving up on this point-ray collection.
[WARNING] No vpcs were made from a new disjunction. Stopping series.
vws: /home/sek519/warm_starting/vws/../vpc/src/utility/utility.cpp:651: void verify(bool, const std::string&): Assertion `false' failed.


ERROR while running Cbc. Signal SIGABRT caught. Getting stack trace.
/home/sek519/warm_starting/vws/../vpc/lib/Cbc-trunk/buildg/lib/libCbc.so.0(_Z15CbcCrashHandleri+0x277) [0x2adf711bba4b]
/lib/x86_64-linux-gnu/libc.so.6(+0x33060) [0x2adf71f75060]
/lib/x86_64-linux-gnu/libc.so.6(gsignal+0xcf) [0x2adf71f74fff]
/lib/x86_64-linux-gnu/libc.so.6(abort+0x16a) [0x2adf71f7642a]
/lib/x86_64-linux-gnu/libc.so.6(+0x2be67) [0x2adf71f6de67]
/lib/x86_64-linux-gnu/libc.so.6(+0x2bf12) [0x2adf71f6df12]
../Debug/vws(+0x1b0427) [0x560d329c9427]
../Debug/vws(+0x127bb8) [0x560d32940bb8]
../Debug/vws(+0x79d6a) [0x560d32892d6a]
/lib/x86_64-linux-gnu/libc.so.6(__libc_start_main+0xf1) [0x2adf71f622e1]
../Debug/vws(+0x79259) [0x560d32892259]




ERROR while running Cbc. Signal SIGABRT caught. Getting stack trace.
/home/sek519/warm_starting/vws/../vpc/lib/Cbc-trunk/buildg/lib/libCbc.so.0(_Z15CbcCrashHandleri+0x277) [0x2adf711bba4b]
/lib/x86_64-linux-gnu/libc.so.6(+0x33060) [0x2adf71f75060]
/lib/x86_64-linux-gnu/libc.so.6(gsignal+0xcf) [0x2adf71f74fff]
/lib/x86_64-linux-gnu/libc.so.6(abort+0x16a) [0x2adf71f7642a]
/home/sek519/warm_starting/vws/../vpc/lib/Cbc-trunk/buildg/lib/libCbc.so.0(_Z15CbcCrashHandleri+0x355) [0x2adf711bbb29]
/lib/x86_64-linux-gnu/libc.so.6(+0x33060) [0x2adf71f75060]
/lib/x86_64-linux-gnu/libc.so.6(gsignal+0xcf) [0x2adf71f74fff]
/lib/x86_64-linux-gnu/libc.so.6(abort+0x16a) [0x2adf71f7642a]
/lib/x86_64-linux-gnu/libc.so.6(+0x2be67) [0x2adf71f6de67]
/lib/x86_64-linux-gnu/libc.so.6(+0x2bf12) [0x2adf71f6df12]
../Debug/vws(+0x1b0427) [0x560d329c9427]
../Debug/vws(+0x127bb8) [0x560d32940bb8]
../Debug/vws(+0x79d6a) [0x560d32892d6a]
/lib/x86_64-linux-gnu/libc.so.6(__libc_start_main+0xf1) [0x2adf71f622e1]
../Debug/vws(+0x79259) [0x560d32892259]


/var/spool/torque/mom_priv/jobs/1218328.polyp1.ie.lehigh.edu.SC: line 4:  6487 Aborted                 (core dumped) ../Debug/vws ${INPUT_FOLDER} ${OUTPUT_FILE} ${MAX_TIME} ${GENERATOR} ${TERMS}
