[WARNING] No vpcs were made from a new disjunction. Stopping series.
vws: /home/sek519/warm_starting/vws/../vpc/src/utility/utility.cpp:651: void verify(bool, const std::string&): Assertion `false' failed.


ERROR while running Cbc. Signal SIGABRT caught. Getting stack trace.
/home/sek519/warm_starting/vws/../vpc/lib/Cbc-trunk/buildg/lib/libCbc.so.0(_Z15CbcCrashHandleri+0x277) [0x2b102b155a4b]
/lib/x86_64-linux-gnu/libc.so.6(+0x33060) [0x2b102bf0f060]
/lib/x86_64-linux-gnu/libc.so.6(gsignal+0xcf) [0x2b102bf0efff]
/lib/x86_64-linux-gnu/libc.so.6(abort+0x16a) [0x2b102bf1042a]
/lib/x86_64-linux-gnu/libc.so.6(+0x2be67) [0x2b102bf07e67]
/lib/x86_64-linux-gnu/libc.so.6(+0x2bf12) [0x2b102bf07f12]
../Debug/vws(+0x1b0427) [0x55886db40427]
../Debug/vws(+0x127bb8) [0x55886dab7bb8]
../Debug/vws(+0x79d6a) [0x55886da09d6a]
/lib/x86_64-linux-gnu/libc.so.6(__libc_start_main+0xf1) [0x2b102befc2e1]
../Debug/vws(+0x79259) [0x55886da09259]




ERROR while running Cbc. Signal SIGABRT caught. Getting stack trace.
/home/sek519/warm_starting/vws/../vpc/lib/Cbc-trunk/buildg/lib/libCbc.so.0(_Z15CbcCrashHandleri+0x277) [0x2b102b155a4b]
/lib/x86_64-linux-gnu/libc.so.6(+0x33060) [0x2b102bf0f060]
/lib/x86_64-linux-gnu/libc.so.6(gsignal+0xcf) [0x2b102bf0efff]
/lib/x86_64-linux-gnu/libc.so.6(abort+0x16a) [0x2b102bf1042a]
/home/sek519/warm_starting/vws/../vpc/lib/Cbc-trunk/buildg/lib/libCbc.so.0(_Z15CbcCrashHandleri+0x355) [0x2b102b155b29]
/lib/x86_64-linux-gnu/libc.so.6(+0x33060) [0x2b102bf0f060]
/lib/x86_64-linux-gnu/libc.so.6(gsignal+0xcf) [0x2b102bf0efff]
/lib/x86_64-linux-gnu/libc.so.6(abort+0x16a) [0x2b102bf1042a]
/lib/x86_64-linux-gnu/libc.so.6(+0x2be67) [0x2b102bf07e67]
/lib/x86_64-linux-gnu/libc.so.6(+0x2bf12) [0x2b102bf07f12]
../Debug/vws(+0x1b0427) [0x55886db40427]
../Debug/vws(+0x127bb8) [0x55886dab7bb8]
../Debug/vws(+0x79d6a) [0x55886da09d6a]
/lib/x86_64-linux-gnu/libc.so.6(__libc_start_main+0xf1) [0x2b102befc2e1]
../Debug/vws(+0x79259) [0x55886da09259]


/var/spool/torque/mom_priv/jobs/1219213.polyp1.ie.lehigh.edu.SC: line 4:  6968 Aborted                 ../Debug/vws ${INPUT_FOLDER} ${OUTPUT_FILE} ${MAX_TIME} ${GENERATOR} ${TERMS}
