[WARNING] No vpcs were made from a new disjunction. Stopping series.
vws: /home/sek519/warm_starting/vws/../vpc/src/utility/utility.cpp:651: void verify(bool, const std::string&): Assertion `false' failed.


ERROR while running Cbc. Signal SIGABRT caught. Getting stack trace.
/home/sek519/warm_starting/vws/../vpc/lib/Cbc-trunk/buildg/lib/libCbc.so.0(_Z15CbcCrashHandleri+0x277) [0x2af1a1efba4b]
/lib/x86_64-linux-gnu/libc.so.6(+0x33060) [0x2af1a2cb5060]
/lib/x86_64-linux-gnu/libc.so.6(gsignal+0xcf) [0x2af1a2cb4fff]
/lib/x86_64-linux-gnu/libc.so.6(abort+0x16a) [0x2af1a2cb642a]
/lib/x86_64-linux-gnu/libc.so.6(+0x2be67) [0x2af1a2cade67]
/lib/x86_64-linux-gnu/libc.so.6(+0x2bf12) [0x2af1a2cadf12]
../Debug/vws(+0x1b0427) [0x555f608be427]
../Debug/vws(+0x127bb8) [0x555f60835bb8]
../Debug/vws(+0x79d6a) [0x555f60787d6a]
/lib/x86_64-linux-gnu/libc.so.6(__libc_start_main+0xf1) [0x2af1a2ca22e1]
../Debug/vws(+0x79259) [0x555f60787259]




ERROR while running Cbc. Signal SIGABRT caught. Getting stack trace.
/home/sek519/warm_starting/vws/../vpc/lib/Cbc-trunk/buildg/lib/libCbc.so.0(_Z15CbcCrashHandleri+0x277) [0x2af1a1efba4b]
/lib/x86_64-linux-gnu/libc.so.6(+0x33060) [0x2af1a2cb5060]
/lib/x86_64-linux-gnu/libc.so.6(gsignal+0xcf) [0x2af1a2cb4fff]
/lib/x86_64-linux-gnu/libc.so.6(abort+0x16a) [0x2af1a2cb642a]
/home/sek519/warm_starting/vws/../vpc/lib/Cbc-trunk/buildg/lib/libCbc.so.0(_Z15CbcCrashHandleri+0x355) [0x2af1a1efbb29]
/lib/x86_64-linux-gnu/libc.so.6(+0x33060) [0x2af1a2cb5060]
/lib/x86_64-linux-gnu/libc.so.6(gsignal+0xcf) [0x2af1a2cb4fff]
/lib/x86_64-linux-gnu/libc.so.6(abort+0x16a) [0x2af1a2cb642a]
/lib/x86_64-linux-gnu/libc.so.6(+0x2be67) [0x2af1a2cade67]
/lib/x86_64-linux-gnu/libc.so.6(+0x2bf12) [0x2af1a2cadf12]
../Debug/vws(+0x1b0427) [0x555f608be427]
../Debug/vws(+0x127bb8) [0x555f60835bb8]
../Debug/vws(+0x79d6a) [0x555f60787d6a]
/lib/x86_64-linux-gnu/libc.so.6(__libc_start_main+0xf1) [0x2af1a2ca22e1]
../Debug/vws(+0x79259) [0x555f60787259]


/var/spool/torque/mom_priv/jobs/1219182.polyp1.ie.lehigh.edu.SC: line 4:  6497 Aborted                 ../Debug/vws ${INPUT_FOLDER} ${OUTPUT_FILE} ${MAX_TIME} ${GENERATOR} ${TERMS}
