[WARNING] No vpcs were made from a new disjunction. Stopping series.
vws: /home/sek519/warm_starting/vws/../vpc/src/utility/utility.cpp:651: void verify(bool, const std::string&): Assertion `false' failed.


ERROR while running Cbc. Signal SIGABRT caught. Getting stack trace.
/home/sek519/warm_starting/vws/../vpc/lib/Cbc-trunk/buildg/lib/libCbc.so.0(_Z15CbcCrashHandleri+0x277) [0x2b619aa59a4b]
/lib/x86_64-linux-gnu/libc.so.6(+0x33060) [0x2b619b813060]
/lib/x86_64-linux-gnu/libc.so.6(gsignal+0xcf) [0x2b619b812fff]
/lib/x86_64-linux-gnu/libc.so.6(abort+0x16a) [0x2b619b81442a]
/lib/x86_64-linux-gnu/libc.so.6(+0x2be67) [0x2b619b80be67]
/lib/x86_64-linux-gnu/libc.so.6(+0x2bf12) [0x2b619b80bf12]
../Debug/vws(+0x1b0427) [0x5615f6b80427]
../Debug/vws(+0x127bb8) [0x5615f6af7bb8]
../Debug/vws(+0x79d6a) [0x5615f6a49d6a]
/lib/x86_64-linux-gnu/libc.so.6(__libc_start_main+0xf1) [0x2b619b8002e1]
../Debug/vws(+0x79259) [0x5615f6a49259]




ERROR while running Cbc. Signal SIGABRT caught. Getting stack trace.
/home/sek519/warm_starting/vws/../vpc/lib/Cbc-trunk/buildg/lib/libCbc.so.0(_Z15CbcCrashHandleri+0x277) [0x2b619aa59a4b]
/lib/x86_64-linux-gnu/libc.so.6(+0x33060) [0x2b619b813060]
/lib/x86_64-linux-gnu/libc.so.6(gsignal+0xcf) [0x2b619b812fff]
/lib/x86_64-linux-gnu/libc.so.6(abort+0x16a) [0x2b619b81442a]
/home/sek519/warm_starting/vws/../vpc/lib/Cbc-trunk/buildg/lib/libCbc.so.0(_Z15CbcCrashHandleri+0x355) [0x2b619aa59b29]
/lib/x86_64-linux-gnu/libc.so.6(+0x33060) [0x2b619b813060]
/lib/x86_64-linux-gnu/libc.so.6(gsignal+0xcf) [0x2b619b812fff]
/lib/x86_64-linux-gnu/libc.so.6(abort+0x16a) [0x2b619b81442a]
/lib/x86_64-linux-gnu/libc.so.6(+0x2be67) [0x2b619b80be67]
/lib/x86_64-linux-gnu/libc.so.6(+0x2bf12) [0x2b619b80bf12]
../Debug/vws(+0x1b0427) [0x5615f6b80427]
../Debug/vws(+0x127bb8) [0x5615f6af7bb8]
../Debug/vws(+0x79d6a) [0x5615f6a49d6a]
/lib/x86_64-linux-gnu/libc.so.6(__libc_start_main+0xf1) [0x2b619b8002e1]
../Debug/vws(+0x79259) [0x5615f6a49259]


/var/spool/torque/mom_priv/jobs/1218082.polyp1.ie.lehigh.edu.SC: line 4:  9333 Aborted                 ../Debug/vws ${INPUT_FOLDER} ${OUTPUT_FILE} ${MAX_TIME} ${GENERATOR} ${TERMS}
