*** WARNING (version #870a55a): /home/sek519/warm_starting/vws/../vpc/src/cut/PRLP.cpp:387: PRLP is primal infeasible; giving up on this point-ray collection.
[WARNING] No vpcs were made from a new disjunction. Stopping series.
vws: /home/sek519/warm_starting/vws/../vpc/src/utility/utility.cpp:651: void verify(bool, const std::string&): Assertion `false' failed.


ERROR while running Cbc. Signal SIGABRT caught. Getting stack trace.
/home/sek519/warm_starting/vws/../vpc/lib/Cbc-trunk/buildg/lib/libCbc.so.0(_Z15CbcCrashHandleri+0x277) [0x2b7c9b183a4b]
/lib/x86_64-linux-gnu/libc.so.6(+0x33060) [0x2b7c9bf3d060]
/lib/x86_64-linux-gnu/libc.so.6(gsignal+0xcf) [0x2b7c9bf3cfff]
/lib/x86_64-linux-gnu/libc.so.6(abort+0x16a) [0x2b7c9bf3e42a]
/lib/x86_64-linux-gnu/libc.so.6(+0x2be67) [0x2b7c9bf35e67]
/lib/x86_64-linux-gnu/libc.so.6(+0x2bf12) [0x2b7c9bf35f12]
../Debug/vws(+0x1b0427) [0x562f3283e427]
../Debug/vws(+0x127bb8) [0x562f327b5bb8]
../Debug/vws(+0x79d6a) [0x562f32707d6a]
/lib/x86_64-linux-gnu/libc.so.6(__libc_start_main+0xf1) [0x2b7c9bf2a2e1]
../Debug/vws(+0x79259) [0x562f32707259]




ERROR while running Cbc. Signal SIGABRT caught. Getting stack trace.
/home/sek519/warm_starting/vws/../vpc/lib/Cbc-trunk/buildg/lib/libCbc.so.0(_Z15CbcCrashHandleri+0x277) [0x2b7c9b183a4b]
/lib/x86_64-linux-gnu/libc.so.6(+0x33060) [0x2b7c9bf3d060]
/lib/x86_64-linux-gnu/libc.so.6(gsignal+0xcf) [0x2b7c9bf3cfff]
/lib/x86_64-linux-gnu/libc.so.6(abort+0x16a) [0x2b7c9bf3e42a]
/home/sek519/warm_starting/vws/../vpc/lib/Cbc-trunk/buildg/lib/libCbc.so.0(_Z15CbcCrashHandleri+0x355) [0x2b7c9b183b29]
/lib/x86_64-linux-gnu/libc.so.6(+0x33060) [0x2b7c9bf3d060]
/lib/x86_64-linux-gnu/libc.so.6(gsignal+0xcf) [0x2b7c9bf3cfff]
/lib/x86_64-linux-gnu/libc.so.6(abort+0x16a) [0x2b7c9bf3e42a]
/lib/x86_64-linux-gnu/libc.so.6(+0x2be67) [0x2b7c9bf35e67]
/lib/x86_64-linux-gnu/libc.so.6(+0x2bf12) [0x2b7c9bf35f12]
../Debug/vws(+0x1b0427) [0x562f3283e427]
../Debug/vws(+0x127bb8) [0x562f327b5bb8]
../Debug/vws(+0x79d6a) [0x562f32707d6a]
/lib/x86_64-linux-gnu/libc.so.6(__libc_start_main+0xf1) [0x2b7c9bf2a2e1]
../Debug/vws(+0x79259) [0x562f32707259]


/var/spool/torque/mom_priv/jobs/1218305.polyp1.ie.lehigh.edu.SC: line 4:  6248 Aborted                 (core dumped) ../Debug/vws ${INPUT_FOLDER} ${OUTPUT_FILE} ${MAX_TIME} ${GENERATOR} ${TERMS}
