[WARNING] No vpcs were made from a new disjunction. Stopping series.
vws: /home/sek519/warm_starting/vws/../vpc/src/utility/utility.cpp:651: void verify(bool, const std::string&): Assertion `false' failed.


ERROR while running Cbc. Signal SIGABRT caught. Getting stack trace.
/home/sek519/warm_starting/vws/../vpc/lib/Cbc-trunk/buildg/lib/libCbc.so.0(_Z15CbcCrashHandleri+0x277) [0x2b47da685a4b]
/lib/x86_64-linux-gnu/libc.so.6(+0x33060) [0x2b47db43f060]
/lib/x86_64-linux-gnu/libc.so.6(gsignal+0xcf) [0x2b47db43efff]
/lib/x86_64-linux-gnu/libc.so.6(abort+0x16a) [0x2b47db44042a]
/lib/x86_64-linux-gnu/libc.so.6(+0x2be67) [0x2b47db437e67]
/lib/x86_64-linux-gnu/libc.so.6(+0x2bf12) [0x2b47db437f12]
../Debug/vws(+0x1b0427) [0x55b2fa83f427]
../Debug/vws(+0x127bb8) [0x55b2fa7b6bb8]
../Debug/vws(+0x79d6a) [0x55b2fa708d6a]
/lib/x86_64-linux-gnu/libc.so.6(__libc_start_main+0xf1) [0x2b47db42c2e1]
../Debug/vws(+0x79259) [0x55b2fa708259]




ERROR while running Cbc. Signal SIGABRT caught. Getting stack trace.
/home/sek519/warm_starting/vws/../vpc/lib/Cbc-trunk/buildg/lib/libCbc.so.0(_Z15CbcCrashHandleri+0x277) [0x2b47da685a4b]
/lib/x86_64-linux-gnu/libc.so.6(+0x33060) [0x2b47db43f060]
/lib/x86_64-linux-gnu/libc.so.6(gsignal+0xcf) [0x2b47db43efff]
/lib/x86_64-linux-gnu/libc.so.6(abort+0x16a) [0x2b47db44042a]
/home/sek519/warm_starting/vws/../vpc/lib/Cbc-trunk/buildg/lib/libCbc.so.0(_Z15CbcCrashHandleri+0x355) [0x2b47da685b29]
/lib/x86_64-linux-gnu/libc.so.6(+0x33060) [0x2b47db43f060]
/lib/x86_64-linux-gnu/libc.so.6(gsignal+0xcf) [0x2b47db43efff]
/lib/x86_64-linux-gnu/libc.so.6(abort+0x16a) [0x2b47db44042a]
/lib/x86_64-linux-gnu/libc.so.6(+0x2be67) [0x2b47db437e67]
/lib/x86_64-linux-gnu/libc.so.6(+0x2bf12) [0x2b47db437f12]
../Debug/vws(+0x1b0427) [0x55b2fa83f427]
../Debug/vws(+0x127bb8) [0x55b2fa7b6bb8]
../Debug/vws(+0x79d6a) [0x55b2fa708d6a]
/lib/x86_64-linux-gnu/libc.so.6(__libc_start_main+0xf1) [0x2b47db42c2e1]
../Debug/vws(+0x79259) [0x55b2fa708259]


/var/spool/torque/mom_priv/jobs/1218070.polyp1.ie.lehigh.edu.SC: line 4: 30027 Aborted                 ../Debug/vws ${INPUT_FOLDER} ${OUTPUT_FILE} ${MAX_TIME} ${GENERATOR} ${TERMS}
