[WARNING] No vpcs were made from a new disjunction. Stopping series.
vws: /home/sek519/warm_starting/vws/../vpc/src/utility/utility.cpp:651: void verify(bool, const std::string&): Assertion `false' failed.


ERROR while running Cbc. Signal SIGABRT caught. Getting stack trace.
/home/sek519/warm_starting/vws/../vpc/lib/Cbc-trunk/buildg/lib/libCbc.so.0(_Z15CbcCrashHandleri+0x277) [0x2ac15d9b4a4b]
/lib/x86_64-linux-gnu/libc.so.6(+0x33060) [0x2ac15e76e060]
/lib/x86_64-linux-gnu/libc.so.6(gsignal+0xcf) [0x2ac15e76dfff]
/lib/x86_64-linux-gnu/libc.so.6(abort+0x16a) [0x2ac15e76f42a]
/lib/x86_64-linux-gnu/libc.so.6(+0x2be67) [0x2ac15e766e67]
/lib/x86_64-linux-gnu/libc.so.6(+0x2bf12) [0x2ac15e766f12]
../Debug/vws(+0x1b0427) [0x55ea8f743427]
../Debug/vws(+0x127bb8) [0x55ea8f6babb8]
../Debug/vws(+0x79d6a) [0x55ea8f60cd6a]
/lib/x86_64-linux-gnu/libc.so.6(__libc_start_main+0xf1) [0x2ac15e75b2e1]
../Debug/vws(+0x79259) [0x55ea8f60c259]




ERROR while running Cbc. Signal SIGABRT caught. Getting stack trace.
/home/sek519/warm_starting/vws/../vpc/lib/Cbc-trunk/buildg/lib/libCbc.so.0(_Z15CbcCrashHandleri+0x277) [0x2ac15d9b4a4b]
/lib/x86_64-linux-gnu/libc.so.6(+0x33060) [0x2ac15e76e060]
/lib/x86_64-linux-gnu/libc.so.6(gsignal+0xcf) [0x2ac15e76dfff]
/lib/x86_64-linux-gnu/libc.so.6(abort+0x16a) [0x2ac15e76f42a]
/home/sek519/warm_starting/vws/../vpc/lib/Cbc-trunk/buildg/lib/libCbc.so.0(_Z15CbcCrashHandleri+0x355) [0x2ac15d9b4b29]
/lib/x86_64-linux-gnu/libc.so.6(+0x33060) [0x2ac15e76e060]
/lib/x86_64-linux-gnu/libc.so.6(gsignal+0xcf) [0x2ac15e76dfff]
/lib/x86_64-linux-gnu/libc.so.6(abort+0x16a) [0x2ac15e76f42a]
/lib/x86_64-linux-gnu/libc.so.6(+0x2be67) [0x2ac15e766e67]
/lib/x86_64-linux-gnu/libc.so.6(+0x2bf12) [0x2ac15e766f12]
../Debug/vws(+0x1b0427) [0x55ea8f743427]
../Debug/vws(+0x127bb8) [0x55ea8f6babb8]
../Debug/vws(+0x79d6a) [0x55ea8f60cd6a]
/lib/x86_64-linux-gnu/libc.so.6(__libc_start_main+0xf1) [0x2ac15e75b2e1]
../Debug/vws(+0x79259) [0x55ea8f60c259]


/var/spool/torque/mom_priv/jobs/1218278.polyp1.ie.lehigh.edu.SC: line 4: 27595 Aborted                 (core dumped) ../Debug/vws ${INPUT_FOLDER} ${OUTPUT_FILE} ${MAX_TIME} ${GENERATOR} ${TERMS}
