Since we minimize, disjunctive dual bound should not be less than LP relaxation objective value.
vws: /home/sek519/warm_starting/vws/../vpc/src/utility/utility.cpp:651: void verify(bool, const std::string&): Assertion `false' failed.


ERROR while running Cbc. Signal SIGABRT caught. Getting stack trace.
/home/sek519/warm_starting/vws/../vpc/lib/Cbc-trunk/buildg/lib/libCbc.so.0(_Z15CbcCrashHandleri+0x277) [0x2ad393ebfa4b]
/lib/x86_64-linux-gnu/libc.so.6(+0x33060) [0x2ad394c79060]
/lib/x86_64-linux-gnu/libc.so.6(gsignal+0xcf) [0x2ad394c78fff]
/lib/x86_64-linux-gnu/libc.so.6(abort+0x16a) [0x2ad394c7a42a]
/lib/x86_64-linux-gnu/libc.so.6(+0x2be67) [0x2ad394c71e67]
/lib/x86_64-linux-gnu/libc.so.6(+0x2bf12) [0x2ad394c71f12]
../Debug/vws(+0x1b0427) [0x561f90676427]
../Debug/vws(+0x1fdd88) [0x561f906c3d88]
../Debug/vws(+0x10512c) [0x561f905cb12c]
../Debug/vws(+0x103fb7) [0x561f905c9fb7]
../Debug/vws(+0x127b00) [0x561f905edb00]
../Debug/vws(+0x79d6a) [0x561f9053fd6a]
/lib/x86_64-linux-gnu/libc.so.6(__libc_start_main+0xf1) [0x2ad394c662e1]
../Debug/vws(+0x79259) [0x561f9053f259]




ERROR while running Cbc. Signal SIGABRT caught. Getting stack trace.
/home/sek519/warm_starting/vws/../vpc/lib/Cbc-trunk/buildg/lib/libCbc.so.0(_Z15CbcCrashHandleri+0x277) [0x2ad393ebfa4b]
/lib/x86_64-linux-gnu/libc.so.6(+0x33060) [0x2ad394c79060]
/lib/x86_64-linux-gnu/libc.so.6(gsignal+0xcf) [0x2ad394c78fff]
/lib/x86_64-linux-gnu/libc.so.6(abort+0x16a) [0x2ad394c7a42a]
/home/sek519/warm_starting/vws/../vpc/lib/Cbc-trunk/buildg/lib/libCbc.so.0(_Z15CbcCrashHandleri+0x355) [0x2ad393ebfb29]
/lib/x86_64-linux-gnu/libc.so.6(+0x33060) [0x2ad394c79060]
/lib/x86_64-linux-gnu/libc.so.6(gsignal+0xcf) [0x2ad394c78fff]
/lib/x86_64-linux-gnu/libc.so.6(abort+0x16a) [0x2ad394c7a42a]
/lib/x86_64-linux-gnu/libc.so.6(+0x2be67) [0x2ad394c71e67]
/lib/x86_64-linux-gnu/libc.so.6(+0x2bf12) [0x2ad394c71f12]
../Debug/vws(+0x1b0427) [0x561f90676427]
../Debug/vws(+0x1fdd88) [0x561f906c3d88]
../Debug/vws(+0x10512c) [0x561f905cb12c]
../Debug/vws(+0x103fb7) [0x561f905c9fb7]
../Debug/vws(+0x127b00) [0x561f905edb00]
../Debug/vws(+0x79d6a) [0x561f9053fd6a]
/lib/x86_64-linux-gnu/libc.so.6(__libc_start_main+0xf1) [0x2ad394c662e1]
../Debug/vws(+0x79259) [0x561f9053f259]


/var/spool/torque/mom_priv/jobs/1217394.polyp1.ie.lehigh.edu.SC: line 4:  6551 Aborted                 (core dumped) ../Debug/vws ${INPUT_FOLDER} ${OUTPUT_FILE} ${MAX_TIME} ${GENERATOR} ${TERMS}
