*** WARNING (version #870a55a): /home/sek519/warm_starting/vws/../vpc/src/cut/CglVPC.cpp:683: Nonbasic reduced cost should be >= 0 in the complemented nonbasic space. However, for nb var 130 (real var 141), it is -1.009371e-07. Small enough error that we only send warning.
*** WARNING (version #870a55a): /home/sek519/warm_starting/vws/../vpc/src/utility/nbspace.cpp:358: Ray 141: dot product with obj < 0. Obj viol from solver: -0.00000010. Calculated: -0.00000010.
*** WARNING (version #870a55a): /home/sek519/warm_starting/vws/../vpc/src/cut/CglVPC.cpp:1243: Term 1 ray 130 does not satisfy the objective cut. Activity: -0.00000010. RHS: 0.00000000. Small enough violation that we only send a warning.
*** WARNING (version #870a55a): /home/sek519/warm_starting/vws/../vpc/src/cut/CglVPC.cpp:683: Nonbasic reduced cost should be >= 0 in the complemented nonbasic space. However, for nb var 87 (real var 94), it is -1.170922e-07. Small enough error that we only send warning.
*** WARNING (version #870a55a): /home/sek519/warm_starting/vws/../vpc/src/utility/nbspace.cpp:358: Ray 94: dot product with obj < 0. Obj viol from solver: -0.00000012. Calculated: -0.00000012.
*** WARNING (version #870a55a): /home/sek519/warm_starting/vws/../vpc/src/cut/CglVPC.cpp:1243: Term 36 ray 87 does not satisfy the objective cut. Activity: -0.00000012. RHS: 0.00000000. Small enough violation that we only send a warning.
*** WARNING (version #870a55a): /home/sek519/warm_starting/vws/../vpc/src/cut/CglVPC.cpp:683: Nonbasic reduced cost should be >= 0 in the complemented nonbasic space. However, for nb var 11 (real var 11), it is -1.184896e-07. Small enough error that we only send warning.
*** WARNING (version #870a55a): /home/sek519/warm_starting/vws/../vpc/src/utility/nbspace.cpp:358: Ray 11: dot product with obj < 0. Obj viol from solver: -0.00000012. Calculated: -0.00000012.
*** WARNING (version #870a55a): /home/sek519/warm_starting/vws/../vpc/src/cut/CglVPC.cpp:1243: Term 40 ray 11 does not satisfy the objective cut. Activity: -0.00000012. RHS: 0.00000000. Small enough violation that we only send a warning.
*** WARNING (version #870a55a): /home/sek519/warm_starting/vws/../vpc/src/cut/CglVPC.cpp:683: Nonbasic reduced cost should be >= 0 in the complemented nonbasic space. However, for nb var 29 (real var 33), it is -1.169747e-07. Small enough error that we only send warning.
*** WARNING (version #870a55a): /home/sek519/warm_starting/vws/../vpc/src/utility/nbspace.cpp:358: Ray 33: dot product with obj < 0. Obj viol from solver: -0.00000012. Calculated: -0.00000012.
*** WARNING (version #870a55a): /home/sek519/warm_starting/vws/../vpc/src/cut/CglVPC.cpp:1243: Term 50 ray 29 does not satisfy the objective cut. Activity: -0.00000012. RHS: 0.00000000. Small enough violation that we only send a warning.
*** WARNING (version #870a55a): /home/sek519/warm_starting/vws/../vpc/src/cut/PRLP.cpp:387: PRLP is primal infeasible; giving up on this point-ray collection.
[WARNING] No vpcs were made from a new disjunction. Stopping series.
vws: /home/sek519/warm_starting/vws/../vpc/src/utility/utility.cpp:651: void verify(bool, const std::string&): Assertion `false' failed.


ERROR while running Cbc. Signal SIGABRT caught. Getting stack trace.
/home/sek519/warm_starting/vws/../vpc/lib/Cbc-trunk/buildg/lib/libCbc.so.0(_Z15CbcCrashHandleri+0x277) [0x2b3bfdc7aa4b]
/lib/x86_64-linux-gnu/libc.so.6(+0x33060) [0x2b3bfea34060]
/lib/x86_64-linux-gnu/libc.so.6(gsignal+0xcf) [0x2b3bfea33fff]
/lib/x86_64-linux-gnu/libc.so.6(abort+0x16a) [0x2b3bfea3542a]
/lib/x86_64-linux-gnu/libc.so.6(+0x2be67) [0x2b3bfea2ce67]
/lib/x86_64-linux-gnu/libc.so.6(+0x2bf12) [0x2b3bfea2cf12]
../Debug/vws(+0x1b0427) [0x55c6b923a427]
../Debug/vws(+0x127bb8) [0x55c6b91b1bb8]
../Debug/vws(+0x79d6a) [0x55c6b9103d6a]
/lib/x86_64-linux-gnu/libc.so.6(__libc_start_main+0xf1) [0x2b3bfea212e1]
../Debug/vws(+0x79259) [0x55c6b9103259]




ERROR while running Cbc. Signal SIGABRT caught. Getting stack trace.
/home/sek519/warm_starting/vws/../vpc/lib/Cbc-trunk/buildg/lib/libCbc.so.0(_Z15CbcCrashHandleri+0x277) [0x2b3bfdc7aa4b]
/lib/x86_64-linux-gnu/libc.so.6(+0x33060) [0x2b3bfea34060]
/lib/x86_64-linux-gnu/libc.so.6(gsignal+0xcf) [0x2b3bfea33fff]
/lib/x86_64-linux-gnu/libc.so.6(abort+0x16a) [0x2b3bfea3542a]
/home/sek519/warm_starting/vws/../vpc/lib/Cbc-trunk/buildg/lib/libCbc.so.0(_Z15CbcCrashHandleri+0x355) [0x2b3bfdc7ab29]
/lib/x86_64-linux-gnu/libc.so.6(+0x33060) [0x2b3bfea34060]
/lib/x86_64-linux-gnu/libc.so.6(gsignal+0xcf) [0x2b3bfea33fff]
/lib/x86_64-linux-gnu/libc.so.6(abort+0x16a) [0x2b3bfea3542a]
/lib/x86_64-linux-gnu/libc.so.6(+0x2be67) [0x2b3bfea2ce67]
/lib/x86_64-linux-gnu/libc.so.6(+0x2bf12) [0x2b3bfea2cf12]
../Debug/vws(+0x1b0427) [0x55c6b923a427]
../Debug/vws(+0x127bb8) [0x55c6b91b1bb8]
../Debug/vws(+0x79d6a) [0x55c6b9103d6a]
/lib/x86_64-linux-gnu/libc.so.6(__libc_start_main+0xf1) [0x2b3bfea212e1]
../Debug/vws(+0x79259) [0x55c6b9103259]


/var/spool/torque/mom_priv/jobs/1217392.polyp1.ie.lehigh.edu.SC: line 4: 21559 Aborted                 (core dumped) ../Debug/vws ${INPUT_FOLDER} ${OUTPUT_FILE} ${MAX_TIME} ${GENERATOR} ${TERMS}
