*** WARNING (version #870a55a): /home/sek519/warm_starting/vws/../vpc/src/cut/PRLP.cpp:387: PRLP is primal infeasible; giving up on this point-ray collection.
[WARNING] No vpcs were made from a new disjunction. Stopping series.
vws: /home/sek519/warm_starting/vws/../vpc/src/utility/utility.cpp:651: void verify(bool, const std::string&): Assertion `false' failed.


ERROR while running Cbc. Signal SIGABRT caught. Getting stack trace.
/home/sek519/warm_starting/vws/../vpc/lib/Cbc-trunk/buildg/lib/libCbc.so.0(_Z15CbcCrashHandleri+0x277) [0x2aefaaa40a4b]
/lib/x86_64-linux-gnu/libc.so.6(+0x33060) [0x2aefab7fa060]
/lib/x86_64-linux-gnu/libc.so.6(gsignal+0xcf) [0x2aefab7f9fff]
/lib/x86_64-linux-gnu/libc.so.6(abort+0x16a) [0x2aefab7fb42a]
/lib/x86_64-linux-gnu/libc.so.6(+0x2be67) [0x2aefab7f2e67]
/lib/x86_64-linux-gnu/libc.so.6(+0x2bf12) [0x2aefab7f2f12]
../Debug/vws(+0x1b0427) [0x56348a43f427]
../Debug/vws(+0x127bb8) [0x56348a3b6bb8]
../Debug/vws(+0x79d6a) [0x56348a308d6a]
/lib/x86_64-linux-gnu/libc.so.6(__libc_start_main+0xf1) [0x2aefab7e72e1]
../Debug/vws(+0x79259) [0x56348a308259]




ERROR while running Cbc. Signal SIGABRT caught. Getting stack trace.
/home/sek519/warm_starting/vws/../vpc/lib/Cbc-trunk/buildg/lib/libCbc.so.0(_Z15CbcCrashHandleri+0x277) [0x2aefaaa40a4b]
/lib/x86_64-linux-gnu/libc.so.6(+0x33060) [0x2aefab7fa060]
/lib/x86_64-linux-gnu/libc.so.6(gsignal+0xcf) [0x2aefab7f9fff]
/lib/x86_64-linux-gnu/libc.so.6(abort+0x16a) [0x2aefab7fb42a]
/home/sek519/warm_starting/vws/../vpc/lib/Cbc-trunk/buildg/lib/libCbc.so.0(_Z15CbcCrashHandleri+0x355) [0x2aefaaa40b29]
/lib/x86_64-linux-gnu/libc.so.6(+0x33060) [0x2aefab7fa060]
/lib/x86_64-linux-gnu/libc.so.6(gsignal+0xcf) [0x2aefab7f9fff]
/lib/x86_64-linux-gnu/libc.so.6(abort+0x16a) [0x2aefab7fb42a]
/lib/x86_64-linux-gnu/libc.so.6(+0x2be67) [0x2aefab7f2e67]
/lib/x86_64-linux-gnu/libc.so.6(+0x2bf12) [0x2aefab7f2f12]
../Debug/vws(+0x1b0427) [0x56348a43f427]
../Debug/vws(+0x127bb8) [0x56348a3b6bb8]
../Debug/vws(+0x79d6a) [0x56348a308d6a]
/lib/x86_64-linux-gnu/libc.so.6(__libc_start_main+0xf1) [0x2aefab7e72e1]
../Debug/vws(+0x79259) [0x56348a308259]


/var/spool/torque/mom_priv/jobs/1219108.polyp1.ie.lehigh.edu.SC: line 4: 28375 Aborted                 (core dumped) ../Debug/vws ${INPUT_FOLDER} ${OUTPUT_FILE} ${MAX_TIME} ${GENERATOR} ${TERMS}
