terminate called after throwing an instance of 'std::bad_alloc'
  what():  std::bad_alloc


ERROR while running Cbc. Signal SIGABRT caught. Getting stack trace.
/home/sek519/warm_starting/vws/../vpc/lib/Cbc-trunk/buildg/lib/libCbc.so.0(_Z15CbcCrashHandleri+0x277) [0x2ac79ad2ca4b]
/lib/x86_64-linux-gnu/libc.so.6(+0x33060) [0x2ac79bae6060]
/lib/x86_64-linux-gnu/libc.so.6(gsignal+0xcf) [0x2ac79bae5fff]
/lib/x86_64-linux-gnu/libc.so.6(abort+0x16a) [0x2ac79bae742a]
/home/sek519/miniconda/envs/vws/lib/libstdc++.so.6(_ZN9__gnu_cxx27__verbose_terminate_handlerEv+0xc0) [0x2ac79b6ad026]
/home/sek519/miniconda/envs/vws/lib/libstdc++.so.6(+0xb0514) [0x2ac79b6ab514]
/home/sek519/miniconda/envs/vws/lib/libstdc++.so.6(+0xb0566) [0x2ac79b6ab566]
/home/sek519/miniconda/envs/vws/lib/libstdc++.so.6(__cxa_rethrow+0) [0x2ac79b6ab758]
/home/sek519/miniconda/envs/vws/lib/libstdc++.so.6(_Znwm+0x59) [0x2ac79b6abb85]
/home/sek519/warm_starting/vws/../vpc/lib/Cbc-trunk/buildg/lib/libCoinUtils.so.0(_ZN16CoinPackedMatrixC2ERKS_iPKiiS3_+0xed9) [0x2ac79b505389]
/home/sek519/warm_starting/vws/../vpc/lib/Cbc-trunk/buildg/lib/libClp.so.0(_ZN15ClpPackedMatrixC2ERKS_iPKiiS3_+0x83) [0x2ac79b1b59bf]
/home/sek519/warm_starting/vws/../vpc/lib/Cbc-trunk/buildg/lib/libClp.so.0(_ZNK15ClpPackedMatrix11subsetCloneEiPKiiS1_+0x55) [0x2ac79b1b590b]
/home/sek519/warm_starting/vws/../vpc/lib/Cbc-trunk/buildg/lib/libClp.so.0(_ZN8ClpModelC1EPKS_iPKiiS3_bb+0xfdd) [0x2ac79b193d71]
/home/sek519/warm_starting/vws/../vpc/lib/Cbc-trunk/buildg/lib/libClp.so.0(_ZN10ClpSimplexC2EPKS_iPKiiS3_bbb+0x9a) [0x2ac79b241d48]
/home/sek519/warm_starting/vws/../vpc/lib/Cbc-trunk/buildg/lib/libClp.so.0(_ZN15ClpSimplexOther6crunchEPdPiS1_Ribb+0x85b) [0x2ac79b2b28ab]
/home/sek519/warm_starting/vws/../vpc/lib/Cbc-trunk/buildg/lib/libOsiClp.so.0(_ZN21OsiClpSolverInterface6crunchEv+0x7a5) [0x2ac79a9f1da7]
/home/sek519/warm_starting/vws/../vpc/lib/Cbc-trunk/buildg/lib/libOsiClp.so.0(_ZN21OsiClpSolverInterface7resolveEv+0x15dd) [0x2ac79a9d1605]
../Debug/vws(+0x1aaab8) [0x55c693c3aab8]
../Debug/vws(+0x1fdc86) [0x55c693c8dc86]
../Debug/vws(+0x10512c) [0x55c693b9512c]
../Debug/vws(+0x103fb7) [0x55c693b93fb7]
../Debug/vws(+0x127b00) [0x55c693bb7b00]
../Debug/vws(+0x79d6a) [0x55c693b09d6a]
/lib/x86_64-linux-gnu/libc.so.6(__libc_start_main+0xf1) [0x2ac79bad32e1]
../Debug/vws(+0x79259) [0x55c693b09259]




ERROR while running Cbc. Signal SIGABRT caught. Getting stack trace.
/home/sek519/warm_starting/vws/../vpc/lib/Cbc-trunk/buildg/lib/libCbc.so.0(_Z15CbcCrashHandleri+0x277) [0x2ac79ad2ca4b]
/lib/x86_64-linux-gnu/libc.so.6(+0x33060) [0x2ac79bae6060]
/lib/x86_64-linux-gnu/libc.so.6(gsignal+0xcf) [0x2ac79bae5fff]
/lib/x86_64-linux-gnu/libc.so.6(abort+0x16a) [0x2ac79bae742a]
/home/sek519/warm_starting/vws/../vpc/lib/Cbc-trunk/buildg/lib/libCbc.so.0(_Z15CbcCrashHandleri+0x355) [0x2ac79ad2cb29]
/lib/x86_64-linux-gnu/libc.so.6(+0x33060) [0x2ac79bae6060]
/lib/x86_64-linux-gnu/libc.so.6(gsignal+0xcf) [0x2ac79bae5fff]
/lib/x86_64-linux-gnu/libc.so.6(abort+0x16a) [0x2ac79bae742a]
/home/sek519/miniconda/envs/vws/lib/libstdc++.so.6(_ZN9__gnu_cxx27__verbose_terminate_handlerEv+0xc0) [0x2ac79b6ad026]
/home/sek519/miniconda/envs/vws/lib/libstdc++.so.6(+0xb0514) [0x2ac79b6ab514]
/home/sek519/miniconda/envs/vws/lib/libstdc++.so.6(+0xb0566) [0x2ac79b6ab566]
/home/sek519/miniconda/envs/vws/lib/libstdc++.so.6(__cxa_rethrow+0) [0x2ac79b6ab758]
/home/sek519/miniconda/envs/vws/lib/libstdc++.so.6(_Znwm+0x59) [0x2ac79b6abb85]
/home/sek519/warm_starting/vws/../vpc/lib/Cbc-trunk/buildg/lib/libCoinUtils.so.0(_ZN16CoinPackedMatrixC2ERKS_iPKiiS3_+0xed9) [0x2ac79b505389]
/home/sek519/warm_starting/vws/../vpc/lib/Cbc-trunk/buildg/lib/libClp.so.0(_ZN15ClpPackedMatrixC2ERKS_iPKiiS3_+0x83) [0x2ac79b1b59bf]
/home/sek519/warm_starting/vws/../vpc/lib/Cbc-trunk/buildg/lib/libClp.so.0(_ZNK15ClpPackedMatrix11subsetCloneEiPKiiS1_+0x55) [0x2ac79b1b590b]
/home/sek519/warm_starting/vws/../vpc/lib/Cbc-trunk/buildg/lib/libClp.so.0(_ZN8ClpModelC1EPKS_iPKiiS3_bb+0xfdd) [0x2ac79b193d71]
/home/sek519/warm_starting/vws/../vpc/lib/Cbc-trunk/buildg/lib/libClp.so.0(_ZN10ClpSimplexC2EPKS_iPKiiS3_bbb+0x9a) [0x2ac79b241d48]
/home/sek519/warm_starting/vws/../vpc/lib/Cbc-trunk/buildg/lib/libClp.so.0(_ZN15ClpSimplexOther6crunchEPdPiS1_Ribb+0x85b) [0x2ac79b2b28ab]
/home/sek519/warm_starting/vws/../vpc/lib/Cbc-trunk/buildg/lib/libOsiClp.so.0(_ZN21OsiClpSolverInterface6crunchEv+0x7a5) [0x2ac79a9f1da7]
/home/sek519/warm_starting/vws/../vpc/lib/Cbc-trunk/buildg/lib/libOsiClp.so.0(_ZN21OsiClpSolverInterface7resolveEv+0x15dd) [0x2ac79a9d1605]
../Debug/vws(+0x1aaab8) [0x55c693c3aab8]
../Debug/vws(+0x1fdc86) [0x55c693c8dc86]
../Debug/vws(+0x10512c) [0x55c693b9512c]
../Debug/vws(+0x103fb7) [0x55c693b93fb7]
../Debug/vws(+0x127b00) [0x55c693bb7b00]
../Debug/vws(+0x79d6a) [0x55c693b09d6a]
/lib/x86_64-linux-gnu/libc.so.6(__libc_start_main+0xf1) [0x2ac79bad32e1]
../Debug/vws(+0x79259) [0x55c693b09259]


/var/spool/torque/mom_priv/jobs/1217766.polyp1.ie.lehigh.edu.SC: line 4: 14789 Aborted                 ../Debug/vws ${INPUT_FOLDER} ${OUTPUT_FILE} ${MAX_TIME} ${GENERATOR} ${TERMS}
