terminate called after throwing an instance of 'std::bad_alloc'
  what():  std::bad_alloc


ERROR while running Cbc. Signal SIGABRT caught. Getting stack trace.
/home/sek519/warm_starting/vws/../vpc/lib/Cbc-trunk/buildg/lib/libCbc.so.0(_Z15CbcCrashHandleri+0x277) [0x2af50e209a4b]
/lib/x86_64-linux-gnu/libc.so.6(+0x33060) [0x2af50efc3060]
/lib/x86_64-linux-gnu/libc.so.6(gsignal+0xcf) [0x2af50efc2fff]
/lib/x86_64-linux-gnu/libc.so.6(abort+0x16a) [0x2af50efc442a]
/home/sek519/miniconda/envs/vws/lib/libstdc++.so.6(_ZN9__gnu_cxx27__verbose_terminate_handlerEv+0xc0) [0x2af50eb8a026]
/home/sek519/miniconda/envs/vws/lib/libstdc++.so.6(+0xb0514) [0x2af50eb88514]
/home/sek519/miniconda/envs/vws/lib/libstdc++.so.6(+0xb0566) [0x2af50eb88566]
/home/sek519/miniconda/envs/vws/lib/libstdc++.so.6(__cxa_rethrow+0) [0x2af50eb88758]
/home/sek519/miniconda/envs/vws/lib/libstdc++.so.6(_Znwm+0x59) [0x2af50eb88b85]
/home/sek519/warm_starting/vws/../vpc/lib/Cbc-trunk/buildg/lib/libCoinUtils.so.0(_ZN16CoinPackedMatrix27resizeForAddingMinorVectorsEPKi+0x305) [0x2af50e9e46e5]
/home/sek519/warm_starting/vws/../vpc/lib/Cbc-trunk/buildg/lib/libCoinUtils.so.0(_ZN16CoinPackedMatrix17appendMinorVectorEiPKiPKd+0x162) [0x2af50e9dcb9a]
/home/sek519/warm_starting/vws/../vpc/lib/Cbc-trunk/buildg/lib/libCoinUtils.so.0(_ZN16CoinPackedMatrix9appendRowEiPKiPKd+0x3a) [0x2af50e9d8f20]
/home/sek519/warm_starting/vws/../vpc/lib/Cbc-trunk/buildg/lib/libOsiClp.so.0(_ZN21OsiClpSolverInterface6addRowEiPKiPKddd+0x13a) [0x2af50debcc7e]
../Debug/vws(+0x1f7b00) [0x561477d04b00]
../Debug/vws(+0x1fdb5f) [0x561477d0ab5f]
../Debug/vws(+0x105bb8) [0x561477c12bb8]
../Debug/vws(+0x103f4c) [0x561477c10f4c]
../Debug/vws(+0x127b00) [0x561477c34b00]
../Debug/vws(+0x79d6a) [0x561477b86d6a]
/lib/x86_64-linux-gnu/libc.so.6(__libc_start_main+0xf1) [0x2af50efb02e1]
../Debug/vws(+0x79259) [0x561477b86259]




ERROR while running Cbc. Signal SIGABRT caught. Getting stack trace.
/home/sek519/warm_starting/vws/../vpc/lib/Cbc-trunk/buildg/lib/libCbc.so.0(_Z15CbcCrashHandleri+0x277) [0x2af50e209a4b]
/lib/x86_64-linux-gnu/libc.so.6(+0x33060) [0x2af50efc3060]
/lib/x86_64-linux-gnu/libc.so.6(gsignal+0xcf) [0x2af50efc2fff]
/lib/x86_64-linux-gnu/libc.so.6(abort+0x16a) [0x2af50efc442a]
/home/sek519/warm_starting/vws/../vpc/lib/Cbc-trunk/buildg/lib/libCbc.so.0(_Z15CbcCrashHandleri+0x355) [0x2af50e209b29]
/lib/x86_64-linux-gnu/libc.so.6(+0x33060) [0x2af50efc3060]
/lib/x86_64-linux-gnu/libc.so.6(gsignal+0xcf) [0x2af50efc2fff]
/lib/x86_64-linux-gnu/libc.so.6(abort+0x16a) [0x2af50efc442a]
/home/sek519/miniconda/envs/vws/lib/libstdc++.so.6(_ZN9__gnu_cxx27__verbose_terminate_handlerEv+0xc0) [0x2af50eb8a026]
/home/sek519/miniconda/envs/vws/lib/libstdc++.so.6(+0xb0514) [0x2af50eb88514]
/home/sek519/miniconda/envs/vws/lib/libstdc++.so.6(+0xb0566) [0x2af50eb88566]
/home/sek519/miniconda/envs/vws/lib/libstdc++.so.6(__cxa_rethrow+0) [0x2af50eb88758]
/home/sek519/miniconda/envs/vws/lib/libstdc++.so.6(_Znwm+0x59) [0x2af50eb88b85]
/home/sek519/warm_starting/vws/../vpc/lib/Cbc-trunk/buildg/lib/libCoinUtils.so.0(_ZN16CoinPackedMatrix27resizeForAddingMinorVectorsEPKi+0x305) [0x2af50e9e46e5]
/home/sek519/warm_starting/vws/../vpc/lib/Cbc-trunk/buildg/lib/libCoinUtils.so.0(_ZN16CoinPackedMatrix17appendMinorVectorEiPKiPKd+0x162) [0x2af50e9dcb9a]
/home/sek519/warm_starting/vws/../vpc/lib/Cbc-trunk/buildg/lib/libCoinUtils.so.0(_ZN16CoinPackedMatrix9appendRowEiPKiPKd+0x3a) [0x2af50e9d8f20]
/home/sek519/warm_starting/vws/../vpc/lib/Cbc-trunk/buildg/lib/libOsiClp.so.0(_ZN21OsiClpSolverInterface6addRowEiPKiPKddd+0x13a) [0x2af50debcc7e]
../Debug/vws(+0x1f7b00) [0x561477d04b00]
../Debug/vws(+0x1fdb5f) [0x561477d0ab5f]
../Debug/vws(+0x105bb8) [0x561477c12bb8]
../Debug/vws(+0x103f4c) [0x561477c10f4c]
../Debug/vws(+0x127b00) [0x561477c34b00]
../Debug/vws(+0x79d6a) [0x561477b86d6a]
/lib/x86_64-linux-gnu/libc.so.6(__libc_start_main+0xf1) [0x2af50efb02e1]
../Debug/vws(+0x79259) [0x561477b86259]


/var/spool/torque/mom_priv/jobs/1218661.polyp1.ie.lehigh.edu.SC: line 4: 11533 Aborted                 (core dumped) ../Debug/vws ${INPUT_FOLDER} ${OUTPUT_FILE} ${MAX_TIME} ${GENERATOR} ${TERMS}
