terminate called after throwing an instance of 'std::bad_alloc'
  what():  std::bad_alloc


ERROR while running Cbc. Signal SIGABRT caught. Getting stack trace.
/home/sek519/warm_starting/vws/../vpc/lib/Cbc-trunk/buildg/lib/libCbc.so.0(_Z15CbcCrashHandleri+0x277) [0x2b5d0aa38a4b]
/lib/x86_64-linux-gnu/libc.so.6(+0x33060) [0x2b5d0b7f2060]
/lib/x86_64-linux-gnu/libc.so.6(gsignal+0xcf) [0x2b5d0b7f1fff]
/lib/x86_64-linux-gnu/libc.so.6(abort+0x16a) [0x2b5d0b7f342a]
/home/sek519/miniconda/envs/vws/lib/libstdc++.so.6(_ZN9__gnu_cxx27__verbose_terminate_handlerEv+0xc0) [0x2b5d0b3b9026]
/home/sek519/miniconda/envs/vws/lib/libstdc++.so.6(+0xb0514) [0x2b5d0b3b7514]
/home/sek519/miniconda/envs/vws/lib/libstdc++.so.6(+0xb0566) [0x2b5d0b3b7566]
/home/sek519/miniconda/envs/vws/lib/libstdc++.so.6(__cxa_rethrow+0) [0x2b5d0b3b7758]
/home/sek519/miniconda/envs/vws/lib/libstdc++.so.6(_Znwm+0x59) [0x2b5d0b3b7b85]
/home/sek519/warm_starting/vws/../vpc/lib/Cbc-trunk/buildg/lib/libCoinUtils.so.0(_ZN16CoinPackedMatrixC2ERKS_iib+0x29f) [0x2b5d0b20f803]
/home/sek519/warm_starting/vws/../vpc/lib/Cbc-trunk/buildg/lib/libClp.so.0(_ZNK15ClpPackedMatrix5scaleEP8ClpModelP10ClpSimplex+0x25f2) [0x2b5d0aece958]
/home/sek519/warm_starting/vws/../vpc/lib/Cbc-trunk/buildg/lib/libClp.so.0(_ZN10ClpSimplex9createRimEibi+0x1310) [0x2b5d0af5c0ec]
/home/sek519/warm_starting/vws/../vpc/lib/Cbc-trunk/buildg/lib/libClp.so.0(_ZN10ClpSimplex7startupEii+0x2c0) [0x2b5d0af76ac6]
/home/sek519/warm_starting/vws/../vpc/lib/Cbc-trunk/buildg/lib/libClp.so.0(_ZN14ClpSimplexDual12startupSolveEiPdi+0x8b) [0x2b5d0af87b3f]
/home/sek519/warm_starting/vws/../vpc/lib/Cbc-trunk/buildg/lib/libClp.so.0(_ZN14ClpSimplexDual4dualEii+0x21d) [0x2b5d0af89047]
/home/sek519/warm_starting/vws/../vpc/lib/Cbc-trunk/buildg/lib/libClp.so.0(_ZN10ClpSimplex4dualEii+0x168) [0x2b5d0af66cee]
/home/sek519/warm_starting/vws/../vpc/lib/Cbc-trunk/buildg/lib/libOsiClp.so.0(_ZN21OsiClpSolverInterface6crunchEv+0xf1d) [0x2b5d0a6fe51f]
/home/sek519/warm_starting/vws/../vpc/lib/Cbc-trunk/buildg/lib/libOsiClp.so.0(_ZN21OsiClpSolverInterface7resolveEv+0x15dd) [0x2b5d0a6dd605]
../Debug/vws(+0x1aa824) [0x5634f693b824]
../Debug/vws(+0x1fdc86) [0x5634f698ec86]
../Debug/vws(+0x105bb8) [0x5634f6896bb8]
../Debug/vws(+0x103f4c) [0x5634f6894f4c]
../Debug/vws(+0x127b00) [0x5634f68b8b00]
../Debug/vws(+0x79d6a) [0x5634f680ad6a]
/lib/x86_64-linux-gnu/libc.so.6(__libc_start_main+0xf1) [0x2b5d0b7df2e1]
../Debug/vws(+0x79259) [0x5634f680a259]




ERROR while running Cbc. Signal SIGABRT caught. Getting stack trace.
/home/sek519/warm_starting/vws/../vpc/lib/Cbc-trunk/buildg/lib/libCbc.so.0(_Z15CbcCrashHandleri+0x277) [0x2b5d0aa38a4b]
/lib/x86_64-linux-gnu/libc.so.6(+0x33060) [0x2b5d0b7f2060]
/lib/x86_64-linux-gnu/libc.so.6(gsignal+0xcf) [0x2b5d0b7f1fff]
/lib/x86_64-linux-gnu/libc.so.6(abort+0x16a) [0x2b5d0b7f342a]
/home/sek519/warm_starting/vws/../vpc/lib/Cbc-trunk/buildg/lib/libCbc.so.0(_Z15CbcCrashHandleri+0x355) [0x2b5d0aa38b29]
/lib/x86_64-linux-gnu/libc.so.6(+0x33060) [0x2b5d0b7f2060]
/lib/x86_64-linux-gnu/libc.so.6(gsignal+0xcf) [0x2b5d0b7f1fff]
/lib/x86_64-linux-gnu/libc.so.6(abort+0x16a) [0x2b5d0b7f342a]
/home/sek519/miniconda/envs/vws/lib/libstdc++.so.6(_ZN9__gnu_cxx27__verbose_terminate_handlerEv+0xc0) [0x2b5d0b3b9026]
/home/sek519/miniconda/envs/vws/lib/libstdc++.so.6(+0xb0514) [0x2b5d0b3b7514]
/home/sek519/miniconda/envs/vws/lib/libstdc++.so.6(+0xb0566) [0x2b5d0b3b7566]
/home/sek519/miniconda/envs/vws/lib/libstdc++.so.6(__cxa_rethrow+0) [0x2b5d0b3b7758]
/home/sek519/miniconda/envs/vws/lib/libstdc++.so.6(_Znwm+0x59) [0x2b5d0b3b7b85]
/home/sek519/warm_starting/vws/../vpc/lib/Cbc-trunk/buildg/lib/libCoinUtils.so.0(_ZN16CoinPackedMatrixC2ERKS_iib+0x29f) [0x2b5d0b20f803]
/home/sek519/warm_starting/vws/../vpc/lib/Cbc-trunk/buildg/lib/libClp.so.0(_ZNK15ClpPackedMatrix5scaleEP8ClpModelP10ClpSimplex+0x25f2) [0x2b5d0aece958]
/home/sek519/warm_starting/vws/../vpc/lib/Cbc-trunk/buildg/lib/libClp.so.0(_ZN10ClpSimplex9createRimEibi+0x1310) [0x2b5d0af5c0ec]
/home/sek519/warm_starting/vws/../vpc/lib/Cbc-trunk/buildg/lib/libClp.so.0(_ZN10ClpSimplex7startupEii+0x2c0) [0x2b5d0af76ac6]
/home/sek519/warm_starting/vws/../vpc/lib/Cbc-trunk/buildg/lib/libClp.so.0(_ZN14ClpSimplexDual12startupSolveEiPdi+0x8b) [0x2b5d0af87b3f]
/home/sek519/warm_starting/vws/../vpc/lib/Cbc-trunk/buildg/lib/libClp.so.0(_ZN14ClpSimplexDual4dualEii+0x21d) [0x2b5d0af89047]
/home/sek519/warm_starting/vws/../vpc/lib/Cbc-trunk/buildg/lib/libClp.so.0(_ZN10ClpSimplex4dualEii+0x168) [0x2b5d0af66cee]
/home/sek519/warm_starting/vws/../vpc/lib/Cbc-trunk/buildg/lib/libOsiClp.so.0(_ZN21OsiClpSolverInterface6crunchEv+0xf1d) [0x2b5d0a6fe51f]
/home/sek519/warm_starting/vws/../vpc/lib/Cbc-trunk/buildg/lib/libOsiClp.so.0(_ZN21OsiClpSolverInterface7resolveEv+0x15dd) [0x2b5d0a6dd605]
../Debug/vws(+0x1aa824) [0x5634f693b824]
../Debug/vws(+0x1fdc86) [0x5634f698ec86]
../Debug/vws(+0x105bb8) [0x5634f6896bb8]
../Debug/vws(+0x103f4c) [0x5634f6894f4c]
../Debug/vws(+0x127b00) [0x5634f68b8b00]
../Debug/vws(+0x79d6a) [0x5634f680ad6a]
/lib/x86_64-linux-gnu/libc.so.6(__libc_start_main+0xf1) [0x2b5d0b7df2e1]
../Debug/vws(+0x79259) [0x5634f680a259]


/var/spool/torque/mom_priv/jobs/1217941.polyp1.ie.lehigh.edu.SC: line 4:  5848 Aborted                 ../Debug/vws ${INPUT_FOLDER} ${OUTPUT_FILE} ${MAX_TIME} ${GENERATOR} ${TERMS}
