terminate called after throwing an instance of 'std::bad_alloc'
  what():  std::bad_alloc


ERROR while running Cbc. Signal SIGABRT caught. Getting stack trace.
/home/sek519/warm_starting/vws/../vpc/lib/Cbc-trunk/buildg/lib/libCbc.so.0(_Z15CbcCrashHandleri+0x277) [0x2b9c1bdffa4b]
/lib/x86_64-linux-gnu/libc.so.6(+0x33060) [0x2b9c1cbb9060]
/lib/x86_64-linux-gnu/libc.so.6(gsignal+0xcf) [0x2b9c1cbb8fff]
/lib/x86_64-linux-gnu/libc.so.6(abort+0x16a) [0x2b9c1cbba42a]
/home/sek519/miniconda/envs/vws/lib/libstdc++.so.6(_ZN9__gnu_cxx27__verbose_terminate_handlerEv+0xc0) [0x2b9c1c780026]
/home/sek519/miniconda/envs/vws/lib/libstdc++.so.6(+0xb0514) [0x2b9c1c77e514]
/home/sek519/miniconda/envs/vws/lib/libstdc++.so.6(+0xb0566) [0x2b9c1c77e566]
/home/sek519/miniconda/envs/vws/lib/libstdc++.so.6(__cxa_rethrow+0) [0x2b9c1c77e758]
/home/sek519/miniconda/envs/vws/lib/libstdc++.so.6(_Znwm+0x59) [0x2b9c1c77eb85]
/home/sek519/warm_starting/vws/../vpc/lib/Cbc-trunk/buildg/lib/libCoinUtils.so.0(_ZN16CoinPackedMatrixC2ERKS_iib+0x29f) [0x2b9c1c5d6803]
/home/sek519/warm_starting/vws/../vpc/lib/Cbc-trunk/buildg/lib/libClp.so.0(_ZNK15ClpPackedMatrix5scaleEP8ClpModelP10ClpSimplex+0x25f2) [0x2b9c1c295958]
/home/sek519/warm_starting/vws/../vpc/lib/Cbc-trunk/buildg/lib/libClp.so.0(_ZN10ClpSimplex9createRimEibi+0x1310) [0x2b9c1c3230ec]
/home/sek519/warm_starting/vws/../vpc/lib/Cbc-trunk/buildg/lib/libClp.so.0(_ZN10ClpSimplex7startupEii+0x2c0) [0x2b9c1c33dac6]
/home/sek519/warm_starting/vws/../vpc/lib/Cbc-trunk/buildg/lib/libClp.so.0(_ZN14ClpSimplexDual12startupSolveEiPdi+0x8b) [0x2b9c1c34eb3f]
/home/sek519/warm_starting/vws/../vpc/lib/Cbc-trunk/buildg/lib/libClp.so.0(_ZN14ClpSimplexDual4dualEii+0x21d) [0x2b9c1c350047]
/home/sek519/warm_starting/vws/../vpc/lib/Cbc-trunk/buildg/lib/libClp.so.0(_ZN10ClpSimplex4dualEii+0x168) [0x2b9c1c32dcee]
/home/sek519/warm_starting/vws/../vpc/lib/Cbc-trunk/buildg/lib/libOsiClp.so.0(_ZN21OsiClpSolverInterface6crunchEv+0xf1d) [0x2b9c1bac551f]
/home/sek519/warm_starting/vws/../vpc/lib/Cbc-trunk/buildg/lib/libOsiClp.so.0(_ZN21OsiClpSolverInterface7resolveEv+0x15dd) [0x2b9c1baa4605]
../Debug/vws(+0x1aaab8) [0x561d77268ab8]
../Debug/vws(+0x1fdc86) [0x561d772bbc86]
../Debug/vws(+0x10512c) [0x561d771c312c]
../Debug/vws(+0x103fb7) [0x561d771c1fb7]
../Debug/vws(+0x127b00) [0x561d771e5b00]
../Debug/vws(+0x79d6a) [0x561d77137d6a]
/lib/x86_64-linux-gnu/libc.so.6(__libc_start_main+0xf1) [0x2b9c1cba62e1]
../Debug/vws(+0x79259) [0x561d77137259]




ERROR while running Cbc. Signal SIGABRT caught. Getting stack trace.
/home/sek519/warm_starting/vws/../vpc/lib/Cbc-trunk/buildg/lib/libCbc.so.0(_Z15CbcCrashHandleri+0x277) [0x2b9c1bdffa4b]
/lib/x86_64-linux-gnu/libc.so.6(+0x33060) [0x2b9c1cbb9060]
/lib/x86_64-linux-gnu/libc.so.6(gsignal+0xcf) [0x2b9c1cbb8fff]
/lib/x86_64-linux-gnu/libc.so.6(abort+0x16a) [0x2b9c1cbba42a]
/home/sek519/warm_starting/vws/../vpc/lib/Cbc-trunk/buildg/lib/libCbc.so.0(_Z15CbcCrashHandleri+0x355) [0x2b9c1bdffb29]
/lib/x86_64-linux-gnu/libc.so.6(+0x33060) [0x2b9c1cbb9060]
/lib/x86_64-linux-gnu/libc.so.6(gsignal+0xcf) [0x2b9c1cbb8fff]
/lib/x86_64-linux-gnu/libc.so.6(abort+0x16a) [0x2b9c1cbba42a]
/home/sek519/miniconda/envs/vws/lib/libstdc++.so.6(_ZN9__gnu_cxx27__verbose_terminate_handlerEv+0xc0) [0x2b9c1c780026]
/home/sek519/miniconda/envs/vws/lib/libstdc++.so.6(+0xb0514) [0x2b9c1c77e514]
/home/sek519/miniconda/envs/vws/lib/libstdc++.so.6(+0xb0566) [0x2b9c1c77e566]
/home/sek519/miniconda/envs/vws/lib/libstdc++.so.6(__cxa_rethrow+0) [0x2b9c1c77e758]
/home/sek519/miniconda/envs/vws/lib/libstdc++.so.6(_Znwm+0x59) [0x2b9c1c77eb85]
/home/sek519/warm_starting/vws/../vpc/lib/Cbc-trunk/buildg/lib/libCoinUtils.so.0(_ZN16CoinPackedMatrixC2ERKS_iib+0x29f) [0x2b9c1c5d6803]
/home/sek519/warm_starting/vws/../vpc/lib/Cbc-trunk/buildg/lib/libClp.so.0(_ZNK15ClpPackedMatrix5scaleEP8ClpModelP10ClpSimplex+0x25f2) [0x2b9c1c295958]
/home/sek519/warm_starting/vws/../vpc/lib/Cbc-trunk/buildg/lib/libClp.so.0(_ZN10ClpSimplex9createRimEibi+0x1310) [0x2b9c1c3230ec]
/home/sek519/warm_starting/vws/../vpc/lib/Cbc-trunk/buildg/lib/libClp.so.0(_ZN10ClpSimplex7startupEii+0x2c0) [0x2b9c1c33dac6]
/home/sek519/warm_starting/vws/../vpc/lib/Cbc-trunk/buildg/lib/libClp.so.0(_ZN14ClpSimplexDual12startupSolveEiPdi+0x8b) [0x2b9c1c34eb3f]
/home/sek519/warm_starting/vws/../vpc/lib/Cbc-trunk/buildg/lib/libClp.so.0(_ZN14ClpSimplexDual4dualEii+0x21d) [0x2b9c1c350047]
/home/sek519/warm_starting/vws/../vpc/lib/Cbc-trunk/buildg/lib/libClp.so.0(_ZN10ClpSimplex4dualEii+0x168) [0x2b9c1c32dcee]
/home/sek519/warm_starting/vws/../vpc/lib/Cbc-trunk/buildg/lib/libOsiClp.so.0(_ZN21OsiClpSolverInterface6crunchEv+0xf1d) [0x2b9c1bac551f]
/home/sek519/warm_starting/vws/../vpc/lib/Cbc-trunk/buildg/lib/libOsiClp.so.0(_ZN21OsiClpSolverInterface7resolveEv+0x15dd) [0x2b9c1baa4605]
../Debug/vws(+0x1aaab8) [0x561d77268ab8]
../Debug/vws(+0x1fdc86) [0x561d772bbc86]
../Debug/vws(+0x10512c) [0x561d771c312c]
../Debug/vws(+0x103fb7) [0x561d771c1fb7]
../Debug/vws(+0x127b00) [0x561d771e5b00]
../Debug/vws(+0x79d6a) [0x561d77137d6a]
/lib/x86_64-linux-gnu/libc.so.6(__libc_start_main+0xf1) [0x2b9c1cba62e1]
../Debug/vws(+0x79259) [0x561d77137259]


/var/spool/torque/mom_priv/jobs/1217738.polyp1.ie.lehigh.edu.SC: line 4:  4088 Aborted                 ../Debug/vws ${INPUT_FOLDER} ${OUTPUT_FILE} ${MAX_TIME} ${GENERATOR} ${TERMS}
