terminate called after throwing an instance of 'std::bad_alloc'
  what():  std::bad_alloc


ERROR while running Cbc. Signal SIGABRT caught. Getting stack trace.
/home/sek519/warm_starting/vws/../vpc/lib/Cbc-trunk/buildg/lib/libCbc.so.0(_Z15CbcCrashHandleri+0x277) [0x2b71670c5a4b]
/lib/x86_64-linux-gnu/libc.so.6(+0x33060) [0x2b7167e7f060]
/lib/x86_64-linux-gnu/libc.so.6(gsignal+0xcf) [0x2b7167e7efff]
/lib/x86_64-linux-gnu/libc.so.6(abort+0x16a) [0x2b7167e8042a]
/home/sek519/miniconda/envs/vws/lib/libstdc++.so.6(_ZN9__gnu_cxx27__verbose_terminate_handlerEv+0xc0) [0x2b7167a46026]
/home/sek519/miniconda/envs/vws/lib/libstdc++.so.6(+0xb0514) [0x2b7167a44514]
/home/sek519/miniconda/envs/vws/lib/libstdc++.so.6(+0xb0566) [0x2b7167a44566]
/home/sek519/miniconda/envs/vws/lib/libstdc++.so.6(__cxa_rethrow+0) [0x2b7167a44758]
/home/sek519/miniconda/envs/vws/lib/libstdc++.so.6(_Znwm+0x59) [0x2b7167a44b85]
/home/sek519/warm_starting/vws/../vpc/lib/Cbc-trunk/buildg/lib/libCoinUtils.so.0(_ZN16CoinPackedMatrixC2ERKS_iib+0x646) [0x2b716789cbaa]
/home/sek519/warm_starting/vws/../vpc/lib/Cbc-trunk/buildg/lib/libClp.so.0(_ZN15ClpPackedMatrixC2ERKS_+0x70) [0x2b716754e102]
/home/sek519/warm_starting/vws/../vpc/lib/Cbc-trunk/buildg/lib/libClp.so.0(_ZNK15ClpPackedMatrix5cloneEv+0x33) [0x2b716754e7c9]
/home/sek519/warm_starting/vws/../vpc/lib/Cbc-trunk/buildg/lib/libClp.so.0(_ZN8ClpModel10gutsOfCopyERKS_i+0x815) [0x2b716751dcff]
/home/sek519/warm_starting/vws/../vpc/lib/Cbc-trunk/buildg/lib/libClp.so.0(_ZN8ClpModelC2ERKS_i+0x175) [0x2b716751d1ab]
/home/sek519/warm_starting/vws/../vpc/lib/Cbc-trunk/buildg/lib/libClp.so.0(_ZN10ClpSimplexC1ERKS_i+0x2a) [0x2b71675e3630]
/home/sek519/warm_starting/vws/../vpc/lib/Cbc-trunk/buildg/lib/libOsiClp.so.0(_ZN21OsiClpSolverInterfaceC1ERKS_+0x275) [0x2b7166d7c733]
/home/sek519/warm_starting/vws/../vpc/lib/Cbc-trunk/buildg/lib/libOsiClp.so.0(_ZNK21OsiClpSolverInterface5cloneEb+0x3e) [0x2b7166d7bb24]
../Debug/vws(+0x1f7748) [0x55c0766b1748]
../Debug/vws(+0x1fdb5f) [0x55c0766b7b5f]
../Debug/vws(+0x10512c) [0x55c0765bf12c]
../Debug/vws(+0x103fb7) [0x55c0765bdfb7]
../Debug/vws(+0x127b00) [0x55c0765e1b00]
../Debug/vws(+0x79d6a) [0x55c076533d6a]
/lib/x86_64-linux-gnu/libc.so.6(__libc_start_main+0xf1) [0x2b7167e6c2e1]
../Debug/vws(+0x79259) [0x55c076533259]




ERROR while running Cbc. Signal SIGABRT caught. Getting stack trace.
/home/sek519/warm_starting/vws/../vpc/lib/Cbc-trunk/buildg/lib/libCbc.so.0(_Z15CbcCrashHandleri+0x277) [0x2b71670c5a4b]
/lib/x86_64-linux-gnu/libc.so.6(+0x33060) [0x2b7167e7f060]
/lib/x86_64-linux-gnu/libc.so.6(gsignal+0xcf) [0x2b7167e7efff]
/lib/x86_64-linux-gnu/libc.so.6(abort+0x16a) [0x2b7167e8042a]
/home/sek519/warm_starting/vws/../vpc/lib/Cbc-trunk/buildg/lib/libCbc.so.0(_Z15CbcCrashHandleri+0x355) [0x2b71670c5b29]
/lib/x86_64-linux-gnu/libc.so.6(+0x33060) [0x2b7167e7f060]
/lib/x86_64-linux-gnu/libc.so.6(gsignal+0xcf) [0x2b7167e7efff]
/lib/x86_64-linux-gnu/libc.so.6(abort+0x16a) [0x2b7167e8042a]
/home/sek519/miniconda/envs/vws/lib/libstdc++.so.6(_ZN9__gnu_cxx27__verbose_terminate_handlerEv+0xc0) [0x2b7167a46026]
/home/sek519/miniconda/envs/vws/lib/libstdc++.so.6(+0xb0514) [0x2b7167a44514]
/home/sek519/miniconda/envs/vws/lib/libstdc++.so.6(+0xb0566) [0x2b7167a44566]
/home/sek519/miniconda/envs/vws/lib/libstdc++.so.6(__cxa_rethrow+0) [0x2b7167a44758]
/home/sek519/miniconda/envs/vws/lib/libstdc++.so.6(_Znwm+0x59) [0x2b7167a44b85]
/home/sek519/warm_starting/vws/../vpc/lib/Cbc-trunk/buildg/lib/libCoinUtils.so.0(_ZN16CoinPackedMatrixC2ERKS_iib+0x646) [0x2b716789cbaa]
/home/sek519/warm_starting/vws/../vpc/lib/Cbc-trunk/buildg/lib/libClp.so.0(_ZN15ClpPackedMatrixC2ERKS_+0x70) [0x2b716754e102]
/home/sek519/warm_starting/vws/../vpc/lib/Cbc-trunk/buildg/lib/libClp.so.0(_ZNK15ClpPackedMatrix5cloneEv+0x33) [0x2b716754e7c9]
/home/sek519/warm_starting/vws/../vpc/lib/Cbc-trunk/buildg/lib/libClp.so.0(_ZN8ClpModel10gutsOfCopyERKS_i+0x815) [0x2b716751dcff]
/home/sek519/warm_starting/vws/../vpc/lib/Cbc-trunk/buildg/lib/libClp.so.0(_ZN8ClpModelC2ERKS_i+0x175) [0x2b716751d1ab]
/home/sek519/warm_starting/vws/../vpc/lib/Cbc-trunk/buildg/lib/libClp.so.0(_ZN10ClpSimplexC1ERKS_i+0x2a) [0x2b71675e3630]
/home/sek519/warm_starting/vws/../vpc/lib/Cbc-trunk/buildg/lib/libOsiClp.so.0(_ZN21OsiClpSolverInterfaceC1ERKS_+0x275) [0x2b7166d7c733]
/home/sek519/warm_starting/vws/../vpc/lib/Cbc-trunk/buildg/lib/libOsiClp.so.0(_ZNK21OsiClpSolverInterface5cloneEb+0x3e) [0x2b7166d7bb24]
../Debug/vws(+0x1f7748) [0x55c0766b1748]
../Debug/vws(+0x1fdb5f) [0x55c0766b7b5f]
../Debug/vws(+0x10512c) [0x55c0765bf12c]
../Debug/vws(+0x103fb7) [0x55c0765bdfb7]
../Debug/vws(+0x127b00) [0x55c0765e1b00]
../Debug/vws(+0x79d6a) [0x55c076533d6a]
/lib/x86_64-linux-gnu/libc.so.6(__libc_start_main+0xf1) [0x2b7167e6c2e1]
../Debug/vws(+0x79259) [0x55c076533259]


/var/spool/torque/mom_priv/jobs/1218646.polyp1.ie.lehigh.edu.SC: line 4:  2357 Aborted                 (core dumped) ../Debug/vws ${INPUT_FOLDER} ${OUTPUT_FILE} ${MAX_TIME} ${GENERATOR} ${TERMS}
