terminate called after throwing an instance of 'std::bad_alloc'
  what():  std::bad_alloc


ERROR while running Cbc. Signal SIGABRT caught. Getting stack trace.
/home/sek519/warm_starting/vws/../vpc/lib/Cbc-trunk/buildg/lib/libCbc.so.0(_Z15CbcCrashHandleri+0x277) [0x2b85feb93a4b]
/lib/x86_64-linux-gnu/libc.so.6(+0x33060) [0x2b85ff94d060]
/lib/x86_64-linux-gnu/libc.so.6(gsignal+0xcf) [0x2b85ff94cfff]
/lib/x86_64-linux-gnu/libc.so.6(abort+0x16a) [0x2b85ff94e42a]
/home/sek519/miniconda/envs/vws/lib/libstdc++.so.6(_ZN9__gnu_cxx27__verbose_terminate_handlerEv+0xc0) [0x2b85ff514026]
/home/sek519/miniconda/envs/vws/lib/libstdc++.so.6(+0xb0514) [0x2b85ff512514]
/home/sek519/miniconda/envs/vws/lib/libstdc++.so.6(+0xb0566) [0x2b85ff512566]
/home/sek519/miniconda/envs/vws/lib/libstdc++.so.6(__cxa_rethrow+0) [0x2b85ff512758]
/home/sek519/miniconda/envs/vws/lib/libstdc++.so.6(_Znwm+0x59) [0x2b85ff512b85]
/home/sek519/warm_starting/vws/../vpc/lib/Cbc-trunk/buildg/lib/libCoinUtils.so.0(_ZN16CoinPackedMatrixC2ERKS_iib+0x646) [0x2b85ff36abaa]
/home/sek519/warm_starting/vws/../vpc/lib/Cbc-trunk/buildg/lib/libClp.so.0(_ZN15ClpPackedMatrixC2ERKS_+0x70) [0x2b85ff01c102]
/home/sek519/warm_starting/vws/../vpc/lib/Cbc-trunk/buildg/lib/libClp.so.0(_ZNK15ClpPackedMatrix5cloneEv+0x33) [0x2b85ff01c7c9]
/home/sek519/warm_starting/vws/../vpc/lib/Cbc-trunk/buildg/lib/libClp.so.0(_ZN8ClpModel10gutsOfCopyERKS_i+0x815) [0x2b85fefebcff]
/home/sek519/warm_starting/vws/../vpc/lib/Cbc-trunk/buildg/lib/libClp.so.0(_ZN8ClpModelC2ERKS_i+0x175) [0x2b85fefeb1ab]
/home/sek519/warm_starting/vws/../vpc/lib/Cbc-trunk/buildg/lib/libClp.so.0(_ZN10ClpSimplexC1ERKS_i+0x2a) [0x2b85ff0b1630]
/home/sek519/warm_starting/vws/../vpc/lib/Cbc-trunk/buildg/lib/libOsiClp.so.0(_ZN21OsiClpSolverInterfaceC1ERKS_+0x275) [0x2b85fe84a733]
/home/sek519/warm_starting/vws/../vpc/lib/Cbc-trunk/buildg/lib/libOsiClp.so.0(_ZNK21OsiClpSolverInterface5cloneEb+0x3e) [0x2b85fe849b24]
../Debug/vws(+0x1f7748) [0x55c831b4a748]
../Debug/vws(+0x1fdb5f) [0x55c831b50b5f]
../Debug/vws(+0x10512c) [0x55c831a5812c]
../Debug/vws(+0x103fb7) [0x55c831a56fb7]
../Debug/vws(+0x127b00) [0x55c831a7ab00]
../Debug/vws(+0x79d6a) [0x55c8319ccd6a]
/lib/x86_64-linux-gnu/libc.so.6(__libc_start_main+0xf1) [0x2b85ff93a2e1]
../Debug/vws(+0x79259) [0x55c8319cc259]




ERROR while running Cbc. Signal SIGABRT caught. Getting stack trace.
/home/sek519/warm_starting/vws/../vpc/lib/Cbc-trunk/buildg/lib/libCbc.so.0(_Z15CbcCrashHandleri+0x277) [0x2b85feb93a4b]
/lib/x86_64-linux-gnu/libc.so.6(+0x33060) [0x2b85ff94d060]
/lib/x86_64-linux-gnu/libc.so.6(gsignal+0xcf) [0x2b85ff94cfff]
/lib/x86_64-linux-gnu/libc.so.6(abort+0x16a) [0x2b85ff94e42a]
/home/sek519/warm_starting/vws/../vpc/lib/Cbc-trunk/buildg/lib/libCbc.so.0(_Z15CbcCrashHandleri+0x355) [0x2b85feb93b29]
/lib/x86_64-linux-gnu/libc.so.6(+0x33060) [0x2b85ff94d060]
/lib/x86_64-linux-gnu/libc.so.6(gsignal+0xcf) [0x2b85ff94cfff]
/lib/x86_64-linux-gnu/libc.so.6(abort+0x16a) [0x2b85ff94e42a]
/home/sek519/miniconda/envs/vws/lib/libstdc++.so.6(_ZN9__gnu_cxx27__verbose_terminate_handlerEv+0xc0) [0x2b85ff514026]
/home/sek519/miniconda/envs/vws/lib/libstdc++.so.6(+0xb0514) [0x2b85ff512514]
/home/sek519/miniconda/envs/vws/lib/libstdc++.so.6(+0xb0566) [0x2b85ff512566]
/home/sek519/miniconda/envs/vws/lib/libstdc++.so.6(__cxa_rethrow+0) [0x2b85ff512758]
/home/sek519/miniconda/envs/vws/lib/libstdc++.so.6(_Znwm+0x59) [0x2b85ff512b85]
/home/sek519/warm_starting/vws/../vpc/lib/Cbc-trunk/buildg/lib/libCoinUtils.so.0(_ZN16CoinPackedMatrixC2ERKS_iib+0x646) [0x2b85ff36abaa]
/home/sek519/warm_starting/vws/../vpc/lib/Cbc-trunk/buildg/lib/libClp.so.0(_ZN15ClpPackedMatrixC2ERKS_+0x70) [0x2b85ff01c102]
/home/sek519/warm_starting/vws/../vpc/lib/Cbc-trunk/buildg/lib/libClp.so.0(_ZNK15ClpPackedMatrix5cloneEv+0x33) [0x2b85ff01c7c9]
/home/sek519/warm_starting/vws/../vpc/lib/Cbc-trunk/buildg/lib/libClp.so.0(_ZN8ClpModel10gutsOfCopyERKS_i+0x815) [0x2b85fefebcff]
/home/sek519/warm_starting/vws/../vpc/lib/Cbc-trunk/buildg/lib/libClp.so.0(_ZN8ClpModelC2ERKS_i+0x175) [0x2b85fefeb1ab]
/home/sek519/warm_starting/vws/../vpc/lib/Cbc-trunk/buildg/lib/libClp.so.0(_ZN10ClpSimplexC1ERKS_i+0x2a) [0x2b85ff0b1630]
/home/sek519/warm_starting/vws/../vpc/lib/Cbc-trunk/buildg/lib/libOsiClp.so.0(_ZN21OsiClpSolverInterfaceC1ERKS_+0x275) [0x2b85fe84a733]
/home/sek519/warm_starting/vws/../vpc/lib/Cbc-trunk/buildg/lib/libOsiClp.so.0(_ZNK21OsiClpSolverInterface5cloneEb+0x3e) [0x2b85fe849b24]
../Debug/vws(+0x1f7748) [0x55c831b4a748]
../Debug/vws(+0x1fdb5f) [0x55c831b50b5f]
../Debug/vws(+0x10512c) [0x55c831a5812c]
../Debug/vws(+0x103fb7) [0x55c831a56fb7]
../Debug/vws(+0x127b00) [0x55c831a7ab00]
../Debug/vws(+0x79d6a) [0x55c8319ccd6a]
/lib/x86_64-linux-gnu/libc.so.6(__libc_start_main+0xf1) [0x2b85ff93a2e1]
../Debug/vws(+0x79259) [0x55c8319cc259]


/var/spool/torque/mom_priv/jobs/1217946.polyp1.ie.lehigh.edu.SC: line 4:  5901 Aborted                 ../Debug/vws ${INPUT_FOLDER} ${OUTPUT_FILE} ${MAX_TIME} ${GENERATOR} ${TERMS}
