terminate called after throwing an instance of 'std::bad_alloc'
  what():  std::bad_alloc


ERROR while running Cbc. Signal SIGABRT caught. Getting stack trace.
/home/sek519/warm_starting/vws/../vpc/lib/Cbc-trunk/buildg/lib/libCbc.so.0(_Z15CbcCrashHandleri+0x277) [0x2b0008bb6a4b]
/lib/x86_64-linux-gnu/libc.so.6(+0x33060) [0x2b0009970060]
/lib/x86_64-linux-gnu/libc.so.6(gsignal+0xcf) [0x2b000996ffff]
/lib/x86_64-linux-gnu/libc.so.6(abort+0x16a) [0x2b000997142a]
/home/sek519/miniconda/envs/vws/lib/libstdc++.so.6(_ZN9__gnu_cxx27__verbose_terminate_handlerEv+0xc0) [0x2b0009537026]
/home/sek519/miniconda/envs/vws/lib/libstdc++.so.6(+0xb0514) [0x2b0009535514]
/home/sek519/miniconda/envs/vws/lib/libstdc++.so.6(+0xb0566) [0x2b0009535566]
/home/sek519/miniconda/envs/vws/lib/libstdc++.so.6(__cxa_rethrow+0) [0x2b0009535758]
/home/sek519/miniconda/envs/vws/lib/libstdc++.so.6(_Znwm+0x59) [0x2b0009535b85]
/home/sek519/warm_starting/vws/../vpc/lib/Cbc-trunk/buildg/lib/libCoinUtils.so.0(_ZN16CoinPackedMatrixC2ERKS_iib+0x646) [0x2b000938dbaa]
/home/sek519/warm_starting/vws/../vpc/lib/Cbc-trunk/buildg/lib/libClp.so.0(_ZN15ClpPackedMatrixC2ERKS_+0x70) [0x2b000903f102]
/home/sek519/warm_starting/vws/../vpc/lib/Cbc-trunk/buildg/lib/libClp.so.0(_ZNK15ClpPackedMatrix5cloneEv+0x33) [0x2b000903f7c9]
/home/sek519/warm_starting/vws/../vpc/lib/Cbc-trunk/buildg/lib/libClp.so.0(_ZN8ClpModel10gutsOfCopyERKS_i+0x815) [0x2b000900ecff]
/home/sek519/warm_starting/vws/../vpc/lib/Cbc-trunk/buildg/lib/libClp.so.0(_ZN8ClpModelC2ERKS_i+0x175) [0x2b000900e1ab]
/home/sek519/warm_starting/vws/../vpc/lib/Cbc-trunk/buildg/lib/libClp.so.0(_ZN10ClpSimplexC1ERKS_i+0x2a) [0x2b00090d4630]
/home/sek519/warm_starting/vws/../vpc/lib/Cbc-trunk/buildg/lib/libOsiClp.so.0(_ZN21OsiClpSolverInterfaceC1ERKS_+0x275) [0x2b000886d733]
/home/sek519/warm_starting/vws/../vpc/lib/Cbc-trunk/buildg/lib/libOsiClp.so.0(_ZNK21OsiClpSolverInterface5cloneEb+0x3e) [0x2b000886cb24]
../Debug/vws(+0x1f7748) [0x5583bfe83748]
../Debug/vws(+0x1fdb5f) [0x5583bfe89b5f]
../Debug/vws(+0x10512c) [0x5583bfd9112c]
../Debug/vws(+0x103fb7) [0x5583bfd8ffb7]
../Debug/vws(+0x127b00) [0x5583bfdb3b00]
../Debug/vws(+0x79d6a) [0x5583bfd05d6a]
/lib/x86_64-linux-gnu/libc.so.6(__libc_start_main+0xf1) [0x2b000995d2e1]
../Debug/vws(+0x79259) [0x5583bfd05259]




ERROR while running Cbc. Signal SIGABRT caught. Getting stack trace.
/home/sek519/warm_starting/vws/../vpc/lib/Cbc-trunk/buildg/lib/libCbc.so.0(_Z15CbcCrashHandleri+0x277) [0x2b0008bb6a4b]
/lib/x86_64-linux-gnu/libc.so.6(+0x33060) [0x2b0009970060]
/lib/x86_64-linux-gnu/libc.so.6(gsignal+0xcf) [0x2b000996ffff]
/lib/x86_64-linux-gnu/libc.so.6(abort+0x16a) [0x2b000997142a]
/home/sek519/warm_starting/vws/../vpc/lib/Cbc-trunk/buildg/lib/libCbc.so.0(_Z15CbcCrashHandleri+0x355) [0x2b0008bb6b29]
/lib/x86_64-linux-gnu/libc.so.6(+0x33060) [0x2b0009970060]
/lib/x86_64-linux-gnu/libc.so.6(gsignal+0xcf) [0x2b000996ffff]
/lib/x86_64-linux-gnu/libc.so.6(abort+0x16a) [0x2b000997142a]
/home/sek519/miniconda/envs/vws/lib/libstdc++.so.6(_ZN9__gnu_cxx27__verbose_terminate_handlerEv+0xc0) [0x2b0009537026]
/home/sek519/miniconda/envs/vws/lib/libstdc++.so.6(+0xb0514) [0x2b0009535514]
/home/sek519/miniconda/envs/vws/lib/libstdc++.so.6(+0xb0566) [0x2b0009535566]
/home/sek519/miniconda/envs/vws/lib/libstdc++.so.6(__cxa_rethrow+0) [0x2b0009535758]
/home/sek519/miniconda/envs/vws/lib/libstdc++.so.6(_Znwm+0x59) [0x2b0009535b85]
/home/sek519/warm_starting/vws/../vpc/lib/Cbc-trunk/buildg/lib/libCoinUtils.so.0(_ZN16CoinPackedMatrixC2ERKS_iib+0x646) [0x2b000938dbaa]
/home/sek519/warm_starting/vws/../vpc/lib/Cbc-trunk/buildg/lib/libClp.so.0(_ZN15ClpPackedMatrixC2ERKS_+0x70) [0x2b000903f102]
/home/sek519/warm_starting/vws/../vpc/lib/Cbc-trunk/buildg/lib/libClp.so.0(_ZNK15ClpPackedMatrix5cloneEv+0x33) [0x2b000903f7c9]
/home/sek519/warm_starting/vws/../vpc/lib/Cbc-trunk/buildg/lib/libClp.so.0(_ZN8ClpModel10gutsOfCopyERKS_i+0x815) [0x2b000900ecff]
/home/sek519/warm_starting/vws/../vpc/lib/Cbc-trunk/buildg/lib/libClp.so.0(_ZN8ClpModelC2ERKS_i+0x175) [0x2b000900e1ab]
/home/sek519/warm_starting/vws/../vpc/lib/Cbc-trunk/buildg/lib/libClp.so.0(_ZN10ClpSimplexC1ERKS_i+0x2a) [0x2b00090d4630]
/home/sek519/warm_starting/vws/../vpc/lib/Cbc-trunk/buildg/lib/libOsiClp.so.0(_ZN21OsiClpSolverInterfaceC1ERKS_+0x275) [0x2b000886d733]
/home/sek519/warm_starting/vws/../vpc/lib/Cbc-trunk/buildg/lib/libOsiClp.so.0(_ZNK21OsiClpSolverInterface5cloneEb+0x3e) [0x2b000886cb24]
../Debug/vws(+0x1f7748) [0x5583bfe83748]
../Debug/vws(+0x1fdb5f) [0x5583bfe89b5f]
../Debug/vws(+0x10512c) [0x5583bfd9112c]
../Debug/vws(+0x103fb7) [0x5583bfd8ffb7]
../Debug/vws(+0x127b00) [0x5583bfdb3b00]
../Debug/vws(+0x79d6a) [0x5583bfd05d6a]
/lib/x86_64-linux-gnu/libc.so.6(__libc_start_main+0xf1) [0x2b000995d2e1]
../Debug/vws(+0x79259) [0x5583bfd05259]


/var/spool/torque/mom_priv/jobs/1217762.polyp1.ie.lehigh.edu.SC: line 4: 14740 Aborted                 ../Debug/vws ${INPUT_FOLDER} ${OUTPUT_FILE} ${MAX_TIME} ${GENERATOR} ${TERMS}
