terminate called after throwing an instance of 'std::bad_alloc'
  what():  std::bad_alloc


ERROR while running Cbc. Signal SIGABRT caught. Getting stack trace.
/home/sek519/warm_starting/vws/../vpc/lib/Cbc-trunk/buildg/lib/libCbc.so.0(_Z15CbcCrashHandleri+0x277) [0x2b4f8aca3a4b]
/lib/x86_64-linux-gnu/libc.so.6(+0x33060) [0x2b4f8ba5d060]
/lib/x86_64-linux-gnu/libc.so.6(gsignal+0xcf) [0x2b4f8ba5cfff]
/lib/x86_64-linux-gnu/libc.so.6(abort+0x16a) [0x2b4f8ba5e42a]
/home/sek519/miniconda/envs/vws/lib/libstdc++.so.6(_ZN9__gnu_cxx27__verbose_terminate_handlerEv+0xc0) [0x2b4f8b624026]
/home/sek519/miniconda/envs/vws/lib/libstdc++.so.6(+0xb0514) [0x2b4f8b622514]
/home/sek519/miniconda/envs/vws/lib/libstdc++.so.6(+0xb0566) [0x2b4f8b622566]
/home/sek519/miniconda/envs/vws/lib/libstdc++.so.6(__cxa_rethrow+0) [0x2b4f8b622758]
/home/sek519/miniconda/envs/vws/lib/libstdc++.so.6(_Znwm+0x59) [0x2b4f8b622b85]
/home/sek519/warm_starting/vws/../vpc/lib/Cbc-trunk/buildg/lib/libCoinUtils.so.0(_ZN16CoinPackedMatrix20reverseOrderedCopyOfERKS_+0x54d) [0x2b4f8b475bdd]
/home/sek519/warm_starting/vws/../vpc/lib/Cbc-trunk/buildg/lib/libClp.so.0(_ZNK15ClpPackedMatrix18reverseOrderedCopyEv+0xa6) [0x2b4f8b12cbfc]
/home/sek519/warm_starting/vws/../vpc/lib/Cbc-trunk/buildg/lib/libClp.so.0(_ZN10ClpSimplex9createRimEibi+0xecc) [0x2b4f8b1c6ca8]
/home/sek519/warm_starting/vws/../vpc/lib/Cbc-trunk/buildg/lib/libClp.so.0(_ZN10ClpSimplex7startupEii+0x2c0) [0x2b4f8b1e1ac6]
/home/sek519/warm_starting/vws/../vpc/lib/Cbc-trunk/buildg/lib/libClp.so.0(_ZN14ClpSimplexDual12startupSolveEiPdi+0x8b) [0x2b4f8b1f2b3f]
/home/sek519/warm_starting/vws/../vpc/lib/Cbc-trunk/buildg/lib/libClp.so.0(_ZN14ClpSimplexDual4dualEii+0x21d) [0x2b4f8b1f4047]
/home/sek519/warm_starting/vws/../vpc/lib/Cbc-trunk/buildg/lib/libClp.so.0(_ZN10ClpSimplex4dualEii+0x168) [0x2b4f8b1d1cee]
/home/sek519/warm_starting/vws/../vpc/lib/Cbc-trunk/buildg/lib/libOsiClp.so.0(_ZN21OsiClpSolverInterface6crunchEv+0xf1d) [0x2b4f8a96951f]
/home/sek519/warm_starting/vws/../vpc/lib/Cbc-trunk/buildg/lib/libOsiClp.so.0(_ZN21OsiClpSolverInterface7resolveEv+0x15dd) [0x2b4f8a948605]
../Debug/vws(+0x1aa824) [0x555e68529824]
../Debug/vws(+0x1fdc86) [0x555e6857cc86]
../Debug/vws(+0x10512c) [0x555e6848412c]
../Debug/vws(+0x103fb7) [0x555e68482fb7]
../Debug/vws(+0x127b00) [0x555e684a6b00]
../Debug/vws(+0x79d6a) [0x555e683f8d6a]
/lib/x86_64-linux-gnu/libc.so.6(__libc_start_main+0xf1) [0x2b4f8ba4a2e1]
../Debug/vws(+0x79259) [0x555e683f8259]




ERROR while running Cbc. Signal SIGABRT caught. Getting stack trace.
/home/sek519/warm_starting/vws/../vpc/lib/Cbc-trunk/buildg/lib/libCbc.so.0(_Z15CbcCrashHandleri+0x277) [0x2b4f8aca3a4b]
/lib/x86_64-linux-gnu/libc.so.6(+0x33060) [0x2b4f8ba5d060]
/lib/x86_64-linux-gnu/libc.so.6(gsignal+0xcf) [0x2b4f8ba5cfff]
/lib/x86_64-linux-gnu/libc.so.6(abort+0x16a) [0x2b4f8ba5e42a]
/home/sek519/warm_starting/vws/../vpc/lib/Cbc-trunk/buildg/lib/libCbc.so.0(_Z15CbcCrashHandleri+0x355) [0x2b4f8aca3b29]
/lib/x86_64-linux-gnu/libc.so.6(+0x33060) [0x2b4f8ba5d060]
/lib/x86_64-linux-gnu/libc.so.6(gsignal+0xcf) [0x2b4f8ba5cfff]
/lib/x86_64-linux-gnu/libc.so.6(abort+0x16a) [0x2b4f8ba5e42a]
/home/sek519/miniconda/envs/vws/lib/libstdc++.so.6(_ZN9__gnu_cxx27__verbose_terminate_handlerEv+0xc0) [0x2b4f8b624026]
/home/sek519/miniconda/envs/vws/lib/libstdc++.so.6(+0xb0514) [0x2b4f8b622514]
/home/sek519/miniconda/envs/vws/lib/libstdc++.so.6(+0xb0566) [0x2b4f8b622566]
/home/sek519/miniconda/envs/vws/lib/libstdc++.so.6(__cxa_rethrow+0) [0x2b4f8b622758]
/home/sek519/miniconda/envs/vws/lib/libstdc++.so.6(_Znwm+0x59) [0x2b4f8b622b85]
/home/sek519/warm_starting/vws/../vpc/lib/Cbc-trunk/buildg/lib/libCoinUtils.so.0(_ZN16CoinPackedMatrix20reverseOrderedCopyOfERKS_+0x54d) [0x2b4f8b475bdd]
/home/sek519/warm_starting/vws/../vpc/lib/Cbc-trunk/buildg/lib/libClp.so.0(_ZNK15ClpPackedMatrix18reverseOrderedCopyEv+0xa6) [0x2b4f8b12cbfc]
/home/sek519/warm_starting/vws/../vpc/lib/Cbc-trunk/buildg/lib/libClp.so.0(_ZN10ClpSimplex9createRimEibi+0xecc) [0x2b4f8b1c6ca8]
/home/sek519/warm_starting/vws/../vpc/lib/Cbc-trunk/buildg/lib/libClp.so.0(_ZN10ClpSimplex7startupEii+0x2c0) [0x2b4f8b1e1ac6]
/home/sek519/warm_starting/vws/../vpc/lib/Cbc-trunk/buildg/lib/libClp.so.0(_ZN14ClpSimplexDual12startupSolveEiPdi+0x8b) [0x2b4f8b1f2b3f]
/home/sek519/warm_starting/vws/../vpc/lib/Cbc-trunk/buildg/lib/libClp.so.0(_ZN14ClpSimplexDual4dualEii+0x21d) [0x2b4f8b1f4047]
/home/sek519/warm_starting/vws/../vpc/lib/Cbc-trunk/buildg/lib/libClp.so.0(_ZN10ClpSimplex4dualEii+0x168) [0x2b4f8b1d1cee]
/home/sek519/warm_starting/vws/../vpc/lib/Cbc-trunk/buildg/lib/libOsiClp.so.0(_ZN21OsiClpSolverInterface6crunchEv+0xf1d) [0x2b4f8a96951f]
/home/sek519/warm_starting/vws/../vpc/lib/Cbc-trunk/buildg/lib/libOsiClp.so.0(_ZN21OsiClpSolverInterface7resolveEv+0x15dd) [0x2b4f8a948605]
../Debug/vws(+0x1aa824) [0x555e68529824]
../Debug/vws(+0x1fdc86) [0x555e6857cc86]
../Debug/vws(+0x10512c) [0x555e6848412c]
../Debug/vws(+0x103fb7) [0x555e68482fb7]
../Debug/vws(+0x127b00) [0x555e684a6b00]
../Debug/vws(+0x79d6a) [0x555e683f8d6a]
/lib/x86_64-linux-gnu/libc.so.6(__libc_start_main+0xf1) [0x2b4f8ba4a2e1]
../Debug/vws(+0x79259) [0x555e683f8259]


/var/spool/torque/mom_priv/jobs/1217974.polyp1.ie.lehigh.edu.SC: line 4: 12610 Aborted                 ../Debug/vws ${INPUT_FOLDER} ${OUTPUT_FILE} ${MAX_TIME} ${GENERATOR} ${TERMS}
