terminate called after throwing an instance of 'std::bad_alloc'
  what():  std::bad_alloc


ERROR while running Cbc. Signal SIGABRT caught. Getting stack trace.
/home/sek519/warm_starting/vws/../vpc/lib/Cbc-trunk/buildg/lib/libCbc.so.0(_Z15CbcCrashHandleri+0x277) [0x2b8936ba2a4b]
/lib/x86_64-linux-gnu/libc.so.6(+0x33060) [0x2b893795c060]
/lib/x86_64-linux-gnu/libc.so.6(gsignal+0xcf) [0x2b893795bfff]
/lib/x86_64-linux-gnu/libc.so.6(abort+0x16a) [0x2b893795d42a]
/home/sek519/miniconda/envs/vws/lib/libstdc++.so.6(_ZN9__gnu_cxx27__verbose_terminate_handlerEv+0xc0) [0x2b8937523026]
/home/sek519/miniconda/envs/vws/lib/libstdc++.so.6(+0xb0514) [0x2b8937521514]
/home/sek519/miniconda/envs/vws/lib/libstdc++.so.6(+0xb0566) [0x2b8937521566]
/home/sek519/miniconda/envs/vws/lib/libstdc++.so.6(__cxa_rethrow+0) [0x2b8937521758]
/home/sek519/miniconda/envs/vws/lib/libstdc++.so.6(_Znwm+0x59) [0x2b8937521b85]
/home/sek519/warm_starting/vws/../vpc/lib/Cbc-trunk/buildg/lib/libCoinUtils.so.0(_ZN16CoinPackedMatrix20reverseOrderedCopyOfERKS_+0x517) [0x2b8937374ba7]
/home/sek519/warm_starting/vws/../vpc/lib/Cbc-trunk/buildg/lib/libClp.so.0(_ZNK15ClpPackedMatrix18reverseOrderedCopyEv+0xa6) [0x2b893702bbfc]
/home/sek519/warm_starting/vws/../vpc/lib/Cbc-trunk/buildg/lib/libClp.so.0(_ZN10ClpSimplex9createRimEibi+0xecc) [0x2b89370c5ca8]
/home/sek519/warm_starting/vws/../vpc/lib/Cbc-trunk/buildg/lib/libClp.so.0(_ZN10ClpSimplex7startupEii+0x2c0) [0x2b89370e0ac6]
/home/sek519/warm_starting/vws/../vpc/lib/Cbc-trunk/buildg/lib/libClp.so.0(_ZN14ClpSimplexDual12startupSolveEiPdi+0x8b) [0x2b89370f1b3f]
/home/sek519/warm_starting/vws/../vpc/lib/Cbc-trunk/buildg/lib/libClp.so.0(_ZN14ClpSimplexDual4dualEii+0x21d) [0x2b89370f3047]
/home/sek519/warm_starting/vws/../vpc/lib/Cbc-trunk/buildg/lib/libClp.so.0(_ZN10ClpSimplex4dualEii+0x168) [0x2b89370d0cee]
/home/sek519/warm_starting/vws/../vpc/lib/Cbc-trunk/buildg/lib/libOsiClp.so.0(_ZN21OsiClpSolverInterface6crunchEv+0xf1d) [0x2b893686851f]
/home/sek519/warm_starting/vws/../vpc/lib/Cbc-trunk/buildg/lib/libOsiClp.so.0(_ZN21OsiClpSolverInterface7resolveEv+0x15dd) [0x2b8936847605]
../Debug/vws(+0x1aa824) [0x56308446c824]
../Debug/vws(+0x1fdc86) [0x5630844bfc86]
../Debug/vws(+0x10512c) [0x5630843c712c]
../Debug/vws(+0x103fb7) [0x5630843c5fb7]
../Debug/vws(+0x127b00) [0x5630843e9b00]
../Debug/vws(+0x79d6a) [0x56308433bd6a]
/lib/x86_64-linux-gnu/libc.so.6(__libc_start_main+0xf1) [0x2b89379492e1]
../Debug/vws(+0x79259) [0x56308433b259]




ERROR while running Cbc. Signal SIGABRT caught. Getting stack trace.
/home/sek519/warm_starting/vws/../vpc/lib/Cbc-trunk/buildg/lib/libCbc.so.0(_Z15CbcCrashHandleri+0x277) [0x2b8936ba2a4b]
/lib/x86_64-linux-gnu/libc.so.6(+0x33060) [0x2b893795c060]
/lib/x86_64-linux-gnu/libc.so.6(gsignal+0xcf) [0x2b893795bfff]
/lib/x86_64-linux-gnu/libc.so.6(abort+0x16a) [0x2b893795d42a]
/home/sek519/warm_starting/vws/../vpc/lib/Cbc-trunk/buildg/lib/libCbc.so.0(_Z15CbcCrashHandleri+0x355) [0x2b8936ba2b29]
/lib/x86_64-linux-gnu/libc.so.6(+0x33060) [0x2b893795c060]
/lib/x86_64-linux-gnu/libc.so.6(gsignal+0xcf) [0x2b893795bfff]
/lib/x86_64-linux-gnu/libc.so.6(abort+0x16a) [0x2b893795d42a]
/home/sek519/miniconda/envs/vws/lib/libstdc++.so.6(_ZN9__gnu_cxx27__verbose_terminate_handlerEv+0xc0) [0x2b8937523026]
/home/sek519/miniconda/envs/vws/lib/libstdc++.so.6(+0xb0514) [0x2b8937521514]
/home/sek519/miniconda/envs/vws/lib/libstdc++.so.6(+0xb0566) [0x2b8937521566]
/home/sek519/miniconda/envs/vws/lib/libstdc++.so.6(__cxa_rethrow+0) [0x2b8937521758]
/home/sek519/miniconda/envs/vws/lib/libstdc++.so.6(_Znwm+0x59) [0x2b8937521b85]
/home/sek519/warm_starting/vws/../vpc/lib/Cbc-trunk/buildg/lib/libCoinUtils.so.0(_ZN16CoinPackedMatrix20reverseOrderedCopyOfERKS_+0x517) [0x2b8937374ba7]
/home/sek519/warm_starting/vws/../vpc/lib/Cbc-trunk/buildg/lib/libClp.so.0(_ZNK15ClpPackedMatrix18reverseOrderedCopyEv+0xa6) [0x2b893702bbfc]
/home/sek519/warm_starting/vws/../vpc/lib/Cbc-trunk/buildg/lib/libClp.so.0(_ZN10ClpSimplex9createRimEibi+0xecc) [0x2b89370c5ca8]
/home/sek519/warm_starting/vws/../vpc/lib/Cbc-trunk/buildg/lib/libClp.so.0(_ZN10ClpSimplex7startupEii+0x2c0) [0x2b89370e0ac6]
/home/sek519/warm_starting/vws/../vpc/lib/Cbc-trunk/buildg/lib/libClp.so.0(_ZN14ClpSimplexDual12startupSolveEiPdi+0x8b) [0x2b89370f1b3f]
/home/sek519/warm_starting/vws/../vpc/lib/Cbc-trunk/buildg/lib/libClp.so.0(_ZN14ClpSimplexDual4dualEii+0x21d) [0x2b89370f3047]
/home/sek519/warm_starting/vws/../vpc/lib/Cbc-trunk/buildg/lib/libClp.so.0(_ZN10ClpSimplex4dualEii+0x168) [0x2b89370d0cee]
/home/sek519/warm_starting/vws/../vpc/lib/Cbc-trunk/buildg/lib/libOsiClp.so.0(_ZN21OsiClpSolverInterface6crunchEv+0xf1d) [0x2b893686851f]
/home/sek519/warm_starting/vws/../vpc/lib/Cbc-trunk/buildg/lib/libOsiClp.so.0(_ZN21OsiClpSolverInterface7resolveEv+0x15dd) [0x2b8936847605]
../Debug/vws(+0x1aa824) [0x56308446c824]
../Debug/vws(+0x1fdc86) [0x5630844bfc86]
../Debug/vws(+0x10512c) [0x5630843c712c]
../Debug/vws(+0x103fb7) [0x5630843c5fb7]
../Debug/vws(+0x127b00) [0x5630843e9b00]
../Debug/vws(+0x79d6a) [0x56308433bd6a]
/lib/x86_64-linux-gnu/libc.so.6(__libc_start_main+0xf1) [0x2b89379492e1]
../Debug/vws(+0x79259) [0x56308433b259]


/var/spool/torque/mom_priv/jobs/1217758.polyp1.ie.lehigh.edu.SC: line 4: 26129 Aborted                 (core dumped) ../Debug/vws ${INPUT_FOLDER} ${OUTPUT_FILE} ${MAX_TIME} ${GENERATOR} ${TERMS}
