*** WARNING (version #870a55a): /home/sek519/warm_starting/vws/../vpc/src/cut/PRLP.cpp:387: PRLP is primal infeasible; giving up on this point-ray collection.
[WARNING] No vpcs were made from a new disjunction. Stopping series.
vws: /home/sek519/warm_starting/vws/../vpc/src/utility/utility.cpp:651: void verify(bool, const std::string&): Assertion `false' failed.


ERROR while running Cbc. Signal SIGABRT caught. Getting stack trace.
/home/sek519/warm_starting/vws/../vpc/lib/Cbc-trunk/buildg/lib/libCbc.so.0(_Z15CbcCrashHandleri+0x277) [0x2b3aa61d6a4b]
/lib/x86_64-linux-gnu/libc.so.6(+0x33060) [0x2b3aa6f90060]
/lib/x86_64-linux-gnu/libc.so.6(gsignal+0xcf) [0x2b3aa6f8ffff]
/lib/x86_64-linux-gnu/libc.so.6(abort+0x16a) [0x2b3aa6f9142a]
/lib/x86_64-linux-gnu/libc.so.6(+0x2be67) [0x2b3aa6f88e67]
/lib/x86_64-linux-gnu/libc.so.6(+0x2bf12) [0x2b3aa6f88f12]
../Debug/vws(+0x1b0427) [0x5609235f2427]
../Debug/vws(+0x127bb8) [0x560923569bb8]
../Debug/vws(+0x79d6a) [0x5609234bbd6a]
/lib/x86_64-linux-gnu/libc.so.6(__libc_start_main+0xf1) [0x2b3aa6f7d2e1]
../Debug/vws(+0x79259) [0x5609234bb259]




ERROR while running Cbc. Signal SIGABRT caught. Getting stack trace.
/home/sek519/warm_starting/vws/../vpc/lib/Cbc-trunk/buildg/lib/libCbc.so.0(_Z15CbcCrashHandleri+0x277) [0x2b3aa61d6a4b]
/lib/x86_64-linux-gnu/libc.so.6(+0x33060) [0x2b3aa6f90060]
/lib/x86_64-linux-gnu/libc.so.6(gsignal+0xcf) [0x2b3aa6f8ffff]
/lib/x86_64-linux-gnu/libc.so.6(abort+0x16a) [0x2b3aa6f9142a]
/home/sek519/warm_starting/vws/../vpc/lib/Cbc-trunk/buildg/lib/libCbc.so.0(_Z15CbcCrashHandleri+0x355) [0x2b3aa61d6b29]
/lib/x86_64-linux-gnu/libc.so.6(+0x33060) [0x2b3aa6f90060]
/lib/x86_64-linux-gnu/libc.so.6(gsignal+0xcf) [0x2b3aa6f8ffff]
/lib/x86_64-linux-gnu/libc.so.6(abort+0x16a) [0x2b3aa6f9142a]
/lib/x86_64-linux-gnu/libc.so.6(+0x2be67) [0x2b3aa6f88e67]
/lib/x86_64-linux-gnu/libc.so.6(+0x2bf12) [0x2b3aa6f88f12]
../Debug/vws(+0x1b0427) [0x5609235f2427]
../Debug/vws(+0x127bb8) [0x560923569bb8]
../Debug/vws(+0x79d6a) [0x5609234bbd6a]
/lib/x86_64-linux-gnu/libc.so.6(__libc_start_main+0xf1) [0x2b3aa6f7d2e1]
../Debug/vws(+0x79259) [0x5609234bb259]


/var/spool/torque/mom_priv/jobs/1219872.polyp1.ie.lehigh.edu.SC: line 4: 30896 Aborted                 ../Debug/vws ${INPUT_FOLDER} ${OUTPUT_FILE} ${MAX_TIME} ${GENERATOR} ${TERMS}
