*** WARNING (version #870a55a): /home/sek519/warm_starting/vws/../vpc/src/utility/nbspace.cpp:155: Point: Calculated dot product with obj differs from solver's. Obj viol from solver: 18383.81853962. Calculated: 18383.81853908.
*** WARNING (version #870a55a): /home/sek519/warm_starting/vws/../vpc/src/utility/nbspace.cpp:155: Point: Calculated dot product with obj differs from solver's. Obj viol from solver: 30648.27506161. Calculated: 30648.27506149.
*** WARNING (version #870a55a): /home/sek519/warm_starting/vws/../vpc/src/utility/nbspace.cpp:155: Point: Calculated dot product with obj differs from solver's. Obj viol from solver: 42255.60393047. Calculated: 42255.60393014.
Since we minimize, disjunctive dual bound should not be less than LP relaxation objective value.
vws: /home/sek519/warm_starting/vws/../vpc/src/utility/utility.cpp:651: void verify(bool, const std::string&): Assertion `false' failed.


ERROR while running Cbc. Signal SIGABRT caught. Getting stack trace.
/home/sek519/warm_starting/vws/../vpc/lib/Cbc-trunk/buildg/lib/libCbc.so.0(_Z15CbcCrashHandleri+0x277) [0x2aabc2d96a4b]
/lib/x86_64-linux-gnu/libc.so.6(+0x33060) [0x2aabc3b50060]
/lib/x86_64-linux-gnu/libc.so.6(gsignal+0xcf) [0x2aabc3b4ffff]
/lib/x86_64-linux-gnu/libc.so.6(abort+0x16a) [0x2aabc3b5142a]
/lib/x86_64-linux-gnu/libc.so.6(+0x2be67) [0x2aabc3b48e67]
/lib/x86_64-linux-gnu/libc.so.6(+0x2bf12) [0x2aabc3b48f12]
../Debug/vws(+0x1b0427) [0x55bbdda05427]
../Debug/vws(+0x1fdd88) [0x55bbdda52d88]
../Debug/vws(+0x105bb8) [0x55bbdd95abb8]
../Debug/vws(+0x103f4c) [0x55bbdd958f4c]
../Debug/vws(+0x127b00) [0x55bbdd97cb00]
../Debug/vws(+0x79d6a) [0x55bbdd8ced6a]
/lib/x86_64-linux-gnu/libc.so.6(__libc_start_main+0xf1) [0x2aabc3b3d2e1]
../Debug/vws(+0x79259) [0x55bbdd8ce259]




ERROR while running Cbc. Signal SIGABRT caught. Getting stack trace.
/home/sek519/warm_starting/vws/../vpc/lib/Cbc-trunk/buildg/lib/libCbc.so.0(_Z15CbcCrashHandleri+0x277) [0x2aabc2d96a4b]
/lib/x86_64-linux-gnu/libc.so.6(+0x33060) [0x2aabc3b50060]
/lib/x86_64-linux-gnu/libc.so.6(gsignal+0xcf) [0x2aabc3b4ffff]
/lib/x86_64-linux-gnu/libc.so.6(abort+0x16a) [0x2aabc3b5142a]
/home/sek519/warm_starting/vws/../vpc/lib/Cbc-trunk/buildg/lib/libCbc.so.0(_Z15CbcCrashHandleri+0x355) [0x2aabc2d96b29]
/lib/x86_64-linux-gnu/libc.so.6(+0x33060) [0x2aabc3b50060]
/lib/x86_64-linux-gnu/libc.so.6(gsignal+0xcf) [0x2aabc3b4ffff]
/lib/x86_64-linux-gnu/libc.so.6(abort+0x16a) [0x2aabc3b5142a]
/lib/x86_64-linux-gnu/libc.so.6(+0x2be67) [0x2aabc3b48e67]
/lib/x86_64-linux-gnu/libc.so.6(+0x2bf12) [0x2aabc3b48f12]
../Debug/vws(+0x1b0427) [0x55bbdda05427]
../Debug/vws(+0x1fdd88) [0x55bbdda52d88]
../Debug/vws(+0x105bb8) [0x55bbdd95abb8]
../Debug/vws(+0x103f4c) [0x55bbdd958f4c]
../Debug/vws(+0x127b00) [0x55bbdd97cb00]
../Debug/vws(+0x79d6a) [0x55bbdd8ced6a]
/lib/x86_64-linux-gnu/libc.so.6(__libc_start_main+0xf1) [0x2aabc3b3d2e1]
../Debug/vws(+0x79259) [0x55bbdd8ce259]


/var/spool/torque/mom_priv/jobs/1219977.polyp1.ie.lehigh.edu.SC: line 4: 25216 Aborted                 ../Debug/vws ${INPUT_FOLDER} ${OUTPUT_FILE} ${MAX_TIME} ${GENERATOR} ${TERMS}
