messed up a farkas cofficient
vws: /home/sek519/warm_starting/vws/../vpc/src/utility/utility.cpp:651: void verify(bool, const std::string&): Assertion `false' failed.


ERROR while running Cbc. Signal SIGABRT caught. Getting stack trace.
/home/sek519/warm_starting/vws/../vpc/lib/Cbc-trunk/buildg/lib/libCbc.so.0(_Z15CbcCrashHandleri+0x277) [0x2b2c6e9aaa4b]
/lib/x86_64-linux-gnu/libc.so.6(+0x33060) [0x2b2c6f764060]
/lib/x86_64-linux-gnu/libc.so.6(gsignal+0xcf) [0x2b2c6f763fff]
/lib/x86_64-linux-gnu/libc.so.6(abort+0x16a) [0x2b2c6f76542a]
/lib/x86_64-linux-gnu/libc.so.6(+0x2be67) [0x2b2c6f75ce67]
/lib/x86_64-linux-gnu/libc.so.6(+0x2bf12) [0x2b2c6f75cf12]
../Debug/vws(+0x1b0427) [0x55f42b05b427]
../Debug/vws(+0x133373) [0x55f42afde373]
../Debug/vws(+0x131b3a) [0x55f42afdcb3a]
../Debug/vws(+0x1312e6) [0x55f42afdc2e6]
../Debug/vws(+0x104daf) [0x55f42afafdaf]
../Debug/vws(+0x103ee1) [0x55f42afaeee1]
../Debug/vws(+0x127b00) [0x55f42afd2b00]
../Debug/vws(+0x79d6a) [0x55f42af24d6a]
/lib/x86_64-linux-gnu/libc.so.6(__libc_start_main+0xf1) [0x2b2c6f7512e1]
../Debug/vws(+0x79259) [0x55f42af24259]




ERROR while running Cbc. Signal SIGABRT caught. Getting stack trace.
/home/sek519/warm_starting/vws/../vpc/lib/Cbc-trunk/buildg/lib/libCbc.so.0(_Z15CbcCrashHandleri+0x277) [0x2b2c6e9aaa4b]
/lib/x86_64-linux-gnu/libc.so.6(+0x33060) [0x2b2c6f764060]
/lib/x86_64-linux-gnu/libc.so.6(gsignal+0xcf) [0x2b2c6f763fff]
/lib/x86_64-linux-gnu/libc.so.6(abort+0x16a) [0x2b2c6f76542a]
/home/sek519/warm_starting/vws/../vpc/lib/Cbc-trunk/buildg/lib/libCbc.so.0(_Z15CbcCrashHandleri+0x355) [0x2b2c6e9aab29]
/lib/x86_64-linux-gnu/libc.so.6(+0x33060) [0x2b2c6f764060]
/lib/x86_64-linux-gnu/libc.so.6(gsignal+0xcf) [0x2b2c6f763fff]
/lib/x86_64-linux-gnu/libc.so.6(abort+0x16a) [0x2b2c6f76542a]
/lib/x86_64-linux-gnu/libc.so.6(+0x2be67) [0x2b2c6f75ce67]
/lib/x86_64-linux-gnu/libc.so.6(+0x2bf12) [0x2b2c6f75cf12]
../Debug/vws(+0x1b0427) [0x55f42b05b427]
../Debug/vws(+0x133373) [0x55f42afde373]
../Debug/vws(+0x131b3a) [0x55f42afdcb3a]
../Debug/vws(+0x1312e6) [0x55f42afdc2e6]
../Debug/vws(+0x104daf) [0x55f42afafdaf]
../Debug/vws(+0x103ee1) [0x55f42afaeee1]
../Debug/vws(+0x127b00) [0x55f42afd2b00]
../Debug/vws(+0x79d6a) [0x55f42af24d6a]
/lib/x86_64-linux-gnu/libc.so.6(__libc_start_main+0xf1) [0x2b2c6f7512e1]
../Debug/vws(+0x79259) [0x55f42af24259]


/var/spool/torque/mom_priv/jobs/1218120.polyp1.ie.lehigh.edu.SC: line 4:  1124 Aborted                 (core dumped) ../Debug/vws ${INPUT_FOLDER} ${OUTPUT_FILE} ${MAX_TIME} ${GENERATOR} ${TERMS}
