[WARNING] No vpcs were made from a new disjunction. Stopping series.
vws: /home/sek519/warm_starting/vws/../vpc/src/utility/utility.cpp:651: void verify(bool, const std::string&): Assertion `false' failed.


ERROR while running Cbc. Signal SIGABRT caught. Getting stack trace.
/home/sek519/warm_starting/vws/../vpc/lib/Cbc-trunk/buildg/lib/libCbc.so.0(_Z15CbcCrashHandleri+0x277) [0x2b8e73bdba4b]
/lib/x86_64-linux-gnu/libc.so.6(+0x33060) [0x2b8e74995060]
/lib/x86_64-linux-gnu/libc.so.6(gsignal+0xcf) [0x2b8e74994fff]
/lib/x86_64-linux-gnu/libc.so.6(abort+0x16a) [0x2b8e7499642a]
/lib/x86_64-linux-gnu/libc.so.6(+0x2be67) [0x2b8e7498de67]
/lib/x86_64-linux-gnu/libc.so.6(+0x2bf12) [0x2b8e7498df12]
../Debug/vws(+0x1b0427) [0x55743dcfd427]
../Debug/vws(+0x127bb8) [0x55743dc74bb8]
../Debug/vws(+0x79d6a) [0x55743dbc6d6a]
/lib/x86_64-linux-gnu/libc.so.6(__libc_start_main+0xf1) [0x2b8e749822e1]
../Debug/vws(+0x79259) [0x55743dbc6259]




ERROR while running Cbc. Signal SIGABRT caught. Getting stack trace.
/home/sek519/warm_starting/vws/../vpc/lib/Cbc-trunk/buildg/lib/libCbc.so.0(_Z15CbcCrashHandleri+0x277) [0x2b8e73bdba4b]
/lib/x86_64-linux-gnu/libc.so.6(+0x33060) [0x2b8e74995060]
/lib/x86_64-linux-gnu/libc.so.6(gsignal+0xcf) [0x2b8e74994fff]
/lib/x86_64-linux-gnu/libc.so.6(abort+0x16a) [0x2b8e7499642a]
/home/sek519/warm_starting/vws/../vpc/lib/Cbc-trunk/buildg/lib/libCbc.so.0(_Z15CbcCrashHandleri+0x355) [0x2b8e73bdbb29]
/lib/x86_64-linux-gnu/libc.so.6(+0x33060) [0x2b8e74995060]
/lib/x86_64-linux-gnu/libc.so.6(gsignal+0xcf) [0x2b8e74994fff]
/lib/x86_64-linux-gnu/libc.so.6(abort+0x16a) [0x2b8e7499642a]
/lib/x86_64-linux-gnu/libc.so.6(+0x2be67) [0x2b8e7498de67]
/lib/x86_64-linux-gnu/libc.so.6(+0x2bf12) [0x2b8e7498df12]
../Debug/vws(+0x1b0427) [0x55743dcfd427]
../Debug/vws(+0x127bb8) [0x55743dc74bb8]
../Debug/vws(+0x79d6a) [0x55743dbc6d6a]
/lib/x86_64-linux-gnu/libc.so.6(__libc_start_main+0xf1) [0x2b8e749822e1]
../Debug/vws(+0x79259) [0x55743dbc6259]


/var/spool/torque/mom_priv/jobs/1219845.polyp1.ie.lehigh.edu.SC: line 4: 27890 Aborted                 (core dumped) ../Debug/vws ${INPUT_FOLDER} ${OUTPUT_FILE} ${MAX_TIME} ${GENERATOR} ${TERMS}
