messed up a farkas cofficient
vws: /home/sek519/warm_starting/vws/../vpc/src/utility/utility.cpp:651: void verify(bool, const std::string&): Assertion `false' failed.


ERROR while running Cbc. Signal SIGABRT caught. Getting stack trace.
/home/sek519/warm_starting/vws/../vpc/lib/Cbc-trunk/buildg/lib/libCbc.so.0(_Z15CbcCrashHandleri+0x277) [0x2ab80b95ba4b]
/lib/x86_64-linux-gnu/libc.so.6(+0x33060) [0x2ab80c715060]
/lib/x86_64-linux-gnu/libc.so.6(gsignal+0xcf) [0x2ab80c714fff]
/lib/x86_64-linux-gnu/libc.so.6(abort+0x16a) [0x2ab80c71642a]
/lib/x86_64-linux-gnu/libc.so.6(+0x2be67) [0x2ab80c70de67]
/lib/x86_64-linux-gnu/libc.so.6(+0x2bf12) [0x2ab80c70df12]
../Debug/vws(+0x1b0427) [0x55a1b41c6427]
../Debug/vws(+0x133373) [0x55a1b4149373]
../Debug/vws(+0x131b3a) [0x55a1b4147b3a]
../Debug/vws(+0x1312e6) [0x55a1b41472e6]
../Debug/vws(+0x104daf) [0x55a1b411adaf]
../Debug/vws(+0x103ee1) [0x55a1b4119ee1]
../Debug/vws(+0x127b00) [0x55a1b413db00]
../Debug/vws(+0x79d6a) [0x55a1b408fd6a]
/lib/x86_64-linux-gnu/libc.so.6(__libc_start_main+0xf1) [0x2ab80c7022e1]
../Debug/vws(+0x79259) [0x55a1b408f259]




ERROR while running Cbc. Signal SIGABRT caught. Getting stack trace.
/home/sek519/warm_starting/vws/../vpc/lib/Cbc-trunk/buildg/lib/libCbc.so.0(_Z15CbcCrashHandleri+0x277) [0x2ab80b95ba4b]
/lib/x86_64-linux-gnu/libc.so.6(+0x33060) [0x2ab80c715060]
/lib/x86_64-linux-gnu/libc.so.6(gsignal+0xcf) [0x2ab80c714fff]
/lib/x86_64-linux-gnu/libc.so.6(abort+0x16a) [0x2ab80c71642a]
/home/sek519/warm_starting/vws/../vpc/lib/Cbc-trunk/buildg/lib/libCbc.so.0(_Z15CbcCrashHandleri+0x355) [0x2ab80b95bb29]
/lib/x86_64-linux-gnu/libc.so.6(+0x33060) [0x2ab80c715060]
/lib/x86_64-linux-gnu/libc.so.6(gsignal+0xcf) [0x2ab80c714fff]
/lib/x86_64-linux-gnu/libc.so.6(abort+0x16a) [0x2ab80c71642a]
/lib/x86_64-linux-gnu/libc.so.6(+0x2be67) [0x2ab80c70de67]
/lib/x86_64-linux-gnu/libc.so.6(+0x2bf12) [0x2ab80c70df12]
../Debug/vws(+0x1b0427) [0x55a1b41c6427]
../Debug/vws(+0x133373) [0x55a1b4149373]
../Debug/vws(+0x131b3a) [0x55a1b4147b3a]
../Debug/vws(+0x1312e6) [0x55a1b41472e6]
../Debug/vws(+0x104daf) [0x55a1b411adaf]
../Debug/vws(+0x103ee1) [0x55a1b4119ee1]
../Debug/vws(+0x127b00) [0x55a1b413db00]
../Debug/vws(+0x79d6a) [0x55a1b408fd6a]
/lib/x86_64-linux-gnu/libc.so.6(__libc_start_main+0xf1) [0x2ab80c7022e1]
../Debug/vws(+0x79259) [0x55a1b408f259]


/var/spool/torque/mom_priv/jobs/1218684.polyp1.ie.lehigh.edu.SC: line 4: 25281 Aborted                 ../Debug/vws ${INPUT_FOLDER} ${OUTPUT_FILE} ${MAX_TIME} ${GENERATOR} ${TERMS}
