*** WARNING (version #870a55a): /home/sek519/warm_starting/vws/../vpc/src/utility/nbspace.cpp:155: Point: Calculated dot product with obj differs from solver's. Obj viol from solver: 70491.26045227. Calculated: 70491.26045253.
*** WARNING (version #870a55a): /home/sek519/warm_starting/vws/../vpc/src/utility/nbspace.cpp:155: Point: Calculated dot product with obj differs from solver's. Obj viol from solver: 122889.73853970. Calculated: 122889.73853916.
*** WARNING (version #870a55a): /home/sek519/warm_starting/vws/../vpc/src/utility/nbspace.cpp:155: Point: Calculated dot product with obj differs from solver's. Obj viol from solver: 73099.38045263. Calculated: 73099.38045244.
*** WARNING (version #870a55a): /home/sek519/warm_starting/vws/../vpc/src/utility/nbspace.cpp:155: Point: Calculated dot product with obj differs from solver's. Obj viol from solver: 101255.39999962. Calculated: 101255.40000002.
*** WARNING (version #870a55a): /home/sek519/warm_starting/vws/../vpc/src/utility/nbspace.cpp:155: Point: Calculated dot product with obj differs from solver's. Obj viol from solver: 86508.18236542. Calculated: 86508.18236598.
*** WARNING (version #870a55a): /home/sek519/warm_starting/vws/../vpc/src/utility/nbspace.cpp:155: Point: Calculated dot product with obj differs from solver's. Obj viol from solver: 87287.18236637. Calculated: 87287.18236599.
*** WARNING (version #870a55a): /home/sek519/warm_starting/vws/../vpc/src/utility/nbspace.cpp:155: Point: Calculated dot product with obj differs from solver's. Obj viol from solver: 83114.98740768. Calculated: 83114.98740785.
*** WARNING (version #870a55a): /home/sek519/warm_starting/vws/../vpc/src/utility/nbspace.cpp:155: Point: Calculated dot product with obj differs from solver's. Obj viol from solver: 109653.12392998. Calculated: 109653.12393021.
*** WARNING (version #870a55a): /home/sek519/warm_starting/vws/../vpc/src/utility/nbspace.cpp:155: Point: Calculated dot product with obj differs from solver's. Obj viol from solver: 74987.45088530. Calculated: 74987.45088542.
*** WARNING (version #870a55a): /home/sek519/warm_starting/vws/../vpc/src/utility/nbspace.cpp:155: Point: Calculated dot product with obj differs from solver's. Obj viol from solver: 101525.58740759. Calculated: 101525.58740778.
*** WARNING (version #870a55a): /home/sek519/warm_starting/vws/../vpc/src/utility/nbspace.cpp:155: Point: Calculated dot product with obj differs from solver's. Obj viol from solver: 78095.30932140. Calculated: 78095.30932128.
*** WARNING (version #870a55a): /home/sek519/warm_starting/vws/../vpc/src/utility/nbspace.cpp:155: Point: Calculated dot product with obj differs from solver's. Obj viol from solver: 81166.66549492. Calculated: 81166.66549449.
*** WARNING (version #870a55a): /home/sek519/warm_starting/vws/../vpc/src/utility/nbspace.cpp:155: Point: Calculated dot product with obj differs from solver's. Obj viol from solver: 93570.98740768. Calculated: 93570.98740787.
*** WARNING (version #870a55a): /home/sek519/warm_starting/vws/../vpc/src/utility/nbspace.cpp:155: Point: Calculated dot product with obj differs from solver's. Obj viol from solver: 88045.77279902. Calculated: 88045.77279887.
*** WARNING (version #870a55a): /home/sek519/warm_starting/vws/../vpc/src/utility/nbspace.cpp:155: Point: Calculated dot product with obj differs from solver's. Obj viol from solver: 84729.73349762. Calculated: 84729.73349725.
*** WARNING (version #870a55a): /home/sek519/warm_starting/vws/../vpc/src/utility/nbspace.cpp:155: Point: Calculated dot product with obj differs from solver's. Obj viol from solver: 108601.51888847. Calculated: 108601.51888831.
*** WARNING (version #870a55a): /home/sek519/warm_starting/vws/../vpc/src/utility/nbspace.cpp:155: Point: Calculated dot product with obj differs from solver's. Obj viol from solver: 77088.98740768. Calculated: 77088.98740785.
*** WARNING (version #870a55a): /home/sek519/warm_starting/vws/../vpc/src/utility/nbspace.cpp:155: Point: Calculated dot product with obj differs from solver's. Obj viol from solver: 103627.12392998. Calculated: 103627.12393021.
*** WARNING (version #870a55a): /home/sek519/warm_starting/vws/../vpc/src/utility/nbspace.cpp:155: Point: Calculated dot product with obj differs from solver's. Obj viol from solver: 84121.30932140. Calculated: 84121.30932124.
*** WARNING (version #870a55a): /home/sek519/warm_starting/vws/../vpc/src/utility/nbspace.cpp:155: Point: Calculated dot product with obj differs from solver's. Obj viol from solver: 74415.72392988. Calculated: 74415.72393006.
*** WARNING (version #870a55a): /home/sek519/warm_starting/vws/../vpc/src/utility/nbspace.cpp:155: Point: Calculated dot product with obj differs from solver's. Obj viol from solver: 126814.20201731. Calculated: 126814.20201670.
*** WARNING (version #870a55a): /home/sek519/warm_starting/vws/../vpc/src/utility/nbspace.cpp:155: Point: Calculated dot product with obj differs from solver's. Obj viol from solver: 81013.45088530. Calculated: 81013.45088548.
*** WARNING (version #870a55a): /home/sek519/warm_starting/vws/../vpc/src/utility/nbspace.cpp:155: Point: Calculated dot product with obj differs from solver's. Obj viol from solver: 107551.58740759. Calculated: 107551.58740784.
*** WARNING (version #870a55a): /home/sek519/warm_starting/vws/../vpc/src/utility/nbspace.cpp:155: Point: Calculated dot product with obj differs from solver's. Obj viol from solver: 82019.77279902. Calculated: 82019.77279882.
*** WARNING (version #870a55a): /home/sek519/warm_starting/vws/../vpc/src/utility/nbspace.cpp:155: Point: Calculated dot product with obj differs from solver's. Obj viol from solver: 108557.90932131. Calculated: 108557.90932118.
*** WARNING (version #870a55a): /home/sek519/warm_starting/vws/../vpc/src/utility/nbspace.cpp:155: Point: Calculated dot product with obj differs from solver's. Obj viol from solver: 96187.12393045. Calculated: 96187.12393020.
*** WARNING (version #870a55a): /home/sek519/warm_starting/vws/../vpc/src/utility/nbspace.cpp:155: Point: Calculated dot product with obj differs from solver's. Obj viol from solver: 100217.26045275. Calculated: 100217.26045258.
*** WARNING (version #870a55a): /home/sek519/warm_starting/vws/../vpc/src/utility/nbspace.cpp:155: Point: Calculated dot product with obj differs from solver's. Obj viol from solver: 107294.19697475. Calculated: 107294.19697489.
*** WARNING (version #870a55a): /home/sek519/warm_starting/vws/../vpc/src/utility/nbspace.cpp:155: Point: Calculated dot product with obj differs from solver's. Obj viol from solver: 95964.84393072. Calculated: 95964.84393017.
*** WARNING (version #870a55a): /home/sek519/warm_starting/vws/../vpc/src/utility/nbspace.cpp:155: Point: Calculated dot product with obj differs from solver's. Obj viol from solver: 90410.32393026. Calculated: 90410.32393016.
*** WARNING (version #870a55a): /home/sek519/warm_starting/vws/../vpc/src/utility/nbspace.cpp:155: Point: Calculated dot product with obj differs from solver's. Obj viol from solver: 101641.70932102. Calculated: 101641.70932131.
*** WARNING (version #870a55a): /home/sek519/warm_starting/vws/../vpc/src/utility/nbspace.cpp:155: Point: Calculated dot product with obj differs from solver's. Obj viol from solver: 110085.64584351. Calculated: 110085.64584365.
*** WARNING (version #870a55a): /home/sek519/warm_starting/vws/../vpc/src/utility/nbspace.cpp:155: Point: Calculated dot product with obj differs from solver's. Obj viol from solver: 133001.52393055. Calculated: 133001.52393020.
*** WARNING (version #870a55a): /home/sek519/warm_starting/vws/../vpc/src/utility/nbspace.cpp:155: Point: Calculated dot product with obj differs from solver's. Obj viol from solver: 137031.66045284. Calculated: 137031.66045258.
*** WARNING (version #870a55a): /home/sek519/warm_starting/vws/../vpc/src/utility/nbspace.cpp:155: Point: Calculated dot product with obj differs from solver's. Obj viol from solver: 89938.84393072. Calculated: 89938.84393010.
*** WARNING (version #870a55a): /home/sek519/warm_starting/vws/../vpc/src/utility/nbspace.cpp:155: Point: Calculated dot product with obj differs from solver's. Obj viol from solver: 84802.24584389. Calculated: 84802.24584365.
*** WARNING (version #870a55a): /home/sek519/warm_starting/vws/../vpc/src/utility/nbspace.cpp:155: Point: Calculated dot product with obj differs from solver's. Obj viol from solver: 93246.18236542. Calculated: 93246.18236598.
*** WARNING (version #870a55a): /home/sek519/warm_starting/vws/../vpc/src/utility/nbspace.cpp:155: Point: Calculated dot product with obj differs from solver's. Obj viol from solver: 136925.98740721. Calculated: 136925.98740774.
*** WARNING (version #870a55a): /home/sek519/warm_starting/vws/../vpc/src/utility/nbspace.cpp:155: Point: Calculated dot product with obj differs from solver's. Obj viol from solver: 140956.12393045. Calculated: 140956.12393012.
*** WARNING (version #870a55a): /home/sek519/warm_starting/vws/../vpc/src/utility/nbspace.cpp:155: Point: Calculated dot product with obj differs from solver's. Obj viol from solver: 90828.24584389. Calculated: 90828.24584361.
*** WARNING (version #870a55a): /home/sek519/warm_starting/vws/../vpc/src/utility/nbspace.cpp:155: Point: Calculated dot product with obj differs from solver's. Obj viol from solver: 99272.18236542. Calculated: 99272.18236594.
*** WARNING (version #870a55a): /home/sek519/warm_starting/vws/../vpc/src/utility/nbspace.cpp:155: Point: Calculated dot product with obj differs from solver's. Obj viol from solver: 99244.66549492. Calculated: 99244.66549446.
*** WARNING (version #870a55a): /home/sek519/warm_starting/vws/../vpc/src/utility/nbspace.cpp:155: Point: Calculated dot product with obj differs from solver's. Obj viol from solver: 88308.78740788. Calculated: 88308.78740773.
*** WARNING (version #870a55a): /home/sek519/warm_starting/vws/../vpc/src/utility/nbspace.cpp:155: Point: Calculated dot product with obj differs from solver's. Obj viol from solver: 87039.45088530. Calculated: 87039.45088548.
*** WARNING (version #870a55a): /home/sek519/warm_starting/vws/../vpc/src/utility/nbspace.cpp:155: Point: Calculated dot product with obj differs from solver's. Obj viol from solver: 113577.58740759. Calculated: 113577.58740784.
*** WARNING (version #870a55a): /home/sek519/warm_starting/vws/../vpc/src/utility/nbspace.cpp:155: Point: Calculated dot product with obj differs from solver's. Obj viol from solver: 104141.72393036. Calculated: 104141.72393012.
*** WARNING (version #870a55a): /home/sek519/warm_starting/vws/../vpc/src/utility/nbspace.cpp:155: Point: Calculated dot product with obj differs from solver's. Obj viol from solver: 87986.53088570. Calculated: 87986.53088549.
*** WARNING (version #870a55a): /home/sek519/warm_starting/vws/../vpc/src/utility/nbspace.cpp:155: Point: Calculated dot product with obj differs from solver's. Obj viol from solver: 100250.98740768. Calculated: 100250.98740785.
*** WARNING (version #870a55a): /home/sek519/warm_starting/vws/../vpc/src/utility/nbspace.cpp:155: Point: Calculated dot product with obj differs from solver's. Obj viol from solver: 95341.10932159. Calculated: 95341.10932112.
*** WARNING (version #870a55a): /home/sek519/warm_starting/vws/../vpc/src/utility/nbspace.cpp:155: Point: Calculated dot product with obj differs from solver's. Obj viol from solver: 131553.98740816. Calculated: 131553.98740776.
terminate called after throwing an instance of 'std::bad_alloc'
  what():  std::bad_alloc


ERROR while running Cbc. Signal SIGABRT caught. Getting stack trace.
/home/sek519/warm_starting/vws/../vpc/lib/Cbc-trunk/buildg/lib/libCbc.so.0(_Z15CbcCrashHandleri+0x277) [0x2ac94332ba4b]
/lib/x86_64-linux-gnu/libc.so.6(+0x33060) [0x2ac9440e5060]
/lib/x86_64-linux-gnu/libc.so.6(gsignal+0xcf) [0x2ac9440e4fff]
/lib/x86_64-linux-gnu/libc.so.6(abort+0x16a) [0x2ac9440e642a]
/home/sek519/miniconda/envs/vws/lib/libstdc++.so.6(_ZN9__gnu_cxx27__verbose_terminate_handlerEv+0xc0) [0x2ac943cac026]
/home/sek519/miniconda/envs/vws/lib/libstdc++.so.6(+0xb0514) [0x2ac943caa514]
/home/sek519/miniconda/envs/vws/lib/libstdc++.so.6(+0xb0566) [0x2ac943caa566]
/home/sek519/miniconda/envs/vws/lib/libstdc++.so.6(__cxa_rethrow+0) [0x2ac943caa758]
/home/sek519/miniconda/envs/vws/lib/libstdc++.so.6(_Znwm+0x59) [0x2ac943caab85]
/home/sek519/warm_starting/vws/../vpc/lib/Cbc-trunk/buildg/lib/libCoinUtils.so.0(_ZN19CoinArrayWithLength8allocateERKS_l+0x1c7) [0x2ac943a9b259]
/home/sek519/warm_starting/vws/../vpc/lib/Cbc-trunk/buildg/lib/libCoinUtils.so.0(_ZN17CoinFactorization10gutsOfCopyERKS_+0x5e) [0x2ac943a89814]
/home/sek519/warm_starting/vws/../vpc/lib/Cbc-trunk/buildg/lib/libCoinUtils.so.0(_ZN17CoinFactorizationC1ERKS_+0x2b7) [0x2ac943a60d01]
/home/sek519/warm_starting/vws/../vpc/lib/Cbc-trunk/buildg/lib/libClp.so.0(_ZN16ClpFactorizationC1ERKS_i+0x1ec) [0x2ac94375127c]
/home/sek519/warm_starting/vws/../vpc/lib/Cbc-trunk/buildg/lib/libClp.so.0(_ZN10ClpSimplexC2EPKS_iPKiiS3_bbb+0x809) [0x2ac9438414b7]
/home/sek519/warm_starting/vws/../vpc/lib/Cbc-trunk/buildg/lib/libClp.so.0(_ZN15ClpSimplexOther6crunchEPdPiS1_Ribb+0x85b) [0x2ac9438b18ab]
/home/sek519/warm_starting/vws/../vpc/lib/Cbc-trunk/buildg/lib/libOsiClp.so.0(_ZN21OsiClpSolverInterface6crunchEv+0x7a5) [0x2ac942ff0da7]
/home/sek519/warm_starting/vws/../vpc/lib/Cbc-trunk/buildg/lib/libOsiClp.so.0(_ZN21OsiClpSolverInterface7resolveEv+0x15dd) [0x2ac942fd0605]
../Debug/vws(+0x1aa824) [0x55840a041824]
../Debug/vws(+0x1fdc86) [0x55840a094c86]
../Debug/vws(+0x10512c) [0x558409f9c12c]
../Debug/vws(+0x103fb7) [0x558409f9afb7]
../Debug/vws(+0x127b00) [0x558409fbeb00]
../Debug/vws(+0x79d6a) [0x558409f10d6a]
/lib/x86_64-linux-gnu/libc.so.6(__libc_start_main+0xf1) [0x2ac9440d22e1]
../Debug/vws(+0x79259) [0x558409f10259]




ERROR while running Cbc. Signal SIGABRT caught. Getting stack trace.
/home/sek519/warm_starting/vws/../vpc/lib/Cbc-trunk/buildg/lib/libCbc.so.0(_Z15CbcCrashHandleri+0x277) [0x2ac94332ba4b]
/lib/x86_64-linux-gnu/libc.so.6(+0x33060) [0x2ac9440e5060]
/lib/x86_64-linux-gnu/libc.so.6(gsignal+0xcf) [0x2ac9440e4fff]
/lib/x86_64-linux-gnu/libc.so.6(abort+0x16a) [0x2ac9440e642a]
/home/sek519/warm_starting/vws/../vpc/lib/Cbc-trunk/buildg/lib/libCbc.so.0(_Z15CbcCrashHandleri+0x355) [0x2ac94332bb29]
/lib/x86_64-linux-gnu/libc.so.6(+0x33060) [0x2ac9440e5060]
/lib/x86_64-linux-gnu/libc.so.6(gsignal+0xcf) [0x2ac9440e4fff]
/lib/x86_64-linux-gnu/libc.so.6(abort+0x16a) [0x2ac9440e642a]
/home/sek519/miniconda/envs/vws/lib/libstdc++.so.6(_ZN9__gnu_cxx27__verbose_terminate_handlerEv+0xc0) [0x2ac943cac026]
/home/sek519/miniconda/envs/vws/lib/libstdc++.so.6(+0xb0514) [0x2ac943caa514]
/home/sek519/miniconda/envs/vws/lib/libstdc++.so.6(+0xb0566) [0x2ac943caa566]
/home/sek519/miniconda/envs/vws/lib/libstdc++.so.6(__cxa_rethrow+0) [0x2ac943caa758]
/home/sek519/miniconda/envs/vws/lib/libstdc++.so.6(_Znwm+0x59) [0x2ac943caab85]
/home/sek519/warm_starting/vws/../vpc/lib/Cbc-trunk/buildg/lib/libCoinUtils.so.0(_ZN19CoinArrayWithLength8allocateERKS_l+0x1c7) [0x2ac943a9b259]
/home/sek519/warm_starting/vws/../vpc/lib/Cbc-trunk/buildg/lib/libCoinUtils.so.0(_ZN17CoinFactorization10gutsOfCopyERKS_+0x5e) [0x2ac943a89814]
/home/sek519/warm_starting/vws/../vpc/lib/Cbc-trunk/buildg/lib/libCoinUtils.so.0(_ZN17CoinFactorizationC1ERKS_+0x2b7) [0x2ac943a60d01]
/home/sek519/warm_starting/vws/../vpc/lib/Cbc-trunk/buildg/lib/libClp.so.0(_ZN16ClpFactorizationC1ERKS_i+0x1ec) [0x2ac94375127c]
/home/sek519/warm_starting/vws/../vpc/lib/Cbc-trunk/buildg/lib/libClp.so.0(_ZN10ClpSimplexC2EPKS_iPKiiS3_bbb+0x809) [0x2ac9438414b7]
/home/sek519/warm_starting/vws/../vpc/lib/Cbc-trunk/buildg/lib/libClp.so.0(_ZN15ClpSimplexOther6crunchEPdPiS1_Ribb+0x85b) [0x2ac9438b18ab]
/home/sek519/warm_starting/vws/../vpc/lib/Cbc-trunk/buildg/lib/libOsiClp.so.0(_ZN21OsiClpSolverInterface6crunchEv+0x7a5) [0x2ac942ff0da7]
/home/sek519/warm_starting/vws/../vpc/lib/Cbc-trunk/buildg/lib/libOsiClp.so.0(_ZN21OsiClpSolverInterface7resolveEv+0x15dd) [0x2ac942fd0605]
../Debug/vws(+0x1aa824) [0x55840a041824]
../Debug/vws(+0x1fdc86) [0x55840a094c86]
../Debug/vws(+0x10512c) [0x558409f9c12c]
../Debug/vws(+0x103fb7) [0x558409f9afb7]
../Debug/vws(+0x127b00) [0x558409fbeb00]
../Debug/vws(+0x79d6a) [0x558409f10d6a]
/lib/x86_64-linux-gnu/libc.so.6(__libc_start_main+0xf1) [0x2ac9440d22e1]
../Debug/vws(+0x79259) [0x558409f10259]


/var/spool/torque/mom_priv/jobs/1220058.polyp1.ie.lehigh.edu.SC: line 4: 21838 Aborted                 (core dumped) ../Debug/vws ${INPUT_FOLDER} ${OUTPUT_FILE} ${MAX_TIME} ${GENERATOR} ${TERMS}
