*** WARNING (version #870a55a): /home/sek519/warm_starting/vws/../vpc/src/cut/CglVPC.cpp:335: An integer (optimal) solution with value -1.1906e+07 was found prior while getting disjunction.
[WARNING] No vpcs were made from a new disjunction. Stopping series.
vws: /home/sek519/warm_starting/vws/../vpc/src/utility/utility.cpp:651: void verify(bool, const std::string&): Assertion `false' failed.


ERROR while running Cbc. Signal SIGABRT caught. Getting stack trace.
/home/sek519/warm_starting/vws/../vpc/lib/Cbc-trunk/buildg/lib/libCbc.so.0(_Z15CbcCrashHandleri+0x277) [0x2ba590fd1a4b]
/lib/x86_64-linux-gnu/libc.so.6(+0x33060) [0x2ba591d8b060]
/lib/x86_64-linux-gnu/libc.so.6(gsignal+0xcf) [0x2ba591d8afff]
/lib/x86_64-linux-gnu/libc.so.6(abort+0x16a) [0x2ba591d8c42a]
/lib/x86_64-linux-gnu/libc.so.6(+0x2be67) [0x2ba591d83e67]
/lib/x86_64-linux-gnu/libc.so.6(+0x2bf12) [0x2ba591d83f12]
../Debug/vws(+0x1b0427) [0x563117194427]
../Debug/vws(+0x127bb8) [0x56311710bbb8]
../Debug/vws(+0x79d6a) [0x56311705dd6a]
/lib/x86_64-linux-gnu/libc.so.6(__libc_start_main+0xf1) [0x2ba591d782e1]
../Debug/vws(+0x79259) [0x56311705d259]




ERROR while running Cbc. Signal SIGABRT caught. Getting stack trace.
/home/sek519/warm_starting/vws/../vpc/lib/Cbc-trunk/buildg/lib/libCbc.so.0(_Z15CbcCrashHandleri+0x277) [0x2ba590fd1a4b]
/lib/x86_64-linux-gnu/libc.so.6(+0x33060) [0x2ba591d8b060]
/lib/x86_64-linux-gnu/libc.so.6(gsignal+0xcf) [0x2ba591d8afff]
/lib/x86_64-linux-gnu/libc.so.6(abort+0x16a) [0x2ba591d8c42a]
/home/sek519/warm_starting/vws/../vpc/lib/Cbc-trunk/buildg/lib/libCbc.so.0(_Z15CbcCrashHandleri+0x355) [0x2ba590fd1b29]
/lib/x86_64-linux-gnu/libc.so.6(+0x33060) [0x2ba591d8b060]
/lib/x86_64-linux-gnu/libc.so.6(gsignal+0xcf) [0x2ba591d8afff]
/lib/x86_64-linux-gnu/libc.so.6(abort+0x16a) [0x2ba591d8c42a]
/lib/x86_64-linux-gnu/libc.so.6(+0x2be67) [0x2ba591d83e67]
/lib/x86_64-linux-gnu/libc.so.6(+0x2bf12) [0x2ba591d83f12]
../Debug/vws(+0x1b0427) [0x563117194427]
../Debug/vws(+0x127bb8) [0x56311710bbb8]
../Debug/vws(+0x79d6a) [0x56311705dd6a]
/lib/x86_64-linux-gnu/libc.so.6(__libc_start_main+0xf1) [0x2ba591d782e1]
../Debug/vws(+0x79259) [0x56311705d259]


/var/spool/torque/mom_priv/jobs/1219664.polyp1.ie.lehigh.edu.SC: line 4: 29093 Aborted                 ../Debug/vws ${INPUT_FOLDER} ${OUTPUT_FILE} ${MAX_TIME} ${GENERATOR} ${TERMS}
