terminate called after throwing an instance of 'std::bad_alloc'
  what():  std::bad_alloc


ERROR while running Cbc. Signal SIGABRT caught. Getting stack trace.
/home/sek519/warm_starting/vws/../vpc/lib/Cbc-trunk/buildg/lib/libCbc.so.0(_Z15CbcCrashHandleri+0x277) [0x2ba04ca14a4b]
/lib/x86_64-linux-gnu/libc.so.6(+0x33060) [0x2ba04d7ce060]
/lib/x86_64-linux-gnu/libc.so.6(gsignal+0xcf) [0x2ba04d7cdfff]
/lib/x86_64-linux-gnu/libc.so.6(abort+0x16a) [0x2ba04d7cf42a]
/home/sek519/miniconda/envs/vws/lib/libstdc++.so.6(_ZN9__gnu_cxx27__verbose_terminate_handlerEv+0xc0) [0x2ba04d395026]
/home/sek519/miniconda/envs/vws/lib/libstdc++.so.6(+0xb0514) [0x2ba04d393514]
/home/sek519/miniconda/envs/vws/lib/libstdc++.so.6(+0xb0566) [0x2ba04d393566]
/home/sek519/miniconda/envs/vws/lib/libstdc++.so.6(__cxa_rethrow+0) [0x2ba04d393758]
/home/sek519/miniconda/envs/vws/lib/libstdc++.so.6(_Znwm+0x59) [0x2ba04d393b85]
../Debug/vws(_Z15CoinCopyOfArrayIdEPT_PKS0_i+0x3b) [0x55a06ef7ba9f]
/home/sek519/warm_starting/vws/../vpc/lib/Cbc-trunk/buildg/lib/libCoinUtils.so.0(_ZN16CoinPackedMatrix11cleanMatrixEd+0x53f) [0x2ba04d1e5945]
../Debug/vws(+0x1e708e) [0x55a06f03e08e]
../Debug/vws(+0x1daeb0) [0x55a06f031eb0]
../Debug/vws(+0x1d5dc6) [0x55a06f02cdc6]
../Debug/vws(+0x105c4a) [0x55a06ef5cc4a]
../Debug/vws(+0x103f4c) [0x55a06ef5af4c]
../Debug/vws(+0x127b00) [0x55a06ef7eb00]
../Debug/vws(+0x79d6a) [0x55a06eed0d6a]
/lib/x86_64-linux-gnu/libc.so.6(__libc_start_main+0xf1) [0x2ba04d7bb2e1]
../Debug/vws(+0x79259) [0x55a06eed0259]




ERROR while running Cbc. Signal SIGABRT caught. Getting stack trace.
/home/sek519/warm_starting/vws/../vpc/lib/Cbc-trunk/buildg/lib/libCbc.so.0(_Z15CbcCrashHandleri+0x277) [0x2ba04ca14a4b]
/lib/x86_64-linux-gnu/libc.so.6(+0x33060) [0x2ba04d7ce060]
/lib/x86_64-linux-gnu/libc.so.6(gsignal+0xcf) [0x2ba04d7cdfff]
/lib/x86_64-linux-gnu/libc.so.6(abort+0x16a) [0x2ba04d7cf42a]
/home/sek519/warm_starting/vws/../vpc/lib/Cbc-trunk/buildg/lib/libCbc.so.0(_Z15CbcCrashHandleri+0x355) [0x2ba04ca14b29]
/lib/x86_64-linux-gnu/libc.so.6(+0x33060) [0x2ba04d7ce060]
/lib/x86_64-linux-gnu/libc.so.6(gsignal+0xcf) [0x2ba04d7cdfff]
/lib/x86_64-linux-gnu/libc.so.6(abort+0x16a) [0x2ba04d7cf42a]
/home/sek519/miniconda/envs/vws/lib/libstdc++.so.6(_ZN9__gnu_cxx27__verbose_terminate_handlerEv+0xc0) [0x2ba04d395026]
/home/sek519/miniconda/envs/vws/lib/libstdc++.so.6(+0xb0514) [0x2ba04d393514]
/home/sek519/miniconda/envs/vws/lib/libstdc++.so.6(+0xb0566) [0x2ba04d393566]
/home/sek519/miniconda/envs/vws/lib/libstdc++.so.6(__cxa_rethrow+0) [0x2ba04d393758]
/home/sek519/miniconda/envs/vws/lib/libstdc++.so.6(_Znwm+0x59) [0x2ba04d393b85]
../Debug/vws(_Z15CoinCopyOfArrayIdEPT_PKS0_i+0x3b) [0x55a06ef7ba9f]
/home/sek519/warm_starting/vws/../vpc/lib/Cbc-trunk/buildg/lib/libCoinUtils.so.0(_ZN16CoinPackedMatrix11cleanMatrixEd+0x53f) [0x2ba04d1e5945]
../Debug/vws(+0x1e708e) [0x55a06f03e08e]
../Debug/vws(+0x1daeb0) [0x55a06f031eb0]
../Debug/vws(+0x1d5dc6) [0x55a06f02cdc6]
../Debug/vws(+0x105c4a) [0x55a06ef5cc4a]
../Debug/vws(+0x103f4c) [0x55a06ef5af4c]
../Debug/vws(+0x127b00) [0x55a06ef7eb00]
../Debug/vws(+0x79d6a) [0x55a06eed0d6a]
/lib/x86_64-linux-gnu/libc.so.6(__libc_start_main+0xf1) [0x2ba04d7bb2e1]
../Debug/vws(+0x79259) [0x55a06eed0259]


/var/spool/torque/mom_priv/jobs/1217249.polyp1.ie.lehigh.edu.SC: line 4: 18397 Aborted                 (core dumped) ../Debug/vws ${INPUT_FOLDER} ${OUTPUT_FILE} ${MAX_TIME} ${GENERATOR} ${TERMS}
