*** WARNING (version #870a55a): /home/sek519/warm_starting/vws/../vpc/src/utility/nbspace.cpp:155: Point: Calculated dot product with obj differs from solver's. Obj viol from solver: 70491.26045227. Calculated: 70491.26045253.
*** WARNING (version #870a55a): /home/sek519/warm_starting/vws/../vpc/src/utility/nbspace.cpp:155: Point: Calculated dot product with obj differs from solver's. Obj viol from solver: 122889.73853970. Calculated: 122889.73853916.
*** WARNING (version #870a55a): /home/sek519/warm_starting/vws/../vpc/src/utility/nbspace.cpp:155: Point: Calculated dot product with obj differs from solver's. Obj viol from solver: 73099.38045263. Calculated: 73099.38045244.
*** WARNING (version #870a55a): /home/sek519/warm_starting/vws/../vpc/src/utility/nbspace.cpp:155: Point: Calculated dot product with obj differs from solver's. Obj viol from solver: 101255.39999962. Calculated: 101255.40000002.
*** WARNING (version #870a55a): /home/sek519/warm_starting/vws/../vpc/src/utility/nbspace.cpp:155: Point: Calculated dot product with obj differs from solver's. Obj viol from solver: 86508.18236542. Calculated: 86508.18236598.
*** WARNING (version #870a55a): /home/sek519/warm_starting/vws/../vpc/src/utility/nbspace.cpp:155: Point: Calculated dot product with obj differs from solver's. Obj viol from solver: 87287.18236637. Calculated: 87287.18236599.
*** WARNING (version #870a55a): /home/sek519/warm_starting/vws/../vpc/src/utility/nbspace.cpp:155: Point: Calculated dot product with obj differs from solver's. Obj viol from solver: 83114.98740768. Calculated: 83114.98740785.
*** WARNING (version #870a55a): /home/sek519/warm_starting/vws/../vpc/src/utility/nbspace.cpp:155: Point: Calculated dot product with obj differs from solver's. Obj viol from solver: 109653.12392998. Calculated: 109653.12393021.
*** WARNING (version #870a55a): /home/sek519/warm_starting/vws/../vpc/src/utility/nbspace.cpp:155: Point: Calculated dot product with obj differs from solver's. Obj viol from solver: 74987.45088530. Calculated: 74987.45088542.
*** WARNING (version #870a55a): /home/sek519/warm_starting/vws/../vpc/src/utility/nbspace.cpp:155: Point: Calculated dot product with obj differs from solver's. Obj viol from solver: 101525.58740759. Calculated: 101525.58740778.
*** WARNING (version #870a55a): /home/sek519/warm_starting/vws/../vpc/src/utility/nbspace.cpp:155: Point: Calculated dot product with obj differs from solver's. Obj viol from solver: 78095.30932140. Calculated: 78095.30932128.
*** WARNING (version #870a55a): /home/sek519/warm_starting/vws/../vpc/src/utility/nbspace.cpp:155: Point: Calculated dot product with obj differs from solver's. Obj viol from solver: 81166.66549492. Calculated: 81166.66549449.
*** WARNING (version #870a55a): /home/sek519/warm_starting/vws/../vpc/src/utility/nbspace.cpp:155: Point: Calculated dot product with obj differs from solver's. Obj viol from solver: 93570.98740768. Calculated: 93570.98740787.
*** WARNING (version #870a55a): /home/sek519/warm_starting/vws/../vpc/src/utility/nbspace.cpp:155: Point: Calculated dot product with obj differs from solver's. Obj viol from solver: 88045.77279902. Calculated: 88045.77279887.
*** WARNING (version #870a55a): /home/sek519/warm_starting/vws/../vpc/src/utility/nbspace.cpp:155: Point: Calculated dot product with obj differs from solver's. Obj viol from solver: 84729.73349762. Calculated: 84729.73349725.
*** WARNING (version #870a55a): /home/sek519/warm_starting/vws/../vpc/src/utility/nbspace.cpp:155: Point: Calculated dot product with obj differs from solver's. Obj viol from solver: 108601.51888847. Calculated: 108601.51888831.
*** WARNING (version #870a55a): /home/sek519/warm_starting/vws/../vpc/src/utility/nbspace.cpp:155: Point: Calculated dot product with obj differs from solver's. Obj viol from solver: 77088.98740768. Calculated: 77088.98740785.
*** WARNING (version #870a55a): /home/sek519/warm_starting/vws/../vpc/src/utility/nbspace.cpp:155: Point: Calculated dot product with obj differs from solver's. Obj viol from solver: 103627.12392998. Calculated: 103627.12393021.
*** WARNING (version #870a55a): /home/sek519/warm_starting/vws/../vpc/src/utility/nbspace.cpp:155: Point: Calculated dot product with obj differs from solver's. Obj viol from solver: 84121.30932140. Calculated: 84121.30932124.
*** WARNING (version #870a55a): /home/sek519/warm_starting/vws/../vpc/src/utility/nbspace.cpp:155: Point: Calculated dot product with obj differs from solver's. Obj viol from solver: 74415.72392988. Calculated: 74415.72393006.
*** WARNING (version #870a55a): /home/sek519/warm_starting/vws/../vpc/src/utility/nbspace.cpp:155: Point: Calculated dot product with obj differs from solver's. Obj viol from solver: 126814.20201731. Calculated: 126814.20201670.
*** WARNING (version #870a55a): /home/sek519/warm_starting/vws/../vpc/src/utility/nbspace.cpp:155: Point: Calculated dot product with obj differs from solver's. Obj viol from solver: 81013.45088530. Calculated: 81013.45088548.
*** WARNING (version #870a55a): /home/sek519/warm_starting/vws/../vpc/src/utility/nbspace.cpp:155: Point: Calculated dot product with obj differs from solver's. Obj viol from solver: 107551.58740759. Calculated: 107551.58740784.
*** WARNING (version #870a55a): /home/sek519/warm_starting/vws/../vpc/src/utility/nbspace.cpp:155: Point: Calculated dot product with obj differs from solver's. Obj viol from solver: 82019.77279902. Calculated: 82019.77279882.
*** WARNING (version #870a55a): /home/sek519/warm_starting/vws/../vpc/src/utility/nbspace.cpp:155: Point: Calculated dot product with obj differs from solver's. Obj viol from solver: 108557.90932131. Calculated: 108557.90932118.
*** WARNING (version #870a55a): /home/sek519/warm_starting/vws/../vpc/src/utility/nbspace.cpp:155: Point: Calculated dot product with obj differs from solver's. Obj viol from solver: 96187.12393045. Calculated: 96187.12393020.
*** WARNING (version #870a55a): /home/sek519/warm_starting/vws/../vpc/src/utility/nbspace.cpp:155: Point: Calculated dot product with obj differs from solver's. Obj viol from solver: 100217.26045275. Calculated: 100217.26045258.
*** WARNING (version #870a55a): /home/sek519/warm_starting/vws/../vpc/src/utility/nbspace.cpp:155: Point: Calculated dot product with obj differs from solver's. Obj viol from solver: 107294.19697475. Calculated: 107294.19697489.
*** WARNING (version #870a55a): /home/sek519/warm_starting/vws/../vpc/src/utility/nbspace.cpp:155: Point: Calculated dot product with obj differs from solver's. Obj viol from solver: 95964.84393072. Calculated: 95964.84393017.
*** WARNING (version #870a55a): /home/sek519/warm_starting/vws/../vpc/src/utility/nbspace.cpp:155: Point: Calculated dot product with obj differs from solver's. Obj viol from solver: 90410.32393026. Calculated: 90410.32393016.
*** WARNING (version #870a55a): /home/sek519/warm_starting/vws/../vpc/src/utility/nbspace.cpp:155: Point: Calculated dot product with obj differs from solver's. Obj viol from solver: 101641.70932102. Calculated: 101641.70932131.
*** WARNING (version #870a55a): /home/sek519/warm_starting/vws/../vpc/src/utility/nbspace.cpp:155: Point: Calculated dot product with obj differs from solver's. Obj viol from solver: 110085.64584351. Calculated: 110085.64584365.
*** WARNING (version #870a55a): /home/sek519/warm_starting/vws/../vpc/src/utility/nbspace.cpp:155: Point: Calculated dot product with obj differs from solver's. Obj viol from solver: 133001.52393055. Calculated: 133001.52393020.
*** WARNING (version #870a55a): /home/sek519/warm_starting/vws/../vpc/src/utility/nbspace.cpp:155: Point: Calculated dot product with obj differs from solver's. Obj viol from solver: 137031.66045284. Calculated: 137031.66045258.
*** WARNING (version #870a55a): /home/sek519/warm_starting/vws/../vpc/src/utility/nbspace.cpp:155: Point: Calculated dot product with obj differs from solver's. Obj viol from solver: 89938.84393072. Calculated: 89938.84393010.
*** WARNING (version #870a55a): /home/sek519/warm_starting/vws/../vpc/src/utility/nbspace.cpp:155: Point: Calculated dot product with obj differs from solver's. Obj viol from solver: 84802.24584389. Calculated: 84802.24584365.
*** WARNING (version #870a55a): /home/sek519/warm_starting/vws/../vpc/src/utility/nbspace.cpp:155: Point: Calculated dot product with obj differs from solver's. Obj viol from solver: 93246.18236542. Calculated: 93246.18236598.
*** WARNING (version #870a55a): /home/sek519/warm_starting/vws/../vpc/src/utility/nbspace.cpp:155: Point: Calculated dot product with obj differs from solver's. Obj viol from solver: 136925.98740721. Calculated: 136925.98740774.
*** WARNING (version #870a55a): /home/sek519/warm_starting/vws/../vpc/src/utility/nbspace.cpp:155: Point: Calculated dot product with obj differs from solver's. Obj viol from solver: 140956.12393045. Calculated: 140956.12393012.
*** WARNING (version #870a55a): /home/sek519/warm_starting/vws/../vpc/src/utility/nbspace.cpp:155: Point: Calculated dot product with obj differs from solver's. Obj viol from solver: 90828.24584389. Calculated: 90828.24584361.
*** WARNING (version #870a55a): /home/sek519/warm_starting/vws/../vpc/src/utility/nbspace.cpp:155: Point: Calculated dot product with obj differs from solver's. Obj viol from solver: 99272.18236542. Calculated: 99272.18236594.
*** WARNING (version #870a55a): /home/sek519/warm_starting/vws/../vpc/src/utility/nbspace.cpp:155: Point: Calculated dot product with obj differs from solver's. Obj viol from solver: 99244.66549492. Calculated: 99244.66549446.
*** WARNING (version #870a55a): /home/sek519/warm_starting/vws/../vpc/src/utility/nbspace.cpp:155: Point: Calculated dot product with obj differs from solver's. Obj viol from solver: 88308.78740788. Calculated: 88308.78740773.
*** WARNING (version #870a55a): /home/sek519/warm_starting/vws/../vpc/src/utility/nbspace.cpp:155: Point: Calculated dot product with obj differs from solver's. Obj viol from solver: 87039.45088530. Calculated: 87039.45088548.
*** WARNING (version #870a55a): /home/sek519/warm_starting/vws/../vpc/src/utility/nbspace.cpp:155: Point: Calculated dot product with obj differs from solver's. Obj viol from solver: 113577.58740759. Calculated: 113577.58740784.
*** WARNING (version #870a55a): /home/sek519/warm_starting/vws/../vpc/src/utility/nbspace.cpp:155: Point: Calculated dot product with obj differs from solver's. Obj viol from solver: 104141.72393036. Calculated: 104141.72393012.
*** WARNING (version #870a55a): /home/sek519/warm_starting/vws/../vpc/src/utility/nbspace.cpp:155: Point: Calculated dot product with obj differs from solver's. Obj viol from solver: 87986.53088570. Calculated: 87986.53088549.
*** WARNING (version #870a55a): /home/sek519/warm_starting/vws/../vpc/src/utility/nbspace.cpp:155: Point: Calculated dot product with obj differs from solver's. Obj viol from solver: 100250.98740768. Calculated: 100250.98740785.
*** WARNING (version #870a55a): /home/sek519/warm_starting/vws/../vpc/src/utility/nbspace.cpp:155: Point: Calculated dot product with obj differs from solver's. Obj viol from solver: 95341.10932159. Calculated: 95341.10932112.
*** WARNING (version #870a55a): /home/sek519/warm_starting/vws/../vpc/src/utility/nbspace.cpp:155: Point: Calculated dot product with obj differs from solver's. Obj viol from solver: 131553.98740816. Calculated: 131553.98740776.
*** WARNING (version #870a55a): /home/sek519/warm_starting/vws/../vpc/src/utility/nbspace.cpp:155: Point: Calculated dot product with obj differs from solver's. Obj viol from solver: 70492.42045307. Calculated: 70492.42045253.
*** WARNING (version #870a55a): /home/sek519/warm_starting/vws/../vpc/src/utility/nbspace.cpp:155: Point: Calculated dot product with obj differs from solver's. Obj viol from solver: 122890.79853964. Calculated: 122890.79853916.
*** WARNING (version #870a55a): /home/sek519/warm_starting/vws/../vpc/src/utility/nbspace.cpp:155: Point: Calculated dot product with obj differs from solver's. Obj viol from solver: 73101.42045259. Calculated: 73101.42045244.
*** WARNING (version #870a55a): /home/sek519/warm_starting/vws/../vpc/src/utility/nbspace.cpp:155: Point: Calculated dot product with obj differs from solver's. Obj viol from solver: 101256.00000048. Calculated: 101256.00000002.
*** WARNING (version #870a55a): /home/sek519/warm_starting/vws/../vpc/src/utility/nbspace.cpp:155: Point: Calculated dot product with obj differs from solver's. Obj viol from solver: 86509.34236622. Calculated: 86509.34236598.
*** WARNING (version #870a55a): /home/sek519/warm_starting/vws/../vpc/src/utility/nbspace.cpp:155: Point: Calculated dot product with obj differs from solver's. Obj viol from solver: 87288.54236650. Calculated: 87288.54236599.
*** WARNING (version #870a55a): /home/sek519/warm_starting/vws/../vpc/src/utility/nbspace.cpp:155: Point: Calculated dot product with obj differs from solver's. Obj viol from solver: 83115.34740829. Calculated: 83115.34740785.
*** WARNING (version #870a55a): /home/sek519/warm_starting/vws/../vpc/src/utility/nbspace.cpp:155: Point: Calculated dot product with obj differs from solver's. Obj viol from solver: 109654.28393078. Calculated: 109654.28393021.
*** WARNING (version #870a55a): /home/sek519/warm_starting/vws/../vpc/src/utility/nbspace.cpp:155: Point: Calculated dot product with obj differs from solver's. Obj viol from solver: 74986.81088591. Calculated: 74986.81088542.
*** WARNING (version #870a55a): /home/sek519/warm_starting/vws/../vpc/src/utility/nbspace.cpp:155: Point: Calculated dot product with obj differs from solver's. Obj viol from solver: 101525.74740791. Calculated: 101525.74740778.
*** WARNING (version #870a55a): /home/sek519/warm_starting/vws/../vpc/src/utility/nbspace.cpp:155: Point: Calculated dot product with obj differs from solver's. Obj viol from solver: 78095.46932173. Calculated: 78095.46932128.
*** WARNING (version #870a55a): /home/sek519/warm_starting/vws/../vpc/src/utility/nbspace.cpp:155: Point: Calculated dot product with obj differs from solver's. Obj viol from solver: 81166.72549486. Calculated: 81166.72549449.
*** WARNING (version #870a55a): /home/sek519/warm_starting/vws/../vpc/src/utility/nbspace.cpp:155: Point: Calculated dot product with obj differs from solver's. Obj viol from solver: 93571.14740801. Calculated: 93571.14740787.
*** WARNING (version #870a55a): /home/sek519/warm_starting/vws/../vpc/src/utility/nbspace.cpp:155: Point: Calculated dot product with obj differs from solver's. Obj viol from solver: 88044.93279934. Calculated: 88044.93279887.
*** WARNING (version #870a55a): /home/sek519/warm_starting/vws/../vpc/src/utility/nbspace.cpp:155: Point: Calculated dot product with obj differs from solver's. Obj viol from solver: 114583.86932135. Calculated: 114583.86932123.
*** WARNING (version #870a55a): /home/sek519/warm_starting/vws/../vpc/src/utility/nbspace.cpp:155: Point: Calculated dot product with obj differs from solver's. Obj viol from solver: 84734.39349747. Calculated: 84734.39349725.
*** WARNING (version #870a55a): /home/sek519/warm_starting/vws/../vpc/src/utility/nbspace.cpp:155: Point: Calculated dot product with obj differs from solver's. Obj viol from solver: 108605.47888851. Calculated: 108605.47888831.
*** WARNING (version #870a55a): /home/sek519/warm_starting/vws/../vpc/src/utility/nbspace.cpp:155: Point: Calculated dot product with obj differs from solver's. Obj viol from solver: 84385.18393087. Calculated: 84385.18393019.
*** WARNING (version #870a55a): /home/sek519/warm_starting/vws/../vpc/src/utility/nbspace.cpp:155: Point: Calculated dot product with obj differs from solver's. Obj viol from solver: 120597.26201725. Calculated: 120597.26201683.
*** WARNING (version #870a55a): /home/sek519/warm_starting/vws/../vpc/src/utility/nbspace.cpp:155: Point: Calculated dot product with obj differs from solver's. Obj viol from solver: 77089.34740829. Calculated: 77089.34740785.
*** WARNING (version #870a55a): /home/sek519/warm_starting/vws/../vpc/src/utility/nbspace.cpp:155: Point: Calculated dot product with obj differs from solver's. Obj viol from solver: 103628.28393078. Calculated: 103628.28393021.
*** WARNING (version #870a55a): /home/sek519/warm_starting/vws/../vpc/src/utility/nbspace.cpp:155: Point: Calculated dot product with obj differs from solver's. Obj viol from solver: 84121.46932173. Calculated: 84121.46932124.
*** WARNING (version #870a55a): /home/sek519/warm_starting/vws/../vpc/src/utility/nbspace.cpp:155: Point: Calculated dot product with obj differs from solver's. Obj viol from solver: 110660.40584373. Calculated: 110660.40584360.
*** WARNING (version #870a55a): /home/sek519/warm_starting/vws/../vpc/src/utility/nbspace.cpp:155: Point: Calculated dot product with obj differs from solver's. Obj viol from solver: 74415.88393068. Calculated: 74415.88393006.
*** WARNING (version #870a55a): /home/sek519/warm_starting/vws/../vpc/src/utility/nbspace.cpp:155: Point: Calculated dot product with obj differs from solver's. Obj viol from solver: 126814.26201725. Calculated: 126814.26201670.
*** WARNING (version #870a55a): /home/sek519/warm_starting/vws/../vpc/src/utility/nbspace.cpp:155: Point: Calculated dot product with obj differs from solver's. Obj viol from solver: 81012.81088591. Calculated: 81012.81088548.
*** WARNING (version #870a55a): /home/sek519/warm_starting/vws/../vpc/src/utility/nbspace.cpp:155: Point: Calculated dot product with obj differs from solver's. Obj viol from solver: 82018.93279934. Calculated: 82018.93279882.
*** WARNING (version #870a55a): /home/sek519/warm_starting/vws/../vpc/src/utility/nbspace.cpp:155: Point: Calculated dot product with obj differs from solver's. Obj viol from solver: 108557.86932135. Calculated: 108557.86932118.
*** WARNING (version #870a55a): /home/sek519/warm_starting/vws/../vpc/src/utility/nbspace.cpp:155: Point: Calculated dot product with obj differs from solver's. Obj viol from solver: 103265.72045279. Calculated: 103265.72045251.
*** WARNING (version #870a55a): /home/sek519/warm_starting/vws/../vpc/src/utility/nbspace.cpp:155: Point: Calculated dot product with obj differs from solver's. Obj viol from solver: 100216.62045288. Calculated: 100216.62045258.
*** WARNING (version #870a55a): /home/sek519/warm_starting/vws/../vpc/src/utility/nbspace.cpp:155: Point: Calculated dot product with obj differs from solver's. Obj viol from solver: 107296.85697508. Calculated: 107296.85697489.
*** WARNING (version #870a55a): /home/sek519/warm_starting/vws/../vpc/src/utility/nbspace.cpp:155: Point: Calculated dot product with obj differs from solver's. Obj viol from solver: 124120.96347809. Calculated: 124120.96347769.
*** WARNING (version #870a55a): /home/sek519/warm_starting/vws/../vpc/src/utility/nbspace.cpp:155: Point: Calculated dot product with obj differs from solver's. Obj viol from solver: 90411.18393087. Calculated: 90411.18393016.
*** WARNING (version #870a55a): /home/sek519/warm_starting/vws/../vpc/src/utility/nbspace.cpp:155: Point: Calculated dot product with obj differs from solver's. Obj viol from solver: 126623.26201725. Calculated: 126623.26201679.
*** WARNING (version #870a55a): /home/sek519/warm_starting/vws/../vpc/src/utility/nbspace.cpp:155: Point: Calculated dot product with obj differs from solver's. Obj viol from solver: 101641.86932182. Calculated: 101641.86932131.
*** WARNING (version #870a55a): /home/sek519/warm_starting/vws/../vpc/src/utility/nbspace.cpp:155: Point: Calculated dot product with obj differs from solver's. Obj viol from solver: 110088.30584383. Calculated: 110088.30584365.
*** WARNING (version #870a55a): /home/sek519/warm_starting/vws/../vpc/src/utility/nbspace.cpp:155: Point: Calculated dot product with obj differs from solver's. Obj viol from solver: 133001.68393040. Calculated: 133001.68393020.
*** WARNING (version #870a55a): /home/sek519/warm_starting/vws/../vpc/src/utility/nbspace.cpp:155: Point: Calculated dot product with obj differs from solver's. Obj viol from solver: 137032.82045317. Calculated: 137032.82045258.
*** WARNING (version #870a55a): /home/sek519/warm_starting/vws/../vpc/src/utility/nbspace.cpp:155: Point: Calculated dot product with obj differs from solver's. Obj viol from solver: 89940.38393021. Calculated: 89940.38393010.
*** WARNING (version #870a55a): /home/sek519/warm_starting/vws/../vpc/src/utility/nbspace.cpp:155: Point: Calculated dot product with obj differs from solver's. Obj viol from solver: 118094.96347809. Calculated: 118094.96347769.
*** WARNING (version #870a55a): /home/sek519/warm_starting/vws/../vpc/src/utility/nbspace.cpp:155: Point: Calculated dot product with obj differs from solver's. Obj viol from solver: 94334.64740801. Calculated: 94334.64740778.
*** WARNING (version #870a55a): /home/sek519/warm_starting/vws/../vpc/src/utility/nbspace.cpp:155: Point: Calculated dot product with obj differs from solver's. Obj viol from solver: 130546.72549486. Calculated: 130546.72549442.
*** WARNING (version #870a55a): /home/sek519/warm_starting/vws/../vpc/src/utility/nbspace.cpp:155: Point: Calculated dot product with obj differs from solver's. Obj viol from solver: 84802.90584421. Calculated: 84802.90584365.
*** WARNING (version #870a55a): /home/sek519/warm_starting/vws/../vpc/src/utility/nbspace.cpp:155: Point: Calculated dot product with obj differs from solver's. Obj viol from solver: 93249.34236622. Calculated: 93249.34236598.
*** WARNING (version #870a55a): /home/sek519/warm_starting/vws/../vpc/src/utility/nbspace.cpp:155: Point: Calculated dot product with obj differs from solver's. Obj viol from solver: 136925.14740801. Calculated: 136925.14740774.
*** WARNING (version #870a55a): /home/sek519/warm_starting/vws/../vpc/src/utility/nbspace.cpp:155: Point: Calculated dot product with obj differs from solver's. Obj viol from solver: 140956.28393030. Calculated: 140956.28393012.
*** WARNING (version #870a55a): /home/sek519/warm_starting/vws/../vpc/src/utility/nbspace.cpp:155: Point: Calculated dot product with obj differs from solver's. Obj viol from solver: 90828.90584421. Calculated: 90828.90584361.
*** WARNING (version #870a55a): /home/sek519/warm_starting/vws/../vpc/src/utility/nbspace.cpp:155: Point: Calculated dot product with obj differs from solver's. Obj viol from solver: 99275.34236622. Calculated: 99275.34236594.
*** WARNING (version #870a55a): /home/sek519/warm_starting/vws/../vpc/src/utility/nbspace.cpp:155: Point: Calculated dot product with obj differs from solver's. Obj viol from solver: 86979.48897266. Calculated: 86979.48897208.
*** WARNING (version #870a55a): /home/sek519/warm_starting/vws/../vpc/src/utility/nbspace.cpp:155: Point: Calculated dot product with obj differs from solver's. Obj viol from solver: 99244.72549486. Calculated: 99244.72549446.
*** WARNING (version #870a55a): /home/sek519/warm_starting/vws/../vpc/src/utility/nbspace.cpp:155: Point: Calculated dot product with obj differs from solver's. Obj viol from solver: 88308.64740801. Calculated: 88308.64740773.
*** WARNING (version #870a55a): /home/sek519/warm_starting/vws/../vpc/src/utility/nbspace.cpp:155: Point: Calculated dot product with obj differs from solver's. Obj viol from solver: 124520.72549486. Calculated: 124520.72549436.
*** WARNING (version #870a55a): /home/sek519/warm_starting/vws/../vpc/src/utility/nbspace.cpp:155: Point: Calculated dot product with obj differs from solver's. Obj viol from solver: 87038.81088591. Calculated: 87038.81088548.
*** WARNING (version #870a55a): /home/sek519/warm_starting/vws/../vpc/src/utility/nbspace.cpp:155: Point: Calculated dot product with obj differs from solver's. Obj viol from solver: 104140.08393049. Calculated: 104140.08393012.
*** WARNING (version #870a55a): /home/sek519/warm_starting/vws/../vpc/src/utility/nbspace.cpp:155: Point: Calculated dot product with obj differs from solver's. Obj viol from solver: 111220.32045269. Calculated: 111220.32045243.
*** WARNING (version #870a55a): /home/sek519/warm_starting/vws/../vpc/src/utility/nbspace.cpp:155: Point: Calculated dot product with obj differs from solver's. Obj viol from solver: 87985.61088562. Calculated: 87985.61088549.
*** WARNING (version #870a55a): /home/sek519/warm_starting/vws/../vpc/src/utility/nbspace.cpp:155: Point: Calculated dot product with obj differs from solver's. Obj viol from solver: 100250.84740829. Calculated: 100250.84740785.
*** WARNING (version #870a55a): /home/sek519/warm_starting/vws/../vpc/src/utility/nbspace.cpp:155: Point: Calculated dot product with obj differs from solver's. Obj viol from solver: 95340.76932144. Calculated: 95340.76932112.
vws: /home/sek519/warm_starting/vpc/lib/Cbc-trunk/Cbc/src/CbcModel.cpp:11117: int CbcModel::takeOffCuts(OsiCuts&, bool, OsiCuts*, int, const OsiRowCut**): Assertion `numberRowsAtContinuous_ + totalNumberCuts == solver_->getNumRows()' failed.


ERROR while running Cbc. Signal SIGABRT caught. Getting stack trace.
/home/sek519/warm_starting/vws/../vpc/lib/Cbc-trunk/buildg/lib/libCbc.so.0(_Z15CbcCrashHandleri+0x277) [0x2ad4a43f4a4b]
/lib/x86_64-linux-gnu/libc.so.6(+0x33060) [0x2ad4a51ae060]
/lib/x86_64-linux-gnu/libc.so.6(gsignal+0xcf) [0x2ad4a51adfff]
/lib/x86_64-linux-gnu/libc.so.6(abort+0x16a) [0x2ad4a51af42a]
/lib/x86_64-linux-gnu/libc.so.6(+0x2be67) [0x2ad4a51a6e67]
/lib/x86_64-linux-gnu/libc.so.6(+0x2bf12) [0x2ad4a51a6f12]
/home/sek519/warm_starting/vws/../vpc/lib/Cbc-trunk/buildg/lib/libCbc.so.0(_ZN8CbcModel11takeOffCutsER7OsiCutsbPS0_iPPK9OsiRowCut+0xf3) [0x2ad4a439d1e7]
/home/sek519/warm_starting/vws/../vpc/lib/Cbc-trunk/buildg/lib/libCbc.so.0(_ZN8CbcModel12chooseBranchERP7CbcNodeiS1_R7OsiCutsRbP18CoinWarmStartBasisPKdS9_RP15OsiSolverBranch+0x122f) [0x2ad4a43aee1b]
/home/sek519/warm_starting/vws/../vpc/lib/Cbc-trunk/buildg/lib/libCbc.so.0(_ZN8CbcModel14branchAndBoundEi+0xaf15) [0x2ad4a4383573]
../Debug/vws(+0x104589) [0x55d2bea41589]
../Debug/vws(+0x127b00) [0x55d2bea64b00]
../Debug/vws(+0x79d6a) [0x55d2be9b6d6a]
/lib/x86_64-linux-gnu/libc.so.6(__libc_start_main+0xf1) [0x2ad4a519b2e1]
../Debug/vws(+0x79259) [0x55d2be9b6259]




ERROR while running Cbc. Signal SIGABRT caught. Getting stack trace.
/home/sek519/warm_starting/vws/../vpc/lib/Cbc-trunk/buildg/lib/libCbc.so.0(_Z15CbcCrashHandleri+0x277) [0x2ad4a43f4a4b]
/lib/x86_64-linux-gnu/libc.so.6(+0x33060) [0x2ad4a51ae060]
/lib/x86_64-linux-gnu/libc.so.6(gsignal+0xcf) [0x2ad4a51adfff]
/lib/x86_64-linux-gnu/libc.so.6(abort+0x16a) [0x2ad4a51af42a]
/home/sek519/warm_starting/vws/../vpc/lib/Cbc-trunk/buildg/lib/libCbc.so.0(_Z15CbcCrashHandleri+0x355) [0x2ad4a43f4b29]
/lib/x86_64-linux-gnu/libc.so.6(+0x33060) [0x2ad4a51ae060]
/lib/x86_64-linux-gnu/libc.so.6(gsignal+0xcf) [0x2ad4a51adfff]
/lib/x86_64-linux-gnu/libc.so.6(abort+0x16a) [0x2ad4a51af42a]
/lib/x86_64-linux-gnu/libc.so.6(+0x2be67) [0x2ad4a51a6e67]
/lib/x86_64-linux-gnu/libc.so.6(+0x2bf12) [0x2ad4a51a6f12]
/home/sek519/warm_starting/vws/../vpc/lib/Cbc-trunk/buildg/lib/libCbc.so.0(_ZN8CbcModel11takeOffCutsER7OsiCutsbPS0_iPPK9OsiRowCut+0xf3) [0x2ad4a439d1e7]
/home/sek519/warm_starting/vws/../vpc/lib/Cbc-trunk/buildg/lib/libCbc.so.0(_ZN8CbcModel12chooseBranchERP7CbcNodeiS1_R7OsiCutsRbP18CoinWarmStartBasisPKdS9_RP15OsiSolverBranch+0x122f) [0x2ad4a43aee1b]
/home/sek519/warm_starting/vws/../vpc/lib/Cbc-trunk/buildg/lib/libCbc.so.0(_ZN8CbcModel14branchAndBoundEi+0xaf15) [0x2ad4a4383573]
../Debug/vws(+0x104589) [0x55d2bea41589]
../Debug/vws(+0x127b00) [0x55d2bea64b00]
../Debug/vws(+0x79d6a) [0x55d2be9b6d6a]
/lib/x86_64-linux-gnu/libc.so.6(__libc_start_main+0xf1) [0x2ad4a519b2e1]
../Debug/vws(+0x79259) [0x55d2be9b6259]


/var/spool/torque/mom_priv/jobs/1220021.polyp1.ie.lehigh.edu.SC: line 4:  4988 Aborted                 (core dumped) ../Debug/vws ${INPUT_FOLDER} ${OUTPUT_FILE} ${MAX_TIME} ${GENERATOR} ${TERMS}
