*** WARNING (version #870a55a): /home/sek519/warm_starting/vws/../vpc/src/utility/nbspace.cpp:155: Point: Calculated dot product with obj differs from solver's. Obj viol from solver: 47487.73853970. Calculated: 47487.73853916.
*** WARNING (version #870a55a): /home/sek519/warm_starting/vws/../vpc/src/utility/nbspace.cpp:155: Point: Calculated dot product with obj differs from solver's. Obj viol from solver: 54053.94156456. Calculated: 54053.94156427.
*** WARNING (version #870a55a): /home/sek519/warm_starting/vws/../vpc/src/utility/nbspace.cpp:155: Point: Calculated dot product with obj differs from solver's. Obj viol from solver: 57438.20201731. Calculated: 57438.20201675.
*** WARNING (version #870a55a): /home/sek519/warm_starting/vws/../vpc/src/utility/nbspace.cpp:155: Point: Calculated dot product with obj differs from solver's. Obj viol from solver: 51412.20201731. Calculated: 51412.20201670.
*** WARNING (version #870a55a): /home/sek519/warm_starting/vws/../vpc/src/utility/nbspace.cpp:155: Point: Calculated dot product with obj differs from solver's. Obj viol from solver: 67962.78236580. Calculated: 67962.78236598.
*** WARNING (version #870a55a): /home/sek519/warm_starting/vws/../vpc/src/utility/nbspace.cpp:155: Point: Calculated dot product with obj differs from solver's. Obj viol from solver: 61255.84584332. Calculated: 61255.84584361.
*** WARNING (version #870a55a): /home/sek519/warm_starting/vws/../vpc/src/utility/nbspace.cpp:155: Point: Calculated dot product with obj differs from solver's. Obj viol from solver: 87793.98236561. Calculated: 87793.98236598.
*** WARNING (version #870a55a): /home/sek519/warm_starting/vws/../vpc/src/utility/nbspace.cpp:155: Point: Calculated dot product with obj differs from solver's. Obj viol from solver: 60249.52393055. Calculated: 60249.52393018.
*** WARNING (version #870a55a): /home/sek519/warm_starting/vws/../vpc/src/utility/nbspace.cpp:155: Point: Calculated dot product with obj differs from solver's. Obj viol from solver: 86787.66045284. Calculated: 86787.66045255.
*** WARNING (version #870a55a): /home/sek519/warm_starting/vws/../vpc/src/utility/nbspace.cpp:155: Point: Calculated dot product with obj differs from solver's. Obj viol from solver: 55060.26347828. Calculated: 55060.26347766.
*** WARNING (version #870a55a): /home/sek519/warm_starting/vws/../vpc/src/utility/nbspace.cpp:155: Point: Calculated dot product with obj differs from solver's. Obj viol from solver: 73099.38045263. Calculated: 73099.38045244.
*** WARNING (version #870a55a): /home/sek519/warm_starting/vws/../vpc/src/utility/nbspace.cpp:155: Point: Calculated dot product with obj differs from solver's. Obj viol from solver: 101255.39999962. Calculated: 101255.40000002.
*** WARNING (version #870a55a): /home/sek519/warm_starting/vws/../vpc/src/branch/VPCEventHandler.cpp:1258: Objective at parent node 1/8 (node id 0) is somewhat incorrect. During BB, it was 3105766955.649, now it is 3105754405.649.
Disjunction does not represent a full binary tree.
vws: /home/sek519/warm_starting/vws/../vpc/src/utility/utility.cpp:651: void verify(bool, const std::string&): Assertion `false' failed.


ERROR while running Cbc. Signal SIGABRT caught. Getting stack trace.
/home/sek519/warm_starting/vws/../vpc/lib/Cbc-trunk/buildg/lib/libCbc.so.0(_Z15CbcCrashHandleri+0x277) [0x2b0b82a8aa4b]
/lib/x86_64-linux-gnu/libc.so.6(+0x33060) [0x2b0b83844060]
/lib/x86_64-linux-gnu/libc.so.6(gsignal+0xcf) [0x2b0b83843fff]
/lib/x86_64-linux-gnu/libc.so.6(abort+0x16a) [0x2b0b8384542a]
/lib/x86_64-linux-gnu/libc.so.6(+0x2be67) [0x2b0b8383ce67]
/lib/x86_64-linux-gnu/libc.so.6(+0x2bf12) [0x2b0b8383cf12]
../Debug/vws(+0x1b0427) [0x563b17897427]
../Debug/vws(+0x1c6a1b) [0x563b178ada1b]
../Debug/vws(+0x1c5c86) [0x563b178acc86]
../Debug/vws(+0x1bcc46) [0x563b178a3c46]
/home/sek519/warm_starting/vws/../vpc/lib/Cbc-trunk/buildg/lib/libCbc.so.0(_ZN8CbcModel14branchAndBoundEi+0xe2fb) [0x2b0b82a1c959]
../Debug/vws(+0x1fe716) [0x563b178e5716]
../Debug/vws(+0x1fc8e5) [0x563b178e38e5]
../Debug/vws(+0x1d5956) [0x563b178bc956]
../Debug/vws(+0x104c60) [0x563b177ebc60]
../Debug/vws(+0x103ee1) [0x563b177eaee1]
../Debug/vws(+0x127b00) [0x563b1780eb00]
../Debug/vws(+0x79d6a) [0x563b17760d6a]
/lib/x86_64-linux-gnu/libc.so.6(__libc_start_main+0xf1) [0x2b0b838312e1]
../Debug/vws(+0x79259) [0x563b17760259]




ERROR while running Cbc. Signal SIGABRT caught. Getting stack trace.
/home/sek519/warm_starting/vws/../vpc/lib/Cbc-trunk/buildg/lib/libCbc.so.0(_Z15CbcCrashHandleri+0x277) [0x2b0b82a8aa4b]
/lib/x86_64-linux-gnu/libc.so.6(+0x33060) [0x2b0b83844060]
/lib/x86_64-linux-gnu/libc.so.6(gsignal+0xcf) [0x2b0b83843fff]
/lib/x86_64-linux-gnu/libc.so.6(abort+0x16a) [0x2b0b8384542a]
/home/sek519/warm_starting/vws/../vpc/lib/Cbc-trunk/buildg/lib/libCbc.so.0(_Z15CbcCrashHandleri+0x355) [0x2b0b82a8ab29]
/lib/x86_64-linux-gnu/libc.so.6(+0x33060) [0x2b0b83844060]
/lib/x86_64-linux-gnu/libc.so.6(gsignal+0xcf) [0x2b0b83843fff]
/lib/x86_64-linux-gnu/libc.so.6(abort+0x16a) [0x2b0b8384542a]
/lib/x86_64-linux-gnu/libc.so.6(+0x2be67) [0x2b0b8383ce67]
/lib/x86_64-linux-gnu/libc.so.6(+0x2bf12) [0x2b0b8383cf12]
../Debug/vws(+0x1b0427) [0x563b17897427]
../Debug/vws(+0x1c6a1b) [0x563b178ada1b]
../Debug/vws(+0x1c5c86) [0x563b178acc86]
../Debug/vws(+0x1bcc46) [0x563b178a3c46]
/home/sek519/warm_starting/vws/../vpc/lib/Cbc-trunk/buildg/lib/libCbc.so.0(_ZN8CbcModel14branchAndBoundEi+0xe2fb) [0x2b0b82a1c959]
../Debug/vws(+0x1fe716) [0x563b178e5716]
../Debug/vws(+0x1fc8e5) [0x563b178e38e5]
../Debug/vws(+0x1d5956) [0x563b178bc956]
../Debug/vws(+0x104c60) [0x563b177ebc60]
../Debug/vws(+0x103ee1) [0x563b177eaee1]
../Debug/vws(+0x127b00) [0x563b1780eb00]
../Debug/vws(+0x79d6a) [0x563b17760d6a]
/lib/x86_64-linux-gnu/libc.so.6(__libc_start_main+0xf1) [0x2b0b838312e1]
../Debug/vws(+0x79259) [0x563b17760259]


/var/spool/torque/mom_priv/jobs/1220004.polyp1.ie.lehigh.edu.SC: line 4:  8976 Aborted                 ../Debug/vws ${INPUT_FOLDER} ${OUTPUT_FILE} ${MAX_TIME} ${GENERATOR} ${TERMS}
