*** WARNING (version #870a55a): /home/sek519/warm_starting/vws/../vpc/src/cut/PRLP.cpp:392: PRLP took too long to solve (61.612000 sec, with limit of 60.000000 sec); giving up on this point-ray collection.
[WARNING] No vpcs were made from a new disjunction. Stopping series.
vws: /home/sek519/warm_starting/vws/../vpc/src/utility/utility.cpp:651: void verify(bool, const std::string&): Assertion `false' failed.


ERROR while running Cbc. Signal SIGABRT caught. Getting stack trace.
/home/sek519/warm_starting/vws/../vpc/lib/Cbc-trunk/buildg/lib/libCbc.so.0(_Z15CbcCrashHandleri+0x277) [0x2b6f3246ba4b]
/lib/x86_64-linux-gnu/libc.so.6(+0x33060) [0x2b6f33225060]
/lib/x86_64-linux-gnu/libc.so.6(gsignal+0xcf) [0x2b6f33224fff]
/lib/x86_64-linux-gnu/libc.so.6(abort+0x16a) [0x2b6f3322642a]
/lib/x86_64-linux-gnu/libc.so.6(+0x2be67) [0x2b6f3321de67]
/lib/x86_64-linux-gnu/libc.so.6(+0x2bf12) [0x2b6f3321df12]
../Debug/vws(+0x1b0427) [0x563c0d27f427]
../Debug/vws(+0x127bb8) [0x563c0d1f6bb8]
../Debug/vws(+0x79d6a) [0x563c0d148d6a]
/lib/x86_64-linux-gnu/libc.so.6(__libc_start_main+0xf1) [0x2b6f332122e1]
../Debug/vws(+0x79259) [0x563c0d148259]




ERROR while running Cbc. Signal SIGABRT caught. Getting stack trace.
/home/sek519/warm_starting/vws/../vpc/lib/Cbc-trunk/buildg/lib/libCbc.so.0(_Z15CbcCrashHandleri+0x277) [0x2b6f3246ba4b]
/lib/x86_64-linux-gnu/libc.so.6(+0x33060) [0x2b6f33225060]
/lib/x86_64-linux-gnu/libc.so.6(gsignal+0xcf) [0x2b6f33224fff]
/lib/x86_64-linux-gnu/libc.so.6(abort+0x16a) [0x2b6f3322642a]
/home/sek519/warm_starting/vws/../vpc/lib/Cbc-trunk/buildg/lib/libCbc.so.0(_Z15CbcCrashHandleri+0x355) [0x2b6f3246bb29]
/lib/x86_64-linux-gnu/libc.so.6(+0x33060) [0x2b6f33225060]
/lib/x86_64-linux-gnu/libc.so.6(gsignal+0xcf) [0x2b6f33224fff]
/lib/x86_64-linux-gnu/libc.so.6(abort+0x16a) [0x2b6f3322642a]
/lib/x86_64-linux-gnu/libc.so.6(+0x2be67) [0x2b6f3321de67]
/lib/x86_64-linux-gnu/libc.so.6(+0x2bf12) [0x2b6f3321df12]
../Debug/vws(+0x1b0427) [0x563c0d27f427]
../Debug/vws(+0x127bb8) [0x563c0d1f6bb8]
../Debug/vws(+0x79d6a) [0x563c0d148d6a]
/lib/x86_64-linux-gnu/libc.so.6(__libc_start_main+0xf1) [0x2b6f332122e1]
../Debug/vws(+0x79259) [0x563c0d148259]


/var/spool/torque/mom_priv/jobs/1219877.polyp1.ie.lehigh.edu.SC: line 4: 20296 Aborted                 (core dumped) ../Debug/vws ${INPUT_FOLDER} ${OUTPUT_FILE} ${MAX_TIME} ${GENERATOR} ${TERMS}
