*** WARNING (version #870a55a): /home/sek519/warm_starting/vws/../vpc/src/utility/nbspace.cpp:155: Point: Calculated dot product with obj differs from solver's. Obj viol from solver: 70491.26045227. Calculated: 70491.26045253.
*** WARNING (version #870a55a): /home/sek519/warm_starting/vws/../vpc/src/utility/nbspace.cpp:155: Point: Calculated dot product with obj differs from solver's. Obj viol from solver: 122889.73853970. Calculated: 122889.73853916.
*** WARNING (version #870a55a): /home/sek519/warm_starting/vws/../vpc/src/utility/nbspace.cpp:155: Point: Calculated dot product with obj differs from solver's. Obj viol from solver: 73099.38045263. Calculated: 73099.38045244.
*** WARNING (version #870a55a): /home/sek519/warm_starting/vws/../vpc/src/utility/nbspace.cpp:155: Point: Calculated dot product with obj differs from solver's. Obj viol from solver: 101255.39999962. Calculated: 101255.40000002.
*** WARNING (version #870a55a): /home/sek519/warm_starting/vws/../vpc/src/utility/nbspace.cpp:155: Point: Calculated dot product with obj differs from solver's. Obj viol from solver: 86508.18236542. Calculated: 86508.18236598.
*** WARNING (version #870a55a): /home/sek519/warm_starting/vws/../vpc/src/utility/nbspace.cpp:155: Point: Calculated dot product with obj differs from solver's. Obj viol from solver: 87287.18236637. Calculated: 87287.18236599.
*** WARNING (version #870a55a): /home/sek519/warm_starting/vws/../vpc/src/utility/nbspace.cpp:155: Point: Calculated dot product with obj differs from solver's. Obj viol from solver: 83114.98740768. Calculated: 83114.98740785.
*** WARNING (version #870a55a): /home/sek519/warm_starting/vws/../vpc/src/utility/nbspace.cpp:155: Point: Calculated dot product with obj differs from solver's. Obj viol from solver: 109653.12392998. Calculated: 109653.12393021.
*** WARNING (version #870a55a): /home/sek519/warm_starting/vws/../vpc/src/utility/nbspace.cpp:155: Point: Calculated dot product with obj differs from solver's. Obj viol from solver: 74987.45088530. Calculated: 74987.45088542.
*** WARNING (version #870a55a): /home/sek519/warm_starting/vws/../vpc/src/utility/nbspace.cpp:155: Point: Calculated dot product with obj differs from solver's. Obj viol from solver: 101525.58740759. Calculated: 101525.58740778.
*** WARNING (version #870a55a): /home/sek519/warm_starting/vws/../vpc/src/utility/nbspace.cpp:155: Point: Calculated dot product with obj differs from solver's. Obj viol from solver: 78095.30932140. Calculated: 78095.30932128.
*** WARNING (version #870a55a): /home/sek519/warm_starting/vws/../vpc/src/utility/nbspace.cpp:155: Point: Calculated dot product with obj differs from solver's. Obj viol from solver: 81166.66549492. Calculated: 81166.66549449.
*** WARNING (version #870a55a): /home/sek519/warm_starting/vws/../vpc/src/utility/nbspace.cpp:155: Point: Calculated dot product with obj differs from solver's. Obj viol from solver: 93570.98740768. Calculated: 93570.98740787.
*** WARNING (version #870a55a): /home/sek519/warm_starting/vws/../vpc/src/utility/nbspace.cpp:155: Point: Calculated dot product with obj differs from solver's. Obj viol from solver: 88045.77279902. Calculated: 88045.77279887.
*** WARNING (version #870a55a): /home/sek519/warm_starting/vws/../vpc/src/utility/nbspace.cpp:155: Point: Calculated dot product with obj differs from solver's. Obj viol from solver: 84729.73349762. Calculated: 84729.73349725.
*** WARNING (version #870a55a): /home/sek519/warm_starting/vws/../vpc/src/utility/nbspace.cpp:155: Point: Calculated dot product with obj differs from solver's. Obj viol from solver: 108601.51888847. Calculated: 108601.51888831.
*** WARNING (version #870a55a): /home/sek519/warm_starting/vws/../vpc/src/utility/nbspace.cpp:155: Point: Calculated dot product with obj differs from solver's. Obj viol from solver: 77088.98740768. Calculated: 77088.98740785.
*** WARNING (version #870a55a): /home/sek519/warm_starting/vws/../vpc/src/utility/nbspace.cpp:155: Point: Calculated dot product with obj differs from solver's. Obj viol from solver: 103627.12392998. Calculated: 103627.12393021.
*** WARNING (version #870a55a): /home/sek519/warm_starting/vws/../vpc/src/utility/nbspace.cpp:155: Point: Calculated dot product with obj differs from solver's. Obj viol from solver: 84121.30932140. Calculated: 84121.30932124.
*** WARNING (version #870a55a): /home/sek519/warm_starting/vws/../vpc/src/utility/nbspace.cpp:155: Point: Calculated dot product with obj differs from solver's. Obj viol from solver: 74415.72392988. Calculated: 74415.72393006.
*** WARNING (version #870a55a): /home/sek519/warm_starting/vws/../vpc/src/utility/nbspace.cpp:155: Point: Calculated dot product with obj differs from solver's. Obj viol from solver: 126814.20201731. Calculated: 126814.20201670.
*** WARNING (version #870a55a): /home/sek519/warm_starting/vws/../vpc/src/utility/nbspace.cpp:155: Point: Calculated dot product with obj differs from solver's. Obj viol from solver: 81013.45088530. Calculated: 81013.45088548.
*** WARNING (version #870a55a): /home/sek519/warm_starting/vws/../vpc/src/utility/nbspace.cpp:155: Point: Calculated dot product with obj differs from solver's. Obj viol from solver: 107551.58740759. Calculated: 107551.58740784.
*** WARNING (version #870a55a): /home/sek519/warm_starting/vws/../vpc/src/utility/nbspace.cpp:155: Point: Calculated dot product with obj differs from solver's. Obj viol from solver: 82019.77279902. Calculated: 82019.77279882.
*** WARNING (version #870a55a): /home/sek519/warm_starting/vws/../vpc/src/utility/nbspace.cpp:155: Point: Calculated dot product with obj differs from solver's. Obj viol from solver: 108557.90932131. Calculated: 108557.90932118.
*** WARNING (version #870a55a): /home/sek519/warm_starting/vws/../vpc/src/utility/nbspace.cpp:155: Point: Calculated dot product with obj differs from solver's. Obj viol from solver: 96187.12393045. Calculated: 96187.12393020.
*** WARNING (version #870a55a): /home/sek519/warm_starting/vws/../vpc/src/utility/nbspace.cpp:155: Point: Calculated dot product with obj differs from solver's. Obj viol from solver: 100217.26045275. Calculated: 100217.26045258.
*** WARNING (version #870a55a): /home/sek519/warm_starting/vws/../vpc/src/utility/nbspace.cpp:155: Point: Calculated dot product with obj differs from solver's. Obj viol from solver: 107294.19697475. Calculated: 107294.19697489.
*** WARNING (version #870a55a): /home/sek519/warm_starting/vws/../vpc/src/utility/nbspace.cpp:155: Point: Calculated dot product with obj differs from solver's. Obj viol from solver: 95964.84393072. Calculated: 95964.84393017.
*** WARNING (version #870a55a): /home/sek519/warm_starting/vws/../vpc/src/utility/nbspace.cpp:155: Point: Calculated dot product with obj differs from solver's. Obj viol from solver: 90410.32393026. Calculated: 90410.32393016.
*** WARNING (version #870a55a): /home/sek519/warm_starting/vws/../vpc/src/utility/nbspace.cpp:155: Point: Calculated dot product with obj differs from solver's. Obj viol from solver: 101641.70932102. Calculated: 101641.70932131.
*** WARNING (version #870a55a): /home/sek519/warm_starting/vws/../vpc/src/utility/nbspace.cpp:155: Point: Calculated dot product with obj differs from solver's. Obj viol from solver: 110085.64584351. Calculated: 110085.64584365.
*** WARNING (version #870a55a): /home/sek519/warm_starting/vws/../vpc/src/utility/nbspace.cpp:155: Point: Calculated dot product with obj differs from solver's. Obj viol from solver: 133001.52393055. Calculated: 133001.52393020.
*** WARNING (version #870a55a): /home/sek519/warm_starting/vws/../vpc/src/utility/nbspace.cpp:155: Point: Calculated dot product with obj differs from solver's. Obj viol from solver: 137031.66045284. Calculated: 137031.66045258.
*** WARNING (version #870a55a): /home/sek519/warm_starting/vws/../vpc/src/utility/nbspace.cpp:155: Point: Calculated dot product with obj differs from solver's. Obj viol from solver: 89938.84393072. Calculated: 89938.84393010.
*** WARNING (version #870a55a): /home/sek519/warm_starting/vws/../vpc/src/utility/nbspace.cpp:155: Point: Calculated dot product with obj differs from solver's. Obj viol from solver: 84802.24584389. Calculated: 84802.24584365.
*** WARNING (version #870a55a): /home/sek519/warm_starting/vws/../vpc/src/utility/nbspace.cpp:155: Point: Calculated dot product with obj differs from solver's. Obj viol from solver: 93246.18236542. Calculated: 93246.18236598.
*** WARNING (version #870a55a): /home/sek519/warm_starting/vws/../vpc/src/utility/nbspace.cpp:155: Point: Calculated dot product with obj differs from solver's. Obj viol from solver: 136925.98740721. Calculated: 136925.98740774.
*** WARNING (version #870a55a): /home/sek519/warm_starting/vws/../vpc/src/utility/nbspace.cpp:155: Point: Calculated dot product with obj differs from solver's. Obj viol from solver: 140956.12393045. Calculated: 140956.12393012.
*** WARNING (version #870a55a): /home/sek519/warm_starting/vws/../vpc/src/utility/nbspace.cpp:155: Point: Calculated dot product with obj differs from solver's. Obj viol from solver: 90828.24584389. Calculated: 90828.24584361.
*** WARNING (version #870a55a): /home/sek519/warm_starting/vws/../vpc/src/utility/nbspace.cpp:155: Point: Calculated dot product with obj differs from solver's. Obj viol from solver: 99272.18236542. Calculated: 99272.18236594.
*** WARNING (version #870a55a): /home/sek519/warm_starting/vws/../vpc/src/utility/nbspace.cpp:155: Point: Calculated dot product with obj differs from solver's. Obj viol from solver: 99244.66549492. Calculated: 99244.66549446.
*** WARNING (version #870a55a): /home/sek519/warm_starting/vws/../vpc/src/utility/nbspace.cpp:155: Point: Calculated dot product with obj differs from solver's. Obj viol from solver: 88308.78740788. Calculated: 88308.78740773.
*** WARNING (version #870a55a): /home/sek519/warm_starting/vws/../vpc/src/utility/nbspace.cpp:155: Point: Calculated dot product with obj differs from solver's. Obj viol from solver: 87039.45088530. Calculated: 87039.45088548.
*** WARNING (version #870a55a): /home/sek519/warm_starting/vws/../vpc/src/utility/nbspace.cpp:155: Point: Calculated dot product with obj differs from solver's. Obj viol from solver: 113577.58740759. Calculated: 113577.58740784.
*** WARNING (version #870a55a): /home/sek519/warm_starting/vws/../vpc/src/utility/nbspace.cpp:155: Point: Calculated dot product with obj differs from solver's. Obj viol from solver: 104141.72393036. Calculated: 104141.72393012.
*** WARNING (version #870a55a): /home/sek519/warm_starting/vws/../vpc/src/utility/nbspace.cpp:155: Point: Calculated dot product with obj differs from solver's. Obj viol from solver: 87986.53088570. Calculated: 87986.53088549.
*** WARNING (version #870a55a): /home/sek519/warm_starting/vws/../vpc/src/utility/nbspace.cpp:155: Point: Calculated dot product with obj differs from solver's. Obj viol from solver: 100250.98740768. Calculated: 100250.98740785.
*** WARNING (version #870a55a): /home/sek519/warm_starting/vws/../vpc/src/utility/nbspace.cpp:155: Point: Calculated dot product with obj differs from solver's. Obj viol from solver: 95341.10932159. Calculated: 95341.10932112.
*** WARNING (version #870a55a): /home/sek519/warm_starting/vws/../vpc/src/utility/nbspace.cpp:155: Point: Calculated dot product with obj differs from solver's. Obj viol from solver: 131553.98740816. Calculated: 131553.98740776.
*** WARNING (version #870a55a): /home/sek519/warm_starting/vws/../vpc/src/branch/VPCEventHandler.cpp:1258: Objective at parent node 3/32 (node id 79) is somewhat incorrect. During BB, it was 3857521467.498, now it is 3857465487.481.
*** WARNING (version #870a55a): /home/sek519/warm_starting/vws/../vpc/src/branch/VPCEventHandler.cpp:1258: Objective at parent node 14/32 (node id 19) is somewhat incorrect. During BB, it was 3857533054.380, now it is 3857482414.095.
*** WARNING (version #870a55a): /home/sek519/warm_starting/vws/../vpc/src/branch/VPCEventHandler.cpp:1258: Objective at parent node 21/32 (node id 81) is somewhat incorrect. During BB, it was 3857604385.728, now it is 3857548405.712.
*** WARNING (version #870a55a): /home/sek519/warm_starting/vws/../vpc/src/branch/VPCEventHandler.cpp:1258: Objective at parent node 23/32 (node id 72) is somewhat incorrect. During BB, it was 3857665414.795, now it is 3857565542.747.
*** WARNING (version #870a55a): /home/sek519/warm_starting/vws/../vpc/src/branch/VPCEventHandler.cpp:1258: Objective at parent node 32/32 (node id 21) is somewhat incorrect. During BB, it was 3857551847.718, now it is 3857507498.794.
Disjunction does not represent a full binary tree.
vws: /home/sek519/warm_starting/vws/../vpc/src/utility/utility.cpp:651: void verify(bool, const std::string&): Assertion `false' failed.


ERROR while running Cbc. Signal SIGABRT caught. Getting stack trace.
/home/sek519/warm_starting/vws/../vpc/lib/Cbc-trunk/buildg/lib/libCbc.so.0(_Z15CbcCrashHandleri+0x277) [0x2b2492a65a4b]
/lib/x86_64-linux-gnu/libc.so.6(+0x33060) [0x2b249381f060]
/lib/x86_64-linux-gnu/libc.so.6(gsignal+0xcf) [0x2b249381efff]
/lib/x86_64-linux-gnu/libc.so.6(abort+0x16a) [0x2b249382042a]
/lib/x86_64-linux-gnu/libc.so.6(+0x2be67) [0x2b2493817e67]
/lib/x86_64-linux-gnu/libc.so.6(+0x2bf12) [0x2b2493817f12]
../Debug/vws(+0x1b0427) [0x5644211e3427]
../Debug/vws(+0x1c6a1b) [0x5644211f9a1b]
../Debug/vws(+0x1c5c86) [0x5644211f8c86]
../Debug/vws(+0x1bcc46) [0x5644211efc46]
/home/sek519/warm_starting/vws/../vpc/lib/Cbc-trunk/buildg/lib/libCbc.so.0(_ZN8CbcModel14branchAndBoundEi+0xe2fb) [0x2b24929f7959]
../Debug/vws(+0x1fe716) [0x564421231716]
../Debug/vws(+0x1fc8e5) [0x56442122f8e5]
../Debug/vws(+0x1d5956) [0x564421208956]
../Debug/vws(+0x104c60) [0x564421137c60]
../Debug/vws(+0x103ee1) [0x564421136ee1]
../Debug/vws(+0x127b00) [0x56442115ab00]
../Debug/vws(+0x79d6a) [0x5644210acd6a]
/lib/x86_64-linux-gnu/libc.so.6(__libc_start_main+0xf1) [0x2b249380c2e1]
../Debug/vws(+0x79259) [0x5644210ac259]




ERROR while running Cbc. Signal SIGABRT caught. Getting stack trace.
/home/sek519/warm_starting/vws/../vpc/lib/Cbc-trunk/buildg/lib/libCbc.so.0(_Z15CbcCrashHandleri+0x277) [0x2b2492a65a4b]
/lib/x86_64-linux-gnu/libc.so.6(+0x33060) [0x2b249381f060]
/lib/x86_64-linux-gnu/libc.so.6(gsignal+0xcf) [0x2b249381efff]
/lib/x86_64-linux-gnu/libc.so.6(abort+0x16a) [0x2b249382042a]
/home/sek519/warm_starting/vws/../vpc/lib/Cbc-trunk/buildg/lib/libCbc.so.0(_Z15CbcCrashHandleri+0x355) [0x2b2492a65b29]
/lib/x86_64-linux-gnu/libc.so.6(+0x33060) [0x2b249381f060]
/lib/x86_64-linux-gnu/libc.so.6(gsignal+0xcf) [0x2b249381efff]
/lib/x86_64-linux-gnu/libc.so.6(abort+0x16a) [0x2b249382042a]
/lib/x86_64-linux-gnu/libc.so.6(+0x2be67) [0x2b2493817e67]
/lib/x86_64-linux-gnu/libc.so.6(+0x2bf12) [0x2b2493817f12]
../Debug/vws(+0x1b0427) [0x5644211e3427]
../Debug/vws(+0x1c6a1b) [0x5644211f9a1b]
../Debug/vws(+0x1c5c86) [0x5644211f8c86]
../Debug/vws(+0x1bcc46) [0x5644211efc46]
/home/sek519/warm_starting/vws/../vpc/lib/Cbc-trunk/buildg/lib/libCbc.so.0(_ZN8CbcModel14branchAndBoundEi+0xe2fb) [0x2b24929f7959]
../Debug/vws(+0x1fe716) [0x564421231716]
../Debug/vws(+0x1fc8e5) [0x56442122f8e5]
../Debug/vws(+0x1d5956) [0x564421208956]
../Debug/vws(+0x104c60) [0x564421137c60]
../Debug/vws(+0x103ee1) [0x564421136ee1]
../Debug/vws(+0x127b00) [0x56442115ab00]
../Debug/vws(+0x79d6a) [0x5644210acd6a]
/lib/x86_64-linux-gnu/libc.so.6(__libc_start_main+0xf1) [0x2b249380c2e1]
../Debug/vws(+0x79259) [0x5644210ac259]


/var/spool/torque/mom_priv/jobs/1220080.polyp1.ie.lehigh.edu.SC: line 4:  9475 Aborted                 ../Debug/vws ${INPUT_FOLDER} ${OUTPUT_FILE} ${MAX_TIME} ${GENERATOR} ${TERMS}
