*** WARNING (version #870a55a): /home/sek519/warm_starting/vws/../vpc/src/utility/nbspace.cpp:155: Point: Calculated dot product with obj differs from solver's. Obj viol from solver: 18383.81853962. Calculated: 18383.81853908.
*** WARNING (version #870a55a): /home/sek519/warm_starting/vws/../vpc/src/utility/nbspace.cpp:155: Point: Calculated dot product with obj differs from solver's. Obj viol from solver: 30648.27506161. Calculated: 30648.27506149.
*** WARNING (version #870a55a): /home/sek519/warm_starting/vws/../vpc/src/utility/nbspace.cpp:155: Point: Calculated dot product with obj differs from solver's. Obj viol from solver: 42255.60393047. Calculated: 42255.60393014.
Since we minimize, disjunctive dual bound should not be less than LP relaxation objective value.
vws: /home/sek519/warm_starting/vws/../vpc/src/utility/utility.cpp:651: void verify(bool, const std::string&): Assertion `false' failed.


ERROR while running Cbc. Signal SIGABRT caught. Getting stack trace.
/home/sek519/warm_starting/vws/../vpc/lib/Cbc-trunk/buildg/lib/libCbc.so.0(_Z15CbcCrashHandleri+0x277) [0x2b3b8acfaa4b]
/lib/x86_64-linux-gnu/libc.so.6(+0x33060) [0x2b3b8bab4060]
/lib/x86_64-linux-gnu/libc.so.6(gsignal+0xcf) [0x2b3b8bab3fff]
/lib/x86_64-linux-gnu/libc.so.6(abort+0x16a) [0x2b3b8bab542a]
/lib/x86_64-linux-gnu/libc.so.6(+0x2be67) [0x2b3b8baace67]
/lib/x86_64-linux-gnu/libc.so.6(+0x2bf12) [0x2b3b8baacf12]
../Debug/vws(+0x1b0427) [0x55a608711427]
../Debug/vws(+0x1fdd88) [0x55a60875ed88]
../Debug/vws(+0x10512c) [0x55a60866612c]
../Debug/vws(+0x103fb7) [0x55a608664fb7]
../Debug/vws(+0x127b00) [0x55a608688b00]
../Debug/vws(+0x79d6a) [0x55a6085dad6a]
/lib/x86_64-linux-gnu/libc.so.6(__libc_start_main+0xf1) [0x2b3b8baa12e1]
../Debug/vws(+0x79259) [0x55a6085da259]




ERROR while running Cbc. Signal SIGABRT caught. Getting stack trace.
/home/sek519/warm_starting/vws/../vpc/lib/Cbc-trunk/buildg/lib/libCbc.so.0(_Z15CbcCrashHandleri+0x277) [0x2b3b8acfaa4b]
/lib/x86_64-linux-gnu/libc.so.6(+0x33060) [0x2b3b8bab4060]
/lib/x86_64-linux-gnu/libc.so.6(gsignal+0xcf) [0x2b3b8bab3fff]
/lib/x86_64-linux-gnu/libc.so.6(abort+0x16a) [0x2b3b8bab542a]
/home/sek519/warm_starting/vws/../vpc/lib/Cbc-trunk/buildg/lib/libCbc.so.0(_Z15CbcCrashHandleri+0x355) [0x2b3b8acfab29]
/lib/x86_64-linux-gnu/libc.so.6(+0x33060) [0x2b3b8bab4060]
/lib/x86_64-linux-gnu/libc.so.6(gsignal+0xcf) [0x2b3b8bab3fff]
/lib/x86_64-linux-gnu/libc.so.6(abort+0x16a) [0x2b3b8bab542a]
/lib/x86_64-linux-gnu/libc.so.6(+0x2be67) [0x2b3b8baace67]
/lib/x86_64-linux-gnu/libc.so.6(+0x2bf12) [0x2b3b8baacf12]
../Debug/vws(+0x1b0427) [0x55a608711427]
../Debug/vws(+0x1fdd88) [0x55a60875ed88]
../Debug/vws(+0x10512c) [0x55a60866612c]
../Debug/vws(+0x103fb7) [0x55a608664fb7]
../Debug/vws(+0x127b00) [0x55a608688b00]
../Debug/vws(+0x79d6a) [0x55a6085dad6a]
/lib/x86_64-linux-gnu/libc.so.6(__libc_start_main+0xf1) [0x2b3b8baa12e1]
../Debug/vws(+0x79259) [0x55a6085da259]


/var/spool/torque/mom_priv/jobs/1220062.polyp1.ie.lehigh.edu.SC: line 4: 25589 Aborted                 ../Debug/vws ${INPUT_FOLDER} ${OUTPUT_FILE} ${MAX_TIME} ${GENERATOR} ${TERMS}
