*** WARNING (version #870a55a): /home/sek519/warm_starting/vws/../vpc/src/cut/CglVPC.cpp:335: An integer (optimal) solution with value -1.167e+07 was found prior while getting disjunction.
[WARNING] No vpcs were made from a new disjunction. Stopping series.
vws: /home/sek519/warm_starting/vws/../vpc/src/utility/utility.cpp:651: void verify(bool, const std::string&): Assertion `false' failed.


ERROR while running Cbc. Signal SIGABRT caught. Getting stack trace.
/home/sek519/warm_starting/vws/../vpc/lib/Cbc-trunk/buildg/lib/libCbc.so.0(_Z15CbcCrashHandleri+0x277) [0x2b5293091a4b]
/lib/x86_64-linux-gnu/libc.so.6(+0x33060) [0x2b5293e4b060]
/lib/x86_64-linux-gnu/libc.so.6(gsignal+0xcf) [0x2b5293e4afff]
/lib/x86_64-linux-gnu/libc.so.6(abort+0x16a) [0x2b5293e4c42a]
/lib/x86_64-linux-gnu/libc.so.6(+0x2be67) [0x2b5293e43e67]
/lib/x86_64-linux-gnu/libc.so.6(+0x2bf12) [0x2b5293e43f12]
../Debug/vws(+0x1b0427) [0x56050f230427]
../Debug/vws(+0x127bb8) [0x56050f1a7bb8]
../Debug/vws(+0x79d6a) [0x56050f0f9d6a]
/lib/x86_64-linux-gnu/libc.so.6(__libc_start_main+0xf1) [0x2b5293e382e1]
../Debug/vws(+0x79259) [0x56050f0f9259]




ERROR while running Cbc. Signal SIGABRT caught. Getting stack trace.
/home/sek519/warm_starting/vws/../vpc/lib/Cbc-trunk/buildg/lib/libCbc.so.0(_Z15CbcCrashHandleri+0x277) [0x2b5293091a4b]
/lib/x86_64-linux-gnu/libc.so.6(+0x33060) [0x2b5293e4b060]
/lib/x86_64-linux-gnu/libc.so.6(gsignal+0xcf) [0x2b5293e4afff]
/lib/x86_64-linux-gnu/libc.so.6(abort+0x16a) [0x2b5293e4c42a]
/home/sek519/warm_starting/vws/../vpc/lib/Cbc-trunk/buildg/lib/libCbc.so.0(_Z15CbcCrashHandleri+0x355) [0x2b5293091b29]
/lib/x86_64-linux-gnu/libc.so.6(+0x33060) [0x2b5293e4b060]
/lib/x86_64-linux-gnu/libc.so.6(gsignal+0xcf) [0x2b5293e4afff]
/lib/x86_64-linux-gnu/libc.so.6(abort+0x16a) [0x2b5293e4c42a]
/lib/x86_64-linux-gnu/libc.so.6(+0x2be67) [0x2b5293e43e67]
/lib/x86_64-linux-gnu/libc.so.6(+0x2bf12) [0x2b5293e43f12]
../Debug/vws(+0x1b0427) [0x56050f230427]
../Debug/vws(+0x127bb8) [0x56050f1a7bb8]
../Debug/vws(+0x79d6a) [0x56050f0f9d6a]
/lib/x86_64-linux-gnu/libc.so.6(__libc_start_main+0xf1) [0x2b5293e382e1]
../Debug/vws(+0x79259) [0x56050f0f9259]


/var/spool/torque/mom_priv/jobs/1219680.polyp1.ie.lehigh.edu.SC: line 4: 22350 Aborted                 ../Debug/vws ${INPUT_FOLDER} ${OUTPUT_FILE} ${MAX_TIME} ${GENERATOR} ${TERMS}
