*** WARNING (version #870a55a): /home/sek519/warm_starting/vws/../vpc/src/cut/PRLP.cpp:392: PRLP took too long to solve (83.496000 sec, with limit of 60.000000 sec); giving up on this point-ray collection.
[WARNING] No vpcs were made from a new disjunction. Stopping series.
vws: /home/sek519/warm_starting/vws/../vpc/src/utility/utility.cpp:651: void verify(bool, const std::string&): Assertion `false' failed.


ERROR while running Cbc. Signal SIGABRT caught. Getting stack trace.
/home/sek519/warm_starting/vws/../vpc/lib/Cbc-trunk/buildg/lib/libCbc.so.0(_Z15CbcCrashHandleri+0x277) [0x2ac2d2ac2a4b]
/lib/x86_64-linux-gnu/libc.so.6(+0x33060) [0x2ac2d387c060]
/lib/x86_64-linux-gnu/libc.so.6(gsignal+0xcf) [0x2ac2d387bfff]
/lib/x86_64-linux-gnu/libc.so.6(abort+0x16a) [0x2ac2d387d42a]
/lib/x86_64-linux-gnu/libc.so.6(+0x2be67) [0x2ac2d3874e67]
/lib/x86_64-linux-gnu/libc.so.6(+0x2bf12) [0x2ac2d3874f12]
../Debug/vws(+0x1b0427) [0x5565eee0f427]
../Debug/vws(+0x127bb8) [0x5565eed86bb8]
../Debug/vws(+0x79d6a) [0x5565eecd8d6a]
/lib/x86_64-linux-gnu/libc.so.6(__libc_start_main+0xf1) [0x2ac2d38692e1]
../Debug/vws(+0x79259) [0x5565eecd8259]




ERROR while running Cbc. Signal SIGABRT caught. Getting stack trace.
/home/sek519/warm_starting/vws/../vpc/lib/Cbc-trunk/buildg/lib/libCbc.so.0(_Z15CbcCrashHandleri+0x277) [0x2ac2d2ac2a4b]
/lib/x86_64-linux-gnu/libc.so.6(+0x33060) [0x2ac2d387c060]
/lib/x86_64-linux-gnu/libc.so.6(gsignal+0xcf) [0x2ac2d387bfff]
/lib/x86_64-linux-gnu/libc.so.6(abort+0x16a) [0x2ac2d387d42a]
/home/sek519/warm_starting/vws/../vpc/lib/Cbc-trunk/buildg/lib/libCbc.so.0(_Z15CbcCrashHandleri+0x355) [0x2ac2d2ac2b29]
/lib/x86_64-linux-gnu/libc.so.6(+0x33060) [0x2ac2d387c060]
/lib/x86_64-linux-gnu/libc.so.6(gsignal+0xcf) [0x2ac2d387bfff]
/lib/x86_64-linux-gnu/libc.so.6(abort+0x16a) [0x2ac2d387d42a]
/lib/x86_64-linux-gnu/libc.so.6(+0x2be67) [0x2ac2d3874e67]
/lib/x86_64-linux-gnu/libc.so.6(+0x2bf12) [0x2ac2d3874f12]
../Debug/vws(+0x1b0427) [0x5565eee0f427]
../Debug/vws(+0x127bb8) [0x5565eed86bb8]
../Debug/vws(+0x79d6a) [0x5565eecd8d6a]
/lib/x86_64-linux-gnu/libc.so.6(__libc_start_main+0xf1) [0x2ac2d38692e1]
../Debug/vws(+0x79259) [0x5565eecd8259]


/var/spool/torque/mom_priv/jobs/1219746.polyp1.ie.lehigh.edu.SC: line 4:  2365 Aborted                 (core dumped) ../Debug/vws ${INPUT_FOLDER} ${OUTPUT_FILE} ${MAX_TIME} ${GENERATOR} ${TERMS}
