*** WARNING (version #870a55a): /home/sek519/warm_starting/vws/../vpc/src/cut/CglVPC.cpp:683: Nonbasic reduced cost should be >= 0 in the complemented nonbasic space. However, for nb var 237 (real var 452), it is -1.558312e-07. Small enough error that we only send warning.
*** WARNING (version #870a55a): /home/sek519/warm_starting/vws/../vpc/src/utility/nbspace.cpp:358: Ray 452: dot product with obj < 0. Obj viol from solver: -0.00000016. Calculated: -0.00000016.
*** WARNING (version #870a55a): /home/sek519/warm_starting/vws/../vpc/src/cut/CglVPC.cpp:1243: Term 24 ray 237 does not satisfy the objective cut. Activity: -0.00000016. RHS: 0.00000000. Small enough violation that we only send a warning.
*** WARNING (version #870a55a): /home/sek519/warm_starting/vws/../vpc/src/cut/PRLP.cpp:392: PRLP took too long to solve (83.664000 sec, with limit of 60.000000 sec); giving up on this point-ray collection.
[WARNING] No vpcs were made from a new disjunction. Stopping series.
vws: /home/sek519/warm_starting/vws/../vpc/src/utility/utility.cpp:651: void verify(bool, const std::string&): Assertion `false' failed.


ERROR while running Cbc. Signal SIGABRT caught. Getting stack trace.
/home/sek519/warm_starting/vws/../vpc/lib/Cbc-trunk/buildg/lib/libCbc.so.0(_Z15CbcCrashHandleri+0x277) [0x2aab88412a4b]
/lib/x86_64-linux-gnu/libc.so.6(+0x33060) [0x2aab891cc060]
/lib/x86_64-linux-gnu/libc.so.6(gsignal+0xcf) [0x2aab891cbfff]
/lib/x86_64-linux-gnu/libc.so.6(abort+0x16a) [0x2aab891cd42a]
/lib/x86_64-linux-gnu/libc.so.6(+0x2be67) [0x2aab891c4e67]
/lib/x86_64-linux-gnu/libc.so.6(+0x2bf12) [0x2aab891c4f12]
../Debug/vws(+0x1b0427) [0x55fcbefab427]
../Debug/vws(+0x127bb8) [0x55fcbef22bb8]
../Debug/vws(+0x79d6a) [0x55fcbee74d6a]
/lib/x86_64-linux-gnu/libc.so.6(__libc_start_main+0xf1) [0x2aab891b92e1]
../Debug/vws(+0x79259) [0x55fcbee74259]




ERROR while running Cbc. Signal SIGABRT caught. Getting stack trace.
/home/sek519/warm_starting/vws/../vpc/lib/Cbc-trunk/buildg/lib/libCbc.so.0(_Z15CbcCrashHandleri+0x277) [0x2aab88412a4b]
/lib/x86_64-linux-gnu/libc.so.6(+0x33060) [0x2aab891cc060]
/lib/x86_64-linux-gnu/libc.so.6(gsignal+0xcf) [0x2aab891cbfff]
/lib/x86_64-linux-gnu/libc.so.6(abort+0x16a) [0x2aab891cd42a]
/home/sek519/warm_starting/vws/../vpc/lib/Cbc-trunk/buildg/lib/libCbc.so.0(_Z15CbcCrashHandleri+0x355) [0x2aab88412b29]
/lib/x86_64-linux-gnu/libc.so.6(+0x33060) [0x2aab891cc060]
/lib/x86_64-linux-gnu/libc.so.6(gsignal+0xcf) [0x2aab891cbfff]
/lib/x86_64-linux-gnu/libc.so.6(abort+0x16a) [0x2aab891cd42a]
/lib/x86_64-linux-gnu/libc.so.6(+0x2be67) [0x2aab891c4e67]
/lib/x86_64-linux-gnu/libc.so.6(+0x2bf12) [0x2aab891c4f12]
../Debug/vws(+0x1b0427) [0x55fcbefab427]
../Debug/vws(+0x127bb8) [0x55fcbef22bb8]
../Debug/vws(+0x79d6a) [0x55fcbee74d6a]
/lib/x86_64-linux-gnu/libc.so.6(__libc_start_main+0xf1) [0x2aab891b92e1]
../Debug/vws(+0x79259) [0x55fcbee74259]


/var/spool/torque/mom_priv/jobs/1219716.polyp1.ie.lehigh.edu.SC: line 4:  1879 Aborted                 (core dumped) ../Debug/vws ${INPUT_FOLDER} ${OUTPUT_FILE} ${MAX_TIME} ${GENERATOR} ${TERMS}
