Since we minimize, disjunctive dual bound should not be less than LP relaxation objective value.
vws: /home/sek519/warm_starting/vws/../vpc/src/utility/utility.cpp:651: void verify(bool, const std::string&): Assertion `false' failed.


ERROR while running Cbc. Signal SIGABRT caught. Getting stack trace.
/home/sek519/warm_starting/vws/../vpc/lib/Cbc-trunk/buildg/lib/libCbc.so.0(_Z15CbcCrashHandleri+0x277) [0x2b8bcd73ba4b]
/lib/x86_64-linux-gnu/libc.so.6(+0x33060) [0x2b8bce4f5060]
/lib/x86_64-linux-gnu/libc.so.6(gsignal+0xcf) [0x2b8bce4f4fff]
/lib/x86_64-linux-gnu/libc.so.6(abort+0x16a) [0x2b8bce4f642a]
/lib/x86_64-linux-gnu/libc.so.6(+0x2be67) [0x2b8bce4ede67]
/lib/x86_64-linux-gnu/libc.so.6(+0x2bf12) [0x2b8bce4edf12]
../Debug/vws(+0x1b0427) [0x55df3ac75427]
../Debug/vws(+0x1fdd88) [0x55df3acc2d88]
../Debug/vws(+0x10512c) [0x55df3abca12c]
../Debug/vws(+0x103fb7) [0x55df3abc8fb7]
../Debug/vws(+0x127b00) [0x55df3abecb00]
../Debug/vws(+0x79d6a) [0x55df3ab3ed6a]
/lib/x86_64-linux-gnu/libc.so.6(__libc_start_main+0xf1) [0x2b8bce4e22e1]
../Debug/vws(+0x79259) [0x55df3ab3e259]




ERROR while running Cbc. Signal SIGABRT caught. Getting stack trace.
/home/sek519/warm_starting/vws/../vpc/lib/Cbc-trunk/buildg/lib/libCbc.so.0(_Z15CbcCrashHandleri+0x277) [0x2b8bcd73ba4b]
/lib/x86_64-linux-gnu/libc.so.6(+0x33060) [0x2b8bce4f5060]
/lib/x86_64-linux-gnu/libc.so.6(gsignal+0xcf) [0x2b8bce4f4fff]
/lib/x86_64-linux-gnu/libc.so.6(abort+0x16a) [0x2b8bce4f642a]
/home/sek519/warm_starting/vws/../vpc/lib/Cbc-trunk/buildg/lib/libCbc.so.0(_Z15CbcCrashHandleri+0x355) [0x2b8bcd73bb29]
/lib/x86_64-linux-gnu/libc.so.6(+0x33060) [0x2b8bce4f5060]
/lib/x86_64-linux-gnu/libc.so.6(gsignal+0xcf) [0x2b8bce4f4fff]
/lib/x86_64-linux-gnu/libc.so.6(abort+0x16a) [0x2b8bce4f642a]
/lib/x86_64-linux-gnu/libc.so.6(+0x2be67) [0x2b8bce4ede67]
/lib/x86_64-linux-gnu/libc.so.6(+0x2bf12) [0x2b8bce4edf12]
../Debug/vws(+0x1b0427) [0x55df3ac75427]
../Debug/vws(+0x1fdd88) [0x55df3acc2d88]
../Debug/vws(+0x10512c) [0x55df3abca12c]
../Debug/vws(+0x103fb7) [0x55df3abc8fb7]
../Debug/vws(+0x127b00) [0x55df3abecb00]
../Debug/vws(+0x79d6a) [0x55df3ab3ed6a]
/lib/x86_64-linux-gnu/libc.so.6(__libc_start_main+0xf1) [0x2b8bce4e22e1]
../Debug/vws(+0x79259) [0x55df3ab3e259]


/var/spool/torque/mom_priv/jobs/1217586.polyp1.ie.lehigh.edu.SC: line 4: 16140 Aborted                 ../Debug/vws ${INPUT_FOLDER} ${OUTPUT_FILE} ${MAX_TIME} ${GENERATOR} ${TERMS}
