[WARNING] No vpcs were made from a new disjunction. Stopping series.
vws: /home/sek519/warm_starting/vws/../vpc/src/utility/utility.cpp:651: void verify(bool, const std::string&): Assertion `false' failed.


ERROR while running Cbc. Signal SIGABRT caught. Getting stack trace.
/home/sek519/warm_starting/vws/../vpc/lib/Cbc-trunk/buildg/lib/libCbc.so.0(_Z15CbcCrashHandleri+0x277) [0x2b61f8801a4b]
/lib/x86_64-linux-gnu/libc.so.6(+0x33060) [0x2b61f95bb060]
/lib/x86_64-linux-gnu/libc.so.6(gsignal+0xcf) [0x2b61f95bafff]
/lib/x86_64-linux-gnu/libc.so.6(abort+0x16a) [0x2b61f95bc42a]
/lib/x86_64-linux-gnu/libc.so.6(+0x2be67) [0x2b61f95b3e67]
/lib/x86_64-linux-gnu/libc.so.6(+0x2bf12) [0x2b61f95b3f12]
../Debug/vws(+0x1b0427) [0x55913bb4b427]
../Debug/vws(+0x127bb8) [0x55913bac2bb8]
../Debug/vws(+0x79d6a) [0x55913ba14d6a]
/lib/x86_64-linux-gnu/libc.so.6(__libc_start_main+0xf1) [0x2b61f95a82e1]
../Debug/vws(+0x79259) [0x55913ba14259]




ERROR while running Cbc. Signal SIGABRT caught. Getting stack trace.
/home/sek519/warm_starting/vws/../vpc/lib/Cbc-trunk/buildg/lib/libCbc.so.0(_Z15CbcCrashHandleri+0x277) [0x2b61f8801a4b]
/lib/x86_64-linux-gnu/libc.so.6(+0x33060) [0x2b61f95bb060]
/lib/x86_64-linux-gnu/libc.so.6(gsignal+0xcf) [0x2b61f95bafff]
/lib/x86_64-linux-gnu/libc.so.6(abort+0x16a) [0x2b61f95bc42a]
/home/sek519/warm_starting/vws/../vpc/lib/Cbc-trunk/buildg/lib/libCbc.so.0(_Z15CbcCrashHandleri+0x355) [0x2b61f8801b29]
/lib/x86_64-linux-gnu/libc.so.6(+0x33060) [0x2b61f95bb060]
/lib/x86_64-linux-gnu/libc.so.6(gsignal+0xcf) [0x2b61f95bafff]
/lib/x86_64-linux-gnu/libc.so.6(abort+0x16a) [0x2b61f95bc42a]
/lib/x86_64-linux-gnu/libc.so.6(+0x2be67) [0x2b61f95b3e67]
/lib/x86_64-linux-gnu/libc.so.6(+0x2bf12) [0x2b61f95b3f12]
../Debug/vws(+0x1b0427) [0x55913bb4b427]
../Debug/vws(+0x127bb8) [0x55913bac2bb8]
../Debug/vws(+0x79d6a) [0x55913ba14d6a]
/lib/x86_64-linux-gnu/libc.so.6(__libc_start_main+0xf1) [0x2b61f95a82e1]
../Debug/vws(+0x79259) [0x55913ba14259]


/var/spool/torque/mom_priv/jobs/1217852.polyp1.ie.lehigh.edu.SC: line 4:  6560 Aborted                 ../Debug/vws ${INPUT_FOLDER} ${OUTPUT_FILE} ${MAX_TIME} ${GENERATOR} ${TERMS}
