[WARNING] No vpcs were made from a new disjunction. Stopping series.
vws: /home/sek519/warm_starting/vws/../vpc/src/utility/utility.cpp:651: void verify(bool, const std::string&): Assertion `false' failed.


ERROR while running Cbc. Signal SIGABRT caught. Getting stack trace.
/home/sek519/warm_starting/vws/../vpc/lib/Cbc-trunk/buildg/lib/libCbc.so.0(_Z15CbcCrashHandleri+0x277) [0x2ba00d164a4b]
/lib/x86_64-linux-gnu/libc.so.6(+0x33060) [0x2ba00df1e060]
/lib/x86_64-linux-gnu/libc.so.6(gsignal+0xcf) [0x2ba00df1dfff]
/lib/x86_64-linux-gnu/libc.so.6(abort+0x16a) [0x2ba00df1f42a]
/lib/x86_64-linux-gnu/libc.so.6(+0x2be67) [0x2ba00df16e67]
/lib/x86_64-linux-gnu/libc.so.6(+0x2bf12) [0x2ba00df16f12]
../Debug/vws(+0x1b0427) [0x55f601ccd427]
../Debug/vws(+0x127bb8) [0x55f601c44bb8]
../Debug/vws(+0x79d6a) [0x55f601b96d6a]
/lib/x86_64-linux-gnu/libc.so.6(__libc_start_main+0xf1) [0x2ba00df0b2e1]
../Debug/vws(+0x79259) [0x55f601b96259]




ERROR while running Cbc. Signal SIGABRT caught. Getting stack trace.
/home/sek519/warm_starting/vws/../vpc/lib/Cbc-trunk/buildg/lib/libCbc.so.0(_Z15CbcCrashHandleri+0x277) [0x2ba00d164a4b]
/lib/x86_64-linux-gnu/libc.so.6(+0x33060) [0x2ba00df1e060]
/lib/x86_64-linux-gnu/libc.so.6(gsignal+0xcf) [0x2ba00df1dfff]
/lib/x86_64-linux-gnu/libc.so.6(abort+0x16a) [0x2ba00df1f42a]
/home/sek519/warm_starting/vws/../vpc/lib/Cbc-trunk/buildg/lib/libCbc.so.0(_Z15CbcCrashHandleri+0x355) [0x2ba00d164b29]
/lib/x86_64-linux-gnu/libc.so.6(+0x33060) [0x2ba00df1e060]
/lib/x86_64-linux-gnu/libc.so.6(gsignal+0xcf) [0x2ba00df1dfff]
/lib/x86_64-linux-gnu/libc.so.6(abort+0x16a) [0x2ba00df1f42a]
/lib/x86_64-linux-gnu/libc.so.6(+0x2be67) [0x2ba00df16e67]
/lib/x86_64-linux-gnu/libc.so.6(+0x2bf12) [0x2ba00df16f12]
../Debug/vws(+0x1b0427) [0x55f601ccd427]
../Debug/vws(+0x127bb8) [0x55f601c44bb8]
../Debug/vws(+0x79d6a) [0x55f601b96d6a]
/lib/x86_64-linux-gnu/libc.so.6(__libc_start_main+0xf1) [0x2ba00df0b2e1]
../Debug/vws(+0x79259) [0x55f601b96259]


/var/spool/torque/mom_priv/jobs/1217876.polyp1.ie.lehigh.edu.SC: line 4: 30959 Aborted                 (core dumped) ../Debug/vws ${INPUT_FOLDER} ${OUTPUT_FILE} ${MAX_TIME} ${GENERATOR} ${TERMS}
