*** WARNING (version #870a55a): /home/sek519/warm_starting/vws/../vpc/src/branch/VPCEventHandler.cpp:1258: Objective at parent node 1/32 (node id 0) is somewhat incorrect. During BB, it was 7002.655, now it is 6982.606.
vws: /home/sek519/warm_starting/vws/../vpc/src/branch/VPCEventHandler.cpp:132: void setNodeStatistics(NodeStatistics&, const CbcNode*, const CbcModel*, const std::vector<NodeStatistics>&, const std::vector<double>&, const std::vector<double>&, bool, bool): Assertion `stats.id == stats_vec[stats_vec.size()-1].id + 1' failed.


ERROR while running Cbc. Signal SIGABRT caught. Getting stack trace.
/home/sek519/warm_starting/vws/../vpc/lib/Cbc-trunk/buildg/lib/libCbc.so.0(_Z15CbcCrashHandleri+0x277) [0x2ab232bc8a4b]
/lib/x86_64-linux-gnu/libc.so.6(+0x33060) [0x2ab233982060]
/lib/x86_64-linux-gnu/libc.so.6(gsignal+0xcf) [0x2ab233981fff]
/lib/x86_64-linux-gnu/libc.so.6(abort+0x16a) [0x2ab23398342a]
/lib/x86_64-linux-gnu/libc.so.6(+0x2be67) [0x2ab23397ae67]
/lib/x86_64-linux-gnu/libc.so.6(+0x2bf12) [0x2ab23397af12]
../Debug/vws(+0x1bab72) [0x556286a09b72]
../Debug/vws(+0x1bd8a6) [0x556286a0c8a6]
/home/sek519/warm_starting/vws/../vpc/lib/Cbc-trunk/buildg/lib/libCbc.so.0(_ZN8CbcModel9doOneNodeEPS_RP7CbcNodeS3_+0x2db3) [0x2ab232b89c83]
/home/sek519/warm_starting/vws/../vpc/lib/Cbc-trunk/buildg/lib/libCbc.so.0(_ZN8CbcModel14branchAndBoundEi+0xe44d) [0x2ab232b5aaab]
../Debug/vws(+0x1fe716) [0x556286a4d716]
../Debug/vws(+0x1fc8e5) [0x556286a4b8e5]
../Debug/vws(+0x1d5956) [0x556286a24956]
../Debug/vws(+0x104c60) [0x556286953c60]
../Debug/vws(+0x103ee1) [0x556286952ee1]
../Debug/vws(+0x127b00) [0x556286976b00]
../Debug/vws(+0x79d6a) [0x5562868c8d6a]
/lib/x86_64-linux-gnu/libc.so.6(__libc_start_main+0xf1) [0x2ab23396f2e1]
../Debug/vws(+0x79259) [0x5562868c8259]




ERROR while running Cbc. Signal SIGABRT caught. Getting stack trace.
/home/sek519/warm_starting/vws/../vpc/lib/Cbc-trunk/buildg/lib/libCbc.so.0(_Z15CbcCrashHandleri+0x277) [0x2ab232bc8a4b]
/lib/x86_64-linux-gnu/libc.so.6(+0x33060) [0x2ab233982060]
/lib/x86_64-linux-gnu/libc.so.6(gsignal+0xcf) [0x2ab233981fff]
/lib/x86_64-linux-gnu/libc.so.6(abort+0x16a) [0x2ab23398342a]
/home/sek519/warm_starting/vws/../vpc/lib/Cbc-trunk/buildg/lib/libCbc.so.0(_Z15CbcCrashHandleri+0x355) [0x2ab232bc8b29]
/lib/x86_64-linux-gnu/libc.so.6(+0x33060) [0x2ab233982060]
/lib/x86_64-linux-gnu/libc.so.6(gsignal+0xcf) [0x2ab233981fff]
/lib/x86_64-linux-gnu/libc.so.6(abort+0x16a) [0x2ab23398342a]
/lib/x86_64-linux-gnu/libc.so.6(+0x2be67) [0x2ab23397ae67]
/lib/x86_64-linux-gnu/libc.so.6(+0x2bf12) [0x2ab23397af12]
../Debug/vws(+0x1bab72) [0x556286a09b72]
../Debug/vws(+0x1bd8a6) [0x556286a0c8a6]
/home/sek519/warm_starting/vws/../vpc/lib/Cbc-trunk/buildg/lib/libCbc.so.0(_ZN8CbcModel9doOneNodeEPS_RP7CbcNodeS3_+0x2db3) [0x2ab232b89c83]
/home/sek519/warm_starting/vws/../vpc/lib/Cbc-trunk/buildg/lib/libCbc.so.0(_ZN8CbcModel14branchAndBoundEi+0xe44d) [0x2ab232b5aaab]
../Debug/vws(+0x1fe716) [0x556286a4d716]
../Debug/vws(+0x1fc8e5) [0x556286a4b8e5]
../Debug/vws(+0x1d5956) [0x556286a24956]
../Debug/vws(+0x104c60) [0x556286953c60]
../Debug/vws(+0x103ee1) [0x556286952ee1]
../Debug/vws(+0x127b00) [0x556286976b00]
../Debug/vws(+0x79d6a) [0x5562868c8d6a]
/lib/x86_64-linux-gnu/libc.so.6(__libc_start_main+0xf1) [0x2ab23396f2e1]
../Debug/vws(+0x79259) [0x5562868c8259]


/var/spool/torque/mom_priv/jobs/1218832.polyp1.ie.lehigh.edu.SC: line 4: 27273 Aborted                 ../Debug/vws ${INPUT_FOLDER} ${OUTPUT_FILE} ${MAX_TIME} ${GENERATOR} ${TERMS}
