node_id must be in stats_.
vws: /home/sek519/warm_starting/vws/../vpc/src/utility/utility.cpp:651: void verify(bool, const std::string&): Assertion `false' failed.


ERROR while running Cbc. Signal SIGABRT caught. Getting stack trace.
/home/sek519/warm_starting/vws/../vpc/lib/Cbc-trunk/buildg/lib/libCbc.so.0(_Z15CbcCrashHandleri+0x277) [0x2baaa0b7ca4b]
/lib/x86_64-linux-gnu/libc.so.6(+0x33060) [0x2baaa1936060]
/lib/x86_64-linux-gnu/libc.so.6(gsignal+0xcf) [0x2baaa1935fff]
/lib/x86_64-linux-gnu/libc.so.6(abort+0x16a) [0x2baaa193742a]
/lib/x86_64-linux-gnu/libc.so.6(+0x2be67) [0x2baaa192ee67]
/lib/x86_64-linux-gnu/libc.so.6(+0x2bf12) [0x2baaa192ef12]
../Debug/vws(+0x1b0427) [0x5562455e4427]
../Debug/vws(+0x1c26de) [0x5562455f66de]
../Debug/vws(+0x1c53e0) [0x5562455f93e0]
../Debug/vws(+0x1bcc46) [0x5562455f0c46]
/home/sek519/warm_starting/vws/../vpc/lib/Cbc-trunk/buildg/lib/libCbc.so.0(_ZN8CbcModel14branchAndBoundEi+0xe2fb) [0x2baaa0b0e959]
../Debug/vws(+0x1fe716) [0x556245632716]
../Debug/vws(+0x1fc8e5) [0x5562456308e5]
../Debug/vws(+0x1d5956) [0x556245609956]
../Debug/vws(+0x104c60) [0x556245538c60]
../Debug/vws(+0x103ee1) [0x556245537ee1]
../Debug/vws(+0x127b00) [0x55624555bb00]
../Debug/vws(+0x79d6a) [0x5562454add6a]
/lib/x86_64-linux-gnu/libc.so.6(__libc_start_main+0xf1) [0x2baaa19232e1]
../Debug/vws(+0x79259) [0x5562454ad259]




ERROR while running Cbc. Signal SIGABRT caught. Getting stack trace.
/home/sek519/warm_starting/vws/../vpc/lib/Cbc-trunk/buildg/lib/libCbc.so.0(_Z15CbcCrashHandleri+0x277) [0x2baaa0b7ca4b]
/lib/x86_64-linux-gnu/libc.so.6(+0x33060) [0x2baaa1936060]
/lib/x86_64-linux-gnu/libc.so.6(gsignal+0xcf) [0x2baaa1935fff]
/lib/x86_64-linux-gnu/libc.so.6(abort+0x16a) [0x2baaa193742a]
/home/sek519/warm_starting/vws/../vpc/lib/Cbc-trunk/buildg/lib/libCbc.so.0(_Z15CbcCrashHandleri+0x355) [0x2baaa0b7cb29]
/lib/x86_64-linux-gnu/libc.so.6(+0x33060) [0x2baaa1936060]
/lib/x86_64-linux-gnu/libc.so.6(gsignal+0xcf) [0x2baaa1935fff]
/lib/x86_64-linux-gnu/libc.so.6(abort+0x16a) [0x2baaa193742a]
/lib/x86_64-linux-gnu/libc.so.6(+0x2be67) [0x2baaa192ee67]
/lib/x86_64-linux-gnu/libc.so.6(+0x2bf12) [0x2baaa192ef12]
../Debug/vws(+0x1b0427) [0x5562455e4427]
../Debug/vws(+0x1c26de) [0x5562455f66de]
../Debug/vws(+0x1c53e0) [0x5562455f93e0]
../Debug/vws(+0x1bcc46) [0x5562455f0c46]
/home/sek519/warm_starting/vws/../vpc/lib/Cbc-trunk/buildg/lib/libCbc.so.0(_ZN8CbcModel14branchAndBoundEi+0xe2fb) [0x2baaa0b0e959]
../Debug/vws(+0x1fe716) [0x556245632716]
../Debug/vws(+0x1fc8e5) [0x5562456308e5]
../Debug/vws(+0x1d5956) [0x556245609956]
../Debug/vws(+0x104c60) [0x556245538c60]
../Debug/vws(+0x103ee1) [0x556245537ee1]
../Debug/vws(+0x127b00) [0x55624555bb00]
../Debug/vws(+0x79d6a) [0x5562454add6a]
/lib/x86_64-linux-gnu/libc.so.6(__libc_start_main+0xf1) [0x2baaa19232e1]
../Debug/vws(+0x79259) [0x5562454ad259]


/var/spool/torque/mom_priv/jobs/1218876.polyp1.ie.lehigh.edu.SC: line 4: 12112 Aborted                 ../Debug/vws ${INPUT_FOLDER} ${OUTPUT_FILE} ${MAX_TIME} ${GENERATOR} ${TERMS}
