*** WARNING (version #870a55a): /home/sek519/warm_starting/vws/../vpc/src/cut/PRLP.cpp:387: PRLP is primal infeasible; giving up on this point-ray collection.
[WARNING] No vpcs were made from a new disjunction. Stopping series.
vws: /home/sek519/warm_starting/vws/../vpc/src/utility/utility.cpp:651: void verify(bool, const std::string&): Assertion `false' failed.


ERROR while running Cbc. Signal SIGABRT caught. Getting stack trace.
/home/sek519/warm_starting/vws/../vpc/lib/Cbc-trunk/buildg/lib/libCbc.so.0(_Z15CbcCrashHandleri+0x277) [0x2b5d3b47da4b]
/lib/x86_64-linux-gnu/libc.so.6(+0x33060) [0x2b5d3c237060]
/lib/x86_64-linux-gnu/libc.so.6(gsignal+0xcf) [0x2b5d3c236fff]
/lib/x86_64-linux-gnu/libc.so.6(abort+0x16a) [0x2b5d3c23842a]
/lib/x86_64-linux-gnu/libc.so.6(+0x2be67) [0x2b5d3c22fe67]
/lib/x86_64-linux-gnu/libc.so.6(+0x2bf12) [0x2b5d3c22ff12]
../Debug/vws(+0x1b0427) [0x55db695f0427]
../Debug/vws(+0x127bb8) [0x55db69567bb8]
../Debug/vws(+0x79d6a) [0x55db694b9d6a]
/lib/x86_64-linux-gnu/libc.so.6(__libc_start_main+0xf1) [0x2b5d3c2242e1]
../Debug/vws(+0x79259) [0x55db694b9259]




ERROR while running Cbc. Signal SIGABRT caught. Getting stack trace.
/home/sek519/warm_starting/vws/../vpc/lib/Cbc-trunk/buildg/lib/libCbc.so.0(_Z15CbcCrashHandleri+0x277) [0x2b5d3b47da4b]
/lib/x86_64-linux-gnu/libc.so.6(+0x33060) [0x2b5d3c237060]
/lib/x86_64-linux-gnu/libc.so.6(gsignal+0xcf) [0x2b5d3c236fff]
/lib/x86_64-linux-gnu/libc.so.6(abort+0x16a) [0x2b5d3c23842a]
/home/sek519/warm_starting/vws/../vpc/lib/Cbc-trunk/buildg/lib/libCbc.so.0(_Z15CbcCrashHandleri+0x355) [0x2b5d3b47db29]
/lib/x86_64-linux-gnu/libc.so.6(+0x33060) [0x2b5d3c237060]
/lib/x86_64-linux-gnu/libc.so.6(gsignal+0xcf) [0x2b5d3c236fff]
/lib/x86_64-linux-gnu/libc.so.6(abort+0x16a) [0x2b5d3c23842a]
/lib/x86_64-linux-gnu/libc.so.6(+0x2be67) [0x2b5d3c22fe67]
/lib/x86_64-linux-gnu/libc.so.6(+0x2bf12) [0x2b5d3c22ff12]
../Debug/vws(+0x1b0427) [0x55db695f0427]
../Debug/vws(+0x127bb8) [0x55db69567bb8]
../Debug/vws(+0x79d6a) [0x55db694b9d6a]
/lib/x86_64-linux-gnu/libc.so.6(__libc_start_main+0xf1) [0x2b5d3c2242e1]
../Debug/vws(+0x79259) [0x55db694b9259]


/var/spool/torque/mom_priv/jobs/1219804.polyp1.ie.lehigh.edu.SC: line 4: 23367 Aborted                 ../Debug/vws ${INPUT_FOLDER} ${OUTPUT_FILE} ${MAX_TIME} ${GENERATOR} ${TERMS}
