*** WARNING (version #870a55a): /home/sek519/warm_starting/vws/../vpc/src/cut/PRLP.cpp:387: PRLP is primal infeasible; giving up on this point-ray collection.
[WARNING] No vpcs were made from a new disjunction. Stopping series.
vws: /home/sek519/warm_starting/vws/../vpc/src/utility/utility.cpp:651: void verify(bool, const std::string&): Assertion `false' failed.


ERROR while running Cbc. Signal SIGABRT caught. Getting stack trace.
/home/sek519/warm_starting/vws/../vpc/lib/Cbc-trunk/buildg/lib/libCbc.so.0(_Z15CbcCrashHandleri+0x277) [0x2ab238295a4b]
/lib/x86_64-linux-gnu/libc.so.6(+0x33060) [0x2ab23904f060]
/lib/x86_64-linux-gnu/libc.so.6(gsignal+0xcf) [0x2ab23904efff]
/lib/x86_64-linux-gnu/libc.so.6(abort+0x16a) [0x2ab23905042a]
/lib/x86_64-linux-gnu/libc.so.6(+0x2be67) [0x2ab239047e67]
/lib/x86_64-linux-gnu/libc.so.6(+0x2bf12) [0x2ab239047f12]
../Debug/vws(+0x1b0427) [0x55cdcb728427]
../Debug/vws(+0x127bb8) [0x55cdcb69fbb8]
../Debug/vws(+0x79d6a) [0x55cdcb5f1d6a]
/lib/x86_64-linux-gnu/libc.so.6(__libc_start_main+0xf1) [0x2ab23903c2e1]
../Debug/vws(+0x79259) [0x55cdcb5f1259]




ERROR while running Cbc. Signal SIGABRT caught. Getting stack trace.
/home/sek519/warm_starting/vws/../vpc/lib/Cbc-trunk/buildg/lib/libCbc.so.0(_Z15CbcCrashHandleri+0x277) [0x2ab238295a4b]
/lib/x86_64-linux-gnu/libc.so.6(+0x33060) [0x2ab23904f060]
/lib/x86_64-linux-gnu/libc.so.6(gsignal+0xcf) [0x2ab23904efff]
/lib/x86_64-linux-gnu/libc.so.6(abort+0x16a) [0x2ab23905042a]
/home/sek519/warm_starting/vws/../vpc/lib/Cbc-trunk/buildg/lib/libCbc.so.0(_Z15CbcCrashHandleri+0x355) [0x2ab238295b29]
/lib/x86_64-linux-gnu/libc.so.6(+0x33060) [0x2ab23904f060]
/lib/x86_64-linux-gnu/libc.so.6(gsignal+0xcf) [0x2ab23904efff]
/lib/x86_64-linux-gnu/libc.so.6(abort+0x16a) [0x2ab23905042a]
/lib/x86_64-linux-gnu/libc.so.6(+0x2be67) [0x2ab239047e67]
/lib/x86_64-linux-gnu/libc.so.6(+0x2bf12) [0x2ab239047f12]
../Debug/vws(+0x1b0427) [0x55cdcb728427]
../Debug/vws(+0x127bb8) [0x55cdcb69fbb8]
../Debug/vws(+0x79d6a) [0x55cdcb5f1d6a]
/lib/x86_64-linux-gnu/libc.so.6(__libc_start_main+0xf1) [0x2ab23903c2e1]
../Debug/vws(+0x79259) [0x55cdcb5f1259]


/var/spool/torque/mom_priv/jobs/1219813.polyp1.ie.lehigh.edu.SC: line 4: 30458 Aborted                 ../Debug/vws ${INPUT_FOLDER} ${OUTPUT_FILE} ${MAX_TIME} ${GENERATOR} ${TERMS}
