terminate called after throwing an instance of 'std::bad_alloc'
  what():  std::bad_alloc


ERROR while running Cbc. Signal SIGABRT caught. Getting stack trace.
/home/sek519/warm_starting/vws/../vpc/lib/Cbc-trunk/buildg/lib/libCbc.so.0(_Z15CbcCrashHandleri+0x277) [0x2b4b84603a4b]
/lib/x86_64-linux-gnu/libc.so.6(+0x33060) [0x2b4b853bd060]
/lib/x86_64-linux-gnu/libc.so.6(gsignal+0xcf) [0x2b4b853bcfff]
/lib/x86_64-linux-gnu/libc.so.6(abort+0x16a) [0x2b4b853be42a]
/home/sek519/miniconda/envs/vws/lib/libstdc++.so.6(_ZN9__gnu_cxx27__verbose_terminate_handlerEv+0xc0) [0x2b4b84f84026]
/home/sek519/miniconda/envs/vws/lib/libstdc++.so.6(+0xb0514) [0x2b4b84f82514]
/home/sek519/miniconda/envs/vws/lib/libstdc++.so.6(+0xb0566) [0x2b4b84f82566]
/home/sek519/miniconda/envs/vws/lib/libstdc++.so.6(__cxa_rethrow+0) [0x2b4b84f82758]
/home/sek519/miniconda/envs/vws/lib/libstdc++.so.6(_Znwm+0x59) [0x2b4b84f82b85]
/home/sek519/warm_starting/vws/../vpc/lib/Cbc-trunk/buildg/lib/libCoinUtils.so.0(_ZN16CoinPackedMatrix27resizeForAddingMinorVectorsEPKi+0x305) [0x2b4b84dde6e5]
/home/sek519/warm_starting/vws/../vpc/lib/Cbc-trunk/buildg/lib/libCoinUtils.so.0(_ZN16CoinPackedMatrix17appendMinorVectorEiPKiPKd+0x162) [0x2b4b84dd6b9a]
/home/sek519/warm_starting/vws/../vpc/lib/Cbc-trunk/buildg/lib/libCoinUtils.so.0(_ZN16CoinPackedMatrix9appendRowEiPKiPKd+0x3a) [0x2b4b84dd2f20]
/home/sek519/warm_starting/vws/../vpc/lib/Cbc-trunk/buildg/lib/libOsiClp.so.0(_ZN21OsiClpSolverInterface6addRowEiPKiPKddd+0x13a) [0x2b4b842b6c7e]
../Debug/vws(+0x1f7b00) [0x557e669bbb00]
../Debug/vws(+0x1fdb5f) [0x557e669c1b5f]
../Debug/vws(+0x105bb8) [0x557e668c9bb8]
../Debug/vws(+0x103f4c) [0x557e668c7f4c]
../Debug/vws(+0x127b00) [0x557e668ebb00]
../Debug/vws(+0x79d6a) [0x557e6683dd6a]
/lib/x86_64-linux-gnu/libc.so.6(__libc_start_main+0xf1) [0x2b4b853aa2e1]
../Debug/vws(+0x79259) [0x557e6683d259]




ERROR while running Cbc. Signal SIGABRT caught. Getting stack trace.
/home/sek519/warm_starting/vws/../vpc/lib/Cbc-trunk/buildg/lib/libCbc.so.0(_Z15CbcCrashHandleri+0x277) [0x2b4b84603a4b]
/lib/x86_64-linux-gnu/libc.so.6(+0x33060) [0x2b4b853bd060]
/lib/x86_64-linux-gnu/libc.so.6(gsignal+0xcf) [0x2b4b853bcfff]
/lib/x86_64-linux-gnu/libc.so.6(abort+0x16a) [0x2b4b853be42a]
/home/sek519/warm_starting/vws/../vpc/lib/Cbc-trunk/buildg/lib/libCbc.so.0(_Z15CbcCrashHandleri+0x355) [0x2b4b84603b29]
/lib/x86_64-linux-gnu/libc.so.6(+0x33060) [0x2b4b853bd060]
/lib/x86_64-linux-gnu/libc.so.6(gsignal+0xcf) [0x2b4b853bcfff]
/lib/x86_64-linux-gnu/libc.so.6(abort+0x16a) [0x2b4b853be42a]
/home/sek519/miniconda/envs/vws/lib/libstdc++.so.6(_ZN9__gnu_cxx27__verbose_terminate_handlerEv+0xc0) [0x2b4b84f84026]
/home/sek519/miniconda/envs/vws/lib/libstdc++.so.6(+0xb0514) [0x2b4b84f82514]
/home/sek519/miniconda/envs/vws/lib/libstdc++.so.6(+0xb0566) [0x2b4b84f82566]
/home/sek519/miniconda/envs/vws/lib/libstdc++.so.6(__cxa_rethrow+0) [0x2b4b84f82758]
/home/sek519/miniconda/envs/vws/lib/libstdc++.so.6(_Znwm+0x59) [0x2b4b84f82b85]
/home/sek519/warm_starting/vws/../vpc/lib/Cbc-trunk/buildg/lib/libCoinUtils.so.0(_ZN16CoinPackedMatrix27resizeForAddingMinorVectorsEPKi+0x305) [0x2b4b84dde6e5]
/home/sek519/warm_starting/vws/../vpc/lib/Cbc-trunk/buildg/lib/libCoinUtils.so.0(_ZN16CoinPackedMatrix17appendMinorVectorEiPKiPKd+0x162) [0x2b4b84dd6b9a]
/home/sek519/warm_starting/vws/../vpc/lib/Cbc-trunk/buildg/lib/libCoinUtils.so.0(_ZN16CoinPackedMatrix9appendRowEiPKiPKd+0x3a) [0x2b4b84dd2f20]
/home/sek519/warm_starting/vws/../vpc/lib/Cbc-trunk/buildg/lib/libOsiClp.so.0(_ZN21OsiClpSolverInterface6addRowEiPKiPKddd+0x13a) [0x2b4b842b6c7e]
../Debug/vws(+0x1f7b00) [0x557e669bbb00]
../Debug/vws(+0x1fdb5f) [0x557e669c1b5f]
../Debug/vws(+0x105bb8) [0x557e668c9bb8]
../Debug/vws(+0x103f4c) [0x557e668c7f4c]
../Debug/vws(+0x127b00) [0x557e668ebb00]
../Debug/vws(+0x79d6a) [0x557e6683dd6a]
/lib/x86_64-linux-gnu/libc.so.6(__libc_start_main+0xf1) [0x2b4b853aa2e1]
../Debug/vws(+0x79259) [0x557e6683d259]


/var/spool/torque/mom_priv/jobs/1217477.polyp1.ie.lehigh.edu.SC: line 4:  3464 Aborted                 ../Debug/vws ${INPUT_FOLDER} ${OUTPUT_FILE} ${MAX_TIME} ${GENERATOR} ${TERMS}
