terminate called after throwing an instance of 'std::bad_alloc'
  what():  std::bad_alloc


ERROR while running Cbc. Signal SIGABRT caught. Getting stack trace.
/home/sek519/warm_starting/vws/../vpc/lib/Cbc-trunk/buildg/lib/libCbc.so.0(_Z15CbcCrashHandleri+0x277) [0x2b955532ba4b]
/lib/x86_64-linux-gnu/libc.so.6(+0x33060) [0x2b95560e5060]
/lib/x86_64-linux-gnu/libc.so.6(gsignal+0xcf) [0x2b95560e4fff]
/lib/x86_64-linux-gnu/libc.so.6(abort+0x16a) [0x2b95560e642a]
/home/sek519/miniconda/envs/vws/lib/libstdc++.so.6(_ZN9__gnu_cxx27__verbose_terminate_handlerEv+0xc0) [0x2b9555cac026]
/home/sek519/miniconda/envs/vws/lib/libstdc++.so.6(+0xb0514) [0x2b9555caa514]
/home/sek519/miniconda/envs/vws/lib/libstdc++.so.6(+0xb0566) [0x2b9555caa566]
/home/sek519/miniconda/envs/vws/lib/libstdc++.so.6(__cxa_rethrow+0) [0x2b9555caa758]
/home/sek519/miniconda/envs/vws/lib/libstdc++.so.6(_Znwm+0x59) [0x2b9555caab85]
/home/sek519/warm_starting/vws/../vpc/lib/Cbc-trunk/buildg/lib/libClp.so.0(_ZN10ClpSimplex9createRimEibi+0x2002) [0x2b955584fdde]
/home/sek519/warm_starting/vws/../vpc/lib/Cbc-trunk/buildg/lib/libClp.so.0(_ZN10ClpSimplex7startupEii+0x2c0) [0x2b9555869ac6]
/home/sek519/warm_starting/vws/../vpc/lib/Cbc-trunk/buildg/lib/libClp.so.0(_ZN14ClpSimplexDual12startupSolveEiPdi+0x8b) [0x2b955587ab3f]
/home/sek519/warm_starting/vws/../vpc/lib/Cbc-trunk/buildg/lib/libClp.so.0(_ZN14ClpSimplexDual4dualEii+0x21d) [0x2b955587c047]
/home/sek519/warm_starting/vws/../vpc/lib/Cbc-trunk/buildg/lib/libClp.so.0(_ZN10ClpSimplex4dualEii+0x168) [0x2b9555859cee]
/home/sek519/warm_starting/vws/../vpc/lib/Cbc-trunk/buildg/lib/libOsiClp.so.0(_ZN21OsiClpSolverInterface6crunchEv+0xf1d) [0x2b9554ff151f]
/home/sek519/warm_starting/vws/../vpc/lib/Cbc-trunk/buildg/lib/libOsiClp.so.0(_ZN21OsiClpSolverInterface7resolveEv+0x15dd) [0x2b9554fd0605]
../Debug/vws(+0x1aa9c6) [0x563f5aa149c6]
../Debug/vws(+0x1fda26) [0x563f5aa67a26]
../Debug/vws(+0x104f7c) [0x563f5a96ef7c]
../Debug/vws(+0x103fbd) [0x563f5a96dfbd]
../Debug/vws(+0x127be9) [0x563f5a991be9]
../Debug/vws(+0x79d6a) [0x563f5a8e3d6a]
/lib/x86_64-linux-gnu/libc.so.6(__libc_start_main+0xf1) [0x2b95560d22e1]
../Debug/vws(+0x79259) [0x563f5a8e3259]




ERROR while running Cbc. Signal SIGABRT caught. Getting stack trace.
/home/sek519/warm_starting/vws/../vpc/lib/Cbc-trunk/buildg/lib/libCbc.so.0(_Z15CbcCrashHandleri+0x277) [0x2b955532ba4b]
/lib/x86_64-linux-gnu/libc.so.6(+0x33060) [0x2b95560e5060]
/lib/x86_64-linux-gnu/libc.so.6(gsignal+0xcf) [0x2b95560e4fff]
/lib/x86_64-linux-gnu/libc.so.6(abort+0x16a) [0x2b95560e642a]
/home/sek519/warm_starting/vws/../vpc/lib/Cbc-trunk/buildg/lib/libCbc.so.0(_Z15CbcCrashHandleri+0x355) [0x2b955532bb29]
/lib/x86_64-linux-gnu/libc.so.6(+0x33060) [0x2b95560e5060]
/lib/x86_64-linux-gnu/libc.so.6(gsignal+0xcf) [0x2b95560e4fff]
/lib/x86_64-linux-gnu/libc.so.6(abort+0x16a) [0x2b95560e642a]
/home/sek519/miniconda/envs/vws/lib/libstdc++.so.6(_ZN9__gnu_cxx27__verbose_terminate_handlerEv+0xc0) [0x2b9555cac026]
/home/sek519/miniconda/envs/vws/lib/libstdc++.so.6(+0xb0514) [0x2b9555caa514]
/home/sek519/miniconda/envs/vws/lib/libstdc++.so.6(+0xb0566) [0x2b9555caa566]
/home/sek519/miniconda/envs/vws/lib/libstdc++.so.6(__cxa_rethrow+0) [0x2b9555caa758]
/home/sek519/miniconda/envs/vws/lib/libstdc++.so.6(_Znwm+0x59) [0x2b9555caab85]
/home/sek519/warm_starting/vws/../vpc/lib/Cbc-trunk/buildg/lib/libClp.so.0(_ZN10ClpSimplex9createRimEibi+0x2002) [0x2b955584fdde]
/home/sek519/warm_starting/vws/../vpc/lib/Cbc-trunk/buildg/lib/libClp.so.0(_ZN10ClpSimplex7startupEii+0x2c0) [0x2b9555869ac6]
/home/sek519/warm_starting/vws/../vpc/lib/Cbc-trunk/buildg/lib/libClp.so.0(_ZN14ClpSimplexDual12startupSolveEiPdi+0x8b) [0x2b955587ab3f]
/home/sek519/warm_starting/vws/../vpc/lib/Cbc-trunk/buildg/lib/libClp.so.0(_ZN14ClpSimplexDual4dualEii+0x21d) [0x2b955587c047]
/home/sek519/warm_starting/vws/../vpc/lib/Cbc-trunk/buildg/lib/libClp.so.0(_ZN10ClpSimplex4dualEii+0x168) [0x2b9555859cee]
/home/sek519/warm_starting/vws/../vpc/lib/Cbc-trunk/buildg/lib/libOsiClp.so.0(_ZN21OsiClpSolverInterface6crunchEv+0xf1d) [0x2b9554ff151f]
/home/sek519/warm_starting/vws/../vpc/lib/Cbc-trunk/buildg/lib/libOsiClp.so.0(_ZN21OsiClpSolverInterface7resolveEv+0x15dd) [0x2b9554fd0605]
../Debug/vws(+0x1aa9c6) [0x563f5aa149c6]
../Debug/vws(+0x1fda26) [0x563f5aa67a26]
../Debug/vws(+0x104f7c) [0x563f5a96ef7c]
../Debug/vws(+0x103fbd) [0x563f5a96dfbd]
../Debug/vws(+0x127be9) [0x563f5a991be9]
../Debug/vws(+0x79d6a) [0x563f5a8e3d6a]
/lib/x86_64-linux-gnu/libc.so.6(__libc_start_main+0xf1) [0x2b95560d22e1]
../Debug/vws(+0x79259) [0x563f5a8e3259]


/var/spool/torque/mom_priv/jobs/1210707.polyp1.ie.lehigh.edu.SC: line 4: 14938 Aborted                 ../Debug/vws ${INPUT_FOLDER} ${OUTPUT_FILE} ${MAX_TIME} ${GENERATOR} ${TERMS}
