*** WARNING (version #870a55a): /home/sek519/warm_starting/vws/../vpc/src/branch/VPCEventHandler.cpp:1258: Objective at parent node 1/8 (node id 0) is somewhat incorrect. During BB, it was 620827.282, now it is 615808.787.
messed up a farkas cofficient
vws: /home/sek519/warm_starting/vws/../vpc/src/utility/utility.cpp:651: void verify(bool, const std::string&): Assertion `false' failed.


ERROR while running Cbc. Signal SIGABRT caught. Getting stack trace.
/home/sek519/warm_starting/vws/../vpc/lib/Cbc-trunk/buildg/lib/libCbc.so.0(_Z15CbcCrashHandleri+0x277) [0x2b8038ce6a4b]
/lib/x86_64-linux-gnu/libc.so.6(+0x33060) [0x2b8039aa0060]
/lib/x86_64-linux-gnu/libc.so.6(gsignal+0xcf) [0x2b8039a9ffff]
/lib/x86_64-linux-gnu/libc.so.6(abort+0x16a) [0x2b8039aa142a]
/lib/x86_64-linux-gnu/libc.so.6(+0x2be67) [0x2b8039a98e67]
/lib/x86_64-linux-gnu/libc.so.6(+0x2bf12) [0x2b8039a98f12]
../Debug/vws(+0x1b0427) [0x561e16043427]
../Debug/vws(+0x133373) [0x561e15fc6373]
../Debug/vws(+0x131b3a) [0x561e15fc4b3a]
../Debug/vws(+0x1312e6) [0x561e15fc42e6]
../Debug/vws(+0x104daf) [0x561e15f97daf]
../Debug/vws(+0x103ee1) [0x561e15f96ee1]
../Debug/vws(+0x127b00) [0x561e15fbab00]
../Debug/vws(+0x79d6a) [0x561e15f0cd6a]
/lib/x86_64-linux-gnu/libc.so.6(__libc_start_main+0xf1) [0x2b8039a8d2e1]
../Debug/vws(+0x79259) [0x561e15f0c259]




ERROR while running Cbc. Signal SIGABRT caught. Getting stack trace.
/home/sek519/warm_starting/vws/../vpc/lib/Cbc-trunk/buildg/lib/libCbc.so.0(_Z15CbcCrashHandleri+0x277) [0x2b8038ce6a4b]
/lib/x86_64-linux-gnu/libc.so.6(+0x33060) [0x2b8039aa0060]
/lib/x86_64-linux-gnu/libc.so.6(gsignal+0xcf) [0x2b8039a9ffff]
/lib/x86_64-linux-gnu/libc.so.6(abort+0x16a) [0x2b8039aa142a]
/home/sek519/warm_starting/vws/../vpc/lib/Cbc-trunk/buildg/lib/libCbc.so.0(_Z15CbcCrashHandleri+0x355) [0x2b8038ce6b29]
/lib/x86_64-linux-gnu/libc.so.6(+0x33060) [0x2b8039aa0060]
/lib/x86_64-linux-gnu/libc.so.6(gsignal+0xcf) [0x2b8039a9ffff]
/lib/x86_64-linux-gnu/libc.so.6(abort+0x16a) [0x2b8039aa142a]
/lib/x86_64-linux-gnu/libc.so.6(+0x2be67) [0x2b8039a98e67]
/lib/x86_64-linux-gnu/libc.so.6(+0x2bf12) [0x2b8039a98f12]
../Debug/vws(+0x1b0427) [0x561e16043427]
../Debug/vws(+0x133373) [0x561e15fc6373]
../Debug/vws(+0x131b3a) [0x561e15fc4b3a]
../Debug/vws(+0x1312e6) [0x561e15fc42e6]
../Debug/vws(+0x104daf) [0x561e15f97daf]
../Debug/vws(+0x103ee1) [0x561e15f96ee1]
../Debug/vws(+0x127b00) [0x561e15fbab00]
../Debug/vws(+0x79d6a) [0x561e15f0cd6a]
/lib/x86_64-linux-gnu/libc.so.6(__libc_start_main+0xf1) [0x2b8039a8d2e1]
../Debug/vws(+0x79259) [0x561e15f0c259]


/var/spool/torque/mom_priv/jobs/1218396.polyp1.ie.lehigh.edu.SC: line 4: 21271 Aborted                 ../Debug/vws ${INPUT_FOLDER} ${OUTPUT_FILE} ${MAX_TIME} ${GENERATOR} ${TERMS}
