Since we minimize, disjunctive dual bound should not be less than LP relaxation objective value.
vws: /home/sek519/warm_starting/vws/../vpc/src/utility/utility.cpp:651: void verify(bool, const std::string&): Assertion `false' failed.


ERROR while running Cbc. Signal SIGABRT caught. Getting stack trace.
/home/sek519/warm_starting/vws/../vpc/lib/Cbc-trunk/buildg/lib/libCbc.so.0(_Z15CbcCrashHandleri+0x277) [0x2b0a723eba4b]
/lib/x86_64-linux-gnu/libc.so.6(+0x33060) [0x2b0a731a5060]
/lib/x86_64-linux-gnu/libc.so.6(gsignal+0xcf) [0x2b0a731a4fff]
/lib/x86_64-linux-gnu/libc.so.6(abort+0x16a) [0x2b0a731a642a]
/lib/x86_64-linux-gnu/libc.so.6(+0x2be67) [0x2b0a7319de67]
/lib/x86_64-linux-gnu/libc.so.6(+0x2bf12) [0x2b0a7319df12]
../Debug/vws(+0x1b0427) [0x55e335bd8427]
../Debug/vws(+0x1fdd88) [0x55e335c25d88]
../Debug/vws(+0x105bb8) [0x55e335b2dbb8]
../Debug/vws(+0x103f4c) [0x55e335b2bf4c]
../Debug/vws(+0x127b00) [0x55e335b4fb00]
../Debug/vws(+0x79d6a) [0x55e335aa1d6a]
/lib/x86_64-linux-gnu/libc.so.6(__libc_start_main+0xf1) [0x2b0a731922e1]
../Debug/vws(+0x79259) [0x55e335aa1259]




ERROR while running Cbc. Signal SIGABRT caught. Getting stack trace.
/home/sek519/warm_starting/vws/../vpc/lib/Cbc-trunk/buildg/lib/libCbc.so.0(_Z15CbcCrashHandleri+0x277) [0x2b0a723eba4b]
/lib/x86_64-linux-gnu/libc.so.6(+0x33060) [0x2b0a731a5060]
/lib/x86_64-linux-gnu/libc.so.6(gsignal+0xcf) [0x2b0a731a4fff]
/lib/x86_64-linux-gnu/libc.so.6(abort+0x16a) [0x2b0a731a642a]
/home/sek519/warm_starting/vws/../vpc/lib/Cbc-trunk/buildg/lib/libCbc.so.0(_Z15CbcCrashHandleri+0x355) [0x2b0a723ebb29]
/lib/x86_64-linux-gnu/libc.so.6(+0x33060) [0x2b0a731a5060]
/lib/x86_64-linux-gnu/libc.so.6(gsignal+0xcf) [0x2b0a731a4fff]
/lib/x86_64-linux-gnu/libc.so.6(abort+0x16a) [0x2b0a731a642a]
/lib/x86_64-linux-gnu/libc.so.6(+0x2be67) [0x2b0a7319de67]
/lib/x86_64-linux-gnu/libc.so.6(+0x2bf12) [0x2b0a7319df12]
../Debug/vws(+0x1b0427) [0x55e335bd8427]
../Debug/vws(+0x1fdd88) [0x55e335c25d88]
../Debug/vws(+0x105bb8) [0x55e335b2dbb8]
../Debug/vws(+0x103f4c) [0x55e335b2bf4c]
../Debug/vws(+0x127b00) [0x55e335b4fb00]
../Debug/vws(+0x79d6a) [0x55e335aa1d6a]
/lib/x86_64-linux-gnu/libc.so.6(__libc_start_main+0xf1) [0x2b0a731922e1]
../Debug/vws(+0x79259) [0x55e335aa1259]


/var/spool/torque/mom_priv/jobs/1220457.polyp1.ie.lehigh.edu.SC: line 4:  1268 Aborted                 (core dumped) ../Debug/vws ${INPUT_FOLDER} ${OUTPUT_FILE} ${MAX_TIME} ${GENERATOR} ${TERMS}
