Since we minimize, disjunctive dual bound should not be less than LP relaxation objective value.
vws: /home/sek519/warm_starting/vws/../vpc/src/utility/utility.cpp:651: void verify(bool, const std::string&): Assertion `false' failed.


ERROR while running Cbc. Signal SIGABRT caught. Getting stack trace.
/home/sek519/warm_starting/vws/../vpc/lib/Cbc-trunk/buildg/lib/libCbc.so.0(_Z15CbcCrashHandleri+0x277) [0x2b4b53e8ea4b]
/lib/x86_64-linux-gnu/libc.so.6(+0x33060) [0x2b4b54c48060]
/lib/x86_64-linux-gnu/libc.so.6(gsignal+0xcf) [0x2b4b54c47fff]
/lib/x86_64-linux-gnu/libc.so.6(abort+0x16a) [0x2b4b54c4942a]
/lib/x86_64-linux-gnu/libc.so.6(+0x2be67) [0x2b4b54c40e67]
/lib/x86_64-linux-gnu/libc.so.6(+0x2bf12) [0x2b4b54c40f12]
../Debug/vws(+0x1b0427) [0x563343bc3427]
../Debug/vws(+0x1fdd88) [0x563343c10d88]
../Debug/vws(+0x10512c) [0x563343b1812c]
../Debug/vws(+0x103fb7) [0x563343b16fb7]
../Debug/vws(+0x127b00) [0x563343b3ab00]
../Debug/vws(+0x79d6a) [0x563343a8cd6a]
/lib/x86_64-linux-gnu/libc.so.6(__libc_start_main+0xf1) [0x2b4b54c352e1]
../Debug/vws(+0x79259) [0x563343a8c259]




ERROR while running Cbc. Signal SIGABRT caught. Getting stack trace.
/home/sek519/warm_starting/vws/../vpc/lib/Cbc-trunk/buildg/lib/libCbc.so.0(_Z15CbcCrashHandleri+0x277) [0x2b4b53e8ea4b]
/lib/x86_64-linux-gnu/libc.so.6(+0x33060) [0x2b4b54c48060]
/lib/x86_64-linux-gnu/libc.so.6(gsignal+0xcf) [0x2b4b54c47fff]
/lib/x86_64-linux-gnu/libc.so.6(abort+0x16a) [0x2b4b54c4942a]
/home/sek519/warm_starting/vws/../vpc/lib/Cbc-trunk/buildg/lib/libCbc.so.0(_Z15CbcCrashHandleri+0x355) [0x2b4b53e8eb29]
/lib/x86_64-linux-gnu/libc.so.6(+0x33060) [0x2b4b54c48060]
/lib/x86_64-linux-gnu/libc.so.6(gsignal+0xcf) [0x2b4b54c47fff]
/lib/x86_64-linux-gnu/libc.so.6(abort+0x16a) [0x2b4b54c4942a]
/lib/x86_64-linux-gnu/libc.so.6(+0x2be67) [0x2b4b54c40e67]
/lib/x86_64-linux-gnu/libc.so.6(+0x2bf12) [0x2b4b54c40f12]
../Debug/vws(+0x1b0427) [0x563343bc3427]
../Debug/vws(+0x1fdd88) [0x563343c10d88]
../Debug/vws(+0x10512c) [0x563343b1812c]
../Debug/vws(+0x103fb7) [0x563343b16fb7]
../Debug/vws(+0x127b00) [0x563343b3ab00]
../Debug/vws(+0x79d6a) [0x563343a8cd6a]
/lib/x86_64-linux-gnu/libc.so.6(__libc_start_main+0xf1) [0x2b4b54c352e1]
../Debug/vws(+0x79259) [0x563343a8c259]


/var/spool/torque/mom_priv/jobs/1220466.polyp1.ie.lehigh.edu.SC: line 4:  4905 Aborted                 ../Debug/vws ${INPUT_FOLDER} ${OUTPUT_FILE} ${MAX_TIME} ${GENERATOR} ${TERMS}
