*** WARNING (version #870a55a): /home/sek519/warm_starting/vws/../vpc/src/branch/VPCEventHandler.cpp:1258: Objective at parent node 21/32 (node id 18) is somewhat incorrect. During BB, it was 637138.370, now it is 627890.923.
*** WARNING (version #870a55a): /home/sek519/warm_starting/vws/../vpc/src/utility/nbspace.cpp:372: Ray 577: Calculated dot product with obj differs from solver's. Obj viol from solver: 10.58147182. Calculated: 10.58147195.
*** WARNING (version #870a55a): /home/sek519/warm_starting/vws/../vpc/src/utility/nbspace.cpp:372: Ray 672: Calculated dot product with obj differs from solver's. Obj viol from solver: 2.15119404. Calculated: 2.15119417.
*** WARNING (version #870a55a): /home/sek519/warm_starting/vws/../vpc/src/utility/nbspace.cpp:372: Ray 761: Calculated dot product with obj differs from solver's. Obj viol from solver: 1.60442601. Calculated: 1.60442617.
[WARNING] No vpcs were made from a new disjunction. Stopping series.
vws: /home/sek519/warm_starting/vws/../vpc/src/utility/utility.cpp:651: void verify(bool, const std::string&): Assertion `false' failed.


ERROR while running Cbc. Signal SIGABRT caught. Getting stack trace.
/home/sek519/warm_starting/vws/../vpc/lib/Cbc-trunk/buildg/lib/libCbc.so.0(_Z15CbcCrashHandleri+0x277) [0x2b73d51b0a4b]
/lib/x86_64-linux-gnu/libc.so.6(+0x33060) [0x2b73d5f6a060]
/lib/x86_64-linux-gnu/libc.so.6(gsignal+0xcf) [0x2b73d5f69fff]
/lib/x86_64-linux-gnu/libc.so.6(abort+0x16a) [0x2b73d5f6b42a]
/lib/x86_64-linux-gnu/libc.so.6(+0x2be67) [0x2b73d5f62e67]
/lib/x86_64-linux-gnu/libc.so.6(+0x2bf12) [0x2b73d5f62f12]
../Debug/vws(+0x1b0427) [0x55f3933bd427]
../Debug/vws(+0x127bb8) [0x55f393334bb8]
../Debug/vws(+0x79d6a) [0x55f393286d6a]
/lib/x86_64-linux-gnu/libc.so.6(__libc_start_main+0xf1) [0x2b73d5f572e1]
../Debug/vws(+0x79259) [0x55f393286259]




ERROR while running Cbc. Signal SIGABRT caught. Getting stack trace.
/home/sek519/warm_starting/vws/../vpc/lib/Cbc-trunk/buildg/lib/libCbc.so.0(_Z15CbcCrashHandleri+0x277) [0x2b73d51b0a4b]
/lib/x86_64-linux-gnu/libc.so.6(+0x33060) [0x2b73d5f6a060]
/lib/x86_64-linux-gnu/libc.so.6(gsignal+0xcf) [0x2b73d5f69fff]
/lib/x86_64-linux-gnu/libc.so.6(abort+0x16a) [0x2b73d5f6b42a]
/home/sek519/warm_starting/vws/../vpc/lib/Cbc-trunk/buildg/lib/libCbc.so.0(_Z15CbcCrashHandleri+0x355) [0x2b73d51b0b29]
/lib/x86_64-linux-gnu/libc.so.6(+0x33060) [0x2b73d5f6a060]
/lib/x86_64-linux-gnu/libc.so.6(gsignal+0xcf) [0x2b73d5f69fff]
/lib/x86_64-linux-gnu/libc.so.6(abort+0x16a) [0x2b73d5f6b42a]
/lib/x86_64-linux-gnu/libc.so.6(+0x2be67) [0x2b73d5f62e67]
/lib/x86_64-linux-gnu/libc.so.6(+0x2bf12) [0x2b73d5f62f12]
../Debug/vws(+0x1b0427) [0x55f3933bd427]
../Debug/vws(+0x127bb8) [0x55f393334bb8]
../Debug/vws(+0x79d6a) [0x55f393286d6a]
/lib/x86_64-linux-gnu/libc.so.6(__libc_start_main+0xf1) [0x2b73d5f572e1]
../Debug/vws(+0x79259) [0x55f393286259]


/var/spool/torque/mom_priv/jobs/1218412.polyp1.ie.lehigh.edu.SC: line 4: 21613 Aborted                 ../Debug/vws ${INPUT_FOLDER} ${OUTPUT_FILE} ${MAX_TIME} ${GENERATOR} ${TERMS}
