Since we minimize, disjunctive dual bound should not be less than LP relaxation objective value.
vws: /home/sek519/warm_starting/vws/../vpc/src/utility/utility.cpp:651: void verify(bool, const std::string&): Assertion `false' failed.


ERROR while running Cbc. Signal SIGABRT caught. Getting stack trace.
/home/sek519/warm_starting/vws/../vpc/lib/Cbc-trunk/buildg/lib/libCbc.so.0(_Z15CbcCrashHandleri+0x277) [0x2b8245e5fa4b]
/lib/x86_64-linux-gnu/libc.so.6(+0x33060) [0x2b8246c19060]
/lib/x86_64-linux-gnu/libc.so.6(gsignal+0xcf) [0x2b8246c18fff]
/lib/x86_64-linux-gnu/libc.so.6(abort+0x16a) [0x2b8246c1a42a]
/lib/x86_64-linux-gnu/libc.so.6(+0x2be67) [0x2b8246c11e67]
/lib/x86_64-linux-gnu/libc.so.6(+0x2bf12) [0x2b8246c11f12]
../Debug/vws(+0x1b0427) [0x562beffe3427]
../Debug/vws(+0x1fdd88) [0x562bf0030d88]
../Debug/vws(+0x10512c) [0x562beff3812c]
../Debug/vws(+0x103fb7) [0x562beff36fb7]
../Debug/vws(+0x127b00) [0x562beff5ab00]
../Debug/vws(+0x79d6a) [0x562befeacd6a]
/lib/x86_64-linux-gnu/libc.so.6(__libc_start_main+0xf1) [0x2b8246c062e1]
../Debug/vws(+0x79259) [0x562befeac259]




ERROR while running Cbc. Signal SIGABRT caught. Getting stack trace.
/home/sek519/warm_starting/vws/../vpc/lib/Cbc-trunk/buildg/lib/libCbc.so.0(_Z15CbcCrashHandleri+0x277) [0x2b8245e5fa4b]
/lib/x86_64-linux-gnu/libc.so.6(+0x33060) [0x2b8246c19060]
/lib/x86_64-linux-gnu/libc.so.6(gsignal+0xcf) [0x2b8246c18fff]
/lib/x86_64-linux-gnu/libc.so.6(abort+0x16a) [0x2b8246c1a42a]
/home/sek519/warm_starting/vws/../vpc/lib/Cbc-trunk/buildg/lib/libCbc.so.0(_Z15CbcCrashHandleri+0x355) [0x2b8245e5fb29]
/lib/x86_64-linux-gnu/libc.so.6(+0x33060) [0x2b8246c19060]
/lib/x86_64-linux-gnu/libc.so.6(gsignal+0xcf) [0x2b8246c18fff]
/lib/x86_64-linux-gnu/libc.so.6(abort+0x16a) [0x2b8246c1a42a]
/lib/x86_64-linux-gnu/libc.so.6(+0x2be67) [0x2b8246c11e67]
/lib/x86_64-linux-gnu/libc.so.6(+0x2bf12) [0x2b8246c11f12]
../Debug/vws(+0x1b0427) [0x562beffe3427]
../Debug/vws(+0x1fdd88) [0x562bf0030d88]
../Debug/vws(+0x10512c) [0x562beff3812c]
../Debug/vws(+0x103fb7) [0x562beff36fb7]
../Debug/vws(+0x127b00) [0x562beff5ab00]
../Debug/vws(+0x79d6a) [0x562befeacd6a]
/lib/x86_64-linux-gnu/libc.so.6(__libc_start_main+0xf1) [0x2b8246c062e1]
../Debug/vws(+0x79259) [0x562befeac259]


/var/spool/torque/mom_priv/jobs/1220454.polyp1.ie.lehigh.edu.SC: line 4:  1240 Aborted                 (core dumped) ../Debug/vws ${INPUT_FOLDER} ${OUTPUT_FILE} ${MAX_TIME} ${GENERATOR} ${TERMS}
