*** WARNING (version #0ca050f): /home/sek519/warm_starting/vws/../vpc/src/utility/nbspace.cpp:155: Point: Calculated dot product with obj differs from solver's. Obj viol from solver: 4972.28300858. Calculated: 4972.28301400.
*** WARNING (version #0ca050f): /home/sek519/warm_starting/vws/../vpc/src/utility/nbspace.cpp:372: Ray 1316: Calculated dot product with obj differs from solver's. Obj viol from solver: 280668.93341736. Calculated: 280668.93341694.
*** WARNING (version #0ca050f): /home/sek519/warm_starting/vws/../vpc/src/utility/nbspace.cpp:372: Ray 1319: Calculated dot product with obj differs from solver's. Obj viol from solver: 127229.25688711. Calculated: 127229.25688685.
*** WARNING (version #0ca050f): /home/sek519/warm_starting/vws/../vpc/src/utility/nbspace.cpp:372: Ray 1320: Calculated dot product with obj differs from solver's. Obj viol from solver: 69350.82069048. Calculated: 69350.82069027.
*** WARNING (version #0ca050f): /home/sek519/warm_starting/vws/../vpc/src/utility/nbspace.cpp:372: Ray 1321: Calculated dot product with obj differs from solver's. Obj viol from solver: 14418.73351907. Calculated: 14418.73351892.
*** WARNING (version #0ca050f): /home/sek519/warm_starting/vws/../vpc/src/utility/nbspace.cpp:372: Ray 1322: Calculated dot product with obj differs from solver's. Obj viol from solver: 8015.05095229. Calculated: 8015.05095219.
*** WARNING (version #0ca050f): /home/sek519/warm_starting/vws/../vpc/src/utility/nbspace.cpp:372: Ray 1348: Calculated dot product with obj differs from solver's. Obj viol from solver: 16705.31468134. Calculated: 16705.31467893.
*** WARNING (version #0ca050f): /home/sek519/warm_starting/vws/../vpc/src/utility/nbspace.cpp:372: Ray 1349: Calculated dot product with obj differs from solver's. Obj viol from solver: 2147.51588092. Calculated: 2147.51587836.
*** WARNING (version #0ca050f): /home/sek519/warm_starting/vws/../vpc/src/utility/nbspace.cpp:372: Ray 1354: Calculated dot product with obj differs from solver's. Obj viol from solver: 117480.34182255. Calculated: 117480.34182265.
*** WARNING (version #0ca050f): /home/sek519/warm_starting/vws/../vpc/src/utility/nbspace.cpp:155: Point: Calculated dot product with obj differs from solver's. Obj viol from solver: 219196.16824722. Calculated: 219196.16824953.
*** WARNING (version #0ca050f): /home/sek519/warm_starting/vws/../vpc/src/utility/nbspace.cpp:372: Ray 1354: Calculated dot product with obj differs from solver's. Obj viol from solver: 624013.79318881. Calculated: 624013.79319063.
*** WARNING (version #0ca050f): /home/sek519/warm_starting/vws/../vpc/src/utility/nbspace.cpp:372: Ray 1355: Calculated dot product with obj differs from solver's. Obj viol from solver: 557438.19239653. Calculated: 557438.19239818.
*** WARNING (version #0ca050f): /home/sek519/warm_starting/vws/../vpc/src/utility/nbspace.cpp:372: Ray 1356: Calculated dot product with obj differs from solver's. Obj viol from solver: 490862.59160424. Calculated: 490862.59160573.
*** WARNING (version #0ca050f): /home/sek519/warm_starting/vws/../vpc/src/utility/nbspace.cpp:372: Ray 1357: Calculated dot product with obj differs from solver's. Obj viol from solver: 424286.99081196. Calculated: 424286.99081328.
*** WARNING (version #0ca050f): /home/sek519/warm_starting/vws/../vpc/src/utility/nbspace.cpp:372: Ray 1358: Calculated dot product with obj differs from solver's. Obj viol from solver: 357711.39001967. Calculated: 357711.39002083.
*** WARNING (version #0ca050f): /home/sek519/warm_starting/vws/../vpc/src/utility/nbspace.cpp:372: Ray 1359: Calculated dot product with obj differs from solver's. Obj viol from solver: 291135.78922739. Calculated: 291135.78922838.
*** WARNING (version #0ca050f): /home/sek519/warm_starting/vws/../vpc/src/utility/nbspace.cpp:372: Ray 1364: Calculated dot product with obj differs from solver's. Obj viol from solver: 56335.55738242. Calculated: 56335.55738259.
*** WARNING (version #0ca050f): /home/sek519/warm_starting/vws/../vpc/src/utility/nbspace.cpp:155: Point: Calculated dot product with obj differs from solver's. Obj viol from solver: 132105.73442841. Calculated: 132105.73442289.
*** WARNING (version #0ca050f): /home/sek519/warm_starting/vws/../vpc/src/utility/nbspace.cpp:372: Ray 1354: Calculated dot product with obj differs from solver's. Obj viol from solver: 129239.88732918. Calculated: 129239.88732929.
*** WARNING (version #0ca050f): /home/sek519/warm_starting/vws/../vpc/src/utility/nbspace.cpp:372: Ray 1373: Calculated dot product with obj differs from solver's. Obj viol from solver: 1265100.13958036. Calculated: 1265100.13958017.
*** WARNING (version #0ca050f): /home/sek519/warm_starting/vws/../vpc/src/utility/nbspace.cpp:372: Ray 1374: Calculated dot product with obj differs from solver's. Obj viol from solver: 1176328.86413341. Calculated: 1176328.86413323.
*** WARNING (version #0ca050f): /home/sek519/warm_starting/vws/../vpc/src/utility/nbspace.cpp:372: Ray 1375: Calculated dot product with obj differs from solver's. Obj viol from solver: 1087557.58868645. Calculated: 1087557.58868628.
*** WARNING (version #0ca050f): /home/sek519/warm_starting/vws/../vpc/src/utility/nbspace.cpp:372: Ray 1376: Calculated dot product with obj differs from solver's. Obj viol from solver: 998786.31323949. Calculated: 998786.31323933.
*** WARNING (version #0ca050f): /home/sek519/warm_starting/vws/../vpc/src/utility/nbspace.cpp:372: Ray 1379: Calculated dot product with obj differs from solver's. Obj viol from solver: 842949.64094712. Calculated: 842949.64094700.
*** WARNING (version #0ca050f): /home/sek519/warm_starting/vws/../vpc/src/utility/nbspace.cpp:372: Ray 1381: Calculated dot product with obj differs from solver's. Obj viol from solver: 721321.34523714. Calculated: 721321.34523703.
*** WARNING (version #0ca050f): /home/sek519/warm_starting/vws/../vpc/src/utility/nbspace.cpp:155: Point: Calculated dot product with obj differs from solver's. Obj viol from solver: 348079.71670151. Calculated: 348079.71669995.
*** WARNING (version #0ca050f): /home/sek519/warm_starting/vws/../vpc/src/utility/nbspace.cpp:372: Ray 1316: Calculated dot product with obj differs from solver's. Obj viol from solver: 310872.37205540. Calculated: 310872.37205586.
*** WARNING (version #0ca050f): /home/sek519/warm_starting/vws/../vpc/src/utility/nbspace.cpp:372: Ray 1319: Calculated dot product with obj differs from solver's. Obj viol from solver: 146106.40603589. Calculated: 146106.40603617.
*** WARNING (version #0ca050f): /home/sek519/warm_starting/vws/../vpc/src/utility/nbspace.cpp:372: Ray 1320: Calculated dot product with obj differs from solver's. Obj viol from solver: 84452.54000950. Calculated: 84452.54000973.
*** WARNING (version #0ca050f): /home/sek519/warm_starting/vws/../vpc/src/utility/nbspace.cpp:372: Ray 1321: Calculated dot product with obj differs from solver's. Obj viol from solver: 25745.02300834. Calculated: 25745.02300851.
*** WARNING (version #0ca050f): /home/sek519/warm_starting/vws/../vpc/src/utility/nbspace.cpp:372: Ray 1322: Calculated dot product with obj differs from solver's. Obj viol from solver: 15565.91061180. Calculated: 15565.91061192.
*** WARNING (version #0ca050f): /home/sek519/warm_starting/vws/../vpc/src/utility/nbspace.cpp:372: Ray 1331: Calculated dot product with obj differs from solver's. Obj viol from solver: 19176.37364729. Calculated: 19176.37364716.
*** WARNING (version #0ca050f): /home/sek519/warm_starting/vws/../vpc/src/utility/nbspace.cpp:372: Ray 1354: Calculated dot product with obj differs from solver's. Obj viol from solver: 625251.48234401. Calculated: 625251.48234571.
*** WARNING (version #0ca050f): /home/sek519/warm_starting/vws/../vpc/src/utility/nbspace.cpp:372: Ray 1355: Calculated dot product with obj differs from solver's. Obj viol from solver: 558563.36435579. Calculated: 558563.36435735.
*** WARNING (version #0ca050f): /home/sek519/warm_starting/vws/../vpc/src/utility/nbspace.cpp:372: Ray 1356: Calculated dot product with obj differs from solver's. Obj viol from solver: 491875.24636758. Calculated: 491875.24636898.
*** WARNING (version #0ca050f): /home/sek519/warm_starting/vws/../vpc/src/utility/nbspace.cpp:372: Ray 1357: Calculated dot product with obj differs from solver's. Obj viol from solver: 425187.12837937. Calculated: 425187.12838061.
*** WARNING (version #0ca050f): /home/sek519/warm_starting/vws/../vpc/src/utility/nbspace.cpp:372: Ray 1358: Calculated dot product with obj differs from solver's. Obj viol from solver: 358499.01039116. Calculated: 358499.01039225.
*** WARNING (version #0ca050f): /home/sek519/warm_starting/vws/../vpc/src/utility/nbspace.cpp:372: Ray 1359: Calculated dot product with obj differs from solver's. Obj viol from solver: 291810.89240295. Calculated: 291810.89240388.
*** WARNING (version #0ca050f): /home/sek519/warm_starting/vws/../vpc/src/utility/nbspace.cpp:372: Ray 1364: Calculated dot product with obj differs from solver's. Obj viol from solver: 56448.07457835. Calculated: 56448.07457850.
*** WARNING (version #0ca050f): /home/sek519/warm_starting/vws/../vpc/src/utility/nbspace.cpp:372: Ray 1373: Calculated dot product with obj differs from solver's. Obj viol from solver: 1349183.54090492. Calculated: 1349183.54090527.
*** WARNING (version #0ca050f): /home/sek519/warm_starting/vws/../vpc/src/utility/nbspace.cpp:372: Ray 1374: Calculated dot product with obj differs from solver's. Obj viol from solver: 1255740.96538438. Calculated: 1255740.96538471.
*** WARNING (version #0ca050f): /home/sek519/warm_starting/vws/../vpc/src/utility/nbspace.cpp:372: Ray 1375: Calculated dot product with obj differs from solver's. Obj viol from solver: 1162298.38986383. Calculated: 1162298.38986414.
*** WARNING (version #0ca050f): /home/sek519/warm_starting/vws/../vpc/src/utility/nbspace.cpp:372: Ray 1376: Calculated dot product with obj differs from solver's. Obj viol from solver: 1068855.81434329. Calculated: 1068855.81434358.
*** WARNING (version #0ca050f): /home/sek519/warm_starting/vws/../vpc/src/utility/nbspace.cpp:372: Ray 1379: Calculated dot product with obj differs from solver's. Obj viol from solver: 899005.24183016. Calculated: 899005.24183040.
*** WARNING (version #0ca050f): /home/sek519/warm_starting/vws/../vpc/src/utility/nbspace.cpp:372: Ray 1381: Calculated dot product with obj differs from solver's. Obj viol from solver: 768034.34597301. Calculated: 768034.34597320.
*** WARNING (version #0ca050f): /home/sek519/warm_starting/vws/../vpc/src/utility/nbspace.cpp:372: Ray 1382: Calculated dot product with obj differs from solver's. Obj viol from solver: 691230.91137571. Calculated: 691230.91137588.
*** WARNING (version #0ca050f): /home/sek519/warm_starting/vws/../vpc/src/utility/nbspace.cpp:372: Ray 1383: Calculated dot product with obj differs from solver's. Obj viol from solver: 614427.47677840. Calculated: 614427.47677856.
*** WARNING (version #0ca050f): /home/sek519/warm_starting/vws/../vpc/src/utility/nbspace.cpp:372: Ray 1385: Calculated dot product with obj differs from solver's. Obj viol from solver: 460820.60758380. Calculated: 460820.60758392.
*** WARNING (version #0ca050f): /home/sek519/warm_starting/vws/../vpc/src/utility/nbspace.cpp:155: Point: Calculated dot product with obj differs from solver's. Obj viol from solver: 3261.06252861. Calculated: 3261.06252993.
*** WARNING (version #0ca050f): /home/sek519/warm_starting/vws/../vpc/src/utility/nbspace.cpp:372: Ray 1373: Calculated dot product with obj differs from solver's. Obj viol from solver: 214468.43252964. Calculated: 214468.43252920.
*** WARNING (version #0ca050f): /home/sek519/warm_starting/vws/../vpc/src/utility/nbspace.cpp:372: Ray 1374: Calculated dot product with obj differs from solver's. Obj viol from solver: 212398.10709448. Calculated: 212398.10709405.
*** WARNING (version #0ca050f): /home/sek519/warm_starting/vws/../vpc/src/utility/nbspace.cpp:372: Ray 1375: Calculated dot product with obj differs from solver's. Obj viol from solver: 208984.28486371. Calculated: 208984.28486330.
*** WARNING (version #0ca050f): /home/sek519/warm_starting/vws/../vpc/src/utility/nbspace.cpp:372: Ray 1381: Calculated dot product with obj differs from solver's. Obj viol from solver: 123017.06518986. Calculated: 123017.06518961.
*** WARNING (version #0ca050f): /home/sek519/warm_starting/vws/../vpc/src/utility/nbspace.cpp:372: Ray 1385: Calculated dot product with obj differs from solver's. Obj viol from solver: 77283.66213104. Calculated: 77283.66213089.
*** WARNING (version #0ca050f): /home/sek519/warm_starting/vws/../vpc/src/utility/nbspace.cpp:372: Ray 1390: Calculated dot product with obj differs from solver's. Obj viol from solver: 160843.69281373. Calculated: 160843.69281344.
*** WARNING (version #0ca050f): /home/sek519/warm_starting/vws/../vpc/src/utility/nbspace.cpp:155: Point: Calculated dot product with obj differs from solver's. Obj viol from solver: 180511.53159904. Calculated: 180511.53160301.
*** WARNING (version #0ca050f): /home/sek519/warm_starting/vws/../vpc/src/utility/nbspace.cpp:372: Ray 1355: Calculated dot product with obj differs from solver's. Obj viol from solver: 2551403.35161873. Calculated: 2551403.35161697.
*** WARNING (version #0ca050f): /home/sek519/warm_starting/vws/../vpc/src/utility/nbspace.cpp:372: Ray 1357: Calculated dot product with obj differs from solver's. Obj viol from solver: 2528618.99698605. Calculated: 2528618.99698430.
*** WARNING (version #0ca050f): /home/sek519/warm_starting/vws/../vpc/src/utility/nbspace.cpp:155: Point: Calculated dot product with obj differs from solver's. Obj viol from solver: 509214.37966728. Calculated: 509214.37966750.
*** WARNING (version #0ca050f): /home/sek519/warm_starting/vws/../vpc/src/utility/nbspace.cpp:358: Ray 1322: dot product with obj < 0. Obj viol from solver: 0.00000000. Calculated: -0.00000021.
*** WARNING (version #0ca050f): /home/sek519/warm_starting/vws/../vpc/src/utility/nbspace.cpp:372: Ray 1322: Calculated dot product with obj differs from solver's. Obj viol from solver: 0.00000000. Calculated: -0.00000021.
*** WARNING (version #0ca050f): /home/sek519/warm_starting/vws/../vpc/src/cut/CglVPC.cpp:1243: Term 2 ray 1040 does not satisfy the objective cut. Activity: -0.00000021. RHS: 0.00000000. Small enough violation that we only send a warning.
*** WARNING (version #0ca050f): /home/sek519/warm_starting/vws/../vpc/src/utility/nbspace.cpp:372: Ray 1374: Calculated dot product with obj differs from solver's. Obj viol from solver: 1830383.55824428. Calculated: 1830383.55824476.
*** WARNING (version #0ca050f): /home/sek519/warm_starting/vws/../vpc/src/utility/nbspace.cpp:372: Ray 1375: Calculated dot product with obj differs from solver's. Obj viol from solver: 1807381.31890979. Calculated: 1807381.31891022.
*** WARNING (version #0ca050f): /home/sek519/warm_starting/vws/../vpc/src/utility/nbspace.cpp:372: Ray 1376: Calculated dot product with obj differs from solver's. Obj viol from solver: 1744964.02796157. Calculated: 1744964.02796194.
*** WARNING (version #0ca050f): /home/sek519/warm_starting/vws/../vpc/src/utility/nbspace.cpp:372: Ray 1385: Calculated dot product with obj differs from solver's. Obj viol from solver: 1436255.97405924. Calculated: 1436255.97405914.
*** WARNING (version #0ca050f): /home/sek519/warm_starting/vws/../vpc/src/utility/nbspace.cpp:372: Ray 1386: Calculated dot product with obj differs from solver's. Obj viol from solver: 1051349.31578256. Calculated: 1051349.31578240.
*** WARNING (version #0ca050f): /home/sek519/warm_starting/vws/../vpc/src/utility/nbspace.cpp:372: Ray 1387: Calculated dot product with obj differs from solver's. Obj viol from solver: 1296624.60579151. Calculated: 1296624.60579130.
*** WARNING (version #0ca050f): /home/sek519/warm_starting/vws/../vpc/src/utility/nbspace.cpp:372: Ray 1390: Calculated dot product with obj differs from solver's. Obj viol from solver: 1637515.69922885. Calculated: 1637515.69922915.
*** WARNING (version #0ca050f): /home/sek519/warm_starting/vws/../vpc/src/utility/nbspace.cpp:155: Point: Calculated dot product with obj differs from solver's. Obj viol from solver: 670240.81786919. Calculated: 670240.81787181.
*** WARNING (version #0ca050f): /home/sek519/warm_starting/vws/../vpc/src/utility/nbspace.cpp:372: Ray 1321: Calculated dot product with obj differs from solver's. Obj viol from solver: 6844.67683797. Calculated: 6844.67683808.
*** WARNING (version #0ca050f): /home/sek519/warm_starting/vws/../vpc/src/utility/nbspace.cpp:372: Ray 1322: Calculated dot product with obj differs from solver's. Obj viol from solver: 7366.67621783. Calculated: 7366.67621795.
*** WARNING (version #0ca050f): /home/sek519/warm_starting/vws/../vpc/src/utility/nbspace.cpp:372: Ray 1355: Calculated dot product with obj differs from solver's. Obj viol from solver: 4477739.32267326. Calculated: 4477739.32267337.
*** WARNING (version #0ca050f): /home/sek519/warm_starting/vws/../vpc/src/utility/nbspace.cpp:372: Ray 1357: Calculated dot product with obj differs from solver's. Obj viol from solver: 4482186.53447222. Calculated: 4482186.53447235.
*** WARNING (version #0ca050f): /home/sek519/warm_starting/vws/../vpc/src/utility/nbspace.cpp:372: Ray 1358: Calculated dot product with obj differs from solver's. Obj viol from solver: 4491080.95807015. Calculated: 4491080.95807029.
*** WARNING (version #0ca050f): /home/sek519/warm_starting/vws/../vpc/src/utility/nbspace.cpp:155: Point: Calculated dot product with obj differs from solver's. Obj viol from solver: -0.00000191. Calculated: 0.00000000.
*** WARNING (version #0ca050f): /home/sek519/warm_starting/vws/../vpc/src/utility/nbspace.cpp:155: Point: Calculated dot product with obj differs from solver's. Obj viol from solver: 22537.79443932. Calculated: 22537.79443569.
*** WARNING (version #0ca050f): /home/sek519/warm_starting/vws/../vpc/src/utility/nbspace.cpp:372: Ray 1358: Calculated dot product with obj differs from solver's. Obj viol from solver: 397492.20993812. Calculated: 397492.20993642.
*** WARNING (version #0ca050f): /home/sek519/warm_starting/vws/../vpc/src/utility/nbspace.cpp:155: Point: Calculated dot product with obj differs from solver's. Obj viol from solver: 83413.25014114. Calculated: 83413.25013792.
*** WARNING (version #0ca050f): /home/sek519/warm_starting/vws/../vpc/src/utility/nbspace.cpp:155: Point: Calculated dot product with obj differs from solver's. Obj viol from solver: 107717.33908463. Calculated: 107717.33908439.
*** WARNING (version #0ca050f): /home/sek519/warm_starting/vws/../vpc/src/utility/nbspace.cpp:372: Ray 1358: Calculated dot product with obj differs from solver's. Obj viol from solver: 501780.86848629. Calculated: 501780.86848640.
*** WARNING (version #0ca050f): /home/sek519/warm_starting/vws/../vpc/src/utility/nbspace.cpp:372: Ray 1381: Calculated dot product with obj differs from solver's. Obj viol from solver: 391059.83811283. Calculated: 391059.83811294.
*** WARNING (version #0ca050f): /home/sek519/warm_starting/vws/../vpc/src/cut/PRLP.cpp:387: PRLP is primal infeasible; giving up on this point-ray collection.
*** WARNING (version #0ca050f): /home/sek519/warm_starting/vws/../vpc/src/utility/nbspace.cpp:155: Point: Calculated dot product with obj differs from solver's. Obj viol from solver: 877.62273407. Calculated: 877.62273507.
*** WARNING (version #0ca050f): /home/sek519/warm_starting/vws/../vpc/src/utility/nbspace.cpp:155: Point: Calculated dot product with obj differs from solver's. Obj viol from solver: 211862.75114441. Calculated: 211862.75114538.
*** WARNING (version #0ca050f): /home/sek519/warm_starting/vws/../vpc/src/utility/nbspace.cpp:372: Ray 1339: Calculated dot product with obj differs from solver's. Obj viol from solver: 248158.06153162. Calculated: 248158.06153178.
*** WARNING (version #0ca050f): /home/sek519/warm_starting/vws/../vpc/src/utility/nbspace.cpp:372: Ray 1340: Calculated dot product with obj differs from solver's. Obj viol from solver: 245133.44624974. Calculated: 245133.44624992.
*** WARNING (version #0ca050f): /home/sek519/warm_starting/vws/../vpc/src/utility/nbspace.cpp:372: Ray 1355: Calculated dot product with obj differs from solver's. Obj viol from solver: 32407.88874772. Calculated: 32407.88874783.
*** WARNING (version #0ca050f): /home/sek519/warm_starting/vws/../vpc/src/utility/nbspace.cpp:372: Ray 1357: Calculated dot product with obj differs from solver's. Obj viol from solver: 31928.47918719. Calculated: 31928.47918735.
*** WARNING (version #0ca050f): /home/sek519/warm_starting/vws/../vpc/src/utility/nbspace.cpp:372: Ray 1367: Calculated dot product with obj differs from solver's. Obj viol from solver: 32384.21010463. Calculated: 32384.21010475.
*** WARNING (version #0ca050f): /home/sek519/warm_starting/vws/../vpc/src/utility/nbspace.cpp:155: Point: Calculated dot product with obj differs from solver's. Obj viol from solver: -0.00000191. Calculated: 0.00000016.
*** WARNING (version #0ca050f): /home/sek519/warm_starting/vws/../vpc/src/utility/nbspace.cpp:155: Point: Calculated dot product with obj differs from solver's. Obj viol from solver: 1733.11290169. Calculated: 1733.11289937.
*** WARNING (version #0ca050f): /home/sek519/warm_starting/vws/../vpc/src/utility/nbspace.cpp:155: Point: Calculated dot product with obj differs from solver's. Obj viol from solver: 269333.54880142. Calculated: 269333.54880182.
*** WARNING (version #0ca050f): /home/sek519/warm_starting/vws/../vpc/src/utility/nbspace.cpp:155: Point: Calculated dot product with obj differs from solver's. Obj viol from solver: 271067.09283447. Calculated: 271067.09283333.
*** WARNING (version #0ca050f): /home/sek519/warm_starting/vws/../vpc/src/cut/PRLP.cpp:387: PRLP is primal infeasible; giving up on this point-ray collection.
*** WARNING (version #0ca050f): /home/sek519/warm_starting/vws/../vpc/src/utility/nbspace.cpp:155: Point: Calculated dot product with obj differs from solver's. Obj viol from solver: 0.00000191. Calculated: 0.00000000.
*** WARNING (version #0ca050f): /home/sek519/warm_starting/vws/../vpc/src/utility/nbspace.cpp:155: Point: Calculated dot product with obj differs from solver's. Obj viol from solver: 150194.77095222. Calculated: 150194.77094804.
*** WARNING (version #0ca050f): /home/sek519/warm_starting/vws/../vpc/src/cut/PRLP.cpp:387: PRLP is primal infeasible; giving up on this point-ray collection.
*** WARNING (version #0ca050f): /home/sek519/warm_starting/vws/../vpc/src/utility/nbspace.cpp:155: Point: Calculated dot product with obj differs from solver's. Obj viol from solver: 7411.85004807. Calculated: 7411.85005160.
*** WARNING (version #0ca050f): /home/sek519/warm_starting/vws/../vpc/src/utility/nbspace.cpp:372: Ray 1356: Calculated dot product with obj differs from solver's. Obj viol from solver: 52509.92728840. Calculated: 52509.92728818.
*** WARNING (version #0ca050f): /home/sek519/warm_starting/vws/../vpc/src/utility/nbspace.cpp:372: Ray 1357: Calculated dot product with obj differs from solver's. Obj viol from solver: 43576.89944068. Calculated: 43576.89944046.
*** WARNING (version #0ca050f): /home/sek519/warm_starting/vws/../vpc/src/utility/nbspace.cpp:372: Ray 1358: Calculated dot product with obj differs from solver's. Obj viol from solver: 31070.66045386. Calculated: 31070.66045365.
*** WARNING (version #0ca050f): /home/sek519/warm_starting/vws/../vpc/src/utility/nbspace.cpp:372: Ray 1364: Calculated dot product with obj differs from solver's. Obj viol from solver: 52509.92728840. Calculated: 52509.92728818.
*** WARNING (version #0ca050f): /home/sek519/warm_starting/vws/../vpc/src/utility/nbspace.cpp:155: Point: Calculated dot product with obj differs from solver's. Obj viol from solver: 34127.33541679. Calculated: 34127.33542162.
*** WARNING (version #0ca050f): /home/sek519/warm_starting/vws/../vpc/src/utility/nbspace.cpp:372: Ray 1390: Calculated dot product with obj differs from solver's. Obj viol from solver: 56952.85028087. Calculated: 56952.85028068.
*** WARNING (version #0ca050f): /home/sek519/warm_starting/vws/../vpc/src/utility/nbspace.cpp:155: Point: Calculated dot product with obj differs from solver's. Obj viol from solver: 41563.33644676. Calculated: 41563.33644805.
*** WARNING (version #0ca050f): /home/sek519/warm_starting/vws/../vpc/src/cut/PRLP.cpp:387: PRLP is primal infeasible; giving up on this point-ray collection.
*** WARNING (version #0ca050f): /home/sek519/warm_starting/vws/../vpc/src/utility/nbspace.cpp:155: Point: Calculated dot product with obj differs from solver's. Obj viol from solver: 0.00000191. Calculated: 0.00000045.
*** WARNING (version #0ca050f): /home/sek519/warm_starting/vws/../vpc/src/utility/nbspace.cpp:155: Point: Calculated dot product with obj differs from solver's. Obj viol from solver: 29510.60433578. Calculated: 29510.60433592.
vws: /home/sek519/warm_starting/vpc/lib/Cbc-trunk/Clp/src/ClpNonLinearCost.cpp:953: void ClpNonLinearCost::checkInfeasibilities(double): Assertion `fabs(lowerValue) < 1.0e100' failed.
/var/spool/torque/mom_priv/jobs/1304850.polyp1.ie.lehigh.edu.SC: line 4: 26439 Aborted                 ../Debug/vws ${INPUT_FOLDER} ${OUTPUT_FILE} ${MAX_TIME} ${GENERATOR} ${TERMS} ${MIP_SOLVER} ${PROVIDE_PRIMAL_BOUND}
