*** WARNING (version #0ca050f): /home/sek519/warm_starting/vws/../vpc/src/utility/nbspace.cpp:155: Point: Calculated dot product with obj differs from solver's. Obj viol from solver: 13675697.98790240. Calculated: 13675697.98790229.
*** WARNING (version #0ca050f): /home/sek519/warm_starting/vws/../vpc/src/utility/nbspace.cpp:155: Point: Calculated dot product with obj differs from solver's. Obj viol from solver: 32376965.17900693. Calculated: 32376965.17900712.
*** WARNING (version #0ca050f): /home/sek519/warm_starting/vws/../vpc/src/utility/nbspace.cpp:155: Point: Calculated dot product with obj differs from solver's. Obj viol from solver: 33336695.42748570. Calculated: 33336695.42748585.
*** WARNING (version #0ca050f): /home/sek519/warm_starting/vws/../vpc/src/utility/nbspace.cpp:155: Point: Calculated dot product with obj differs from solver's. Obj viol from solver: 33160616.69917583. Calculated: 33160616.69917595.
*** WARNING (version #0ca050f): /home/sek519/warm_starting/vws/../vpc/src/utility/nbspace.cpp:155: Point: Calculated dot product with obj differs from solver's. Obj viol from solver: 37098249.85298049. Calculated: 37098249.85298067.
*** WARNING (version #0ca050f): /home/sek519/warm_starting/vws/../vpc/src/utility/nbspace.cpp:155: Point: Calculated dot product with obj differs from solver's. Obj viol from solver: 22281630.88339722. Calculated: 22281630.88339739.
*** WARNING (version #0ca050f): /home/sek519/warm_starting/vws/../vpc/src/utility/nbspace.cpp:155: Point: Calculated dot product with obj differs from solver's. Obj viol from solver: 23352916.99350178. Calculated: 23352916.99350216.
*** WARNING (version #0ca050f): /home/sek519/warm_starting/vws/../vpc/src/utility/nbspace.cpp:155: Point: Calculated dot product with obj differs from solver's. Obj viol from solver: 24237935.46859419. Calculated: 24237935.46859447.
*** WARNING (version #0ca050f): /home/sek519/warm_starting/vws/../vpc/src/utility/nbspace.cpp:155: Point: Calculated dot product with obj differs from solver's. Obj viol from solver: 25396242.89672744. Calculated: 25396242.89672761.
*** WARNING (version #0ca050f): /home/sek519/warm_starting/vws/../vpc/src/utility/nbspace.cpp:155: Point: Calculated dot product with obj differs from solver's. Obj viol from solver: 26291734.40430379. Calculated: 26291734.40430402.
*** WARNING (version #0ca050f): /home/sek519/warm_starting/vws/../vpc/src/utility/nbspace.cpp:155: Point: Calculated dot product with obj differs from solver's. Obj viol from solver: 28260382.48158348. Calculated: 28260382.48158378.
*** WARNING (version #0ca050f): /home/sek519/warm_starting/vws/../vpc/src/utility/nbspace.cpp:155: Point: Calculated dot product with obj differs from solver's. Obj viol from solver: 28661969.87777722. Calculated: 28661969.87777740.
*** WARNING (version #0ca050f): /home/sek519/warm_starting/vws/../vpc/src/utility/nbspace.cpp:155: Point: Calculated dot product with obj differs from solver's. Obj viol from solver: 29979645.81214678. Calculated: 29979645.81214701.
*** WARNING (version #0ca050f): /home/sek519/warm_starting/vws/../vpc/src/utility/nbspace.cpp:155: Point: Calculated dot product with obj differs from solver's. Obj viol from solver: 29281057.71410513. Calculated: 29281057.71410536.
*** WARNING (version #0ca050f): /home/sek519/warm_starting/vws/../vpc/src/utility/nbspace.cpp:155: Point: Calculated dot product with obj differs from solver's. Obj viol from solver: 73404723.39867646. Calculated: 73404723.39867672.
*** WARNING (version #0ca050f): /home/sek519/warm_starting/vws/../vpc/src/utility/nbspace.cpp:155: Point: Calculated dot product with obj differs from solver's. Obj viol from solver: 65034819.30521250. Calculated: 65034819.30521265.
*** WARNING (version #0ca050f): /home/sek519/warm_starting/vws/../vpc/src/utility/nbspace.cpp:155: Point: Calculated dot product with obj differs from solver's. Obj viol from solver: 77912798.72376513. Calculated: 77912798.72376534.
*** WARNING (version #0ca050f): /home/sek519/warm_starting/vws/../vpc/src/utility/nbspace.cpp:155: Point: Calculated dot product with obj differs from solver's. Obj viol from solver: 10307322.73417234. Calculated: 10307322.73417246.
*** WARNING (version #0ca050f): /home/sek519/warm_starting/vws/../vpc/src/utility/nbspace.cpp:155: Point: Calculated dot product with obj differs from solver's. Obj viol from solver: 18579711.56667185. Calculated: 18579711.56667199.
*** WARNING (version #0ca050f): /home/sek519/warm_starting/vws/../vpc/src/utility/nbspace.cpp:155: Point: Calculated dot product with obj differs from solver's. Obj viol from solver: 18377051.45002913. Calculated: 18377051.45002926.
*** WARNING (version #0ca050f): /home/sek519/warm_starting/vws/../vpc/src/utility/nbspace.cpp:155: Point: Calculated dot product with obj differs from solver's. Obj viol from solver: 19450063.51676345. Calculated: 19450063.51676361.
*** WARNING (version #0ca050f): /home/sek519/warm_starting/vws/../vpc/src/utility/nbspace.cpp:155: Point: Calculated dot product with obj differs from solver's. Obj viol from solver: 19445451.71195698. Calculated: 19445451.71195709.
*** WARNING (version #0ca050f): /home/sek519/warm_starting/vws/../vpc/src/utility/nbspace.cpp:155: Point: Calculated dot product with obj differs from solver's. Obj viol from solver: 22943348.44967556. Calculated: 22943348.44967570.
*** WARNING (version #0ca050f): /home/sek519/warm_starting/vws/../vpc/src/utility/nbspace.cpp:155: Point: Calculated dot product with obj differs from solver's. Obj viol from solver: 23767419.69417763. Calculated: 23767419.69417750.
*** WARNING (version #0ca050f): /home/sek519/warm_starting/vws/../vpc/src/utility/nbspace.cpp:155: Point: Calculated dot product with obj differs from solver's. Obj viol from solver: 29113630.36611342. Calculated: 29113630.36611352.
*** WARNING (version #0ca050f): /home/sek519/warm_starting/vws/../vpc/src/utility/nbspace.cpp:155: Point: Calculated dot product with obj differs from solver's. Obj viol from solver: 30798407.42132640. Calculated: 30798407.42132655.
*** WARNING (version #0ca050f): /home/sek519/warm_starting/vws/../vpc/src/utility/nbspace.cpp:155: Point: Calculated dot product with obj differs from solver's. Obj viol from solver: 32610073.11297536. Calculated: 32610073.11297546.
*** WARNING (version #0ca050f): /home/sek519/warm_starting/vws/../vpc/src/utility/nbspace.cpp:155: Point: Calculated dot product with obj differs from solver's. Obj viol from solver: 24971726.48790169. Calculated: 24971726.48790193.
*** WARNING (version #0ca050f): /home/sek519/warm_starting/vws/../vpc/src/utility/nbspace.cpp:155: Point: Calculated dot product with obj differs from solver's. Obj viol from solver: 26838087.26516867. Calculated: 26838087.26516880.
*** WARNING (version #0ca050f): /home/sek519/warm_starting/vws/../vpc/src/utility/nbspace.cpp:155: Point: Calculated dot product with obj differs from solver's. Obj viol from solver: 27518557.17504215. Calculated: 27518557.17504244.
*** WARNING (version #0ca050f): /home/sek519/warm_starting/vws/../vpc/src/utility/nbspace.cpp:155: Point: Calculated dot product with obj differs from solver's. Obj viol from solver: 28607120.56112456. Calculated: 28607120.56112470.
*** WARNING (version #0ca050f): /home/sek519/warm_starting/vws/../vpc/src/utility/nbspace.cpp:155: Point: Calculated dot product with obj differs from solver's. Obj viol from solver: 29305708.65916610. Calculated: 29305708.65916635.
*** WARNING (version #0ca050f): /home/sek519/warm_starting/vws/../vpc/src/utility/nbspace.cpp:155: Point: Calculated dot product with obj differs from solver's. Obj viol from solver: 30694906.90854442. Calculated: 30694906.90854456.
*** WARNING (version #0ca050f): /home/sek519/warm_starting/vws/../vpc/src/utility/nbspace.cpp:155: Point: Calculated dot product with obj differs from solver's. Obj viol from solver: 32337549.90732431. Calculated: 32337549.90732443.
*** WARNING (version #0ca050f): /home/sek519/warm_starting/vws/../vpc/src/utility/nbspace.cpp:155: Point: Calculated dot product with obj differs from solver's. Obj viol from solver: 33288339.76445043. Calculated: 33288339.76445053.
*** WARNING (version #0ca050f): /home/sek519/warm_starting/vws/../vpc/src/utility/nbspace.cpp:155: Point: Calculated dot product with obj differs from solver's. Obj viol from solver: 29691485.67089713. Calculated: 29691485.67089695.
*** WARNING (version #0ca050f): /home/sek519/warm_starting/vws/../vpc/src/utility/nbspace.cpp:155: Point: Calculated dot product with obj differs from solver's. Obj viol from solver: 24803316.73334670. Calculated: 24803316.73334682.
*** WARNING (version #0ca050f): /home/sek519/warm_starting/vws/../vpc/src/utility/nbspace.cpp:155: Point: Calculated dot product with obj differs from solver's. Obj viol from solver: 23795782.53706264. Calculated: 23795782.53706279.
*** WARNING (version #0ca050f): /home/sek519/warm_starting/vws/../vpc/src/utility/nbspace.cpp:155: Point: Calculated dot product with obj differs from solver's. Obj viol from solver: 27396737.26357508. Calculated: 27396737.26357524.
*** WARNING (version #0ca050f): /home/sek519/warm_starting/vws/../vpc/src/utility/nbspace.cpp:155: Point: Calculated dot product with obj differs from solver's. Obj viol from solver: 26316446.31769586. Calculated: 26316446.31769606.
*** WARNING (version #0ca050f): /home/sek519/warm_starting/vws/../vpc/src/utility/nbspace.cpp:155: Point: Calculated dot product with obj differs from solver's. Obj viol from solver: 26762940.73223197. Calculated: 26762940.73223211.
*** WARNING (version #0ca050f): /home/sek519/warm_starting/vws/../vpc/src/utility/nbspace.cpp:155: Point: Calculated dot product with obj differs from solver's. Obj viol from solver: 27625896.52247536. Calculated: 27625896.52247550.
*** WARNING (version #0ca050f): /home/sek519/warm_starting/vws/../vpc/src/utility/nbspace.cpp:155: Point: Calculated dot product with obj differs from solver's. Obj viol from solver: 28425768.65091002. Calculated: 28425768.65091018.
*** WARNING (version #0ca050f): /home/sek519/warm_starting/vws/../vpc/src/utility/nbspace.cpp:155: Point: Calculated dot product with obj differs from solver's. Obj viol from solver: 29822056.08207703. Calculated: 29822056.08207724.
*** WARNING (version #0ca050f): /home/sek519/warm_starting/vws/../vpc/src/utility/nbspace.cpp:155: Point: Calculated dot product with obj differs from solver's. Obj viol from solver: 30187166.06680644. Calculated: 30187166.06680673.
*** WARNING (version #0ca050f): /home/sek519/warm_starting/vws/../vpc/src/utility/nbspace.cpp:155: Point: Calculated dot product with obj differs from solver's. Obj viol from solver: 35958337.17119420. Calculated: 35958337.17119433.
*** WARNING (version #0ca050f): /home/sek519/warm_starting/vws/../vpc/src/utility/nbspace.cpp:155: Point: Calculated dot product with obj differs from solver's. Obj viol from solver: 30877774.25751054. Calculated: 30877774.25751064.
*** WARNING (version #0ca050f): /home/sek519/warm_starting/vws/../vpc/src/utility/nbspace.cpp:155: Point: Calculated dot product with obj differs from solver's. Obj viol from solver: 25465520.37079942. Calculated: 25465520.37079960.
*** WARNING (version #0ca050f): /home/sek519/warm_starting/vws/../vpc/src/utility/nbspace.cpp:155: Point: Calculated dot product with obj differs from solver's. Obj viol from solver: 25927360.21022892. Calculated: 25927360.21022913.
*** WARNING (version #0ca050f): /home/sek519/warm_starting/vws/../vpc/src/utility/nbspace.cpp:155: Point: Calculated dot product with obj differs from solver's. Obj viol from solver: 24919826.01394486. Calculated: 24919826.01394510.
*** WARNING (version #0ca050f): /home/sek519/warm_starting/vws/../vpc/src/utility/nbspace.cpp:155: Point: Calculated dot product with obj differs from solver's. Obj viol from solver: 28486933.79766512. Calculated: 28486933.79766546.
*** WARNING (version #0ca050f): /home/sek519/warm_starting/vws/../vpc/src/utility/nbspace.cpp:155: Point: Calculated dot product with obj differs from solver's. Obj viol from solver: 27440489.79457819. Calculated: 27440489.79457837.
*** WARNING (version #0ca050f): /home/sek519/warm_starting/vws/../vpc/src/utility/nbspace.cpp:155: Point: Calculated dot product with obj differs from solver's. Obj viol from solver: 27886984.20911431. Calculated: 27886984.20911442.
*** WARNING (version #0ca050f): /home/sek519/warm_starting/vws/../vpc/src/utility/nbspace.cpp:155: Point: Calculated dot product with obj differs from solver's. Obj viol from solver: 28749939.99935770. Calculated: 28749939.99935781.
*** WARNING (version #0ca050f): /home/sek519/warm_starting/vws/../vpc/src/utility/nbspace.cpp:155: Point: Calculated dot product with obj differs from solver's. Obj viol from solver: 29515674.33286023. Calculated: 29515674.33286045.
*** WARNING (version #0ca050f): /home/sek519/warm_starting/vws/../vpc/src/utility/nbspace.cpp:155: Point: Calculated dot product with obj differs from solver's. Obj viol from solver: 30904078.87177742. Calculated: 30904078.87177756.
*** WARNING (version #0ca050f): /home/sek519/warm_starting/vws/../vpc/src/utility/nbspace.cpp:155: Point: Calculated dot product with obj differs from solver's. Obj viol from solver: 31263378.56438076. Calculated: 31263378.56438103.
*** WARNING (version #0ca050f): /home/sek519/warm_starting/vws/../vpc/src/utility/nbspace.cpp:155: Point: Calculated dot product with obj differs from solver's. Obj viol from solver: 37040359.96089447. Calculated: 37040359.96089465.
*** WARNING (version #0ca050f): /home/sek519/warm_starting/vws/../vpc/src/utility/nbspace.cpp:155: Point: Calculated dot product with obj differs from solver's. Obj viol from solver: 19212790.02046824. Calculated: 19212790.02046837.
*** WARNING (version #0ca050f): /home/sek519/warm_starting/vws/../vpc/src/utility/nbspace.cpp:155: Point: Calculated dot product with obj differs from solver's. Obj viol from solver: 45500054.15664434. Calculated: 45500054.15664451.
*** WARNING (version #0ca050f): /home/sek519/warm_starting/vws/../vpc/src/utility/nbspace.cpp:155: Point: Calculated dot product with obj differs from solver's. Obj viol from solver: 66533614.79513764. Calculated: 66533614.79513778.
*** WARNING (version #0ca050f): /home/sek519/warm_starting/vws/../vpc/src/utility/nbspace.cpp:155: Point: Calculated dot product with obj differs from solver's. Obj viol from solver: 53864678.04093921. Calculated: 53864678.04093935.
*** WARNING (version #0ca050f): /home/sek519/warm_starting/vws/../vpc/src/utility/nbspace.cpp:155: Point: Calculated dot product with obj differs from solver's. Obj viol from solver: 84220206.51289427. Calculated: 84220206.51289445.
*** WARNING (version #0ca050f): /home/sek519/warm_starting/vws/../vpc/src/utility/nbspace.cpp:155: Point: Calculated dot product with obj differs from solver's. Obj viol from solver: 76300313.57811356. Calculated: 76300313.57811382.
*** WARNING (version #0ca050f): /home/sek519/warm_starting/vws/../vpc/src/utility/nbspace.cpp:372: Ray 1088: Calculated dot product with obj differs from solver's. Obj viol from solver: 0.00915779. Calculated: 0.00915790.
*** WARNING (version #0ca050f): /home/sek519/warm_starting/vws/../vpc/src/utility/nbspace.cpp:155: Point: Calculated dot product with obj differs from solver's. Obj viol from solver: 24601207.42171216. Calculated: 24601207.42171231.
*** WARNING (version #0ca050f): /home/sek519/warm_starting/vws/../vpc/src/utility/nbspace.cpp:155: Point: Calculated dot product with obj differs from solver's. Obj viol from solver: 24054738.96011579. Calculated: 24054738.96011599.
*** WARNING (version #0ca050f): /home/sek519/warm_starting/vws/../vpc/src/utility/nbspace.cpp:155: Point: Calculated dot product with obj differs from solver's. Obj viol from solver: 27623691.05681205. Calculated: 27623691.05681226.
*** WARNING (version #0ca050f): /home/sek519/warm_starting/vws/../vpc/src/utility/nbspace.cpp:155: Point: Calculated dot product with obj differs from solver's. Obj viol from solver: 27021995.28986907. Calculated: 27021995.28986921.
*** WARNING (version #0ca050f): /home/sek519/warm_starting/vws/../vpc/src/utility/nbspace.cpp:155: Point: Calculated dot product with obj differs from solver's. Obj viol from solver: 28632048.43540072. Calculated: 28632048.43540086.
*** WARNING (version #0ca050f): /home/sek519/warm_starting/vws/../vpc/src/utility/nbspace.cpp:155: Point: Calculated dot product with obj differs from solver's. Obj viol from solver: 30371122.27958071. Calculated: 30371122.27958094.
*** WARNING (version #0ca050f): /home/sek519/warm_starting/vws/../vpc/src/utility/nbspace.cpp:155: Point: Calculated dot product with obj differs from solver's. Obj viol from solver: 36176665.82008612. Calculated: 36176665.82008629.
*** WARNING (version #0ca050f): /home/sek519/warm_starting/vws/../vpc/src/utility/nbspace.cpp:155: Point: Calculated dot product with obj differs from solver's. Obj viol from solver: 31073089.25580430. Calculated: 31073089.25580441.
*** WARNING (version #0ca050f): /home/sek519/warm_starting/vws/../vpc/src/utility/nbspace.cpp:155: Point: Calculated dot product with obj differs from solver's. Obj viol from solver: 23244378.25491822. Calculated: 23244378.25491833.
*** WARNING (version #0ca050f): /home/sek519/warm_starting/vws/../vpc/src/utility/nbspace.cpp:155: Point: Calculated dot product with obj differs from solver's. Obj viol from solver: 24351897.61316156. Calculated: 24351897.61316178.
*** WARNING (version #0ca050f): /home/sek519/warm_starting/vws/../vpc/src/utility/nbspace.cpp:155: Point: Calculated dot product with obj differs from solver's. Obj viol from solver: 25688713.72565532. Calculated: 25688713.72565553.
*** WARNING (version #0ca050f): /home/sek519/warm_starting/vws/../vpc/src/utility/nbspace.cpp:155: Point: Calculated dot product with obj differs from solver's. Obj viol from solver: 26218258.39042842. Calculated: 26218258.39042865.
*** WARNING (version #0ca050f): /home/sek519/warm_starting/vws/../vpc/src/utility/nbspace.cpp:155: Point: Calculated dot product with obj differs from solver's. Obj viol from solver: 26898728.30030215. Calculated: 26898728.30030228.
*** WARNING (version #0ca050f): /home/sek519/warm_starting/vws/../vpc/src/utility/nbspace.cpp:155: Point: Calculated dot product with obj differs from solver's. Obj viol from solver: 27987291.68638444. Calculated: 27987291.68638455.
*** WARNING (version #0ca050f): /home/sek519/warm_starting/vws/../vpc/src/utility/nbspace.cpp:155: Point: Calculated dot product with obj differs from solver's. Obj viol from solver: 28685879.78442609. Calculated: 28685879.78442620.
*** WARNING (version #0ca050f): /home/sek519/warm_starting/vws/../vpc/src/utility/nbspace.cpp:155: Point: Calculated dot product with obj differs from solver's. Obj viol from solver: 29635113.17557156. Calculated: 29635113.17557169.
*** WARNING (version #0ca050f): /home/sek519/warm_starting/vws/../vpc/src/utility/nbspace.cpp:155: Point: Calculated dot product with obj differs from solver's. Obj viol from solver: 30070121.02452207. Calculated: 30070121.02452223.
*** WARNING (version #0ca050f): /home/sek519/warm_starting/vws/../vpc/src/utility/nbspace.cpp:155: Point: Calculated dot product with obj differs from solver's. Obj viol from solver: 37099719.96921873. Calculated: 37099719.96921889.
*** WARNING (version #0ca050f): /home/sek519/warm_starting/vws/../vpc/src/utility/nbspace.cpp:155: Point: Calculated dot product with obj differs from solver's. Obj viol from solver: 22259214.53719163. Calculated: 22259214.53719177.
*** WARNING (version #0ca050f): /home/sek519/warm_starting/vws/../vpc/src/utility/nbspace.cpp:372: Ray 1084: Calculated dot product with obj differs from solver's. Obj viol from solver: 0.00346475. Calculated: 0.00346485.
*** WARNING (version #0ca050f): /home/sek519/warm_starting/vws/../vpc/src/utility/nbspace.cpp:155: Point: Calculated dot product with obj differs from solver's. Obj viol from solver: 53315708.33246648. Calculated: 53315708.33246666.
*** WARNING (version #0ca050f): /home/sek519/warm_starting/vws/../vpc/src/utility/nbspace.cpp:155: Point: Calculated dot product with obj differs from solver's. Obj viol from solver: 69926169.42436671. Calculated: 69926169.42436701.
*** WARNING (version #0ca050f): /home/sek519/warm_starting/vws/../vpc/src/utility/nbspace.cpp:155: Point: Calculated dot product with obj differs from solver's. Obj viol from solver: 101294252.68231153. Calculated: 101294252.68231174.
*** WARNING (version #0ca050f): /home/sek519/warm_starting/vws/../vpc/src/utility/nbspace.cpp:155: Point: Calculated dot product with obj differs from solver's. Obj viol from solver: 23472956.34087133. Calculated: 23472956.34087158.
*** WARNING (version #0ca050f): /home/sek519/warm_starting/vws/../vpc/src/utility/nbspace.cpp:155: Point: Calculated dot product with obj differs from solver's. Obj viol from solver: 26537004.11618578. Calculated: 26537004.11618608.
*** WARNING (version #0ca050f): /home/sek519/warm_starting/vws/../vpc/src/utility/nbspace.cpp:155: Point: Calculated dot product with obj differs from solver's. Obj viol from solver: 25449069.29439390. Calculated: 25449069.29439406.
*** WARNING (version #0ca050f): /home/sek519/warm_starting/vws/../vpc/src/utility/nbspace.cpp:155: Point: Calculated dot product with obj differs from solver's. Obj viol from solver: 27541711.91019893. Calculated: 27541711.91019906.
*** WARNING (version #0ca050f): /home/sek519/warm_starting/vws/../vpc/src/utility/nbspace.cpp:155: Point: Calculated dot product with obj differs from solver's. Obj viol from solver: 28952907.74906683. Calculated: 28952907.74906700.
*** WARNING (version #0ca050f): /home/sek519/warm_starting/vws/../vpc/src/utility/nbspace.cpp:155: Point: Calculated dot product with obj differs from solver's. Obj viol from solver: 29298410.90973032. Calculated: 29298410.90973051.
*** WARNING (version #0ca050f): /home/sek519/warm_starting/vws/../vpc/src/utility/nbspace.cpp:155: Point: Calculated dot product with obj differs from solver's. Obj viol from solver: 35096230.57658315. Calculated: 35096230.57658330.
*** WARNING (version #0ca050f): /home/sek519/warm_starting/vws/../vpc/src/cut/PRLP.cpp:387: PRLP is primal infeasible; giving up on this point-ray collection.
terminate called after throwing an instance of 'std::bad_alloc'
  what():  std::bad_alloc
/var/spool/torque/mom_priv/jobs/1317421.polyp1.ie.lehigh.edu.SC: line 4: 24168 Aborted                 ../Debug/vws ${INPUT_FOLDER} ${OUTPUT_FILE} ${MAX_TIME} ${GENERATOR} ${TERMS} ${MIP_SOLVER} ${PROVIDE_PRIMAL_BOUND}
