*** WARNING (version #0ca050f): /home/sek519/warm_starting/vws/../vpc/src/cut/CglVPC.cpp:683: Nonbasic reduced cost should be >= 0 in the complemented nonbasic space. However, for nb var 20 (real var 30), it is -7.603083e-07. Small enough error that we only send warning.
*** WARNING (version #0ca050f): /home/sek519/warm_starting/vws/../vpc/src/cut/CglVPC.cpp:683: Nonbasic reduced cost should be >= 0 in the complemented nonbasic space. However, for nb var 56 (real var 79), it is -5.487979e-07. Small enough error that we only send warning.
*** WARNING (version #0ca050f): /home/sek519/warm_starting/vws/../vpc/src/cut/CglVPC.cpp:683: Nonbasic reduced cost should be >= 0 in the complemented nonbasic space. However, for nb var 78 (real var 109), it is -1.904537e-06. Small enough error that we only send warning.
*** WARNING (version #0ca050f): /home/sek519/warm_starting/vws/../vpc/src/cut/CglVPC.cpp:683: Nonbasic reduced cost should be >= 0 in the complemented nonbasic space. However, for nb var 79 (real var 110), it is -6.861098e-07. Small enough error that we only send warning.
*** WARNING (version #0ca050f): /home/sek519/warm_starting/vws/../vpc/src/cut/CglVPC.cpp:683: Nonbasic reduced cost should be >= 0 in the complemented nonbasic space. However, for nb var 85 (real var 117), it is -1.678904e-06. Small enough error that we only send warning.
*** WARNING (version #0ca050f): /home/sek519/warm_starting/vws/../vpc/src/cut/CglVPC.cpp:683: Nonbasic reduced cost should be >= 0 in the complemented nonbasic space. However, for nb var 99 (real var 139), it is -1.063951e-06. Small enough error that we only send warning.
*** WARNING (version #0ca050f): /home/sek519/warm_starting/vws/../vpc/src/cut/CglVPC.cpp:683: Nonbasic reduced cost should be >= 0 in the complemented nonbasic space. However, for nb var 12 (real var 24), it is -8.731356e-07. Small enough error that we only send warning.
*** WARNING (version #0ca050f): /home/sek519/warm_starting/vws/../vpc/src/cut/CglVPC.cpp:683: Nonbasic reduced cost should be >= 0 in the complemented nonbasic space. However, for nb var 17 (real var 30), it is -1.042452e-06. Small enough error that we only send warning.
*** WARNING (version #0ca050f): /home/sek519/warm_starting/vws/../vpc/src/cut/CglVPC.cpp:683: Nonbasic reduced cost should be >= 0 in the complemented nonbasic space. However, for nb var 49 (real var 78), it is -4.360711e-07. Small enough error that we only send warning.
*** WARNING (version #0ca050f): /home/sek519/warm_starting/vws/../vpc/src/cut/CglVPC.cpp:683: Nonbasic reduced cost should be >= 0 in the complemented nonbasic space. However, for nb var 50 (real var 79), it is -8.806616e-07. Small enough error that we only send warning.
*** WARNING (version #0ca050f): /home/sek519/warm_starting/vws/../vpc/src/cut/CglVPC.cpp:683: Nonbasic reduced cost should be >= 0 in the complemented nonbasic space. However, for nb var 68 (real var 104), it is -1.352185e-07. Small enough error that we only send warning.
*** WARNING (version #0ca050f): /home/sek519/warm_starting/vws/../vpc/src/cut/CglVPC.cpp:683: Nonbasic reduced cost should be >= 0 in the complemented nonbasic space. However, for nb var 72 (real var 114), it is -3.024659e-07. Small enough error that we only send warning.
*** WARNING (version #0ca050f): /home/sek519/warm_starting/vws/../vpc/src/cut/CglVPC.cpp:683: Nonbasic reduced cost should be >= 0 in the complemented nonbasic space. However, for nb var 87 (real var 139), it is -1.388705e-06. Small enough error that we only send warning.
*** WARNING (version #0ca050f): /home/sek519/warm_starting/vws/../vpc/src/utility/nbspace.cpp:358: Ray 24: dot product with obj < 0. Obj viol from solver: -0.00000087. Calculated: -0.00000087.
*** WARNING (version #0ca050f): /home/sek519/warm_starting/vws/../vpc/src/cut/CglVPC.cpp:1243: Term 0 ray 12 does not satisfy the objective cut. Activity: -0.00000087. RHS: 0.00000000. Small enough violation that we only send a warning.
*** WARNING (version #0ca050f): /home/sek519/warm_starting/vws/../vpc/src/utility/nbspace.cpp:358: Ray 30: dot product with obj < 0. Obj viol from solver: -0.00000104. Calculated: -0.00000104.
*** WARNING (version #0ca050f): /home/sek519/warm_starting/vws/../vpc/src/cut/CglVPC.cpp:1243: Term 0 ray 17 does not satisfy the objective cut. Activity: -0.00000104. RHS: 0.00000000. Small enough violation that we only send a warning.
*** WARNING (version #0ca050f): /home/sek519/warm_starting/vws/../vpc/src/utility/nbspace.cpp:358: Ray 78: dot product with obj < 0. Obj viol from solver: -0.00000044. Calculated: -0.00000044.
*** WARNING (version #0ca050f): /home/sek519/warm_starting/vws/../vpc/src/cut/CglVPC.cpp:1243: Term 0 ray 49 does not satisfy the objective cut. Activity: -0.00000044. RHS: 0.00000000. Small enough violation that we only send a warning.
*** WARNING (version #0ca050f): /home/sek519/warm_starting/vws/../vpc/src/utility/nbspace.cpp:358: Ray 79: dot product with obj < 0. Obj viol from solver: -0.00000088. Calculated: -0.00000088.
*** WARNING (version #0ca050f): /home/sek519/warm_starting/vws/../vpc/src/cut/CglVPC.cpp:1243: Term 0 ray 50 does not satisfy the objective cut. Activity: -0.00000088. RHS: 0.00000000. Small enough violation that we only send a warning.
*** WARNING (version #0ca050f): /home/sek519/warm_starting/vws/../vpc/src/utility/nbspace.cpp:358: Ray 104: dot product with obj < 0. Obj viol from solver: -0.00000014. Calculated: -0.00000014.
*** WARNING (version #0ca050f): /home/sek519/warm_starting/vws/../vpc/src/cut/CglVPC.cpp:1243: Term 0 ray 68 does not satisfy the objective cut. Activity: -0.00000014. RHS: 0.00000000. Small enough violation that we only send a warning.
*** WARNING (version #0ca050f): /home/sek519/warm_starting/vws/../vpc/src/utility/nbspace.cpp:358: Ray 114: dot product with obj < 0. Obj viol from solver: -0.00000030. Calculated: -0.00000030.
*** WARNING (version #0ca050f): /home/sek519/warm_starting/vws/../vpc/src/cut/CglVPC.cpp:1243: Term 0 ray 72 does not satisfy the objective cut. Activity: -0.00000030. RHS: 0.00000000. Small enough violation that we only send a warning.
*** WARNING (version #0ca050f): /home/sek519/warm_starting/vws/../vpc/src/utility/nbspace.cpp:358: Ray 139: dot product with obj < 0. Obj viol from solver: -0.00000139. Calculated: -0.00000139.
*** WARNING (version #0ca050f): /home/sek519/warm_starting/vws/../vpc/src/cut/CglVPC.cpp:1243: Term 0 ray 87 does not satisfy the objective cut. Activity: -0.00000139. RHS: 0.00000000. Small enough violation that we only send a warning.
*** WARNING (version #0ca050f): /home/sek519/warm_starting/vws/../vpc/src/cut/CglVPC.cpp:683: Nonbasic reduced cost should be >= 0 in the complemented nonbasic space. However, for nb var 0 (real var 0), it is -1.976222e-07. Small enough error that we only send warning.
*** WARNING (version #0ca050f): /home/sek519/warm_starting/vws/../vpc/src/cut/CglVPC.cpp:683: Nonbasic reduced cost should be >= 0 in the complemented nonbasic space. However, for nb var 35 (real var 54), it is -4.858690e-07. Small enough error that we only send warning.
*** WARNING (version #0ca050f): /home/sek519/warm_starting/vws/../vpc/src/cut/CglVPC.cpp:683: Nonbasic reduced cost should be >= 0 in the complemented nonbasic space. However, for nb var 48 (real var 75), it is -7.308388e-07. Small enough error that we only send warning.
*** WARNING (version #0ca050f): /home/sek519/warm_starting/vws/../vpc/src/utility/nbspace.cpp:358: Ray 0: dot product with obj < 0. Obj viol from solver: -0.00000020. Calculated: -0.00000020.
*** WARNING (version #0ca050f): /home/sek519/warm_starting/vws/../vpc/src/cut/CglVPC.cpp:1243: Term 1 ray 0 does not satisfy the objective cut. Activity: -0.00000020. RHS: 0.00000000. Small enough violation that we only send a warning.
*** WARNING (version #0ca050f): /home/sek519/warm_starting/vws/../vpc/src/utility/nbspace.cpp:358: Ray 54: dot product with obj < 0. Obj viol from solver: -0.00000049. Calculated: -0.00000049.
*** WARNING (version #0ca050f): /home/sek519/warm_starting/vws/../vpc/src/cut/CglVPC.cpp:1243: Term 1 ray 35 does not satisfy the objective cut. Activity: -0.00000049. RHS: 0.00000000. Small enough violation that we only send a warning.
*** WARNING (version #0ca050f): /home/sek519/warm_starting/vws/../vpc/src/utility/nbspace.cpp:358: Ray 75: dot product with obj < 0. Obj viol from solver: -0.00000073. Calculated: -0.00000073.
*** WARNING (version #0ca050f): /home/sek519/warm_starting/vws/../vpc/src/cut/CglVPC.cpp:1243: Term 1 ray 48 does not satisfy the objective cut. Activity: -0.00000073. RHS: 0.00000000. Small enough violation that we only send a warning.
*** WARNING (version #0ca050f): /home/sek519/warm_starting/vws/../vpc/src/cut/CglVPC.cpp:683: Nonbasic reduced cost should be >= 0 in the complemented nonbasic space. However, for nb var 26 (real var 38), it is -7.411182e-07. Small enough error that we only send warning.
*** WARNING (version #0ca050f): /home/sek519/warm_starting/vws/../vpc/src/cut/CglVPC.cpp:683: Nonbasic reduced cost should be >= 0 in the complemented nonbasic space. However, for nb var 31 (real var 43), it is -3.570155e-07. Small enough error that we only send warning.
*** WARNING (version #0ca050f): /home/sek519/warm_starting/vws/../vpc/src/cut/CglVPC.cpp:683: Nonbasic reduced cost should be >= 0 in the complemented nonbasic space. However, for nb var 49 (real var 73), it is -8.044844e-07. Small enough error that we only send warning.
*** WARNING (version #0ca050f): /home/sek519/warm_starting/vws/../vpc/src/cut/CglVPC.cpp:683: Nonbasic reduced cost should be >= 0 in the complemented nonbasic space. However, for nb var 54 (real var 79), it is -2.267377e-06. Small enough error that we only send warning.
*** WARNING (version #0ca050f): /home/sek519/warm_starting/vws/../vpc/src/cut/CglVPC.cpp:683: Nonbasic reduced cost should be >= 0 in the complemented nonbasic space. However, for nb var 80 (real var 120), it is -1.831760e-06. Small enough error that we only send warning.
*** WARNING (version #0ca050f): /home/sek519/warm_starting/vws/../vpc/src/utility/nbspace.cpp:358: Ray 38: dot product with obj < 0. Obj viol from solver: -0.00000074. Calculated: -0.00000074.
*** WARNING (version #0ca050f): /home/sek519/warm_starting/vws/../vpc/src/cut/CglVPC.cpp:1243: Term 2 ray 26 does not satisfy the objective cut. Activity: -0.00000074. RHS: 0.00000000. Small enough violation that we only send a warning.
*** WARNING (version #0ca050f): /home/sek519/warm_starting/vws/../vpc/src/utility/nbspace.cpp:358: Ray 43: dot product with obj < 0. Obj viol from solver: -0.00000036. Calculated: -0.00000036.
*** WARNING (version #0ca050f): /home/sek519/warm_starting/vws/../vpc/src/cut/CglVPC.cpp:1243: Term 2 ray 31 does not satisfy the objective cut. Activity: -0.00000036. RHS: 0.00000000. Small enough violation that we only send a warning.
*** WARNING (version #0ca050f): /home/sek519/warm_starting/vws/../vpc/src/utility/nbspace.cpp:358: Ray 73: dot product with obj < 0. Obj viol from solver: -0.00000080. Calculated: -0.00000080.
*** WARNING (version #0ca050f): /home/sek519/warm_starting/vws/../vpc/src/cut/CglVPC.cpp:1243: Term 2 ray 49 does not satisfy the objective cut. Activity: -0.00000080. RHS: 0.00000000. Small enough violation that we only send a warning.
*** WARNING (version #0ca050f): /home/sek519/warm_starting/vws/../vpc/src/utility/nbspace.cpp:358: Ray 79: dot product with obj < 0. Obj viol from solver: -0.00000227. Calculated: -0.00000227.
*** WARNING (version #0ca050f): /home/sek519/warm_starting/vws/../vpc/src/cut/CglVPC.cpp:1243: Term 2 ray 54 does not satisfy the objective cut. Activity: -0.00000227. RHS: 0.00000000. Small enough violation that we only send a warning.
*** WARNING (version #0ca050f): /home/sek519/warm_starting/vws/../vpc/src/utility/nbspace.cpp:358: Ray 120: dot product with obj < 0. Obj viol from solver: -0.00000183. Calculated: -0.00000183.
*** WARNING (version #0ca050f): /home/sek519/warm_starting/vws/../vpc/src/cut/CglVPC.cpp:1243: Term 2 ray 80 does not satisfy the objective cut. Activity: -0.00000183. RHS: 0.00000000. Small enough violation that we only send a warning.
*** WARNING (version #0ca050f): /home/sek519/warm_starting/vws/../vpc/src/cut/CglVPC.cpp:683: Nonbasic reduced cost should be >= 0 in the complemented nonbasic space. However, for nb var 7 (real var 14), it is -1.821562e-06. Small enough error that we only send warning.
*** WARNING (version #0ca050f): /home/sek519/warm_starting/vws/../vpc/src/cut/CglVPC.cpp:683: Nonbasic reduced cost should be >= 0 in the complemented nonbasic space. However, for nb var 12 (real var 24), it is -7.188162e-07. Small enough error that we only send warning.
*** WARNING (version #0ca050f): /home/sek519/warm_starting/vws/../vpc/src/cut/CglVPC.cpp:683: Nonbasic reduced cost should be >= 0 in the complemented nonbasic space. However, for nb var 58 (real var 90), it is -1.826927e-06. Small enough error that we only send warning.
*** WARNING (version #0ca050f): /home/sek519/warm_starting/vws/../vpc/src/cut/CglVPC.cpp:683: Nonbasic reduced cost should be >= 0 in the complemented nonbasic space. However, for nb var 71 (real var 105), it is -2.129897e-06. Small enough error that we only send warning.
*** WARNING (version #0ca050f): /home/sek519/warm_starting/vws/../vpc/src/cut/CglVPC.cpp:683: Nonbasic reduced cost should be >= 0 in the complemented nonbasic space. However, for nb var 75 (real var 111), it is -3.532899e-06. Small enough error that we only send warning.
*** WARNING (version #0ca050f): /home/sek519/warm_starting/vws/../vpc/src/cut/CglVPC.cpp:683: Nonbasic reduced cost should be >= 0 in the complemented nonbasic space. However, for nb var 94 (real var 139), it is -3.838548e-07. Small enough error that we only send warning.
*** WARNING (version #0ca050f): /home/sek519/warm_starting/vws/../vpc/src/utility/nbspace.cpp:358: Ray 14: dot product with obj < 0. Obj viol from solver: -0.00000182. Calculated: -0.00000182.
*** WARNING (version #0ca050f): /home/sek519/warm_starting/vws/../vpc/src/cut/CglVPC.cpp:1243: Term 3 ray 7 does not satisfy the objective cut. Activity: -0.00000182. RHS: 0.00000000. Small enough violation that we only send a warning.
*** WARNING (version #0ca050f): /home/sek519/warm_starting/vws/../vpc/src/utility/nbspace.cpp:358: Ray 24: dot product with obj < 0. Obj viol from solver: -0.00000072. Calculated: -0.00000072.
*** WARNING (version #0ca050f): /home/sek519/warm_starting/vws/../vpc/src/cut/CglVPC.cpp:1243: Term 3 ray 12 does not satisfy the objective cut. Activity: -0.00000072. RHS: 0.00000000. Small enough violation that we only send a warning.
*** WARNING (version #0ca050f): /home/sek519/warm_starting/vws/../vpc/src/utility/nbspace.cpp:358: Ray 90: dot product with obj < 0. Obj viol from solver: -0.00000183. Calculated: -0.00000183.
*** WARNING (version #0ca050f): /home/sek519/warm_starting/vws/../vpc/src/cut/CglVPC.cpp:1243: Term 3 ray 58 does not satisfy the objective cut. Activity: -0.00000183. RHS: 0.00000000. Small enough violation that we only send a warning.
*** WARNING (version #0ca050f): /home/sek519/warm_starting/vws/../vpc/src/utility/nbspace.cpp:358: Ray 105: dot product with obj < 0. Obj viol from solver: -0.00000213. Calculated: -0.00000213.
*** WARNING (version #0ca050f): /home/sek519/warm_starting/vws/../vpc/src/cut/CglVPC.cpp:1243: Term 3 ray 71 does not satisfy the objective cut. Activity: -0.00000213. RHS: 0.00000000. Small enough violation that we only send a warning.
*** WARNING (version #0ca050f): /home/sek519/warm_starting/vws/../vpc/src/utility/nbspace.cpp:358: Ray 111: dot product with obj < 0. Obj viol from solver: -0.00000353. Calculated: -0.00000353.
*** WARNING (version #0ca050f): /home/sek519/warm_starting/vws/../vpc/src/cut/CglVPC.cpp:1243: Term 3 ray 75 does not satisfy the objective cut. Activity: -0.00000353. RHS: 0.00000000. Small enough violation that we only send a warning.
*** WARNING (version #0ca050f): /home/sek519/warm_starting/vws/../vpc/src/utility/nbspace.cpp:358: Ray 139: dot product with obj < 0. Obj viol from solver: -0.00000038. Calculated: -0.00000038.
*** WARNING (version #0ca050f): /home/sek519/warm_starting/vws/../vpc/src/cut/CglVPC.cpp:1243: Term 3 ray 94 does not satisfy the objective cut. Activity: -0.00000038. RHS: 0.00000000. Small enough violation that we only send a warning.
*** WARNING (version #0ca050f): /home/sek519/warm_starting/vws/../vpc/src/cut/PRLP.cpp:387: PRLP is primal infeasible; giving up on this point-ray collection.
*** WARNING (version #0ca050f): /home/sek519/warm_starting/vws/../vpc/src/cut/CglVPC.cpp:683: Nonbasic reduced cost should be >= 0 in the complemented nonbasic space. However, for nb var 6 (real var 9), it is -1.363304e-06. Small enough error that we only send warning.
*** WARNING (version #0ca050f): /home/sek519/warm_starting/vws/../vpc/src/cut/CglVPC.cpp:683: Nonbasic reduced cost should be >= 0 in the complemented nonbasic space. However, for nb var 12 (real var 19), it is -1.481248e-06. Small enough error that we only send warning.
*** WARNING (version #0ca050f): /home/sek519/warm_starting/vws/../vpc/src/cut/CglVPC.cpp:683: Nonbasic reduced cost should be >= 0 in the complemented nonbasic space. However, for nb var 15 (real var 22), it is -2.009821e-06. Small enough error that we only send warning.
*** WARNING (version #0ca050f): /home/sek519/warm_starting/vws/../vpc/src/cut/CglVPC.cpp:683: Nonbasic reduced cost should be >= 0 in the complemented nonbasic space. However, for nb var 33 (real var 44), it is -1.363392e-06. Small enough error that we only send warning.
*** WARNING (version #0ca050f): /home/sek519/warm_starting/vws/../vpc/src/cut/CglVPC.cpp:683: Nonbasic reduced cost should be >= 0 in the complemented nonbasic space. However, for nb var 36 (real var 48), it is -3.307178e-06. Small enough error that we only send warning.
*** WARNING (version #0ca050f): /home/sek519/warm_starting/vws/../vpc/src/cut/CglVPC.cpp:683: Nonbasic reduced cost should be >= 0 in the complemented nonbasic space. However, for nb var 60 (real var 79), it is -1.880411e-06. Small enough error that we only send warning.
*** WARNING (version #0ca050f): /home/sek519/warm_starting/vws/../vpc/src/cut/CglVPC.cpp:683: Nonbasic reduced cost should be >= 0 in the complemented nonbasic space. However, for nb var 65 (real var 85), it is -1.494240e-06. Small enough error that we only send warning.
*** WARNING (version #0ca050f): /home/sek519/warm_starting/vws/../vpc/src/cut/CglVPC.cpp:683: Nonbasic reduced cost should be >= 0 in the complemented nonbasic space. However, for nb var 66 (real var 86), it is -9.645060e-07. Small enough error that we only send warning.
*** WARNING (version #0ca050f): /home/sek519/warm_starting/vws/../vpc/src/cut/CglVPC.cpp:683: Nonbasic reduced cost should be >= 0 in the complemented nonbasic space. However, for nb var 77 (real var 100), it is -1.433941e-06. Small enough error that we only send warning.
*** WARNING (version #0ca050f): /home/sek519/warm_starting/vws/../vpc/src/cut/CglVPC.cpp:683: Nonbasic reduced cost should be >= 0 in the complemented nonbasic space. However, for nb var 79 (real var 102), it is -2.028745e-07. Small enough error that we only send warning.
*** WARNING (version #0ca050f): /home/sek519/warm_starting/vws/../vpc/src/cut/CglVPC.cpp:683: Nonbasic reduced cost should be >= 0 in the complemented nonbasic space. However, for nb var 81 (real var 104), it is -1.158112e-06. Small enough error that we only send warning.
*** WARNING (version #0ca050f): /home/sek519/warm_starting/vws/../vpc/src/cut/CglVPC.cpp:683: Nonbasic reduced cost should be >= 0 in the complemented nonbasic space. However, for nb var 86 (real var 109), it is -6.432786e-07. Small enough error that we only send warning.
*** WARNING (version #0ca050f): /home/sek519/warm_starting/vws/../vpc/src/cut/CglVPC.cpp:683: Nonbasic reduced cost should be >= 0 in the complemented nonbasic space. However, for nb var 91 (real var 120), it is -1.275979e-06. Small enough error that we only send warning.
*** WARNING (version #0ca050f): /home/sek519/warm_starting/vws/../vpc/src/cut/CglVPC.cpp:683: Nonbasic reduced cost should be >= 0 in the complemented nonbasic space. However, for nb var 97 (real var 127), it is -3.997775e-07. Small enough error that we only send warning.
*** WARNING (version #0ca050f): /home/sek519/warm_starting/vws/../vpc/src/cut/CglVPC.cpp:683: Nonbasic reduced cost should be >= 0 in the complemented nonbasic space. However, for nb var 105 (real var 139), it is -5.859213e-07. Small enough error that we only send warning.
*** WARNING (version #0ca050f): /home/sek519/warm_starting/vws/../vpc/src/cut/CglVPC.cpp:683: Nonbasic reduced cost should be >= 0 in the complemented nonbasic space. However, for nb var 0 (real var 0), it is -1.907219e-06. Small enough error that we only send warning.
*** WARNING (version #0ca050f): /home/sek519/warm_starting/vws/../vpc/src/cut/CglVPC.cpp:683: Nonbasic reduced cost should be >= 0 in the complemented nonbasic space. However, for nb var 24 (real var 38), it is -1.508925e-06. Small enough error that we only send warning.
*** WARNING (version #0ca050f): /home/sek519/warm_starting/vws/../vpc/src/cut/CglVPC.cpp:683: Nonbasic reduced cost should be >= 0 in the complemented nonbasic space. However, for nb var 29 (real var 44), it is -1.727081e-06. Small enough error that we only send warning.
*** WARNING (version #0ca050f): /home/sek519/warm_starting/vws/../vpc/src/cut/CglVPC.cpp:683: Nonbasic reduced cost should be >= 0 in the complemented nonbasic space. However, for nb var 36 (real var 58), it is -2.050271e-07. Small enough error that we only send warning.
*** WARNING (version #0ca050f): /home/sek519/warm_starting/vws/../vpc/src/cut/CglVPC.cpp:683: Nonbasic reduced cost should be >= 0 in the complemented nonbasic space. However, for nb var 50 (real var 82), it is -8.766207e-07. Small enough error that we only send warning.
*** WARNING (version #0ca050f): /home/sek519/warm_starting/vws/../vpc/src/cut/CglVPC.cpp:683: Nonbasic reduced cost should be >= 0 in the complemented nonbasic space. However, for nb var 52 (real var 84), it is -4.157364e-06. Small enough error that we only send warning.
*** WARNING (version #0ca050f): /home/sek519/warm_starting/vws/../vpc/src/cut/CglVPC.cpp:683: Nonbasic reduced cost should be >= 0 in the complemented nonbasic space. However, for nb var 65 (real var 102), it is -1.009512e-06. Small enough error that we only send warning.
*** WARNING (version #0ca050f): /home/sek519/warm_starting/vws/../vpc/src/cut/CglVPC.cpp:683: Nonbasic reduced cost should be >= 0 in the complemented nonbasic space. However, for nb var 67 (real var 104), it is -8.054014e-07. Small enough error that we only send warning.
*** WARNING (version #0ca050f): /home/sek519/warm_starting/vws/../vpc/src/cut/CglVPC.cpp:683: Nonbasic reduced cost should be >= 0 in the complemented nonbasic space. However, for nb var 76 (real var 120), it is -1.853040e-06. Small enough error that we only send warning.
*** WARNING (version #0ca050f): /home/sek519/warm_starting/vws/../vpc/src/cut/CglVPC.cpp:683: Nonbasic reduced cost should be >= 0 in the complemented nonbasic space. However, for nb var 81 (real var 127), it is -9.546805e-07. Small enough error that we only send warning.
*** WARNING (version #0ca050f): /home/sek519/warm_starting/vws/../vpc/src/cut/CglVPC.cpp:683: Nonbasic reduced cost should be >= 0 in the complemented nonbasic space. However, for nb var 90 (real var 139), it is -8.197191e-07. Small enough error that we only send warning.
*** WARNING (version #0ca050f): /home/sek519/warm_starting/vws/../vpc/src/cut/CglVPC.cpp:683: Nonbasic reduced cost should be >= 0 in the complemented nonbasic space. However, for nb var 95 (real var 145), it is -8.723822e-07. Small enough error that we only send warning.
*** WARNING (version #0ca050f): /home/sek519/warm_starting/vws/../vpc/src/utility/nbspace.cpp:358: Ray 0: dot product with obj < 0. Obj viol from solver: -0.00000191. Calculated: -0.00000191.
*** WARNING (version #0ca050f): /home/sek519/warm_starting/vws/../vpc/src/cut/CglVPC.cpp:1243: Term 0 ray 0 does not satisfy the objective cut. Activity: -0.00000191. RHS: 0.00000000. Small enough violation that we only send a warning.
*** WARNING (version #0ca050f): /home/sek519/warm_starting/vws/../vpc/src/utility/nbspace.cpp:358: Ray 38: dot product with obj < 0. Obj viol from solver: -0.00000151. Calculated: -0.00000151.
*** WARNING (version #0ca050f): /home/sek519/warm_starting/vws/../vpc/src/cut/CglVPC.cpp:1243: Term 0 ray 24 does not satisfy the objective cut. Activity: -0.00000151. RHS: 0.00000000. Small enough violation that we only send a warning.
*** WARNING (version #0ca050f): /home/sek519/warm_starting/vws/../vpc/src/utility/nbspace.cpp:358: Ray 44: dot product with obj < 0. Obj viol from solver: -0.00000173. Calculated: -0.00000173.
*** WARNING (version #0ca050f): /home/sek519/warm_starting/vws/../vpc/src/cut/CglVPC.cpp:1243: Term 0 ray 29 does not satisfy the objective cut. Activity: -0.00000173. RHS: 0.00000000. Small enough violation that we only send a warning.
*** WARNING (version #0ca050f): /home/sek519/warm_starting/vws/../vpc/src/utility/nbspace.cpp:358: Ray 58: dot product with obj < 0. Obj viol from solver: -0.00000021. Calculated: -0.00000021.
*** WARNING (version #0ca050f): /home/sek519/warm_starting/vws/../vpc/src/cut/CglVPC.cpp:1243: Term 0 ray 36 does not satisfy the objective cut. Activity: -0.00000021. RHS: 0.00000000. Small enough violation that we only send a warning.
*** WARNING (version #0ca050f): /home/sek519/warm_starting/vws/../vpc/src/utility/nbspace.cpp:358: Ray 82: dot product with obj < 0. Obj viol from solver: -0.00000088. Calculated: -0.00000088.
*** WARNING (version #0ca050f): /home/sek519/warm_starting/vws/../vpc/src/cut/CglVPC.cpp:1243: Term 0 ray 50 does not satisfy the objective cut. Activity: -0.00000088. RHS: 0.00000000. Small enough violation that we only send a warning.
*** WARNING (version #0ca050f): /home/sek519/warm_starting/vws/../vpc/src/utility/nbspace.cpp:358: Ray 84: dot product with obj < 0. Obj viol from solver: -0.00000416. Calculated: -0.00000416.
*** WARNING (version #0ca050f): /home/sek519/warm_starting/vws/../vpc/src/cut/CglVPC.cpp:1243: Term 0 ray 52 does not satisfy the objective cut. Activity: -0.00000416. RHS: 0.00000000. Small enough violation that we only send a warning.
*** WARNING (version #0ca050f): /home/sek519/warm_starting/vws/../vpc/src/utility/nbspace.cpp:358: Ray 102: dot product with obj < 0. Obj viol from solver: -0.00000101. Calculated: -0.00000101.
*** WARNING (version #0ca050f): /home/sek519/warm_starting/vws/../vpc/src/cut/CglVPC.cpp:1243: Term 0 ray 65 does not satisfy the objective cut. Activity: -0.00000101. RHS: 0.00000000. Small enough violation that we only send a warning.
*** WARNING (version #0ca050f): /home/sek519/warm_starting/vws/../vpc/src/utility/nbspace.cpp:358: Ray 104: dot product with obj < 0. Obj viol from solver: -0.00000081. Calculated: -0.00000081.
*** WARNING (version #0ca050f): /home/sek519/warm_starting/vws/../vpc/src/cut/CglVPC.cpp:1243: Term 0 ray 67 does not satisfy the objective cut. Activity: -0.00000081. RHS: 0.00000000. Small enough violation that we only send a warning.
*** WARNING (version #0ca050f): /home/sek519/warm_starting/vws/../vpc/src/utility/nbspace.cpp:358: Ray 120: dot product with obj < 0. Obj viol from solver: -0.00000185. Calculated: -0.00000185.
*** WARNING (version #0ca050f): /home/sek519/warm_starting/vws/../vpc/src/cut/CglVPC.cpp:1243: Term 0 ray 76 does not satisfy the objective cut. Activity: -0.00000185. RHS: 0.00000000. Small enough violation that we only send a warning.
*** WARNING (version #0ca050f): /home/sek519/warm_starting/vws/../vpc/src/utility/nbspace.cpp:358: Ray 127: dot product with obj < 0. Obj viol from solver: -0.00000095. Calculated: -0.00000095.
*** WARNING (version #0ca050f): /home/sek519/warm_starting/vws/../vpc/src/cut/CglVPC.cpp:1243: Term 0 ray 81 does not satisfy the objective cut. Activity: -0.00000095. RHS: 0.00000000. Small enough violation that we only send a warning.
*** WARNING (version #0ca050f): /home/sek519/warm_starting/vws/../vpc/src/utility/nbspace.cpp:358: Ray 139: dot product with obj < 0. Obj viol from solver: -0.00000082. Calculated: -0.00000082.
*** WARNING (version #0ca050f): /home/sek519/warm_starting/vws/../vpc/src/cut/CglVPC.cpp:1243: Term 0 ray 90 does not satisfy the objective cut. Activity: -0.00000082. RHS: 0.00000000. Small enough violation that we only send a warning.
*** WARNING (version #0ca050f): /home/sek519/warm_starting/vws/../vpc/src/utility/nbspace.cpp:358: Ray 145: dot product with obj < 0. Obj viol from solver: -0.00000087. Calculated: -0.00000087.
*** WARNING (version #0ca050f): /home/sek519/warm_starting/vws/../vpc/src/cut/CglVPC.cpp:1243: Term 0 ray 95 does not satisfy the objective cut. Activity: -0.00000087. RHS: 0.00000000. Small enough violation that we only send a warning.
*** WARNING (version #0ca050f): /home/sek519/warm_starting/vws/../vpc/src/cut/CglVPC.cpp:683: Nonbasic reduced cost should be >= 0 in the complemented nonbasic space. However, for nb var 27 (real var 38), it is -1.352911e-06. Small enough error that we only send warning.
*** WARNING (version #0ca050f): /home/sek519/warm_starting/vws/../vpc/src/cut/CglVPC.cpp:683: Nonbasic reduced cost should be >= 0 in the complemented nonbasic space. However, for nb var 29 (real var 40), it is -1.866460e-06. Small enough error that we only send warning.
*** WARNING (version #0ca050f): /home/sek519/warm_starting/vws/../vpc/src/cut/CglVPC.cpp:683: Nonbasic reduced cost should be >= 0 in the complemented nonbasic space. However, for nb var 82 (real var 118), it is -8.791580e-07. Small enough error that we only send warning.
*** WARNING (version #0ca050f): /home/sek519/warm_starting/vws/../vpc/src/utility/nbspace.cpp:358: Ray 38: dot product with obj < 0. Obj viol from solver: -0.00000135. Calculated: -0.00000135.
*** WARNING (version #0ca050f): /home/sek519/warm_starting/vws/../vpc/src/cut/CglVPC.cpp:1243: Term 1 ray 27 does not satisfy the objective cut. Activity: -0.00000135. RHS: 0.00000000. Small enough violation that we only send a warning.
*** WARNING (version #0ca050f): /home/sek519/warm_starting/vws/../vpc/src/utility/nbspace.cpp:358: Ray 40: dot product with obj < 0. Obj viol from solver: -0.00000187. Calculated: -0.00000187.
*** WARNING (version #0ca050f): /home/sek519/warm_starting/vws/../vpc/src/cut/CglVPC.cpp:1243: Term 1 ray 29 does not satisfy the objective cut. Activity: -0.00000187. RHS: 0.00000000. Small enough violation that we only send a warning.
*** WARNING (version #0ca050f): /home/sek519/warm_starting/vws/../vpc/src/utility/nbspace.cpp:358: Ray 118: dot product with obj < 0. Obj viol from solver: -0.00000088. Calculated: -0.00000088.
*** WARNING (version #0ca050f): /home/sek519/warm_starting/vws/../vpc/src/cut/CglVPC.cpp:1243: Term 1 ray 82 does not satisfy the objective cut. Activity: -0.00000088. RHS: 0.00000000. Small enough violation that we only send a warning.
*** WARNING (version #0ca050f): /home/sek519/warm_starting/vws/../vpc/src/cut/CglVPC.cpp:683: Nonbasic reduced cost should be >= 0 in the complemented nonbasic space. However, for nb var 13 (real var 22), it is -9.640707e-07. Small enough error that we only send warning.
*** WARNING (version #0ca050f): /home/sek519/warm_starting/vws/../vpc/src/cut/CglVPC.cpp:683: Nonbasic reduced cost should be >= 0 in the complemented nonbasic space. However, for nb var 31 (real var 45), it is -1.326732e-06. Small enough error that we only send warning.
*** WARNING (version #0ca050f): /home/sek519/warm_starting/vws/../vpc/src/cut/CglVPC.cpp:683: Nonbasic reduced cost should be >= 0 in the complemented nonbasic space. However, for nb var 45 (real var 66), it is -4.056972e-06. Small enough error that we only send warning.
*** WARNING (version #0ca050f): /home/sek519/warm_starting/vws/../vpc/src/cut/CglVPC.cpp:683: Nonbasic reduced cost should be >= 0 in the complemented nonbasic space. However, for nb var 71 (real var 100), it is -8.394338e-07. Small enough error that we only send warning.
*** WARNING (version #0ca050f): /home/sek519/warm_starting/vws/../vpc/src/cut/CglVPC.cpp:683: Nonbasic reduced cost should be >= 0 in the complemented nonbasic space. However, for nb var 76 (real var 105), it is -1.065720e-06. Small enough error that we only send warning.
*** WARNING (version #0ca050f): /home/sek519/warm_starting/vws/../vpc/src/cut/CglVPC.cpp:683: Nonbasic reduced cost should be >= 0 in the complemented nonbasic space. However, for nb var 102 (real var 142), it is -8.424178e-07. Small enough error that we only send warning.
*** WARNING (version #0ca050f): /home/sek519/warm_starting/vws/../vpc/src/utility/nbspace.cpp:358: Ray 22: dot product with obj < 0. Obj viol from solver: -0.00000096. Calculated: -0.00000096.
*** WARNING (version #0ca050f): /home/sek519/warm_starting/vws/../vpc/src/cut/CglVPC.cpp:1243: Term 2 ray 13 does not satisfy the objective cut. Activity: -0.00000096. RHS: 0.00000000. Small enough violation that we only send a warning.
*** WARNING (version #0ca050f): /home/sek519/warm_starting/vws/../vpc/src/utility/nbspace.cpp:358: Ray 45: dot product with obj < 0. Obj viol from solver: -0.00000133. Calculated: -0.00000133.
*** WARNING (version #0ca050f): /home/sek519/warm_starting/vws/../vpc/src/cut/CglVPC.cpp:1243: Term 2 ray 31 does not satisfy the objective cut. Activity: -0.00000133. RHS: 0.00000000. Small enough violation that we only send a warning.
*** WARNING (version #0ca050f): /home/sek519/warm_starting/vws/../vpc/src/utility/nbspace.cpp:358: Ray 66: dot product with obj < 0. Obj viol from solver: -0.00000406. Calculated: -0.00000406.
*** WARNING (version #0ca050f): /home/sek519/warm_starting/vws/../vpc/src/cut/CglVPC.cpp:1243: Term 2 ray 45 does not satisfy the objective cut. Activity: -0.00000406. RHS: 0.00000000. Small enough violation that we only send a warning.
*** WARNING (version #0ca050f): /home/sek519/warm_starting/vws/../vpc/src/utility/nbspace.cpp:358: Ray 100: dot product with obj < 0. Obj viol from solver: -0.00000084. Calculated: -0.00000084.
*** WARNING (version #0ca050f): /home/sek519/warm_starting/vws/../vpc/src/cut/CglVPC.cpp:1243: Term 2 ray 71 does not satisfy the objective cut. Activity: -0.00000084. RHS: 0.00000000. Small enough violation that we only send a warning.
*** WARNING (version #0ca050f): /home/sek519/warm_starting/vws/../vpc/src/utility/nbspace.cpp:358: Ray 105: dot product with obj < 0. Obj viol from solver: -0.00000107. Calculated: -0.00000107.
*** WARNING (version #0ca050f): /home/sek519/warm_starting/vws/../vpc/src/cut/CglVPC.cpp:1243: Term 2 ray 76 does not satisfy the objective cut. Activity: -0.00000107. RHS: 0.00000000. Small enough violation that we only send a warning.
*** WARNING (version #0ca050f): /home/sek519/warm_starting/vws/../vpc/src/utility/nbspace.cpp:358: Ray 142: dot product with obj < 0. Obj viol from solver: -0.00000084. Calculated: -0.00000084.
*** WARNING (version #0ca050f): /home/sek519/warm_starting/vws/../vpc/src/cut/CglVPC.cpp:1243: Term 2 ray 102 does not satisfy the objective cut. Activity: -0.00000084. RHS: 0.00000000. Small enough violation that we only send a warning.
*** WARNING (version #0ca050f): /home/sek519/warm_starting/vws/../vpc/src/cut/CglVPC.cpp:683: Nonbasic reduced cost should be >= 0 in the complemented nonbasic space. However, for nb var 1 (real var 2), it is -4.357252e-06. Small enough error that we only send warning.
*** WARNING (version #0ca050f): /home/sek519/warm_starting/vws/../vpc/src/cut/CglVPC.cpp:683: Nonbasic reduced cost should be >= 0 in the complemented nonbasic space. However, for nb var 19 (real var 30), it is -3.974654e-07. Small enough error that we only send warning.
*** WARNING (version #0ca050f): /home/sek519/warm_starting/vws/../vpc/src/cut/CglVPC.cpp:683: Nonbasic reduced cost should be >= 0 in the complemented nonbasic space. However, for nb var 29 (real var 45), it is -3.708473e-06. Small enough error that we only send warning.
*** WARNING (version #0ca050f): /home/sek519/warm_starting/vws/../vpc/src/utility/nbspace.cpp:358: Ray 2: dot product with obj < 0. Obj viol from solver: -0.00000436. Calculated: -0.00000436.
*** WARNING (version #0ca050f): /home/sek519/warm_starting/vws/../vpc/src/cut/CglVPC.cpp:1243: Term 3 ray 1 does not satisfy the objective cut. Activity: -0.00000436. RHS: 0.00000000. Small enough violation that we only send a warning.
*** WARNING (version #0ca050f): /home/sek519/warm_starting/vws/../vpc/src/utility/nbspace.cpp:358: Ray 30: dot product with obj < 0. Obj viol from solver: -0.00000040. Calculated: -0.00000040.
*** WARNING (version #0ca050f): /home/sek519/warm_starting/vws/../vpc/src/cut/CglVPC.cpp:1243: Term 3 ray 19 does not satisfy the objective cut. Activity: -0.00000040. RHS: 0.00000000. Small enough violation that we only send a warning.
*** WARNING (version #0ca050f): /home/sek519/warm_starting/vws/../vpc/src/utility/nbspace.cpp:358: Ray 45: dot product with obj < 0. Obj viol from solver: -0.00000371. Calculated: -0.00000371.
*** WARNING (version #0ca050f): /home/sek519/warm_starting/vws/../vpc/src/cut/CglVPC.cpp:1243: Term 3 ray 29 does not satisfy the objective cut. Activity: -0.00000371. RHS: 0.00000000. Small enough violation that we only send a warning.
*** WARNING (version #0ca050f): /home/sek519/warm_starting/vws/../vpc/src/cut/PRLP.cpp:387: PRLP is primal infeasible; giving up on this point-ray collection.
*** WARNING (version #0ca050f): /home/sek519/warm_starting/vws/../vpc/src/cut/CglVPC.cpp:683: Nonbasic reduced cost should be >= 0 in the complemented nonbasic space. However, for nb var 18 (real var 28), it is -8.435129e-07. Small enough error that we only send warning.
*** WARNING (version #0ca050f): /home/sek519/warm_starting/vws/../vpc/src/cut/CglVPC.cpp:683: Nonbasic reduced cost should be >= 0 in the complemented nonbasic space. However, for nb var 26 (real var 36), it is -4.804711e-07. Small enough error that we only send warning.
*** WARNING (version #0ca050f): /home/sek519/warm_starting/vws/../vpc/src/cut/CglVPC.cpp:683: Nonbasic reduced cost should be >= 0 in the complemented nonbasic space. However, for nb var 33 (real var 44), it is -3.341542e-06. Small enough error that we only send warning.
*** WARNING (version #0ca050f): /home/sek519/warm_starting/vws/../vpc/src/cut/CglVPC.cpp:683: Nonbasic reduced cost should be >= 0 in the complemented nonbasic space. However, for nb var 58 (real var 79), it is -3.506946e-06. Small enough error that we only send warning.
*** WARNING (version #0ca050f): /home/sek519/warm_starting/vws/../vpc/src/cut/CglVPC.cpp:683: Nonbasic reduced cost should be >= 0 in the complemented nonbasic space. However, for nb var 80 (real var 104), it is -7.921140e-07. Small enough error that we only send warning.
*** WARNING (version #0ca050f): /home/sek519/warm_starting/vws/../vpc/src/cut/CglVPC.cpp:683: Nonbasic reduced cost should be >= 0 in the complemented nonbasic space. However, for nb var 84 (real var 109), it is -1.570246e-06. Small enough error that we only send warning.
*** WARNING (version #0ca050f): /home/sek519/warm_starting/vws/../vpc/src/cut/CglVPC.cpp:683: Nonbasic reduced cost should be >= 0 in the complemented nonbasic space. However, for nb var 91 (real var 119), it is -5.375802e-07. Small enough error that we only send warning.
*** WARNING (version #0ca050f): /home/sek519/warm_starting/vws/../vpc/src/cut/CglVPC.cpp:683: Nonbasic reduced cost should be >= 0 in the complemented nonbasic space. However, for nb var 110 (real var 143), it is -3.480623e-07. Small enough error that we only send warning.
*** WARNING (version #0ca050f): /home/sek519/warm_starting/vws/../vpc/src/cut/CglVPC.cpp:683: Nonbasic reduced cost should be >= 0 in the complemented nonbasic space. However, for nb var 3 (real var 5), it is -1.176620e-06. Small enough error that we only send warning.
*** WARNING (version #0ca050f): /home/sek519/warm_starting/vws/../vpc/src/cut/CglVPC.cpp:683: Nonbasic reduced cost should be >= 0 in the complemented nonbasic space. However, for nb var 14 (real var 22), it is -1.133825e-06. Small enough error that we only send warning.
*** WARNING (version #0ca050f): /home/sek519/warm_starting/vws/../vpc/src/cut/CglVPC.cpp:683: Nonbasic reduced cost should be >= 0 in the complemented nonbasic space. However, for nb var 58 (real var 79), it is -1.181625e-06. Small enough error that we only send warning.
*** WARNING (version #0ca050f): /home/sek519/warm_starting/vws/../vpc/src/cut/CglVPC.cpp:683: Nonbasic reduced cost should be >= 0 in the complemented nonbasic space. However, for nb var 78 (real var 104), it is -2.461521e-07. Small enough error that we only send warning.
*** WARNING (version #0ca050f): /home/sek519/warm_starting/vws/../vpc/src/utility/nbspace.cpp:358: Ray 5: dot product with obj < 0. Obj viol from solver: -0.00000118. Calculated: -0.00000118.
*** WARNING (version #0ca050f): /home/sek519/warm_starting/vws/../vpc/src/cut/CglVPC.cpp:1243: Term 0 ray 3 does not satisfy the objective cut. Activity: -0.00000118. RHS: 0.00000000. Small enough violation that we only send a warning.
*** WARNING (version #0ca050f): /home/sek519/warm_starting/vws/../vpc/src/utility/nbspace.cpp:358: Ray 22: dot product with obj < 0. Obj viol from solver: -0.00000113. Calculated: -0.00000113.
*** WARNING (version #0ca050f): /home/sek519/warm_starting/vws/../vpc/src/cut/CglVPC.cpp:1243: Term 0 ray 14 does not satisfy the objective cut. Activity: -0.00000113. RHS: 0.00000000. Small enough violation that we only send a warning.
*** WARNING (version #0ca050f): /home/sek519/warm_starting/vws/../vpc/src/utility/nbspace.cpp:358: Ray 79: dot product with obj < 0. Obj viol from solver: -0.00000118. Calculated: -0.00000118.
*** WARNING (version #0ca050f): /home/sek519/warm_starting/vws/../vpc/src/cut/CglVPC.cpp:1243: Term 0 ray 58 does not satisfy the objective cut. Activity: -0.00000118. RHS: 0.00000000. Small enough violation that we only send a warning.
*** WARNING (version #0ca050f): /home/sek519/warm_starting/vws/../vpc/src/utility/nbspace.cpp:358: Ray 104: dot product with obj < 0. Obj viol from solver: -0.00000025. Calculated: -0.00000025.
*** WARNING (version #0ca050f): /home/sek519/warm_starting/vws/../vpc/src/cut/CglVPC.cpp:1243: Term 0 ray 78 does not satisfy the objective cut. Activity: -0.00000025. RHS: 0.00000000. Small enough violation that we only send a warning.
*** WARNING (version #0ca050f): /home/sek519/warm_starting/vws/../vpc/src/cut/CglVPC.cpp:683: Nonbasic reduced cost should be >= 0 in the complemented nonbasic space. However, for nb var 0 (real var 0), it is -1.157073e-06. Small enough error that we only send warning.
*** WARNING (version #0ca050f): /home/sek519/warm_starting/vws/../vpc/src/cut/CglVPC.cpp:683: Nonbasic reduced cost should be >= 0 in the complemented nonbasic space. However, for nb var 1 (real var 2), it is -1.255380e-06. Small enough error that we only send warning.
*** WARNING (version #0ca050f): /home/sek519/warm_starting/vws/../vpc/src/cut/CglVPC.cpp:683: Nonbasic reduced cost should be >= 0 in the complemented nonbasic space. However, for nb var 82 (real var 121), it is -2.536566e-06. Small enough error that we only send warning.
*** WARNING (version #0ca050f): /home/sek519/warm_starting/vws/../vpc/src/cut/CglVPC.cpp:683: Nonbasic reduced cost should be >= 0 in the complemented nonbasic space. However, for nb var 96 (real var 136), it is -2.407347e-06. Small enough error that we only send warning.
*** WARNING (version #0ca050f): /home/sek519/warm_starting/vws/../vpc/src/utility/nbspace.cpp:358: Ray 0: dot product with obj < 0. Obj viol from solver: -0.00000116. Calculated: -0.00000116.
*** WARNING (version #0ca050f): /home/sek519/warm_starting/vws/../vpc/src/cut/CglVPC.cpp:1243: Term 1 ray 0 does not satisfy the objective cut. Activity: -0.00000116. RHS: 0.00000000. Small enough violation that we only send a warning.
*** WARNING (version #0ca050f): /home/sek519/warm_starting/vws/../vpc/src/utility/nbspace.cpp:358: Ray 2: dot product with obj < 0. Obj viol from solver: -0.00000126. Calculated: -0.00000126.
*** WARNING (version #0ca050f): /home/sek519/warm_starting/vws/../vpc/src/cut/CglVPC.cpp:1243: Term 1 ray 1 does not satisfy the objective cut. Activity: -0.00000126. RHS: 0.00000000. Small enough violation that we only send a warning.
*** WARNING (version #0ca050f): /home/sek519/warm_starting/vws/../vpc/src/utility/nbspace.cpp:358: Ray 121: dot product with obj < 0. Obj viol from solver: -0.00000254. Calculated: -0.00000254.
*** WARNING (version #0ca050f): /home/sek519/warm_starting/vws/../vpc/src/cut/CglVPC.cpp:1243: Term 1 ray 82 does not satisfy the objective cut. Activity: -0.00000254. RHS: 0.00000000. Small enough violation that we only send a warning.
*** WARNING (version #0ca050f): /home/sek519/warm_starting/vws/../vpc/src/utility/nbspace.cpp:358: Ray 136: dot product with obj < 0. Obj viol from solver: -0.00000241. Calculated: -0.00000241.
*** WARNING (version #0ca050f): /home/sek519/warm_starting/vws/../vpc/src/cut/CglVPC.cpp:1243: Term 1 ray 96 does not satisfy the objective cut. Activity: -0.00000241. RHS: 0.00000000. Small enough violation that we only send a warning.
*** WARNING (version #0ca050f): /home/sek519/warm_starting/vws/../vpc/src/cut/CglVPC.cpp:683: Nonbasic reduced cost should be >= 0 in the complemented nonbasic space. However, for nb var 17 (real var 28), it is -4.233454e-07. Small enough error that we only send warning.
*** WARNING (version #0ca050f): /home/sek519/warm_starting/vws/../vpc/src/cut/CglVPC.cpp:683: Nonbasic reduced cost should be >= 0 in the complemented nonbasic space. However, for nb var 20 (real var 32), it is -1.777481e-06. Small enough error that we only send warning.
*** WARNING (version #0ca050f): /home/sek519/warm_starting/vws/../vpc/src/cut/CglVPC.cpp:683: Nonbasic reduced cost should be >= 0 in the complemented nonbasic space. However, for nb var 34 (real var 46), it is -2.556948e-06. Small enough error that we only send warning.
*** WARNING (version #0ca050f): /home/sek519/warm_starting/vws/../vpc/src/cut/CglVPC.cpp:683: Nonbasic reduced cost should be >= 0 in the complemented nonbasic space. However, for nb var 66 (real var 91), it is -2.916863e-06. Small enough error that we only send warning.
*** WARNING (version #0ca050f): /home/sek519/warm_starting/vws/../vpc/src/utility/nbspace.cpp:358: Ray 28: dot product with obj < 0. Obj viol from solver: -0.00000042. Calculated: -0.00000042.
*** WARNING (version #0ca050f): /home/sek519/warm_starting/vws/../vpc/src/cut/CglVPC.cpp:1243: Term 2 ray 17 does not satisfy the objective cut. Activity: -0.00000042. RHS: 0.00000000. Small enough violation that we only send a warning.
*** WARNING (version #0ca050f): /home/sek519/warm_starting/vws/../vpc/src/utility/nbspace.cpp:358: Ray 32: dot product with obj < 0. Obj viol from solver: -0.00000178. Calculated: -0.00000178.
*** WARNING (version #0ca050f): /home/sek519/warm_starting/vws/../vpc/src/cut/CglVPC.cpp:1243: Term 2 ray 20 does not satisfy the objective cut. Activity: -0.00000178. RHS: 0.00000000. Small enough violation that we only send a warning.
*** WARNING (version #0ca050f): /home/sek519/warm_starting/vws/../vpc/src/utility/nbspace.cpp:358: Ray 46: dot product with obj < 0. Obj viol from solver: -0.00000256. Calculated: -0.00000256.
*** WARNING (version #0ca050f): /home/sek519/warm_starting/vws/../vpc/src/cut/CglVPC.cpp:1243: Term 2 ray 34 does not satisfy the objective cut. Activity: -0.00000256. RHS: 0.00000000. Small enough violation that we only send a warning.
*** WARNING (version #0ca050f): /home/sek519/warm_starting/vws/../vpc/src/utility/nbspace.cpp:358: Ray 91: dot product with obj < 0. Obj viol from solver: -0.00000292. Calculated: -0.00000292.
*** WARNING (version #0ca050f): /home/sek519/warm_starting/vws/../vpc/src/cut/CglVPC.cpp:1243: Term 2 ray 66 does not satisfy the objective cut. Activity: -0.00000292. RHS: 0.00000000. Small enough violation that we only send a warning.
*** WARNING (version #0ca050f): /home/sek519/warm_starting/vws/../vpc/src/cut/CglVPC.cpp:683: Nonbasic reduced cost should be >= 0 in the complemented nonbasic space. However, for nb var 16 (real var 28), it is -2.745186e-07. Small enough error that we only send warning.
*** WARNING (version #0ca050f): /home/sek519/warm_starting/vws/../vpc/src/cut/CglVPC.cpp:683: Nonbasic reduced cost should be >= 0 in the complemented nonbasic space. However, for nb var 93 (real var 131), it is -1.180846e-06. Small enough error that we only send warning.
*** WARNING (version #0ca050f): /home/sek519/warm_starting/vws/../vpc/src/utility/nbspace.cpp:358: Ray 28: dot product with obj < 0. Obj viol from solver: -0.00000027. Calculated: -0.00000027.
*** WARNING (version #0ca050f): /home/sek519/warm_starting/vws/../vpc/src/cut/CglVPC.cpp:1243: Term 3 ray 16 does not satisfy the objective cut. Activity: -0.00000027. RHS: 0.00000000. Small enough violation that we only send a warning.
*** WARNING (version #0ca050f): /home/sek519/warm_starting/vws/../vpc/src/utility/nbspace.cpp:358: Ray 131: dot product with obj < 0. Obj viol from solver: -0.00000118. Calculated: -0.00000118.
*** WARNING (version #0ca050f): /home/sek519/warm_starting/vws/../vpc/src/cut/CglVPC.cpp:1243: Term 3 ray 93 does not satisfy the objective cut. Activity: -0.00000118. RHS: 0.00000000. Small enough violation that we only send a warning.
*** WARNING (version #0ca050f): /home/sek519/warm_starting/vws/../vpc/src/cut/PRLP.cpp:387: PRLP is primal infeasible; giving up on this point-ray collection.
*** WARNING (version #0ca050f): /home/sek519/warm_starting/vws/../vpc/src/cut/CglVPC.cpp:683: Nonbasic reduced cost should be >= 0 in the complemented nonbasic space. However, for nb var 31 (real var 44), it is -7.842349e-07. Small enough error that we only send warning.
*** WARNING (version #0ca050f): /home/sek519/warm_starting/vws/../vpc/src/cut/CglVPC.cpp:683: Nonbasic reduced cost should be >= 0 in the complemented nonbasic space. However, for nb var 63 (real var 91), it is -4.360231e-06. Small enough error that we only send warning.
*** WARNING (version #0ca050f): /home/sek519/warm_starting/vws/../vpc/src/cut/CglVPC.cpp:683: Nonbasic reduced cost should be >= 0 in the complemented nonbasic space. However, for nb var 75 (real var 107), it is -4.387183e-06. Small enough error that we only send warning.
*** WARNING (version #0ca050f): /home/sek519/warm_starting/vws/../vpc/src/cut/CglVPC.cpp:683: Nonbasic reduced cost should be >= 0 in the complemented nonbasic space. However, for nb var 82 (real var 120), it is -9.483801e-07. Small enough error that we only send warning.
*** WARNING (version #0ca050f): /home/sek519/warm_starting/vws/../vpc/src/cut/CglVPC.cpp:683: Nonbasic reduced cost should be >= 0 in the complemented nonbasic space. However, for nb var 98 (real var 143), it is -2.030230e-07. Small enough error that we only send warning.
*** WARNING (version #0ca050f): /home/sek519/warm_starting/vws/../vpc/src/cut/CglVPC.cpp:683: Nonbasic reduced cost should be >= 0 in the complemented nonbasic space. However, for nb var 22 (real var 35), it is -3.829825e-07. Small enough error that we only send warning.
*** WARNING (version #0ca050f): /home/sek519/warm_starting/vws/../vpc/src/cut/CglVPC.cpp:683: Nonbasic reduced cost should be >= 0 in the complemented nonbasic space. However, for nb var 71 (real var 96), it is -6.121551e-07. Small enough error that we only send warning.
*** WARNING (version #0ca050f): /home/sek519/warm_starting/vws/../vpc/src/utility/nbspace.cpp:358: Ray 35: dot product with obj < 0. Obj viol from solver: -0.00000038. Calculated: -0.00000038.
*** WARNING (version #0ca050f): /home/sek519/warm_starting/vws/../vpc/src/cut/CglVPC.cpp:1243: Term 0 ray 22 does not satisfy the objective cut. Activity: -0.00000038. RHS: 0.00000000. Small enough violation that we only send a warning.
*** WARNING (version #0ca050f): /home/sek519/warm_starting/vws/../vpc/src/utility/nbspace.cpp:358: Ray 96: dot product with obj < 0. Obj viol from solver: -0.00000061. Calculated: -0.00000061.
*** WARNING (version #0ca050f): /home/sek519/warm_starting/vws/../vpc/src/cut/CglVPC.cpp:1243: Term 0 ray 71 does not satisfy the objective cut. Activity: -0.00000061. RHS: 0.00000000. Small enough violation that we only send a warning.
*** WARNING (version #0ca050f): /home/sek519/warm_starting/vws/../vpc/src/cut/CglVPC.cpp:683: Nonbasic reduced cost should be >= 0 in the complemented nonbasic space. However, for nb var 53 (real var 78), it is -8.912436e-07. Small enough error that we only send warning.
*** WARNING (version #0ca050f): /home/sek519/warm_starting/vws/../vpc/src/cut/CglVPC.cpp:683: Nonbasic reduced cost should be >= 0 in the complemented nonbasic space. However, for nb var 61 (real var 88), it is -1.676748e-07. Small enough error that we only send warning.
*** WARNING (version #0ca050f): /home/sek519/warm_starting/vws/../vpc/src/cut/CglVPC.cpp:683: Nonbasic reduced cost should be >= 0 in the complemented nonbasic space. However, for nb var 67 (real var 96), it is -1.689010e-06. Small enough error that we only send warning.
*** WARNING (version #0ca050f): /home/sek519/warm_starting/vws/../vpc/src/cut/CglVPC.cpp:683: Nonbasic reduced cost should be >= 0 in the complemented nonbasic space. However, for nb var 77 (real var 114), it is -2.272108e-06. Small enough error that we only send warning.
*** WARNING (version #0ca050f): /home/sek519/warm_starting/vws/../vpc/src/utility/nbspace.cpp:358: Ray 78: dot product with obj < 0. Obj viol from solver: -0.00000089. Calculated: -0.00000089.
*** WARNING (version #0ca050f): /home/sek519/warm_starting/vws/../vpc/src/cut/CglVPC.cpp:1243: Term 1 ray 53 does not satisfy the objective cut. Activity: -0.00000089. RHS: 0.00000000. Small enough violation that we only send a warning.
*** WARNING (version #0ca050f): /home/sek519/warm_starting/vws/../vpc/src/utility/nbspace.cpp:358: Ray 88: dot product with obj < 0. Obj viol from solver: -0.00000017. Calculated: -0.00000017.
*** WARNING (version #0ca050f): /home/sek519/warm_starting/vws/../vpc/src/cut/CglVPC.cpp:1243: Term 1 ray 61 does not satisfy the objective cut. Activity: -0.00000017. RHS: 0.00000000. Small enough violation that we only send a warning.
*** WARNING (version #0ca050f): /home/sek519/warm_starting/vws/../vpc/src/utility/nbspace.cpp:358: Ray 96: dot product with obj < 0. Obj viol from solver: -0.00000169. Calculated: -0.00000169.
*** WARNING (version #0ca050f): /home/sek519/warm_starting/vws/../vpc/src/cut/CglVPC.cpp:1243: Term 1 ray 67 does not satisfy the objective cut. Activity: -0.00000169. RHS: 0.00000000. Small enough violation that we only send a warning.
*** WARNING (version #0ca050f): /home/sek519/warm_starting/vws/../vpc/src/utility/nbspace.cpp:358: Ray 114: dot product with obj < 0. Obj viol from solver: -0.00000227. Calculated: -0.00000227.
*** WARNING (version #0ca050f): /home/sek519/warm_starting/vws/../vpc/src/cut/CglVPC.cpp:1243: Term 1 ray 77 does not satisfy the objective cut. Activity: -0.00000227. RHS: 0.00000000. Small enough violation that we only send a warning.
*** WARNING (version #0ca050f): /home/sek519/warm_starting/vws/../vpc/src/cut/CglVPC.cpp:683: Nonbasic reduced cost should be >= 0 in the complemented nonbasic space. However, for nb var 10 (real var 12), it is -5.705604e-07. Small enough error that we only send warning.
*** WARNING (version #0ca050f): /home/sek519/warm_starting/vws/../vpc/src/cut/CglVPC.cpp:683: Nonbasic reduced cost should be >= 0 in the complemented nonbasic space. However, for nb var 16 (real var 22), it is -2.482184e-06. Small enough error that we only send warning.
*** WARNING (version #0ca050f): /home/sek519/warm_starting/vws/../vpc/src/cut/CglVPC.cpp:683: Nonbasic reduced cost should be >= 0 in the complemented nonbasic space. However, for nb var 68 (real var 90), it is -2.472810e-06. Small enough error that we only send warning.
*** WARNING (version #0ca050f): /home/sek519/warm_starting/vws/../vpc/src/cut/CglVPC.cpp:683: Nonbasic reduced cost should be >= 0 in the complemented nonbasic space. However, for nb var 79 (real var 104), it is -7.263057e-07. Small enough error that we only send warning.
*** WARNING (version #0ca050f): /home/sek519/warm_starting/vws/../vpc/src/utility/nbspace.cpp:358: Ray 12: dot product with obj < 0. Obj viol from solver: -0.00000057. Calculated: -0.00000057.
*** WARNING (version #0ca050f): /home/sek519/warm_starting/vws/../vpc/src/cut/CglVPC.cpp:1243: Term 2 ray 10 does not satisfy the objective cut. Activity: -0.00000057. RHS: 0.00000000. Small enough violation that we only send a warning.
*** WARNING (version #0ca050f): /home/sek519/warm_starting/vws/../vpc/src/utility/nbspace.cpp:358: Ray 22: dot product with obj < 0. Obj viol from solver: -0.00000248. Calculated: -0.00000248.
*** WARNING (version #0ca050f): /home/sek519/warm_starting/vws/../vpc/src/cut/CglVPC.cpp:1243: Term 2 ray 16 does not satisfy the objective cut. Activity: -0.00000248. RHS: 0.00000000. Small enough violation that we only send a warning.
*** WARNING (version #0ca050f): /home/sek519/warm_starting/vws/../vpc/src/utility/nbspace.cpp:358: Ray 90: dot product with obj < 0. Obj viol from solver: -0.00000247. Calculated: -0.00000247.
*** WARNING (version #0ca050f): /home/sek519/warm_starting/vws/../vpc/src/cut/CglVPC.cpp:1243: Term 2 ray 68 does not satisfy the objective cut. Activity: -0.00000247. RHS: 0.00000000. Small enough violation that we only send a warning.
*** WARNING (version #0ca050f): /home/sek519/warm_starting/vws/../vpc/src/utility/nbspace.cpp:358: Ray 104: dot product with obj < 0. Obj viol from solver: -0.00000073. Calculated: -0.00000073.
*** WARNING (version #0ca050f): /home/sek519/warm_starting/vws/../vpc/src/cut/CglVPC.cpp:1243: Term 2 ray 79 does not satisfy the objective cut. Activity: -0.00000073. RHS: 0.00000000. Small enough violation that we only send a warning.
*** WARNING (version #0ca050f): /home/sek519/warm_starting/vws/../vpc/src/cut/CglVPC.cpp:683: Nonbasic reduced cost should be >= 0 in the complemented nonbasic space. However, for nb var 9 (real var 16), it is -1.163741e-06. Small enough error that we only send warning.
*** WARNING (version #0ca050f): /home/sek519/warm_starting/vws/../vpc/src/cut/CglVPC.cpp:683: Nonbasic reduced cost should be >= 0 in the complemented nonbasic space. However, for nb var 16 (real var 28), it is -2.446272e-06. Small enough error that we only send warning.
*** WARNING (version #0ca050f): /home/sek519/warm_starting/vws/../vpc/src/cut/CglVPC.cpp:683: Nonbasic reduced cost should be >= 0 in the complemented nonbasic space. However, for nb var 30 (real var 44), it is -8.456852e-07. Small enough error that we only send warning.
*** WARNING (version #0ca050f): /home/sek519/warm_starting/vws/../vpc/src/cut/CglVPC.cpp:683: Nonbasic reduced cost should be >= 0 in the complemented nonbasic space. However, for nb var 47 (real var 70), it is -8.093743e-07. Small enough error that we only send warning.
*** WARNING (version #0ca050f): /home/sek519/warm_starting/vws/../vpc/src/cut/CglVPC.cpp:683: Nonbasic reduced cost should be >= 0 in the complemented nonbasic space. However, for nb var 60 (real var 88), it is -2.124270e-06. Small enough error that we only send warning.
*** WARNING (version #0ca050f): /home/sek519/warm_starting/vws/../vpc/src/cut/CglVPC.cpp:683: Nonbasic reduced cost should be >= 0 in the complemented nonbasic space. However, for nb var 68 (real var 98), it is -3.050791e-07. Small enough error that we only send warning.
*** WARNING (version #0ca050f): /home/sek519/warm_starting/vws/../vpc/src/cut/CglVPC.cpp:683: Nonbasic reduced cost should be >= 0 in the complemented nonbasic space. However, for nb var 76 (real var 108), it is -1.124219e-06. Small enough error that we only send warning.
*** WARNING (version #0ca050f): /home/sek519/warm_starting/vws/../vpc/src/cut/CglVPC.cpp:683: Nonbasic reduced cost should be >= 0 in the complemented nonbasic space. However, for nb var 77 (real var 110), it is -5.873364e-07. Small enough error that we only send warning.
*** WARNING (version #0ca050f): /home/sek519/warm_starting/vws/../vpc/src/cut/CglVPC.cpp:683: Nonbasic reduced cost should be >= 0 in the complemented nonbasic space. However, for nb var 79 (real var 114), it is -1.325924e-07. Small enough error that we only send warning.
*** WARNING (version #0ca050f): /home/sek519/warm_starting/vws/../vpc/src/cut/CglVPC.cpp:683: Nonbasic reduced cost should be >= 0 in the complemented nonbasic space. However, for nb var 83 (real var 120), it is -7.812861e-07. Small enough error that we only send warning.
*** WARNING (version #0ca050f): /home/sek519/warm_starting/vws/../vpc/src/cut/CglVPC.cpp:683: Nonbasic reduced cost should be >= 0 in the complemented nonbasic space. However, for nb var 96 (real var 139), it is -2.502268e-07. Small enough error that we only send warning.
*** WARNING (version #0ca050f): /home/sek519/warm_starting/vws/../vpc/src/utility/nbspace.cpp:358: Ray 16: dot product with obj < 0. Obj viol from solver: -0.00000116. Calculated: -0.00000116.
*** WARNING (version #0ca050f): /home/sek519/warm_starting/vws/../vpc/src/cut/CglVPC.cpp:1243: Term 3 ray 9 does not satisfy the objective cut. Activity: -0.00000116. RHS: 0.00000000. Small enough violation that we only send a warning.
*** WARNING (version #0ca050f): /home/sek519/warm_starting/vws/../vpc/src/utility/nbspace.cpp:358: Ray 28: dot product with obj < 0. Obj viol from solver: -0.00000245. Calculated: -0.00000245.
*** WARNING (version #0ca050f): /home/sek519/warm_starting/vws/../vpc/src/cut/CglVPC.cpp:1243: Term 3 ray 16 does not satisfy the objective cut. Activity: -0.00000245. RHS: 0.00000000. Small enough violation that we only send a warning.
*** WARNING (version #0ca050f): /home/sek519/warm_starting/vws/../vpc/src/utility/nbspace.cpp:358: Ray 44: dot product with obj < 0. Obj viol from solver: -0.00000085. Calculated: -0.00000085.
*** WARNING (version #0ca050f): /home/sek519/warm_starting/vws/../vpc/src/cut/CglVPC.cpp:1243: Term 3 ray 30 does not satisfy the objective cut. Activity: -0.00000085. RHS: 0.00000000. Small enough violation that we only send a warning.
*** WARNING (version #0ca050f): /home/sek519/warm_starting/vws/../vpc/src/utility/nbspace.cpp:358: Ray 70: dot product with obj < 0. Obj viol from solver: -0.00000081. Calculated: -0.00000081.
*** WARNING (version #0ca050f): /home/sek519/warm_starting/vws/../vpc/src/cut/CglVPC.cpp:1243: Term 3 ray 47 does not satisfy the objective cut. Activity: -0.00000081. RHS: 0.00000000. Small enough violation that we only send a warning.
*** WARNING (version #0ca050f): /home/sek519/warm_starting/vws/../vpc/src/utility/nbspace.cpp:358: Ray 88: dot product with obj < 0. Obj viol from solver: -0.00000212. Calculated: -0.00000212.
*** WARNING (version #0ca050f): /home/sek519/warm_starting/vws/../vpc/src/cut/CglVPC.cpp:1243: Term 3 ray 60 does not satisfy the objective cut. Activity: -0.00000212. RHS: 0.00000000. Small enough violation that we only send a warning.
*** WARNING (version #0ca050f): /home/sek519/warm_starting/vws/../vpc/src/utility/nbspace.cpp:358: Ray 98: dot product with obj < 0. Obj viol from solver: -0.00000031. Calculated: -0.00000031.
*** WARNING (version #0ca050f): /home/sek519/warm_starting/vws/../vpc/src/cut/CglVPC.cpp:1243: Term 3 ray 68 does not satisfy the objective cut. Activity: -0.00000031. RHS: 0.00000000. Small enough violation that we only send a warning.
*** WARNING (version #0ca050f): /home/sek519/warm_starting/vws/../vpc/src/utility/nbspace.cpp:358: Ray 108: dot product with obj < 0. Obj viol from solver: -0.00000112. Calculated: -0.00000112.
*** WARNING (version #0ca050f): /home/sek519/warm_starting/vws/../vpc/src/cut/CglVPC.cpp:1243: Term 3 ray 76 does not satisfy the objective cut. Activity: -0.00000112. RHS: 0.00000000. Small enough violation that we only send a warning.
*** WARNING (version #0ca050f): /home/sek519/warm_starting/vws/../vpc/src/utility/nbspace.cpp:358: Ray 110: dot product with obj < 0. Obj viol from solver: -0.00000059. Calculated: -0.00000059.
*** WARNING (version #0ca050f): /home/sek519/warm_starting/vws/../vpc/src/cut/CglVPC.cpp:1243: Term 3 ray 77 does not satisfy the objective cut. Activity: -0.00000059. RHS: 0.00000000. Small enough violation that we only send a warning.
*** WARNING (version #0ca050f): /home/sek519/warm_starting/vws/../vpc/src/utility/nbspace.cpp:358: Ray 114: dot product with obj < 0. Obj viol from solver: -0.00000013. Calculated: -0.00000013.
*** WARNING (version #0ca050f): /home/sek519/warm_starting/vws/../vpc/src/cut/CglVPC.cpp:1243: Term 3 ray 79 does not satisfy the objective cut. Activity: -0.00000013. RHS: 0.00000000. Small enough violation that we only send a warning.
*** WARNING (version #0ca050f): /home/sek519/warm_starting/vws/../vpc/src/utility/nbspace.cpp:358: Ray 120: dot product with obj < 0. Obj viol from solver: -0.00000078. Calculated: -0.00000078.
*** WARNING (version #0ca050f): /home/sek519/warm_starting/vws/../vpc/src/cut/CglVPC.cpp:1243: Term 3 ray 83 does not satisfy the objective cut. Activity: -0.00000078. RHS: 0.00000000. Small enough violation that we only send a warning.
*** WARNING (version #0ca050f): /home/sek519/warm_starting/vws/../vpc/src/utility/nbspace.cpp:358: Ray 139: dot product with obj < 0. Obj viol from solver: -0.00000025. Calculated: -0.00000025.
*** WARNING (version #0ca050f): /home/sek519/warm_starting/vws/../vpc/src/cut/CglVPC.cpp:1243: Term 3 ray 96 does not satisfy the objective cut. Activity: -0.00000025. RHS: 0.00000000. Small enough violation that we only send a warning.
*** WARNING (version #0ca050f): /home/sek519/warm_starting/vws/../vpc/src/cut/PRLP.cpp:387: PRLP is primal infeasible; giving up on this point-ray collection.
