*** WARNING (version #0ca050f): /home/sek519/warm_starting/vws/../vpc/src/cut/CglVPC.cpp:683: Nonbasic reduced cost should be >= 0 in the complemented nonbasic space. However, for nb var 2 (real var 2), it is -5.123520e-07. Small enough error that we only send warning.
*** WARNING (version #0ca050f): /home/sek519/warm_starting/vws/../vpc/src/cut/CglVPC.cpp:683: Nonbasic reduced cost should be >= 0 in the complemented nonbasic space. However, for nb var 25 (real var 26), it is -1.426726e-06. Small enough error that we only send warning.
*** WARNING (version #0ca050f): /home/sek519/warm_starting/vws/../vpc/src/cut/CglVPC.cpp:683: Nonbasic reduced cost should be >= 0 in the complemented nonbasic space. However, for nb var 35 (real var 36), it is -6.065468e-07. Small enough error that we only send warning.
*** WARNING (version #0ca050f): /home/sek519/warm_starting/vws/../vpc/src/cut/CglVPC.cpp:683: Nonbasic reduced cost should be >= 0 in the complemented nonbasic space. However, for nb var 45 (real var 47), it is -3.793390e-07. Small enough error that we only send warning.
*** WARNING (version #0ca050f): /home/sek519/warm_starting/vws/../vpc/src/cut/CglVPC.cpp:683: Nonbasic reduced cost should be >= 0 in the complemented nonbasic space. However, for nb var 49 (real var 52), it is -8.762486e-07. Small enough error that we only send warning.
*** WARNING (version #0ca050f): /home/sek519/warm_starting/vws/../vpc/src/cut/CglVPC.cpp:683: Nonbasic reduced cost should be >= 0 in the complemented nonbasic space. However, for nb var 61 (real var 64), it is -5.501101e-07. Small enough error that we only send warning.
*** WARNING (version #0ca050f): /home/sek519/warm_starting/vws/../vpc/src/cut/CglVPC.cpp:683: Nonbasic reduced cost should be >= 0 in the complemented nonbasic space. However, for nb var 80 (real var 83), it is -3.365200e-07. Small enough error that we only send warning.
*** WARNING (version #0ca050f): /home/sek519/warm_starting/vws/../vpc/src/cut/CglVPC.cpp:683: Nonbasic reduced cost should be >= 0 in the complemented nonbasic space. However, for nb var 83 (real var 86), it is -1.372706e-06. Small enough error that we only send warning.
*** WARNING (version #0ca050f): /home/sek519/warm_starting/vws/../vpc/src/cut/CglVPC.cpp:683: Nonbasic reduced cost should be >= 0 in the complemented nonbasic space. However, for nb var 90 (real var 94), it is -5.423410e-07. Small enough error that we only send warning.
*** WARNING (version #0ca050f): /home/sek519/warm_starting/vws/../vpc/src/cut/CglVPC.cpp:683: Nonbasic reduced cost should be >= 0 in the complemented nonbasic space. However, for nb var 105 (real var 110), it is -1.583077e-06. Small enough error that we only send warning.
*** WARNING (version #0ca050f): /home/sek519/warm_starting/vws/../vpc/src/cut/CglVPC.cpp:683: Nonbasic reduced cost should be >= 0 in the complemented nonbasic space. However, for nb var 136 (real var 144), it is -3.130679e-06. Small enough error that we only send warning.
*** WARNING (version #0ca050f): /home/sek519/warm_starting/vws/../vpc/src/utility/nbspace.cpp:358: Ray 2: dot product with obj < 0. Obj viol from solver: -0.00000051. Calculated: -0.00000051.
*** WARNING (version #0ca050f): /home/sek519/warm_starting/vws/../vpc/src/cut/CglVPC.cpp:1243: Term 11 ray 2 does not satisfy the objective cut. Activity: -0.00000051. RHS: 0.00000000. Small enough violation that we only send a warning.
*** WARNING (version #0ca050f): /home/sek519/warm_starting/vws/../vpc/src/utility/nbspace.cpp:358: Ray 26: dot product with obj < 0. Obj viol from solver: -0.00000143. Calculated: -0.00000143.
*** WARNING (version #0ca050f): /home/sek519/warm_starting/vws/../vpc/src/cut/CglVPC.cpp:1243: Term 11 ray 25 does not satisfy the objective cut. Activity: -0.00000143. RHS: 0.00000000. Small enough violation that we only send a warning.
*** WARNING (version #0ca050f): /home/sek519/warm_starting/vws/../vpc/src/utility/nbspace.cpp:358: Ray 36: dot product with obj < 0. Obj viol from solver: -0.00000061. Calculated: -0.00000061.
*** WARNING (version #0ca050f): /home/sek519/warm_starting/vws/../vpc/src/cut/CglVPC.cpp:1243: Term 11 ray 35 does not satisfy the objective cut. Activity: -0.00000061. RHS: 0.00000000. Small enough violation that we only send a warning.
*** WARNING (version #0ca050f): /home/sek519/warm_starting/vws/../vpc/src/utility/nbspace.cpp:358: Ray 47: dot product with obj < 0. Obj viol from solver: -0.00000038. Calculated: -0.00000038.
*** WARNING (version #0ca050f): /home/sek519/warm_starting/vws/../vpc/src/cut/CglVPC.cpp:1243: Term 11 ray 45 does not satisfy the objective cut. Activity: -0.00000038. RHS: 0.00000000. Small enough violation that we only send a warning.
*** WARNING (version #0ca050f): /home/sek519/warm_starting/vws/../vpc/src/utility/nbspace.cpp:358: Ray 52: dot product with obj < 0. Obj viol from solver: -0.00000088. Calculated: -0.00000088.
*** WARNING (version #0ca050f): /home/sek519/warm_starting/vws/../vpc/src/cut/CglVPC.cpp:1243: Term 11 ray 49 does not satisfy the objective cut. Activity: -0.00000088. RHS: 0.00000000. Small enough violation that we only send a warning.
*** WARNING (version #0ca050f): /home/sek519/warm_starting/vws/../vpc/src/utility/nbspace.cpp:358: Ray 64: dot product with obj < 0. Obj viol from solver: -0.00000055. Calculated: -0.00000055.
*** WARNING (version #0ca050f): /home/sek519/warm_starting/vws/../vpc/src/cut/CglVPC.cpp:1243: Term 11 ray 61 does not satisfy the objective cut. Activity: -0.00000055. RHS: 0.00000000. Small enough violation that we only send a warning.
*** WARNING (version #0ca050f): /home/sek519/warm_starting/vws/../vpc/src/utility/nbspace.cpp:358: Ray 83: dot product with obj < 0. Obj viol from solver: -0.00000034. Calculated: -0.00000034.
*** WARNING (version #0ca050f): /home/sek519/warm_starting/vws/../vpc/src/cut/CglVPC.cpp:1243: Term 11 ray 80 does not satisfy the objective cut. Activity: -0.00000034. RHS: 0.00000000. Small enough violation that we only send a warning.
*** WARNING (version #0ca050f): /home/sek519/warm_starting/vws/../vpc/src/utility/nbspace.cpp:358: Ray 86: dot product with obj < 0. Obj viol from solver: -0.00000137. Calculated: -0.00000137.
*** WARNING (version #0ca050f): /home/sek519/warm_starting/vws/../vpc/src/cut/CglVPC.cpp:1243: Term 11 ray 83 does not satisfy the objective cut. Activity: -0.00000137. RHS: 0.00000000. Small enough violation that we only send a warning.
*** WARNING (version #0ca050f): /home/sek519/warm_starting/vws/../vpc/src/utility/nbspace.cpp:358: Ray 94: dot product with obj < 0. Obj viol from solver: -0.00000054. Calculated: -0.00000054.
*** WARNING (version #0ca050f): /home/sek519/warm_starting/vws/../vpc/src/cut/CglVPC.cpp:1243: Term 11 ray 90 does not satisfy the objective cut. Activity: -0.00000054. RHS: 0.00000000. Small enough violation that we only send a warning.
*** WARNING (version #0ca050f): /home/sek519/warm_starting/vws/../vpc/src/utility/nbspace.cpp:358: Ray 110: dot product with obj < 0. Obj viol from solver: -0.00000158. Calculated: -0.00000158.
*** WARNING (version #0ca050f): /home/sek519/warm_starting/vws/../vpc/src/cut/CglVPC.cpp:1243: Term 11 ray 105 does not satisfy the objective cut. Activity: -0.00000158. RHS: 0.00000000. Small enough violation that we only send a warning.
*** WARNING (version #0ca050f): /home/sek519/warm_starting/vws/../vpc/src/utility/nbspace.cpp:358: Ray 144: dot product with obj < 0. Obj viol from solver: -0.00000313. Calculated: -0.00000313.
*** WARNING (version #0ca050f): /home/sek519/warm_starting/vws/../vpc/src/cut/CglVPC.cpp:1243: Term 11 ray 136 does not satisfy the objective cut. Activity: -0.00000313. RHS: 0.00000000. Small enough violation that we only send a warning.
*** WARNING (version #0ca050f): /home/sek519/warm_starting/vws/../vpc/src/cut/CglVPC.cpp:683: Nonbasic reduced cost should be >= 0 in the complemented nonbasic space. However, for nb var 115 (real var 121), it is -1.935850e-07. Small enough error that we only send warning.
*** WARNING (version #0ca050f): /home/sek519/warm_starting/vws/../vpc/src/utility/nbspace.cpp:358: Ray 121: dot product with obj < 0. Obj viol from solver: -0.00000019. Calculated: -0.00000019.
*** WARNING (version #0ca050f): /home/sek519/warm_starting/vws/../vpc/src/cut/CglVPC.cpp:1243: Term 14 ray 115 does not satisfy the objective cut. Activity: -0.00000019. RHS: 0.00000000. Small enough violation that we only send a warning.
*** WARNING (version #0ca050f): /home/sek519/warm_starting/vws/../vpc/src/cut/CglVPC.cpp:683: Nonbasic reduced cost should be >= 0 in the complemented nonbasic space. However, for nb var 122 (real var 129), it is -2.577530e-07. Small enough error that we only send warning.
*** WARNING (version #0ca050f): /home/sek519/warm_starting/vws/../vpc/src/utility/nbspace.cpp:358: Ray 129: dot product with obj < 0. Obj viol from solver: -0.00000026. Calculated: -0.00000026.
*** WARNING (version #0ca050f): /home/sek519/warm_starting/vws/../vpc/src/cut/CglVPC.cpp:1243: Term 23 ray 122 does not satisfy the objective cut. Activity: -0.00000026. RHS: 0.00000000. Small enough violation that we only send a warning.
*** WARNING (version #0ca050f): /home/sek519/warm_starting/vws/../vpc/src/cut/CglVPC.cpp:683: Nonbasic reduced cost should be >= 0 in the complemented nonbasic space. However, for nb var 10 (real var 11), it is -2.675129e-06. Small enough error that we only send warning.
*** WARNING (version #0ca050f): /home/sek519/warm_starting/vws/../vpc/src/cut/CglVPC.cpp:683: Nonbasic reduced cost should be >= 0 in the complemented nonbasic space. However, for nb var 17 (real var 18), it is -1.721281e-06. Small enough error that we only send warning.
*** WARNING (version #0ca050f): /home/sek519/warm_starting/vws/../vpc/src/cut/CglVPC.cpp:683: Nonbasic reduced cost should be >= 0 in the complemented nonbasic space. However, for nb var 44 (real var 45), it is -5.626726e-07. Small enough error that we only send warning.
*** WARNING (version #0ca050f): /home/sek519/warm_starting/vws/../vpc/src/cut/CglVPC.cpp:683: Nonbasic reduced cost should be >= 0 in the complemented nonbasic space. However, for nb var 61 (real var 64), it is -3.740738e-06. Small enough error that we only send warning.
*** WARNING (version #0ca050f): /home/sek519/warm_starting/vws/../vpc/src/cut/CglVPC.cpp:683: Nonbasic reduced cost should be >= 0 in the complemented nonbasic space. However, for nb var 90 (real var 94), it is -1.805290e-06. Small enough error that we only send warning.
*** WARNING (version #0ca050f): /home/sek519/warm_starting/vws/../vpc/src/cut/CglVPC.cpp:683: Nonbasic reduced cost should be >= 0 in the complemented nonbasic space. However, for nb var 101 (real var 105), it is -1.254843e-06. Small enough error that we only send warning.
*** WARNING (version #0ca050f): /home/sek519/warm_starting/vws/../vpc/src/cut/CglVPC.cpp:683: Nonbasic reduced cost should be >= 0 in the complemented nonbasic space. However, for nb var 113 (real var 117), it is -3.827737e-06. Small enough error that we only send warning.
*** WARNING (version #0ca050f): /home/sek519/warm_starting/vws/../vpc/src/cut/CglVPC.cpp:683: Nonbasic reduced cost should be >= 0 in the complemented nonbasic space. However, for nb var 139 (real var 144), it is -2.176568e-07. Small enough error that we only send warning.
*** WARNING (version #0ca050f): /home/sek519/warm_starting/vws/../vpc/src/utility/nbspace.cpp:358: Ray 11: dot product with obj < 0. Obj viol from solver: -0.00000268. Calculated: -0.00000268.
*** WARNING (version #0ca050f): /home/sek519/warm_starting/vws/../vpc/src/cut/CglVPC.cpp:1243: Term 27 ray 10 does not satisfy the objective cut. Activity: -0.00000268. RHS: 0.00000000. Small enough violation that we only send a warning.
*** WARNING (version #0ca050f): /home/sek519/warm_starting/vws/../vpc/src/utility/nbspace.cpp:358: Ray 18: dot product with obj < 0. Obj viol from solver: -0.00000172. Calculated: -0.00000172.
*** WARNING (version #0ca050f): /home/sek519/warm_starting/vws/../vpc/src/cut/CglVPC.cpp:1243: Term 27 ray 17 does not satisfy the objective cut. Activity: -0.00000172. RHS: 0.00000000. Small enough violation that we only send a warning.
*** WARNING (version #0ca050f): /home/sek519/warm_starting/vws/../vpc/src/utility/nbspace.cpp:358: Ray 45: dot product with obj < 0. Obj viol from solver: -0.00000056. Calculated: -0.00000056.
*** WARNING (version #0ca050f): /home/sek519/warm_starting/vws/../vpc/src/cut/CglVPC.cpp:1243: Term 27 ray 44 does not satisfy the objective cut. Activity: -0.00000056. RHS: 0.00000000. Small enough violation that we only send a warning.
*** WARNING (version #0ca050f): /home/sek519/warm_starting/vws/../vpc/src/utility/nbspace.cpp:358: Ray 64: dot product with obj < 0. Obj viol from solver: -0.00000374. Calculated: -0.00000374.
*** WARNING (version #0ca050f): /home/sek519/warm_starting/vws/../vpc/src/cut/CglVPC.cpp:1243: Term 27 ray 61 does not satisfy the objective cut. Activity: -0.00000374. RHS: 0.00000000. Small enough violation that we only send a warning.
*** WARNING (version #0ca050f): /home/sek519/warm_starting/vws/../vpc/src/utility/nbspace.cpp:358: Ray 94: dot product with obj < 0. Obj viol from solver: -0.00000181. Calculated: -0.00000181.
*** WARNING (version #0ca050f): /home/sek519/warm_starting/vws/../vpc/src/cut/CglVPC.cpp:1243: Term 27 ray 90 does not satisfy the objective cut. Activity: -0.00000181. RHS: 0.00000000. Small enough violation that we only send a warning.
*** WARNING (version #0ca050f): /home/sek519/warm_starting/vws/../vpc/src/utility/nbspace.cpp:358: Ray 105: dot product with obj < 0. Obj viol from solver: -0.00000125. Calculated: -0.00000125.
*** WARNING (version #0ca050f): /home/sek519/warm_starting/vws/../vpc/src/cut/CglVPC.cpp:1243: Term 27 ray 101 does not satisfy the objective cut. Activity: -0.00000125. RHS: 0.00000000. Small enough violation that we only send a warning.
*** WARNING (version #0ca050f): /home/sek519/warm_starting/vws/../vpc/src/utility/nbspace.cpp:358: Ray 117: dot product with obj < 0. Obj viol from solver: -0.00000383. Calculated: -0.00000383.
*** WARNING (version #0ca050f): /home/sek519/warm_starting/vws/../vpc/src/cut/CglVPC.cpp:1243: Term 27 ray 113 does not satisfy the objective cut. Activity: -0.00000383. RHS: 0.00000000. Small enough violation that we only send a warning.
*** WARNING (version #0ca050f): /home/sek519/warm_starting/vws/../vpc/src/utility/nbspace.cpp:358: Ray 144: dot product with obj < 0. Obj viol from solver: -0.00000022. Calculated: -0.00000022.
*** WARNING (version #0ca050f): /home/sek519/warm_starting/vws/../vpc/src/cut/CglVPC.cpp:1243: Term 27 ray 139 does not satisfy the objective cut. Activity: -0.00000022. RHS: 0.00000000. Small enough violation that we only send a warning.
*** WARNING (version #0ca050f): /home/sek519/warm_starting/vws/../vpc/src/cut/CglVPC.cpp:683: Nonbasic reduced cost should be >= 0 in the complemented nonbasic space. However, for nb var 46 (real var 47), it is -1.429665e-07. Small enough error that we only send warning.
*** WARNING (version #0ca050f): /home/sek519/warm_starting/vws/../vpc/src/cut/CglVPC.cpp:683: Nonbasic reduced cost should be >= 0 in the complemented nonbasic space. However, for nb var 50 (real var 52), it is -2.630273e-07. Small enough error that we only send warning.
*** WARNING (version #0ca050f): /home/sek519/warm_starting/vws/../vpc/src/cut/CglVPC.cpp:683: Nonbasic reduced cost should be >= 0 in the complemented nonbasic space. However, for nb var 55 (real var 57), it is -2.139911e-07. Small enough error that we only send warning.
*** WARNING (version #0ca050f): /home/sek519/warm_starting/vws/../vpc/src/cut/CglVPC.cpp:683: Nonbasic reduced cost should be >= 0 in the complemented nonbasic space. However, for nb var 84 (real var 86), it is -1.495443e-07. Small enough error that we only send warning.
*** WARNING (version #0ca050f): /home/sek519/warm_starting/vws/../vpc/src/cut/CglVPC.cpp:683: Nonbasic reduced cost should be >= 0 in the complemented nonbasic space. However, for nb var 114 (real var 119), it is -2.302528e-07. Small enough error that we only send warning.
*** WARNING (version #0ca050f): /home/sek519/warm_starting/vws/../vpc/src/utility/nbspace.cpp:358: Ray 47: dot product with obj < 0. Obj viol from solver: -0.00000014. Calculated: -0.00000014.
*** WARNING (version #0ca050f): /home/sek519/warm_starting/vws/../vpc/src/cut/CglVPC.cpp:1243: Term 54 ray 46 does not satisfy the objective cut. Activity: -0.00000014. RHS: 0.00000000. Small enough violation that we only send a warning.
*** WARNING (version #0ca050f): /home/sek519/warm_starting/vws/../vpc/src/utility/nbspace.cpp:358: Ray 52: dot product with obj < 0. Obj viol from solver: -0.00000026. Calculated: -0.00000026.
*** WARNING (version #0ca050f): /home/sek519/warm_starting/vws/../vpc/src/cut/CglVPC.cpp:1243: Term 54 ray 50 does not satisfy the objective cut. Activity: -0.00000026. RHS: 0.00000000. Small enough violation that we only send a warning.
*** WARNING (version #0ca050f): /home/sek519/warm_starting/vws/../vpc/src/utility/nbspace.cpp:358: Ray 57: dot product with obj < 0. Obj viol from solver: -0.00000021. Calculated: -0.00000021.
*** WARNING (version #0ca050f): /home/sek519/warm_starting/vws/../vpc/src/cut/CglVPC.cpp:1243: Term 54 ray 55 does not satisfy the objective cut. Activity: -0.00000021. RHS: 0.00000000. Small enough violation that we only send a warning.
*** WARNING (version #0ca050f): /home/sek519/warm_starting/vws/../vpc/src/utility/nbspace.cpp:358: Ray 86: dot product with obj < 0. Obj viol from solver: -0.00000015. Calculated: -0.00000015.
*** WARNING (version #0ca050f): /home/sek519/warm_starting/vws/../vpc/src/cut/CglVPC.cpp:1243: Term 54 ray 84 does not satisfy the objective cut. Activity: -0.00000015. RHS: 0.00000000. Small enough violation that we only send a warning.
*** WARNING (version #0ca050f): /home/sek519/warm_starting/vws/../vpc/src/utility/nbspace.cpp:358: Ray 119: dot product with obj < 0. Obj viol from solver: -0.00000023. Calculated: -0.00000023.
*** WARNING (version #0ca050f): /home/sek519/warm_starting/vws/../vpc/src/cut/CglVPC.cpp:1243: Term 54 ray 114 does not satisfy the objective cut. Activity: -0.00000023. RHS: 0.00000000. Small enough violation that we only send a warning.
*** WARNING (version #0ca050f): /home/sek519/warm_starting/vws/../vpc/src/cut/PRLP.cpp:387: PRLP is primal infeasible; giving up on this point-ray collection.
*** WARNING (version #0ca050f): /home/sek519/warm_starting/vws/../vpc/src/cut/PRLP.cpp:387: PRLP is primal infeasible; giving up on this point-ray collection.
*** WARNING (version #0ca050f): /home/sek519/warm_starting/vws/../vpc/src/cut/CglVPC.cpp:683: Nonbasic reduced cost should be >= 0 in the complemented nonbasic space. However, for nb var 8 (real var 9), it is -1.729323e-07. Small enough error that we only send warning.
*** WARNING (version #0ca050f): /home/sek519/warm_starting/vws/../vpc/src/cut/CglVPC.cpp:683: Nonbasic reduced cost should be >= 0 in the complemented nonbasic space. However, for nb var 76 (real var 85), it is -1.387465e-07. Small enough error that we only send warning.
*** WARNING (version #0ca050f): /home/sek519/warm_starting/vws/../vpc/src/cut/CglVPC.cpp:683: Nonbasic reduced cost should be >= 0 in the complemented nonbasic space. However, for nb var 120 (real var 130), it is -1.743371e-07. Small enough error that we only send warning.
*** WARNING (version #0ca050f): /home/sek519/warm_starting/vws/../vpc/src/utility/nbspace.cpp:358: Ray 9: dot product with obj < 0. Obj viol from solver: -0.00000017. Calculated: -0.00000017.
*** WARNING (version #0ca050f): /home/sek519/warm_starting/vws/../vpc/src/cut/CglVPC.cpp:1243: Term 0 ray 8 does not satisfy the objective cut. Activity: -0.00000017. RHS: 0.00000000. Small enough violation that we only send a warning.
*** WARNING (version #0ca050f): /home/sek519/warm_starting/vws/../vpc/src/utility/nbspace.cpp:358: Ray 85: dot product with obj < 0. Obj viol from solver: -0.00000014. Calculated: -0.00000014.
*** WARNING (version #0ca050f): /home/sek519/warm_starting/vws/../vpc/src/cut/CglVPC.cpp:1243: Term 0 ray 76 does not satisfy the objective cut. Activity: -0.00000014. RHS: 0.00000000. Small enough violation that we only send a warning.
*** WARNING (version #0ca050f): /home/sek519/warm_starting/vws/../vpc/src/utility/nbspace.cpp:358: Ray 130: dot product with obj < 0. Obj viol from solver: -0.00000017. Calculated: -0.00000017.
*** WARNING (version #0ca050f): /home/sek519/warm_starting/vws/../vpc/src/cut/CglVPC.cpp:1243: Term 0 ray 120 does not satisfy the objective cut. Activity: -0.00000017. RHS: 0.00000000. Small enough violation that we only send a warning.
*** WARNING (version #0ca050f): /home/sek519/warm_starting/vws/../vpc/src/cut/CglVPC.cpp:683: Nonbasic reduced cost should be >= 0 in the complemented nonbasic space. However, for nb var 22 (real var 24), it is -3.263094e-07. Small enough error that we only send warning.
*** WARNING (version #0ca050f): /home/sek519/warm_starting/vws/../vpc/src/cut/CglVPC.cpp:683: Nonbasic reduced cost should be >= 0 in the complemented nonbasic space. However, for nb var 47 (real var 51), it is -6.672219e-07. Small enough error that we only send warning.
*** WARNING (version #0ca050f): /home/sek519/warm_starting/vws/../vpc/src/cut/CglVPC.cpp:683: Nonbasic reduced cost should be >= 0 in the complemented nonbasic space. However, for nb var 74 (real var 80), it is -5.172780e-07. Small enough error that we only send warning.
*** WARNING (version #0ca050f): /home/sek519/warm_starting/vws/../vpc/src/cut/CglVPC.cpp:683: Nonbasic reduced cost should be >= 0 in the complemented nonbasic space. However, for nb var 131 (real var 143), it is -5.348180e-07. Small enough error that we only send warning.
*** WARNING (version #0ca050f): /home/sek519/warm_starting/vws/../vpc/src/utility/nbspace.cpp:358: Ray 24: dot product with obj < 0. Obj viol from solver: -0.00000033. Calculated: -0.00000033.
*** WARNING (version #0ca050f): /home/sek519/warm_starting/vws/../vpc/src/cut/CglVPC.cpp:1243: Term 10 ray 22 does not satisfy the objective cut. Activity: -0.00000033. RHS: 0.00000000. Small enough violation that we only send a warning.
*** WARNING (version #0ca050f): /home/sek519/warm_starting/vws/../vpc/src/utility/nbspace.cpp:358: Ray 51: dot product with obj < 0. Obj viol from solver: -0.00000067. Calculated: -0.00000067.
*** WARNING (version #0ca050f): /home/sek519/warm_starting/vws/../vpc/src/cut/CglVPC.cpp:1243: Term 10 ray 47 does not satisfy the objective cut. Activity: -0.00000067. RHS: 0.00000000. Small enough violation that we only send a warning.
*** WARNING (version #0ca050f): /home/sek519/warm_starting/vws/../vpc/src/utility/nbspace.cpp:358: Ray 80: dot product with obj < 0. Obj viol from solver: -0.00000052. Calculated: -0.00000052.
*** WARNING (version #0ca050f): /home/sek519/warm_starting/vws/../vpc/src/cut/CglVPC.cpp:1243: Term 10 ray 74 does not satisfy the objective cut. Activity: -0.00000052. RHS: 0.00000000. Small enough violation that we only send a warning.
*** WARNING (version #0ca050f): /home/sek519/warm_starting/vws/../vpc/src/utility/nbspace.cpp:358: Ray 143: dot product with obj < 0. Obj viol from solver: -0.00000053. Calculated: -0.00000053.
*** WARNING (version #0ca050f): /home/sek519/warm_starting/vws/../vpc/src/cut/CglVPC.cpp:1243: Term 10 ray 131 does not satisfy the objective cut. Activity: -0.00000053. RHS: 0.00000000. Small enough violation that we only send a warning.
*** WARNING (version #0ca050f): /home/sek519/warm_starting/vws/../vpc/src/cut/CglVPC.cpp:683: Nonbasic reduced cost should be >= 0 in the complemented nonbasic space. However, for nb var 9 (real var 11), it is -4.933328e-07. Small enough error that we only send warning.
*** WARNING (version #0ca050f): /home/sek519/warm_starting/vws/../vpc/src/cut/CglVPC.cpp:683: Nonbasic reduced cost should be >= 0 in the complemented nonbasic space. However, for nb var 119 (real var 129), it is -2.416232e-07. Small enough error that we only send warning.
*** WARNING (version #0ca050f): /home/sek519/warm_starting/vws/../vpc/src/cut/CglVPC.cpp:683: Nonbasic reduced cost should be >= 0 in the complemented nonbasic space. However, for nb var 131 (real var 143), it is -2.046594e-07. Small enough error that we only send warning.
*** WARNING (version #0ca050f): /home/sek519/warm_starting/vws/../vpc/src/cut/CglVPC.cpp:683: Nonbasic reduced cost should be >= 0 in the complemented nonbasic space. However, for nb var 132 (real var 144), it is -1.420855e-07. Small enough error that we only send warning.
*** WARNING (version #0ca050f): /home/sek519/warm_starting/vws/../vpc/src/utility/nbspace.cpp:358: Ray 11: dot product with obj < 0. Obj viol from solver: -0.00000049. Calculated: -0.00000049.
*** WARNING (version #0ca050f): /home/sek519/warm_starting/vws/../vpc/src/cut/CglVPC.cpp:1243: Term 26 ray 9 does not satisfy the objective cut. Activity: -0.00000049. RHS: 0.00000000. Small enough violation that we only send a warning.
*** WARNING (version #0ca050f): /home/sek519/warm_starting/vws/../vpc/src/utility/nbspace.cpp:358: Ray 129: dot product with obj < 0. Obj viol from solver: -0.00000024. Calculated: -0.00000024.
*** WARNING (version #0ca050f): /home/sek519/warm_starting/vws/../vpc/src/cut/CglVPC.cpp:1243: Term 26 ray 119 does not satisfy the objective cut. Activity: -0.00000024. RHS: 0.00000000. Small enough violation that we only send a warning.
*** WARNING (version #0ca050f): /home/sek519/warm_starting/vws/../vpc/src/utility/nbspace.cpp:358: Ray 143: dot product with obj < 0. Obj viol from solver: -0.00000020. Calculated: -0.00000020.
*** WARNING (version #0ca050f): /home/sek519/warm_starting/vws/../vpc/src/cut/CglVPC.cpp:1243: Term 26 ray 131 does not satisfy the objective cut. Activity: -0.00000020. RHS: 0.00000000. Small enough violation that we only send a warning.
*** WARNING (version #0ca050f): /home/sek519/warm_starting/vws/../vpc/src/utility/nbspace.cpp:358: Ray 144: dot product with obj < 0. Obj viol from solver: -0.00000014. Calculated: -0.00000014.
*** WARNING (version #0ca050f): /home/sek519/warm_starting/vws/../vpc/src/cut/CglVPC.cpp:1243: Term 26 ray 132 does not satisfy the objective cut. Activity: -0.00000014. RHS: 0.00000000. Small enough violation that we only send a warning.
*** WARNING (version #0ca050f): /home/sek519/warm_starting/vws/../vpc/src/cut/CglVPC.cpp:683: Nonbasic reduced cost should be >= 0 in the complemented nonbasic space. However, for nb var 53 (real var 58), it is -1.421597e-07. Small enough error that we only send warning.
*** WARNING (version #0ca050f): /home/sek519/warm_starting/vws/../vpc/src/cut/CglVPC.cpp:683: Nonbasic reduced cost should be >= 0 in the complemented nonbasic space. However, for nb var 131 (real var 143), it is -1.380588e-07. Small enough error that we only send warning.
*** WARNING (version #0ca050f): /home/sek519/warm_starting/vws/../vpc/src/utility/nbspace.cpp:358: Ray 58: dot product with obj < 0. Obj viol from solver: -0.00000014. Calculated: -0.00000014.
*** WARNING (version #0ca050f): /home/sek519/warm_starting/vws/../vpc/src/cut/CglVPC.cpp:1243: Term 31 ray 53 does not satisfy the objective cut. Activity: -0.00000014. RHS: 0.00000000. Small enough violation that we only send a warning.
*** WARNING (version #0ca050f): /home/sek519/warm_starting/vws/../vpc/src/utility/nbspace.cpp:358: Ray 143: dot product with obj < 0. Obj viol from solver: -0.00000014. Calculated: -0.00000014.
*** WARNING (version #0ca050f): /home/sek519/warm_starting/vws/../vpc/src/cut/CglVPC.cpp:1243: Term 31 ray 131 does not satisfy the objective cut. Activity: -0.00000014. RHS: 0.00000000. Small enough violation that we only send a warning.
*** WARNING (version #0ca050f): /home/sek519/warm_starting/vws/../vpc/src/cut/CglVPC.cpp:683: Nonbasic reduced cost should be >= 0 in the complemented nonbasic space. However, for nb var 111 (real var 121), it is -2.292085e-07. Small enough error that we only send warning.
*** WARNING (version #0ca050f): /home/sek519/warm_starting/vws/../vpc/src/cut/CglVPC.cpp:683: Nonbasic reduced cost should be >= 0 in the complemented nonbasic space. However, for nb var 119 (real var 129), it is -1.917129e-07. Small enough error that we only send warning.
*** WARNING (version #0ca050f): /home/sek519/warm_starting/vws/../vpc/src/cut/CglVPC.cpp:683: Nonbasic reduced cost should be >= 0 in the complemented nonbasic space. However, for nb var 131 (real var 143), it is -1.238336e-07. Small enough error that we only send warning.
*** WARNING (version #0ca050f): /home/sek519/warm_starting/vws/../vpc/src/utility/nbspace.cpp:358: Ray 121: dot product with obj < 0. Obj viol from solver: -0.00000023. Calculated: -0.00000023.
*** WARNING (version #0ca050f): /home/sek519/warm_starting/vws/../vpc/src/cut/CglVPC.cpp:1243: Term 35 ray 111 does not satisfy the objective cut. Activity: -0.00000023. RHS: 0.00000000. Small enough violation that we only send a warning.
*** WARNING (version #0ca050f): /home/sek519/warm_starting/vws/../vpc/src/utility/nbspace.cpp:358: Ray 129: dot product with obj < 0. Obj viol from solver: -0.00000019. Calculated: -0.00000019.
*** WARNING (version #0ca050f): /home/sek519/warm_starting/vws/../vpc/src/cut/CglVPC.cpp:1243: Term 35 ray 119 does not satisfy the objective cut. Activity: -0.00000019. RHS: 0.00000000. Small enough violation that we only send a warning.
*** WARNING (version #0ca050f): /home/sek519/warm_starting/vws/../vpc/src/utility/nbspace.cpp:358: Ray 143: dot product with obj < 0. Obj viol from solver: -0.00000012. Calculated: -0.00000012.
*** WARNING (version #0ca050f): /home/sek519/warm_starting/vws/../vpc/src/cut/CglVPC.cpp:1243: Term 35 ray 131 does not satisfy the objective cut. Activity: -0.00000012. RHS: 0.00000000. Small enough violation that we only send a warning.
*** WARNING (version #0ca050f): /home/sek519/warm_starting/vws/../vpc/src/cut/CglVPC.cpp:683: Nonbasic reduced cost should be >= 0 in the complemented nonbasic space. However, for nb var 27 (real var 31), it is -1.705769e-07. Small enough error that we only send warning.
*** WARNING (version #0ca050f): /home/sek519/warm_starting/vws/../vpc/src/cut/CglVPC.cpp:683: Nonbasic reduced cost should be >= 0 in the complemented nonbasic space. However, for nb var 133 (real var 144), it is -1.548754e-07. Small enough error that we only send warning.
*** WARNING (version #0ca050f): /home/sek519/warm_starting/vws/../vpc/src/utility/nbspace.cpp:358: Ray 31: dot product with obj < 0. Obj viol from solver: -0.00000017. Calculated: -0.00000017.
*** WARNING (version #0ca050f): /home/sek519/warm_starting/vws/../vpc/src/cut/CglVPC.cpp:1243: Term 41 ray 27 does not satisfy the objective cut. Activity: -0.00000017. RHS: 0.00000000. Small enough violation that we only send a warning.
*** WARNING (version #0ca050f): /home/sek519/warm_starting/vws/../vpc/src/utility/nbspace.cpp:358: Ray 144: dot product with obj < 0. Obj viol from solver: -0.00000015. Calculated: -0.00000015.
*** WARNING (version #0ca050f): /home/sek519/warm_starting/vws/../vpc/src/cut/CglVPC.cpp:1243: Term 41 ray 133 does not satisfy the objective cut. Activity: -0.00000015. RHS: 0.00000000. Small enough violation that we only send a warning.
*** WARNING (version #0ca050f): /home/sek519/warm_starting/vws/../vpc/src/cut/PRLP.cpp:387: PRLP is primal infeasible; giving up on this point-ray collection.
*** WARNING (version #0ca050f): /home/sek519/warm_starting/vws/../vpc/src/cut/PRLP.cpp:387: PRLP is primal infeasible; giving up on this point-ray collection.
*** WARNING (version #0ca050f): /home/sek519/warm_starting/vws/../vpc/src/utility/nbspace.cpp:372: Ray 56: Calculated dot product with obj differs from solver's. Obj viol from solver: 1844.25134514. Calculated: 1844.25134503.
*** WARNING (version #0ca050f): /home/sek519/warm_starting/vws/../vpc/src/utility/nbspace.cpp:372: Ray 159: Calculated dot product with obj differs from solver's. Obj viol from solver: 0.04667435. Calculated: 0.04667423.
