Calculated A_i . x = -1037388.975376 instead of correct value of b_i = -1037388.975376.
Calculated A_i . x = -59187.407475 instead of correct value of b_i = -59187.407475.
Calculated A_i . x = -2251950.187348 instead of correct value of b_i = -2251950.187348.
150: cut: -1.03739e+06	calc: -1.03739e+06	diff: 1.12457e-07
167: cut: -59187.4	calc: -59187.4	diff: 1.01281e-07
186: cut: -2.25195e+06	calc: -2.25195e+06	diff: 1.45286e-07
*** WARNING (version #0ca050f): src/VwsUtility.cpp:280: Number of differences between true and calculated cuts: 3. Total difference: 3.59025e-07. Small enough difference that we will try to continue, but beware of numerical issues.
x:
x[0] = 3.28321e-12
x[1] = 6.84239e-11
x[2] = 0
x[3] = -1.88446e-11
x[4] = 5.59895e-12
x[5] = -4.85515e-11
x[6] = -1.42499
x[7] = -3.23871e-13
x[8] = 0
x[9] = 2.53295e-11
x[10] = 5.43515e-12
x[11] = -1.0701e-11
x[12] = 1.96895e-11
x[13] = -1.20047e-11
x[14] = 9.12674e-12
x[15] = -5.75154e-11
x[16] = 4.61351e-11
x[17] = -6.34232e-12
x[18] = -2.53495e-11
x[19] = -7.54259e-12
x[20] = 1.12025e-11
x[21] = -6.75666e-13
x[22] = -3.71216e-13
x[23] = 3.28454e-11
x[24] = -1.70567e-11
x[25] = -4.14254e-11
x[26] = -1.19609e-11
x[27] = 4.34599e-11
x[28] = -4.88519e-11
x[29] = 5.94519e-12
x[30] = -1.41391e-11
x[31] = -1.31236e-11
x[32] = 1.38058e-11
x[33] = -1.07827e-11
x[34] = 1.39225e-11
x[35] = 9.15279e-12
x[36] = 1.56228e-11
x[37] = 3.33767e-11
x[38] = 1.44073e-12
x[39] = -4.6915e-12
x[40] = 6.00387e-11
x[41] = -1.8012e-12
x[42] = -5.04632e-11
x[43] = 1.38163e-11
x[44] = 1.76193e-11
x[45] = 2.23126e-11
x[46] = 1.17683e-11
x[47] = 8.523e-12
x[48] = 4.88241e-11
x[49] = -1.4412e-11
x[50] = -9.40756e-12
x[51] = 0
x[52] = 1.84056e-11
x[53] = -3.77711e-11
x[54] = -3.71482e-11
x[55] = -5.59059e-11
x[56] = -2.6437e-11
x[57] = -2.14931e-11
x[58] = 9.87742e-12
x[59] = -1.58035e-11
x[60] = -2.65062e-11
x[61] = -6.15054e-12
x[62] = -1.76926
x[63] = -1.80126e-12
x[64] = 3.4813e-11
x[65] = 2.45795e-11
x[66] = -2.11827e-11
x[67] = -24936.3
x[68] = 2.381e-12
x[69] = 1.70009e-11
x[70] = -2.49105e-11
x[71] = 23422
x[72] = 4.48838e+07
x[73] = -0
x[74] = 1592.33
x[75] = 600305
x[76] = 1.58199e+06
x[77] = 1.52013e+06
x[78] = 2.49363e+06
x[79] = 0
x[80] = -23421.9
x[81] = -23421.9
x[82] = 0
x[83] = 0
x[84] = 0
x[85] = -23421.9
x[86] = -23421.9
x[87] = -23421.9
x[88] = 0
x[89] = 0
x[90] = -23421.9
x[91] = -23421.9
x[92] = -23421.9
x[93] = -23421.9
x[94] = -23421.9
x[95] = 0
x[96] = -23421.9
x[97] = 0
x[98] = -7.52663e-08
x[99] = 8.25376e-08
x[100] = -9.23975e-09
x[101] = -2.55964e-08
x[102] = 9.77763e-08
x[103] = -5.53621e-08
x[104] = 1.07819e-08
x[105] = 3.54893e-08
x[106] = 4.55679e-08
x[107] = 1.6174e-08
x[108] = 6.05558e-08
x[109] = -1.65795e-08
x[110] = -5.37065e-08
x[111] = 1.87356e-08
x[112] = 1.22298e-08
x[113] = 6.14965e-08
x[114] = 0
x[115] = 3.86876e-08
x[116] = -1.28406e-08
x[117] = -10.8463
x[118] = -1.51442e+06
x[119] = 4.52434e+06
x[120] = 9.61178e+06
x[121] = 4.30847e+07
x[122] = 8.98538e+06
x[123] = 1.381e+07
x[124] = 1.31426e+07
x[125] = 4.28488e+07
x[126] = 4.3019e+06
x[127] = 1.12459e+07
x[128] = 4.26886e+07
x[129] = 3.5411e+07
x[130] = 3.81307e+07
x[131] = 4.56346e+07
x[132] = 3.58211e+07
x[133] = 3.11696e+07
x[134] = 5.17007e+06
x[135] = 3.80669e+06
x[136] = 1.0002e+07
x[137] = 3.94605e+07
x[138] = 2.5049e+07
x[139] = 2.05092e+06
x[140] = 6.92044e+06
x[141] = 3.09148e+07
x[142] = 3.9615e+07
x[143] = 2.26096e+07
x[144] = 2.68399e+07
x[145] = 3.27102e+07
x[146] = 3.54067e+07
x[147] = 2.97405e+07
x[148] = 4.50453e+07
x[149] = 4.38115e+07
x[150] = 2.58578e+07
x[151] = 2.30971e+07
x[152] = 4.42202e+07
x[153] = 3.81057e+07
x[154] = 4.31888e+07
x[155] = 1.68175e+07
x[156] = 1.77797e+07
x[157] = 1.62771e+07
x[158] = 9.17715e+06
x[159] = 4.76471e+06
x[160] = 2.09129e+07
x[161] = 6.51493e+06
x[162] = 7.12523e+06
x[163] = 3.66474e+07
x[164] = 6.22264e+06
x[165] = 8.97957e+06
x[166] = 8.40313e+06
x[167] = 3.38578e+07
x[168] = 2.33413e+07
x[169] = 4.66807e+07
x[170] = 8.35079e+06
x[171] = 3.20066e+07
x[172] = 1.93178e+07
x[173] = 4.38651e+07
x[174] = 9.93448e+06
x[175] = 4.90689e+07
x[176] = 3.39292e+07
x[177] = 2.72242e+07
x[178] = 1.04969e+07
x[179] = 1.67548e+07
x[180] = 1.79582e+06
x[181] = 101039
x[182] = 1.57551e+07
x[183] = 1.74746e+07
x[184] = 3.00052e+07
x[185] = 3.37372e+07
x[186] = 276780
x[187] = 1.9144e+07
x[188] = 4.57537e+07
x[189] = 6.01038e+06
x[190] = 4.31352e+07
x[191] = 3.9809e+07
x[192] = 4.4034e+07
x[193] = 3.07194e+06
x[194] = 2.06123e+07
x[195] = 1.43682e+07
x[196] = 3.45772e+07
x[197] = 181536
x[198] = 2.16105e+07
x[199] = 2.25457e+07
x[200] = 8.97353e+06
x[201] = 1.2547e+06
x[202] = 4.32855e+07
x[203] = 3.84567e+07
x[204] = 3.60729e+07
x[205] = 2.88611e+07
x[206] = 4.25891e+07
x[207] = 4.53461e+07
x[208] = 4.67582e+06
x[209] = 3.11982e+07
x[210] = 1.83142e+07
x[211] = 3.95675e+07
x[212] = 1.40821e+07
x[213] = 4.34896e+07
x[214] = 3.15984e+07
x[215] = 3.28321e-10
x[216] = 6.84239e-09
x[217] = 0
x[218] = -1.88446e-09
x[219] = 5.59895e-10
x[220] = 176.926
x[221] = -3.23871e-11
x[222] = 0
x[223] = 2.53295e-09
x[224] = -1.0701e-09
x[225] = -1.20047e-09
x[226] = 9.12674e-10
x[227] = -7.54259e-10
x[228] = 1.12025e-09
x[229] = -6.75666e-11
x[230] = -3.71216e-11
x[231] = 3.28454e-09
x[232] = -1.70567e-09
x[233] = -1.19609e-09
x[234] = 4.34599e-09
x[235] = -4.88519e-09
x[236] = 5.94519e-10
x[237] = -1.41391e-09
x[238] = -1.31236e-09
x[239] = 1.38058e-09
x[240] = 1.39225e-09
x[241] = 9.15279e-10
x[242] = 1.56228e-09
x[243] = 0
x[244] = 3.33767e-09
x[245] = 1.44073e-10
x[246] = -4.6915e-10
x[247] = 6.00387e-09
x[248] = -1.8012e-10
x[249] = 1.76193e-09
x[250] = 2.23126e-09
x[251] = 1.17683e-09
x[252] = 8.523e-10
x[253] = 0
x[254] = 1.84056e-09
x[255] = -3.77711e-09
x[256] = -3.71482e-09
x[257] = 0
x[258] = -2.6437e-09
x[259] = -1.58035e-09
x[260] = 1.08463
x[261] = -2.65062e-09
x[262] = -6.15054e-10
x[263] = -1.80126e-10
x[264] = 3.4813e-09
x[265] = 2.45795e-09
x[266] = -2.11827e-09
x[267] = 151442
x[268] = 2.381e-10
x[269] = 1.70009e-09
x[270] = -2.49105e-09
b:
b[0] = 23422
b[1] = 0.0952856
b[2] = 0.0952856
b[3] = 23422
b[4] = 23422
b[5] = 23422
b[6] = 0.0952856
b[7] = 0.0952856
b[8] = 0.0952856
b[9] = 23422
b[10] = 23422
b[11] = 0.0952856
b[12] = 0.0952856
b[13] = 23422
b[14] = 0.0952856
b[15] = 0.0952856
b[16] = 0.0952856
b[17] = 23422
b[18] = 0.0952856
b[19] = 23422
b[20] = 0
b[21] = 0
b[22] = 0
b[23] = 0
b[24] = 0
b[25] = 0
b[26] = -2564.98
b[27] = 0
b[28] = 0
b[29] = 0
b[30] = 0
b[31] = 0
b[32] = 0
b[33] = 0
b[34] = 0
b[35] = 0
b[36] = 0
b[37] = 0
b[38] = 0
b[39] = 0
b[40] = 0
b[41] = 0
b[42] = 0
b[43] = 0
b[44] = 0
b[45] = 0
b[46] = 0
b[47] = 0
b[48] = 0
b[49] = 0
b[50] = 0
b[51] = 0
b[52] = 0
b[53] = 0
b[54] = 0
b[55] = 0
b[56] = 0
b[57] = 0
b[58] = 0
b[59] = 0
b[60] = 0
b[61] = 0
b[62] = 0
b[63] = 0
b[64] = 0
b[65] = 0
b[66] = 0
b[67] = 0
b[68] = 0
b[69] = 0
b[70] = 0
b[71] = 0
b[72] = 0
b[73] = 0
b[74] = 0
b[75] = 0
b[76] = 0
b[77] = 0
b[78] = 0
b[79] = 0
b[80] = 0
b[81] = 0
b[82] = -10.8463
b[83] = 0
b[84] = 0
b[85] = -1415.41
b[86] = 0
b[87] = 0
b[88] = 0
b[89] = 0
b[90] = -1514.49
b[91] = -1.51442e+06
b[92] = 0
b[93] = 0
b[94] = 0
b[95] = -1.76128e+06
b[96] = -1.10251e+06
b[97] = -864740
b[98] = -457357
b[99] = -345307
b[100] = -904129
b[101] = -2.19743e+06
b[102] = -2.46398e+06
b[103] = -1.90969e+06
b[104] = -1.97178e+06
b[105] = -178706
b[106] = -100913
b[107] = -2.42308e+06
b[108] = -474023
b[109] = -225656
b[110] = -216575
b[111] = -2.59876e+06
b[112] = -645144
b[113] = -2.40642e+06
b[114] = -2.59573e+06
b[115] = -1.66285e+06
b[116] = -1.65982e+06
b[117] = -470987
b[118] = -2.48214e+06
b[119] = -1.38117e+06
b[120] = -110787
b[121] = -1.65678e+06
b[122] = -1.79005e+06
b[123] = -631529
b[124] = -1.77643e+06
b[125] = -2.70476e+06
b[126] = -2.01268e+06
b[127] = -1.25092e+06
b[128] = -1.32512e+06
b[129] = -2.46549e+06
b[130] = -1.29031e+06
b[131] = -1.7219e+06
b[132] = -2.72294e+06
b[133] = -1.14036e+06
b[134] = -226126
b[135] = -2.60331e+06
b[136] = -1.99753e+06
b[137] = -2.79412e+06
b[138] = -183633
b[139] = -1.36601e+06
b[140] = -2.43066e+06
b[141] = -1.63255e+06
b[142] = -2.73203e+06
b[143] = -2.33372e+06
b[144] = -224138
b[145] = -1.37359e+06
b[146] = -2.00208e+06
b[147] = -51501.8
b[148] = -2.47155e+06
b[149] = -2.84712e+06
b[150] = -1.03739e+06
b[151] = -1.48111e+06
b[152] = -1.42356e+06
b[153] = -1.58863e+06
b[154] = -136307
b[155] = -610318
b[156] = -1.10555e+06
b[157] = -1.15248e+06
b[158] = -1.62498e+06
b[159] = -428583
b[160] = -625468
b[161] = -2.20199e+06
b[162] = -2.72596e+06
b[163] = -346816
b[164] = -2.09899e+06
b[165] = -973792
b[166] = -1.92034e+06
b[167] = -59187.4
b[168] = -1.47809e+06
b[169] = -1.34935e+06
b[170] = -2.10202e+06
b[171] = -2.86076e+06
b[172] = -555813
b[173] = -24243.2
b[174] = -436173
b[175] = -770845
b[176] = -2.20803e+06
b[177] = -71198.1
b[178] = -1.90818e+06
b[179] = -923803
b[180] = -1.2055e+06
b[181] = -842034
b[182] = -80434.2
b[183] = -2.79108e+06
b[184] = -1.30848e+06
b[185] = -416482
b[186] = -2.25195e+06
b[187] = -364978
b[188] = -964700
b[189] = -1.04746e+06
b[190] = -1.76129e+06
b[191] = -1.40691e+06
b[192] = -1.15703e+06
b[193] = -2.7184e+06
b[194] = -124203
b[195] = 0
b[196] = 0
b[197] = 0
b[198] = 0
b[199] = 0
b[200] = 0
b[201] = 319.425
b[202] = 0
b[203] = 0
b[204] = 0
b[205] = 0
b[206] = 0
b[207] = 0
b[208] = 0
b[209] = 0
b[210] = 0
b[211] = 0
b[212] = 0
b[213] = 0
b[214] = 0
b[215] = 0
b[216] = 0
b[217] = 0
b[218] = 0
b[219] = 0
b[220] = 0
b[221] = 0
b[222] = 0
b[223] = 0
b[224] = 0
b[225] = 0
b[226] = 0
b[227] = 0
b[228] = 0
b[229] = 0
b[230] = 0
b[231] = 0
b[232] = 0
b[233] = 0
b[234] = 0
b[235] = 0
b[236] = 0
b[237] = 0
b[238] = 0
b[239] = 0
b[240] = 0
b[241] = 0
b[242] = 0
b[243] = 0
b[244] = 0
b[245] = 0
b[246] = 0
b[247] = 0
b[248] = 0
b[249] = 0
b[250] = 0
b[251] = 0
b[252] = 0
b[253] = 0
b[254] = 0
b[255] = 0
b[256] = 0
b[257] = 1.08463
b[258] = 0
b[259] = 0
b[260] = 176.926
b[261] = 0
b[262] = 0
b[263] = 0
b[264] = 0
b[265] = 0
b[266] = 151442
b[267] = 0
b[268] = 0
b[269] = 0
b[270] = 1517.53
v:
v[0] = 3.28321e-12
v[1] = 6.84239e-11
v[2] = 0
v[3] = -1.88446e-11
v[4] = 5.59895e-12
v[5] = -4.85515e-11
v[6] = -1.42499
v[7] = -3.23871e-13
v[8] = 0
v[9] = 2.53295e-11
v[10] = 5.43515e-12
v[11] = -1.0701e-11
v[12] = 1.96895e-11
v[13] = -1.20047e-11
v[14] = 9.12674e-12
v[15] = -5.75154e-11
v[16] = 4.61351e-11
v[17] = -6.34232e-12
v[18] = -2.53495e-11
v[19] = -7.54259e-12
v[20] = 1.12025e-11
v[21] = -6.75666e-13
v[22] = -3.71216e-13
v[23] = 3.28454e-11
v[24] = -1.70567e-11
v[25] = -4.14254e-11
v[26] = -1.19609e-11
v[27] = 4.34599e-11
v[28] = -4.88519e-11
v[29] = 5.94519e-12
v[30] = -1.41391e-11
v[31] = -1.31236e-11
v[32] = 1.38058e-11
v[33] = -1.07827e-11
v[34] = 1.39225e-11
v[35] = 9.15279e-12
v[36] = 1.56228e-11
v[37] = 0
v[38] = 3.33767e-11
v[39] = 1.44073e-12
v[40] = -4.6915e-12
v[41] = 6.00387e-11
v[42] = -1.8012e-12
v[43] = -5.04632e-11
v[44] = 1.38163e-11
v[45] = 1.76193e-11
v[46] = 2.23126e-11
v[47] = 1.17683e-11
v[48] = 8.523e-12
v[49] = 4.88241e-11
v[50] = -1.4412e-11
v[51] = -9.40756e-12
v[52] = 0
v[53] = 1.84056e-11
v[54] = -3.77711e-11
v[55] = -3.71482e-11
v[56] = -5.59059e-11
v[57] = 0
v[58] = -2.6437e-11
v[59] = -2.14931e-11
v[60] = 9.87742e-12
v[61] = -1.58035e-11
v[62] = 0
v[63] = -2.65062e-11
v[64] = -6.15054e-12
v[65] = -1.76926
v[66] = -1.80126e-12
v[67] = 3.4813e-11
v[68] = 2.45795e-11
v[69] = -2.11827e-11
v[70] = -24936.3
v[71] = 0
v[72] = 2.381e-12
v[73] = 1.70009e-11
v[74] = -2.49105e-11
v[75] = 23422
v[76] = 4.48838e+07
v[77] = -0
v[78] = 1592.33
v[79] = 0
v[80] = 0
v[81] = 0
v[82] = 0
v[83] = 600305
v[84] = 0
v[85] = 0
v[86] = 0
v[87] = 0
v[88] = 0
v[89] = 0
v[90] = 0
v[91] = 0
v[92] = 0
v[93] = 0
v[94] = 0
v[95] = 0
v[96] = 0
v[97] = 0
v[98] = 0
v[99] = 0
v[100] = 0
v[101] = 0
v[102] = 0
v[103] = 0
v[104] = 0
v[105] = 0
v[106] = 0
v[107] = 0
v[108] = 0
v[109] = 0
v[110] = 0
v[111] = 0
v[112] = 0
v[113] = 0
v[114] = 0
v[115] = 0
v[116] = 0
v[117] = 0
v[118] = 0
v[119] = 0
v[120] = 0
v[121] = 0
v[122] = 0
v[123] = 0
v[124] = 0
v[125] = 0
v[126] = 1.58199e+06
v[127] = 0
v[128] = 0
v[129] = 0
v[130] = 0
v[131] = 0
v[132] = 0
v[133] = 0
v[134] = 0
v[135] = 0
v[136] = 0
v[137] = 0
v[138] = 0
v[139] = 0
v[140] = 0
v[141] = 0
v[142] = 0
v[143] = 0
v[144] = 0
v[145] = 0
v[146] = 0
v[147] = 0
v[148] = 0
v[149] = 1.52013e+06
v[150] = 0
v[151] = 0
v[152] = 0
v[153] = 0
v[154] = 0
v[155] = 0
v[156] = 0
v[157] = 0
v[158] = 0
v[159] = 0
v[160] = 0
v[161] = 0
v[162] = 0
v[163] = 0
v[164] = 0
v[165] = 0
v[166] = 0
v[167] = 0
v[168] = 0
v[169] = 0
v[170] = 0
v[171] = 0
v[172] = 0
v[173] = 0
v[174] = 0
v[175] = 0
v[176] = 0
v[177] = 0
v[178] = 2.49363e+06
v[179] = 0
v[180] = -23421.9
v[181] = -23421.9
v[182] = 0
v[183] = 0
v[184] = 0
v[185] = -23421.9
v[186] = -23421.9
v[187] = -23421.9
v[188] = 0
v[189] = 0
v[190] = -23421.9
v[191] = -23421.9
v[192] = 0
v[193] = -23421.9
v[194] = -23421.9
v[195] = -23421.9
v[196] = 0
v[197] = -23421.9
v[198] = 0
v[199] = 0
v[200] = -7.52663e-08
v[201] = 0
v[202] = 0
v[203] = 0
v[204] = 8.25376e-08
v[205] = 0
v[206] = 0
v[207] = 0
v[208] = 0
v[209] = -9.23975e-09
v[210] = 0
v[211] = -2.55964e-08
v[212] = 0
v[213] = 0
v[214] = 9.77763e-08
v[215] = -5.53621e-08
v[216] = 1.07819e-08
v[217] = 3.54893e-08
v[218] = 0
v[219] = 0
v[220] = 0
v[221] = 0
v[222] = 0
v[223] = 0
v[224] = 4.55679e-08
v[225] = 0
v[226] = 0
v[227] = 0
v[228] = 0
v[229] = 0
v[230] = 0
v[231] = 0
v[232] = 1.6174e-08
v[233] = 0
v[234] = 0
v[235] = 0
v[236] = 0
v[237] = 0
v[238] = 0
v[239] = 0
v[240] = 0
v[241] = 0
v[242] = 6.05558e-08
v[243] = -1.65795e-08
v[244] = 0
v[245] = 0
v[246] = 0
v[247] = 0
v[248] = -5.37065e-08
v[249] = 1.87356e-08
v[250] = 1.22298e-08
v[251] = 0
v[252] = 0
v[253] = 0
v[254] = 0
v[255] = 6.14965e-08
v[256] = 0
v[257] = 0
v[258] = 3.86876e-08
v[259] = -1.28406e-08
v[260] = 0
v[261] = -10.8463
v[262] = 0
v[263] = 0
v[264] = 0
v[265] = 0
v[266] = 0
v[267] = 0
v[268] = 0
v[269] = 0
v[270] = -1.51442e+06
v[271] = 0
v[272] = 0
v[273] = 0
v[274] = 4.52434e+06
v[275] = 0
v[276] = 9.61178e+06
v[277] = 4.30847e+07
v[278] = 8.98538e+06
v[279] = 1.381e+07
v[280] = 1.31426e+07
v[281] = 4.28488e+07
v[282] = 4.3019e+06
v[283] = 1.12459e+07
v[284] = 4.26886e+07
v[285] = 0
v[286] = 3.5411e+07
v[287] = 3.81307e+07
v[288] = 4.56346e+07
v[289] = 3.58211e+07
v[290] = 3.11696e+07
v[291] = 5.17007e+06
v[292] = 3.80669e+06
v[293] = 1.0002e+07
v[294] = 3.94605e+07
v[295] = 2.5049e+07
v[296] = 2.05092e+06
v[297] = 6.92044e+06
v[298] = 3.09148e+07
v[299] = 3.9615e+07
v[300] = 2.26096e+07
v[301] = 2.68399e+07
v[302] = 3.27102e+07
v[303] = 3.54067e+07
v[304] = 2.97405e+07
v[305] = 4.50453e+07
v[306] = 4.38115e+07
v[307] = 2.58578e+07
v[308] = 2.30971e+07
v[309] = 4.42202e+07
v[310] = 3.81057e+07
v[311] = 4.31888e+07
v[312] = 1.68175e+07
v[313] = 1.77797e+07
v[314] = 1.62771e+07
v[315] = 9.17715e+06
v[316] = 4.76471e+06
v[317] = 2.09129e+07
v[318] = 6.51493e+06
v[319] = 7.12523e+06
v[320] = 3.66474e+07
v[321] = 6.22264e+06
v[322] = 0
v[323] = 8.97957e+06
v[324] = 8.40313e+06
v[325] = 3.38578e+07
v[326] = 2.33413e+07
v[327] = 4.66807e+07
v[328] = 8.35079e+06
v[329] = 3.20066e+07
v[330] = 1.93178e+07
v[331] = 4.38651e+07
v[332] = 9.93448e+06
v[333] = 4.90689e+07
v[334] = 3.39292e+07
v[335] = 2.72242e+07
v[336] = 1.04969e+07
v[337] = 1.67548e+07
v[338] = 1.79582e+06
v[339] = 101039
v[340] = 1.57551e+07
v[341] = 1.74746e+07
v[342] = 3.00052e+07
v[343] = 3.37372e+07
v[344] = 276780
v[345] = 0
v[346] = 1.9144e+07
v[347] = 4.57537e+07
v[348] = 6.01038e+06
v[349] = 4.31352e+07
v[350] = 3.9809e+07
v[351] = 4.4034e+07
v[352] = 3.07194e+06
v[353] = 2.06123e+07
v[354] = 1.43682e+07
v[355] = 3.45772e+07
v[356] = 181536
v[357] = 2.16105e+07
v[358] = 2.25457e+07
v[359] = 8.97353e+06
v[360] = 1.2547e+06
v[361] = 4.32855e+07
v[362] = 3.84567e+07
v[363] = 3.60729e+07
v[364] = 2.88611e+07
v[365] = 4.25891e+07
v[366] = 4.53461e+07
v[367] = 4.67582e+06
v[368] = 3.11982e+07
v[369] = 1.83142e+07
v[370] = 3.95675e+07
v[371] = 1.40821e+07
v[372] = 4.34896e+07
v[373] = 3.15984e+07
v[374] = 3.28321e-10
v[375] = 6.84239e-09
v[376] = 0
v[377] = -1.88446e-09
v[378] = 5.59895e-10
v[379] = 0
v[380] = 176.926
v[381] = -3.23871e-11
v[382] = 0
v[383] = 2.53295e-09
v[384] = 0
v[385] = -1.0701e-09
v[386] = 0
v[387] = -1.20047e-09
v[388] = 9.12674e-10
v[389] = 0
v[390] = 0
v[391] = 0
v[392] = 0
v[393] = -7.54259e-10
v[394] = 1.12025e-09
v[395] = -6.75666e-11
v[396] = -3.71216e-11
v[397] = 3.28454e-09
v[398] = -1.70567e-09
v[399] = 0
v[400] = -1.19609e-09
v[401] = 4.34599e-09
v[402] = -4.88519e-09
v[403] = 5.94519e-10
v[404] = -1.41391e-09
v[405] = -1.31236e-09
v[406] = 1.38058e-09
v[407] = 0
v[408] = 1.39225e-09
v[409] = 9.15279e-10
v[410] = 1.56228e-09
v[411] = 0
v[412] = 3.33767e-09
v[413] = 1.44073e-10
v[414] = -4.6915e-10
v[415] = 6.00387e-09
v[416] = -1.8012e-10
v[417] = 0
v[418] = 0
v[419] = 1.76193e-09
v[420] = 2.23126e-09
v[421] = 1.17683e-09
v[422] = 8.523e-10
v[423] = 0
v[424] = 0
v[425] = 0
v[426] = 0
v[427] = 1.84056e-09
v[428] = -3.77711e-09
v[429] = -3.71482e-09
v[430] = 0
v[431] = 0
v[432] = -2.6437e-09
v[433] = 0
v[434] = 0
v[435] = -1.58035e-09
v[436] = 1.08463
v[437] = -2.65062e-09
v[438] = -6.15054e-10
v[439] = 0
v[440] = -1.80126e-10
v[441] = 3.4813e-09
v[442] = 2.45795e-09
v[443] = -2.11827e-09
v[444] = 0
v[445] = 151442
v[446] = 2.381e-10
v[447] = 1.70009e-09
v[448] = -2.49105e-09
v[449] = 0
Calculated A_i . x = 0.000000 instead of correct value of b_i = 0.000000.
Calculated A_i . x = -2002080.028497 instead of correct value of b_i = -2002080.028497.
Calculated A_i . x = -1481110.628683 instead of correct value of b_i = -1481110.628683.
Calculated A_i . x = -1047458.596866 instead of correct value of b_i = -1047458.596866.
49: cut: 0	calc: 1.08363e-07	diff: -1.08363e-07
146: cut: -2.00208e+06	calc: -2.00208e+06	diff: 1.29454e-07
151: cut: -1.48111e+06	calc: -1.48111e+06	diff: 1.1106e-07
189: cut: -1.04746e+06	calc: -1.04746e+06	diff: -1.10827e-07
*** WARNING (version #0ca050f): src/VwsUtility.cpp:280: Number of differences between true and calculated cuts: 4. Total difference: 4.59704e-07. Small enough difference that we will try to continue, but beware of numerical issues.
x:
x[0] = 7.79591e-12
x[1] = -4.412e-11
x[2] = 0
x[3] = 2.99456e-11
x[4] = 3.89488e-11
x[5] = 0
x[6] = -24939.5
x[7] = 2.97146e-11
x[8] = -1.76166e-11
x[9] = 3.18837e-12
x[10] = 2.7153e-11
x[11] = 9.76555e-12
x[12] = 6.5509e-11
x[13] = 2.03314e-13
x[14] = 2.86923e-11
x[15] = 0
x[16] = -3.78611e-12
x[17] = 5.84823e-12
x[18] = 9.91516e-12
x[19] = -2.13813e-11
x[20] = 1.72097e-11
x[21] = -4.04882e-11
x[22] = -3.06219e-11
x[23] = -1.90938e-11
x[24] = -6.96181e-12
x[25] = -3.76955e-11
x[26] = -1.52092e-11
x[27] = 2.71954e-12
x[28] = -9.08288e-12
x[29] = 6.37428e-11
x[30] = -1.50413e-11
x[31] = -2.99046e-11
x[32] = 1.29087e-11
x[33] = 6.50309e-11
x[34] = 9.92105e-12
x[35] = 1.65337e-13
x[36] = -1.51187e-11
x[37] = -1.65569e-11
x[38] = -3.82033e-11
x[39] = 1.64178e-11
x[40] = 1.91972e-11
x[41] = -2.52324e-11
x[42] = -5.2214e-12
x[43] = 1.58928e-11
x[44] = -8.79808e-12
x[45] = 2.80653e-11
x[46] = 2.9466e-12
x[47] = 1.60198e-12
x[48] = -2.09494e-11
x[49] = -1.0365e-11
x[50] = -1.52641e-12
x[51] = 3.05993e-11
x[52] = 1.17603e-11
x[53] = -7.81185e-12
x[54] = 2.42399e-11
x[55] = 2.16609e-11
x[56] = -2.20264e-11
x[57] = 3.30059e-11
x[58] = 7.07593e-12
x[59] = -1.05743e-12
x[60] = 2.47997e-11
x[61] = -2.30481e-11
x[62] = -1.97845e-11
x[63] = -2.22641e-11
x[64] = -1.53651e-12
x[65] = -3.2638e-13
x[66] = 4.21536e-11
x[67] = -1.43896e-11
x[68] = 2.00504e-11
x[69] = -1.48732e-11
x[70] = 23422
x[71] = -0
x[72] = 176.926
x[73] = 4.48885e+07
x[74] = 2.49363e+06
x[75] = 0
x[76] = -23421.9
x[77] = -23421.9
x[78] = 0
x[79] = 0
x[80] = 0
x[81] = -23421.9
x[82] = -23421.9
x[83] = -23421.9
x[84] = 0
x[85] = 0
x[86] = -23421.9
x[87] = -23421.9
x[88] = 0
x[89] = -23421.9
x[90] = -23421.9
x[91] = -23421.9
x[92] = -23421.9
x[93] = 0
x[94] = -8.51616e-08
x[95] = 7.65799e-09
x[96] = 4.1465e-08
x[97] = -9.75463e-08
x[98] = 6.49456e-08
x[99] = -1.90714e-08
x[100] = 0
x[101] = -9.19871e-09
x[102] = -10.8463
x[103] = -1415.41
x[104] = -1514.49
x[105] = -1.51442e+06
x[106] = 1.39755e+07
x[107] = 1.87743e+07
x[108] = 1.73411e+07
x[109] = 7.49834e+06
x[110] = 4.19521e+07
x[111] = 3.78449e+06
x[112] = 3.42392e+07
x[113] = 8.85855e+06
x[114] = 2.65463e+07
x[115] = 1.69324e+07
x[116] = 6.03123e+06
x[117] = 1.76809e+07
x[118] = 4.10714e+07
x[119] = 2.25451e+07
x[120] = 7.40583e+06
x[121] = 4.00358e+07
x[122] = 4.32151e+07
x[123] = 4.78123e+07
x[124] = 1.37294e+07
x[125] = 4.01506e+07
x[126] = 3.36764e+07
x[127] = 2.69458e+07
x[128] = 1.45675e+07
x[129] = 1.26063e+07
x[130] = 6.79898e+06
x[131] = 3.66251e+07
x[132] = 2.47791e+07
x[133] = 1.19765e+07
x[134] = 2.0168e+07
x[135] = 3.33134e+07
x[136] = 3.95409e+06
x[137] = 1.77893e+07
x[138] = 1.32389e+07
x[139] = 1.98984e+07
x[140] = 4.14347e+06
x[141] = 2.07063e+07
x[142] = 4.35682e+07
x[143] = 9.57223e+06
x[144] = 2.38241e+07
x[145] = 2.70826e+07
x[146] = 3.64519e+07
x[147] = 1.84778e+07
x[148] = 4.42667e+07
x[149] = 3.33284e+06
x[150] = 8.934e+06
x[151] = 4.68997e+07
x[152] = 4.1014e+07
x[153] = 6.76991e+06
x[154] = 3.4053e+07
x[155] = 1.92037e+07
x[156] = 1.16698e+07
x[157] = 1.62786e+07
x[158] = 3.91284e+07
x[159] = 3.43142e+07
x[160] = 1.09444e+07
x[161] = 2.29045e+07
x[162] = 2.79974e+07
x[163] = 4.43903e+07
x[164] = 5.09515e+06
x[165] = 4.5054e+07
x[166] = 4.97613e+06
x[167] = 2.00431e+07
x[168] = 3.13686e+07
x[169] = 1.80523e+07
x[170] = 3.66564e+07
x[171] = 4.38666e+07
x[172] = 2.96457e+07
x[173] = 1.05917e+07
x[174] = 4.14268e+07
x[175] = 1.18172e+07
x[176] = 3.38168e+07
x[177] = -1.44172e-07
x[178] = 3.74498e+07
x[179] = 3.29883e+07
x[180] = 1.80037e+07
x[181] = 1.03178e+07
x[182] = 1.23274e+07
x[183] = 1.37844e+07
x[184] = 4.04775e+07
x[185] = 5.10039e+06
x[186] = 1.55895e+07
x[187] = 4.74964e+07
x[188] = 1.70373e+07
x[189] = 4.07384e+07
x[190] = 2.52377e+07
x[191] = 3.93711e+07
x[192] = 1.28747e+07
x[193] = 2.74278e+07
x[194] = 1.84823e+07
x[195] = 2.33269e+06
x[196] = 3.35012e+07
x[197] = 4.14919e+07
x[198] = 3.76927e+07
x[199] = 3.49731e+07
x[200] = 1.74718e-08
x[201] = 1.20651e+06
x[202] = 2.665e+07
x[203] = 3.75491e+07
x[204] = -1.68098e-07
x[205] = 1.51388e+07
x[206] = 7.79591e-10
x[207] = -4.412e-09
x[208] = 0
x[209] = 2.99456e-09
x[210] = 3.89488e-09
x[211] = 0
x[212] = 2.97146e-09
x[213] = -1.76166e-09
x[214] = 3.18837e-10
x[215] = 2.7153e-09
x[216] = 9.76555e-10
x[217] = 2.03314e-11
x[218] = 2.86923e-09
x[219] = 0
x[220] = -3.78611e-10
x[221] = 5.84823e-10
x[222] = 9.91516e-10
x[223] = -2.13813e-09
x[224] = 1.72097e-09
x[225] = -4.04882e-09
x[226] = -3.06219e-09
x[227] = -1.90938e-09
x[228] = -1.52092e-09
x[229] = 2.71954e-10
x[230] = -9.08288e-10
x[231] = 6.37428e-09
x[232] = -1.50413e-09
x[233] = -2.99046e-09
x[234] = 1.29087e-09
x[235] = 9.92105e-10
x[236] = 1.65337e-11
x[237] = -1.51187e-09
x[238] = 0
x[239] = -1.65569e-09
x[240] = 1.64178e-09
x[241] = 1.91972e-09
x[242] = -2.52324e-09
x[243] = -5.2214e-10
x[244] = -8.79808e-10
x[245] = 2.80653e-09
x[246] = 2.9466e-10
x[247] = 1.60198e-10
x[248] = -2.09494e-09
x[249] = -1.0365e-09
x[250] = -1.52641e-10
x[251] = 3.05993e-09
x[252] = 1.17603e-09
x[253] = -7.81185e-10
x[254] = 2.42399e-09
x[255] = 2.16609e-09
x[256] = 0
x[257] = -2.20264e-09
x[258] = 3.30059e-09
x[259] = -1.05743e-10
x[260] = 1.08463
x[261] = 2.47997e-09
x[262] = -2.30481e-09
x[263] = -1.97845e-09
x[264] = -2.22641e-09
x[265] = -1.53651e-10
x[266] = -3.2638e-11
x[267] = 151442
x[268] = -1.43896e-09
x[269] = 2.00504e-09
x[270] = -1.48732e-09
b:
b[0] = 23422
b[1] = 0.0952856
b[2] = 0.0952856
b[3] = 23422
b[4] = 23422
b[5] = 23422
b[6] = 0.0952856
b[7] = 0.0952856
b[8] = 0.0952856
b[9] = 23422
b[10] = 23422
b[11] = 0.0952856
b[12] = 0.0952856
b[13] = 23422
b[14] = 0.0952856
b[15] = 0.0952856
b[16] = 0.0952856
b[17] = 23422
b[18] = 0.0952856
b[19] = 23422
b[20] = 0
b[21] = 0
b[22] = 0
b[23] = 0
b[24] = 0
b[25] = 0
b[26] = -2564.98
b[27] = 0
b[28] = 0
b[29] = 0
b[30] = 0
b[31] = 0
b[32] = 0
b[33] = 0
b[34] = 0
b[35] = 0
b[36] = 0
b[37] = 0
b[38] = 0
b[39] = 0
b[40] = 0
b[41] = 0
b[42] = 0
b[43] = 0
b[44] = 0
b[45] = 0
b[46] = 0
b[47] = 0
b[48] = 0
b[49] = 0
b[50] = 0
b[51] = 0
b[52] = 0
b[53] = 0
b[54] = 0
b[55] = 0
b[56] = 0
b[57] = 0
b[58] = 0
b[59] = 0
b[60] = 0
b[61] = 0
b[62] = 0
b[63] = 0
b[64] = 0
b[65] = 0
b[66] = 0
b[67] = 0
b[68] = 0
b[69] = 0
b[70] = 0
b[71] = 0
b[72] = 0
b[73] = 0
b[74] = 0
b[75] = 0
b[76] = 0
b[77] = 0
b[78] = 0
b[79] = 0
b[80] = 0
b[81] = 0
b[82] = -10.8463
b[83] = 0
b[84] = 0
b[85] = -1415.41
b[86] = 0
b[87] = 0
b[88] = 0
b[89] = 0
b[90] = -1514.49
b[91] = -1.51442e+06
b[92] = 0
b[93] = 0
b[94] = 0
b[95] = -1.76128e+06
b[96] = -1.10251e+06
b[97] = -864740
b[98] = -457357
b[99] = -345307
b[100] = -904129
b[101] = -2.19743e+06
b[102] = -2.46398e+06
b[103] = -1.90969e+06
b[104] = -1.97178e+06
b[105] = -178706
b[106] = -100913
b[107] = -2.42308e+06
b[108] = -474023
b[109] = -225656
b[110] = -216575
b[111] = -2.59876e+06
b[112] = -645144
b[113] = -2.40642e+06
b[114] = -2.59573e+06
b[115] = -1.66285e+06
b[116] = -1.65982e+06
b[117] = -470987
b[118] = -2.48214e+06
b[119] = -1.38117e+06
b[120] = -110787
b[121] = -1.65678e+06
b[122] = -1.79005e+06
b[123] = -631529
b[124] = -1.77643e+06
b[125] = -2.70476e+06
b[126] = -2.01268e+06
b[127] = -1.25092e+06
b[128] = -1.32512e+06
b[129] = -2.46549e+06
b[130] = -1.29031e+06
b[131] = -1.7219e+06
b[132] = -2.72294e+06
b[133] = -1.14036e+06
b[134] = -226126
b[135] = -2.60331e+06
b[136] = -1.99753e+06
b[137] = -2.79412e+06
b[138] = -183633
b[139] = -1.36601e+06
b[140] = -2.43066e+06
b[141] = -1.63255e+06
b[142] = -2.73203e+06
b[143] = -2.33372e+06
b[144] = -224138
b[145] = -1.37359e+06
b[146] = -2.00208e+06
b[147] = -51501.8
b[148] = -2.47155e+06
b[149] = -2.84712e+06
b[150] = -1.03739e+06
b[151] = -1.48111e+06
b[152] = -1.42356e+06
b[153] = -1.58863e+06
b[154] = -136307
b[155] = -610318
b[156] = -1.10555e+06
b[157] = -1.15248e+06
b[158] = -1.62498e+06
b[159] = -428583
b[160] = -625468
b[161] = -2.20199e+06
b[162] = -2.72596e+06
b[163] = -346816
b[164] = -2.09899e+06
b[165] = -973792
b[166] = -1.92034e+06
b[167] = -59187.4
b[168] = -1.47809e+06
b[169] = -1.34935e+06
b[170] = -2.10202e+06
b[171] = -2.86076e+06
b[172] = -555813
b[173] = -24243.2
b[174] = -436173
b[175] = -770845
b[176] = -2.20803e+06
b[177] = -71198.1
b[178] = -1.90818e+06
b[179] = -923803
b[180] = -1.2055e+06
b[181] = -842034
b[182] = -80434.2
b[183] = -2.79108e+06
b[184] = -1.30848e+06
b[185] = -416482
b[186] = -2.25195e+06
b[187] = -364978
b[188] = -964700
b[189] = -1.04746e+06
b[190] = -1.76129e+06
b[191] = -1.40691e+06
b[192] = -1.15703e+06
b[193] = -2.7184e+06
b[194] = -124203
b[195] = 0
b[196] = 0
b[197] = 0
b[198] = 0
b[199] = 0
b[200] = 0
b[201] = 319.425
b[202] = 0
b[203] = 0
b[204] = 0
b[205] = 0
b[206] = 0
b[207] = 0
b[208] = 0
b[209] = 0
b[210] = 0
b[211] = 0
b[212] = 0
b[213] = 0
b[214] = 0
b[215] = 0
b[216] = 0
b[217] = 0
b[218] = 0
b[219] = 0
b[220] = 0
b[221] = 0
b[222] = 0
b[223] = 0
b[224] = 0
b[225] = 0
b[226] = 0
b[227] = 0
b[228] = 0
b[229] = 0
b[230] = 0
b[231] = 0
b[232] = 0
b[233] = 0
b[234] = 0
b[235] = 0
b[236] = 0
b[237] = 0
b[238] = 0
b[239] = 0
b[240] = 0
b[241] = 0
b[242] = 0
b[243] = 0
b[244] = 0
b[245] = 0
b[246] = 0
b[247] = 0
b[248] = 0
b[249] = 0
b[250] = 0
b[251] = 0
b[252] = 0
b[253] = 0
b[254] = 0
b[255] = 0
b[256] = 0
b[257] = 1.08463
b[258] = 0
b[259] = 0
b[260] = 176.926
b[261] = 0
b[262] = 0
b[263] = 0
b[264] = 0
b[265] = 0
b[266] = 151442
b[267] = 0
b[268] = 0
b[269] = 0
b[270] = 1517.53
v:
v[0] = 7.79591e-12
v[1] = -4.412e-11
v[2] = 0
v[3] = 2.99456e-11
v[4] = 3.89488e-11
v[5] = 0
v[6] = -24939.5
v[7] = 2.97146e-11
v[8] = -1.76166e-11
v[9] = 3.18837e-12
v[10] = 2.7153e-11
v[11] = 9.76555e-12
v[12] = 6.5509e-11
v[13] = 2.03314e-13
v[14] = 2.86923e-11
v[15] = 0
v[16] = -3.78611e-12
v[17] = 5.84823e-12
v[18] = 9.91516e-12
v[19] = -2.13813e-11
v[20] = 1.72097e-11
v[21] = -4.04882e-11
v[22] = -3.06219e-11
v[23] = -1.90938e-11
v[24] = -6.96181e-12
v[25] = -3.76955e-11
v[26] = -1.52092e-11
v[27] = 2.71954e-12
v[28] = -9.08288e-12
v[29] = 6.37428e-11
v[30] = -1.50413e-11
v[31] = -2.99046e-11
v[32] = 1.29087e-11
v[33] = 6.50309e-11
v[34] = 9.92105e-12
v[35] = 1.65337e-13
v[36] = -1.51187e-11
v[37] = 0
v[38] = -1.65569e-11
v[39] = -3.82033e-11
v[40] = 1.64178e-11
v[41] = 1.91972e-11
v[42] = -2.52324e-11
v[43] = -5.2214e-12
v[44] = 1.58928e-11
v[45] = -8.79808e-12
v[46] = 2.80653e-11
v[47] = 2.9466e-12
v[48] = 1.60198e-12
v[49] = -2.09494e-11
v[50] = -1.0365e-11
v[51] = -1.52641e-12
v[52] = 3.05993e-11
v[53] = 1.17603e-11
v[54] = -7.81185e-12
v[55] = 2.42399e-11
v[56] = 2.16609e-11
v[57] = 0
v[58] = -2.20264e-11
v[59] = 3.30059e-11
v[60] = 7.07593e-12
v[61] = -1.05743e-12
v[62] = 0
v[63] = 2.47997e-11
v[64] = -2.30481e-11
v[65] = 0
v[66] = -1.97845e-11
v[67] = -2.22641e-11
v[68] = -1.53651e-12
v[69] = -3.2638e-13
v[70] = 4.21536e-11
v[71] = 0
v[72] = -1.43896e-11
v[73] = 2.00504e-11
v[74] = -1.48732e-11
v[75] = 23422
v[76] = 0
v[77] = -0
v[78] = 0
v[79] = 0
v[80] = 0
v[81] = 176.926
v[82] = 4.48885e+07
v[83] = 0
v[84] = 0
v[85] = 0
v[86] = 0
v[87] = 0
v[88] = 0
v[89] = 0
v[90] = 0
v[91] = 0
v[92] = 0
v[93] = 0
v[94] = 0
v[95] = 0
v[96] = 0
v[97] = 0
v[98] = 0
v[99] = 0
v[100] = 0
v[101] = 0
v[102] = 0
v[103] = 0
v[104] = 0
v[105] = 0
v[106] = 0
v[107] = 0
v[108] = 0
v[109] = 0
v[110] = 0
v[111] = 0
v[112] = 0
v[113] = 0
v[114] = 0
v[115] = 0
v[116] = 0
v[117] = 0
v[118] = 0
v[119] = 0
v[120] = 0
v[121] = 0
v[122] = 0
v[123] = 0
v[124] = 0
v[125] = 0
v[126] = 0
v[127] = 0
v[128] = 0
v[129] = 0
v[130] = 0
v[131] = 0
v[132] = 0
v[133] = 0
v[134] = 0
v[135] = 0
v[136] = 0
v[137] = 0
v[138] = 0
v[139] = 0
v[140] = 0
v[141] = 0
v[142] = 0
v[143] = 0
v[144] = 0
v[145] = 0
v[146] = 0
v[147] = 0
v[148] = 0
v[149] = 0
v[150] = 0
v[151] = 0
v[152] = 0
v[153] = 0
v[154] = 0
v[155] = 0
v[156] = 0
v[157] = 0
v[158] = 0
v[159] = 0
v[160] = 0
v[161] = 0
v[162] = 0
v[163] = 0
v[164] = 0
v[165] = 0
v[166] = 0
v[167] = 0
v[168] = 0
v[169] = 0
v[170] = 0
v[171] = 0
v[172] = 0
v[173] = 0
v[174] = 0
v[175] = 0
v[176] = 0
v[177] = 0
v[178] = 0
v[179] = 0
v[180] = 0
v[181] = 0
v[182] = 0
v[183] = 2.49363e+06
v[184] = 0
v[185] = -23421.9
v[186] = -23421.9
v[187] = 0
v[188] = 0
v[189] = 0
v[190] = -23421.9
v[191] = -23421.9
v[192] = -23421.9
v[193] = 0
v[194] = 0
v[195] = -23421.9
v[196] = -23421.9
v[197] = 0
v[198] = -23421.9
v[199] = -23421.9
v[200] = -23421.9
v[201] = 0
v[202] = -23421.9
v[203] = 0
v[204] = 0
v[205] = 0
v[206] = 0
v[207] = 0
v[208] = 0
v[209] = 0
v[210] = 0
v[211] = 0
v[212] = 0
v[213] = 0
v[214] = 0
v[215] = 0
v[216] = -8.51616e-08
v[217] = 0
v[218] = 0
v[219] = 0
v[220] = 0
v[221] = 0
v[222] = 0
v[223] = 0
v[224] = 0
v[225] = 0
v[226] = 0
v[227] = 0
v[228] = 7.65799e-09
v[229] = 4.1465e-08
v[230] = 0
v[231] = 0
v[232] = 0
v[233] = 0
v[234] = 0
v[235] = 0
v[236] = 0
v[237] = -9.75463e-08
v[238] = 0
v[239] = 0
v[240] = 0
v[241] = 0
v[242] = 0
v[243] = 6.49456e-08
v[244] = 0
v[245] = 0
v[246] = 0
v[247] = 0
v[248] = -1.90714e-08
v[249] = 0
v[250] = 0
v[251] = 0
v[252] = 0
v[253] = 0
v[254] = 0
v[255] = 0
v[256] = 0
v[257] = 0
v[258] = 0
v[259] = 0
v[260] = 0
v[261] = 0
v[262] = 0
v[263] = 0
v[264] = -9.19871e-09
v[265] = 0
v[266] = -10.8463
v[267] = 0
v[268] = 0
v[269] = -1415.41
v[270] = 0
v[271] = 0
v[272] = 0
v[273] = 0
v[274] = -1514.49
v[275] = -1.51442e+06
v[276] = 0
v[277] = 0
v[278] = 0
v[279] = 1.39755e+07
v[280] = 1.87743e+07
v[281] = 1.73411e+07
v[282] = 7.49834e+06
v[283] = 4.19521e+07
v[284] = 3.78449e+06
v[285] = 3.42392e+07
v[286] = 8.85855e+06
v[287] = 2.65463e+07
v[288] = 1.69324e+07
v[289] = 6.03123e+06
v[290] = 1.76809e+07
v[291] = 4.10714e+07
v[292] = 2.25451e+07
v[293] = 7.40583e+06
v[294] = 4.00358e+07
v[295] = 4.32151e+07
v[296] = 4.78123e+07
v[297] = 1.37294e+07
v[298] = 4.01506e+07
v[299] = 3.36764e+07
v[300] = 2.69458e+07
v[301] = 1.45675e+07
v[302] = 1.26063e+07
v[303] = 6.79898e+06
v[304] = 3.66251e+07
v[305] = 2.47791e+07
v[306] = 1.19765e+07
v[307] = 2.0168e+07
v[308] = 3.33134e+07
v[309] = 3.95409e+06
v[310] = 1.77893e+07
v[311] = 1.32389e+07
v[312] = 1.98984e+07
v[313] = 4.14347e+06
v[314] = 2.07063e+07
v[315] = 4.35682e+07
v[316] = 9.57223e+06
v[317] = 2.38241e+07
v[318] = 2.70826e+07
v[319] = 3.64519e+07
v[320] = 1.84778e+07
v[321] = 4.42667e+07
v[322] = 3.33284e+06
v[323] = 8.934e+06
v[324] = 4.68997e+07
v[325] = 4.1014e+07
v[326] = 6.76991e+06
v[327] = 3.4053e+07
v[328] = 1.92037e+07
v[329] = 1.16698e+07
v[330] = 1.62786e+07
v[331] = 3.91284e+07
v[332] = 3.43142e+07
v[333] = 1.09444e+07
v[334] = 2.29045e+07
v[335] = 2.79974e+07
v[336] = 4.43903e+07
v[337] = 5.09515e+06
v[338] = 4.5054e+07
v[339] = 4.97613e+06
v[340] = 2.00431e+07
v[341] = 3.13686e+07
v[342] = 1.80523e+07
v[343] = 3.66564e+07
v[344] = 4.38666e+07
v[345] = 2.96457e+07
v[346] = 1.05917e+07
v[347] = 4.14268e+07
v[348] = 1.18172e+07
v[349] = 3.38168e+07
v[350] = -1.44172e-07
v[351] = 3.74498e+07
v[352] = 3.29883e+07
v[353] = 1.80037e+07
v[354] = 1.03178e+07
v[355] = 1.23274e+07
v[356] = 1.37844e+07
v[357] = 4.04775e+07
v[358] = 5.10039e+06
v[359] = 1.55895e+07
v[360] = 4.74964e+07
v[361] = 1.70373e+07
v[362] = 4.07384e+07
v[363] = 2.52377e+07
v[364] = 3.93711e+07
v[365] = 1.28747e+07
v[366] = 2.74278e+07
v[367] = 1.84823e+07
v[368] = 2.33269e+06
v[369] = 3.35012e+07
v[370] = 4.14919e+07
v[371] = 3.76927e+07
v[372] = 3.49731e+07
v[373] = 1.74718e-08
v[374] = 1.20651e+06
v[375] = 2.665e+07
v[376] = 3.75491e+07
v[377] = -1.68098e-07
v[378] = 1.51388e+07
v[379] = 7.79591e-10
v[380] = -4.412e-09
v[381] = 0
v[382] = 2.99456e-09
v[383] = 3.89488e-09
v[384] = 0
v[385] = 0
v[386] = 2.97146e-09
v[387] = -1.76166e-09
v[388] = 3.18837e-10
v[389] = 2.7153e-09
v[390] = 9.76555e-10
v[391] = 0
v[392] = 2.03314e-11
v[393] = 2.86923e-09
v[394] = 0
v[395] = -3.78611e-10
v[396] = 5.84823e-10
v[397] = 9.91516e-10
v[398] = -2.13813e-09
v[399] = 1.72097e-09
v[400] = -4.04882e-09
v[401] = -3.06219e-09
v[402] = -1.90938e-09
v[403] = 0
v[404] = 0
v[405] = -1.52092e-09
v[406] = 2.71954e-10
v[407] = -9.08288e-10
v[408] = 6.37428e-09
v[409] = -1.50413e-09
v[410] = -2.99046e-09
v[411] = 1.29087e-09
v[412] = 0
v[413] = 9.92105e-10
v[414] = 1.65337e-11
v[415] = -1.51187e-09
v[416] = 0
v[417] = -1.65569e-09
v[418] = 0
v[419] = 1.64178e-09
v[420] = 1.91972e-09
v[421] = -2.52324e-09
v[422] = -5.2214e-10
v[423] = 0
v[424] = -8.79808e-10
v[425] = 2.80653e-09
v[426] = 2.9466e-10
v[427] = 1.60198e-10
v[428] = -2.09494e-09
v[429] = -1.0365e-09
v[430] = -1.52641e-10
v[431] = 3.05993e-09
v[432] = 1.17603e-09
v[433] = -7.81185e-10
v[434] = 2.42399e-09
v[435] = 2.16609e-09
v[436] = 0
v[437] = -2.20264e-09
v[438] = 3.30059e-09
v[439] = 0
v[440] = -1.05743e-10
v[441] = 1.08463
v[442] = 2.47997e-09
v[443] = -2.30481e-09
v[444] = 0
v[445] = -1.97845e-09
v[446] = -2.22641e-09
v[447] = -1.53651e-10
v[448] = -3.2638e-11
v[449] = 0
v[450] = 151442
v[451] = -1.43896e-09
v[452] = 2.00504e-09
v[453] = -1.48732e-09
v[454] = 0
Calculated A_i . x = -1632547.496153 instead of correct value of b_i = -1632547.496152.
141: cut: -1.63255e+06	calc: -1.63255e+06	diff: 1.17579e-07
*** WARNING (version #0ca050f): src/VwsUtility.cpp:280: Number of differences between true and calculated cuts: 1. Total difference: 1.17579e-07. Small enough difference that we will try to continue, but beware of numerical issues.
x:
x[0] = 2.18782e-11
x[1] = -4.67159e-12
x[2] = 0
x[3] = -3.26096e-11
x[4] = -1.19842e-11
x[5] = 0
x[6] = -24939.5
x[7] = 1.01445e-11
x[8] = 1.54419e-11
x[9] = -1.12351e-11
x[10] = 9.77986e-12
x[11] = -1.34016e-11
x[12] = -4.40117e-11
x[13] = 9.93744e-12
x[14] = 2.36561e-12
x[15] = 0
x[16] = 1.45526e-11
x[17] = -6.24468e-12
x[18] = -9.66412e-12
x[19] = -7.79725e-12
x[20] = -3.13921e-11
x[21] = 1.94179e-11
x[22] = -1.97499e-11
x[23] = 8.04221e-12
x[24] = 1.40356e-11
x[25] = -4.57493e-12
x[26] = -9.22025e-12
x[27] = 2.25692e-11
x[28] = 1.34599e-11
x[29] = -4.97807e-13
x[30] = -1.0247e-11
x[31] = -7.22837e-12
x[32] = -2.82242e-11
x[33] = 1.96926e-11
x[34] = -3.64748e-12
x[35] = -3.16209e-11
x[36] = 2.15434e-11
x[37] = -4.07727e-11
x[38] = 4.52384e-12
x[39] = 1.09188e-11
x[40] = 1.14202e-11
x[41] = -3.05067e-11
x[42] = -7.97948e-13
x[43] = -2.05395e-11
x[44] = 3.28524e-11
x[45] = 8.41663e-12
x[46] = -3.73243e-11
x[47] = -8.14052e-12
x[48] = -1.01403e-11
x[49] = 1.36345e-12
x[50] = -4.8197e-11
x[51] = -8.74117e-12
x[52] = -5.60435e-12
x[53] = 8.50499e-12
x[54] = -9.965e-12
x[55] = -4.56193e-12
x[56] = 2.80238e-11
x[57] = -3.74097e-13
x[58] = 8.89618e-12
x[59] = -1.40167e-15
x[60] = 4.79287e-12
x[61] = 4.87396e-12
x[62] = 7.13008e-13
x[63] = -6.35681e-12
x[64] = -4.0143e-11
x[65] = -2.31416e-11
x[66] = -2.69852e-12
x[67] = -7.10459e-12
x[68] = -5.27497e-12
x[69] = 7.65202e-13
x[70] = -2.17922e-12
x[71] = 23422
x[72] = 7.33909e-08
x[73] = 176.926
x[74] = 4.48885e+07
x[75] = 2.49363e+06
x[76] = 0
x[77] = -23421.9
x[78] = -23421.9
x[79] = 0
x[80] = 0
x[81] = 0
x[82] = -23421.9
x[83] = -23421.9
x[84] = -23421.9
x[85] = 0
x[86] = 0
x[87] = -23421.9
x[88] = -23421.9
x[89] = 0
x[90] = -23421.9
x[91] = -23421.9
x[92] = -23421.9
x[93] = -23421.9
x[94] = 0
x[95] = -1.85619e-08
x[96] = 0
x[97] = -10.8463
x[98] = -1415.41
x[99] = -1514.49
x[100] = -1.51442e+06
x[101] = 1.39755e+07
x[102] = 1.87743e+07
x[103] = 1.73411e+07
x[104] = 7.49834e+06
x[105] = 4.19521e+07
x[106] = 3.78449e+06
x[107] = 3.42392e+07
x[108] = 8.85855e+06
x[109] = 2.65463e+07
x[110] = 1.69324e+07
x[111] = 6.03123e+06
x[112] = 1.76809e+07
x[113] = 4.10714e+07
x[114] = 2.25451e+07
x[115] = 7.40583e+06
x[116] = 4.00358e+07
x[117] = 4.32151e+07
x[118] = 4.78123e+07
x[119] = 1.37294e+07
x[120] = 4.01506e+07
x[121] = 3.36764e+07
x[122] = 2.69458e+07
x[123] = 1.45675e+07
x[124] = 1.26063e+07
x[125] = 6.79898e+06
x[126] = 3.66251e+07
x[127] = 2.47791e+07
x[128] = 1.19765e+07
x[129] = 2.0168e+07
x[130] = 3.33134e+07
x[131] = 3.95409e+06
x[132] = 1.77893e+07
x[133] = 1.32389e+07
x[134] = 1.98984e+07
x[135] = 4.14347e+06
x[136] = 2.07063e+07
x[137] = 4.35682e+07
x[138] = 9.57223e+06
x[139] = 2.38241e+07
x[140] = 2.70826e+07
x[141] = 3.64519e+07
x[142] = 1.84778e+07
x[143] = 4.42667e+07
x[144] = 3.33284e+06
x[145] = 8.934e+06
x[146] = 4.68997e+07
x[147] = 4.1014e+07
x[148] = 6.76991e+06
x[149] = 3.4053e+07
x[150] = 1.92037e+07
x[151] = 1.16698e+07
x[152] = 1.62786e+07
x[153] = 3.91284e+07
x[154] = 3.43142e+07
x[155] = 1.09444e+07
x[156] = 2.29045e+07
x[157] = 2.79974e+07
x[158] = 4.43903e+07
x[159] = 5.09515e+06
x[160] = 4.5054e+07
x[161] = 4.97613e+06
x[162] = 2.00431e+07
x[163] = 3.13686e+07
x[164] = 1.80523e+07
x[165] = 3.66564e+07
x[166] = 4.38666e+07
x[167] = 2.96457e+07
x[168] = 1.05917e+07
x[169] = 4.14268e+07
x[170] = 1.18172e+07
x[171] = 3.38168e+07
x[172] = 1.65589e-07
x[173] = 3.74498e+07
x[174] = 3.29883e+07
x[175] = 1.80037e+07
x[176] = 1.03178e+07
x[177] = 1.23274e+07
x[178] = 1.37844e+07
x[179] = 4.04775e+07
x[180] = 5.10039e+06
x[181] = 1.55895e+07
x[182] = 4.74964e+07
x[183] = 1.70373e+07
x[184] = 4.07384e+07
x[185] = 2.52377e+07
x[186] = 3.93711e+07
x[187] = 1.28747e+07
x[188] = 2.74278e+07
x[189] = 1.84823e+07
x[190] = 2.33269e+06
x[191] = 3.35012e+07
x[192] = 4.14919e+07
x[193] = 3.76927e+07
x[194] = 3.49731e+07
x[195] = 2.26148e-07
x[196] = 1.20651e+06
x[197] = 2.665e+07
x[198] = 3.75491e+07
x[199] = 2.53721e-07
x[200] = 1.51388e+07
x[201] = 2.18782e-09
x[202] = -4.67159e-10
x[203] = 0
x[204] = -3.26096e-09
x[205] = -1.19842e-09
x[206] = 0
x[207] = 1.01445e-09
x[208] = 1.54419e-09
x[209] = -1.12351e-09
x[210] = 9.77986e-10
x[211] = -1.34016e-09
x[212] = -4.40117e-09
x[213] = 9.93744e-10
x[214] = 2.36561e-10
x[215] = 0
x[216] = 1.45526e-09
x[217] = -6.24468e-10
x[218] = -9.66412e-10
x[219] = -7.79725e-10
x[220] = -3.13921e-09
x[221] = 1.94179e-09
x[222] = -1.97499e-09
x[223] = 8.04221e-10
x[224] = 1.40356e-09
x[225] = -4.57493e-10
x[226] = -9.22025e-10
x[227] = 2.25692e-09
x[228] = 1.34599e-09
x[229] = -4.97807e-11
x[230] = -1.0247e-09
x[231] = -7.22837e-10
x[232] = -2.82242e-09
x[233] = 1.96926e-09
x[234] = -3.64748e-10
x[235] = -3.16209e-09
x[236] = 2.15434e-09
x[237] = 4.52384e-10
x[238] = 1.14202e-09
x[239] = -3.05067e-09
x[240] = -7.97948e-11
x[241] = -2.05395e-09
x[242] = 3.28524e-09
x[243] = 8.41663e-10
x[244] = -3.73243e-09
x[245] = -8.14052e-10
x[246] = -1.01403e-09
x[247] = 1.36345e-10
x[248] = -4.8197e-09
x[249] = -8.74117e-10
x[250] = -5.60435e-10
x[251] = 8.50499e-10
x[252] = -9.965e-10
x[253] = -4.56193e-10
x[254] = 2.80238e-09
x[255] = 0
x[256] = -3.74097e-11
x[257] = 8.89618e-10
x[258] = -1.40167e-13
x[259] = 4.79287e-10
x[260] = 1.08463
x[261] = 4.87396e-10
x[262] = 7.13008e-11
x[263] = -6.35681e-10
x[264] = -4.0143e-09
x[265] = -2.31416e-09
x[266] = -2.69852e-10
x[267] = 151442
x[268] = -5.27497e-10
x[269] = 7.65202e-11
x[270] = -2.17922e-10
b:
b[0] = 23422
b[1] = 0.0952856
b[2] = 0.0952856
b[3] = 23422
b[4] = 23422
b[5] = 23422
b[6] = 0.0952856
b[7] = 0.0952856
b[8] = 0.0952856
b[9] = 23422
b[10] = 23422
b[11] = 0.0952856
b[12] = 0.0952856
b[13] = 23422
b[14] = 0.0952856
b[15] = 0.0952856
b[16] = 0.0952856
b[17] = 23422
b[18] = 0.0952856
b[19] = 23422
b[20] = 0
b[21] = 0
b[22] = 0
b[23] = 0
b[24] = 0
b[25] = 0
b[26] = -2564.98
b[27] = 0
b[28] = 0
b[29] = 0
b[30] = 0
b[31] = 0
b[32] = 0
b[33] = 0
b[34] = 0
b[35] = 0
b[36] = 0
b[37] = 0
b[38] = 0
b[39] = 0
b[40] = 0
b[41] = 0
b[42] = 0
b[43] = 0
b[44] = 0
b[45] = 0
b[46] = 0
b[47] = 0
b[48] = 0
b[49] = 0
b[50] = 0
b[51] = 0
b[52] = 0
b[53] = 0
b[54] = 0
b[55] = 0
b[56] = 0
b[57] = 0
b[58] = 0
b[59] = 0
b[60] = 0
b[61] = 0
b[62] = 0
b[63] = 0
b[64] = 0
b[65] = 0
b[66] = 0
b[67] = 0
b[68] = 0
b[69] = 0
b[70] = 0
b[71] = 0
b[72] = 0
b[73] = 0
b[74] = 0
b[75] = 0
b[76] = 0
b[77] = 0
b[78] = 0
b[79] = 0
b[80] = 0
b[81] = 0
b[82] = -10.8463
b[83] = 0
b[84] = 0
b[85] = -1415.41
b[86] = 0
b[87] = 0
b[88] = 0
b[89] = 0
b[90] = -1514.49
b[91] = -1.51442e+06
b[92] = 0
b[93] = 0
b[94] = 0
b[95] = -1.76128e+06
b[96] = -1.10251e+06
b[97] = -864740
b[98] = -457357
b[99] = -345307
b[100] = -904129
b[101] = -2.19743e+06
b[102] = -2.46398e+06
b[103] = -1.90969e+06
b[104] = -1.97178e+06
b[105] = -178706
b[106] = -100913
b[107] = -2.42308e+06
b[108] = -474023
b[109] = -225656
b[110] = -216575
b[111] = -2.59876e+06
b[112] = -645144
b[113] = -2.40642e+06
b[114] = -2.59573e+06
b[115] = -1.66285e+06
b[116] = -1.65982e+06
b[117] = -470987
b[118] = -2.48214e+06
b[119] = -1.38117e+06
b[120] = -110787
b[121] = -1.65678e+06
b[122] = -1.79005e+06
b[123] = -631529
b[124] = -1.77643e+06
b[125] = -2.70476e+06
b[126] = -2.01268e+06
b[127] = -1.25092e+06
b[128] = -1.32512e+06
b[129] = -2.46549e+06
b[130] = -1.29031e+06
b[131] = -1.7219e+06
b[132] = -2.72294e+06
b[133] = -1.14036e+06
b[134] = -226126
b[135] = -2.60331e+06
b[136] = -1.99753e+06
b[137] = -2.79412e+06
b[138] = -183633
b[139] = -1.36601e+06
b[140] = -2.43066e+06
b[141] = -1.63255e+06
b[142] = -2.73203e+06
b[143] = -2.33372e+06
b[144] = -224138
b[145] = -1.37359e+06
b[146] = -2.00208e+06
b[147] = -51501.8
b[148] = -2.47155e+06
b[149] = -2.84712e+06
b[150] = -1.03739e+06
b[151] = -1.48111e+06
b[152] = -1.42356e+06
b[153] = -1.58863e+06
b[154] = -136307
b[155] = -610318
b[156] = -1.10555e+06
b[157] = -1.15248e+06
b[158] = -1.62498e+06
b[159] = -428583
b[160] = -625468
b[161] = -2.20199e+06
b[162] = -2.72596e+06
b[163] = -346816
b[164] = -2.09899e+06
b[165] = -973792
b[166] = -1.92034e+06
b[167] = -59187.4
b[168] = -1.47809e+06
b[169] = -1.34935e+06
b[170] = -2.10202e+06
b[171] = -2.86076e+06
b[172] = -555813
b[173] = -24243.2
b[174] = -436173
b[175] = -770845
b[176] = -2.20803e+06
b[177] = -71198.1
b[178] = -1.90818e+06
b[179] = -923803
b[180] = -1.2055e+06
b[181] = -842034
b[182] = -80434.2
b[183] = -2.79108e+06
b[184] = -1.30848e+06
b[185] = -416482
b[186] = -2.25195e+06
b[187] = -364978
b[188] = -964700
b[189] = -1.04746e+06
b[190] = -1.76129e+06
b[191] = -1.40691e+06
b[192] = -1.15703e+06
b[193] = -2.7184e+06
b[194] = -124203
b[195] = 0
b[196] = 0
b[197] = 0
b[198] = 0
b[199] = 0
b[200] = 0
b[201] = 319.425
b[202] = 0
b[203] = 0
b[204] = 0
b[205] = 0
b[206] = 0
b[207] = 0
b[208] = 0
b[209] = 0
b[210] = 0
b[211] = 0
b[212] = 0
b[213] = 0
b[214] = 0
b[215] = 0
b[216] = 0
b[217] = 0
b[218] = 0
b[219] = 0
b[220] = 0
b[221] = 0
b[222] = 0
b[223] = 0
b[224] = 0
b[225] = 0
b[226] = 0
b[227] = 0
b[228] = 0
b[229] = 0
b[230] = 0
b[231] = 0
b[232] = 0
b[233] = 0
b[234] = 0
b[235] = 0
b[236] = 0
b[237] = 0
b[238] = 0
b[239] = 0
b[240] = 0
b[241] = 0
b[242] = 0
b[243] = 0
b[244] = 0
b[245] = 0
b[246] = 0
b[247] = 0
b[248] = 0
b[249] = 0
b[250] = 0
b[251] = 0
b[252] = 0
b[253] = 0
b[254] = 0
b[255] = 0
b[256] = 0
b[257] = 1.08463
b[258] = 0
b[259] = 0
b[260] = 176.926
b[261] = 0
b[262] = 0
b[263] = 0
b[264] = 0
b[265] = 0
b[266] = 151442
b[267] = 0
b[268] = 0
b[269] = 0
b[270] = 1517.53
v:
v[0] = 2.18782e-11
v[1] = -4.67159e-12
v[2] = 0
v[3] = -3.26096e-11
v[4] = -1.19842e-11
v[5] = 0
v[6] = -24939.5
v[7] = 1.01445e-11
v[8] = 1.54419e-11
v[9] = -1.12351e-11
v[10] = 9.77986e-12
v[11] = -1.34016e-11
v[12] = -4.40117e-11
v[13] = 9.93744e-12
v[14] = 2.36561e-12
v[15] = 0
v[16] = 1.45526e-11
v[17] = -6.24468e-12
v[18] = -9.66412e-12
v[19] = -7.79725e-12
v[20] = -3.13921e-11
v[21] = 1.94179e-11
v[22] = -1.97499e-11
v[23] = 8.04221e-12
v[24] = 1.40356e-11
v[25] = -4.57493e-12
v[26] = -9.22025e-12
v[27] = 2.25692e-11
v[28] = 1.34599e-11
v[29] = -4.97807e-13
v[30] = -1.0247e-11
v[31] = -7.22837e-12
v[32] = -2.82242e-11
v[33] = 1.96926e-11
v[34] = -3.64748e-12
v[35] = -3.16209e-11
v[36] = 2.15434e-11
v[37] = -4.07727e-11
v[38] = 4.52384e-12
v[39] = 1.09188e-11
v[40] = 1.14202e-11
v[41] = -3.05067e-11
v[42] = -7.97948e-13
v[43] = -2.05395e-11
v[44] = 3.28524e-11
v[45] = 8.41663e-12
v[46] = -3.73243e-11
v[47] = -8.14052e-12
v[48] = -1.01403e-11
v[49] = 1.36345e-12
v[50] = -4.8197e-11
v[51] = -8.74117e-12
v[52] = -5.60435e-12
v[53] = 8.50499e-12
v[54] = -9.965e-12
v[55] = -4.56193e-12
v[56] = 2.80238e-11
v[57] = 0
v[58] = -3.74097e-13
v[59] = 8.89618e-12
v[60] = -1.40167e-15
v[61] = 4.79287e-12
v[62] = 0
v[63] = 4.87396e-12
v[64] = 7.13008e-13
v[65] = 0
v[66] = -6.35681e-12
v[67] = -4.0143e-11
v[68] = -2.31416e-11
v[69] = -2.69852e-12
v[70] = -7.10459e-12
v[71] = 0
v[72] = -5.27497e-12
v[73] = 7.65202e-13
v[74] = -2.17922e-12
v[75] = 23422
v[76] = 0
v[77] = 7.33909e-08
v[78] = 0
v[79] = 0
v[80] = 0
v[81] = 0
v[82] = 176.926
v[83] = 4.48885e+07
v[84] = 0
v[85] = 0
v[86] = 0
v[87] = 0
v[88] = 0
v[89] = 0
v[90] = 0
v[91] = 0
v[92] = 0
v[93] = 0
v[94] = 0
v[95] = 0
v[96] = 0
v[97] = 0
v[98] = 0
v[99] = 0
v[100] = 0
v[101] = 0
v[102] = 0
v[103] = 0
v[104] = 0
v[105] = 0
v[106] = 0
v[107] = 0
v[108] = 0
v[109] = 0
v[110] = 0
v[111] = 0
v[112] = 0
v[113] = 0
v[114] = 0
v[115] = 0
v[116] = 0
v[117] = 0
v[118] = 0
v[119] = 0
v[120] = 0
v[121] = 0
v[122] = 0
v[123] = 0
v[124] = 0
v[125] = 0
v[126] = 0
v[127] = 0
v[128] = 0
v[129] = 0
v[130] = 0
v[131] = 0
v[132] = 0
v[133] = 0
v[134] = 0
v[135] = 0
v[136] = 0
v[137] = 0
v[138] = 0
v[139] = 0
v[140] = 0
v[141] = 0
v[142] = 0
v[143] = 0
v[144] = 0
v[145] = 0
v[146] = 0
v[147] = 0
v[148] = 0
v[149] = 0
v[150] = 0
v[151] = 0
v[152] = 0
v[153] = 0
v[154] = 0
v[155] = 0
v[156] = 0
v[157] = 0
v[158] = 0
v[159] = 0
v[160] = 0
v[161] = 0
v[162] = 0
v[163] = 0
v[164] = 0
v[165] = 0
v[166] = 0
v[167] = 0
v[168] = 0
v[169] = 0
v[170] = 0
v[171] = 0
v[172] = 0
v[173] = 0
v[174] = 0
v[175] = 0
v[176] = 0
v[177] = 0
v[178] = 0
v[179] = 0
v[180] = 0
v[181] = 0
v[182] = 0
v[183] = 0
v[184] = 2.49363e+06
v[185] = 0
v[186] = -23421.9
v[187] = -23421.9
v[188] = 0
v[189] = 0
v[190] = 0
v[191] = -23421.9
v[192] = -23421.9
v[193] = -23421.9
v[194] = 0
v[195] = 0
v[196] = -23421.9
v[197] = -23421.9
v[198] = 0
v[199] = -23421.9
v[200] = -23421.9
v[201] = -23421.9
v[202] = 0
v[203] = -23421.9
v[204] = 0
v[205] = 0
v[206] = 0
v[207] = 0
v[208] = 0
v[209] = 0
v[210] = 0
v[211] = 0
v[212] = 0
v[213] = 0
v[214] = 0
v[215] = 0
v[216] = 0
v[217] = 0
v[218] = 0
v[219] = 0
v[220] = 0
v[221] = 0
v[222] = 0
v[223] = 0
v[224] = 0
v[225] = 0
v[226] = 0
v[227] = 0
v[228] = 0
v[229] = 0
v[230] = 0
v[231] = 0
v[232] = 0
v[233] = 0
v[234] = 0
v[235] = 0
v[236] = 0
v[237] = 0
v[238] = 0
v[239] = 0
v[240] = 0
v[241] = 0
v[242] = 0
v[243] = 0
v[244] = -1.85619e-08
v[245] = 0
v[246] = 0
v[247] = 0
v[248] = 0
v[249] = 0
v[250] = 0
v[251] = 0
v[252] = 0
v[253] = 0
v[254] = 0
v[255] = 0
v[256] = 0
v[257] = 0
v[258] = 0
v[259] = 0
v[260] = 0
v[261] = 0
v[262] = 0
v[263] = 0
v[264] = 0
v[265] = 0
v[266] = 0
v[267] = -10.8463
v[268] = 0
v[269] = 0
v[270] = -1415.41
v[271] = 0
v[272] = 0
v[273] = 0
v[274] = 0
v[275] = -1514.49
v[276] = -1.51442e+06
v[277] = 0
v[278] = 0
v[279] = 0
v[280] = 1.39755e+07
v[281] = 1.87743e+07
v[282] = 1.73411e+07
v[283] = 7.49834e+06
v[284] = 4.19521e+07
v[285] = 3.78449e+06
v[286] = 3.42392e+07
v[287] = 8.85855e+06
v[288] = 2.65463e+07
v[289] = 1.69324e+07
v[290] = 6.03123e+06
v[291] = 1.76809e+07
v[292] = 4.10714e+07
v[293] = 2.25451e+07
v[294] = 7.40583e+06
v[295] = 4.00358e+07
v[296] = 4.32151e+07
v[297] = 4.78123e+07
v[298] = 1.37294e+07
v[299] = 4.01506e+07
v[300] = 3.36764e+07
v[301] = 2.69458e+07
v[302] = 1.45675e+07
v[303] = 1.26063e+07
v[304] = 6.79898e+06
v[305] = 3.66251e+07
v[306] = 2.47791e+07
v[307] = 1.19765e+07
v[308] = 2.0168e+07
v[309] = 3.33134e+07
v[310] = 3.95409e+06
v[311] = 1.77893e+07
v[312] = 1.32389e+07
v[313] = 1.98984e+07
v[314] = 4.14347e+06
v[315] = 2.07063e+07
v[316] = 4.35682e+07
v[317] = 9.57223e+06
v[318] = 2.38241e+07
v[319] = 2.70826e+07
v[320] = 3.64519e+07
v[321] = 1.84778e+07
v[322] = 4.42667e+07
v[323] = 3.33284e+06
v[324] = 8.934e+06
v[325] = 4.68997e+07
v[326] = 4.1014e+07
v[327] = 6.76991e+06
v[328] = 3.4053e+07
v[329] = 1.92037e+07
v[330] = 1.16698e+07
v[331] = 1.62786e+07
v[332] = 3.91284e+07
v[333] = 3.43142e+07
v[334] = 1.09444e+07
v[335] = 2.29045e+07
v[336] = 2.79974e+07
v[337] = 4.43903e+07
v[338] = 5.09515e+06
v[339] = 4.5054e+07
v[340] = 4.97613e+06
v[341] = 2.00431e+07
v[342] = 3.13686e+07
v[343] = 1.80523e+07
v[344] = 3.66564e+07
v[345] = 4.38666e+07
v[346] = 2.96457e+07
v[347] = 1.05917e+07
v[348] = 4.14268e+07
v[349] = 1.18172e+07
v[350] = 3.38168e+07
v[351] = 1.65589e-07
v[352] = 3.74498e+07
v[353] = 3.29883e+07
v[354] = 1.80037e+07
v[355] = 1.03178e+07
v[356] = 1.23274e+07
v[357] = 1.37844e+07
v[358] = 4.04775e+07
v[359] = 5.10039e+06
v[360] = 1.55895e+07
v[361] = 4.74964e+07
v[362] = 1.70373e+07
v[363] = 4.07384e+07
v[364] = 2.52377e+07
v[365] = 3.93711e+07
v[366] = 1.28747e+07
v[367] = 2.74278e+07
v[368] = 1.84823e+07
v[369] = 2.33269e+06
v[370] = 3.35012e+07
v[371] = 4.14919e+07
v[372] = 3.76927e+07
v[373] = 3.49731e+07
v[374] = 2.26148e-07
v[375] = 1.20651e+06
v[376] = 2.665e+07
v[377] = 3.75491e+07
v[378] = 2.53721e-07
v[379] = 1.51388e+07
v[380] = 2.18782e-09
v[381] = -4.67159e-10
v[382] = 0
v[383] = -3.26096e-09
v[384] = -1.19842e-09
v[385] = 0
v[386] = 0
v[387] = 1.01445e-09
v[388] = 1.54419e-09
v[389] = -1.12351e-09
v[390] = 9.77986e-10
v[391] = -1.34016e-09
v[392] = -4.40117e-09
v[393] = 9.93744e-10
v[394] = 2.36561e-10
v[395] = 0
v[396] = 1.45526e-09
v[397] = -6.24468e-10
v[398] = -9.66412e-10
v[399] = -7.79725e-10
v[400] = -3.13921e-09
v[401] = 1.94179e-09
v[402] = -1.97499e-09
v[403] = 8.04221e-10
v[404] = 1.40356e-09
v[405] = -4.57493e-10
v[406] = -9.22025e-10
v[407] = 2.25692e-09
v[408] = 1.34599e-09
v[409] = -4.97807e-11
v[410] = -1.0247e-09
v[411] = -7.22837e-10
v[412] = -2.82242e-09
v[413] = 1.96926e-09
v[414] = -3.64748e-10
v[415] = -3.16209e-09
v[416] = 2.15434e-09
v[417] = 0
v[418] = 4.52384e-10
v[419] = 0
v[420] = 1.14202e-09
v[421] = -3.05067e-09
v[422] = -7.97948e-11
v[423] = -2.05395e-09
v[424] = 3.28524e-09
v[425] = 8.41663e-10
v[426] = -3.73243e-09
v[427] = -8.14052e-10
v[428] = -1.01403e-09
v[429] = 1.36345e-10
v[430] = -4.8197e-09
v[431] = -8.74117e-10
v[432] = -5.60435e-10
v[433] = 8.50499e-10
v[434] = -9.965e-10
v[435] = -4.56193e-10
v[436] = 2.80238e-09
v[437] = 0
v[438] = -3.74097e-11
v[439] = 8.89618e-10
v[440] = -1.40167e-13
v[441] = 4.79287e-10
v[442] = 1.08463
v[443] = 4.87396e-10
v[444] = 7.13008e-11
v[445] = 0
v[446] = -6.35681e-10
v[447] = -4.0143e-09
v[448] = -2.31416e-09
v[449] = -2.69852e-10
v[450] = 0
v[451] = 151442
v[452] = -5.27497e-10
v[453] = 7.65202e-11
v[454] = -2.17922e-10
v[455] = 0
Calculated A_i . x = -1632547.496153 instead of correct value of b_i = -1632547.496152.
141: cut: -1.63255e+06	calc: -1.63255e+06	diff: 1.17579e-07
*** WARNING (version #0ca050f): src/VwsUtility.cpp:280: Number of differences between true and calculated cuts: 1. Total difference: 1.17579e-07. Small enough difference that we will try to continue, but beware of numerical issues.
x:
x[0] = 2.18782e-11
x[1] = -4.67159e-12
x[2] = 0
x[3] = -3.26096e-11
x[4] = -1.19842e-11
x[5] = 0
x[6] = -24939.5
x[7] = 1.01445e-11
x[8] = 1.54419e-11
x[9] = -1.12351e-11
x[10] = 9.77986e-12
x[11] = -1.34016e-11
x[12] = -4.40117e-11
x[13] = 9.93744e-12
x[14] = 2.36561e-12
x[15] = 0
x[16] = 1.45526e-11
x[17] = -6.24468e-12
x[18] = -9.66412e-12
x[19] = -7.79725e-12
x[20] = -3.13921e-11
x[21] = 1.94179e-11
x[22] = -1.97499e-11
x[23] = 8.04221e-12
x[24] = 1.40356e-11
x[25] = -4.57493e-12
x[26] = -9.22025e-12
x[27] = 2.25692e-11
x[28] = 1.34599e-11
x[29] = -4.97807e-13
x[30] = -1.0247e-11
x[31] = -7.22837e-12
x[32] = -2.82242e-11
x[33] = 1.96926e-11
x[34] = -3.64748e-12
x[35] = -3.16209e-11
x[36] = 2.15434e-11
x[37] = -4.07727e-11
x[38] = 4.52384e-12
x[39] = 1.09188e-11
x[40] = 1.14202e-11
x[41] = -3.05067e-11
x[42] = -7.97948e-13
x[43] = -2.05395e-11
x[44] = 3.28524e-11
x[45] = 8.41663e-12
x[46] = -3.73243e-11
x[47] = -8.14052e-12
x[48] = -1.01403e-11
x[49] = 1.36345e-12
x[50] = -4.8197e-11
x[51] = -8.74117e-12
x[52] = -5.60435e-12
x[53] = 8.50499e-12
x[54] = -9.965e-12
x[55] = -4.56193e-12
x[56] = 2.80238e-11
x[57] = -3.74097e-13
x[58] = 8.89618e-12
x[59] = -1.40167e-15
x[60] = 4.79287e-12
x[61] = 4.87396e-12
x[62] = 7.13008e-13
x[63] = -6.35681e-12
x[64] = -4.0143e-11
x[65] = -2.31416e-11
x[66] = -2.69852e-12
x[67] = -7.10459e-12
x[68] = -5.27497e-12
x[69] = 7.65202e-13
x[70] = -2.17922e-12
x[71] = 23422
x[72] = 7.33909e-08
x[73] = 1415.41
x[74] = 4.48885e+07
x[75] = 2.49363e+06
x[76] = 0
x[77] = -23421.9
x[78] = -23421.9
x[79] = 0
x[80] = 0
x[81] = -23421.9
x[82] = -23421.9
x[83] = -23421.9
x[84] = 0
x[85] = 0
x[86] = -23421.9
x[87] = -23421.9
x[88] = 0
x[89] = -23421.9
x[90] = -23421.9
x[91] = -23421.9
x[92] = 0
x[93] = -23421.9
x[94] = 0
x[95] = -1.85619e-08
x[96] = 0
x[97] = -10.8463
x[98] = -1514.49
x[99] = -1.51442e+06
x[100] = 1.39755e+07
x[101] = 1.87743e+07
x[102] = 1.73411e+07
x[103] = 7.49834e+06
x[104] = 4.19521e+07
x[105] = 3.78449e+06
x[106] = 3.42392e+07
x[107] = 8.85855e+06
x[108] = 2.65463e+07
x[109] = 1.69324e+07
x[110] = 6.03123e+06
x[111] = 1.76809e+07
x[112] = 4.10714e+07
x[113] = 2.25451e+07
x[114] = 7.40583e+06
x[115] = 4.00358e+07
x[116] = 4.32151e+07
x[117] = 4.78123e+07
x[118] = 1.37294e+07
x[119] = 4.01506e+07
x[120] = 3.36764e+07
x[121] = 2.69458e+07
x[122] = 1.45675e+07
x[123] = 1.26063e+07
x[124] = 6.79898e+06
x[125] = 3.66251e+07
x[126] = 2.47791e+07
x[127] = 1.19765e+07
x[128] = 2.0168e+07
x[129] = 3.33134e+07
x[130] = 3.95409e+06
x[131] = 1.77893e+07
x[132] = 1.32389e+07
x[133] = 1.98984e+07
x[134] = 4.14347e+06
x[135] = 2.07063e+07
x[136] = 4.35682e+07
x[137] = 9.57223e+06
x[138] = 2.38241e+07
x[139] = 2.70826e+07
x[140] = 3.64519e+07
x[141] = 1.84778e+07
x[142] = 4.42667e+07
x[143] = 3.33284e+06
x[144] = 8.934e+06
x[145] = 4.68997e+07
x[146] = 4.1014e+07
x[147] = 6.76991e+06
x[148] = 3.4053e+07
x[149] = 1.92037e+07
x[150] = 1.16698e+07
x[151] = 1.62786e+07
x[152] = 3.91284e+07
x[153] = 3.43142e+07
x[154] = 1.09444e+07
x[155] = 2.29045e+07
x[156] = 2.79974e+07
x[157] = 4.43903e+07
x[158] = 5.09515e+06
x[159] = 4.5054e+07
x[160] = 4.97613e+06
x[161] = 2.00431e+07
x[162] = 3.13686e+07
x[163] = 1.80523e+07
x[164] = 3.66564e+07
x[165] = 4.38666e+07
x[166] = 2.96457e+07
x[167] = 1.05917e+07
x[168] = 4.14268e+07
x[169] = 1.18172e+07
x[170] = 3.38168e+07
x[171] = 1.65589e-07
x[172] = 3.74498e+07
x[173] = 3.29883e+07
x[174] = 1.80037e+07
x[175] = 1.03178e+07
x[176] = 1.23274e+07
x[177] = 1.37844e+07
x[178] = 4.04775e+07
x[179] = 5.10039e+06
x[180] = 1.55895e+07
x[181] = 4.74964e+07
x[182] = 1.70373e+07
x[183] = 4.07384e+07
x[184] = 2.52377e+07
x[185] = 3.93711e+07
x[186] = 1.28747e+07
x[187] = 2.74278e+07
x[188] = 1.84823e+07
x[189] = 2.33269e+06
x[190] = 3.35012e+07
x[191] = 4.14919e+07
x[192] = 3.76927e+07
x[193] = 3.49731e+07
x[194] = 2.26148e-07
x[195] = 1.20651e+06
x[196] = 2.665e+07
x[197] = 3.75491e+07
x[198] = 2.53721e-07
x[199] = 1.51388e+07
x[200] = 2.18782e-09
x[201] = -4.67159e-10
x[202] = 0
x[203] = -3.26096e-09
x[204] = -1.19842e-09
x[205] = 0
x[206] = 1.01445e-09
x[207] = 1.54419e-09
x[208] = -1.12351e-09
x[209] = 9.77986e-10
x[210] = -1.34016e-09
x[211] = -4.40117e-09
x[212] = 9.93744e-10
x[213] = 2.36561e-10
x[214] = 0
x[215] = 1.45526e-09
x[216] = -6.24468e-10
x[217] = -9.66412e-10
x[218] = -7.79725e-10
x[219] = -3.13921e-09
x[220] = 1.94179e-09
x[221] = -1.97499e-09
x[222] = 8.04221e-10
x[223] = 1.40356e-09
x[224] = -4.57493e-10
x[225] = -9.22025e-10
x[226] = 2.25692e-09
x[227] = 1.34599e-09
x[228] = -4.97807e-11
x[229] = -1.0247e-09
x[230] = -7.22837e-10
x[231] = -2.82242e-09
x[232] = 1.96926e-09
x[233] = -3.64748e-10
x[234] = -3.16209e-09
x[235] = 2.15434e-09
x[236] = 4.52384e-10
x[237] = 1.14202e-09
x[238] = -3.05067e-09
x[239] = -7.97948e-11
x[240] = -2.05395e-09
x[241] = 3.28524e-09
x[242] = 8.41663e-10
x[243] = -3.73243e-09
x[244] = -8.14052e-10
x[245] = -1.01403e-09
x[246] = 1.36345e-10
x[247] = -4.8197e-09
x[248] = -8.74117e-10
x[249] = -5.60435e-10
x[250] = 8.50499e-10
x[251] = -9.965e-10
x[252] = -4.56193e-10
x[253] = 2.80238e-09
x[254] = 0
x[255] = -3.74097e-11
x[256] = 8.89618e-10
x[257] = -1.40167e-13
x[258] = 4.79287e-10
x[259] = 1.08463
x[260] = 4.87396e-10
x[261] = 7.13008e-11
x[262] = 176.926
x[263] = -6.35681e-10
x[264] = -4.0143e-09
x[265] = -2.31416e-09
x[266] = -2.69852e-10
x[267] = 151442
x[268] = -5.27497e-10
x[269] = 7.65202e-11
x[270] = -2.17922e-10
b:
b[0] = 23422
b[1] = 0.0952856
b[2] = 0.0952856
b[3] = 23422
b[4] = 23422
b[5] = 23422
b[6] = 0.0952856
b[7] = 0.0952856
b[8] = 0.0952856
b[9] = 23422
b[10] = 23422
b[11] = 0.0952856
b[12] = 0.0952856
b[13] = 23422
b[14] = 0.0952856
b[15] = 0.0952856
b[16] = 0.0952856
b[17] = 23422
b[18] = 0.0952856
b[19] = 23422
b[20] = 0
b[21] = 0
b[22] = 0
b[23] = 0
b[24] = 0
b[25] = 0
b[26] = -2564.98
b[27] = 0
b[28] = 0
b[29] = 0
b[30] = 0
b[31] = 0
b[32] = 0
b[33] = 0
b[34] = 0
b[35] = 0
b[36] = 0
b[37] = 0
b[38] = 0
b[39] = 0
b[40] = 0
b[41] = 0
b[42] = 0
b[43] = 0
b[44] = 0
b[45] = 0
b[46] = 0
b[47] = 0
b[48] = 0
b[49] = 0
b[50] = 0
b[51] = 0
b[52] = 0
b[53] = 0
b[54] = 0
b[55] = 0
b[56] = 0
b[57] = 0
b[58] = 0
b[59] = 0
b[60] = 0
b[61] = 0
b[62] = 0
b[63] = 0
b[64] = 0
b[65] = 0
b[66] = 0
b[67] = 0
b[68] = 0
b[69] = 0
b[70] = 0
b[71] = 0
b[72] = 0
b[73] = 0
b[74] = 0
b[75] = 0
b[76] = 0
b[77] = 0
b[78] = 0
b[79] = 0
b[80] = 0
b[81] = 0
b[82] = -10.8463
b[83] = 0
b[84] = 0
b[85] = -1415.41
b[86] = 0
b[87] = 0
b[88] = 0
b[89] = 0
b[90] = -1514.49
b[91] = -1.51442e+06
b[92] = 0
b[93] = 0
b[94] = 0
b[95] = -1.76128e+06
b[96] = -1.10251e+06
b[97] = -864740
b[98] = -457357
b[99] = -345307
b[100] = -904129
b[101] = -2.19743e+06
b[102] = -2.46398e+06
b[103] = -1.90969e+06
b[104] = -1.97178e+06
b[105] = -178706
b[106] = -100913
b[107] = -2.42308e+06
b[108] = -474023
b[109] = -225656
b[110] = -216575
b[111] = -2.59876e+06
b[112] = -645144
b[113] = -2.40642e+06
b[114] = -2.59573e+06
b[115] = -1.66285e+06
b[116] = -1.65982e+06
b[117] = -470987
b[118] = -2.48214e+06
b[119] = -1.38117e+06
b[120] = -110787
b[121] = -1.65678e+06
b[122] = -1.79005e+06
b[123] = -631529
b[124] = -1.77643e+06
b[125] = -2.70476e+06
b[126] = -2.01268e+06
b[127] = -1.25092e+06
b[128] = -1.32512e+06
b[129] = -2.46549e+06
b[130] = -1.29031e+06
b[131] = -1.7219e+06
b[132] = -2.72294e+06
b[133] = -1.14036e+06
b[134] = -226126
b[135] = -2.60331e+06
b[136] = -1.99753e+06
b[137] = -2.79412e+06
b[138] = -183633
b[139] = -1.36601e+06
b[140] = -2.43066e+06
b[141] = -1.63255e+06
b[142] = -2.73203e+06
b[143] = -2.33372e+06
b[144] = -224138
b[145] = -1.37359e+06
b[146] = -2.00208e+06
b[147] = -51501.8
b[148] = -2.47155e+06
b[149] = -2.84712e+06
b[150] = -1.03739e+06
b[151] = -1.48111e+06
b[152] = -1.42356e+06
b[153] = -1.58863e+06
b[154] = -136307
b[155] = -610318
b[156] = -1.10555e+06
b[157] = -1.15248e+06
b[158] = -1.62498e+06
b[159] = -428583
b[160] = -625468
b[161] = -2.20199e+06
b[162] = -2.72596e+06
b[163] = -346816
b[164] = -2.09899e+06
b[165] = -973792
b[166] = -1.92034e+06
b[167] = -59187.4
b[168] = -1.47809e+06
b[169] = -1.34935e+06
b[170] = -2.10202e+06
b[171] = -2.86076e+06
b[172] = -555813
b[173] = -24243.2
b[174] = -436173
b[175] = -770845
b[176] = -2.20803e+06
b[177] = -71198.1
b[178] = -1.90818e+06
b[179] = -923803
b[180] = -1.2055e+06
b[181] = -842034
b[182] = -80434.2
b[183] = -2.79108e+06
b[184] = -1.30848e+06
b[185] = -416482
b[186] = -2.25195e+06
b[187] = -364978
b[188] = -964700
b[189] = -1.04746e+06
b[190] = -1.76129e+06
b[191] = -1.40691e+06
b[192] = -1.15703e+06
b[193] = -2.7184e+06
b[194] = -124203
b[195] = 0
b[196] = 0
b[197] = 0
b[198] = 0
b[199] = 0
b[200] = 0
b[201] = 319.425
b[202] = 0
b[203] = 0
b[204] = 0
b[205] = 0
b[206] = 0
b[207] = 0
b[208] = 0
b[209] = 0
b[210] = 0
b[211] = 0
b[212] = 0
b[213] = 0
b[214] = 0
b[215] = 0
b[216] = 0
b[217] = 0
b[218] = 0
b[219] = 0
b[220] = 0
b[221] = 0
b[222] = 0
b[223] = 0
b[224] = 0
b[225] = 0
b[226] = 0
b[227] = 0
b[228] = 0
b[229] = 0
b[230] = 0
b[231] = 0
b[232] = 0
b[233] = 0
b[234] = 0
b[235] = 0
b[236] = 0
b[237] = 0
b[238] = 0
b[239] = 0
b[240] = 0
b[241] = 0
b[242] = 0
b[243] = 0
b[244] = 0
b[245] = 0
b[246] = 0
b[247] = 0
b[248] = 0
b[249] = 0
b[250] = 0
b[251] = 0
b[252] = 0
b[253] = 0
b[254] = 0
b[255] = 0
b[256] = 0
b[257] = 1.08463
b[258] = 0
b[259] = 0
b[260] = 176.926
b[261] = 0
b[262] = 0
b[263] = 0
b[264] = 0
b[265] = 0
b[266] = 151442
b[267] = 0
b[268] = 0
b[269] = 0
b[270] = 1517.53
v:
v[0] = 2.18782e-11
v[1] = -4.67159e-12
v[2] = 0
v[3] = -3.26096e-11
v[4] = -1.19842e-11
v[5] = 0
v[6] = -24939.5
v[7] = 1.01445e-11
v[8] = 1.54419e-11
v[9] = -1.12351e-11
v[10] = 9.77986e-12
v[11] = -1.34016e-11
v[12] = -4.40117e-11
v[13] = 9.93744e-12
v[14] = 2.36561e-12
v[15] = 0
v[16] = 1.45526e-11
v[17] = -6.24468e-12
v[18] = -9.66412e-12
v[19] = -7.79725e-12
v[20] = -3.13921e-11
v[21] = 1.94179e-11
v[22] = -1.97499e-11
v[23] = 8.04221e-12
v[24] = 1.40356e-11
v[25] = -4.57493e-12
v[26] = -9.22025e-12
v[27] = 2.25692e-11
v[28] = 1.34599e-11
v[29] = -4.97807e-13
v[30] = -1.0247e-11
v[31] = -7.22837e-12
v[32] = -2.82242e-11
v[33] = 1.96926e-11
v[34] = -3.64748e-12
v[35] = -3.16209e-11
v[36] = 2.15434e-11
v[37] = -4.07727e-11
v[38] = 4.52384e-12
v[39] = 1.09188e-11
v[40] = 1.14202e-11
v[41] = -3.05067e-11
v[42] = -7.97948e-13
v[43] = -2.05395e-11
v[44] = 3.28524e-11
v[45] = 8.41663e-12
v[46] = -3.73243e-11
v[47] = -8.14052e-12
v[48] = -1.01403e-11
v[49] = 1.36345e-12
v[50] = -4.8197e-11
v[51] = -8.74117e-12
v[52] = -5.60435e-12
v[53] = 8.50499e-12
v[54] = -9.965e-12
v[55] = -4.56193e-12
v[56] = 2.80238e-11
v[57] = 0
v[58] = -3.74097e-13
v[59] = 8.89618e-12
v[60] = -1.40167e-15
v[61] = 4.79287e-12
v[62] = 0
v[63] = 4.87396e-12
v[64] = 7.13008e-13
v[65] = 0
v[66] = -6.35681e-12
v[67] = -4.0143e-11
v[68] = -2.31416e-11
v[69] = -2.69852e-12
v[70] = -7.10459e-12
v[71] = 0
v[72] = -5.27497e-12
v[73] = 7.65202e-13
v[74] = -2.17922e-12
v[75] = 23422
v[76] = 0
v[77] = 7.33909e-08
v[78] = 1415.41
v[79] = 0
v[80] = 0
v[81] = 4.48885e+07
v[82] = 0
v[83] = 0
v[84] = 0
v[85] = 2.49363e+06
v[86] = 0
v[87] = -23421.9
v[88] = -23421.9
v[89] = 0
v[90] = 0
v[91] = 0
v[92] = -23421.9
v[93] = -23421.9
v[94] = -23421.9
v[95] = 0
v[96] = 0
v[97] = -23421.9
v[98] = -23421.9
v[99] = 0
v[100] = -23421.9
v[101] = -23421.9
v[102] = -23421.9
v[103] = 0
v[104] = -23421.9
v[105] = 0
v[106] = 0
v[107] = 0
v[108] = 0
v[109] = 0
v[110] = 0
v[111] = 0
v[112] = 0
v[113] = 0
v[114] = 0
v[115] = 0
v[116] = 0
v[117] = 0
v[118] = 0
v[119] = 0
v[120] = 0
v[121] = 0
v[122] = 0
v[123] = 0
v[124] = 0
v[125] = 0
v[126] = 0
v[127] = 0
v[128] = 0
v[129] = 0
v[130] = 0
v[131] = 0
v[132] = 0
v[133] = 0
v[134] = 0
v[135] = 0
v[136] = 0
v[137] = 0
v[138] = 0
v[139] = 0
v[140] = 0
v[141] = 0
v[142] = 0
v[143] = 0
v[144] = 0
v[145] = -1.85619e-08
v[146] = 0
v[147] = 0
v[148] = 0
v[149] = 0
v[150] = 0
v[151] = 0
v[152] = 0
v[153] = 0
v[154] = 0
v[155] = 0
v[156] = 0
v[157] = 0
v[158] = 0
v[159] = 0
v[160] = 0
v[161] = 0
v[162] = 0
v[163] = 0
v[164] = 0
v[165] = 0
v[166] = 0
v[167] = 0
v[168] = -10.8463
v[169] = 0
v[170] = 0
v[171] = 0
v[172] = 0
v[173] = 0
v[174] = 0
v[175] = 0
v[176] = -1514.49
v[177] = -1.51442e+06
v[178] = 0
v[179] = 0
v[180] = 0
v[181] = 1.39755e+07
v[182] = 1.87743e+07
v[183] = 1.73411e+07
v[184] = 7.49834e+06
v[185] = 4.19521e+07
v[186] = 3.78449e+06
v[187] = 3.42392e+07
v[188] = 8.85855e+06
v[189] = 2.65463e+07
v[190] = 1.69324e+07
v[191] = 6.03123e+06
v[192] = 1.76809e+07
v[193] = 4.10714e+07
v[194] = 2.25451e+07
v[195] = 7.40583e+06
v[196] = 4.00358e+07
v[197] = 4.32151e+07
v[198] = 4.78123e+07
v[199] = 1.37294e+07
v[200] = 4.01506e+07
v[201] = 3.36764e+07
v[202] = 2.69458e+07
v[203] = 1.45675e+07
v[204] = 1.26063e+07
v[205] = 6.79898e+06
v[206] = 3.66251e+07
v[207] = 2.47791e+07
v[208] = 1.19765e+07
v[209] = 2.0168e+07
v[210] = 3.33134e+07
v[211] = 3.95409e+06
v[212] = 1.77893e+07
v[213] = 1.32389e+07
v[214] = 1.98984e+07
v[215] = 4.14347e+06
v[216] = 2.07063e+07
v[217] = 4.35682e+07
v[218] = 9.57223e+06
v[219] = 2.38241e+07
v[220] = 2.70826e+07
v[221] = 3.64519e+07
v[222] = 1.84778e+07
v[223] = 4.42667e+07
v[224] = 3.33284e+06
v[225] = 8.934e+06
v[226] = 4.68997e+07
v[227] = 4.1014e+07
v[228] = 6.76991e+06
v[229] = 3.4053e+07
v[230] = 1.92037e+07
v[231] = 1.16698e+07
v[232] = 1.62786e+07
v[233] = 3.91284e+07
v[234] = 3.43142e+07
v[235] = 1.09444e+07
v[236] = 2.29045e+07
v[237] = 2.79974e+07
v[238] = 4.43903e+07
v[239] = 5.09515e+06
v[240] = 4.5054e+07
v[241] = 4.97613e+06
v[242] = 2.00431e+07
v[243] = 3.13686e+07
v[244] = 1.80523e+07
v[245] = 3.66564e+07
v[246] = 4.38666e+07
v[247] = 2.96457e+07
v[248] = 1.05917e+07
v[249] = 4.14268e+07
v[250] = 1.18172e+07
v[251] = 3.38168e+07
v[252] = 1.65589e-07
v[253] = 3.74498e+07
v[254] = 3.29883e+07
v[255] = 1.80037e+07
v[256] = 1.03178e+07
v[257] = 1.23274e+07
v[258] = 1.37844e+07
v[259] = 4.04775e+07
v[260] = 5.10039e+06
v[261] = 1.55895e+07
v[262] = 4.74964e+07
v[263] = 1.70373e+07
v[264] = 4.07384e+07
v[265] = 2.52377e+07
v[266] = 3.93711e+07
v[267] = 1.28747e+07
v[268] = 2.74278e+07
v[269] = 1.84823e+07
v[270] = 2.33269e+06
v[271] = 3.35012e+07
v[272] = 4.14919e+07
v[273] = 3.76927e+07
v[274] = 3.49731e+07
v[275] = 2.26148e-07
v[276] = 1.20651e+06
v[277] = 2.665e+07
v[278] = 3.75491e+07
v[279] = 2.53721e-07
v[280] = 1.51388e+07
v[281] = 2.18782e-09
v[282] = -4.67159e-10
v[283] = 0
v[284] = -3.26096e-09
v[285] = -1.19842e-09
v[286] = 0
v[287] = 0
v[288] = 1.01445e-09
v[289] = 1.54419e-09
v[290] = -1.12351e-09
v[291] = 9.77986e-10
v[292] = -1.34016e-09
v[293] = -4.40117e-09
v[294] = 9.93744e-10
v[295] = 2.36561e-10
v[296] = 0
v[297] = 1.45526e-09
v[298] = -6.24468e-10
v[299] = -9.66412e-10
v[300] = -7.79725e-10
v[301] = -3.13921e-09
v[302] = 1.94179e-09
v[303] = -1.97499e-09
v[304] = 8.04221e-10
v[305] = 1.40356e-09
v[306] = -4.57493e-10
v[307] = -9.22025e-10
v[308] = 2.25692e-09
v[309] = 1.34599e-09
v[310] = -4.97807e-11
v[311] = -1.0247e-09
v[312] = -7.22837e-10
v[313] = -2.82242e-09
v[314] = 1.96926e-09
v[315] = -3.64748e-10
v[316] = -3.16209e-09
v[317] = 2.15434e-09
v[318] = 0
v[319] = 4.52384e-10
v[320] = 0
v[321] = 1.14202e-09
v[322] = -3.05067e-09
v[323] = -7.97948e-11
v[324] = -2.05395e-09
v[325] = 3.28524e-09
v[326] = 8.41663e-10
v[327] = -3.73243e-09
v[328] = -8.14052e-10
v[329] = -1.01403e-09
v[330] = 1.36345e-10
v[331] = -4.8197e-09
v[332] = -8.74117e-10
v[333] = -5.60435e-10
v[334] = 8.50499e-10
v[335] = -9.965e-10
v[336] = -4.56193e-10
v[337] = 2.80238e-09
v[338] = 0
v[339] = -3.74097e-11
v[340] = 8.89618e-10
v[341] = -1.40167e-13
v[342] = 4.79287e-10
v[343] = 1.08463
v[344] = 4.87396e-10
v[345] = 7.13008e-11
v[346] = 176.926
v[347] = -6.35681e-10
v[348] = -4.0143e-09
v[349] = -2.31416e-09
v[350] = -2.69852e-10
v[351] = 0
v[352] = 151442
v[353] = -5.27497e-10
v[354] = 7.65202e-11
v[355] = -2.17922e-10
v[356] = 0
Calculated A_i . x = -24243.215940 instead of correct value of b_i = -24243.215940.
173: cut: -24243.2	calc: -24243.2	diff: -1.32452e-07
*** WARNING (version #0ca050f): src/VwsUtility.cpp:280: Number of differences between true and calculated cuts: 1. Total difference: 1.32452e-07. Small enough difference that we will try to continue, but beware of numerical issues.
x:
x[0] = 1.07325e-11
x[1] = 1.24732e-11
x[2] = 0
x[3] = -8.09064e-12
x[4] = -1.42172e-11
x[5] = 0
x[6] = -1.42499
x[7] = 9.13456e-12
x[8] = 0
x[9] = -1.54211e-11
x[10] = 3.37505e-14
x[11] = 2.92156e-12
x[12] = 6.9066e-12
x[13] = -1.78754e-11
x[14] = 3.04927e-11
x[15] = 1.47025e-11
x[16] = -3.04573e-11
x[17] = -2.59115e-12
x[18] = 2.54782e-11
x[19] = 1.64587e-11
x[20] = -2.61012e-11
x[21] = -1.04691e-11
x[22] = 9.21327e-12
x[23] = 1.92574e-11
x[24] = 2.3111e-11
x[25] = -2.95602e-12
x[26] = -2.52813e-13
x[27] = 1.94773e-11
x[28] = -3.8886e-12
x[29] = -1.0695e-11
x[30] = -2.71147e-11
x[31] = -3.53658e-12
x[32] = -2.24501e-11
x[33] = -1.29657e-11
x[34] = 2.52358e-12
x[35] = -3.62498e-12
x[36] = -5.7161e-12
x[37] = 3.70421e-11
x[38] = -1.19856e-11
x[39] = 2.13484e-13
x[40] = -2.24127e-11
x[41] = 8.51344e-12
x[42] = -9.5288e-13
x[43] = -1.38175e-11
x[44] = 1.7663e-11
x[45] = 7.63398e-12
x[46] = -2.02709e-11
x[47] = 3.39985e-11
x[48] = -1.61846e-11
x[49] = -8.80227e-12
x[50] = -3.76544e-12
x[51] = 5.66193e-11
x[52] = -2.90037e-11
x[53] = -6.11665e-12
x[54] = -4.76107e-11
x[55] = 2.56919e-11
x[56] = 2.30873e-11
x[57] = 1.58415e-11
x[58] = 5.55602e-13
x[59] = -7.45497e-12
x[60] = 1.77203e-11
x[61] = -5.77532e-12
x[62] = -1.01376e-11
x[63] = -1.76926
x[64] = -3.98214e-12
x[65] = -3.56765e-11
x[66] = 2.56477e-12
x[67] = 2.32495e-11
x[68] = -24936.3
x[69] = -1.28047e-12
x[70] = -7.7419e-12
x[71] = 1.08429e-11
x[72] = 23422
x[73] = 4.48838e+07
x[74] = -6.66757e-08
x[75] = 1592.33
x[76] = 600305
x[77] = 1.58199e+06
x[78] = 1.52013e+06
x[79] = 2.49363e+06
x[80] = 0
x[81] = -23421.9
x[82] = -23421.9
x[83] = 0
x[84] = 0
x[85] = 0
x[86] = -23421.9
x[87] = -23421.9
x[88] = -23421.9
x[89] = 0
x[90] = 0
x[91] = -23421.9
x[92] = -23421.9
x[93] = -23421.9
x[94] = -23421.9
x[95] = -23421.9
x[96] = 0
x[97] = -23421.9
x[98] = 0
x[99] = -1.37205e-08
x[100] = 3.25162e-09
x[101] = 1.94486e-08
x[102] = 9.6825e-09
x[103] = -7.36051e-08
x[104] = 0
x[105] = -10.8463
x[106] = -1.51442e+06
x[107] = 4.52434e+06
x[108] = 9.61178e+06
x[109] = 4.30847e+07
x[110] = 8.98538e+06
x[111] = 1.381e+07
x[112] = 1.31426e+07
x[113] = 4.28488e+07
x[114] = 4.3019e+06
x[115] = 1.12459e+07
x[116] = 4.26886e+07
x[117] = 3.5411e+07
x[118] = 3.81307e+07
x[119] = 4.56346e+07
x[120] = 3.58211e+07
x[121] = 3.11696e+07
x[122] = 5.17007e+06
x[123] = 3.80669e+06
x[124] = 1.0002e+07
x[125] = 3.94605e+07
x[126] = 2.5049e+07
x[127] = 2.05092e+06
x[128] = 6.92044e+06
x[129] = 3.09148e+07
x[130] = 3.9615e+07
x[131] = 2.26096e+07
x[132] = 2.68399e+07
x[133] = 3.27102e+07
x[134] = 3.54067e+07
x[135] = 2.97405e+07
x[136] = 4.50453e+07
x[137] = 4.38115e+07
x[138] = 2.58578e+07
x[139] = 2.30971e+07
x[140] = 4.42202e+07
x[141] = 3.81057e+07
x[142] = 4.31888e+07
x[143] = 1.68175e+07
x[144] = 1.77797e+07
x[145] = 1.62771e+07
x[146] = 9.17715e+06
x[147] = 4.76471e+06
x[148] = 2.09129e+07
x[149] = 6.51493e+06
x[150] = 7.12523e+06
x[151] = 3.66474e+07
x[152] = 6.22264e+06
x[153] = 8.97957e+06
x[154] = 8.40313e+06
x[155] = 3.38578e+07
x[156] = 2.33413e+07
x[157] = 4.66807e+07
x[158] = 8.35079e+06
x[159] = 3.20066e+07
x[160] = 1.93178e+07
x[161] = 4.38651e+07
x[162] = 9.93448e+06
x[163] = 4.90689e+07
x[164] = 3.39292e+07
x[165] = 2.72242e+07
x[166] = 1.04969e+07
x[167] = 1.67548e+07
x[168] = 1.79582e+06
x[169] = 101039
x[170] = 1.57551e+07
x[171] = 1.74746e+07
x[172] = 3.00052e+07
x[173] = 3.37372e+07
x[174] = 276780
x[175] = 1.9144e+07
x[176] = 4.57537e+07
x[177] = 6.01038e+06
x[178] = 4.31352e+07
x[179] = 3.9809e+07
x[180] = 4.4034e+07
x[181] = 3.07194e+06
x[182] = 2.06123e+07
x[183] = 1.43682e+07
x[184] = 3.45772e+07
x[185] = 181536
x[186] = 2.16105e+07
x[187] = 2.25457e+07
x[188] = 8.97353e+06
x[189] = 1.2547e+06
x[190] = 4.32855e+07
x[191] = 3.84567e+07
x[192] = 3.60729e+07
x[193] = 2.88611e+07
x[194] = 4.25891e+07
x[195] = 4.53461e+07
x[196] = 4.67582e+06
x[197] = 3.11982e+07
x[198] = 1.83142e+07
x[199] = 3.95675e+07
x[200] = 1.40821e+07
x[201] = 4.34896e+07
x[202] = 3.15984e+07
x[203] = 1.07325e-09
x[204] = 1.24732e-09
x[205] = 0
x[206] = -8.09064e-10
x[207] = -1.42172e-09
x[208] = 0
x[209] = 176.926
x[210] = 9.13456e-10
x[211] = 0
x[212] = -1.54211e-09
x[213] = 3.37505e-12
x[214] = 2.92156e-10
x[215] = 6.9066e-10
x[216] = -1.78754e-09
x[217] = 3.04927e-09
x[218] = 1.47025e-09
x[219] = -3.04573e-09
x[220] = -2.59115e-10
x[221] = 2.54782e-09
x[222] = 1.64587e-09
x[223] = -2.61012e-09
x[224] = -1.04691e-09
x[225] = 9.21327e-10
x[226] = 1.92574e-09
x[227] = 2.3111e-09
x[228] = -2.52813e-11
x[229] = 1.94773e-09
x[230] = -3.8886e-10
x[231] = -1.0695e-09
x[232] = -2.71147e-09
x[233] = -3.53658e-10
x[234] = -2.24501e-09
x[235] = 2.52358e-10
x[236] = -3.62498e-10
x[237] = -5.7161e-10
x[238] = -1.19856e-09
x[239] = 2.13484e-11
x[240] = -2.24127e-09
x[241] = 8.51344e-10
x[242] = -9.5288e-11
x[243] = -1.38175e-09
x[244] = 1.7663e-09
x[245] = 7.63398e-10
x[246] = -2.02709e-09
x[247] = 3.39985e-09
x[248] = -1.61846e-09
x[249] = -3.76544e-10
x[250] = -2.90037e-09
x[251] = -6.11665e-10
x[252] = -4.76107e-09
x[253] = 2.56919e-09
x[254] = 2.30873e-09
x[255] = 0
x[256] = 1.58415e-09
x[257] = 5.55602e-11
x[258] = -7.45497e-10
x[259] = 1.77203e-09
x[260] = 1.08463
x[261] = -5.77532e-10
x[262] = -1.01376e-09
x[263] = -3.98214e-10
x[264] = -3.56765e-09
x[265] = 2.56477e-10
x[266] = 2.32495e-09
x[267] = 151442
x[268] = -1.28047e-10
x[269] = -7.7419e-10
x[270] = 1.08429e-09
b:
b[0] = 23422
b[1] = 0.0952856
b[2] = 0.0952856
b[3] = 23422
b[4] = 23422
b[5] = 23422
b[6] = 0.0952856
b[7] = 0.0952856
b[8] = 0.0952856
b[9] = 23422
b[10] = 23422
b[11] = 0.0952856
b[12] = 0.0952856
b[13] = 23422
b[14] = 0.0952856
b[15] = 0.0952856
b[16] = 0.0952856
b[17] = 23422
b[18] = 0.0952856
b[19] = 23422
b[20] = 0
b[21] = 0
b[22] = 0
b[23] = 0
b[24] = 0
b[25] = 0
b[26] = -2564.98
b[27] = 0
b[28] = 0
b[29] = 0
b[30] = 0
b[31] = 0
b[32] = 0
b[33] = 0
b[34] = 0
b[35] = 0
b[36] = 0
b[37] = 0
b[38] = 0
b[39] = 0
b[40] = 0
b[41] = 0
b[42] = 0
b[43] = 0
b[44] = 0
b[45] = 0
b[46] = 0
b[47] = 0
b[48] = 0
b[49] = 0
b[50] = 0
b[51] = 0
b[52] = 0
b[53] = 0
b[54] = 0
b[55] = 0
b[56] = 0
b[57] = 0
b[58] = 0
b[59] = 0
b[60] = 0
b[61] = 0
b[62] = 0
b[63] = 0
b[64] = 0
b[65] = 0
b[66] = 0
b[67] = 0
b[68] = 0
b[69] = 0
b[70] = 0
b[71] = 0
b[72] = 0
b[73] = 0
b[74] = 0
b[75] = 0
b[76] = 0
b[77] = 0
b[78] = 0
b[79] = 0
b[80] = 0
b[81] = 0
b[82] = -10.8463
b[83] = 0
b[84] = 0
b[85] = -1415.41
b[86] = 0
b[87] = 0
b[88] = 0
b[89] = 0
b[90] = -1514.49
b[91] = -1.51442e+06
b[92] = 0
b[93] = 0
b[94] = 0
b[95] = -1.76128e+06
b[96] = -1.10251e+06
b[97] = -864740
b[98] = -457357
b[99] = -345307
b[100] = -904129
b[101] = -2.19743e+06
b[102] = -2.46398e+06
b[103] = -1.90969e+06
b[104] = -1.97178e+06
b[105] = -178706
b[106] = -100913
b[107] = -2.42308e+06
b[108] = -474023
b[109] = -225656
b[110] = -216575
b[111] = -2.59876e+06
b[112] = -645144
b[113] = -2.40642e+06
b[114] = -2.59573e+06
b[115] = -1.66285e+06
b[116] = -1.65982e+06
b[117] = -470987
b[118] = -2.48214e+06
b[119] = -1.38117e+06
b[120] = -110787
b[121] = -1.65678e+06
b[122] = -1.79005e+06
b[123] = -631529
b[124] = -1.77643e+06
b[125] = -2.70476e+06
b[126] = -2.01268e+06
b[127] = -1.25092e+06
b[128] = -1.32512e+06
b[129] = -2.46549e+06
b[130] = -1.29031e+06
b[131] = -1.7219e+06
b[132] = -2.72294e+06
b[133] = -1.14036e+06
b[134] = -226126
b[135] = -2.60331e+06
b[136] = -1.99753e+06
b[137] = -2.79412e+06
b[138] = -183633
b[139] = -1.36601e+06
b[140] = -2.43066e+06
b[141] = -1.63255e+06
b[142] = -2.73203e+06
b[143] = -2.33372e+06
b[144] = -224138
b[145] = -1.37359e+06
b[146] = -2.00208e+06
b[147] = -51501.8
b[148] = -2.47155e+06
b[149] = -2.84712e+06
b[150] = -1.03739e+06
b[151] = -1.48111e+06
b[152] = -1.42356e+06
b[153] = -1.58863e+06
b[154] = -136307
b[155] = -610318
b[156] = -1.10555e+06
b[157] = -1.15248e+06
b[158] = -1.62498e+06
b[159] = -428583
b[160] = -625468
b[161] = -2.20199e+06
b[162] = -2.72596e+06
b[163] = -346816
b[164] = -2.09899e+06
b[165] = -973792
b[166] = -1.92034e+06
b[167] = -59187.4
b[168] = -1.47809e+06
b[169] = -1.34935e+06
b[170] = -2.10202e+06
b[171] = -2.86076e+06
b[172] = -555813
b[173] = -24243.2
b[174] = -436173
b[175] = -770845
b[176] = -2.20803e+06
b[177] = -71198.1
b[178] = -1.90818e+06
b[179] = -923803
b[180] = -1.2055e+06
b[181] = -842034
b[182] = -80434.2
b[183] = -2.79108e+06
b[184] = -1.30848e+06
b[185] = -416482
b[186] = -2.25195e+06
b[187] = -364978
b[188] = -964700
b[189] = -1.04746e+06
b[190] = -1.76129e+06
b[191] = -1.40691e+06
b[192] = -1.15703e+06
b[193] = -2.7184e+06
b[194] = -124203
b[195] = 0
b[196] = 0
b[197] = 0
b[198] = 0
b[199] = 0
b[200] = 0
b[201] = 319.425
b[202] = 0
b[203] = 0
b[204] = 0
b[205] = 0
b[206] = 0
b[207] = 0
b[208] = 0
b[209] = 0
b[210] = 0
b[211] = 0
b[212] = 0
b[213] = 0
b[214] = 0
b[215] = 0
b[216] = 0
b[217] = 0
b[218] = 0
b[219] = 0
b[220] = 0
b[221] = 0
b[222] = 0
b[223] = 0
b[224] = 0
b[225] = 0
b[226] = 0
b[227] = 0
b[228] = 0
b[229] = 0
b[230] = 0
b[231] = 0
b[232] = 0
b[233] = 0
b[234] = 0
b[235] = 0
b[236] = 0
b[237] = 0
b[238] = 0
b[239] = 0
b[240] = 0
b[241] = 0
b[242] = 0
b[243] = 0
b[244] = 0
b[245] = 0
b[246] = 0
b[247] = 0
b[248] = 0
b[249] = 0
b[250] = 0
b[251] = 0
b[252] = 0
b[253] = 0
b[254] = 0
b[255] = 0
b[256] = 0
b[257] = 1.08463
b[258] = 0
b[259] = 0
b[260] = 176.926
b[261] = 0
b[262] = 0
b[263] = 0
b[264] = 0
b[265] = 0
b[266] = 151442
b[267] = 0
b[268] = 0
b[269] = 0
b[270] = 1517.53
v:
v[0] = 1.07325e-11
v[1] = 1.24732e-11
v[2] = 0
v[3] = -8.09064e-12
v[4] = -1.42172e-11
v[5] = 0
v[6] = -1.42499
v[7] = 9.13456e-12
v[8] = 0
v[9] = -1.54211e-11
v[10] = 3.37505e-14
v[11] = 2.92156e-12
v[12] = 6.9066e-12
v[13] = -1.78754e-11
v[14] = 3.04927e-11
v[15] = 1.47025e-11
v[16] = -3.04573e-11
v[17] = -2.59115e-12
v[18] = 2.54782e-11
v[19] = 1.64587e-11
v[20] = -2.61012e-11
v[21] = -1.04691e-11
v[22] = 9.21327e-12
v[23] = 1.92574e-11
v[24] = 2.3111e-11
v[25] = -2.95602e-12
v[26] = -2.52813e-13
v[27] = 1.94773e-11
v[28] = -3.8886e-12
v[29] = -1.0695e-11
v[30] = -2.71147e-11
v[31] = -3.53658e-12
v[32] = -2.24501e-11
v[33] = -1.29657e-11
v[34] = 2.52358e-12
v[35] = -3.62498e-12
v[36] = -5.7161e-12
v[37] = 3.70421e-11
v[38] = -1.19856e-11
v[39] = 2.13484e-13
v[40] = -2.24127e-11
v[41] = 8.51344e-12
v[42] = -9.5288e-13
v[43] = -1.38175e-11
v[44] = 1.7663e-11
v[45] = 7.63398e-12
v[46] = -2.02709e-11
v[47] = 3.39985e-11
v[48] = -1.61846e-11
v[49] = -8.80227e-12
v[50] = -3.76544e-12
v[51] = 5.66193e-11
v[52] = -2.90037e-11
v[53] = -6.11665e-12
v[54] = -4.76107e-11
v[55] = 2.56919e-11
v[56] = 2.30873e-11
v[57] = 0
v[58] = 1.58415e-11
v[59] = 5.55602e-13
v[60] = -7.45497e-12
v[61] = 1.77203e-11
v[62] = 0
v[63] = -5.77532e-12
v[64] = -1.01376e-11
v[65] = -1.76926
v[66] = -3.98214e-12
v[67] = -3.56765e-11
v[68] = 2.56477e-12
v[69] = 2.32495e-11
v[70] = -24936.3
v[71] = 0
v[72] = -1.28047e-12
v[73] = -7.7419e-12
v[74] = 1.08429e-11
v[75] = 23422
v[76] = 4.48838e+07
v[77] = -6.66757e-08
v[78] = 1592.33
v[79] = 0
v[80] = 0
v[81] = 0
v[82] = 0
v[83] = 0
v[84] = 600305
v[85] = 0
v[86] = 0
v[87] = 0
v[88] = 0
v[89] = 0
v[90] = 0
v[91] = 0
v[92] = 0
v[93] = 0
v[94] = 0
v[95] = 0
v[96] = 0
v[97] = 0
v[98] = 0
v[99] = 0
v[100] = 0
v[101] = 0
v[102] = 0
v[103] = 0
v[104] = 0
v[105] = 0
v[106] = 0
v[107] = 0
v[108] = 0
v[109] = 0
v[110] = 0
v[111] = 0
v[112] = 0
v[113] = 0
v[114] = 0
v[115] = 0
v[116] = 0
v[117] = 0
v[118] = 0
v[119] = 0
v[120] = 0
v[121] = 0
v[122] = 0
v[123] = 0
v[124] = 0
v[125] = 0
v[126] = 0
v[127] = 1.58199e+06
v[128] = 0
v[129] = 0
v[130] = 0
v[131] = 0
v[132] = 0
v[133] = 0
v[134] = 0
v[135] = 0
v[136] = 0
v[137] = 0
v[138] = 0
v[139] = 0
v[140] = 0
v[141] = 0
v[142] = 0
v[143] = 0
v[144] = 0
v[145] = 0
v[146] = 0
v[147] = 0
v[148] = 0
v[149] = 0
v[150] = 1.52013e+06
v[151] = 0
v[152] = 0
v[153] = 0
v[154] = 0
v[155] = 0
v[156] = 0
v[157] = 0
v[158] = 0
v[159] = 0
v[160] = 0
v[161] = 0
v[162] = 0
v[163] = 0
v[164] = 0
v[165] = 0
v[166] = 0
v[167] = 0
v[168] = 0
v[169] = 0
v[170] = 0
v[171] = 0
v[172] = 0
v[173] = 0
v[174] = 0
v[175] = 0
v[176] = 0
v[177] = 0
v[178] = 0
v[179] = 2.49363e+06
v[180] = 0
v[181] = -23421.9
v[182] = -23421.9
v[183] = 0
v[184] = 0
v[185] = 0
v[186] = -23421.9
v[187] = -23421.9
v[188] = -23421.9
v[189] = 0
v[190] = 0
v[191] = -23421.9
v[192] = -23421.9
v[193] = 0
v[194] = -23421.9
v[195] = -23421.9
v[196] = -23421.9
v[197] = 0
v[198] = -23421.9
v[199] = 0
v[200] = 0
v[201] = -1.37205e-08
v[202] = 0
v[203] = 0
v[204] = 0
v[205] = 0
v[206] = 0
v[207] = 0
v[208] = 0
v[209] = 0
v[210] = 0
v[211] = 0
v[212] = 0
v[213] = 0
v[214] = 0
v[215] = 0
v[216] = 0
v[217] = 0
v[218] = 0
v[219] = 0
v[220] = 0
v[221] = 0
v[222] = 0
v[223] = 0
v[224] = 0
v[225] = 3.25162e-09
v[226] = 0
v[227] = 0
v[228] = 0
v[229] = 0
v[230] = 0
v[231] = 0
v[232] = 0
v[233] = 1.94486e-08
v[234] = 0
v[235] = 0
v[236] = 0
v[237] = 0
v[238] = 0
v[239] = 0
v[240] = 0
v[241] = 0
v[242] = 0
v[243] = 0
v[244] = 0
v[245] = 0
v[246] = 0
v[247] = 0
v[248] = 0
v[249] = 9.6825e-09
v[250] = 0
v[251] = -7.36051e-08
v[252] = 0
v[253] = 0
v[254] = 0
v[255] = 0
v[256] = 0
v[257] = 0
v[258] = 0
v[259] = 0
v[260] = 0
v[261] = 0
v[262] = -10.8463
v[263] = 0
v[264] = 0
v[265] = 0
v[266] = 0
v[267] = 0
v[268] = 0
v[269] = 0
v[270] = 0
v[271] = -1.51442e+06
v[272] = 0
v[273] = 0
v[274] = 0
v[275] = 4.52434e+06
v[276] = 0
v[277] = 9.61178e+06
v[278] = 4.30847e+07
v[279] = 8.98538e+06
v[280] = 1.381e+07
v[281] = 1.31426e+07
v[282] = 4.28488e+07
v[283] = 4.3019e+06
v[284] = 1.12459e+07
v[285] = 4.26886e+07
v[286] = 0
v[287] = 3.5411e+07
v[288] = 3.81307e+07
v[289] = 4.56346e+07
v[290] = 3.58211e+07
v[291] = 3.11696e+07
v[292] = 5.17007e+06
v[293] = 3.80669e+06
v[294] = 1.0002e+07
v[295] = 3.94605e+07
v[296] = 2.5049e+07
v[297] = 2.05092e+06
v[298] = 6.92044e+06
v[299] = 3.09148e+07
v[300] = 3.9615e+07
v[301] = 2.26096e+07
v[302] = 2.68399e+07
v[303] = 3.27102e+07
v[304] = 3.54067e+07
v[305] = 2.97405e+07
v[306] = 4.50453e+07
v[307] = 4.38115e+07
v[308] = 2.58578e+07
v[309] = 2.30971e+07
v[310] = 4.42202e+07
v[311] = 3.81057e+07
v[312] = 4.31888e+07
v[313] = 1.68175e+07
v[314] = 1.77797e+07
v[315] = 1.62771e+07
v[316] = 9.17715e+06
v[317] = 4.76471e+06
v[318] = 2.09129e+07
v[319] = 6.51493e+06
v[320] = 7.12523e+06
v[321] = 3.66474e+07
v[322] = 6.22264e+06
v[323] = 0
v[324] = 8.97957e+06
v[325] = 8.40313e+06
v[326] = 3.38578e+07
v[327] = 2.33413e+07
v[328] = 4.66807e+07
v[329] = 8.35079e+06
v[330] = 3.20066e+07
v[331] = 1.93178e+07
v[332] = 4.38651e+07
v[333] = 9.93448e+06
v[334] = 4.90689e+07
v[335] = 3.39292e+07
v[336] = 2.72242e+07
v[337] = 1.04969e+07
v[338] = 1.67548e+07
v[339] = 1.79582e+06
v[340] = 101039
v[341] = 1.57551e+07
v[342] = 1.74746e+07
v[343] = 3.00052e+07
v[344] = 3.37372e+07
v[345] = 276780
v[346] = 0
v[347] = 1.9144e+07
v[348] = 4.57537e+07
v[349] = 6.01038e+06
v[350] = 4.31352e+07
v[351] = 3.9809e+07
v[352] = 4.4034e+07
v[353] = 3.07194e+06
v[354] = 2.06123e+07
v[355] = 1.43682e+07
v[356] = 3.45772e+07
v[357] = 181536
v[358] = 2.16105e+07
v[359] = 2.25457e+07
v[360] = 8.97353e+06
v[361] = 1.2547e+06
v[362] = 4.32855e+07
v[363] = 3.84567e+07
v[364] = 3.60729e+07
v[365] = 2.88611e+07
v[366] = 4.25891e+07
v[367] = 4.53461e+07
v[368] = 4.67582e+06
v[369] = 3.11982e+07
v[370] = 1.83142e+07
v[371] = 3.95675e+07
v[372] = 1.40821e+07
v[373] = 4.34896e+07
v[374] = 3.15984e+07
v[375] = 1.07325e-09
v[376] = 1.24732e-09
v[377] = 0
v[378] = -8.09064e-10
v[379] = -1.42172e-09
v[380] = 0
v[381] = 176.926
v[382] = 9.13456e-10
v[383] = 0
v[384] = -1.54211e-09
v[385] = 3.37505e-12
v[386] = 2.92156e-10
v[387] = 6.9066e-10
v[388] = -1.78754e-09
v[389] = 3.04927e-09
v[390] = 1.47025e-09
v[391] = -3.04573e-09
v[392] = -2.59115e-10
v[393] = 2.54782e-09
v[394] = 1.64587e-09
v[395] = -2.61012e-09
v[396] = -1.04691e-09
v[397] = 9.21327e-10
v[398] = 1.92574e-09
v[399] = 2.3111e-09
v[400] = 0
v[401] = -2.52813e-11
v[402] = 1.94773e-09
v[403] = -3.8886e-10
v[404] = -1.0695e-09
v[405] = -2.71147e-09
v[406] = -3.53658e-10
v[407] = -2.24501e-09
v[408] = 0
v[409] = 2.52358e-10
v[410] = -3.62498e-10
v[411] = -5.7161e-10
v[412] = 0
v[413] = -1.19856e-09
v[414] = 2.13484e-11
v[415] = -2.24127e-09
v[416] = 8.51344e-10
v[417] = -9.5288e-11
v[418] = -1.38175e-09
v[419] = 1.7663e-09
v[420] = 7.63398e-10
v[421] = -2.02709e-09
v[422] = 3.39985e-09
v[423] = -1.61846e-09
v[424] = 0
v[425] = -3.76544e-10
v[426] = 0
v[427] = -2.90037e-09
v[428] = -6.11665e-10
v[429] = -4.76107e-09
v[430] = 2.56919e-09
v[431] = 2.30873e-09
v[432] = 0
v[433] = 1.58415e-09
v[434] = 5.55602e-11
v[435] = -7.45497e-10
v[436] = 1.77203e-09
v[437] = 1.08463
v[438] = -5.77532e-10
v[439] = -1.01376e-09
v[440] = 0
v[441] = -3.98214e-10
v[442] = -3.56765e-09
v[443] = 2.56477e-10
v[444] = 2.32495e-09
v[445] = 0
v[446] = 151442
v[447] = -1.28047e-10
v[448] = -7.7419e-10
v[449] = 1.08429e-09
v[450] = 0
