Calculated A_i . x = -73257.908173 instead of correct value of b_i = -73257.908173.
Calculated A_i . x = -1342754.276484 instead of correct value of b_i = -1342754.276484.
145: cut: -73257.9	calc: -73257.9	diff: -1.03872e-07
146: cut: -1.34275e+06	calc: -1.34275e+06	diff: 1.13621e-07
*** WARNING (version #0ca050f): src/VwsUtility.cpp:280: Number of differences between true and calculated cuts: 2. Total difference: 2.17493e-07. Small enough difference that we will try to continue, but beware of numerical issues.
x:
x[0] = -1.70569e-11
x[1] = -1.00394e-11
x[2] = 0
x[3] = -6.74575e-12
x[4] = -1.05586e-11
x[5] = 0
x[6] = 0
x[7] = 3.55175e-12
x[8] = 8.38329e-12
x[9] = -2.313e-11
x[10] = -2.83653e-12
x[11] = -6.15211e-13
x[12] = 1.64799e-11
x[13] = 1.93316e-11
x[14] = 3.12078e-11
x[15] = 2.73116e-11
x[16] = 2.74433e-12
x[17] = 4.38944e-11
x[18] = 1.40094e-11
x[19] = 1.15155e-11
x[20] = 2.27912e-11
x[21] = 1.12805e-11
x[22] = 2.40531e-11
x[23] = 6.04541e-12
x[24] = 5.02704e-11
x[25] = 3.7616e-11
x[26] = -1.62101e-12
x[27] = 6.69731e-12
x[28] = -2.48234e-11
x[29] = -5.24139e-11
x[30] = -2.15963e-11
x[31] = -3.59656e-11
x[32] = 2.53474e-11
x[33] = 1.07504e-11
x[34] = -4.81682e-11
x[35] = 1.76165e-11
x[36] = -7.95619e-12
x[37] = -0.71069
x[38] = -1.28796e-11
x[39] = 4.06667e-12
x[40] = -2.77127e-11
x[41] = 1.78389e-11
x[42] = -2.72119e-11
x[43] = 2.469e-11
x[44] = -1.56416e-11
x[45] = -3.40756e-11
x[46] = 2.29864e-13
x[47] = 2.22484e-11
x[48] = 1.83509e-12
x[49] = -9.91323e-12
x[50] = 3.04236e-11
x[51] = 1.17821e-11
x[52] = 1.41287e-12
x[53] = 1.67451e-11
x[54] = 4.6938e-12
x[55] = -3.73644e-12
x[56] = -1.02164e-11
x[57] = 3.73288e-11
x[58] = 3.69148e-12
x[59] = 2.85421e-12
x[60] = 2.63131e-11
x[61] = -1.92919e-12
x[62] = 2.54734e-11
x[63] = -0.71069
x[64] = 6.7488e-12
x[65] = 1.87196e-11
x[66] = -5.34158e-12
x[67] = -4.96498e-12
x[68] = -26379.6
x[69] = 3.00759e-12
x[70] = -1.62079e-11
x[71] = 5.65846e-12
x[72] = 25175.8
x[73] = 4.74827e+07
x[74] = 647.438
x[75] = 639.621
x[76] = 2.63789e+06
x[77] = 0
x[78] = -25175.4
x[79] = -25175.4
x[80] = 0
x[81] = 0
x[82] = 0
x[83] = -25175.4
x[84] = -25175.4
x[85] = -25175.4
x[86] = 0
x[87] = -25175.4
x[88] = -25175.4
x[89] = 0
x[90] = -25175.4
x[91] = -25175.4
x[92] = -25175.4
x[93] = 0
x[94] = -25175.4
x[95] = 0
x[96] = -1.20426e+06
x[97] = 0
x[98] = 0
x[99] = 5.55029e+06
x[100] = 182708
x[101] = 1.00886e+07
x[102] = 4.53984e+07
x[103] = 8.10033e+06
x[104] = 1.45317e+07
x[105] = 1.59279e+07
x[106] = 4.67625e+07
x[107] = 5.0277e+06
x[108] = 1.33166e+07
x[109] = 4.51472e+07
x[110] = 1951.81
x[111] = 3.96079e+07
x[112] = 4.03595e+07
x[113] = 4.69948e+07
x[114] = 3.70788e+07
x[115] = 3.55227e+07
x[116] = 4.71167e+06
x[117] = 5.78594e+06
x[118] = 1.24864e+07
x[119] = 4.32072e+07
x[120] = 2.62754e+07
x[121] = 2.29782e+06
x[122] = 9.09621e+06
x[123] = 3.41097e+07
x[124] = 4.19348e+07
x[125] = 2.52261e+07
x[126] = 2.97816e+07
x[127] = 3.52232e+07
x[128] = 3.87324e+07
x[129] = 3.42084e+07
x[130] = 4.83451e+07
x[131] = 4.64155e+07
x[132] = 2.80433e+07
x[133] = 2.60786e+07
x[134] = 4.70539e+07
x[135] = 4.20404e+07
x[136] = 4.78475e+07
x[137] = 1.74471e+07
x[138] = 1.88667e+07
x[139] = 1.96147e+07
x[140] = 1.11909e+07
x[141] = 7.77691e+06
x[142] = 2.21714e+07
x[143] = 7.81723e+06
x[144] = 8.85604e+06
x[145] = 3.99658e+07
x[146] = 9.12647e+06
x[147] = 729215
x[148] = 8.93201e+06
x[149] = 1.02689e+07
x[150] = 3.65917e+07
x[151] = 2.37284e+07
x[152] = 5.11421e+07
x[153] = 1.16155e+07
x[154] = 3.37476e+07
x[155] = 2.16633e+07
x[156] = 4.74639e+07
x[157] = 1.20111e+07
x[158] = 5.19327e+07
x[159] = 3.64524e+07
x[160] = 2.85781e+07
x[161] = 1.2249e+07
x[162] = 1.81042e+07
x[163] = 1.78022e+06
x[164] = 305.597
x[165] = 1.83073e+07
x[166] = 2.05993e+07
x[167] = 3.18193e+07
x[168] = 3.78068e+07
x[169] = 1.14056e+06
x[170] = 437.074
x[171] = 2.02653e+07
x[172] = 4.95212e+07
x[173] = 7.6739e+06
x[174] = 4.63063e+07
x[175] = 4.41757e+07
x[176] = 4.66154e+07
x[177] = 2.59579e+06
x[178] = 2.03413e+07
x[179] = 1.58517e+07
x[180] = 3.78833e+07
x[181] = 954.456
x[182] = 2.48163e+07
x[183] = 2.36267e+07
x[184] = 9.27944e+06
x[185] = 464.791
x[186] = 4.58103e+07
x[187] = 4.35829e+07
x[188] = 3.92729e+07
x[189] = 3.00823e+07
x[190] = 4.59267e+07
x[191] = 4.77818e+07
x[192] = 4.554e+06
x[193] = 3.30051e+07
x[194] = 2.09097e+07
x[195] = 4.29065e+07
x[196] = 1.59414e+07
x[197] = 4.81883e+07
x[198] = 3.25932e+07
x[199] = -1.70569e-09
x[200] = -1.00394e-09
x[201] = 0
x[202] = -6.74575e-10
x[203] = -1.05586e-09
x[204] = 0
x[205] = 0
x[206] = 3.55175e-10
x[207] = 8.38329e-10
x[208] = -2.313e-09
x[209] = -2.83653e-10
x[210] = -6.15211e-11
x[211] = 1.64799e-09
x[212] = 1.93316e-09
x[213] = 3.12078e-09
x[214] = 2.73116e-09
x[215] = 2.74433e-10
x[216] = 4.38944e-09
x[217] = 1.40094e-09
x[218] = 1.15155e-09
x[219] = 2.27912e-09
x[220] = 1.12805e-09
x[221] = 2.40531e-09
x[222] = 6.04541e-10
x[223] = 5.02704e-09
x[224] = 3.7616e-09
x[225] = -1.62101e-10
x[226] = 6.69731e-10
x[227] = -2.48234e-09
x[228] = -5.24139e-09
x[229] = -2.15963e-09
x[230] = -3.59656e-09
x[231] = 2.53474e-09
x[232] = 1.07504e-09
x[233] = -4.81682e-09
x[234] = 1.76165e-09
x[235] = -7.95619e-10
x[236] = -1.28796e-09
x[237] = 4.06667e-10
x[238] = -2.77127e-09
x[239] = 1.78389e-09
x[240] = -2.72119e-09
x[241] = 2.469e-09
x[242] = -1.56416e-09
x[243] = -3.40756e-09
x[244] = 2.29864e-11
x[245] = 2.22484e-09
x[246] = 1.83509e-10
x[247] = -9.91323e-10
x[248] = 3.04236e-09
x[249] = 1.17821e-09
x[250] = 1.41287e-10
x[251] = 1.67451e-09
x[252] = 4.6938e-10
x[253] = -3.73644e-10
x[254] = -1.02164e-09
x[255] = 120426
x[256] = 3.73288e-09
x[257] = 3.69148e-10
x[258] = 2.85421e-10
x[259] = 2.63131e-09
x[260] = 0
x[261] = -1.92919e-10
x[262] = 2.54734e-09
x[263] = 6.7488e-10
x[264] = 1.87196e-09
x[265] = -5.34158e-10
x[266] = -4.96498e-10
x[267] = 0
x[268] = 3.00759e-10
x[269] = -1.62079e-09
x[270] = 5.65846e-10
b:
b[0] = 25175.8
b[1] = 0.397963
b[2] = 0.397963
b[3] = 25175.8
b[4] = 25175.8
b[5] = 25175.8
b[6] = 0.397963
b[7] = 0.397963
b[8] = 0.397963
b[9] = 25175.8
b[10] = 25175.8
b[11] = 0.397963
b[12] = 0.397963
b[13] = 25175.8
b[14] = 0.397963
b[15] = 0.397963
b[16] = 0.397963
b[17] = 25175.8
b[18] = 0.397963
b[19] = 25175.8
b[20] = 0
b[21] = 0
b[22] = 0
b[23] = 0
b[24] = 0
b[25] = 0
b[26] = 0
b[27] = 0
b[28] = 0
b[29] = 0
b[30] = 0
b[31] = 0
b[32] = 0
b[33] = 0
b[34] = 0
b[35] = 0
b[36] = 0
b[37] = 0
b[38] = 0
b[39] = 0
b[40] = 0
b[41] = 0
b[42] = 0
b[43] = 0
b[44] = 0
b[45] = 0
b[46] = 0
b[47] = 0
b[48] = 0
b[49] = 0
b[50] = 0
b[51] = 0
b[52] = 0
b[53] = 0
b[54] = 0
b[55] = 0
b[56] = 0
b[57] = -631.803
b[58] = 0
b[59] = 0
b[60] = 0
b[61] = 0
b[62] = 0
b[63] = 0
b[64] = 0
b[65] = 0
b[66] = 0
b[67] = 0
b[68] = 0
b[69] = 0
b[70] = 0
b[71] = 0
b[72] = 0
b[73] = 0
b[74] = 0
b[75] = 0
b[76] = 0
b[77] = -1.20426e+06
b[78] = 0
b[79] = 0
b[80] = 0
b[81] = 0
b[82] = 0
b[83] = 0
b[84] = 0
b[85] = -568.552
b[86] = 0
b[87] = 0
b[88] = 0
b[89] = 0
b[90] = -608.35
b[91] = 0
b[92] = 0
b[93] = 0
b[94] = 0
b[95] = -1.09829e+06
b[96] = -346740
b[97] = -992156
b[98] = -662789
b[99] = -1.76773e+06
b[100] = -1.03326e+06
b[101] = -297619
b[102] = -1.17054e+06
b[103] = -1.54253e+06
b[104] = -664754
b[105] = -200977
b[106] = -104906
b[107] = -411858
b[108] = -478093
b[109] = -1.51858e+06
b[110] = -1.04169e+06
b[111] = -196295
b[112] = -1.43669e+06
b[113] = -785180
b[114] = -836963
b[115] = -293840
b[116] = -1.97766e+06
b[117] = -367940
b[118] = -850210
b[119] = -54191.9
b[120] = -89228.2
b[121] = -443169
b[122] = -503382
b[123] = -46966.3
b[124] = -600158
b[125] = -113201
b[126] = -1.43428e+06
b[127] = -1.2537e+06
b[128] = -711150
b[129] = -962482
b[130] = -1.08986e+06
b[131] = -89115.5
b[132] = -718946
b[133] = -1.54732e+06
b[134] = -180297
b[135] = -356462
b[136] = -628626
b[137] = -216768
b[138] = -146103
b[139] = -519038
b[140] = -1.24907e+06
b[141] = -527468
b[142] = -345686
b[143] = -63826
b[144] = -802703
b[145] = -73257.9
b[146] = -1.34275e+06
b[147] = -1.01607e+06
b[148] = -852619
b[149] = -230014
b[150] = -1.20663e+06
b[151] = -338314
b[152] = -443468
b[153] = -178018
b[154] = -116814
b[155] = -85080.9
b[156] = -1.38972e+06
b[157] = -72255.8
b[158] = -1.33914e+06
b[159] = -570036
b[160] = -766381
b[161] = -687635
b[162] = -769084
b[163] = -286459
b[164] = -102362
b[165] = -179435
b[166] = -423183
b[167] = -47945.6
b[168] = -443169
b[169] = -109588
b[170] = -1.54751e+06
b[171] = -961003
b[172] = -552757
b[173] = -676641
b[174] = -1.92441e+06
b[175] = -162091
b[176] = -1.02844e+06
b[177] = -264476
b[178] = -61417.5
b[179] = -1.19793e+06
b[180] = -1.48564e+06
b[181] = -2.21705e+06
b[182] = -63889.2
b[183] = -50579.1
b[184] = -270959
b[185] = -888747
b[186] = -1.50533e+06
b[187] = -573429
b[188] = -1.40899e+06
b[189] = -1.10546e+06
b[190] = -327161
b[191] = -436689
b[192] = -178231
b[193] = -693656
b[194] = -963092
b[195] = 0
b[196] = 0
b[197] = 0
b[198] = 0
b[199] = 0
b[200] = 0
b[201] = 0
b[202] = 0
b[203] = 0
b[204] = 0
b[205] = 0
b[206] = 0
b[207] = 0
b[208] = 0
b[209] = 0
b[210] = 0
b[211] = 0
b[212] = 0
b[213] = 0
b[214] = 0
b[215] = 0
b[216] = 0
b[217] = 0
b[218] = 0
b[219] = 0
b[220] = 0
b[221] = 0
b[222] = 0
b[223] = 0
b[224] = 0
b[225] = 0
b[226] = 0
b[227] = 0
b[228] = 0
b[229] = 0
b[230] = 0
b[231] = 0
b[232] = 71.069
b[233] = 0
b[234] = 0
b[235] = 0
b[236] = 0
b[237] = 0
b[238] = 0
b[239] = 0
b[240] = 0
b[241] = 0
b[242] = 0
b[243] = 0
b[244] = 0
b[245] = 0
b[246] = 0
b[247] = 0
b[248] = 0
b[249] = 0
b[250] = 0
b[251] = 0
b[252] = 120426
b[253] = 0
b[254] = 0
b[255] = 0
b[256] = 0
b[257] = 0
b[258] = 0
b[259] = 0
b[260] = 71.069
b[261] = 0
b[262] = 0
b[263] = 0
b[264] = 0
b[265] = 71.069
b[266] = 0
b[267] = 0
b[268] = 0
b[269] = 0
b[270] = 1205.29
v:
v[0] = -1.70569e-11
v[1] = -1.00394e-11
v[2] = 0
v[3] = -6.74575e-12
v[4] = -1.05586e-11
v[5] = 0
v[6] = 0
v[7] = 3.55175e-12
v[8] = 8.38329e-12
v[9] = -2.313e-11
v[10] = -2.83653e-12
v[11] = -6.15211e-13
v[12] = 1.64799e-11
v[13] = 1.93316e-11
v[14] = 3.12078e-11
v[15] = 2.73116e-11
v[16] = 2.74433e-12
v[17] = 4.38944e-11
v[18] = 1.40094e-11
v[19] = 1.15155e-11
v[20] = 2.27912e-11
v[21] = 1.12805e-11
v[22] = 2.40531e-11
v[23] = 6.04541e-12
v[24] = 5.02704e-11
v[25] = 3.7616e-11
v[26] = -1.62101e-12
v[27] = 6.69731e-12
v[28] = -2.48234e-11
v[29] = -5.24139e-11
v[30] = -2.15963e-11
v[31] = -3.59656e-11
v[32] = 2.53474e-11
v[33] = 1.07504e-11
v[34] = -4.81682e-11
v[35] = 1.76165e-11
v[36] = -7.95619e-12
v[37] = -0.71069
v[38] = -1.28796e-11
v[39] = 4.06667e-12
v[40] = -2.77127e-11
v[41] = 1.78389e-11
v[42] = -2.72119e-11
v[43] = 2.469e-11
v[44] = -1.56416e-11
v[45] = -3.40756e-11
v[46] = 2.29864e-13
v[47] = 2.22484e-11
v[48] = 1.83509e-12
v[49] = -9.91323e-12
v[50] = 3.04236e-11
v[51] = 1.17821e-11
v[52] = 1.41287e-12
v[53] = 1.67451e-11
v[54] = 4.6938e-12
v[55] = -3.73644e-12
v[56] = -1.02164e-11
v[57] = 0
v[58] = 3.73288e-11
v[59] = 3.69148e-12
v[60] = 2.85421e-12
v[61] = 2.63131e-11
v[62] = 0
v[63] = -1.92919e-12
v[64] = 2.54734e-11
v[65] = -0.71069
v[66] = 6.7488e-12
v[67] = 1.87196e-11
v[68] = -5.34158e-12
v[69] = -4.96498e-12
v[70] = -26379.6
v[71] = 0
v[72] = 3.00759e-12
v[73] = -1.62079e-11
v[74] = 5.65846e-12
v[75] = 25175.8
v[76] = 4.74827e+07
v[77] = 647.438
v[78] = 639.621
v[79] = 0
v[80] = 0
v[81] = 0
v[82] = 0
v[83] = 0
v[84] = 0
v[85] = 0
v[86] = 0
v[87] = 0
v[88] = 0
v[89] = 0
v[90] = 0
v[91] = 0
v[92] = 0
v[93] = 0
v[94] = 0
v[95] = 0
v[96] = 0
v[97] = 0
v[98] = 0
v[99] = 0
v[100] = 0
v[101] = 0
v[102] = 0
v[103] = 0
v[104] = 0
v[105] = 0
v[106] = 0
v[107] = 0
v[108] = 0
v[109] = 0
v[110] = 0
v[111] = 0
v[112] = 0
v[113] = 0
v[114] = 0
v[115] = 0
v[116] = 0
v[117] = 0
v[118] = 0
v[119] = 0
v[120] = 0
v[121] = 0
v[122] = 0
v[123] = 0
v[124] = 0
v[125] = 0
v[126] = 0
v[127] = 0
v[128] = 0
v[129] = 0
v[130] = 0
v[131] = 0
v[132] = 0
v[133] = 0
v[134] = 0
v[135] = 0
v[136] = 0
v[137] = 0
v[138] = 0
v[139] = 0
v[140] = 0
v[141] = 0
v[142] = 0
v[143] = 0
v[144] = 0
v[145] = 0
v[146] = 0
v[147] = 0
v[148] = 0
v[149] = 0
v[150] = 0
v[151] = 0
v[152] = 0
v[153] = 0
v[154] = 0
v[155] = 0
v[156] = 0
v[157] = 0
v[158] = 0
v[159] = 0
v[160] = 0
v[161] = 0
v[162] = 0
v[163] = 0
v[164] = 0
v[165] = 0
v[166] = 0
v[167] = 0
v[168] = 0
v[169] = 0
v[170] = 0
v[171] = 0
v[172] = 0
v[173] = 0
v[174] = 0
v[175] = 0
v[176] = 0
v[177] = 0
v[178] = 0
v[179] = 2.63789e+06
v[180] = 0
v[181] = -25175.4
v[182] = -25175.4
v[183] = 0
v[184] = 0
v[185] = 0
v[186] = -25175.4
v[187] = -25175.4
v[188] = -25175.4
v[189] = 0
v[190] = 0
v[191] = -25175.4
v[192] = -25175.4
v[193] = 0
v[194] = -25175.4
v[195] = -25175.4
v[196] = -25175.4
v[197] = 0
v[198] = -25175.4
v[199] = 0
v[200] = 0
v[201] = 0
v[202] = 0
v[203] = 0
v[204] = 0
v[205] = 0
v[206] = 0
v[207] = 0
v[208] = 0
v[209] = 0
v[210] = 0
v[211] = 0
v[212] = 0
v[213] = 0
v[214] = 0
v[215] = 0
v[216] = 0
v[217] = 0
v[218] = 0
v[219] = 0
v[220] = 0
v[221] = 0
v[222] = 0
v[223] = 0
v[224] = 0
v[225] = 0
v[226] = 0
v[227] = 0
v[228] = 0
v[229] = 0
v[230] = 0
v[231] = 0
v[232] = 0
v[233] = 0
v[234] = 0
v[235] = 0
v[236] = 0
v[237] = 0
v[238] = 0
v[239] = 0
v[240] = 0
v[241] = 0
v[242] = 0
v[243] = 0
v[244] = 0
v[245] = 0
v[246] = 0
v[247] = 0
v[248] = 0
v[249] = 0
v[250] = 0
v[251] = 0
v[252] = 0
v[253] = 0
v[254] = 0
v[255] = 0
v[256] = 0
v[257] = -1.20426e+06
v[258] = 0
v[259] = 0
v[260] = 0
v[261] = 0
v[262] = 0
v[263] = 0
v[264] = 0
v[265] = 0
v[266] = 0
v[267] = 0
v[268] = 0
v[269] = 0
v[270] = 0
v[271] = 0
v[272] = 0
v[273] = 0
v[274] = 0
v[275] = 5.55029e+06
v[276] = 182708
v[277] = 1.00886e+07
v[278] = 4.53984e+07
v[279] = 8.10033e+06
v[280] = 1.45317e+07
v[281] = 1.59279e+07
v[282] = 4.67625e+07
v[283] = 5.0277e+06
v[284] = 1.33166e+07
v[285] = 4.51472e+07
v[286] = 1951.81
v[287] = 3.96079e+07
v[288] = 4.03595e+07
v[289] = 4.69948e+07
v[290] = 3.70788e+07
v[291] = 3.55227e+07
v[292] = 4.71167e+06
v[293] = 5.78594e+06
v[294] = 1.24864e+07
v[295] = 4.32072e+07
v[296] = 2.62754e+07
v[297] = 2.29782e+06
v[298] = 9.09621e+06
v[299] = 3.41097e+07
v[300] = 4.19348e+07
v[301] = 2.52261e+07
v[302] = 2.97816e+07
v[303] = 3.52232e+07
v[304] = 3.87324e+07
v[305] = 3.42084e+07
v[306] = 4.83451e+07
v[307] = 4.64155e+07
v[308] = 2.80433e+07
v[309] = 2.60786e+07
v[310] = 4.70539e+07
v[311] = 4.20404e+07
v[312] = 4.78475e+07
v[313] = 1.74471e+07
v[314] = 1.88667e+07
v[315] = 1.96147e+07
v[316] = 1.11909e+07
v[317] = 7.77691e+06
v[318] = 2.21714e+07
v[319] = 7.81723e+06
v[320] = 8.85604e+06
v[321] = 3.99658e+07
v[322] = 9.12647e+06
v[323] = 729215
v[324] = 8.93201e+06
v[325] = 1.02689e+07
v[326] = 3.65917e+07
v[327] = 2.37284e+07
v[328] = 5.11421e+07
v[329] = 1.16155e+07
v[330] = 3.37476e+07
v[331] = 2.16633e+07
v[332] = 4.74639e+07
v[333] = 1.20111e+07
v[334] = 5.19327e+07
v[335] = 3.64524e+07
v[336] = 2.85781e+07
v[337] = 1.2249e+07
v[338] = 1.81042e+07
v[339] = 1.78022e+06
v[340] = 305.597
v[341] = 1.83073e+07
v[342] = 2.05993e+07
v[343] = 3.18193e+07
v[344] = 3.78068e+07
v[345] = 1.14056e+06
v[346] = 437.074
v[347] = 2.02653e+07
v[348] = 4.95212e+07
v[349] = 7.6739e+06
v[350] = 4.63063e+07
v[351] = 4.41757e+07
v[352] = 4.66154e+07
v[353] = 2.59579e+06
v[354] = 2.03413e+07
v[355] = 1.58517e+07
v[356] = 3.78833e+07
v[357] = 954.456
v[358] = 2.48163e+07
v[359] = 2.36267e+07
v[360] = 9.27944e+06
v[361] = 464.791
v[362] = 4.58103e+07
v[363] = 4.35829e+07
v[364] = 3.92729e+07
v[365] = 3.00823e+07
v[366] = 4.59267e+07
v[367] = 4.77818e+07
v[368] = 4.554e+06
v[369] = 3.30051e+07
v[370] = 2.09097e+07
v[371] = 4.29065e+07
v[372] = 1.59414e+07
v[373] = 4.81883e+07
v[374] = 3.25932e+07
v[375] = -1.70569e-09
v[376] = -1.00394e-09
v[377] = 0
v[378] = -6.74575e-10
v[379] = -1.05586e-09
v[380] = 0
v[381] = 0
v[382] = 3.55175e-10
v[383] = 8.38329e-10
v[384] = -2.313e-09
v[385] = -2.83653e-10
v[386] = -6.15211e-11
v[387] = 1.64799e-09
v[388] = 1.93316e-09
v[389] = 3.12078e-09
v[390] = 2.73116e-09
v[391] = 2.74433e-10
v[392] = 4.38944e-09
v[393] = 1.40094e-09
v[394] = 1.15155e-09
v[395] = 2.27912e-09
v[396] = 1.12805e-09
v[397] = 2.40531e-09
v[398] = 6.04541e-10
v[399] = 5.02704e-09
v[400] = 3.7616e-09
v[401] = -1.62101e-10
v[402] = 6.69731e-10
v[403] = -2.48234e-09
v[404] = -5.24139e-09
v[405] = -2.15963e-09
v[406] = -3.59656e-09
v[407] = 2.53474e-09
v[408] = 1.07504e-09
v[409] = -4.81682e-09
v[410] = 1.76165e-09
v[411] = -7.95619e-10
v[412] = 0
v[413] = -1.28796e-09
v[414] = 4.06667e-10
v[415] = -2.77127e-09
v[416] = 1.78389e-09
v[417] = -2.72119e-09
v[418] = 2.469e-09
v[419] = -1.56416e-09
v[420] = -3.40756e-09
v[421] = 2.29864e-11
v[422] = 2.22484e-09
v[423] = 1.83509e-10
v[424] = -9.91323e-10
v[425] = 3.04236e-09
v[426] = 1.17821e-09
v[427] = 1.41287e-10
v[428] = 1.67451e-09
v[429] = 4.6938e-10
v[430] = -3.73644e-10
v[431] = -1.02164e-09
v[432] = 120426
v[433] = 3.73288e-09
v[434] = 3.69148e-10
v[435] = 2.85421e-10
v[436] = 2.63131e-09
v[437] = 0
v[438] = -1.92919e-10
v[439] = 2.54734e-09
v[440] = 0
v[441] = 6.7488e-10
v[442] = 1.87196e-09
v[443] = -5.34158e-10
v[444] = -4.96498e-10
v[445] = 0
v[446] = 0
v[447] = 3.00759e-10
v[448] = -1.62079e-09
v[449] = 5.65846e-10
v[450] = 0
Calculated A_i . x = -1089858.852213 instead of correct value of b_i = -1089858.852213.
Calculated A_i . x = -47945.623671 instead of correct value of b_i = -47945.623671.
130: cut: -1.08986e+06	calc: -1.08986e+06	diff: -1.08732e-07
167: cut: -47945.6	calc: -47945.6	diff: 1.3016e-07
*** WARNING (version #0ca050f): src/VwsUtility.cpp:280: Number of differences between true and calculated cuts: 2. Total difference: 2.38892e-07. Small enough difference that we will try to continue, but beware of numerical issues.
x:
x[0] = 2.12953e-11
x[1] = 8.09926e-12
x[2] = 0
x[3] = 2.88611e-11
x[4] = 4.5469e-11
x[5] = 0
x[6] = 0
x[7] = -5.75143e-12
x[8] = 8.99867e-12
x[9] = -1.23542e-11
x[10] = -8.1473e-13
x[11] = 3.10965e-11
x[12] = 1.88043e-11
x[13] = -7.38576e-12
x[14] = -3.68154e-11
x[15] = 4.50822e-12
x[16] = 1.67649e-11
x[17] = -2.6808e-11
x[18] = -2.26147e-11
x[19] = -3.3477e-11
x[20] = 1.85262e-11
x[21] = 2.84656e-12
x[22] = 2.96747e-12
x[23] = 1.30192e-11
x[24] = -1.41868e-11
x[25] = 1.55898e-11
x[26] = -4.33992e-12
x[27] = 2.36368e-11
x[28] = -1.47776e-11
x[29] = 4.41568e-11
x[30] = 7.70856e-12
x[31] = -4.65171e-11
x[32] = 2.22097e-11
x[33] = 3.97554e-12
x[34] = -6.05382e-12
x[35] = 1.23201e-11
x[36] = 4.90656e-12
x[37] = -0.71069
x[38] = -8.2067e-12
x[39] = -6.81854e-12
x[40] = 8.29282e-12
x[41] = -2.3458e-12
x[42] = -1.38166e-11
x[43] = -1.6474e-11
x[44] = -6.10677e-12
x[45] = -6.83492e-12
x[46] = -9.80227e-12
x[47] = 2.04835e-11
x[48] = -4.85653e-11
x[49] = 2.29294e-11
x[50] = 2.81066e-11
x[51] = -3.29918e-11
x[52] = -9.29495e-12
x[53] = -3.64203e-11
x[54] = 4.32507e-11
x[55] = -1.89719e-11
x[56] = 3.31894e-12
x[57] = 2.6657e-11
x[58] = 9.78875e-12
x[59] = 2.47347e-11
x[60] = 2.86762e-11
x[61] = 1.15895e-11
x[62] = 3.50724e-11
x[63] = 1.19412e-11
x[64] = 4.87718e-12
x[65] = 4.18384e-12
x[66] = -4.71347e-12
x[67] = -26380.3
x[68] = -1.4515e-11
x[69] = 3.07113e-12
x[70] = 1.9719e-12
x[71] = 25175.8
x[72] = 4.7484e+07
x[73] = 647.438
x[74] = 71.069
x[75] = -7.50665e-08
x[76] = 2.63796e+06
x[77] = 0
x[78] = -25175.4
x[79] = -25175.4
x[80] = 0
x[81] = 0
x[82] = -25175.4
x[83] = -25175.4
x[84] = -25175.4
x[85] = 0
x[86] = 0
x[87] = -25175.4
x[88] = -25175.4
x[89] = 0
x[90] = -25175.4
x[91] = -25175.4
x[92] = -25175.4
x[93] = 0
x[94] = -25175.4
x[95] = 0
x[96] = -1.20426e+06
x[97] = 0
x[98] = -568.552
x[99] = 0
x[100] = 5.55016e+06
x[101] = 181779
x[102] = 1.0088e+07
x[103] = 4.53985e+07
x[104] = 8.09975e+06
x[105] = 1.45315e+07
x[106] = 1.59275e+07
x[107] = 4.67626e+07
x[108] = 5.02754e+06
x[109] = 1.33169e+07
x[110] = 4.51478e+07
x[111] = 1893.53
x[112] = 3.96077e+07
x[113] = 4.03598e+07
x[114] = 4.69953e+07
x[115] = 3.70789e+07
x[116] = 3.55229e+07
x[117] = 4.71091e+06
x[118] = 5.78489e+06
x[119] = 1.24858e+07
x[120] = 4.32078e+07
x[121] = 2.6276e+07
x[122] = 2.2969e+06
x[123] = 9.09618e+06
x[124] = 3.41094e+07
x[125] = 4.19359e+07
x[126] = 2.52261e+07
x[127] = 2.97815e+07
x[128] = 3.52239e+07
x[129] = 3.8733e+07
x[130] = 3.42082e+07
x[131] = 4.83456e+07
x[132] = 4.64161e+07
x[133] = 2.80436e+07
x[134] = 2.60783e+07
x[135] = 4.7055e+07
x[136] = 4.20409e+07
x[137] = 4.78475e+07
x[138] = 1.74467e+07
x[139] = 1.88671e+07
x[140] = 1.96147e+07
x[141] = 1.11904e+07
x[142] = 7.77695e+06
x[143] = 2.2172e+07
x[144] = 7.81726e+06
x[145] = 8.85532e+06
x[146] = 3.99668e+07
x[147] = 9.12592e+06
x[148] = 728606
x[149] = 8.93183e+06
x[150] = 1.02688e+07
x[151] = 3.65926e+07
x[152] = 2.3729e+07
x[153] = 5.11433e+07
x[154] = 1.16156e+07
x[155] = 3.37478e+07
x[156] = 2.16638e+07
x[157] = 4.74645e+07
x[158] = 1.20106e+07
x[159] = 5.19328e+07
x[160] = 3.64524e+07
x[161] = 2.85785e+07
x[162] = 1.22484e+07
x[163] = 1.81045e+07
x[164] = 1.7791e+06
x[165] = -2.25374e-07
x[166] = 1.83073e+07
x[167] = 2.05993e+07
x[168] = 3.18193e+07
x[169] = 3.7807e+07
x[170] = 1.13988e+06
x[171] = -2.47532e-07
x[172] = 2.02659e+07
x[173] = 4.95223e+07
x[174] = 7.67314e+06
x[175] = 4.63067e+07
x[176] = 4.41758e+07
x[177] = 4.66155e+07
x[178] = 2.59517e+06
x[179] = 2.03411e+07
x[180] = 1.58514e+07
x[181] = 3.78839e+07
x[182] = -1.84593e-07
x[183] = 2.48165e+07
x[184] = 2.36262e+07
x[185] = 9.27865e+06
x[186] = -2.36584e-07
x[187] = 4.58115e+07
x[188] = 4.35833e+07
x[189] = 3.92732e+07
x[190] = 3.0083e+07
x[191] = 4.59267e+07
x[192] = 4.77828e+07
x[193] = 4.55301e+06
x[194] = 3.30048e+07
x[195] = 2.09096e+07
x[196] = 4.29067e+07
x[197] = 1.59415e+07
x[198] = 4.81893e+07
x[199] = 3.2593e+07
x[200] = 2.12953e-09
x[201] = 8.09926e-10
x[202] = 0
x[203] = 2.88611e-09
x[204] = 4.5469e-09
x[205] = 0
x[206] = 0
x[207] = -5.75143e-10
x[208] = 8.99867e-10
x[209] = -1.23542e-09
x[210] = -8.1473e-11
x[211] = 3.10965e-09
x[212] = 1.88043e-09
x[213] = -7.38576e-10
x[214] = -3.68154e-09
x[215] = 4.50822e-10
x[216] = 1.67649e-09
x[217] = -2.6808e-09
x[218] = -2.26147e-09
x[219] = -3.3477e-09
x[220] = 1.85262e-09
x[221] = 2.84656e-10
x[222] = 2.96747e-10
x[223] = 1.30192e-09
x[224] = -1.41868e-09
x[225] = 1.55898e-09
x[226] = -4.33992e-10
x[227] = 2.36368e-09
x[228] = -1.47776e-09
x[229] = 7.70856e-10
x[230] = -4.65171e-09
x[231] = 2.22097e-09
x[232] = 3.97554e-10
x[233] = -6.05382e-10
x[234] = 1.23201e-09
x[235] = 4.90656e-10
x[236] = -8.2067e-10
x[237] = -6.81854e-10
x[238] = 8.29282e-10
x[239] = -2.3458e-10
x[240] = -1.38166e-09
x[241] = -1.6474e-09
x[242] = -6.10677e-10
x[243] = -6.83492e-10
x[244] = -9.80227e-10
x[245] = 2.04835e-09
x[246] = -4.85653e-09
x[247] = 2.29294e-09
x[248] = 2.81066e-09
x[249] = -3.29918e-09
x[250] = -9.29495e-10
x[251] = -3.64203e-09
x[252] = 4.32507e-09
x[253] = -1.89719e-09
x[254] = 3.31894e-10
x[255] = 120426
x[256] = 2.6657e-09
x[257] = 9.78875e-10
x[258] = 2.47347e-09
x[259] = 2.86762e-09
x[260] = 0
x[261] = 1.15895e-09
x[262] = 3.50724e-09
x[263] = 1.19412e-09
x[264] = 4.87718e-10
x[265] = 4.18384e-10
x[266] = -4.71347e-10
x[267] = 0
x[268] = -1.4515e-09
x[269] = 3.07113e-10
x[270] = 1.9719e-10
b:
b[0] = 25175.8
b[1] = 0.397963
b[2] = 0.397963
b[3] = 25175.8
b[4] = 25175.8
b[5] = 25175.8
b[6] = 0.397963
b[7] = 0.397963
b[8] = 0.397963
b[9] = 25175.8
b[10] = 25175.8
b[11] = 0.397963
b[12] = 0.397963
b[13] = 25175.8
b[14] = 0.397963
b[15] = 0.397963
b[16] = 0.397963
b[17] = 25175.8
b[18] = 0.397963
b[19] = 25175.8
b[20] = 0
b[21] = 0
b[22] = 0
b[23] = 0
b[24] = 0
b[25] = 0
b[26] = 0
b[27] = 0
b[28] = 0
b[29] = 0
b[30] = 0
b[31] = 0
b[32] = 0
b[33] = 0
b[34] = 0
b[35] = 0
b[36] = 0
b[37] = 0
b[38] = 0
b[39] = 0
b[40] = 0
b[41] = 0
b[42] = 0
b[43] = 0
b[44] = 0
b[45] = 0
b[46] = 0
b[47] = 0
b[48] = 0
b[49] = 0
b[50] = 0
b[51] = 0
b[52] = 0
b[53] = 0
b[54] = 0
b[55] = 0
b[56] = 0
b[57] = -631.803
b[58] = 0
b[59] = 0
b[60] = 0
b[61] = 0
b[62] = 0
b[63] = 0
b[64] = 0
b[65] = 0
b[66] = 0
b[67] = 0
b[68] = 0
b[69] = 0
b[70] = 0
b[71] = 0
b[72] = 0
b[73] = 0
b[74] = 0
b[75] = 0
b[76] = 0
b[77] = -1.20426e+06
b[78] = 0
b[79] = 0
b[80] = 0
b[81] = 0
b[82] = 0
b[83] = 0
b[84] = 0
b[85] = -568.552
b[86] = 0
b[87] = 0
b[88] = 0
b[89] = 0
b[90] = -608.35
b[91] = 0
b[92] = 0
b[93] = 0
b[94] = 0
b[95] = -1.09829e+06
b[96] = -346740
b[97] = -992156
b[98] = -662789
b[99] = -1.76773e+06
b[100] = -1.03326e+06
b[101] = -297619
b[102] = -1.17054e+06
b[103] = -1.54253e+06
b[104] = -664754
b[105] = -200977
b[106] = -104906
b[107] = -411858
b[108] = -478093
b[109] = -1.51858e+06
b[110] = -1.04169e+06
b[111] = -196295
b[112] = -1.43669e+06
b[113] = -785180
b[114] = -836963
b[115] = -293840
b[116] = -1.97766e+06
b[117] = -367940
b[118] = -850210
b[119] = -54191.9
b[120] = -89228.2
b[121] = -443169
b[122] = -503382
b[123] = -46966.3
b[124] = -600158
b[125] = -113201
b[126] = -1.43428e+06
b[127] = -1.2537e+06
b[128] = -711150
b[129] = -962482
b[130] = -1.08986e+06
b[131] = -89115.5
b[132] = -718946
b[133] = -1.54732e+06
b[134] = -180297
b[135] = -356462
b[136] = -628626
b[137] = -216768
b[138] = -146103
b[139] = -519038
b[140] = -1.24907e+06
b[141] = -527468
b[142] = -345686
b[143] = -63826
b[144] = -802703
b[145] = -73257.9
b[146] = -1.34275e+06
b[147] = -1.01607e+06
b[148] = -852619
b[149] = -230014
b[150] = -1.20663e+06
b[151] = -338314
b[152] = -443468
b[153] = -178018
b[154] = -116814
b[155] = -85080.9
b[156] = -1.38972e+06
b[157] = -72255.8
b[158] = -1.33914e+06
b[159] = -570036
b[160] = -766381
b[161] = -687635
b[162] = -769084
b[163] = -286459
b[164] = -102362
b[165] = -179435
b[166] = -423183
b[167] = -47945.6
b[168] = -443169
b[169] = -109588
b[170] = -1.54751e+06
b[171] = -961003
b[172] = -552757
b[173] = -676641
b[174] = -1.92441e+06
b[175] = -162091
b[176] = -1.02844e+06
b[177] = -264476
b[178] = -61417.5
b[179] = -1.19793e+06
b[180] = -1.48564e+06
b[181] = -2.21705e+06
b[182] = -63889.2
b[183] = -50579.1
b[184] = -270959
b[185] = -888747
b[186] = -1.50533e+06
b[187] = -573429
b[188] = -1.40899e+06
b[189] = -1.10546e+06
b[190] = -327161
b[191] = -436689
b[192] = -178231
b[193] = -693656
b[194] = -963092
b[195] = 0
b[196] = 0
b[197] = 0
b[198] = 0
b[199] = 0
b[200] = 0
b[201] = 0
b[202] = 0
b[203] = 0
b[204] = 0
b[205] = 0
b[206] = 0
b[207] = 0
b[208] = 0
b[209] = 0
b[210] = 0
b[211] = 0
b[212] = 0
b[213] = 0
b[214] = 0
b[215] = 0
b[216] = 0
b[217] = 0
b[218] = 0
b[219] = 0
b[220] = 0
b[221] = 0
b[222] = 0
b[223] = 0
b[224] = 0
b[225] = 0
b[226] = 0
b[227] = 0
b[228] = 0
b[229] = 0
b[230] = 0
b[231] = 0
b[232] = 71.069
b[233] = 0
b[234] = 0
b[235] = 0
b[236] = 0
b[237] = 0
b[238] = 0
b[239] = 0
b[240] = 0
b[241] = 0
b[242] = 0
b[243] = 0
b[244] = 0
b[245] = 0
b[246] = 0
b[247] = 0
b[248] = 0
b[249] = 0
b[250] = 0
b[251] = 0
b[252] = 120426
b[253] = 0
b[254] = 0
b[255] = 0
b[256] = 0
b[257] = 0
b[258] = 0
b[259] = 0
b[260] = 71.069
b[261] = 0
b[262] = 0
b[263] = 0
b[264] = 0
b[265] = 71.069
b[266] = 0
b[267] = 0
b[268] = 0
b[269] = 0
b[270] = 1205.29
v:
v[0] = 2.12953e-11
v[1] = 8.09926e-12
v[2] = 0
v[3] = 2.88611e-11
v[4] = 4.5469e-11
v[5] = 0
v[6] = 0
v[7] = -5.75143e-12
v[8] = 8.99867e-12
v[9] = -1.23542e-11
v[10] = -8.1473e-13
v[11] = 3.10965e-11
v[12] = 1.88043e-11
v[13] = -7.38576e-12
v[14] = -3.68154e-11
v[15] = 4.50822e-12
v[16] = 1.67649e-11
v[17] = -2.6808e-11
v[18] = -2.26147e-11
v[19] = -3.3477e-11
v[20] = 1.85262e-11
v[21] = 2.84656e-12
v[22] = 2.96747e-12
v[23] = 1.30192e-11
v[24] = -1.41868e-11
v[25] = 1.55898e-11
v[26] = -4.33992e-12
v[27] = 2.36368e-11
v[28] = -1.47776e-11
v[29] = 4.41568e-11
v[30] = 7.70856e-12
v[31] = -4.65171e-11
v[32] = 2.22097e-11
v[33] = 3.97554e-12
v[34] = -6.05382e-12
v[35] = 1.23201e-11
v[36] = 4.90656e-12
v[37] = -0.71069
v[38] = -8.2067e-12
v[39] = -6.81854e-12
v[40] = 8.29282e-12
v[41] = -2.3458e-12
v[42] = -1.38166e-11
v[43] = -1.6474e-11
v[44] = -6.10677e-12
v[45] = -6.83492e-12
v[46] = -9.80227e-12
v[47] = 2.04835e-11
v[48] = -4.85653e-11
v[49] = 2.29294e-11
v[50] = 2.81066e-11
v[51] = -3.29918e-11
v[52] = -9.29495e-12
v[53] = -3.64203e-11
v[54] = 4.32507e-11
v[55] = -1.89719e-11
v[56] = 3.31894e-12
v[57] = 0
v[58] = 2.6657e-11
v[59] = 9.78875e-12
v[60] = 2.47347e-11
v[61] = 2.86762e-11
v[62] = 0
v[63] = 1.15895e-11
v[64] = 3.50724e-11
v[65] = 0
v[66] = 1.19412e-11
v[67] = 4.87718e-12
v[68] = 4.18384e-12
v[69] = -4.71347e-12
v[70] = -26380.3
v[71] = 0
v[72] = -1.4515e-11
v[73] = 3.07113e-12
v[74] = 1.9719e-12
v[75] = 25175.8
v[76] = 4.7484e+07
v[77] = 647.438
v[78] = 0
v[79] = 0
v[80] = 0
v[81] = 0
v[82] = 71.069
v[83] = -7.50665e-08
v[84] = 0
v[85] = 2.63796e+06
v[86] = 0
v[87] = -25175.4
v[88] = -25175.4
v[89] = 0
v[90] = 0
v[91] = 0
v[92] = -25175.4
v[93] = -25175.4
v[94] = -25175.4
v[95] = 0
v[96] = 0
v[97] = -25175.4
v[98] = -25175.4
v[99] = 0
v[100] = -25175.4
v[101] = -25175.4
v[102] = -25175.4
v[103] = 0
v[104] = -25175.4
v[105] = 0
v[106] = 0
v[107] = 0
v[108] = 0
v[109] = 0
v[110] = 0
v[111] = 0
v[112] = 0
v[113] = 0
v[114] = 0
v[115] = 0
v[116] = 0
v[117] = 0
v[118] = 0
v[119] = 0
v[120] = 0
v[121] = 0
v[122] = 0
v[123] = 0
v[124] = 0
v[125] = 0
v[126] = 0
v[127] = 0
v[128] = 0
v[129] = 0
v[130] = 0
v[131] = 0
v[132] = 0
v[133] = 0
v[134] = 0
v[135] = 0
v[136] = 0
v[137] = 0
v[138] = 0
v[139] = 0
v[140] = 0
v[141] = 0
v[142] = 0
v[143] = 0
v[144] = 0
v[145] = 0
v[146] = 0
v[147] = 0
v[148] = 0
v[149] = 0
v[150] = 0
v[151] = 0
v[152] = 0
v[153] = 0
v[154] = 0
v[155] = 0
v[156] = 0
v[157] = 0
v[158] = 0
v[159] = 0
v[160] = 0
v[161] = 0
v[162] = 0
v[163] = -1.20426e+06
v[164] = 0
v[165] = 0
v[166] = 0
v[167] = 0
v[168] = 0
v[169] = 0
v[170] = 0
v[171] = -568.552
v[172] = 0
v[173] = 0
v[174] = 0
v[175] = 0
v[176] = 0
v[177] = 0
v[178] = 0
v[179] = 0
v[180] = 0
v[181] = 5.55016e+06
v[182] = 181779
v[183] = 1.0088e+07
v[184] = 4.53985e+07
v[185] = 8.09975e+06
v[186] = 1.45315e+07
v[187] = 1.59275e+07
v[188] = 4.67626e+07
v[189] = 5.02754e+06
v[190] = 1.33169e+07
v[191] = 4.51478e+07
v[192] = 1893.53
v[193] = 3.96077e+07
v[194] = 4.03598e+07
v[195] = 4.69953e+07
v[196] = 3.70789e+07
v[197] = 3.55229e+07
v[198] = 4.71091e+06
v[199] = 5.78489e+06
v[200] = 1.24858e+07
v[201] = 4.32078e+07
v[202] = 2.6276e+07
v[203] = 2.2969e+06
v[204] = 9.09618e+06
v[205] = 3.41094e+07
v[206] = 4.19359e+07
v[207] = 2.52261e+07
v[208] = 2.97815e+07
v[209] = 3.52239e+07
v[210] = 3.8733e+07
v[211] = 3.42082e+07
v[212] = 4.83456e+07
v[213] = 4.64161e+07
v[214] = 2.80436e+07
v[215] = 2.60783e+07
v[216] = 4.7055e+07
v[217] = 4.20409e+07
v[218] = 4.78475e+07
v[219] = 1.74467e+07
v[220] = 1.88671e+07
v[221] = 1.96147e+07
v[222] = 1.11904e+07
v[223] = 7.77695e+06
v[224] = 2.2172e+07
v[225] = 7.81726e+06
v[226] = 8.85532e+06
v[227] = 3.99668e+07
v[228] = 9.12592e+06
v[229] = 728606
v[230] = 8.93183e+06
v[231] = 1.02688e+07
v[232] = 3.65926e+07
v[233] = 2.3729e+07
v[234] = 5.11433e+07
v[235] = 1.16156e+07
v[236] = 3.37478e+07
v[237] = 2.16638e+07
v[238] = 4.74645e+07
v[239] = 1.20106e+07
v[240] = 5.19328e+07
v[241] = 3.64524e+07
v[242] = 2.85785e+07
v[243] = 1.22484e+07
v[244] = 1.81045e+07
v[245] = 1.7791e+06
v[246] = -2.25374e-07
v[247] = 1.83073e+07
v[248] = 2.05993e+07
v[249] = 3.18193e+07
v[250] = 3.7807e+07
v[251] = 1.13988e+06
v[252] = -2.47532e-07
v[253] = 2.02659e+07
v[254] = 4.95223e+07
v[255] = 7.67314e+06
v[256] = 4.63067e+07
v[257] = 4.41758e+07
v[258] = 4.66155e+07
v[259] = 2.59517e+06
v[260] = 2.03411e+07
v[261] = 1.58514e+07
v[262] = 3.78839e+07
v[263] = -1.84593e-07
v[264] = 2.48165e+07
v[265] = 2.36262e+07
v[266] = 9.27865e+06
v[267] = -2.36584e-07
v[268] = 4.58115e+07
v[269] = 4.35833e+07
v[270] = 3.92732e+07
v[271] = 3.0083e+07
v[272] = 4.59267e+07
v[273] = 4.77828e+07
v[274] = 4.55301e+06
v[275] = 3.30048e+07
v[276] = 2.09096e+07
v[277] = 4.29067e+07
v[278] = 1.59415e+07
v[279] = 4.81893e+07
v[280] = 3.2593e+07
v[281] = 2.12953e-09
v[282] = 8.09926e-10
v[283] = 0
v[284] = 2.88611e-09
v[285] = 4.5469e-09
v[286] = 0
v[287] = 0
v[288] = -5.75143e-10
v[289] = 8.99867e-10
v[290] = -1.23542e-09
v[291] = -8.1473e-11
v[292] = 3.10965e-09
v[293] = 1.88043e-09
v[294] = -7.38576e-10
v[295] = -3.68154e-09
v[296] = 4.50822e-10
v[297] = 1.67649e-09
v[298] = -2.6808e-09
v[299] = -2.26147e-09
v[300] = -3.3477e-09
v[301] = 1.85262e-09
v[302] = 2.84656e-10
v[303] = 2.96747e-10
v[304] = 1.30192e-09
v[305] = -1.41868e-09
v[306] = 1.55898e-09
v[307] = -4.33992e-10
v[308] = 2.36368e-09
v[309] = -1.47776e-09
v[310] = 0
v[311] = 7.70856e-10
v[312] = -4.65171e-09
v[313] = 2.22097e-09
v[314] = 3.97554e-10
v[315] = -6.05382e-10
v[316] = 1.23201e-09
v[317] = 4.90656e-10
v[318] = 0
v[319] = -8.2067e-10
v[320] = -6.81854e-10
v[321] = 8.29282e-10
v[322] = -2.3458e-10
v[323] = -1.38166e-09
v[324] = -1.6474e-09
v[325] = -6.10677e-10
v[326] = -6.83492e-10
v[327] = -9.80227e-10
v[328] = 2.04835e-09
v[329] = -4.85653e-09
v[330] = 2.29294e-09
v[331] = 2.81066e-09
v[332] = -3.29918e-09
v[333] = -9.29495e-10
v[334] = -3.64203e-09
v[335] = 4.32507e-09
v[336] = -1.89719e-09
v[337] = 3.31894e-10
v[338] = 120426
v[339] = 2.6657e-09
v[340] = 9.78875e-10
v[341] = 2.47347e-09
v[342] = 2.86762e-09
v[343] = 0
v[344] = 1.15895e-09
v[345] = 3.50724e-09
v[346] = 0
v[347] = 1.19412e-09
v[348] = 4.87718e-10
v[349] = 4.18384e-10
v[350] = -4.71347e-10
v[351] = 0
v[352] = 0
v[353] = -1.4515e-09
v[354] = 3.07113e-10
v[355] = 1.9719e-10
v[356] = 0
