*** WARNING (version #0ca050f): /home/sek519/warm_starting/vws/../vpc/src/utility/nbspace.cpp:372: Ray 0: Calculated dot product with obj differs from solver's. Obj viol from solver: 6.34030642. Calculated: 6.34030631.
*** WARNING (version #0ca050f): /home/sek519/warm_starting/vws/../vpc/src/utility/nbspace.cpp:372: Ray 39: Calculated dot product with obj differs from solver's. Obj viol from solver: 1.00010894. Calculated: 1.00010882.
*** WARNING (version #0ca050f): /home/sek519/warm_starting/vws/../vpc/src/utility/nbspace.cpp:372: Ray 132: Calculated dot product with obj differs from solver's. Obj viol from solver: 4.00001555. Calculated: 4.00001542.
*** WARNING (version #0ca050f): /home/sek519/warm_starting/vws/../vpc/src/utility/nbspace.cpp:372: Ray 1300: Calculated dot product with obj differs from solver's. Obj viol from solver: 5.65969358. Calculated: 5.65969369.
*** WARNING (version #0ca050f): /home/sek519/warm_starting/vws/../vpc/src/utility/nbspace.cpp:372: Ray 1339: Calculated dot product with obj differs from solver's. Obj viol from solver: 8.99989106. Calculated: 8.99989118.
*** WARNING (version #0ca050f): /home/sek519/warm_starting/vws/../vpc/src/utility/nbspace.cpp:372: Ray 1432: Calculated dot product with obj differs from solver's. Obj viol from solver: 6.99998445. Calculated: 6.99998458.
*** WARNING (version #0ca050f): /home/sek519/warm_starting/vws/../vpc/src/utility/nbspace.cpp:372: Ray 43: Calculated dot product with obj differs from solver's. Obj viol from solver: 1.99996009. Calculated: 1.99995998.
*** WARNING (version #0ca050f): /home/sek519/warm_starting/vws/../vpc/src/utility/nbspace.cpp:372: Ray 1294: Calculated dot product with obj differs from solver's. Obj viol from solver: 0.00005144. Calculated: 0.00005117.
*** WARNING (version #0ca050f): /home/sek519/warm_starting/vws/../vpc/src/utility/nbspace.cpp:372: Ray 1343: Calculated dot product with obj differs from solver's. Obj viol from solver: 6.00003991. Calculated: 6.00004002.
*** WARNING (version #0ca050f): /home/sek519/warm_starting/vws/../vpc/src/utility/nbspace.cpp:372: Ray 134: Calculated dot product with obj differs from solver's. Obj viol from solver: 0.05594185. Calculated: 0.05594203.
*** WARNING (version #0ca050f): /home/sek519/warm_starting/vws/../vpc/src/utility/nbspace.cpp:372: Ray 1434: Calculated dot product with obj differs from solver's. Obj viol from solver: 5.94405815. Calculated: 5.94405797.
*** WARNING (version #0ca050f): /home/sek519/warm_starting/vws/../vpc/src/utility/nbspace.cpp:372: Ray 153: Calculated dot product with obj differs from solver's. Obj viol from solver: 5.01461923. Calculated: 5.01461936.
*** WARNING (version #0ca050f): /home/sek519/warm_starting/vws/../vpc/src/utility/nbspace.cpp:372: Ray 109: Calculated dot product with obj differs from solver's. Obj viol from solver: 4.39370629. Calculated: 4.39370615.
*** WARNING (version #0ca050f): /home/sek519/warm_starting/vws/../vpc/src/utility/nbspace.cpp:372: Ray 112: Calculated dot product with obj differs from solver's. Obj viol from solver: 2.47437049. Calculated: 2.47437036.
*** WARNING (version #0ca050f): /home/sek519/warm_starting/vws/../vpc/src/utility/nbspace.cpp:372: Ray 1409: Calculated dot product with obj differs from solver's. Obj viol from solver: 4.60629371. Calculated: 4.60629385.
*** WARNING (version #0ca050f): /home/sek519/warm_starting/vws/../vpc/src/utility/nbspace.cpp:372: Ray 1412: Calculated dot product with obj differs from solver's. Obj viol from solver: 5.52562951. Calculated: 5.52562964.
*** WARNING (version #0ca050f): /home/sek519/warm_starting/vws/../vpc/src/utility/nbspace.cpp:372: Ray 147: Calculated dot product with obj differs from solver's. Obj viol from solver: 7.74917492. Calculated: 7.74917482.
*** WARNING (version #0ca050f): /home/sek519/warm_starting/vws/../vpc/src/utility/nbspace.cpp:372: Ray 151: Calculated dot product with obj differs from solver's. Obj viol from solver: 1.73065105. Calculated: 1.73065094.
*** WARNING (version #0ca050f): /home/sek519/warm_starting/vws/../vpc/src/utility/nbspace.cpp:372: Ray 1447: Calculated dot product with obj differs from solver's. Obj viol from solver: 6.25082508. Calculated: 6.25082518.
*** WARNING (version #0ca050f): /home/sek519/warm_starting/vws/../vpc/src/utility/nbspace.cpp:372: Ray 1451: Calculated dot product with obj differs from solver's. Obj viol from solver: 6.26934895. Calculated: 6.26934906.
*** WARNING (version #0ca050f): /home/sek519/warm_starting/vws/../vpc/src/cut/PRLP.cpp:392: PRLP took too long to solve (60.212000 sec, with limit of 60.000000 sec); giving up on this point-ray collection.
*** WARNING (version #0ca050f): /home/sek519/warm_starting/vws/../vpc/src/utility/nbspace.cpp:372: Ray 1299: Calculated dot product with obj differs from solver's. Obj viol from solver: 0.18051910. Calculated: 0.18051899.
*** WARNING (version #0ca050f): /home/sek519/warm_starting/vws/../vpc/src/utility/nbspace.cpp:372: Ray 17: Calculated dot product with obj differs from solver's. Obj viol from solver: 0.73469643. Calculated: 0.73469657.
*** WARNING (version #0ca050f): /home/sek519/warm_starting/vws/../vpc/src/utility/nbspace.cpp:372: Ray 18: Calculated dot product with obj differs from solver's. Obj viol from solver: 1.73466334. Calculated: 1.73466347.
*** WARNING (version #0ca050f): /home/sek519/warm_starting/vws/../vpc/src/utility/nbspace.cpp:372: Ray 19: Calculated dot product with obj differs from solver's. Obj viol from solver: 1.73473493. Calculated: 1.73473506.
*** WARNING (version #0ca050f): /home/sek519/warm_starting/vws/../vpc/src/utility/nbspace.cpp:372: Ray 20: Calculated dot product with obj differs from solver's. Obj viol from solver: 2.73592679. Calculated: 2.73592693.
*** WARNING (version #0ca050f): /home/sek519/warm_starting/vws/../vpc/src/utility/nbspace.cpp:372: Ray 1317: Calculated dot product with obj differs from solver's. Obj viol from solver: 8.26530357. Calculated: 8.26530343.
*** WARNING (version #0ca050f): /home/sek519/warm_starting/vws/../vpc/src/utility/nbspace.cpp:372: Ray 1318: Calculated dot product with obj differs from solver's. Obj viol from solver: 8.26533666. Calculated: 8.26533653.
*** WARNING (version #0ca050f): /home/sek519/warm_starting/vws/../vpc/src/utility/nbspace.cpp:372: Ray 1319: Calculated dot product with obj differs from solver's. Obj viol from solver: 8.26526507. Calculated: 8.26526494.
*** WARNING (version #0ca050f): /home/sek519/warm_starting/vws/../vpc/src/utility/nbspace.cpp:372: Ray 1320: Calculated dot product with obj differs from solver's. Obj viol from solver: 8.26407321. Calculated: 8.26407307.
terminate called after throwing an instance of 'std::bad_alloc'
  what():  std::bad_alloc
/var/spool/torque/mom_priv/jobs/1369134.polyp1.ie.lehigh.edu.SC: line 4:  8125 Aborted                 (core dumped) ../Debug/vws ${INPUT_FOLDER} ${OUTPUT_FILE} ${MAX_TIME} ${GENERATOR} ${TERMS} ${MIP_SOLVER} ${PROVIDE_PRIMAL_BOUND}
