*** WARNING (version #0ca050f): /home/sek519/warm_starting/vws/../vpc/src/cut/CglVPC.cpp:683: Nonbasic reduced cost should be >= 0 in the complemented nonbasic space. However, for nb var 3193 (real var 3404), it is -3.071212e-06. Small enough error that we only send warning.
*** WARNING (version #0ca050f): /home/sek519/warm_starting/vws/../vpc/src/utility/nbspace.cpp:358: Ray 3404: dot product with obj < 0. Obj viol from solver: -0.00000307. Calculated: -0.00000307.
*** WARNING (version #0ca050f): /home/sek519/warm_starting/vws/../vpc/src/cut/CglVPC.cpp:1243: Term 5 ray 3193 does not satisfy the objective cut. Activity: -0.00000307. RHS: 0.00000000. Small enough violation that we only send a warning.
*** WARNING (version #0ca050f): /home/sek519/warm_starting/vws/../vpc/src/cut/CglVPC.cpp:683: Nonbasic reduced cost should be >= 0 in the complemented nonbasic space. However, for nb var 3192 (real var 3404), it is -3.071323e-06. Small enough error that we only send warning.
*** WARNING (version #0ca050f): /home/sek519/warm_starting/vws/../vpc/src/cut/CglVPC.cpp:683: Nonbasic reduced cost should be >= 0 in the complemented nonbasic space. However, for nb var 3268 (real var 3494), it is -4.364345e-06. Small enough error that we only send warning.
*** WARNING (version #0ca050f): /home/sek519/warm_starting/vws/../vpc/src/utility/nbspace.cpp:358: Ray 3404: dot product with obj < 0. Obj viol from solver: -0.00000307. Calculated: -0.00000307.
*** WARNING (version #0ca050f): /home/sek519/warm_starting/vws/../vpc/src/cut/CglVPC.cpp:1243: Term 6 ray 3192 does not satisfy the objective cut. Activity: -0.00000307. RHS: 0.00000000. Small enough violation that we only send a warning.
*** WARNING (version #0ca050f): /home/sek519/warm_starting/vws/../vpc/src/utility/nbspace.cpp:358: Ray 3494: dot product with obj < 0. Obj viol from solver: -0.00000436. Calculated: -0.00000436.
*** WARNING (version #0ca050f): /home/sek519/warm_starting/vws/../vpc/src/cut/CglVPC.cpp:1243: Term 6 ray 3268 does not satisfy the objective cut. Activity: -0.00000436. RHS: 0.00000000. Small enough violation that we only send a warning.
*** WARNING (version #0ca050f): /home/sek519/warm_starting/vws/../vpc/src/cut/CglVPC.cpp:683: Nonbasic reduced cost should be >= 0 in the complemented nonbasic space. However, for nb var 2658 (real var 2914), it is -2.463210e-07. Small enough error that we only send warning.
*** WARNING (version #0ca050f): /home/sek519/warm_starting/vws/../vpc/src/utility/nbspace.cpp:358: Ray 2914: dot product with obj < 0. Obj viol from solver: -0.00000025. Calculated: -0.00000025.
*** WARNING (version #0ca050f): /home/sek519/warm_starting/vws/../vpc/src/cut/CglVPC.cpp:1243: Term 11 ray 2658 does not satisfy the objective cut. Activity: -0.00000025. RHS: 0.00000000. Small enough violation that we only send a warning.
*** WARNING (version #0ca050f): /home/sek519/warm_starting/vws/../vpc/src/cut/CglVPC.cpp:683: Nonbasic reduced cost should be >= 0 in the complemented nonbasic space. However, for nb var 2659 (real var 2914), it is -2.463210e-07. Small enough error that we only send warning.
*** WARNING (version #0ca050f): /home/sek519/warm_starting/vws/../vpc/src/utility/nbspace.cpp:358: Ray 2914: dot product with obj < 0. Obj viol from solver: -0.00000025. Calculated: -0.00000025.
*** WARNING (version #0ca050f): /home/sek519/warm_starting/vws/../vpc/src/cut/CglVPC.cpp:1243: Term 12 ray 2659 does not satisfy the objective cut. Activity: -0.00000025. RHS: 0.00000000. Small enough violation that we only send a warning.
*** WARNING (version #0ca050f): /home/sek519/warm_starting/vws/../vpc/src/cut/CglVPC.cpp:683: Nonbasic reduced cost should be >= 0 in the complemented nonbasic space. However, for nb var 1571 (real var 1714), it is -1.374975e-07. Small enough error that we only send warning.
*** WARNING (version #0ca050f): /home/sek519/warm_starting/vws/../vpc/src/utility/nbspace.cpp:358: Ray 1714: dot product with obj < 0. Obj viol from solver: -0.00000014. Calculated: -0.00000014.
*** WARNING (version #0ca050f): /home/sek519/warm_starting/vws/../vpc/src/cut/CglVPC.cpp:1243: Term 14 ray 1571 does not satisfy the objective cut. Activity: -0.00000014. RHS: 0.00000000. Small enough violation that we only send a warning.
*** WARNING (version #0ca050f): /home/sek519/warm_starting/vws/../vpc/src/cut/CglVPC.cpp:683: Nonbasic reduced cost should be >= 0 in the complemented nonbasic space. However, for nb var 1579 (real var 1714), it is -1.374975e-07. Small enough error that we only send warning.
*** WARNING (version #0ca050f): /home/sek519/warm_starting/vws/../vpc/src/utility/nbspace.cpp:358: Ray 1714: dot product with obj < 0. Obj viol from solver: -0.00000014. Calculated: -0.00000014.
*** WARNING (version #0ca050f): /home/sek519/warm_starting/vws/../vpc/src/cut/CglVPC.cpp:1243: Term 15 ray 1579 does not satisfy the objective cut. Activity: -0.00000014. RHS: 0.00000000. Small enough violation that we only send a warning.
*** WARNING (version #0ca050f): /home/sek519/warm_starting/vws/../vpc/src/cut/CglVPC.cpp:683: Nonbasic reduced cost should be >= 0 in the complemented nonbasic space. However, for nb var 2331 (real var 2505), it is -1.200043e-06. Small enough error that we only send warning.
*** WARNING (version #0ca050f): /home/sek519/warm_starting/vws/../vpc/src/utility/nbspace.cpp:358: Ray 2505: dot product with obj < 0. Obj viol from solver: -0.00000120. Calculated: -0.00000120.
*** WARNING (version #0ca050f): /home/sek519/warm_starting/vws/../vpc/src/cut/CglVPC.cpp:1243: Term 96 ray 2331 does not satisfy the objective cut. Activity: -0.00000120. RHS: 0.00000000. Small enough violation that we only send a warning.
*** WARNING (version #0ca050f): /home/sek519/warm_starting/vws/../vpc/src/cut/CglVPC.cpp:683: Nonbasic reduced cost should be >= 0 in the complemented nonbasic space. However, for nb var 1766 (real var 1954), it is -1.388340e-07. Small enough error that we only send warning.
*** WARNING (version #0ca050f): /home/sek519/warm_starting/vws/../vpc/src/utility/nbspace.cpp:358: Ray 1954: dot product with obj < 0. Obj viol from solver: -0.00000014. Calculated: -0.00000014.
*** WARNING (version #0ca050f): /home/sek519/warm_starting/vws/../vpc/src/cut/CglVPC.cpp:1243: Term 98 ray 1766 does not satisfy the objective cut. Activity: -0.00000014. RHS: 0.00000000. Small enough violation that we only send a warning.
*** WARNING (version #0ca050f): /home/sek519/warm_starting/vws/../vpc/src/cut/CglVPC.cpp:683: Nonbasic reduced cost should be >= 0 in the complemented nonbasic space. However, for nb var 1762 (real var 1954), it is -1.388340e-07. Small enough error that we only send warning.
*** WARNING (version #0ca050f): /home/sek519/warm_starting/vws/../vpc/src/utility/nbspace.cpp:358: Ray 1954: dot product with obj < 0. Obj viol from solver: -0.00000014. Calculated: -0.00000014.
*** WARNING (version #0ca050f): /home/sek519/warm_starting/vws/../vpc/src/cut/CglVPC.cpp:1243: Term 99 ray 1762 does not satisfy the objective cut. Activity: -0.00000014. RHS: 0.00000000. Small enough violation that we only send a warning.
*** WARNING (version #0ca050f): /home/sek519/warm_starting/vws/../vpc/src/cut/CglVPC.cpp:683: Nonbasic reduced cost should be >= 0 in the complemented nonbasic space. However, for nb var 1763 (real var 1954), it is -1.388340e-07. Small enough error that we only send warning.
*** WARNING (version #0ca050f): /home/sek519/warm_starting/vws/../vpc/src/cut/CglVPC.cpp:683: Nonbasic reduced cost should be >= 0 in the complemented nonbasic space. However, for nb var 2734 (real var 3015), it is -1.326537e-07. Small enough error that we only send warning.
*** WARNING (version #0ca050f): /home/sek519/warm_starting/vws/../vpc/src/cut/CglVPC.cpp:683: Nonbasic reduced cost should be >= 0 in the complemented nonbasic space. However, for nb var 2735 (real var 3016), it is -1.459517e-07. Small enough error that we only send warning.
*** WARNING (version #0ca050f): /home/sek519/warm_starting/vws/../vpc/src/utility/nbspace.cpp:358: Ray 1954: dot product with obj < 0. Obj viol from solver: -0.00000014. Calculated: -0.00000014.
*** WARNING (version #0ca050f): /home/sek519/warm_starting/vws/../vpc/src/cut/CglVPC.cpp:1243: Term 163 ray 1763 does not satisfy the objective cut. Activity: -0.00000014. RHS: 0.00000000. Small enough violation that we only send a warning.
*** WARNING (version #0ca050f): /home/sek519/warm_starting/vws/../vpc/src/utility/nbspace.cpp:358: Ray 3015: dot product with obj < 0. Obj viol from solver: -0.00000013. Calculated: -0.00000013.
*** WARNING (version #0ca050f): /home/sek519/warm_starting/vws/../vpc/src/cut/CglVPC.cpp:1243: Term 163 ray 2734 does not satisfy the objective cut. Activity: -0.00000013. RHS: 0.00000000. Small enough violation that we only send a warning.
*** WARNING (version #0ca050f): /home/sek519/warm_starting/vws/../vpc/src/utility/nbspace.cpp:358: Ray 3016: dot product with obj < 0. Obj viol from solver: -0.00000015. Calculated: -0.00000015.
*** WARNING (version #0ca050f): /home/sek519/warm_starting/vws/../vpc/src/cut/CglVPC.cpp:1243: Term 163 ray 2735 does not satisfy the objective cut. Activity: -0.00000015. RHS: 0.00000000. Small enough violation that we only send a warning.
*** WARNING (version #0ca050f): /home/sek519/warm_starting/vws/../vpc/src/cut/CglVPC.cpp:683: Nonbasic reduced cost should be >= 0 in the complemented nonbasic space. However, for nb var 1763 (real var 1954), it is -1.388340e-07. Small enough error that we only send warning.
*** WARNING (version #0ca050f): /home/sek519/warm_starting/vws/../vpc/src/cut/CglVPC.cpp:683: Nonbasic reduced cost should be >= 0 in the complemented nonbasic space. However, for nb var 2734 (real var 3015), it is -1.326954e-07. Small enough error that we only send warning.
*** WARNING (version #0ca050f): /home/sek519/warm_starting/vws/../vpc/src/cut/CglVPC.cpp:683: Nonbasic reduced cost should be >= 0 in the complemented nonbasic space. However, for nb var 2735 (real var 3016), it is -1.459643e-07. Small enough error that we only send warning.
*** WARNING (version #0ca050f): /home/sek519/warm_starting/vws/../vpc/src/utility/nbspace.cpp:358: Ray 1954: dot product with obj < 0. Obj viol from solver: -0.00000014. Calculated: -0.00000014.
*** WARNING (version #0ca050f): /home/sek519/warm_starting/vws/../vpc/src/cut/CglVPC.cpp:1243: Term 164 ray 1763 does not satisfy the objective cut. Activity: -0.00000014. RHS: 0.00000000. Small enough violation that we only send a warning.
*** WARNING (version #0ca050f): /home/sek519/warm_starting/vws/../vpc/src/utility/nbspace.cpp:358: Ray 3015: dot product with obj < 0. Obj viol from solver: -0.00000013. Calculated: -0.00000013.
*** WARNING (version #0ca050f): /home/sek519/warm_starting/vws/../vpc/src/cut/CglVPC.cpp:1243: Term 164 ray 2734 does not satisfy the objective cut. Activity: -0.00000013. RHS: 0.00000000. Small enough violation that we only send a warning.
*** WARNING (version #0ca050f): /home/sek519/warm_starting/vws/../vpc/src/utility/nbspace.cpp:358: Ray 3016: dot product with obj < 0. Obj viol from solver: -0.00000015. Calculated: -0.00000015.
*** WARNING (version #0ca050f): /home/sek519/warm_starting/vws/../vpc/src/cut/CglVPC.cpp:1243: Term 164 ray 2735 does not satisfy the objective cut. Activity: -0.00000015. RHS: 0.00000000. Small enough violation that we only send a warning.
*** WARNING (version #0ca050f): /home/sek519/warm_starting/vws/../vpc/src/cut/CglVPC.cpp:683: Nonbasic reduced cost should be >= 0 in the complemented nonbasic space. However, for nb var 2636 (real var 2914), it is -2.463210e-07. Small enough error that we only send warning.
*** WARNING (version #0ca050f): /home/sek519/warm_starting/vws/../vpc/src/utility/nbspace.cpp:358: Ray 2914: dot product with obj < 0. Obj viol from solver: -0.00000025. Calculated: -0.00000025.
*** WARNING (version #0ca050f): /home/sek519/warm_starting/vws/../vpc/src/cut/CglVPC.cpp:1243: Term 183 ray 2636 does not satisfy the objective cut. Activity: -0.00000025. RHS: 0.00000000. Small enough violation that we only send a warning.
*** WARNING (version #0ca050f): /home/sek519/warm_starting/vws/../vpc/src/cut/CglVPC.cpp:683: Nonbasic reduced cost should be >= 0 in the complemented nonbasic space. However, for nb var 1730 (real var 1905), it is -1.249500e-06. Small enough error that we only send warning.
*** WARNING (version #0ca050f): /home/sek519/warm_starting/vws/../vpc/src/cut/CglVPC.cpp:683: Nonbasic reduced cost should be >= 0 in the complemented nonbasic space. However, for nb var 1731 (real var 1906), it is -1.374443e-06. Small enough error that we only send warning.
*** WARNING (version #0ca050f): /home/sek519/warm_starting/vws/../vpc/src/cut/CglVPC.cpp:683: Nonbasic reduced cost should be >= 0 in the complemented nonbasic space. However, for nb var 2648 (real var 2914), it is -2.463210e-07. Small enough error that we only send warning.
*** WARNING (version #0ca050f): /home/sek519/warm_starting/vws/../vpc/src/cut/CglVPC.cpp:683: Nonbasic reduced cost should be >= 0 in the complemented nonbasic space. However, for nb var 2729 (real var 3000), it is -3.913515e-06. Small enough error that we only send warning.
*** WARNING (version #0ca050f): /home/sek519/warm_starting/vws/../vpc/src/utility/nbspace.cpp:358: Ray 1905: dot product with obj < 0. Obj viol from solver: -0.00000125. Calculated: -0.00000125.
*** WARNING (version #0ca050f): /home/sek519/warm_starting/vws/../vpc/src/cut/CglVPC.cpp:1243: Term 184 ray 1730 does not satisfy the objective cut. Activity: -0.00000125. RHS: 0.00000000. Small enough violation that we only send a warning.
*** WARNING (version #0ca050f): /home/sek519/warm_starting/vws/../vpc/src/utility/nbspace.cpp:358: Ray 1906: dot product with obj < 0. Obj viol from solver: -0.00000137. Calculated: -0.00000137.
*** WARNING (version #0ca050f): /home/sek519/warm_starting/vws/../vpc/src/cut/CglVPC.cpp:1243: Term 184 ray 1731 does not satisfy the objective cut. Activity: -0.00000137. RHS: 0.00000000. Small enough violation that we only send a warning.
*** WARNING (version #0ca050f): /home/sek519/warm_starting/vws/../vpc/src/utility/nbspace.cpp:358: Ray 2914: dot product with obj < 0. Obj viol from solver: -0.00000025. Calculated: -0.00000025.
*** WARNING (version #0ca050f): /home/sek519/warm_starting/vws/../vpc/src/cut/CglVPC.cpp:1243: Term 184 ray 2648 does not satisfy the objective cut. Activity: -0.00000025. RHS: 0.00000000. Small enough violation that we only send a warning.
*** WARNING (version #0ca050f): /home/sek519/warm_starting/vws/../vpc/src/utility/nbspace.cpp:358: Ray 3000: dot product with obj < 0. Obj viol from solver: -0.00000391. Calculated: -0.00000391.
*** WARNING (version #0ca050f): /home/sek519/warm_starting/vws/../vpc/src/cut/CglVPC.cpp:1243: Term 184 ray 2729 does not satisfy the objective cut. Activity: -0.00000391. RHS: 0.00000000. Small enough violation that we only send a warning.
*** WARNING (version #0ca050f): /home/sek519/warm_starting/vws/../vpc/src/cut/CglVPC.cpp:683: Nonbasic reduced cost should be >= 0 in the complemented nonbasic space. However, for nb var 448 (real var 514), it is -1.191105e-07. Small enough error that we only send warning.
*** WARNING (version #0ca050f): /home/sek519/warm_starting/vws/../vpc/src/utility/nbspace.cpp:358: Ray 514: dot product with obj < 0. Obj viol from solver: -0.00000012. Calculated: -0.00000012.
*** WARNING (version #0ca050f): /home/sek519/warm_starting/vws/../vpc/src/cut/CglVPC.cpp:1243: Term 259 ray 448 does not satisfy the objective cut. Activity: -0.00000012. RHS: 0.00000000. Small enough violation that we only send a warning.
*** WARNING (version #0ca050f): /home/sek519/warm_starting/vws/../vpc/src/cut/CglVPC.cpp:683: Nonbasic reduced cost should be >= 0 in the complemented nonbasic space. However, for nb var 448 (real var 514), it is -1.191105e-07. Small enough error that we only send warning.
*** WARNING (version #0ca050f): /home/sek519/warm_starting/vws/../vpc/src/utility/nbspace.cpp:358: Ray 514: dot product with obj < 0. Obj viol from solver: -0.00000012. Calculated: -0.00000012.
*** WARNING (version #0ca050f): /home/sek519/warm_starting/vws/../vpc/src/cut/CglVPC.cpp:1243: Term 260 ray 448 does not satisfy the objective cut. Activity: -0.00000012. RHS: 0.00000000. Small enough violation that we only send a warning.
*** WARNING (version #0ca050f): /home/sek519/warm_starting/vws/../vpc/src/cut/CglVPC.cpp:683: Nonbasic reduced cost should be >= 0 in the complemented nonbasic space. However, for nb var 66 (real var 104), it is -5.791137e-07. Small enough error that we only send warning.
*** WARNING (version #0ca050f): /home/sek519/warm_starting/vws/../vpc/src/cut/CglVPC.cpp:683: Nonbasic reduced cost should be >= 0 in the complemented nonbasic space. However, for nb var 1983 (real var 2203), it is -6.318990e-07. Small enough error that we only send warning.
*** WARNING (version #0ca050f): /home/sek519/warm_starting/vws/../vpc/src/utility/nbspace.cpp:358: Ray 104: dot product with obj < 0. Obj viol from solver: -0.00000058. Calculated: -0.00000058.
*** WARNING (version #0ca050f): /home/sek519/warm_starting/vws/../vpc/src/cut/CglVPC.cpp:1243: Term 347 ray 66 does not satisfy the objective cut. Activity: -0.00000058. RHS: 0.00000000. Small enough violation that we only send a warning.
*** WARNING (version #0ca050f): /home/sek519/warm_starting/vws/../vpc/src/utility/nbspace.cpp:358: Ray 2203: dot product with obj < 0. Obj viol from solver: -0.00000063. Calculated: -0.00000063.
*** WARNING (version #0ca050f): /home/sek519/warm_starting/vws/../vpc/src/cut/CglVPC.cpp:1243: Term 347 ray 1983 does not satisfy the objective cut. Activity: -0.00000063. RHS: 0.00000000. Small enough violation that we only send a warning.
*** WARNING (version #0ca050f): /home/sek519/warm_starting/vws/../vpc/src/cut/CglVPC.cpp:683: Nonbasic reduced cost should be >= 0 in the complemented nonbasic space. However, for nb var 2211 (real var 2434), it is -1.436130e-07. Small enough error that we only send warning.
*** WARNING (version #0ca050f): /home/sek519/warm_starting/vws/../vpc/src/cut/CglVPC.cpp:683: Nonbasic reduced cost should be >= 0 in the complemented nonbasic space. However, for nb var 2499 (real var 2742), it is -2.709549e-06. Small enough error that we only send warning.
*** WARNING (version #0ca050f): /home/sek519/warm_starting/vws/../vpc/src/cut/CglVPC.cpp:683: Nonbasic reduced cost should be >= 0 in the complemented nonbasic space. However, for nb var 2500 (real var 2743), it is -2.463397e-07. Small enough error that we only send warning.
*** WARNING (version #0ca050f): /home/sek519/warm_starting/vws/../vpc/src/utility/nbspace.cpp:358: Ray 2434: dot product with obj < 0. Obj viol from solver: -0.00000014. Calculated: -0.00000014.
*** WARNING (version #0ca050f): /home/sek519/warm_starting/vws/../vpc/src/cut/CglVPC.cpp:1243: Term 353 ray 2211 does not satisfy the objective cut. Activity: -0.00000014. RHS: 0.00000000. Small enough violation that we only send a warning.
*** WARNING (version #0ca050f): /home/sek519/warm_starting/vws/../vpc/src/utility/nbspace.cpp:358: Ray 2742: dot product with obj < 0. Obj viol from solver: -0.00000271. Calculated: -0.00000271.
*** WARNING (version #0ca050f): /home/sek519/warm_starting/vws/../vpc/src/cut/CglVPC.cpp:1243: Term 353 ray 2499 does not satisfy the objective cut. Activity: -0.00000271. RHS: 0.00000000. Small enough violation that we only send a warning.
*** WARNING (version #0ca050f): /home/sek519/warm_starting/vws/../vpc/src/utility/nbspace.cpp:358: Ray 2743: dot product with obj < 0. Obj viol from solver: -0.00000025. Calculated: -0.00000025.
*** WARNING (version #0ca050f): /home/sek519/warm_starting/vws/../vpc/src/cut/CglVPC.cpp:1243: Term 353 ray 2500 does not satisfy the objective cut. Activity: -0.00000025. RHS: 0.00000000. Small enough violation that we only send a warning.
*** WARNING (version #0ca050f): /home/sek519/warm_starting/vws/../vpc/src/cut/CglVPC.cpp:683: Nonbasic reduced cost should be >= 0 in the complemented nonbasic space. However, for nb var 2213 (real var 2434), it is -1.436130e-07. Small enough error that we only send warning.
*** WARNING (version #0ca050f): /home/sek519/warm_starting/vws/../vpc/src/cut/CglVPC.cpp:683: Nonbasic reduced cost should be >= 0 in the complemented nonbasic space. However, for nb var 2500 (real var 2742), it is -2.709545e-06. Small enough error that we only send warning.
*** WARNING (version #0ca050f): /home/sek519/warm_starting/vws/../vpc/src/cut/CglVPC.cpp:683: Nonbasic reduced cost should be >= 0 in the complemented nonbasic space. However, for nb var 2501 (real var 2743), it is -2.463361e-07. Small enough error that we only send warning.
*** WARNING (version #0ca050f): /home/sek519/warm_starting/vws/../vpc/src/utility/nbspace.cpp:358: Ray 2434: dot product with obj < 0. Obj viol from solver: -0.00000014. Calculated: -0.00000014.
*** WARNING (version #0ca050f): /home/sek519/warm_starting/vws/../vpc/src/cut/CglVPC.cpp:1243: Term 354 ray 2213 does not satisfy the objective cut. Activity: -0.00000014. RHS: 0.00000000. Small enough violation that we only send a warning.
*** WARNING (version #0ca050f): /home/sek519/warm_starting/vws/../vpc/src/utility/nbspace.cpp:358: Ray 2742: dot product with obj < 0. Obj viol from solver: -0.00000271. Calculated: -0.00000271.
*** WARNING (version #0ca050f): /home/sek519/warm_starting/vws/../vpc/src/cut/CglVPC.cpp:1243: Term 354 ray 2500 does not satisfy the objective cut. Activity: -0.00000271. RHS: 0.00000000. Small enough violation that we only send a warning.
*** WARNING (version #0ca050f): /home/sek519/warm_starting/vws/../vpc/src/utility/nbspace.cpp:358: Ray 2743: dot product with obj < 0. Obj viol from solver: -0.00000025. Calculated: -0.00000025.
*** WARNING (version #0ca050f): /home/sek519/warm_starting/vws/../vpc/src/cut/CglVPC.cpp:1243: Term 354 ray 2501 does not satisfy the objective cut. Activity: -0.00000025. RHS: 0.00000000. Small enough violation that we only send a warning.
*** WARNING (version #0ca050f): /home/sek519/warm_starting/vws/../vpc/src/cut/CglVPC.cpp:683: Nonbasic reduced cost should be >= 0 in the complemented nonbasic space. However, for nb var 1779 (real var 1954), it is -1.388340e-07. Small enough error that we only send warning.
*** WARNING (version #0ca050f): /home/sek519/warm_starting/vws/../vpc/src/utility/nbspace.cpp:358: Ray 1954: dot product with obj < 0. Obj viol from solver: -0.00000014. Calculated: -0.00000014.
*** WARNING (version #0ca050f): /home/sek519/warm_starting/vws/../vpc/src/cut/CglVPC.cpp:1243: Term 403 ray 1779 does not satisfy the objective cut. Activity: -0.00000014. RHS: 0.00000000. Small enough violation that we only send a warning.
*** WARNING (version #0ca050f): /home/sek519/warm_starting/vws/../vpc/src/cut/CglVPC.cpp:683: Nonbasic reduced cost should be >= 0 in the complemented nonbasic space. However, for nb var 1774 (real var 1954), it is -1.388340e-07. Small enough error that we only send warning.
*** WARNING (version #0ca050f): /home/sek519/warm_starting/vws/../vpc/src/utility/nbspace.cpp:358: Ray 1954: dot product with obj < 0. Obj viol from solver: -0.00000014. Calculated: -0.00000014.
*** WARNING (version #0ca050f): /home/sek519/warm_starting/vws/../vpc/src/cut/CglVPC.cpp:1243: Term 404 ray 1774 does not satisfy the objective cut. Activity: -0.00000014. RHS: 0.00000000. Small enough violation that we only send a warning.
*** WARNING (version #0ca050f): /home/sek519/warm_starting/vws/../vpc/src/cut/CglVPC.cpp:683: Nonbasic reduced cost should be >= 0 in the complemented nonbasic space. However, for nb var 234 (real var 274), it is -1.184625e-07. Small enough error that we only send warning.
*** WARNING (version #0ca050f): /home/sek519/warm_starting/vws/../vpc/src/cut/CglVPC.cpp:683: Nonbasic reduced cost should be >= 0 in the complemented nonbasic space. However, for nb var 674 (real var 754), it is -1.238085e-07. Small enough error that we only send warning.
*** WARNING (version #0ca050f): /home/sek519/warm_starting/vws/../vpc/src/cut/CglVPC.cpp:683: Nonbasic reduced cost should be >= 0 in the complemented nonbasic space. However, for nb var 1831 (real var 2024), it is -4.771755e-07. Small enough error that we only send warning.
*** WARNING (version #0ca050f): /home/sek519/warm_starting/vws/../vpc/src/utility/nbspace.cpp:358: Ray 274: dot product with obj < 0. Obj viol from solver: -0.00000012. Calculated: -0.00000012.
*** WARNING (version #0ca050f): /home/sek519/warm_starting/vws/../vpc/src/cut/CglVPC.cpp:1243: Term 587 ray 234 does not satisfy the objective cut. Activity: -0.00000012. RHS: 0.00000000. Small enough violation that we only send a warning.
*** WARNING (version #0ca050f): /home/sek519/warm_starting/vws/../vpc/src/utility/nbspace.cpp:358: Ray 754: dot product with obj < 0. Obj viol from solver: -0.00000012. Calculated: -0.00000012.
*** WARNING (version #0ca050f): /home/sek519/warm_starting/vws/../vpc/src/cut/CglVPC.cpp:1243: Term 587 ray 674 does not satisfy the objective cut. Activity: -0.00000012. RHS: 0.00000000. Small enough violation that we only send a warning.
*** WARNING (version #0ca050f): /home/sek519/warm_starting/vws/../vpc/src/utility/nbspace.cpp:358: Ray 2024: dot product with obj < 0. Obj viol from solver: -0.00000048. Calculated: -0.00000048.
*** WARNING (version #0ca050f): /home/sek519/warm_starting/vws/../vpc/src/cut/CglVPC.cpp:1243: Term 587 ray 1831 does not satisfy the objective cut. Activity: -0.00000048. RHS: 0.00000000. Small enough violation that we only send a warning.
*** WARNING (version #0ca050f): /home/sek519/warm_starting/vws/../vpc/src/cut/CglVPC.cpp:683: Nonbasic reduced cost should be >= 0 in the complemented nonbasic space. However, for nb var 233 (real var 274), it is -1.184625e-07. Small enough error that we only send warning.
*** WARNING (version #0ca050f): /home/sek519/warm_starting/vws/../vpc/src/cut/CglVPC.cpp:683: Nonbasic reduced cost should be >= 0 in the complemented nonbasic space. However, for nb var 673 (real var 754), it is -1.238085e-07. Small enough error that we only send warning.
*** WARNING (version #0ca050f): /home/sek519/warm_starting/vws/../vpc/src/cut/CglVPC.cpp:683: Nonbasic reduced cost should be >= 0 in the complemented nonbasic space. However, for nb var 1830 (real var 2024), it is -4.771642e-07. Small enough error that we only send warning.
*** WARNING (version #0ca050f): /home/sek519/warm_starting/vws/../vpc/src/utility/nbspace.cpp:358: Ray 274: dot product with obj < 0. Obj viol from solver: -0.00000012. Calculated: -0.00000012.
*** WARNING (version #0ca050f): /home/sek519/warm_starting/vws/../vpc/src/cut/CglVPC.cpp:1243: Term 588 ray 233 does not satisfy the objective cut. Activity: -0.00000012. RHS: 0.00000000. Small enough violation that we only send a warning.
*** WARNING (version #0ca050f): /home/sek519/warm_starting/vws/../vpc/src/utility/nbspace.cpp:358: Ray 754: dot product with obj < 0. Obj viol from solver: -0.00000012. Calculated: -0.00000012.
*** WARNING (version #0ca050f): /home/sek519/warm_starting/vws/../vpc/src/cut/CglVPC.cpp:1243: Term 588 ray 673 does not satisfy the objective cut. Activity: -0.00000012. RHS: 0.00000000. Small enough violation that we only send a warning.
*** WARNING (version #0ca050f): /home/sek519/warm_starting/vws/../vpc/src/utility/nbspace.cpp:358: Ray 2024: dot product with obj < 0. Obj viol from solver: -0.00000048. Calculated: -0.00000048.
*** WARNING (version #0ca050f): /home/sek519/warm_starting/vws/../vpc/src/cut/CglVPC.cpp:1243: Term 588 ray 1830 does not satisfy the objective cut. Activity: -0.00000048. RHS: 0.00000000. Small enough violation that we only send a warning.
*** WARNING (version #0ca050f): /home/sek519/warm_starting/vws/../vpc/src/cut/PRLP.cpp:392: PRLP took too long to solve (434.084000 sec, with limit of 60.000000 sec); giving up on this point-ray collection.
No vpcs were made from a new disjunction in first iteration. Stopping series.
