*** WARNING (version #0ca050f): /home/sek519/warm_starting/vws/../vpc/src/cut/CglVPC.cpp:683: Nonbasic reduced cost should be >= 0 in the complemented nonbasic space. However, for nb var 1314 (real var 1511), it is -1.393776e-06. Small enough error that we only send warning.
*** WARNING (version #0ca050f): /home/sek519/warm_starting/vws/../vpc/src/utility/nbspace.cpp:358: Ray 1511: dot product with obj < 0. Obj viol from solver: -0.00000139. Calculated: -0.00000139.
*** WARNING (version #0ca050f): /home/sek519/warm_starting/vws/../vpc/src/cut/CglVPC.cpp:1243: Term 225 ray 1314 does not satisfy the objective cut. Activity: -0.00000139. RHS: 0.00000000. Small enough violation that we only send a warning.
*** WARNING (version #0ca050f): /home/sek519/warm_starting/vws/../vpc/src/utility/nbspace.cpp:372: Ray 258: Calculated dot product with obj differs from solver's. Obj viol from solver: 0.00000054. Calculated: 0.00000042.
*** WARNING (version #0ca050f): /home/sek519/warm_starting/vws/../vpc/src/utility/nbspace.cpp:372: Ray 315: Calculated dot product with obj differs from solver's. Obj viol from solver: 0.00000024. Calculated: 0.00000013.
*** WARNING (version #0ca050f): /home/sek519/warm_starting/vws/../vpc/src/utility/nbspace.cpp:372: Ray 1089: Calculated dot product with obj differs from solver's. Obj viol from solver: 0.00000058. Calculated: 0.00000045.
*** WARNING (version #0ca050f): /home/sek519/warm_starting/vws/../vpc/src/utility/nbspace.cpp:372: Ray 1506: Calculated dot product with obj differs from solver's. Obj viol from solver: 1.99999966. Calculated: 1.99999982.
*** WARNING (version #0ca050f): /home/sek519/warm_starting/vws/../vpc/src/utility/nbspace.cpp:372: Ray 1580: Calculated dot product with obj differs from solver's. Obj viol from solver: 0.00000034. Calculated: 0.00000018.
*** WARNING (version #0ca050f): /home/sek519/warm_starting/vws/../vpc/src/cut/CglVPC.cpp:683: Nonbasic reduced cost should be >= 0 in the complemented nonbasic space. However, for nb var 480 (real var 597), it is -6.153080e-07. Small enough error that we only send warning.
*** WARNING (version #0ca050f): /home/sek519/warm_starting/vws/../vpc/src/cut/CglVPC.cpp:683: Nonbasic reduced cost should be >= 0 in the complemented nonbasic space. However, for nb var 553 (real var 676), it is -2.854768e-07. Small enough error that we only send warning.
*** WARNING (version #0ca050f): /home/sek519/warm_starting/vws/../vpc/src/cut/CglVPC.cpp:683: Nonbasic reduced cost should be >= 0 in the complemented nonbasic space. However, for nb var 556 (real var 681), it is -2.874151e-07. Small enough error that we only send warning.
*** WARNING (version #0ca050f): /home/sek519/warm_starting/vws/../vpc/src/cut/CglVPC.cpp:683: Nonbasic reduced cost should be >= 0 in the complemented nonbasic space. However, for nb var 558 (real var 685), it is -2.966510e-07. Small enough error that we only send warning.
*** WARNING (version #0ca050f): /home/sek519/warm_starting/vws/../vpc/src/cut/CglVPC.cpp:683: Nonbasic reduced cost should be >= 0 in the complemented nonbasic space. However, for nb var 1495 (real var 1705), it is -9.187043e-07. Small enough error that we only send warning.
*** WARNING (version #0ca050f): /home/sek519/warm_starting/vws/../vpc/src/utility/nbspace.cpp:358: Ray 597: dot product with obj < 0. Obj viol from solver: -0.00000062. Calculated: -0.00000062.
*** WARNING (version #0ca050f): /home/sek519/warm_starting/vws/../vpc/src/cut/CglVPC.cpp:1243: Term 532 ray 480 does not satisfy the objective cut. Activity: -0.00000062. RHS: 0.00000000. Small enough violation that we only send a warning.
*** WARNING (version #0ca050f): /home/sek519/warm_starting/vws/../vpc/src/utility/nbspace.cpp:358: Ray 676: dot product with obj < 0. Obj viol from solver: -0.00000029. Calculated: -0.00000019.
*** WARNING (version #0ca050f): /home/sek519/warm_starting/vws/../vpc/src/cut/CglVPC.cpp:1243: Term 532 ray 553 does not satisfy the objective cut. Activity: -0.00000019. RHS: 0.00000000. Small enough violation that we only send a warning.
*** WARNING (version #0ca050f): /home/sek519/warm_starting/vws/../vpc/src/utility/nbspace.cpp:358: Ray 681: dot product with obj < 0. Obj viol from solver: -0.00000029. Calculated: -0.00000019.
*** WARNING (version #0ca050f): /home/sek519/warm_starting/vws/../vpc/src/cut/CglVPC.cpp:1243: Term 532 ray 556 does not satisfy the objective cut. Activity: -0.00000019. RHS: 0.00000000. Small enough violation that we only send a warning.
*** WARNING (version #0ca050f): /home/sek519/warm_starting/vws/../vpc/src/utility/nbspace.cpp:358: Ray 685: dot product with obj < 0. Obj viol from solver: -0.00000030. Calculated: -0.00000020.
*** WARNING (version #0ca050f): /home/sek519/warm_starting/vws/../vpc/src/cut/CglVPC.cpp:1243: Term 532 ray 558 does not satisfy the objective cut. Activity: -0.00000020. RHS: 0.00000000. Small enough violation that we only send a warning.
*** WARNING (version #0ca050f): /home/sek519/warm_starting/vws/../vpc/src/utility/nbspace.cpp:358: Ray 1705: dot product with obj < 0. Obj viol from solver: -0.00000092. Calculated: -0.00000092.
*** WARNING (version #0ca050f): /home/sek519/warm_starting/vws/../vpc/src/cut/CglVPC.cpp:1243: Term 532 ray 1495 does not satisfy the objective cut. Activity: -0.00000092. RHS: 0.00000000. Small enough violation that we only send a warning.
*** WARNING (version #0ca050f): /home/sek519/warm_starting/vws/../vpc/src/cut/CglVPC.cpp:683: Nonbasic reduced cost should be >= 0 in the complemented nonbasic space. However, for nb var 839 (real var 1011), it is -3.053904e-06. Small enough error that we only send warning.
*** WARNING (version #0ca050f): /home/sek519/warm_starting/vws/../vpc/src/cut/CglVPC.cpp:683: Nonbasic reduced cost should be >= 0 in the complemented nonbasic space. However, for nb var 1664 (real var 1978), it is -2.455976e-06. Small enough error that we only send warning.
*** WARNING (version #0ca050f): /home/sek519/warm_starting/vws/../vpc/src/cut/CglVPC.cpp:683: Nonbasic reduced cost should be >= 0 in the complemented nonbasic space. However, for nb var 1665 (real var 1979), it is -1.852615e-06. Small enough error that we only send warning.
*** WARNING (version #0ca050f): /home/sek519/warm_starting/vws/../vpc/src/cut/CglVPC.cpp:683: Nonbasic reduced cost should be >= 0 in the complemented nonbasic space. However, for nb var 1668 (real var 1983), it is -1.112345e-06. Small enough error that we only send warning.
*** WARNING (version #0ca050f): /home/sek519/warm_starting/vws/../vpc/src/utility/nbspace.cpp:372: Ray 688: Calculated dot product with obj differs from solver's. Obj viol from solver: 0.00000013. Calculated: 0.00000000.
*** WARNING (version #0ca050f): /home/sek519/warm_starting/vws/../vpc/src/utility/nbspace.cpp:358: Ray 1011: dot product with obj < 0. Obj viol from solver: -0.00000305. Calculated: -0.00000305.
*** WARNING (version #0ca050f): /home/sek519/warm_starting/vws/../vpc/src/cut/CglVPC.cpp:1243: Term 534 ray 839 does not satisfy the objective cut. Activity: -0.00000305. RHS: 0.00000000. Small enough violation that we only send a warning.
*** WARNING (version #0ca050f): /home/sek519/warm_starting/vws/../vpc/src/utility/nbspace.cpp:372: Ray 1933: Calculated dot product with obj differs from solver's. Obj viol from solver: 0.00000014. Calculated: 0.00000000.
*** WARNING (version #0ca050f): /home/sek519/warm_starting/vws/../vpc/src/utility/nbspace.cpp:358: Ray 1978: dot product with obj < 0. Obj viol from solver: -0.00000246. Calculated: -0.00000246.
*** WARNING (version #0ca050f): /home/sek519/warm_starting/vws/../vpc/src/cut/CglVPC.cpp:1243: Term 534 ray 1664 does not satisfy the objective cut. Activity: -0.00000246. RHS: 0.00000000. Small enough violation that we only send a warning.
*** WARNING (version #0ca050f): /home/sek519/warm_starting/vws/../vpc/src/utility/nbspace.cpp:358: Ray 1979: dot product with obj < 0. Obj viol from solver: -0.00000185. Calculated: -0.00000185.
*** WARNING (version #0ca050f): /home/sek519/warm_starting/vws/../vpc/src/cut/CglVPC.cpp:1243: Term 534 ray 1665 does not satisfy the objective cut. Activity: -0.00000185. RHS: 0.00000000. Small enough violation that we only send a warning.
*** WARNING (version #0ca050f): /home/sek519/warm_starting/vws/../vpc/src/utility/nbspace.cpp:358: Ray 1983: dot product with obj < 0. Obj viol from solver: -0.00000111. Calculated: -0.00000111.
*** WARNING (version #0ca050f): /home/sek519/warm_starting/vws/../vpc/src/cut/CglVPC.cpp:1243: Term 534 ray 1668 does not satisfy the objective cut. Activity: -0.00000111. RHS: 0.00000000. Small enough violation that we only send a warning.
*** WARNING (version #0ca050f): /home/sek519/warm_starting/vws/../vpc/src/cut/CglVPC.cpp:683: Nonbasic reduced cost should be >= 0 in the complemented nonbasic space. However, for nb var 1666 (real var 1982), it is -1.196841e-06. Small enough error that we only send warning.
*** WARNING (version #0ca050f): /home/sek519/warm_starting/vws/../vpc/src/utility/nbspace.cpp:358: Ray 1982: dot product with obj < 0. Obj viol from solver: -0.00000120. Calculated: -0.00000120.
*** WARNING (version #0ca050f): /home/sek519/warm_starting/vws/../vpc/src/cut/CglVPC.cpp:1243: Term 580 ray 1666 does not satisfy the objective cut. Activity: -0.00000120. RHS: 0.00000000. Small enough violation that we only send a warning.
*** WARNING (version #0ca050f): /home/sek519/warm_starting/vws/../vpc/src/cut/CglVPC.cpp:683: Nonbasic reduced cost should be >= 0 in the complemented nonbasic space. However, for nb var 1628 (real var 1932), it is -1.820581e-06. Small enough error that we only send warning.
*** WARNING (version #0ca050f): /home/sek519/warm_starting/vws/../vpc/src/cut/CglVPC.cpp:683: Nonbasic reduced cost should be >= 0 in the complemented nonbasic space. However, for nb var 1648 (real var 1965), it is -2.094644e-06. Small enough error that we only send warning.
*** WARNING (version #0ca050f): /home/sek519/warm_starting/vws/../vpc/src/cut/CglVPC.cpp:683: Nonbasic reduced cost should be >= 0 in the complemented nonbasic space. However, for nb var 1665 (real var 1982), it is -1.198529e-06. Small enough error that we only send warning.
*** WARNING (version #0ca050f): /home/sek519/warm_starting/vws/../vpc/src/cut/CglVPC.cpp:683: Nonbasic reduced cost should be >= 0 in the complemented nonbasic space. However, for nb var 1666 (real var 1983), it is -3.807133e-07. Small enough error that we only send warning.
*** WARNING (version #0ca050f): /home/sek519/warm_starting/vws/../vpc/src/utility/nbspace.cpp:358: Ray 1932: dot product with obj < 0. Obj viol from solver: -0.00000182. Calculated: -0.00000182.
*** WARNING (version #0ca050f): /home/sek519/warm_starting/vws/../vpc/src/cut/CglVPC.cpp:1243: Term 582 ray 1628 does not satisfy the objective cut. Activity: -0.00000182. RHS: 0.00000000. Small enough violation that we only send a warning.
*** WARNING (version #0ca050f): /home/sek519/warm_starting/vws/../vpc/src/utility/nbspace.cpp:358: Ray 1965: dot product with obj < 0. Obj viol from solver: -0.00000209. Calculated: -0.00000209.
*** WARNING (version #0ca050f): /home/sek519/warm_starting/vws/../vpc/src/cut/CglVPC.cpp:1243: Term 582 ray 1648 does not satisfy the objective cut. Activity: -0.00000209. RHS: 0.00000000. Small enough violation that we only send a warning.
*** WARNING (version #0ca050f): /home/sek519/warm_starting/vws/../vpc/src/utility/nbspace.cpp:358: Ray 1982: dot product with obj < 0. Obj viol from solver: -0.00000120. Calculated: -0.00000120.
*** WARNING (version #0ca050f): /home/sek519/warm_starting/vws/../vpc/src/cut/CglVPC.cpp:1243: Term 582 ray 1665 does not satisfy the objective cut. Activity: -0.00000120. RHS: 0.00000000. Small enough violation that we only send a warning.
*** WARNING (version #0ca050f): /home/sek519/warm_starting/vws/../vpc/src/utility/nbspace.cpp:358: Ray 1983: dot product with obj < 0. Obj viol from solver: -0.00000038. Calculated: -0.00000038.
*** WARNING (version #0ca050f): /home/sek519/warm_starting/vws/../vpc/src/cut/CglVPC.cpp:1243: Term 582 ray 1666 does not satisfy the objective cut. Activity: -0.00000038. RHS: 0.00000000. Small enough violation that we only send a warning.
=>> PBS: job killed: walltime 3628 exceeded limit 3600
