*** WARNING (version #0ca050f): /home/sek519/warm_starting/vws/../vpc/src/utility/nbspace.cpp:372: Ray 3597: Calculated dot product with obj differs from solver's. Obj viol from solver: 0.58732127. Calculated: 0.58732141.
*** WARNING (version #0ca050f): /home/sek519/warm_starting/vws/../vpc/src/utility/nbspace.cpp:372: Ray 3599: Calculated dot product with obj differs from solver's. Obj viol from solver: 0.58732127. Calculated: 0.58732141.
*** WARNING (version #0ca050f): /home/sek519/warm_starting/vws/../vpc/src/utility/nbspace.cpp:372: Ray 3597: Calculated dot product with obj differs from solver's. Obj viol from solver: 0.58732127. Calculated: 0.58732141.
*** WARNING (version #0ca050f): /home/sek519/warm_starting/vws/../vpc/src/utility/nbspace.cpp:372: Ray 3599: Calculated dot product with obj differs from solver's. Obj viol from solver: 0.58732127. Calculated: 0.58732141.
*** WARNING (version #0ca050f): /home/sek519/warm_starting/vws/../vpc/src/utility/nbspace.cpp:372: Ray 3597: Calculated dot product with obj differs from solver's. Obj viol from solver: 0.58732127. Calculated: 0.58732141.
*** WARNING (version #0ca050f): /home/sek519/warm_starting/vws/../vpc/src/utility/nbspace.cpp:372: Ray 3599: Calculated dot product with obj differs from solver's. Obj viol from solver: 0.58732127. Calculated: 0.58732141.
*** WARNING (version #0ca050f): /home/sek519/warm_starting/vws/../vpc/src/utility/nbspace.cpp:372: Ray 821: Calculated dot product with obj differs from solver's. Obj viol from solver: 0.00054644. Calculated: 0.00054633.
*** WARNING (version #0ca050f): /home/sek519/warm_starting/vws/../vpc/src/utility/nbspace.cpp:372: Ray 2791: Calculated dot product with obj differs from solver's. Obj viol from solver: 0.39270330. Calculated: 0.39270319.
*** WARNING (version #0ca050f): /home/sek519/warm_starting/vws/../vpc/src/utility/nbspace.cpp:372: Ray 260: Calculated dot product with obj differs from solver's. Obj viol from solver: 0.00047160. Calculated: 0.00047170.
*** WARNING (version #0ca050f): /home/sek519/warm_starting/vws/../vpc/src/utility/nbspace.cpp:372: Ray 820: Calculated dot product with obj differs from solver's. Obj viol from solver: 0.00109290. Calculated: 0.00109280.
*** WARNING (version #0ca050f): /home/sek519/warm_starting/vws/../vpc/src/utility/nbspace.cpp:372: Ray 2778: Calculated dot product with obj differs from solver's. Obj viol from solver: 0.03383718. Calculated: 0.03383706.
*** WARNING (version #0ca050f): /home/sek519/warm_starting/vws/../vpc/src/utility/nbspace.cpp:372: Ray 2919: Calculated dot product with obj differs from solver's. Obj viol from solver: 0.03383718. Calculated: 0.03383706.
*** WARNING (version #0ca050f): /home/sek519/warm_starting/vws/../vpc/src/cut/CglVPC.cpp:683: Nonbasic reduced cost should be >= 0 in the complemented nonbasic space. However, for nb var 375 (real var 724), it is -1.190612e-07. Small enough error that we only send warning.
*** WARNING (version #0ca050f): /home/sek519/warm_starting/vws/../vpc/src/utility/nbspace.cpp:358: Ray 724: dot product with obj < 0. Obj viol from solver: -0.00000012. Calculated: -0.00000012.
*** WARNING (version #0ca050f): /home/sek519/warm_starting/vws/../vpc/src/cut/CglVPC.cpp:1243: Term 2 ray 375 does not satisfy the objective cut. Activity: -0.00000012. RHS: 0.00000000. Small enough violation that we only send a warning.
*** WARNING (version #0ca050f): /home/sek519/warm_starting/vws/../vpc/src/utility/nbspace.cpp:372: Ray 3597: Calculated dot product with obj differs from solver's. Obj viol from solver: 0.58732129. Calculated: 0.58732143.
*** WARNING (version #0ca050f): /home/sek519/warm_starting/vws/../vpc/src/utility/nbspace.cpp:372: Ray 3599: Calculated dot product with obj differs from solver's. Obj viol from solver: 0.58732129. Calculated: 0.58732143.
*** WARNING (version #0ca050f): /home/sek519/warm_starting/vws/../vpc/src/cut/CglVPC.cpp:683: Nonbasic reduced cost should be >= 0 in the complemented nonbasic space. However, for nb var 375 (real var 724), it is -1.190612e-07. Small enough error that we only send warning.
*** WARNING (version #0ca050f): /home/sek519/warm_starting/vws/../vpc/src/utility/nbspace.cpp:358: Ray 724: dot product with obj < 0. Obj viol from solver: -0.00000012. Calculated: -0.00000012.
*** WARNING (version #0ca050f): /home/sek519/warm_starting/vws/../vpc/src/cut/CglVPC.cpp:1243: Term 3 ray 375 does not satisfy the objective cut. Activity: -0.00000012. RHS: 0.00000000. Small enough violation that we only send a warning.
*** WARNING (version #0ca050f): /home/sek519/warm_starting/vws/../vpc/src/utility/nbspace.cpp:372: Ray 3597: Calculated dot product with obj differs from solver's. Obj viol from solver: 0.58732129. Calculated: 0.58732143.
*** WARNING (version #0ca050f): /home/sek519/warm_starting/vws/../vpc/src/utility/nbspace.cpp:372: Ray 3599: Calculated dot product with obj differs from solver's. Obj viol from solver: 0.58732129. Calculated: 0.58732143.
*** WARNING (version #0ca050f): /home/sek519/warm_starting/vws/../vpc/src/cut/CglVPC.cpp:683: Nonbasic reduced cost should be >= 0 in the complemented nonbasic space. However, for nb var 373 (real var 724), it is -1.190612e-07. Small enough error that we only send warning.
*** WARNING (version #0ca050f): /home/sek519/warm_starting/vws/../vpc/src/utility/nbspace.cpp:358: Ray 724: dot product with obj < 0. Obj viol from solver: -0.00000012. Calculated: -0.00000012.
*** WARNING (version #0ca050f): /home/sek519/warm_starting/vws/../vpc/src/cut/CglVPC.cpp:1243: Term 5 ray 373 does not satisfy the objective cut. Activity: -0.00000012. RHS: 0.00000000. Small enough violation that we only send a warning.
*** WARNING (version #0ca050f): /home/sek519/warm_starting/vws/../vpc/src/utility/nbspace.cpp:372: Ray 3597: Calculated dot product with obj differs from solver's. Obj viol from solver: 0.58732129. Calculated: 0.58732143.
*** WARNING (version #0ca050f): /home/sek519/warm_starting/vws/../vpc/src/utility/nbspace.cpp:372: Ray 3599: Calculated dot product with obj differs from solver's. Obj viol from solver: 0.58732129. Calculated: 0.58732143.
*** WARNING (version #0ca050f): /home/sek519/warm_starting/vws/../vpc/src/cut/CglVPC.cpp:683: Nonbasic reduced cost should be >= 0 in the complemented nonbasic space. However, for nb var 373 (real var 724), it is -1.190612e-07. Small enough error that we only send warning.
*** WARNING (version #0ca050f): /home/sek519/warm_starting/vws/../vpc/src/utility/nbspace.cpp:358: Ray 724: dot product with obj < 0. Obj viol from solver: -0.00000012. Calculated: -0.00000012.
*** WARNING (version #0ca050f): /home/sek519/warm_starting/vws/../vpc/src/cut/CglVPC.cpp:1243: Term 6 ray 373 does not satisfy the objective cut. Activity: -0.00000012. RHS: 0.00000000. Small enough violation that we only send a warning.
*** WARNING (version #0ca050f): /home/sek519/warm_starting/vws/../vpc/src/utility/nbspace.cpp:372: Ray 3597: Calculated dot product with obj differs from solver's. Obj viol from solver: 0.58732129. Calculated: 0.58732143.
*** WARNING (version #0ca050f): /home/sek519/warm_starting/vws/../vpc/src/utility/nbspace.cpp:372: Ray 3599: Calculated dot product with obj differs from solver's. Obj viol from solver: 0.58732129. Calculated: 0.58732143.
*** WARNING (version #0ca050f): /home/sek519/warm_starting/vws/../vpc/src/utility/nbspace.cpp:372: Ray 3597: Calculated dot product with obj differs from solver's. Obj viol from solver: 0.58732131. Calculated: 0.58732144.
*** WARNING (version #0ca050f): /home/sek519/warm_starting/vws/../vpc/src/utility/nbspace.cpp:372: Ray 3599: Calculated dot product with obj differs from solver's. Obj viol from solver: 0.58732131. Calculated: 0.58732144.
*** WARNING (version #0ca050f): /home/sek519/warm_starting/vws/../vpc/src/utility/nbspace.cpp:372: Ray 452: Calculated dot product with obj differs from solver's. Obj viol from solver: 0.00047161. Calculated: 0.00047177.
*** WARNING (version #0ca050f): /home/sek519/warm_starting/vws/../vpc/src/utility/nbspace.cpp:372: Ray 3597: Calculated dot product with obj differs from solver's. Obj viol from solver: 0.58728112. Calculated: 0.58728126.
*** WARNING (version #0ca050f): /home/sek519/warm_starting/vws/../vpc/src/utility/nbspace.cpp:372: Ray 3599: Calculated dot product with obj differs from solver's. Obj viol from solver: 0.58728112. Calculated: 0.58728126.
*** WARNING (version #0ca050f): /home/sek519/warm_starting/vws/../vpc/src/utility/nbspace.cpp:372: Ray 3597: Calculated dot product with obj differs from solver's. Obj viol from solver: 0.58732133. Calculated: 0.58732146.
*** WARNING (version #0ca050f): /home/sek519/warm_starting/vws/../vpc/src/utility/nbspace.cpp:372: Ray 3599: Calculated dot product with obj differs from solver's. Obj viol from solver: 0.58732133. Calculated: 0.58732146.
*** WARNING (version #0ca050f): /home/sek519/warm_starting/vws/../vpc/src/utility/nbspace.cpp:372: Ray 3597: Calculated dot product with obj differs from solver's. Obj viol from solver: 0.58728112. Calculated: 0.58728126.
*** WARNING (version #0ca050f): /home/sek519/warm_starting/vws/../vpc/src/utility/nbspace.cpp:372: Ray 3599: Calculated dot product with obj differs from solver's. Obj viol from solver: 0.58728112. Calculated: 0.58728126.
*** WARNING (version #0ca050f): /home/sek519/warm_starting/vws/../vpc/src/utility/nbspace.cpp:372: Ray 3597: Calculated dot product with obj differs from solver's. Obj viol from solver: 0.58732131. Calculated: 0.58732144.
*** WARNING (version #0ca050f): /home/sek519/warm_starting/vws/../vpc/src/utility/nbspace.cpp:372: Ray 3599: Calculated dot product with obj differs from solver's. Obj viol from solver: 0.58732131. Calculated: 0.58732144.
*** WARNING (version #0ca050f): /home/sek519/warm_starting/vws/../vpc/src/utility/nbspace.cpp:372: Ray 3597: Calculated dot product with obj differs from solver's. Obj viol from solver: 0.58732131. Calculated: 0.58732144.
*** WARNING (version #0ca050f): /home/sek519/warm_starting/vws/../vpc/src/utility/nbspace.cpp:372: Ray 3599: Calculated dot product with obj differs from solver's. Obj viol from solver: 0.58732131. Calculated: 0.58732144.
*** WARNING (version #0ca050f): /home/sek519/warm_starting/vws/../vpc/src/utility/nbspace.cpp:372: Ray 3597: Calculated dot product with obj differs from solver's. Obj viol from solver: 0.58731060. Calculated: 0.58731074.
*** WARNING (version #0ca050f): /home/sek519/warm_starting/vws/../vpc/src/utility/nbspace.cpp:372: Ray 3599: Calculated dot product with obj differs from solver's. Obj viol from solver: 0.58731060. Calculated: 0.58731074.
*** WARNING (version #0ca050f): /home/sek519/warm_starting/vws/../vpc/src/utility/nbspace.cpp:372: Ray 1029: Calculated dot product with obj differs from solver's. Obj viol from solver: 0.40570437. Calculated: 0.40570455.
*** WARNING (version #0ca050f): /home/sek519/warm_starting/vws/../vpc/src/utility/nbspace.cpp:372: Ray 2784: Calculated dot product with obj differs from solver's. Obj viol from solver: 0.00556206. Calculated: 0.00556224.
*** WARNING (version #0ca050f): /home/sek519/warm_starting/vws/../vpc/src/utility/nbspace.cpp:372: Ray 2831: Calculated dot product with obj differs from solver's. Obj viol from solver: 0.59970396. Calculated: 0.59970377.
*** WARNING (version #0ca050f): /home/sek519/warm_starting/vws/../vpc/src/utility/nbspace.cpp:372: Ray 2925: Calculated dot product with obj differs from solver's. Obj viol from solver: 0.00548517. Calculated: 0.00548496.
*** WARNING (version #0ca050f): /home/sek519/warm_starting/vws/../vpc/src/utility/nbspace.cpp:372: Ray 3137: Calculated dot product with obj differs from solver's. Obj viol from solver: 7.49742421. Calculated: 7.49742440.
*** WARNING (version #0ca050f): /home/sek519/warm_starting/vws/../vpc/src/utility/nbspace.cpp:372: Ray 3475: Calculated dot product with obj differs from solver's. Obj viol from solver: 0.28429563. Calculated: 0.28429545.
*** WARNING (version #0ca050f): /home/sek519/warm_starting/vws/../vpc/src/utility/nbspace.cpp:372: Ray 3597: Calculated dot product with obj differs from solver's. Obj viol from solver: 0.58731060. Calculated: 0.58731074.
*** WARNING (version #0ca050f): /home/sek519/warm_starting/vws/../vpc/src/utility/nbspace.cpp:372: Ray 3599: Calculated dot product with obj differs from solver's. Obj viol from solver: 0.58731060. Calculated: 0.58731074.
*** WARNING (version #0ca050f): /home/sek519/warm_starting/vws/../vpc/src/utility/nbspace.cpp:372: Ray 3597: Calculated dot product with obj differs from solver's. Obj viol from solver: 0.58732131. Calculated: 0.58732144.
*** WARNING (version #0ca050f): /home/sek519/warm_starting/vws/../vpc/src/utility/nbspace.cpp:372: Ray 3599: Calculated dot product with obj differs from solver's. Obj viol from solver: 0.58732131. Calculated: 0.58732144.
*** WARNING (version #0ca050f): /home/sek519/warm_starting/vws/../vpc/src/utility/nbspace.cpp:372: Ray 3597: Calculated dot product with obj differs from solver's. Obj viol from solver: 0.58732131. Calculated: 0.58732144.
*** WARNING (version #0ca050f): /home/sek519/warm_starting/vws/../vpc/src/utility/nbspace.cpp:372: Ray 3599: Calculated dot product with obj differs from solver's. Obj viol from solver: 0.58732131. Calculated: 0.58732144.
*** WARNING (version #0ca050f): /home/sek519/warm_starting/vws/../vpc/src/cut/CglVPC.cpp:683: Nonbasic reduced cost should be >= 0 in the complemented nonbasic space. However, for nb var 374 (real var 724), it is -1.190612e-07. Small enough error that we only send warning.
*** WARNING (version #0ca050f): /home/sek519/warm_starting/vws/../vpc/src/utility/nbspace.cpp:358: Ray 724: dot product with obj < 0. Obj viol from solver: -0.00000012. Calculated: -0.00000012.
*** WARNING (version #0ca050f): /home/sek519/warm_starting/vws/../vpc/src/cut/CglVPC.cpp:1243: Term 24 ray 374 does not satisfy the objective cut. Activity: -0.00000012. RHS: 0.00000000. Small enough violation that we only send a warning.
*** WARNING (version #0ca050f): /home/sek519/warm_starting/vws/../vpc/src/utility/nbspace.cpp:372: Ray 3597: Calculated dot product with obj differs from solver's. Obj viol from solver: 0.58732129. Calculated: 0.58732143.
*** WARNING (version #0ca050f): /home/sek519/warm_starting/vws/../vpc/src/utility/nbspace.cpp:372: Ray 3599: Calculated dot product with obj differs from solver's. Obj viol from solver: 0.58732129. Calculated: 0.58732143.
*** WARNING (version #0ca050f): /home/sek519/warm_starting/vws/../vpc/src/cut/CglVPC.cpp:683: Nonbasic reduced cost should be >= 0 in the complemented nonbasic space. However, for nb var 374 (real var 724), it is -1.190612e-07. Small enough error that we only send warning.
*** WARNING (version #0ca050f): /home/sek519/warm_starting/vws/../vpc/src/utility/nbspace.cpp:358: Ray 724: dot product with obj < 0. Obj viol from solver: -0.00000012. Calculated: -0.00000012.
*** WARNING (version #0ca050f): /home/sek519/warm_starting/vws/../vpc/src/cut/CglVPC.cpp:1243: Term 25 ray 374 does not satisfy the objective cut. Activity: -0.00000012. RHS: 0.00000000. Small enough violation that we only send a warning.
*** WARNING (version #0ca050f): /home/sek519/warm_starting/vws/../vpc/src/utility/nbspace.cpp:372: Ray 3597: Calculated dot product with obj differs from solver's. Obj viol from solver: 0.58732129. Calculated: 0.58732143.
*** WARNING (version #0ca050f): /home/sek519/warm_starting/vws/../vpc/src/utility/nbspace.cpp:372: Ray 3599: Calculated dot product with obj differs from solver's. Obj viol from solver: 0.58732129. Calculated: 0.58732143.
*** WARNING (version #0ca050f): /home/sek519/warm_starting/vws/../vpc/src/cut/CglVPC.cpp:683: Nonbasic reduced cost should be >= 0 in the complemented nonbasic space. However, for nb var 375 (real var 724), it is -1.190612e-07. Small enough error that we only send warning.
*** WARNING (version #0ca050f): /home/sek519/warm_starting/vws/../vpc/src/utility/nbspace.cpp:358: Ray 724: dot product with obj < 0. Obj viol from solver: -0.00000012. Calculated: -0.00000012.
*** WARNING (version #0ca050f): /home/sek519/warm_starting/vws/../vpc/src/cut/CglVPC.cpp:1243: Term 28 ray 375 does not satisfy the objective cut. Activity: -0.00000012. RHS: 0.00000000. Small enough violation that we only send a warning.
*** WARNING (version #0ca050f): /home/sek519/warm_starting/vws/../vpc/src/utility/nbspace.cpp:372: Ray 3597: Calculated dot product with obj differs from solver's. Obj viol from solver: 0.58732129. Calculated: 0.58732143.
*** WARNING (version #0ca050f): /home/sek519/warm_starting/vws/../vpc/src/utility/nbspace.cpp:372: Ray 3599: Calculated dot product with obj differs from solver's. Obj viol from solver: 0.58732129. Calculated: 0.58732143.
*** WARNING (version #0ca050f): /home/sek519/warm_starting/vws/../vpc/src/cut/CglVPC.cpp:683: Nonbasic reduced cost should be >= 0 in the complemented nonbasic space. However, for nb var 373 (real var 724), it is -1.190612e-07. Small enough error that we only send warning.
*** WARNING (version #0ca050f): /home/sek519/warm_starting/vws/../vpc/src/utility/nbspace.cpp:358: Ray 724: dot product with obj < 0. Obj viol from solver: -0.00000012. Calculated: -0.00000012.
*** WARNING (version #0ca050f): /home/sek519/warm_starting/vws/../vpc/src/cut/CglVPC.cpp:1243: Term 29 ray 373 does not satisfy the objective cut. Activity: -0.00000012. RHS: 0.00000000. Small enough violation that we only send a warning.
*** WARNING (version #0ca050f): /home/sek519/warm_starting/vws/../vpc/src/utility/nbspace.cpp:372: Ray 3597: Calculated dot product with obj differs from solver's. Obj viol from solver: 0.58732129. Calculated: 0.58732143.
*** WARNING (version #0ca050f): /home/sek519/warm_starting/vws/../vpc/src/utility/nbspace.cpp:372: Ray 3599: Calculated dot product with obj differs from solver's. Obj viol from solver: 0.58732129. Calculated: 0.58732143.
*** WARNING (version #0ca050f): /home/sek519/warm_starting/vws/../vpc/src/utility/nbspace.cpp:372: Ray 3597: Calculated dot product with obj differs from solver's. Obj viol from solver: 0.58732131. Calculated: 0.58732144.
*** WARNING (version #0ca050f): /home/sek519/warm_starting/vws/../vpc/src/utility/nbspace.cpp:372: Ray 3599: Calculated dot product with obj differs from solver's. Obj viol from solver: 0.58732131. Calculated: 0.58732144.
*** WARNING (version #0ca050f): /home/sek519/warm_starting/vws/../vpc/src/utility/nbspace.cpp:372: Ray 452: Calculated dot product with obj differs from solver's. Obj viol from solver: 0.00047161. Calculated: 0.00047177.
*** WARNING (version #0ca050f): /home/sek519/warm_starting/vws/../vpc/src/utility/nbspace.cpp:372: Ray 3597: Calculated dot product with obj differs from solver's. Obj viol from solver: 0.58728112. Calculated: 0.58728126.
*** WARNING (version #0ca050f): /home/sek519/warm_starting/vws/../vpc/src/utility/nbspace.cpp:372: Ray 3599: Calculated dot product with obj differs from solver's. Obj viol from solver: 0.58728112. Calculated: 0.58728126.
*** WARNING (version #0ca050f): /home/sek519/warm_starting/vws/../vpc/src/cut/CglVPC.cpp:683: Nonbasic reduced cost should be >= 0 in the complemented nonbasic space. However, for nb var 373 (real var 724), it is -1.190612e-07. Small enough error that we only send warning.
*** WARNING (version #0ca050f): /home/sek519/warm_starting/vws/../vpc/src/utility/nbspace.cpp:358: Ray 724: dot product with obj < 0. Obj viol from solver: -0.00000012. Calculated: -0.00000012.
*** WARNING (version #0ca050f): /home/sek519/warm_starting/vws/../vpc/src/cut/CglVPC.cpp:1243: Term 32 ray 373 does not satisfy the objective cut. Activity: -0.00000012. RHS: 0.00000000. Small enough violation that we only send a warning.
*** WARNING (version #0ca050f): /home/sek519/warm_starting/vws/../vpc/src/utility/nbspace.cpp:372: Ray 3597: Calculated dot product with obj differs from solver's. Obj viol from solver: 0.58732129. Calculated: 0.58732143.
*** WARNING (version #0ca050f): /home/sek519/warm_starting/vws/../vpc/src/utility/nbspace.cpp:372: Ray 3599: Calculated dot product with obj differs from solver's. Obj viol from solver: 0.58732129. Calculated: 0.58732143.
*** WARNING (version #0ca050f): /home/sek519/warm_starting/vws/../vpc/src/cut/CglVPC.cpp:683: Nonbasic reduced cost should be >= 0 in the complemented nonbasic space. However, for nb var 373 (real var 724), it is -1.190612e-07. Small enough error that we only send warning.
*** WARNING (version #0ca050f): /home/sek519/warm_starting/vws/../vpc/src/utility/nbspace.cpp:358: Ray 724: dot product with obj < 0. Obj viol from solver: -0.00000012. Calculated: -0.00000012.
*** WARNING (version #0ca050f): /home/sek519/warm_starting/vws/../vpc/src/cut/CglVPC.cpp:1243: Term 33 ray 373 does not satisfy the objective cut. Activity: -0.00000012. RHS: 0.00000000. Small enough violation that we only send a warning.
*** WARNING (version #0ca050f): /home/sek519/warm_starting/vws/../vpc/src/utility/nbspace.cpp:372: Ray 3597: Calculated dot product with obj differs from solver's. Obj viol from solver: 0.58732129. Calculated: 0.58732143.
*** WARNING (version #0ca050f): /home/sek519/warm_starting/vws/../vpc/src/utility/nbspace.cpp:372: Ray 3599: Calculated dot product with obj differs from solver's. Obj viol from solver: 0.58732129. Calculated: 0.58732143.
*** WARNING (version #0ca050f): /home/sek519/warm_starting/vws/../vpc/src/utility/nbspace.cpp:372: Ray 3597: Calculated dot product with obj differs from solver's. Obj viol from solver: 0.58732131. Calculated: 0.58732144.
*** WARNING (version #0ca050f): /home/sek519/warm_starting/vws/../vpc/src/utility/nbspace.cpp:372: Ray 3599: Calculated dot product with obj differs from solver's. Obj viol from solver: 0.58732131. Calculated: 0.58732144.
*** WARNING (version #0ca050f): /home/sek519/warm_starting/vws/../vpc/src/utility/nbspace.cpp:372: Ray 452: Calculated dot product with obj differs from solver's. Obj viol from solver: 0.00047161. Calculated: 0.00047177.
*** WARNING (version #0ca050f): /home/sek519/warm_starting/vws/../vpc/src/utility/nbspace.cpp:372: Ray 3597: Calculated dot product with obj differs from solver's. Obj viol from solver: 0.58728112. Calculated: 0.58728126.
*** WARNING (version #0ca050f): /home/sek519/warm_starting/vws/../vpc/src/utility/nbspace.cpp:372: Ray 3599: Calculated dot product with obj differs from solver's. Obj viol from solver: 0.58728112. Calculated: 0.58728126.
*** WARNING (version #0ca050f): /home/sek519/warm_starting/vws/../vpc/src/utility/nbspace.cpp:372: Ray 3597: Calculated dot product with obj differs from solver's. Obj viol from solver: 0.58731060. Calculated: 0.58731074.
*** WARNING (version #0ca050f): /home/sek519/warm_starting/vws/../vpc/src/utility/nbspace.cpp:372: Ray 3599: Calculated dot product with obj differs from solver's. Obj viol from solver: 0.58731060. Calculated: 0.58731074.
*** WARNING (version #0ca050f): /home/sek519/warm_starting/vws/../vpc/src/utility/nbspace.cpp:372: Ray 3597: Calculated dot product with obj differs from solver's. Obj viol from solver: 0.58731060. Calculated: 0.58731074.
*** WARNING (version #0ca050f): /home/sek519/warm_starting/vws/../vpc/src/utility/nbspace.cpp:372: Ray 3599: Calculated dot product with obj differs from solver's. Obj viol from solver: 0.58731060. Calculated: 0.58731074.
*** WARNING (version #0ca050f): /home/sek519/warm_starting/vws/../vpc/src/utility/nbspace.cpp:372: Ray 1029: Calculated dot product with obj differs from solver's. Obj viol from solver: 0.40570722. Calculated: 0.40570740.
*** WARNING (version #0ca050f): /home/sek519/warm_starting/vws/../vpc/src/utility/nbspace.cpp:372: Ray 2784: Calculated dot product with obj differs from solver's. Obj viol from solver: 0.00556206. Calculated: 0.00556227.
*** WARNING (version #0ca050f): /home/sek519/warm_starting/vws/../vpc/src/utility/nbspace.cpp:372: Ray 2831: Calculated dot product with obj differs from solver's. Obj viol from solver: 0.28970111. Calculated: 0.28970092.
*** WARNING (version #0ca050f): /home/sek519/warm_starting/vws/../vpc/src/utility/nbspace.cpp:372: Ray 2925: Calculated dot product with obj differs from solver's. Obj viol from solver: 0.00548516. Calculated: 0.00548498.
*** WARNING (version #0ca050f): /home/sek519/warm_starting/vws/../vpc/src/utility/nbspace.cpp:372: Ray 3137: Calculated dot product with obj differs from solver's. Obj viol from solver: 7.49742706. Calculated: 7.49742725.
*** WARNING (version #0ca050f): /home/sek519/warm_starting/vws/../vpc/src/utility/nbspace.cpp:372: Ray 3475: Calculated dot product with obj differs from solver's. Obj viol from solver: 0.28429278. Calculated: 0.28429260.
*** WARNING (version #0ca050f): /home/sek519/warm_starting/vws/../vpc/src/utility/nbspace.cpp:372: Ray 1029: Calculated dot product with obj differs from solver's. Obj viol from solver: 0.40570722. Calculated: 0.40570740.
*** WARNING (version #0ca050f): /home/sek519/warm_starting/vws/../vpc/src/utility/nbspace.cpp:372: Ray 2784: Calculated dot product with obj differs from solver's. Obj viol from solver: 0.00556206. Calculated: 0.00556227.
*** WARNING (version #0ca050f): /home/sek519/warm_starting/vws/../vpc/src/utility/nbspace.cpp:372: Ray 2831: Calculated dot product with obj differs from solver's. Obj viol from solver: 0.28970111. Calculated: 0.28970092.
*** WARNING (version #0ca050f): /home/sek519/warm_starting/vws/../vpc/src/utility/nbspace.cpp:372: Ray 2925: Calculated dot product with obj differs from solver's. Obj viol from solver: 0.00548516. Calculated: 0.00548498.
*** WARNING (version #0ca050f): /home/sek519/warm_starting/vws/../vpc/src/utility/nbspace.cpp:372: Ray 3137: Calculated dot product with obj differs from solver's. Obj viol from solver: 7.49742706. Calculated: 7.49742725.
*** WARNING (version #0ca050f): /home/sek519/warm_starting/vws/../vpc/src/utility/nbspace.cpp:372: Ray 3475: Calculated dot product with obj differs from solver's. Obj viol from solver: 0.28429278. Calculated: 0.28429260.
*** WARNING (version #0ca050f): /home/sek519/warm_starting/vws/../vpc/src/utility/nbspace.cpp:372: Ray 3597: Calculated dot product with obj differs from solver's. Obj viol from solver: 0.58728112. Calculated: 0.58728126.
*** WARNING (version #0ca050f): /home/sek519/warm_starting/vws/../vpc/src/utility/nbspace.cpp:372: Ray 3599: Calculated dot product with obj differs from solver's. Obj viol from solver: 0.58728112. Calculated: 0.58728126.
*** WARNING (version #0ca050f): /home/sek519/warm_starting/vws/../vpc/src/utility/nbspace.cpp:372: Ray 617: Calculated dot product with obj differs from solver's. Obj viol from solver: 0.00104370. Calculated: 0.00104391.
*** WARNING (version #0ca050f): /home/sek519/warm_starting/vws/../vpc/src/utility/nbspace.cpp:372: Ray 633: Calculated dot product with obj differs from solver's. Obj viol from solver: 0.00083410. Calculated: 0.00083427.
*** WARNING (version #0ca050f): /home/sek519/warm_starting/vws/../vpc/src/utility/nbspace.cpp:372: Ray 634: Calculated dot product with obj differs from solver's. Obj viol from solver: 0.00083410. Calculated: 0.00083427.
*** WARNING (version #0ca050f): /home/sek519/warm_starting/vws/../vpc/src/utility/nbspace.cpp:372: Ray 2778: Calculated dot product with obj differs from solver's. Obj viol from solver: 0.03383711. Calculated: 0.03383734.
*** WARNING (version #0ca050f): /home/sek519/warm_starting/vws/../vpc/src/utility/nbspace.cpp:372: Ray 2784: Calculated dot product with obj differs from solver's. Obj viol from solver: 0.00609919. Calculated: 0.00609933.
*** WARNING (version #0ca050f): /home/sek519/warm_starting/vws/../vpc/src/utility/nbspace.cpp:372: Ray 2919: Calculated dot product with obj differs from solver's. Obj viol from solver: 0.03383711. Calculated: 0.03383734.
*** WARNING (version #0ca050f): /home/sek519/warm_starting/vws/../vpc/src/utility/nbspace.cpp:372: Ray 2925: Calculated dot product with obj differs from solver's. Obj viol from solver: 0.00617617. Calculated: 0.00617633.
*** WARNING (version #0ca050f): /home/sek519/warm_starting/vws/../vpc/src/utility/nbspace.cpp:372: Ray 452: Calculated dot product with obj differs from solver's. Obj viol from solver: 0.00047161. Calculated: 0.00047177.
*** WARNING (version #0ca050f): /home/sek519/warm_starting/vws/../vpc/src/utility/nbspace.cpp:372: Ray 3597: Calculated dot product with obj differs from solver's. Obj viol from solver: 0.58728112. Calculated: 0.58728126.
*** WARNING (version #0ca050f): /home/sek519/warm_starting/vws/../vpc/src/utility/nbspace.cpp:372: Ray 3599: Calculated dot product with obj differs from solver's. Obj viol from solver: 0.58728112. Calculated: 0.58728126.
*** WARNING (version #0ca050f): /home/sek519/warm_starting/vws/../vpc/src/utility/nbspace.cpp:372: Ray 452: Calculated dot product with obj differs from solver's. Obj viol from solver: 0.00047161. Calculated: 0.00047177.
*** WARNING (version #0ca050f): /home/sek519/warm_starting/vws/../vpc/src/utility/nbspace.cpp:372: Ray 2260: Calculated dot product with obj differs from solver's. Obj viol from solver: 0.59416377. Calculated: 0.59416396.
*** WARNING (version #0ca050f): /home/sek519/warm_starting/vws/../vpc/src/utility/nbspace.cpp:372: Ray 2263: Calculated dot product with obj differs from solver's. Obj viol from solver: 0.59416377. Calculated: 0.59416394.
*** WARNING (version #0ca050f): /home/sek519/warm_starting/vws/../vpc/src/utility/nbspace.cpp:372: Ray 2784: Calculated dot product with obj differs from solver's. Obj viol from solver: 0.00556206. Calculated: 0.00556184.
*** WARNING (version #0ca050f): /home/sek519/warm_starting/vws/../vpc/src/utility/nbspace.cpp:372: Ray 2925: Calculated dot product with obj differs from solver's. Obj viol from solver: 0.00556206. Calculated: 0.00556187.
*** WARNING (version #0ca050f): /home/sek519/warm_starting/vws/../vpc/src/utility/nbspace.cpp:372: Ray 3245: Calculated dot product with obj differs from solver's. Obj viol from solver: 0.28416377. Calculated: 0.28416398.
*** WARNING (version #0ca050f): /home/sek519/warm_starting/vws/../vpc/src/utility/nbspace.cpp:372: Ray 3590: Calculated dot product with obj differs from solver's. Obj viol from solver: 0.28416377. Calculated: 0.28416396.
*** WARNING (version #0ca050f): /home/sek519/warm_starting/vws/../vpc/src/utility/nbspace.cpp:372: Ray 3597: Calculated dot product with obj differs from solver's. Obj viol from solver: 0.58728112. Calculated: 0.58728126.
*** WARNING (version #0ca050f): /home/sek519/warm_starting/vws/../vpc/src/utility/nbspace.cpp:372: Ray 3599: Calculated dot product with obj differs from solver's. Obj viol from solver: 0.58728112. Calculated: 0.58728126.
*** WARNING (version #0ca050f): /home/sek519/warm_starting/vws/../vpc/src/utility/nbspace.cpp:372: Ray 3597: Calculated dot product with obj differs from solver's. Obj viol from solver: 0.58732131. Calculated: 0.58732144.
*** WARNING (version #0ca050f): /home/sek519/warm_starting/vws/../vpc/src/utility/nbspace.cpp:372: Ray 3599: Calculated dot product with obj differs from solver's. Obj viol from solver: 0.58732131. Calculated: 0.58732144.
*** WARNING (version #0ca050f): /home/sek519/warm_starting/vws/../vpc/src/utility/nbspace.cpp:372: Ray 3597: Calculated dot product with obj differs from solver's. Obj viol from solver: 0.58732131. Calculated: 0.58732144.
*** WARNING (version #0ca050f): /home/sek519/warm_starting/vws/../vpc/src/utility/nbspace.cpp:372: Ray 3599: Calculated dot product with obj differs from solver's. Obj viol from solver: 0.58732131. Calculated: 0.58732144.
*** WARNING (version #0ca050f): /home/sek519/warm_starting/vws/../vpc/src/utility/nbspace.cpp:372: Ray 3597: Calculated dot product with obj differs from solver's. Obj viol from solver: 0.58728112. Calculated: 0.58728126.
*** WARNING (version #0ca050f): /home/sek519/warm_starting/vws/../vpc/src/utility/nbspace.cpp:372: Ray 3599: Calculated dot product with obj differs from solver's. Obj viol from solver: 0.58728112. Calculated: 0.58728126.
*** WARNING (version #0ca050f): /home/sek519/warm_starting/vws/../vpc/src/utility/nbspace.cpp:372: Ray 3597: Calculated dot product with obj differs from solver's. Obj viol from solver: 0.58725153. Calculated: 0.58725167.
*** WARNING (version #0ca050f): /home/sek519/warm_starting/vws/../vpc/src/utility/nbspace.cpp:372: Ray 3599: Calculated dot product with obj differs from solver's. Obj viol from solver: 0.58725153. Calculated: 0.58725167.
*** WARNING (version #0ca050f): /home/sek519/warm_starting/vws/../vpc/src/cut/CglVPC.cpp:683: Nonbasic reduced cost should be >= 0 in the complemented nonbasic space. However, for nb var 374 (real var 724), it is -1.190612e-07. Small enough error that we only send warning.
*** WARNING (version #0ca050f): /home/sek519/warm_starting/vws/../vpc/src/utility/nbspace.cpp:358: Ray 724: dot product with obj < 0. Obj viol from solver: -0.00000012. Calculated: -0.00000012.
*** WARNING (version #0ca050f): /home/sek519/warm_starting/vws/../vpc/src/cut/CglVPC.cpp:1243: Term 65 ray 374 does not satisfy the objective cut. Activity: -0.00000012. RHS: 0.00000000. Small enough violation that we only send a warning.
*** WARNING (version #0ca050f): /home/sek519/warm_starting/vws/../vpc/src/utility/nbspace.cpp:372: Ray 3597: Calculated dot product with obj differs from solver's. Obj viol from solver: 0.58732129. Calculated: 0.58732143.
*** WARNING (version #0ca050f): /home/sek519/warm_starting/vws/../vpc/src/utility/nbspace.cpp:372: Ray 3599: Calculated dot product with obj differs from solver's. Obj viol from solver: 0.58732129. Calculated: 0.58732143.
*** WARNING (version #0ca050f): /home/sek519/warm_starting/vws/../vpc/src/cut/CglVPC.cpp:683: Nonbasic reduced cost should be >= 0 in the complemented nonbasic space. However, for nb var 374 (real var 724), it is -1.190612e-07. Small enough error that we only send warning.
*** WARNING (version #0ca050f): /home/sek519/warm_starting/vws/../vpc/src/utility/nbspace.cpp:358: Ray 724: dot product with obj < 0. Obj viol from solver: -0.00000012. Calculated: -0.00000012.
*** WARNING (version #0ca050f): /home/sek519/warm_starting/vws/../vpc/src/cut/CglVPC.cpp:1243: Term 66 ray 374 does not satisfy the objective cut. Activity: -0.00000012. RHS: 0.00000000. Small enough violation that we only send a warning.
*** WARNING (version #0ca050f): /home/sek519/warm_starting/vws/../vpc/src/utility/nbspace.cpp:372: Ray 3597: Calculated dot product with obj differs from solver's. Obj viol from solver: 0.58732129. Calculated: 0.58732143.
*** WARNING (version #0ca050f): /home/sek519/warm_starting/vws/../vpc/src/utility/nbspace.cpp:372: Ray 3599: Calculated dot product with obj differs from solver's. Obj viol from solver: 0.58732129. Calculated: 0.58732143.
messed up a farkas cofficient
vws: /home/sek519/warm_starting/vws/../vpc/src/utility/utility.cpp:653: void verify(bool, const std::string&): Assertion `false' failed.
/var/spool/torque/mom_priv/jobs/1395563.polyp1.ie.lehigh.edu.SC: line 4: 19984 Aborted                 ../Debug/vws ${INPUT_FOLDER} ${OUTPUT_FILE} ${MAX_TIME} ${GENERATOR} ${TERMS} ${MIP_SOLVER} ${PROVIDE_PRIMAL_BOUND}
