*** WARNING (version #0ca050f): /home/sek519/warm_starting/vws/../vpc/src/utility/nbspace.cpp:155: Point: Calculated dot product with obj differs from solver's. Obj viol from solver: 457866.29004213. Calculated: 457866.29004202.
*** WARNING (version #0ca050f): /home/sek519/warm_starting/vws/../vpc/src/utility/nbspace.cpp:155: Point: Calculated dot product with obj differs from solver's. Obj viol from solver: 916668.70965633. Calculated: 916668.70965611.
*** WARNING (version #0ca050f): /home/sek519/warm_starting/vws/../vpc/src/utility/nbspace.cpp:372: Ray 604: Calculated dot product with obj differs from solver's. Obj viol from solver: 6138288.19526809. Calculated: 6138288.19526824.
*** WARNING (version #0ca050f): /home/sek519/warm_starting/vws/../vpc/src/utility/nbspace.cpp:155: Point: Calculated dot product with obj differs from solver's. Obj viol from solver: 380672.83610731. Calculated: 380672.83610710.
*** WARNING (version #0ca050f): /home/sek519/warm_starting/vws/../vpc/src/utility/nbspace.cpp:372: Ray 153: Calculated dot product with obj differs from solver's. Obj viol from solver: 2137069.14258460. Calculated: 2137069.14258449.
*** WARNING (version #0ca050f): /home/sek519/warm_starting/vws/../vpc/src/utility/nbspace.cpp:372: Ray 399: Calculated dot product with obj differs from solver's. Obj viol from solver: 2103561.54258461. Calculated: 2103561.54258449.
*** WARNING (version #0ca050f): /home/sek519/warm_starting/vws/../vpc/src/utility/nbspace.cpp:372: Ray 407: Calculated dot product with obj differs from solver's. Obj viol from solver: 1480015.02358655. Calculated: 1480015.02358642.
*** WARNING (version #0ca050f): /home/sek519/warm_starting/vws/../vpc/src/utility/nbspace.cpp:372: Ray 576: Calculated dot product with obj differs from solver's. Obj viol from solver: 5413537.26653886. Calculated: 5413537.26653897.
*** WARNING (version #0ca050f): /home/sek519/warm_starting/vws/../vpc/src/utility/nbspace.cpp:155: Point: Calculated dot product with obj differs from solver's. Obj viol from solver: 427020.44707859. Calculated: 427020.44707833.
*** WARNING (version #0ca050f): /home/sek519/warm_starting/vws/../vpc/src/utility/nbspace.cpp:372: Ray 33: Calculated dot product with obj differs from solver's. Obj viol from solver: 9613427.78208532. Calculated: 9613427.78208515.
*** WARNING (version #0ca050f): /home/sek519/warm_starting/vws/../vpc/src/utility/nbspace.cpp:372: Ray 156: Calculated dot product with obj differs from solver's. Obj viol from solver: 2589272.42983596. Calculated: 2589272.42983608.
*** WARNING (version #0ca050f): /home/sek519/warm_starting/vws/../vpc/src/utility/nbspace.cpp:372: Ray 275: Calculated dot product with obj differs from solver's. Obj viol from solver: 4180524.30167224. Calculated: 4180524.30167237.
*** WARNING (version #0ca050f): /home/sek519/warm_starting/vws/../vpc/src/utility/nbspace.cpp:372: Ray 347: Calculated dot product with obj differs from solver's. Obj viol from solver: 355061.46844679. Calculated: 355061.46844669.
*** WARNING (version #0ca050f): /home/sek519/warm_starting/vws/../vpc/src/utility/nbspace.cpp:372: Ray 465: Calculated dot product with obj differs from solver's. Obj viol from solver: 1000322.42983596. Calculated: 1000322.42983607.
*** WARNING (version #0ca050f): /home/sek519/warm_starting/vws/../vpc/src/utility/nbspace.cpp:372: Ray 468: Calculated dot product with obj differs from solver's. Obj viol from solver: 3263503.81436105. Calculated: 3263503.81436084.
*** WARNING (version #0ca050f): /home/sek519/warm_starting/vws/../vpc/src/utility/nbspace.cpp:372: Ray 475: Calculated dot product with obj differs from solver's. Obj viol from solver: 2589272.42983597. Calculated: 2589272.42983608.
*** WARNING (version #0ca050f): /home/sek519/warm_starting/vws/../vpc/src/utility/nbspace.cpp:372: Ray 477: Calculated dot product with obj differs from solver's. Obj viol from solver: 56675.69832776. Calculated: 56675.69832761.
*** WARNING (version #0ca050f): /home/sek519/warm_starting/vws/../vpc/src/utility/nbspace.cpp:372: Ray 480: Calculated dot product with obj differs from solver's. Obj viol from solver: 462589.94021404. Calculated: 462589.94021394.
*** WARNING (version #0ca050f): /home/sek519/warm_starting/vws/../vpc/src/utility/nbspace.cpp:372: Ray 504: Calculated dot product with obj differs from solver's. Obj viol from solver: 1059647.94886358. Calculated: 1059647.94886346.
*** WARNING (version #0ca050f): /home/sek519/warm_starting/vws/../vpc/src/utility/nbspace.cpp:372: Ray 545: Calculated dot product with obj differs from solver's. Obj viol from solver: 1593255.97298308. Calculated: 1593255.97298296.
*** WARNING (version #0ca050f): /home/sek519/warm_starting/vws/../vpc/src/utility/nbspace.cpp:372: Ray 560: Calculated dot product with obj differs from solver's. Obj viol from solver: 6573052.54347033. Calculated: 6573052.54347018.
*** WARNING (version #0ca050f): /home/sek519/warm_starting/vws/../vpc/src/utility/nbspace.cpp:372: Ray 572: Calculated dot product with obj differs from solver's. Obj viol from solver: 2932588.66072468. Calculated: 2932588.66072454.
*** WARNING (version #0ca050f): /home/sek519/warm_starting/vws/../vpc/src/utility/nbspace.cpp:372: Ray 579: Calculated dot product with obj differs from solver's. Obj viol from solver: 1097194.49140206. Calculated: 1097194.49140195.
*** WARNING (version #0ca050f): /home/sek519/warm_starting/vws/../vpc/src/utility/nbspace.cpp:372: Ray 638: Calculated dot product with obj differs from solver's. Obj viol from solver: 1002624.30167225. Calculated: 1002624.30167235.
*** WARNING (version #0ca050f): /home/sek519/warm_starting/vws/../vpc/src/utility/nbspace.cpp:372: Ray 654: Calculated dot product with obj differs from solver's. Obj viol from solver: 6070078.64811496. Calculated: 6070078.64811486.
*** WARNING (version #0ca050f): /home/sek519/warm_starting/vws/../vpc/src/utility/nbspace.cpp:372: Ray 699: Calculated dot product with obj differs from solver's. Obj viol from solver: 1942564.00547818. Calculated: 1942564.00547802.
*** WARNING (version #0ca050f): /home/sek519/warm_starting/vws/../vpc/src/utility/nbspace.cpp:372: Ray 1634: Calculated dot product with obj differs from solver's. Obj viol from solver: 1818306.85434300. Calculated: 1818306.85434313.
*** WARNING (version #0ca050f): /home/sek519/warm_starting/vws/../vpc/src/utility/nbspace.cpp:372: Ray 414: Calculated dot product with obj differs from solver's. Obj viol from solver: 549772.06797441. Calculated: 549772.06797452.
*** WARNING (version #0ca050f): /home/sek519/warm_starting/vws/../vpc/src/utility/nbspace.cpp:372: Ray 15: Calculated dot product with obj differs from solver's. Obj viol from solver: 5513108.66927403. Calculated: 5513108.66927390.
*** WARNING (version #0ca050f): /home/sek519/warm_starting/vws/../vpc/src/utility/nbspace.cpp:372: Ray 27: Calculated dot product with obj differs from solver's. Obj viol from solver: 2988938.35667660. Calculated: 2988938.35667645.
*** WARNING (version #0ca050f): /home/sek519/warm_starting/vws/../vpc/src/utility/nbspace.cpp:372: Ray 65: Calculated dot product with obj differs from solver's. Obj viol from solver: 1582162.29161207. Calculated: 1582162.29161197.
*** WARNING (version #0ca050f): /home/sek519/warm_starting/vws/../vpc/src/utility/nbspace.cpp:372: Ray 504: Calculated dot product with obj differs from solver's. Obj viol from solver: 2157468.54892842. Calculated: 2157468.54892829.
*** WARNING (version #0ca050f): /home/sek519/warm_starting/vws/../vpc/src/utility/nbspace.cpp:372: Ray 512: Calculated dot product with obj differs from solver's. Obj viol from solver: 7548503.63089293. Calculated: 7548503.63089282.
*** WARNING (version #0ca050f): /home/sek519/warm_starting/vws/../vpc/src/utility/nbspace.cpp:372: Ray 516: Calculated dot product with obj differs from solver's. Obj viol from solver: 2722891.04953477. Calculated: 2722891.04953461.
*** WARNING (version #0ca050f): /home/sek519/warm_starting/vws/../vpc/src/utility/nbspace.cpp:155: Point: Calculated dot product with obj differs from solver's. Obj viol from solver: 805278.34487927. Calculated: 805278.34487914.
messed up a farkas cofficient
vws: /home/sek519/warm_starting/vws/../vpc/src/utility/utility.cpp:653: void verify(bool, const std::string&): Assertion `false' failed.
/var/spool/torque/mom_priv/jobs/1327357.polyp1.ie.lehigh.edu.SC: line 4: 24474 Aborted                 (core dumped) ../Debug/vws ${INPUT_FOLDER} ${OUTPUT_FILE} ${MAX_TIME} ${GENERATOR} ${TERMS} ${MIP_SOLVER} ${PROVIDE_PRIMAL_BOUND}
