*** WARNING (version #0ca050f): /home/sek519/warm_starting/vws/../vpc/src/utility/nbspace.cpp:155: Point: Calculated dot product with obj differs from solver's. Obj viol from solver: 457866.29004213. Calculated: 457866.29004202.
*** WARNING (version #0ca050f): /home/sek519/warm_starting/vws/../vpc/src/utility/nbspace.cpp:155: Point: Calculated dot product with obj differs from solver's. Obj viol from solver: 916668.70965633. Calculated: 916668.70965611.
*** WARNING (version #0ca050f): /home/sek519/warm_starting/vws/../vpc/src/utility/nbspace.cpp:372: Ray 604: Calculated dot product with obj differs from solver's. Obj viol from solver: 6138288.19526809. Calculated: 6138288.19526824.
*** WARNING (version #0ca050f): /home/sek519/warm_starting/vws/../vpc/src/utility/nbspace.cpp:155: Point: Calculated dot product with obj differs from solver's. Obj viol from solver: 380672.83610731. Calculated: 380672.83610710.
*** WARNING (version #0ca050f): /home/sek519/warm_starting/vws/../vpc/src/utility/nbspace.cpp:372: Ray 153: Calculated dot product with obj differs from solver's. Obj viol from solver: 2137069.14258460. Calculated: 2137069.14258449.
*** WARNING (version #0ca050f): /home/sek519/warm_starting/vws/../vpc/src/utility/nbspace.cpp:372: Ray 399: Calculated dot product with obj differs from solver's. Obj viol from solver: 2103561.54258461. Calculated: 2103561.54258449.
*** WARNING (version #0ca050f): /home/sek519/warm_starting/vws/../vpc/src/utility/nbspace.cpp:372: Ray 407: Calculated dot product with obj differs from solver's. Obj viol from solver: 1480015.02358655. Calculated: 1480015.02358642.
*** WARNING (version #0ca050f): /home/sek519/warm_starting/vws/../vpc/src/utility/nbspace.cpp:372: Ray 576: Calculated dot product with obj differs from solver's. Obj viol from solver: 5413537.26653886. Calculated: 5413537.26653897.
*** WARNING (version #0ca050f): /home/sek519/warm_starting/vws/../vpc/src/utility/nbspace.cpp:155: Point: Calculated dot product with obj differs from solver's. Obj viol from solver: 427020.44707859. Calculated: 427020.44707833.
*** WARNING (version #0ca050f): /home/sek519/warm_starting/vws/../vpc/src/utility/nbspace.cpp:372: Ray 5: Calculated dot product with obj differs from solver's. Obj viol from solver: 5158102.30036297. Calculated: 5158102.30036287.
*** WARNING (version #0ca050f): /home/sek519/warm_starting/vws/../vpc/src/utility/nbspace.cpp:372: Ray 33: Calculated dot product with obj differs from solver's. Obj viol from solver: 7985829.58762927. Calculated: 7985829.58762914.
*** WARNING (version #0ca050f): /home/sek519/warm_starting/vws/../vpc/src/utility/nbspace.cpp:372: Ray 62: Calculated dot product with obj differs from solver's. Obj viol from solver: 3730471.75261266. Calculated: 3730471.75261277.
*** WARNING (version #0ca050f): /home/sek519/warm_starting/vws/../vpc/src/utility/nbspace.cpp:372: Ray 394: Calculated dot product with obj differs from solver's. Obj viol from solver: 2311520.15500426. Calculated: 2311520.15500416.
*** WARNING (version #0ca050f): /home/sek519/warm_starting/vws/../vpc/src/utility/nbspace.cpp:372: Ray 490: Calculated dot product with obj differs from solver's. Obj viol from solver: 5011989.86287405. Calculated: 5011989.86287395.
*** WARNING (version #0ca050f): /home/sek519/warm_starting/vws/../vpc/src/utility/nbspace.cpp:372: Ray 580: Calculated dot product with obj differs from solver's. Obj viol from solver: 6379996.52710281. Calculated: 6379996.52710270.
*** WARNING (version #0ca050f): /home/sek519/warm_starting/vws/../vpc/src/utility/nbspace.cpp:372: Ray 760: Calculated dot product with obj differs from solver's. Obj viol from solver: 5161897.79179416. Calculated: 5161897.79179406.
*** WARNING (version #0ca050f): /home/sek519/warm_starting/vws/../vpc/src/utility/nbspace.cpp:372: Ray 4: Calculated dot product with obj differs from solver's. Obj viol from solver: 1206995.23778964. Calculated: 1206995.23778978.
*** WARNING (version #0ca050f): /home/sek519/warm_starting/vws/../vpc/src/utility/nbspace.cpp:372: Ray 5: Calculated dot product with obj differs from solver's. Obj viol from solver: 2547191.97558804. Calculated: 2547191.97558822.
*** WARNING (version #0ca050f): /home/sek519/warm_starting/vws/../vpc/src/utility/nbspace.cpp:372: Ray 13: Calculated dot product with obj differs from solver's. Obj viol from solver: 5350285.49762467. Calculated: 5350285.49762488.
*** WARNING (version #0ca050f): /home/sek519/warm_starting/vws/../vpc/src/utility/nbspace.cpp:372: Ray 17: Calculated dot product with obj differs from solver's. Obj viol from solver: 1175381.21238691. Calculated: 1175381.21238704.
*** WARNING (version #0ca050f): /home/sek519/warm_starting/vws/../vpc/src/utility/nbspace.cpp:372: Ray 21: Calculated dot product with obj differs from solver's. Obj viol from solver: 1399228.82085033. Calculated: 1399228.82085044.
*** WARNING (version #0ca050f): /home/sek519/warm_starting/vws/../vpc/src/utility/nbspace.cpp:372: Ray 33: Calculated dot product with obj differs from solver's. Obj viol from solver: 5740464.55338897. Calculated: 5740464.55338913.
*** WARNING (version #0ca050f): /home/sek519/warm_starting/vws/../vpc/src/utility/nbspace.cpp:372: Ray 717: Calculated dot product with obj differs from solver's. Obj viol from solver: 8671872.49785436. Calculated: 8671872.49785426.
*** WARNING (version #0ca050f): /home/sek519/warm_starting/vws/../vpc/src/utility/nbspace.cpp:372: Ray 778: Calculated dot product with obj differs from solver's. Obj viol from solver: 1581341.70202740. Calculated: 1581341.70202753.
*** WARNING (version #0ca050f): /home/sek519/warm_starting/vws/../vpc/src/utility/nbspace.cpp:372: Ray 808: Calculated dot product with obj differs from solver's. Obj viol from solver: 1178037.65059386. Calculated: 1178037.65059398.
*** WARNING (version #0ca050f): /home/sek519/warm_starting/vws/../vpc/src/utility/nbspace.cpp:155: Point: Calculated dot product with obj differs from solver's. Obj viol from solver: 1509316.84669030. Calculated: 1509316.84669040.
*** WARNING (version #0ca050f): /home/sek519/warm_starting/vws/../vpc/src/utility/nbspace.cpp:372: Ray 4: Calculated dot product with obj differs from solver's. Obj viol from solver: 485194.03333982. Calculated: 485194.03334002.
*** WARNING (version #0ca050f): /home/sek519/warm_starting/vws/../vpc/src/utility/nbspace.cpp:372: Ray 5: Calculated dot product with obj differs from solver's. Obj viol from solver: 8920997.44152238. Calculated: 8920997.44152256.
*** WARNING (version #0ca050f): /home/sek519/warm_starting/vws/../vpc/src/utility/nbspace.cpp:372: Ray 8: Calculated dot product with obj differs from solver's. Obj viol from solver: 1226494.53836838. Calculated: 1226494.53836850.
*** WARNING (version #0ca050f): /home/sek519/warm_starting/vws/../vpc/src/utility/nbspace.cpp:372: Ray 12: Calculated dot product with obj differs from solver's. Obj viol from solver: 3274266.38016731. Calculated: 3274266.38016742.
*** WARNING (version #0ca050f): /home/sek519/warm_starting/vws/../vpc/src/utility/nbspace.cpp:372: Ray 13: Calculated dot product with obj differs from solver's. Obj viol from solver: 11801131.57990357. Calculated: 11801131.57990372.
*** WARNING (version #0ca050f): /home/sek519/warm_starting/vws/../vpc/src/utility/nbspace.cpp:372: Ray 32: Calculated dot product with obj differs from solver's. Obj viol from solver: 4265810.07217536. Calculated: 4265810.07217555.
*** WARNING (version #0ca050f): /home/sek519/warm_starting/vws/../vpc/src/utility/nbspace.cpp:372: Ray 33: Calculated dot product with obj differs from solver's. Obj viol from solver: 12145636.69819628. Calculated: 12145636.69819641.
*** WARNING (version #0ca050f): /home/sek519/warm_starting/vws/../vpc/src/utility/nbspace.cpp:372: Ray 36: Calculated dot product with obj differs from solver's. Obj viol from solver: 558874.04241809. Calculated: 558874.04241828.
*** WARNING (version #0ca050f): /home/sek519/warm_starting/vws/../vpc/src/utility/nbspace.cpp:372: Ray 37: Calculated dot product with obj differs from solver's. Obj viol from solver: 7760375.58643255. Calculated: 7760375.58643274.
*** WARNING (version #0ca050f): /home/sek519/warm_starting/vws/../vpc/src/utility/nbspace.cpp:372: Ray 59: Calculated dot product with obj differs from solver's. Obj viol from solver: 6117574.93362073. Calculated: 6117574.93362095.
*** WARNING (version #0ca050f): /home/sek519/warm_starting/vws/../vpc/src/utility/nbspace.cpp:372: Ray 62: Calculated dot product with obj differs from solver's. Obj viol from solver: 2054232.64889030. Calculated: 2054232.64889040.
*** WARNING (version #0ca050f): /home/sek519/warm_starting/vws/../vpc/src/utility/nbspace.cpp:372: Ray 67: Calculated dot product with obj differs from solver's. Obj viol from solver: 6417847.82942695. Calculated: 6417847.82942681.
*** WARNING (version #0ca050f): /home/sek519/warm_starting/vws/../vpc/src/utility/nbspace.cpp:372: Ray 307: Calculated dot product with obj differs from solver's. Obj viol from solver: 16003637.38308752. Calculated: 16003637.38308741.
*** WARNING (version #0ca050f): /home/sek519/warm_starting/vws/../vpc/src/utility/nbspace.cpp:372: Ray 450: Calculated dot product with obj differs from solver's. Obj viol from solver: 3855933.86573630. Calculated: 3855933.86573612.
*** WARNING (version #0ca050f): /home/sek519/warm_starting/vws/../vpc/src/utility/nbspace.cpp:372: Ray 717: Calculated dot product with obj differs from solver's. Obj viol from solver: 8254361.14997792. Calculated: 8254361.14997777.
*** WARNING (version #0ca050f): /home/sek519/warm_starting/vws/../vpc/src/utility/nbspace.cpp:372: Ray 13: Calculated dot product with obj differs from solver's. Obj viol from solver: 11366332.76700594. Calculated: 11366332.76700584.
*** WARNING (version #0ca050f): /home/sek519/warm_starting/vws/../vpc/src/utility/nbspace.cpp:372: Ray 100: Calculated dot product with obj differs from solver's. Obj viol from solver: 1310641.47051461. Calculated: 1310641.47051441.
*** WARNING (version #0ca050f): /home/sek519/warm_starting/vws/../vpc/src/utility/nbspace.cpp:372: Ray 205: Calculated dot product with obj differs from solver's. Obj viol from solver: 2652822.88996957. Calculated: 2652822.88996967.
*** WARNING (version #0ca050f): /home/sek519/warm_starting/vws/../vpc/src/utility/nbspace.cpp:372: Ray 319: Calculated dot product with obj differs from solver's. Obj viol from solver: 4838265.85487797. Calculated: 4838265.85487784.
*** WARNING (version #0ca050f): /home/sek519/warm_starting/vws/../vpc/src/utility/nbspace.cpp:372: Ray 327: Calculated dot product with obj differs from solver's. Obj viol from solver: 4989330.02164333. Calculated: 4989330.02164322.
*** WARNING (version #0ca050f): /home/sek519/warm_starting/vws/../vpc/src/utility/nbspace.cpp:372: Ray 341: Calculated dot product with obj differs from solver's. Obj viol from solver: 19395768.70224100. Calculated: 19395768.70224090.
*** WARNING (version #0ca050f): /home/sek519/warm_starting/vws/../vpc/src/utility/nbspace.cpp:372: Ray 404: Calculated dot product with obj differs from solver's. Obj viol from solver: 322516.75167350. Calculated: 322516.75167339.
*** WARNING (version #0ca050f): /home/sek519/warm_starting/vws/../vpc/src/utility/nbspace.cpp:372: Ray 544: Calculated dot product with obj differs from solver's. Obj viol from solver: 1593522.88996957. Calculated: 1593522.88996967.
*** WARNING (version #0ca050f): /home/sek519/warm_starting/vws/../vpc/src/utility/nbspace.cpp:372: Ray 19: Calculated dot product with obj differs from solver's. Obj viol from solver: 244473.07818883. Calculated: 244473.07818895.
*** WARNING (version #0ca050f): /home/sek519/warm_starting/vws/../vpc/src/utility/nbspace.cpp:372: Ray 23: Calculated dot product with obj differs from solver's. Obj viol from solver: 6519477.07334482. Calculated: 6519477.07334492.
*** WARNING (version #0ca050f): /home/sek519/warm_starting/vws/../vpc/src/utility/nbspace.cpp:372: Ray 73: Calculated dot product with obj differs from solver's. Obj viol from solver: 1779448.27334481. Calculated: 1779448.27334491.
*** WARNING (version #0ca050f): /home/sek519/warm_starting/vws/../vpc/src/utility/nbspace.cpp:372: Ray 135: Calculated dot product with obj differs from solver's. Obj viol from solver: 5770701.73275936. Calculated: 5770701.73275948.
*** WARNING (version #0ca050f): /home/sek519/warm_starting/vws/../vpc/src/utility/nbspace.cpp:372: Ray 195: Calculated dot product with obj differs from solver's. Obj viol from solver: 6726196.34419154. Calculated: 6726196.34419167.
*** WARNING (version #0ca050f): /home/sek519/warm_starting/vws/../vpc/src/utility/nbspace.cpp:372: Ray 220: Calculated dot product with obj differs from solver's. Obj viol from solver: 1791326.71933100. Calculated: 1791326.71933084.
*** WARNING (version #0ca050f): /home/sek519/warm_starting/vws/../vpc/src/utility/nbspace.cpp:372: Ray 221: Calculated dot product with obj differs from solver's. Obj viol from solver: 4352879.50152516. Calculated: 4352879.50152504.
*** WARNING (version #0ca050f): /home/sek519/warm_starting/vws/../vpc/src/utility/nbspace.cpp:372: Ray 277: Calculated dot product with obj differs from solver's. Obj viol from solver: 4162279.85182657. Calculated: 4162279.85182668.
*** WARNING (version #0ca050f): /home/sek519/warm_starting/vws/../vpc/src/utility/nbspace.cpp:372: Ray 342: Calculated dot product with obj differs from solver's. Obj viol from solver: 2607893.74992130. Calculated: 2607893.74992112.
*** WARNING (version #0ca050f): /home/sek519/warm_starting/vws/../vpc/src/utility/nbspace.cpp:372: Ray 343: Calculated dot product with obj differs from solver's. Obj viol from solver: 8486072.69894757. Calculated: 8486072.69894746.
*** WARNING (version #0ca050f): /home/sek519/warm_starting/vws/../vpc/src/utility/nbspace.cpp:372: Ray 391: Calculated dot product with obj differs from solver's. Obj viol from solver: 1571925.94973898. Calculated: 1571925.94973911.
*** WARNING (version #0ca050f): /home/sek519/warm_starting/vws/../vpc/src/utility/nbspace.cpp:372: Ray 397: Calculated dot product with obj differs from solver's. Obj viol from solver: 2241906.70971514. Calculated: 2241906.70971528.
*** WARNING (version #0ca050f): /home/sek519/warm_starting/vws/../vpc/src/utility/nbspace.cpp:372: Ray 401: Calculated dot product with obj differs from solver's. Obj viol from solver: 868119.64123343. Calculated: 868119.64123358.
*** WARNING (version #0ca050f): /home/sek519/warm_starting/vws/../vpc/src/utility/nbspace.cpp:372: Ray 403: Calculated dot product with obj differs from solver's. Obj viol from solver: 1087965.81242528. Calculated: 1087965.81242539.
*** WARNING (version #0ca050f): /home/sek519/warm_starting/vws/../vpc/src/utility/nbspace.cpp:372: Ray 409: Calculated dot product with obj differs from solver's. Obj viol from solver: 5992555.85108972. Calculated: 5992555.85108983.
*** WARNING (version #0ca050f): /home/sek519/warm_starting/vws/../vpc/src/utility/nbspace.cpp:372: Ray 450: Calculated dot product with obj differs from solver's. Obj viol from solver: 1856656.67347029. Calculated: 1856656.67347040.
*** WARNING (version #0ca050f): /home/sek519/warm_starting/vws/../vpc/src/utility/nbspace.cpp:372: Ray 461: Calculated dot product with obj differs from solver's. Obj viol from solver: 12022866.58929869. Calculated: 12022866.58929880.
*** WARNING (version #0ca050f): /home/sek519/warm_starting/vws/../vpc/src/utility/nbspace.cpp:372: Ray 492: Calculated dot product with obj differs from solver's. Obj viol from solver: 3906641.25241207. Calculated: 3906641.25241218.
*** WARNING (version #0ca050f): /home/sek519/warm_starting/vws/../vpc/src/utility/nbspace.cpp:372: Ray 518: Calculated dot product with obj differs from solver's. Obj viol from solver: 3389117.28193622. Calculated: 3389117.28193635.
*** WARNING (version #0ca050f): /home/sek519/warm_starting/vws/../vpc/src/utility/nbspace.cpp:372: Ray 542: Calculated dot product with obj differs from solver's. Obj viol from solver: 3102979.85182657. Calculated: 3102979.85182668.
*** WARNING (version #0ca050f): /home/sek519/warm_starting/vws/../vpc/src/utility/nbspace.cpp:372: Ray 572: Calculated dot product with obj differs from solver's. Obj viol from solver: 3285864.63966134. Calculated: 3285864.63966119.
*** WARNING (version #0ca050f): /home/sek519/warm_starting/vws/../vpc/src/utility/nbspace.cpp:372: Ray 579: Calculated dot product with obj differs from solver's. Obj viol from solver: 1781095.56186895. Calculated: 1781095.56186879.
*** WARNING (version #0ca050f): /home/sek519/warm_starting/vws/../vpc/src/utility/nbspace.cpp:372: Ray 606: Calculated dot product with obj differs from solver's. Obj viol from solver: 4543460.82367534. Calculated: 4543460.82367522.
*** WARNING (version #0ca050f): /home/sek519/warm_starting/vws/../vpc/src/utility/nbspace.cpp:372: Ray 613: Calculated dot product with obj differs from solver's. Obj viol from solver: 2625866.41004502. Calculated: 2625866.41004488.
*** WARNING (version #0ca050f): /home/sek519/warm_starting/vws/../vpc/src/utility/nbspace.cpp:372: Ray 642: Calculated dot product with obj differs from solver's. Obj viol from solver: 3135519.15552475. Calculated: 3135519.15552487.
*** WARNING (version #0ca050f): /home/sek519/warm_starting/vws/../vpc/src/utility/nbspace.cpp:372: Ray 654: Calculated dot product with obj differs from solver's. Obj viol from solver: 5841326.84339585. Calculated: 5841326.84339597.
*** WARNING (version #0ca050f): /home/sek519/warm_starting/vws/../vpc/src/utility/nbspace.cpp:372: Ray 670: Calculated dot product with obj differs from solver's. Obj viol from solver: 4040560.70180680. Calculated: 4040560.70180693.
*** WARNING (version #0ca050f): /home/sek519/warm_starting/vws/../vpc/src/utility/nbspace.cpp:372: Ray 694: Calculated dot product with obj differs from solver's. Obj viol from solver: 7078578.65034629. Calculated: 7078578.65034640.
*** WARNING (version #0ca050f): /home/sek519/warm_starting/vws/../vpc/src/utility/nbspace.cpp:372: Ray 713: Calculated dot product with obj differs from solver's. Obj viol from solver: 1999333.70525256. Calculated: 1999333.70525267.
*** WARNING (version #0ca050f): /home/sek519/warm_starting/vws/../vpc/src/utility/nbspace.cpp:372: Ray 760: Calculated dot product with obj differs from solver's. Obj viol from solver: 3119749.48554942. Calculated: 3119749.48554954.
*** WARNING (version #0ca050f): /home/sek519/warm_starting/vws/../vpc/src/utility/nbspace.cpp:372: Ray 766: Calculated dot product with obj differs from solver's. Obj viol from solver: 3119749.48554943. Calculated: 3119749.48554955.
*** WARNING (version #0ca050f): /home/sek519/warm_starting/vws/../vpc/src/utility/nbspace.cpp:372: Ray 780: Calculated dot product with obj differs from solver's. Obj viol from solver: 2076219.15552475. Calculated: 2076219.15552487.
*** WARNING (version #0ca050f): /home/sek519/warm_starting/vws/../vpc/src/utility/nbspace.cpp:372: Ray 784: Calculated dot product with obj differs from solver's. Obj viol from solver: 7282837.78929869. Calculated: 7282837.78929880.
*** WARNING (version #0ca050f): /home/sek519/warm_starting/vws/../vpc/src/utility/nbspace.cpp:372: Ray 1240: Calculated dot product with obj differs from solver's. Obj viol from solver: 2205833.43020437. Calculated: 2205833.43020449.
*** WARNING (version #0ca050f): /home/sek519/warm_starting/vws/../vpc/src/utility/nbspace.cpp:372: Ray 1617: Calculated dot product with obj differs from solver's. Obj viol from solver: 326194.24330063. Calculated: 326194.24330051.
*** WARNING (version #0ca050f): /home/sek519/warm_starting/vws/../vpc/src/utility/nbspace.cpp:372: Ray 1626: Calculated dot product with obj differs from solver's. Obj viol from solver: 2509752.94530649. Calculated: 2509752.94530674.
*** WARNING (version #0ca050f): /home/sek519/warm_starting/vws/../vpc/src/utility/nbspace.cpp:372: Ray 162: Calculated dot product with obj differs from solver's. Obj viol from solver: 2933889.86517932. Calculated: 2933889.86517922.
*** WARNING (version #0ca050f): /home/sek519/warm_starting/vws/../vpc/src/utility/nbspace.cpp:372: Ray 430: Calculated dot product with obj differs from solver's. Obj viol from solver: 6699473.99487968. Calculated: 6699473.99487979.
*** WARNING (version #0ca050f): /home/sek519/warm_starting/vws/../vpc/src/utility/nbspace.cpp:372: Ray 473: Calculated dot product with obj differs from solver's. Obj viol from solver: 1198762.79786577. Calculated: 1198762.79786589.
*** WARNING (version #0ca050f): /home/sek519/warm_starting/vws/../vpc/src/utility/nbspace.cpp:372: Ray 79: Calculated dot product with obj differs from solver's. Obj viol from solver: 4924988.13573186. Calculated: 4924988.13573197.
*** WARNING (version #0ca050f): /home/sek519/warm_starting/vws/../vpc/src/utility/nbspace.cpp:372: Ray 679: Calculated dot product with obj differs from solver's. Obj viol from solver: 184432.47216286. Calculated: 184432.47216272.
*** WARNING (version #0ca050f): /home/sek519/warm_starting/vws/../vpc/src/utility/nbspace.cpp:372: Ray 680: Calculated dot product with obj differs from solver's. Obj viol from solver: 2993508.22782788. Calculated: 2993508.22782769.
*** WARNING (version #0ca050f): /home/sek519/warm_starting/vws/../vpc/src/utility/nbspace.cpp:372: Ray 77: Calculated dot product with obj differs from solver's. Obj viol from solver: 7783245.55906028. Calculated: 7783245.55906038.
*** WARNING (version #0ca050f): /home/sek519/warm_starting/vws/../vpc/src/utility/nbspace.cpp:372: Ray 79: Calculated dot product with obj differs from solver's. Obj viol from solver: 9818368.40799497. Calculated: 9818368.40799509.
*** WARNING (version #0ca050f): /home/sek519/warm_starting/vws/../vpc/src/utility/nbspace.cpp:372: Ray 81: Calculated dot product with obj differs from solver's. Obj viol from solver: 8587134.25396476. Calculated: 8587134.25396489.
*** WARNING (version #0ca050f): /home/sek519/warm_starting/vws/../vpc/src/utility/nbspace.cpp:372: Ray 83: Calculated dot product with obj differs from solver's. Obj viol from solver: 15185163.70763210. Calculated: 15185163.70763223.
*** WARNING (version #0ca050f): /home/sek519/warm_starting/vws/../vpc/src/utility/nbspace.cpp:372: Ray 87: Calculated dot product with obj differs from solver's. Obj viol from solver: 9355350.29353411. Calculated: 9355350.29353424.
*** WARNING (version #0ca050f): /home/sek519/warm_starting/vws/../vpc/src/utility/nbspace.cpp:372: Ray 91: Calculated dot product with obj differs from solver's. Obj viol from solver: 6226055.23978815. Calculated: 6226055.23978827.
*** WARNING (version #0ca050f): /home/sek519/warm_starting/vws/../vpc/src/utility/nbspace.cpp:372: Ray 93: Calculated dot product with obj differs from solver's. Obj viol from solver: 8716457.04737636. Calculated: 8716457.04737651.
*** WARNING (version #0ca050f): /home/sek519/warm_starting/vws/../vpc/src/utility/nbspace.cpp:372: Ray 95: Calculated dot product with obj differs from solver's. Obj viol from solver: 7742136.40002763. Calculated: 7742136.40002774.
*** WARNING (version #0ca050f): /home/sek519/warm_starting/vws/../vpc/src/utility/nbspace.cpp:372: Ray 97: Calculated dot product with obj differs from solver's. Obj viol from solver: 11016142.74594331. Calculated: 11016142.74594342.
*** WARNING (version #0ca050f): /home/sek519/warm_starting/vws/../vpc/src/utility/nbspace.cpp:372: Ray 99: Calculated dot product with obj differs from solver's. Obj viol from solver: 7371959.42212591. Calculated: 7371959.42212607.
*** WARNING (version #0ca050f): /home/sek519/warm_starting/vws/../vpc/src/utility/nbspace.cpp:372: Ray 103: Calculated dot product with obj differs from solver's. Obj viol from solver: 9086616.62212591. Calculated: 9086616.62212606.
*** WARNING (version #0ca050f): /home/sek519/warm_starting/vws/../vpc/src/utility/nbspace.cpp:372: Ray 109: Calculated dot product with obj differs from solver's. Obj viol from solver: 10525961.62346295. Calculated: 10525961.62346308.
*** WARNING (version #0ca050f): /home/sek519/warm_starting/vws/../vpc/src/utility/nbspace.cpp:372: Ray 111: Calculated dot product with obj differs from solver's. Obj viol from solver: 9124148.19599011. Calculated: 9124148.19599026.
*** WARNING (version #0ca050f): /home/sek519/warm_starting/vws/../vpc/src/utility/nbspace.cpp:372: Ray 117: Calculated dot product with obj differs from solver's. Obj viol from solver: 7362867.69542949. Calculated: 7362867.69542961.
*** WARNING (version #0ca050f): /home/sek519/warm_starting/vws/../vpc/src/utility/nbspace.cpp:372: Ray 119: Calculated dot product with obj differs from solver's. Obj viol from solver: 10163213.50660200. Calculated: 10163213.50660213.
*** WARNING (version #0ca050f): /home/sek519/warm_starting/vws/../vpc/src/utility/nbspace.cpp:372: Ray 125: Calculated dot product with obj differs from solver's. Obj viol from solver: 6312659.42212591. Calculated: 6312659.42212607.
*** WARNING (version #0ca050f): /home/sek519/warm_starting/vws/../vpc/src/utility/nbspace.cpp:372: Ray 127: Calculated dot product with obj differs from solver's. Obj viol from solver: 10828927.74518063. Calculated: 10828927.74518076.
*** WARNING (version #0ca050f): /home/sek519/warm_starting/vws/../vpc/src/utility/nbspace.cpp:372: Ray 129: Calculated dot product with obj differs from solver's. Obj viol from solver: 9828287.99158840. Calculated: 9828287.99158852.
*** WARNING (version #0ca050f): /home/sek519/warm_starting/vws/../vpc/src/utility/nbspace.cpp:372: Ray 153: Calculated dot product with obj differs from solver's. Obj viol from solver: 22331436.21616846. Calculated: 22331436.21616831.
*** WARNING (version #0ca050f): /home/sek519/warm_starting/vws/../vpc/src/utility/nbspace.cpp:372: Ray 259: Calculated dot product with obj differs from solver's. Obj viol from solver: 10648613.84795790. Calculated: 10648613.84795779.
*** WARNING (version #0ca050f): /home/sek519/warm_starting/vws/../vpc/src/utility/nbspace.cpp:372: Ray 273: Calculated dot product with obj differs from solver's. Obj viol from solver: 10273431.44795789. Calculated: 10273431.44795778.
*** WARNING (version #0ca050f): /home/sek519/warm_starting/vws/../vpc/src/utility/nbspace.cpp:372: Ray 342: Calculated dot product with obj differs from solver's. Obj viol from solver: 1578149.16596059. Calculated: 1578149.16596040.
*** WARNING (version #0ca050f): /home/sek519/warm_starting/vws/../vpc/src/utility/nbspace.cpp:372: Ray 407: Calculated dot product with obj differs from solver's. Obj viol from solver: 160363.91702985. Calculated: 160363.91703004.
*** WARNING (version #0ca050f): /home/sek519/warm_starting/vws/../vpc/src/utility/nbspace.cpp:372: Ray 464: Calculated dot product with obj differs from solver's. Obj viol from solver: 6658241.15246266. Calculated: 6658241.15246280.
*** WARNING (version #0ca050f): /home/sek519/warm_starting/vws/../vpc/src/utility/nbspace.cpp:372: Ray 488: Calculated dot product with obj differs from solver's. Obj viol from solver: 9269380.88934984. Calculated: 9269380.88934974.
*** WARNING (version #0ca050f): /home/sek519/warm_starting/vws/../vpc/src/utility/nbspace.cpp:372: Ray 514: Calculated dot product with obj differs from solver's. Obj viol from solver: 12858314.77177529. Calculated: 12858314.77177515.
*** WARNING (version #0ca050f): /home/sek519/warm_starting/vws/../vpc/src/utility/nbspace.cpp:372: Ray 540: Calculated dot product with obj differs from solver's. Obj viol from solver: 9214131.44795789. Calculated: 9214131.44795778.
*** WARNING (version #0ca050f): /home/sek519/warm_starting/vws/../vpc/src/utility/nbspace.cpp:372: Ray 578: Calculated dot product with obj differs from solver's. Obj viol from solver: 12308916.42824533. Calculated: 12308916.42824518.
*** WARNING (version #0ca050f): /home/sek519/warm_starting/vws/../vpc/src/utility/nbspace.cpp:372: Ray 612: Calculated dot product with obj differs from solver's. Obj viol from solver: 6321279.86915147. Calculated: 6321279.86915135.
*** WARNING (version #0ca050f): /home/sek519/warm_starting/vws/../vpc/src/utility/nbspace.cpp:372: Ray 692: Calculated dot product with obj differs from solver's. Obj viol from solver: 10273431.44795790. Calculated: 10273431.44795779.
*** WARNING (version #0ca050f): /home/sek519/warm_starting/vws/../vpc/src/utility/nbspace.cpp:372: Ray 715: Calculated dot product with obj differs from solver's. Obj viol from solver: 3147856.39522455. Calculated: 3147856.39522465.
*** WARNING (version #0ca050f): /home/sek519/warm_starting/vws/../vpc/src/utility/nbspace.cpp:372: Ray 723: Calculated dot product with obj differs from solver's. Obj viol from solver: 8530170.25799451. Calculated: 8530170.25799440.
*** WARNING (version #0ca050f): /home/sek519/warm_starting/vws/../vpc/src/utility/nbspace.cpp:372: Ray 764: Calculated dot product with obj differs from solver's. Obj viol from solver: 8154831.44795790. Calculated: 8154831.44795779.
*** WARNING (version #0ca050f): /home/sek519/warm_starting/vws/../vpc/src/utility/nbspace.cpp:372: Ray 772: Calculated dot product with obj differs from solver's. Obj viol from solver: 2818317.29298621. Calculated: 2818317.29298631.
*** WARNING (version #0ca050f): /home/sek519/warm_starting/vws/../vpc/src/utility/nbspace.cpp:372: Ray 776: Calculated dot product with obj differs from solver's. Obj viol from solver: 8154987.85799451. Calculated: 8154987.85799440.
*** WARNING (version #0ca050f): /home/sek519/warm_starting/vws/../vpc/src/utility/nbspace.cpp:372: Ray 778: Calculated dot product with obj differs from solver's. Obj viol from solver: 2977429.41371689. Calculated: 2977429.41371701.
*** WARNING (version #0ca050f): /home/sek519/warm_starting/vws/../vpc/src/utility/nbspace.cpp:372: Ray 786: Calculated dot product with obj differs from solver's. Obj viol from solver: 4919.89718215. Calculated: 4919.89718198.
*** WARNING (version #0ca050f): /home/sek519/warm_starting/vws/../vpc/src/utility/nbspace.cpp:372: Ray 1573: Calculated dot product with obj differs from solver's. Obj viol from solver: 7063842.04622905. Calculated: 7063842.04622886.
*** WARNING (version #0ca050f): /home/sek519/warm_starting/vws/../vpc/src/utility/nbspace.cpp:372: Ray 2794: Calculated dot product with obj differs from solver's. Obj viol from solver: 7744.49559174. Calculated: 7744.49559155.
*** WARNING (version #0ca050f): /home/sek519/warm_starting/vws/../vpc/src/utility/nbspace.cpp:155: Point: Calculated dot product with obj differs from solver's. Obj viol from solver: 923534.52408385. Calculated: 923534.52408400.
*** WARNING (version #0ca050f): /home/sek519/warm_starting/vws/../vpc/src/utility/nbspace.cpp:372: Ray 39: Calculated dot product with obj differs from solver's. Obj viol from solver: 7180490.85581887. Calculated: 7180490.85581876.
*** WARNING (version #0ca050f): /home/sek519/warm_starting/vws/../vpc/src/utility/nbspace.cpp:372: Ray 313: Calculated dot product with obj differs from solver's. Obj viol from solver: 10574354.95653732. Calculated: 10574354.95653721.
*** WARNING (version #0ca050f): /home/sek519/warm_starting/vws/../vpc/src/utility/nbspace.cpp:372: Ray 84: Calculated dot product with obj differs from solver's. Obj viol from solver: 2282685.95384227. Calculated: 2282685.95384237.
*** WARNING (version #0ca050f): /home/sek519/warm_starting/vws/../vpc/src/utility/nbspace.cpp:372: Ray 117: Calculated dot product with obj differs from solver's. Obj viol from solver: 5006865.34147861. Calculated: 5006865.34147848.
*** WARNING (version #0ca050f): /home/sek519/warm_starting/vws/../vpc/src/utility/nbspace.cpp:372: Ray 231: Calculated dot product with obj differs from solver's. Obj viol from solver: 3287538.79760864. Calculated: 3287538.79760852.
*** WARNING (version #0ca050f): /home/sek519/warm_starting/vws/../vpc/src/utility/nbspace.cpp:372: Ray 379: Calculated dot product with obj differs from solver's. Obj viol from solver: 753988.50002946. Calculated: 753988.50002936.
*** WARNING (version #0ca050f): /home/sek519/warm_starting/vws/../vpc/src/utility/nbspace.cpp:372: Ray 395: Calculated dot product with obj differs from solver's. Obj viol from solver: 2267823.36272294. Calculated: 2267823.36272278.
*** WARNING (version #0ca050f): /home/sek519/warm_starting/vws/../vpc/src/utility/nbspace.cpp:372: Ray 516: Calculated dot product with obj differs from solver's. Obj viol from solver: 2988312.94668397. Calculated: 2988312.94668385.
*** WARNING (version #0ca050f): /home/sek519/warm_starting/vws/../vpc/src/utility/nbspace.cpp:372: Ray 545: Calculated dot product with obj differs from solver's. Obj viol from solver: 146823.49318205. Calculated: 146823.49318217.
messed up a farkas cofficient
vws: /home/sek519/warm_starting/vws/../vpc/src/utility/utility.cpp:653: void verify(bool, const std::string&): Assertion `false' failed.
/var/spool/torque/mom_priv/jobs/1307333.polyp1.ie.lehigh.edu.SC: line 4: 19995 Aborted                 ../Debug/vws ${INPUT_FOLDER} ${OUTPUT_FILE} ${MAX_TIME} ${GENERATOR} ${TERMS} ${MIP_SOLVER} ${PROVIDE_PRIMAL_BOUND}
