*** WARNING (version #870a55a): /home/sek519/warm_starting/vws/../vpc/src/cut/CglVPC.cpp:335: An integer (optimal) solution with value 30 was found prior while getting disjunction.
[WARNING] No vpcs were made from a new disjunction. Stopping series.
vws: /home/sek519/warm_starting/vws/../vpc/src/utility/utility.cpp:651: void verify(bool, const std::string&): Assertion `false' failed.


ERROR while running Cbc. Signal SIGABRT caught. Getting stack trace.
/home/sek519/warm_starting/vws/../vpc/lib/Cbc-trunk/buildg/lib/libCbc.so.0(_Z15CbcCrashHandleri+0x277) [0x2b5bd8ba9a4b]
/lib/x86_64-linux-gnu/libc.so.6(+0x33060) [0x2b5bd9963060]
/lib/x86_64-linux-gnu/libc.so.6(gsignal+0xcf) [0x2b5bd9962fff]
/lib/x86_64-linux-gnu/libc.so.6(abort+0x16a) [0x2b5bd996442a]
/lib/x86_64-linux-gnu/libc.so.6(+0x2be67) [0x2b5bd995be67]
/lib/x86_64-linux-gnu/libc.so.6(+0x2bf12) [0x2b5bd995bf12]
../Debug/vws(+0x1b0645) [0x55efbbd22645]
../Debug/vws(+0x127cf2) [0x55efbbc99cf2]
../Debug/vws(+0x79d6a) [0x55efbbbebd6a]
/lib/x86_64-linux-gnu/libc.so.6(__libc_start_main+0xf1) [0x2b5bd99502e1]
../Debug/vws(+0x79259) [0x55efbbbeb259]




ERROR while running Cbc. Signal SIGABRT caught. Getting stack trace.
/home/sek519/warm_starting/vws/../vpc/lib/Cbc-trunk/buildg/lib/libCbc.so.0(_Z15CbcCrashHandleri+0x277) [0x2b5bd8ba9a4b]
/lib/x86_64-linux-gnu/libc.so.6(+0x33060) [0x2b5bd9963060]
/lib/x86_64-linux-gnu/libc.so.6(gsignal+0xcf) [0x2b5bd9962fff]
/lib/x86_64-linux-gnu/libc.so.6(abort+0x16a) [0x2b5bd996442a]
/home/sek519/warm_starting/vws/../vpc/lib/Cbc-trunk/buildg/lib/libCbc.so.0(_Z15CbcCrashHandleri+0x355) [0x2b5bd8ba9b29]
/lib/x86_64-linux-gnu/libc.so.6(+0x33060) [0x2b5bd9963060]
/lib/x86_64-linux-gnu/libc.so.6(gsignal+0xcf) [0x2b5bd9962fff]
/lib/x86_64-linux-gnu/libc.so.6(abort+0x16a) [0x2b5bd996442a]
/lib/x86_64-linux-gnu/libc.so.6(+0x2be67) [0x2b5bd995be67]
/lib/x86_64-linux-gnu/libc.so.6(+0x2bf12) [0x2b5bd995bf12]
../Debug/vws(+0x1b0645) [0x55efbbd22645]
../Debug/vws(+0x127cf2) [0x55efbbc99cf2]
../Debug/vws(+0x79d6a) [0x55efbbbebd6a]
/lib/x86_64-linux-gnu/libc.so.6(__libc_start_main+0xf1) [0x2b5bd99502e1]
../Debug/vws(+0x79259) [0x55efbbbeb259]


/var/spool/torque/mom_priv/jobs/1222486.polyp1.ie.lehigh.edu.SC: line 4: 30669 Aborted                 (core dumped) ../Debug/vws ${INPUT_FOLDER} ${OUTPUT_FILE} ${MAX_TIME} ${GENERATOR} ${TERMS}
