*** WARNING (version #870a55a): /home/sek519/warm_starting/vws/../vpc/src/cut/CglVPC.cpp:335: An integer (optimal) solution with value 34 was found prior while getting disjunction.
[WARNING] No vpcs were made from a new disjunction. Stopping series.
vws: /home/sek519/warm_starting/vws/../vpc/src/utility/utility.cpp:651: void verify(bool, const std::string&): Assertion `false' failed.


ERROR while running Cbc. Signal SIGABRT caught. Getting stack trace.
/home/sek519/warm_starting/vws/../vpc/lib/Cbc-trunk/buildg/lib/libCbc.so.0(_Z15CbcCrashHandleri+0x277) [0x2b7a18485a4b]
/lib/x86_64-linux-gnu/libc.so.6(+0x33060) [0x2b7a1923f060]
/lib/x86_64-linux-gnu/libc.so.6(gsignal+0xcf) [0x2b7a1923efff]
/lib/x86_64-linux-gnu/libc.so.6(abort+0x16a) [0x2b7a1924042a]
/lib/x86_64-linux-gnu/libc.so.6(+0x2be67) [0x2b7a19237e67]
/lib/x86_64-linux-gnu/libc.so.6(+0x2bf12) [0x2b7a19237f12]
../Debug/vws(+0x1b0427) [0x55fb53a90427]
../Debug/vws(+0x127bb8) [0x55fb53a07bb8]
../Debug/vws(+0x79d6a) [0x55fb53959d6a]
/lib/x86_64-linux-gnu/libc.so.6(__libc_start_main+0xf1) [0x2b7a1922c2e1]
../Debug/vws(+0x79259) [0x55fb53959259]




ERROR while running Cbc. Signal SIGABRT caught. Getting stack trace.
/home/sek519/warm_starting/vws/../vpc/lib/Cbc-trunk/buildg/lib/libCbc.so.0(_Z15CbcCrashHandleri+0x277) [0x2b7a18485a4b]
/lib/x86_64-linux-gnu/libc.so.6(+0x33060) [0x2b7a1923f060]
/lib/x86_64-linux-gnu/libc.so.6(gsignal+0xcf) [0x2b7a1923efff]
/lib/x86_64-linux-gnu/libc.so.6(abort+0x16a) [0x2b7a1924042a]
/home/sek519/warm_starting/vws/../vpc/lib/Cbc-trunk/buildg/lib/libCbc.so.0(_Z15CbcCrashHandleri+0x355) [0x2b7a18485b29]
/lib/x86_64-linux-gnu/libc.so.6(+0x33060) [0x2b7a1923f060]
/lib/x86_64-linux-gnu/libc.so.6(gsignal+0xcf) [0x2b7a1923efff]
/lib/x86_64-linux-gnu/libc.so.6(abort+0x16a) [0x2b7a1924042a]
/lib/x86_64-linux-gnu/libc.so.6(+0x2be67) [0x2b7a19237e67]
/lib/x86_64-linux-gnu/libc.so.6(+0x2bf12) [0x2b7a19237f12]
../Debug/vws(+0x1b0427) [0x55fb53a90427]
../Debug/vws(+0x127bb8) [0x55fb53a07bb8]
../Debug/vws(+0x79d6a) [0x55fb53959d6a]
/lib/x86_64-linux-gnu/libc.so.6(__libc_start_main+0xf1) [0x2b7a1922c2e1]
../Debug/vws(+0x79259) [0x55fb53959259]


/var/spool/torque/mom_priv/jobs/1216732.polyp1.ie.lehigh.edu.SC: line 4: 14028 Aborted                 ../Debug/vws ${INPUT_FOLDER} ${OUTPUT_FILE} ${MAX_TIME} ${GENERATOR} ${TERMS}
