vws: /home/sek519/warm_starting/vpc/lib/Cbc-trunk/Cbc/src/CbcModel.cpp:11117: int CbcModel::takeOffCuts(OsiCuts&, bool, OsiCuts*, int, const OsiRowCut**): Assertion `numberRowsAtContinuous_ + totalNumberCuts == solver_->getNumRows()' failed.


ERROR while running Cbc. Signal SIGABRT caught. Getting stack trace.
/home/sek519/warm_starting/vws/../vpc/lib/Cbc-trunk/buildg/lib/libCbc.so.0(_Z15CbcCrashHandleri+0x277) [0x2b8e52531a4b]
/lib/x86_64-linux-gnu/libc.so.6(+0x33060) [0x2b8e532eb060]
/lib/x86_64-linux-gnu/libc.so.6(gsignal+0xcf) [0x2b8e532eafff]
/lib/x86_64-linux-gnu/libc.so.6(abort+0x16a) [0x2b8e532ec42a]
/lib/x86_64-linux-gnu/libc.so.6(+0x2be67) [0x2b8e532e3e67]
/lib/x86_64-linux-gnu/libc.so.6(+0x2bf12) [0x2b8e532e3f12]
/home/sek519/warm_starting/vws/../vpc/lib/Cbc-trunk/buildg/lib/libCbc.so.0(_ZN8CbcModel11takeOffCutsER7OsiCutsbPS0_iPPK9OsiRowCut+0xf3) [0x2b8e524da1e7]
/home/sek519/warm_starting/vws/../vpc/lib/Cbc-trunk/buildg/lib/libCbc.so.0(_ZN8CbcModel12chooseBranchERP7CbcNodeiS1_R7OsiCutsRbP18CoinWarmStartBasisPKdS9_RP15OsiSolverBranch+0x122f) [0x2b8e524ebe1b]
/home/sek519/warm_starting/vws/../vpc/lib/Cbc-trunk/buildg/lib/libCbc.so.0(_ZN8CbcModel14branchAndBoundEi+0xaf15) [0x2b8e524c0573]
../Debug/vws(+0x10460c) [0x55a43ca0860c]
../Debug/vws(+0x128652) [0x55a43ca2c652]
../Debug/vws(+0x79d6a) [0x55a43c97dd6a]
/lib/x86_64-linux-gnu/libc.so.6(__libc_start_main+0xf1) [0x2b8e532d82e1]
../Debug/vws(+0x79259) [0x55a43c97d259]




ERROR while running Cbc. Signal SIGABRT caught. Getting stack trace.
/home/sek519/warm_starting/vws/../vpc/lib/Cbc-trunk/buildg/lib/libCbc.so.0(_Z15CbcCrashHandleri+0x277) [0x2b8e52531a4b]
/lib/x86_64-linux-gnu/libc.so.6(+0x33060) [0x2b8e532eb060]
/lib/x86_64-linux-gnu/libc.so.6(gsignal+0xcf) [0x2b8e532eafff]
/lib/x86_64-linux-gnu/libc.so.6(abort+0x16a) [0x2b8e532ec42a]
/home/sek519/warm_starting/vws/../vpc/lib/Cbc-trunk/buildg/lib/libCbc.so.0(_Z15CbcCrashHandleri+0x355) [0x2b8e52531b29]
/lib/x86_64-linux-gnu/libc.so.6(+0x33060) [0x2b8e532eb060]
/lib/x86_64-linux-gnu/libc.so.6(gsignal+0xcf) [0x2b8e532eafff]
/lib/x86_64-linux-gnu/libc.so.6(abort+0x16a) [0x2b8e532ec42a]
/lib/x86_64-linux-gnu/libc.so.6(+0x2be67) [0x2b8e532e3e67]
/lib/x86_64-linux-gnu/libc.so.6(+0x2bf12) [0x2b8e532e3f12]
/home/sek519/warm_starting/vws/../vpc/lib/Cbc-trunk/buildg/lib/libCbc.so.0(_ZN8CbcModel11takeOffCutsER7OsiCutsbPS0_iPPK9OsiRowCut+0xf3) [0x2b8e524da1e7]
/home/sek519/warm_starting/vws/../vpc/lib/Cbc-trunk/buildg/lib/libCbc.so.0(_ZN8CbcModel12chooseBranchERP7CbcNodeiS1_R7OsiCutsRbP18CoinWarmStartBasisPKdS9_RP15OsiSolverBranch+0x122f) [0x2b8e524ebe1b]
/home/sek519/warm_starting/vws/../vpc/lib/Cbc-trunk/buildg/lib/libCbc.so.0(_ZN8CbcModel14branchAndBoundEi+0xaf15) [0x2b8e524c0573]
../Debug/vws(+0x10460c) [0x55a43ca0860c]
../Debug/vws(+0x128652) [0x55a43ca2c652]
../Debug/vws(+0x79d6a) [0x55a43c97dd6a]
/lib/x86_64-linux-gnu/libc.so.6(__libc_start_main+0xf1) [0x2b8e532d82e1]
../Debug/vws(+0x79259) [0x55a43c97d259]


/var/spool/torque/mom_priv/jobs/1223923.polyp1.ie.lehigh.edu.SC: line 4: 28396 Aborted                 (core dumped) ../Debug/vws ${INPUT_FOLDER} ${OUTPUT_FILE} ${MAX_TIME} ${GENERATOR} ${TERMS}
