terminate called after throwing an instance of 'std::bad_alloc'
  what():  std::bad_alloc


ERROR while running Cbc. Signal SIGABRT caught. Getting stack trace.
/home/sek519/warm_starting/vws/../vpc/lib/Cbc-trunk/buildg/lib/libCbc.so.0(_Z15CbcCrashHandleri+0x277) [0x2ae826989a4b]
/lib/x86_64-linux-gnu/libc.so.6(+0x33060) [0x2ae827743060]
/lib/x86_64-linux-gnu/libc.so.6(gsignal+0xcf) [0x2ae827742fff]
/lib/x86_64-linux-gnu/libc.so.6(abort+0x16a) [0x2ae82774442a]
/home/sek519/miniconda/envs/vws/lib/libstdc++.so.6(_ZN9__gnu_cxx27__verbose_terminate_handlerEv+0xc0) [0x2ae82730a026]
/home/sek519/miniconda/envs/vws/lib/libstdc++.so.6(+0xb0514) [0x2ae827308514]
/home/sek519/miniconda/envs/vws/lib/libstdc++.so.6(+0xb0566) [0x2ae827308566]
/home/sek519/miniconda/envs/vws/lib/libstdc++.so.6(__cxa_rethrow+0) [0x2ae827308758]
/home/sek519/miniconda/envs/vws/lib/libstdc++.so.6(_Znwm+0x59) [0x2ae827308b85]
/home/sek519/warm_starting/vws/../vpc/lib/Cbc-trunk/buildg/lib/libClp.so.0(_ZN10ClpSimplex9createRimEibi+0x20ca) [0x2ae826eadea6]
/home/sek519/warm_starting/vws/../vpc/lib/Cbc-trunk/buildg/lib/libClp.so.0(_ZN10ClpSimplex7startupEii+0x2c0) [0x2ae826ec7ac6]
/home/sek519/warm_starting/vws/../vpc/lib/Cbc-trunk/buildg/lib/libClp.so.0(_ZN14ClpSimplexDual12startupSolveEiPdi+0x8b) [0x2ae826ed8b3f]
/home/sek519/warm_starting/vws/../vpc/lib/Cbc-trunk/buildg/lib/libClp.so.0(_ZN14ClpSimplexDual4dualEii+0x21d) [0x2ae826eda047]
/home/sek519/warm_starting/vws/../vpc/lib/Cbc-trunk/buildg/lib/libClp.so.0(_ZN10ClpSimplex4dualEii+0x168) [0x2ae826eb7cee]
/home/sek519/warm_starting/vws/../vpc/lib/Cbc-trunk/buildg/lib/libOsiClp.so.0(_ZN21OsiClpSolverInterface6crunchEv+0xf1d) [0x2ae82664f51f]
/home/sek519/warm_starting/vws/../vpc/lib/Cbc-trunk/buildg/lib/libOsiClp.so.0(_ZN21OsiClpSolverInterface7resolveEv+0x15dd) [0x2ae82662e605]
../Debug/vws(+0x1aaa42) [0x55b991ea1a42]
../Debug/vws(+0x1fdea4) [0x55b991ef4ea4]
../Debug/vws(+0x1051e3) [0x55b991dfc1e3]
../Debug/vws(+0x103fb7) [0x55b991dfafb7]
../Debug/vws(+0x127c3a) [0x55b991e1ec3a]
../Debug/vws(+0x79d6a) [0x55b991d70d6a]
/lib/x86_64-linux-gnu/libc.so.6(__libc_start_main+0xf1) [0x2ae8277302e1]
../Debug/vws(+0x79259) [0x55b991d70259]




ERROR while running Cbc. Signal SIGABRT caught. Getting stack trace.
/home/sek519/warm_starting/vws/../vpc/lib/Cbc-trunk/buildg/lib/libCbc.so.0(_Z15CbcCrashHandleri+0x277) [0x2ae826989a4b]
/lib/x86_64-linux-gnu/libc.so.6(+0x33060) [0x2ae827743060]
/lib/x86_64-linux-gnu/libc.so.6(gsignal+0xcf) [0x2ae827742fff]
/lib/x86_64-linux-gnu/libc.so.6(abort+0x16a) [0x2ae82774442a]
/home/sek519/warm_starting/vws/../vpc/lib/Cbc-trunk/buildg/lib/libCbc.so.0(_Z15CbcCrashHandleri+0x355) [0x2ae826989b29]
/lib/x86_64-linux-gnu/libc.so.6(+0x33060) [0x2ae827743060]
/lib/x86_64-linux-gnu/libc.so.6(gsignal+0xcf) [0x2ae827742fff]
/lib/x86_64-linux-gnu/libc.so.6(abort+0x16a) [0x2ae82774442a]
/home/sek519/miniconda/envs/vws/lib/libstdc++.so.6(_ZN9__gnu_cxx27__verbose_terminate_handlerEv+0xc0) [0x2ae82730a026]
/home/sek519/miniconda/envs/vws/lib/libstdc++.so.6(+0xb0514) [0x2ae827308514]
/home/sek519/miniconda/envs/vws/lib/libstdc++.so.6(+0xb0566) [0x2ae827308566]
/home/sek519/miniconda/envs/vws/lib/libstdc++.so.6(__cxa_rethrow+0) [0x2ae827308758]
/home/sek519/miniconda/envs/vws/lib/libstdc++.so.6(_Znwm+0x59) [0x2ae827308b85]
/home/sek519/warm_starting/vws/../vpc/lib/Cbc-trunk/buildg/lib/libClp.so.0(_ZN10ClpSimplex9createRimEibi+0x20ca) [0x2ae826eadea6]
/home/sek519/warm_starting/vws/../vpc/lib/Cbc-trunk/buildg/lib/libClp.so.0(_ZN10ClpSimplex7startupEii+0x2c0) [0x2ae826ec7ac6]
/home/sek519/warm_starting/vws/../vpc/lib/Cbc-trunk/buildg/lib/libClp.so.0(_ZN14ClpSimplexDual12startupSolveEiPdi+0x8b) [0x2ae826ed8b3f]
/home/sek519/warm_starting/vws/../vpc/lib/Cbc-trunk/buildg/lib/libClp.so.0(_ZN14ClpSimplexDual4dualEii+0x21d) [0x2ae826eda047]
/home/sek519/warm_starting/vws/../vpc/lib/Cbc-trunk/buildg/lib/libClp.so.0(_ZN10ClpSimplex4dualEii+0x168) [0x2ae826eb7cee]
/home/sek519/warm_starting/vws/../vpc/lib/Cbc-trunk/buildg/lib/libOsiClp.so.0(_ZN21OsiClpSolverInterface6crunchEv+0xf1d) [0x2ae82664f51f]
/home/sek519/warm_starting/vws/../vpc/lib/Cbc-trunk/buildg/lib/libOsiClp.so.0(_ZN21OsiClpSolverInterface7resolveEv+0x15dd) [0x2ae82662e605]
../Debug/vws(+0x1aaa42) [0x55b991ea1a42]
../Debug/vws(+0x1fdea4) [0x55b991ef4ea4]
../Debug/vws(+0x1051e3) [0x55b991dfc1e3]
../Debug/vws(+0x103fb7) [0x55b991dfafb7]
../Debug/vws(+0x127c3a) [0x55b991e1ec3a]
../Debug/vws(+0x79d6a) [0x55b991d70d6a]
/lib/x86_64-linux-gnu/libc.so.6(__libc_start_main+0xf1) [0x2ae8277302e1]
../Debug/vws(+0x79259) [0x55b991d70259]


/var/spool/torque/mom_priv/jobs/1222908.polyp1.ie.lehigh.edu.SC: line 4: 22273 Aborted                 (core dumped) ../Debug/vws ${INPUT_FOLDER} ${OUTPUT_FILE} ${MAX_TIME} ${GENERATOR} ${TERMS}
