*** WARNING (version #870a55a): /home/sek519/warm_starting/vws/../vpc/src/cut/CglVPC.cpp:335: An integer (optimal) solution with value 17918.1 was found prior while getting disjunction.
[WARNING] No vpcs were made from a new disjunction. Stopping series.
vws: /home/sek519/warm_starting/vws/../vpc/src/utility/utility.cpp:651: void verify(bool, const std::string&): Assertion `false' failed.


ERROR while running Cbc. Signal SIGABRT caught. Getting stack trace.
/home/sek519/warm_starting/vws/../vpc/lib/Cbc-trunk/buildg/lib/libCbc.so.0(_Z15CbcCrashHandleri+0x277) [0x2b8720bf2a4b]
/lib/x86_64-linux-gnu/libc.so.6(+0x33060) [0x2b87219ac060]
/lib/x86_64-linux-gnu/libc.so.6(gsignal+0xcf) [0x2b87219abfff]
/lib/x86_64-linux-gnu/libc.so.6(abort+0x16a) [0x2b87219ad42a]
/lib/x86_64-linux-gnu/libc.so.6(+0x2be67) [0x2b87219a4e67]
/lib/x86_64-linux-gnu/libc.so.6(+0x2bf12) [0x2b87219a4f12]
../Debug/vws(+0x1b0645) [0x556c597fe645]
../Debug/vws(+0x127cf2) [0x556c59775cf2]
../Debug/vws(+0x79d6a) [0x556c596c7d6a]
/lib/x86_64-linux-gnu/libc.so.6(__libc_start_main+0xf1) [0x2b87219992e1]
../Debug/vws(+0x79259) [0x556c596c7259]




ERROR while running Cbc. Signal SIGABRT caught. Getting stack trace.
/home/sek519/warm_starting/vws/../vpc/lib/Cbc-trunk/buildg/lib/libCbc.so.0(_Z15CbcCrashHandleri+0x277) [0x2b8720bf2a4b]
/lib/x86_64-linux-gnu/libc.so.6(+0x33060) [0x2b87219ac060]
/lib/x86_64-linux-gnu/libc.so.6(gsignal+0xcf) [0x2b87219abfff]
/lib/x86_64-linux-gnu/libc.so.6(abort+0x16a) [0x2b87219ad42a]
/home/sek519/warm_starting/vws/../vpc/lib/Cbc-trunk/buildg/lib/libCbc.so.0(_Z15CbcCrashHandleri+0x355) [0x2b8720bf2b29]
/lib/x86_64-linux-gnu/libc.so.6(+0x33060) [0x2b87219ac060]
/lib/x86_64-linux-gnu/libc.so.6(gsignal+0xcf) [0x2b87219abfff]
/lib/x86_64-linux-gnu/libc.so.6(abort+0x16a) [0x2b87219ad42a]
/lib/x86_64-linux-gnu/libc.so.6(+0x2be67) [0x2b87219a4e67]
/lib/x86_64-linux-gnu/libc.so.6(+0x2bf12) [0x2b87219a4f12]
../Debug/vws(+0x1b0645) [0x556c597fe645]
../Debug/vws(+0x127cf2) [0x556c59775cf2]
../Debug/vws(+0x79d6a) [0x556c596c7d6a]
/lib/x86_64-linux-gnu/libc.so.6(__libc_start_main+0xf1) [0x2b87219992e1]
../Debug/vws(+0x79259) [0x556c596c7259]


/var/spool/torque/mom_priv/jobs/1222902.polyp1.ie.lehigh.edu.SC: line 4:  6028 Aborted                 ../Debug/vws ${INPUT_FOLDER} ${OUTPUT_FILE} ${MAX_TIME} ${GENERATOR} ${TERMS}
