vws: /home/sek519/warm_starting/vpc/lib/Cbc-trunk/Cbc/src/CbcModel.cpp:11117: int CbcModel::takeOffCuts(OsiCuts&, bool, OsiCuts*, int, const OsiRowCut**): Assertion `numberRowsAtContinuous_ + totalNumberCuts == solver_->getNumRows()' failed.


ERROR while running Cbc. Signal SIGABRT caught. Getting stack trace.
/home/sek519/warm_starting/vws/../vpc/lib/Cbc-trunk/buildg/lib/libCbc.so.0(_Z15CbcCrashHandleri+0x277) [0x2b692d1c6a4b]
/lib/x86_64-linux-gnu/libc.so.6(+0x33060) [0x2b692df80060]
/lib/x86_64-linux-gnu/libc.so.6(gsignal+0xcf) [0x2b692df7ffff]
/lib/x86_64-linux-gnu/libc.so.6(abort+0x16a) [0x2b692df8142a]
/lib/x86_64-linux-gnu/libc.so.6(+0x2be67) [0x2b692df78e67]
/lib/x86_64-linux-gnu/libc.so.6(+0x2bf12) [0x2b692df78f12]
/home/sek519/warm_starting/vws/../vpc/lib/Cbc-trunk/buildg/lib/libCbc.so.0(_ZN8CbcModel11takeOffCutsER7OsiCutsbPS0_iPPK9OsiRowCut+0xf3) [0x2b692d16f1e7]
/home/sek519/warm_starting/vws/../vpc/lib/Cbc-trunk/buildg/lib/libCbc.so.0(_ZN8CbcModel12chooseBranchERP7CbcNodeiS1_R7OsiCutsRbP18CoinWarmStartBasisPKdS9_RP15OsiSolverBranch+0x122f) [0x2b692d180e1b]
/home/sek519/warm_starting/vws/../vpc/lib/Cbc-trunk/buildg/lib/libCbc.so.0(_ZN8CbcModel14branchAndBoundEi+0xaf15) [0x2b692d155573]
../Debug/vws(+0x104589) [0x563bb93d5589]
../Debug/vws(+0x127c3a) [0x563bb93f8c3a]
../Debug/vws(+0x79d6a) [0x563bb934ad6a]
/lib/x86_64-linux-gnu/libc.so.6(__libc_start_main+0xf1) [0x2b692df6d2e1]
../Debug/vws(+0x79259) [0x563bb934a259]




ERROR while running Cbc. Signal SIGABRT caught. Getting stack trace.
/home/sek519/warm_starting/vws/../vpc/lib/Cbc-trunk/buildg/lib/libCbc.so.0(_Z15CbcCrashHandleri+0x277) [0x2b692d1c6a4b]
/lib/x86_64-linux-gnu/libc.so.6(+0x33060) [0x2b692df80060]
/lib/x86_64-linux-gnu/libc.so.6(gsignal+0xcf) [0x2b692df7ffff]
/lib/x86_64-linux-gnu/libc.so.6(abort+0x16a) [0x2b692df8142a]
/home/sek519/warm_starting/vws/../vpc/lib/Cbc-trunk/buildg/lib/libCbc.so.0(_Z15CbcCrashHandleri+0x355) [0x2b692d1c6b29]
/lib/x86_64-linux-gnu/libc.so.6(+0x33060) [0x2b692df80060]
/lib/x86_64-linux-gnu/libc.so.6(gsignal+0xcf) [0x2b692df7ffff]
/lib/x86_64-linux-gnu/libc.so.6(abort+0x16a) [0x2b692df8142a]
/lib/x86_64-linux-gnu/libc.so.6(+0x2be67) [0x2b692df78e67]
/lib/x86_64-linux-gnu/libc.so.6(+0x2bf12) [0x2b692df78f12]
/home/sek519/warm_starting/vws/../vpc/lib/Cbc-trunk/buildg/lib/libCbc.so.0(_ZN8CbcModel11takeOffCutsER7OsiCutsbPS0_iPPK9OsiRowCut+0xf3) [0x2b692d16f1e7]
/home/sek519/warm_starting/vws/../vpc/lib/Cbc-trunk/buildg/lib/libCbc.so.0(_ZN8CbcModel12chooseBranchERP7CbcNodeiS1_R7OsiCutsRbP18CoinWarmStartBasisPKdS9_RP15OsiSolverBranch+0x122f) [0x2b692d180e1b]
/home/sek519/warm_starting/vws/../vpc/lib/Cbc-trunk/buildg/lib/libCbc.so.0(_ZN8CbcModel14branchAndBoundEi+0xaf15) [0x2b692d155573]
../Debug/vws(+0x104589) [0x563bb93d5589]
../Debug/vws(+0x127c3a) [0x563bb93f8c3a]
../Debug/vws(+0x79d6a) [0x563bb934ad6a]
/lib/x86_64-linux-gnu/libc.so.6(__libc_start_main+0xf1) [0x2b692df6d2e1]
../Debug/vws(+0x79259) [0x563bb934a259]


/var/spool/torque/mom_priv/jobs/1222971.polyp1.ie.lehigh.edu.SC: line 4: 23451 Aborted                 ../Debug/vws ${INPUT_FOLDER} ${OUTPUT_FILE} ${MAX_TIME} ${GENERATOR} ${TERMS}
