vws: /home/sek519/warm_starting/vpc/lib/Cbc-trunk/Cbc/src/CbcModel.cpp:11117: int CbcModel::takeOffCuts(OsiCuts&, bool, OsiCuts*, int, const OsiRowCut**): Assertion `numberRowsAtContinuous_ + totalNumberCuts == solver_->getNumRows()' failed.


ERROR while running Cbc. Signal SIGABRT caught. Getting stack trace.
/home/sek519/warm_starting/vws/../vpc/lib/Cbc-trunk/buildg/lib/libCbc.so.0(_Z15CbcCrashHandleri+0x277) [0x2ad23c02aa4b]
/lib/x86_64-linux-gnu/libc.so.6(+0x33060) [0x2ad23cde4060]
/lib/x86_64-linux-gnu/libc.so.6(gsignal+0xcf) [0x2ad23cde3fff]
/lib/x86_64-linux-gnu/libc.so.6(abort+0x16a) [0x2ad23cde542a]
/lib/x86_64-linux-gnu/libc.so.6(+0x2be67) [0x2ad23cddce67]
/lib/x86_64-linux-gnu/libc.so.6(+0x2bf12) [0x2ad23cddcf12]
/home/sek519/warm_starting/vws/../vpc/lib/Cbc-trunk/buildg/lib/libCbc.so.0(_ZN8CbcModel11takeOffCutsER7OsiCutsbPS0_iPPK9OsiRowCut+0xf3) [0x2ad23bfd31e7]
/home/sek519/warm_starting/vws/../vpc/lib/Cbc-trunk/buildg/lib/libCbc.so.0(_ZN8CbcModel12chooseBranchERP7CbcNodeiS1_R7OsiCutsRbP18CoinWarmStartBasisPKdS9_RP15OsiSolverBranch+0x122f) [0x2ad23bfe4e1b]
/home/sek519/warm_starting/vws/../vpc/lib/Cbc-trunk/buildg/lib/libCbc.so.0(_ZN8CbcModel14branchAndBoundEi+0xaf15) [0x2ad23bfb9573]
../Debug/vws(+0x104589) [0x564b78c16589]
../Debug/vws(+0x127c3a) [0x564b78c39c3a]
../Debug/vws(+0x79d6a) [0x564b78b8bd6a]
/lib/x86_64-linux-gnu/libc.so.6(__libc_start_main+0xf1) [0x2ad23cdd12e1]
../Debug/vws(+0x79259) [0x564b78b8b259]




ERROR while running Cbc. Signal SIGABRT caught. Getting stack trace.
/home/sek519/warm_starting/vws/../vpc/lib/Cbc-trunk/buildg/lib/libCbc.so.0(_Z15CbcCrashHandleri+0x277) [0x2ad23c02aa4b]
/lib/x86_64-linux-gnu/libc.so.6(+0x33060) [0x2ad23cde4060]
/lib/x86_64-linux-gnu/libc.so.6(gsignal+0xcf) [0x2ad23cde3fff]
/lib/x86_64-linux-gnu/libc.so.6(abort+0x16a) [0x2ad23cde542a]
/home/sek519/warm_starting/vws/../vpc/lib/Cbc-trunk/buildg/lib/libCbc.so.0(_Z15CbcCrashHandleri+0x355) [0x2ad23c02ab29]
/lib/x86_64-linux-gnu/libc.so.6(+0x33060) [0x2ad23cde4060]
/lib/x86_64-linux-gnu/libc.so.6(gsignal+0xcf) [0x2ad23cde3fff]
/lib/x86_64-linux-gnu/libc.so.6(abort+0x16a) [0x2ad23cde542a]
/lib/x86_64-linux-gnu/libc.so.6(+0x2be67) [0x2ad23cddce67]
/lib/x86_64-linux-gnu/libc.so.6(+0x2bf12) [0x2ad23cddcf12]
/home/sek519/warm_starting/vws/../vpc/lib/Cbc-trunk/buildg/lib/libCbc.so.0(_ZN8CbcModel11takeOffCutsER7OsiCutsbPS0_iPPK9OsiRowCut+0xf3) [0x2ad23bfd31e7]
/home/sek519/warm_starting/vws/../vpc/lib/Cbc-trunk/buildg/lib/libCbc.so.0(_ZN8CbcModel12chooseBranchERP7CbcNodeiS1_R7OsiCutsRbP18CoinWarmStartBasisPKdS9_RP15OsiSolverBranch+0x122f) [0x2ad23bfe4e1b]
/home/sek519/warm_starting/vws/../vpc/lib/Cbc-trunk/buildg/lib/libCbc.so.0(_ZN8CbcModel14branchAndBoundEi+0xaf15) [0x2ad23bfb9573]
../Debug/vws(+0x104589) [0x564b78c16589]
../Debug/vws(+0x127c3a) [0x564b78c39c3a]
../Debug/vws(+0x79d6a) [0x564b78b8bd6a]
/lib/x86_64-linux-gnu/libc.so.6(__libc_start_main+0xf1) [0x2ad23cdd12e1]
../Debug/vws(+0x79259) [0x564b78b8b259]


/var/spool/torque/mom_priv/jobs/1222979.polyp1.ie.lehigh.edu.SC: line 4: 23532 Aborted                 ../Debug/vws ${INPUT_FOLDER} ${OUTPUT_FILE} ${MAX_TIME} ${GENERATOR} ${TERMS}
