*** WARNING (version #870a55a): /home/sek519/warm_starting/vws/../vpc/src/cut/CglVPC.cpp:335: An integer (optimal) solution with value 17918.1 was found prior while getting disjunction.
[WARNING] No vpcs were made from a new disjunction. Stopping series.
vws: /home/sek519/warm_starting/vws/../vpc/src/utility/utility.cpp:651: void verify(bool, const std::string&): Assertion `false' failed.


ERROR while running Cbc. Signal SIGABRT caught. Getting stack trace.
/home/sek519/warm_starting/vws/../vpc/lib/Cbc-trunk/buildg/lib/libCbc.so.0(_Z15CbcCrashHandleri+0x277) [0x2aac91127a4b]
/lib/x86_64-linux-gnu/libc.so.6(+0x33060) [0x2aac91ee1060]
/lib/x86_64-linux-gnu/libc.so.6(gsignal+0xcf) [0x2aac91ee0fff]
/lib/x86_64-linux-gnu/libc.so.6(abort+0x16a) [0x2aac91ee242a]
/lib/x86_64-linux-gnu/libc.so.6(+0x2be67) [0x2aac91ed9e67]
/lib/x86_64-linux-gnu/libc.so.6(+0x2bf12) [0x2aac91ed9f12]
../Debug/vws(+0x1b0645) [0x564e413ee645]
../Debug/vws(+0x127cf2) [0x564e41365cf2]
../Debug/vws(+0x79d6a) [0x564e412b7d6a]
/lib/x86_64-linux-gnu/libc.so.6(__libc_start_main+0xf1) [0x2aac91ece2e1]
../Debug/vws(+0x79259) [0x564e412b7259]




ERROR while running Cbc. Signal SIGABRT caught. Getting stack trace.
/home/sek519/warm_starting/vws/../vpc/lib/Cbc-trunk/buildg/lib/libCbc.so.0(_Z15CbcCrashHandleri+0x277) [0x2aac91127a4b]
/lib/x86_64-linux-gnu/libc.so.6(+0x33060) [0x2aac91ee1060]
/lib/x86_64-linux-gnu/libc.so.6(gsignal+0xcf) [0x2aac91ee0fff]
/lib/x86_64-linux-gnu/libc.so.6(abort+0x16a) [0x2aac91ee242a]
/home/sek519/warm_starting/vws/../vpc/lib/Cbc-trunk/buildg/lib/libCbc.so.0(_Z15CbcCrashHandleri+0x355) [0x2aac91127b29]
/lib/x86_64-linux-gnu/libc.so.6(+0x33060) [0x2aac91ee1060]
/lib/x86_64-linux-gnu/libc.so.6(gsignal+0xcf) [0x2aac91ee0fff]
/lib/x86_64-linux-gnu/libc.so.6(abort+0x16a) [0x2aac91ee242a]
/lib/x86_64-linux-gnu/libc.so.6(+0x2be67) [0x2aac91ed9e67]
/lib/x86_64-linux-gnu/libc.so.6(+0x2bf12) [0x2aac91ed9f12]
../Debug/vws(+0x1b0645) [0x564e413ee645]
../Debug/vws(+0x127cf2) [0x564e41365cf2]
../Debug/vws(+0x79d6a) [0x564e412b7d6a]
/lib/x86_64-linux-gnu/libc.so.6(__libc_start_main+0xf1) [0x2aac91ece2e1]
../Debug/vws(+0x79259) [0x564e412b7259]


/var/spool/torque/mom_priv/jobs/1222898.polyp1.ie.lehigh.edu.SC: line 4:  5973 Aborted                 ../Debug/vws ${INPUT_FOLDER} ${OUTPUT_FILE} ${MAX_TIME} ${GENERATOR} ${TERMS}
