*** WARNING (version #870a55a): /home/sek519/warm_starting/vws/../vpc/src/cut/PRLP.cpp:387: PRLP is primal infeasible; giving up on this point-ray collection.
[WARNING] No vpcs were made from a new disjunction. Stopping series.
vws: /home/sek519/warm_starting/vws/../vpc/src/utility/utility.cpp:651: void verify(bool, const std::string&): Assertion `false' failed.


ERROR while running Cbc. Signal SIGABRT caught. Getting stack trace.
/home/sek519/warm_starting/vws/../vpc/lib/Cbc-trunk/buildg/lib/libCbc.so.0(_Z15CbcCrashHandleri+0x277) [0x2b9754acda4b]
/lib/x86_64-linux-gnu/libc.so.6(+0x33060) [0x2b9755887060]
/lib/x86_64-linux-gnu/libc.so.6(gsignal+0xcf) [0x2b9755886fff]
/lib/x86_64-linux-gnu/libc.so.6(abort+0x16a) [0x2b975588842a]
/lib/x86_64-linux-gnu/libc.so.6(+0x2be67) [0x2b975587fe67]
/lib/x86_64-linux-gnu/libc.so.6(+0x2bf12) [0x2b975587ff12]
../Debug/vws(+0x1b0645) [0x557bfb5c3645]
../Debug/vws(+0x127cf2) [0x557bfb53acf2]
../Debug/vws(+0x79d6a) [0x557bfb48cd6a]
/lib/x86_64-linux-gnu/libc.so.6(__libc_start_main+0xf1) [0x2b97558742e1]
../Debug/vws(+0x79259) [0x557bfb48c259]




ERROR while running Cbc. Signal SIGABRT caught. Getting stack trace.
/home/sek519/warm_starting/vws/../vpc/lib/Cbc-trunk/buildg/lib/libCbc.so.0(_Z15CbcCrashHandleri+0x277) [0x2b9754acda4b]
/lib/x86_64-linux-gnu/libc.so.6(+0x33060) [0x2b9755887060]
/lib/x86_64-linux-gnu/libc.so.6(gsignal+0xcf) [0x2b9755886fff]
/lib/x86_64-linux-gnu/libc.so.6(abort+0x16a) [0x2b975588842a]
/home/sek519/warm_starting/vws/../vpc/lib/Cbc-trunk/buildg/lib/libCbc.so.0(_Z15CbcCrashHandleri+0x355) [0x2b9754acdb29]
/lib/x86_64-linux-gnu/libc.so.6(+0x33060) [0x2b9755887060]
/lib/x86_64-linux-gnu/libc.so.6(gsignal+0xcf) [0x2b9755886fff]
/lib/x86_64-linux-gnu/libc.so.6(abort+0x16a) [0x2b975588842a]
/lib/x86_64-linux-gnu/libc.so.6(+0x2be67) [0x2b975587fe67]
/lib/x86_64-linux-gnu/libc.so.6(+0x2bf12) [0x2b975587ff12]
../Debug/vws(+0x1b0645) [0x557bfb5c3645]
../Debug/vws(+0x127cf2) [0x557bfb53acf2]
../Debug/vws(+0x79d6a) [0x557bfb48cd6a]
/lib/x86_64-linux-gnu/libc.so.6(__libc_start_main+0xf1) [0x2b97558742e1]
../Debug/vws(+0x79259) [0x557bfb48c259]


/var/spool/torque/mom_priv/jobs/1222734.polyp1.ie.lehigh.edu.SC: line 4: 31944 Aborted                 (core dumped) ../Debug/vws ${INPUT_FOLDER} ${OUTPUT_FILE} ${MAX_TIME} ${GENERATOR} ${TERMS}
