*** WARNING (version #870a55a): /home/sek519/warm_starting/vws/../vpc/src/cut/PRLP.cpp:387: PRLP is primal infeasible; giving up on this point-ray collection.
messed up a farkas cofficient
vws: /home/sek519/warm_starting/vws/../vpc/src/utility/utility.cpp:651: void verify(bool, const std::string&): Assertion `false' failed.


ERROR while running Cbc. Signal SIGABRT caught. Getting stack trace.
/home/sek519/warm_starting/vws/../vpc/lib/Cbc-trunk/buildg/lib/libCbc.so.0(_Z15CbcCrashHandleri+0x277) [0x2b39bcdb2a4b]
/lib/x86_64-linux-gnu/libc.so.6(+0x33060) [0x2b39bdb6c060]
/lib/x86_64-linux-gnu/libc.so.6(gsignal+0xcf) [0x2b39bdb6bfff]
/lib/x86_64-linux-gnu/libc.so.6(abort+0x16a) [0x2b39bdb6d42a]
/lib/x86_64-linux-gnu/libc.so.6(+0x2be67) [0x2b39bdb64e67]
/lib/x86_64-linux-gnu/libc.so.6(+0x2bf12) [0x2b39bdb64f12]
../Debug/vws(+0x1b24d3) [0x561d79ea34d3]
../Debug/vws(+0x13580b) [0x561d79e2680b]
../Debug/vws(+0x133fd2) [0x561d79e24fd2]
../Debug/vws(+0x13377e) [0x561d79e2477e]
../Debug/vws(+0x104f72) [0x561d79df5f72]
../Debug/vws(+0x103f29) [0x561d79df4f29]
../Debug/vws(+0x128652) [0x561d79e19652]
../Debug/vws(+0x79d6a) [0x561d79d6ad6a]
/lib/x86_64-linux-gnu/libc.so.6(__libc_start_main+0xf1) [0x2b39bdb592e1]
../Debug/vws(+0x79259) [0x561d79d6a259]




ERROR while running Cbc. Signal SIGABRT caught. Getting stack trace.
/home/sek519/warm_starting/vws/../vpc/lib/Cbc-trunk/buildg/lib/libCbc.so.0(_Z15CbcCrashHandleri+0x277) [0x2b39bcdb2a4b]
/lib/x86_64-linux-gnu/libc.so.6(+0x33060) [0x2b39bdb6c060]
/lib/x86_64-linux-gnu/libc.so.6(gsignal+0xcf) [0x2b39bdb6bfff]
/lib/x86_64-linux-gnu/libc.so.6(abort+0x16a) [0x2b39bdb6d42a]
/home/sek519/warm_starting/vws/../vpc/lib/Cbc-trunk/buildg/lib/libCbc.so.0(_Z15CbcCrashHandleri+0x355) [0x2b39bcdb2b29]
/lib/x86_64-linux-gnu/libc.so.6(+0x33060) [0x2b39bdb6c060]
/lib/x86_64-linux-gnu/libc.so.6(gsignal+0xcf) [0x2b39bdb6bfff]
/lib/x86_64-linux-gnu/libc.so.6(abort+0x16a) [0x2b39bdb6d42a]
/lib/x86_64-linux-gnu/libc.so.6(+0x2be67) [0x2b39bdb64e67]
/lib/x86_64-linux-gnu/libc.so.6(+0x2bf12) [0x2b39bdb64f12]
../Debug/vws(+0x1b24d3) [0x561d79ea34d3]
../Debug/vws(+0x13580b) [0x561d79e2680b]
../Debug/vws(+0x133fd2) [0x561d79e24fd2]
../Debug/vws(+0x13377e) [0x561d79e2477e]
../Debug/vws(+0x104f72) [0x561d79df5f72]
../Debug/vws(+0x103f29) [0x561d79df4f29]
../Debug/vws(+0x128652) [0x561d79e19652]
../Debug/vws(+0x79d6a) [0x561d79d6ad6a]
/lib/x86_64-linux-gnu/libc.so.6(__libc_start_main+0xf1) [0x2b39bdb592e1]
../Debug/vws(+0x79259) [0x561d79d6a259]


/var/spool/torque/mom_priv/jobs/1223433.polyp1.ie.lehigh.edu.SC: line 4: 13059 Aborted                 (core dumped) ../Debug/vws ${INPUT_FOLDER} ${OUTPUT_FILE} ${MAX_TIME} ${GENERATOR} ${TERMS}
