*** WARNING (version #870a55a): /home/sek519/warm_starting/vws/../vpc/src/cut/CglVPC.cpp:683: Nonbasic reduced cost should be >= 0 in the complemented nonbasic space. However, for nb var 57 (real var 63), it is -1.207502e-07. Small enough error that we only send warning.
*** WARNING (version #870a55a): /home/sek519/warm_starting/vws/../vpc/src/utility/nbspace.cpp:358: Ray 63: dot product with obj < 0. Obj viol from solver: -0.00000012. Calculated: -0.00000012.
*** WARNING (version #870a55a): /home/sek519/warm_starting/vws/../vpc/src/cut/CglVPC.cpp:1243: Term 1 ray 57 does not satisfy the objective cut. Activity: -0.00000012. RHS: 0.00000000. Small enough violation that we only send a warning.
*** WARNING (version #870a55a): /home/sek519/warm_starting/vws/../vpc/src/cut/CglVPC.cpp:683: Nonbasic reduced cost should be >= 0 in the complemented nonbasic space. However, for nb var 128 (real var 141), it is -1.026082e-07. Small enough error that we only send warning.
*** WARNING (version #870a55a): /home/sek519/warm_starting/vws/../vpc/src/utility/nbspace.cpp:358: Ray 141: dot product with obj < 0. Obj viol from solver: -0.00000010. Calculated: -0.00000010.
*** WARNING (version #870a55a): /home/sek519/warm_starting/vws/../vpc/src/cut/CglVPC.cpp:1243: Term 7 ray 128 does not satisfy the objective cut. Activity: -0.00000010. RHS: 0.00000000. Small enough violation that we only send a warning.
*** WARNING (version #870a55a): /home/sek519/warm_starting/vws/../vpc/src/cut/CglVPC.cpp:683: Nonbasic reduced cost should be >= 0 in the complemented nonbasic space. However, for nb var 30 (real var 33), it is -1.013183e-07. Small enough error that we only send warning.
*** WARNING (version #870a55a): /home/sek519/warm_starting/vws/../vpc/src/utility/nbspace.cpp:358: Ray 33: dot product with obj < 0. Obj viol from solver: -0.00000010. Calculated: -0.00000010.
*** WARNING (version #870a55a): /home/sek519/warm_starting/vws/../vpc/src/cut/CglVPC.cpp:1243: Term 8 ray 30 does not satisfy the objective cut. Activity: -0.00000010. RHS: 0.00000000. Small enough violation that we only send a warning.
*** WARNING (version #870a55a): /home/sek519/warm_starting/vws/../vpc/src/cut/CglVPC.cpp:683: Nonbasic reduced cost should be >= 0 in the complemented nonbasic space. However, for nb var 31 (real var 33), it is -1.024750e-07. Small enough error that we only send warning.
*** WARNING (version #870a55a): /home/sek519/warm_starting/vws/../vpc/src/utility/nbspace.cpp:358: Ray 33: dot product with obj < 0. Obj viol from solver: -0.00000010. Calculated: -0.00000010.
*** WARNING (version #870a55a): /home/sek519/warm_starting/vws/../vpc/src/cut/CglVPC.cpp:1243: Term 14 ray 31 does not satisfy the objective cut. Activity: -0.00000010. RHS: 0.00000000. Small enough violation that we only send a warning.
*** WARNING (version #870a55a): /home/sek519/warm_starting/vws/../vpc/src/cut/CglVPC.cpp:683: Nonbasic reduced cost should be >= 0 in the complemented nonbasic space. However, for nb var 29 (real var 33), it is -1.174516e-07. Small enough error that we only send warning.
*** WARNING (version #870a55a): /home/sek519/warm_starting/vws/../vpc/src/utility/nbspace.cpp:358: Ray 33: dot product with obj < 0. Obj viol from solver: -0.00000012. Calculated: -0.00000012.
*** WARNING (version #870a55a): /home/sek519/warm_starting/vws/../vpc/src/cut/CglVPC.cpp:1243: Term 56 ray 29 does not satisfy the objective cut. Activity: -0.00000012. RHS: 0.00000000. Small enough violation that we only send a warning.
*** WARNING (version #870a55a): /home/sek519/warm_starting/vws/../vpc/src/cut/PRLP.cpp:387: PRLP is primal infeasible; giving up on this point-ray collection.
[WARNING] No vpcs were made from a new disjunction. Stopping series.
vws: /home/sek519/warm_starting/vws/../vpc/src/utility/utility.cpp:651: void verify(bool, const std::string&): Assertion `false' failed.


ERROR while running Cbc. Signal SIGABRT caught. Getting stack trace.
/home/sek519/warm_starting/vws/../vpc/lib/Cbc-trunk/buildg/lib/libCbc.so.0(_Z15CbcCrashHandleri+0x277) [0x2b5fdbe99a4b]
/lib/x86_64-linux-gnu/libc.so.6(+0x33060) [0x2b5fdcc53060]
/lib/x86_64-linux-gnu/libc.so.6(gsignal+0xcf) [0x2b5fdcc52fff]
/lib/x86_64-linux-gnu/libc.so.6(abort+0x16a) [0x2b5fdcc5442a]
/lib/x86_64-linux-gnu/libc.so.6(+0x2be67) [0x2b5fdcc4be67]
/lib/x86_64-linux-gnu/libc.so.6(+0x2bf12) [0x2b5fdcc4bf12]
../Debug/vws(+0x1b0645) [0x55849d380645]
../Debug/vws(+0x127cf2) [0x55849d2f7cf2]
../Debug/vws(+0x79d6a) [0x55849d249d6a]
/lib/x86_64-linux-gnu/libc.so.6(__libc_start_main+0xf1) [0x2b5fdcc402e1]
../Debug/vws(+0x79259) [0x55849d249259]




ERROR while running Cbc. Signal SIGABRT caught. Getting stack trace.
/home/sek519/warm_starting/vws/../vpc/lib/Cbc-trunk/buildg/lib/libCbc.so.0(_Z15CbcCrashHandleri+0x277) [0x2b5fdbe99a4b]
/lib/x86_64-linux-gnu/libc.so.6(+0x33060) [0x2b5fdcc53060]
/lib/x86_64-linux-gnu/libc.so.6(gsignal+0xcf) [0x2b5fdcc52fff]
/lib/x86_64-linux-gnu/libc.so.6(abort+0x16a) [0x2b5fdcc5442a]
/home/sek519/warm_starting/vws/../vpc/lib/Cbc-trunk/buildg/lib/libCbc.so.0(_Z15CbcCrashHandleri+0x355) [0x2b5fdbe99b29]
/lib/x86_64-linux-gnu/libc.so.6(+0x33060) [0x2b5fdcc53060]
/lib/x86_64-linux-gnu/libc.so.6(gsignal+0xcf) [0x2b5fdcc52fff]
/lib/x86_64-linux-gnu/libc.so.6(abort+0x16a) [0x2b5fdcc5442a]
/lib/x86_64-linux-gnu/libc.so.6(+0x2be67) [0x2b5fdcc4be67]
/lib/x86_64-linux-gnu/libc.so.6(+0x2bf12) [0x2b5fdcc4bf12]
../Debug/vws(+0x1b0645) [0x55849d380645]
../Debug/vws(+0x127cf2) [0x55849d2f7cf2]
../Debug/vws(+0x79d6a) [0x55849d249d6a]
/lib/x86_64-linux-gnu/libc.so.6(__libc_start_main+0xf1) [0x2b5fdcc402e1]
../Debug/vws(+0x79259) [0x55849d249259]


/var/spool/torque/mom_priv/jobs/1222414.polyp1.ie.lehigh.edu.SC: line 4: 12646 Aborted                 (core dumped) ../Debug/vws ${INPUT_FOLDER} ${OUTPUT_FILE} ${MAX_TIME} ${GENERATOR} ${TERMS}
