Since we minimize, disjunctive dual bound should not be less than LP relaxation objective value.
vws: /home/sek519/warm_starting/vws/../vpc/src/utility/utility.cpp:651: void verify(bool, const std::string&): Assertion `false' failed.


ERROR while running Cbc. Signal SIGABRT caught. Getting stack trace.
/home/sek519/warm_starting/vws/../vpc/lib/Cbc-trunk/buildg/lib/libCbc.so.0(_Z15CbcCrashHandleri+0x277) [0x2b29d3056a4b]
/lib/x86_64-linux-gnu/libc.so.6(+0x33060) [0x2b29d3e10060]
/lib/x86_64-linux-gnu/libc.so.6(gsignal+0xcf) [0x2b29d3e0ffff]
/lib/x86_64-linux-gnu/libc.so.6(abort+0x16a) [0x2b29d3e1142a]
/lib/x86_64-linux-gnu/libc.so.6(+0x2be67) [0x2b29d3e08e67]
/lib/x86_64-linux-gnu/libc.so.6(+0x2bf12) [0x2b29d3e08f12]
../Debug/vws(+0x1b0645) [0x560874403645]
../Debug/vws(+0x1fdfa6) [0x560874450fa6]
../Debug/vws(+0x1051e3) [0x5608743581e3]
../Debug/vws(+0x103fb7) [0x560874356fb7]
../Debug/vws(+0x127c3a) [0x56087437ac3a]
../Debug/vws(+0x79d6a) [0x5608742ccd6a]
/lib/x86_64-linux-gnu/libc.so.6(__libc_start_main+0xf1) [0x2b29d3dfd2e1]
../Debug/vws(+0x79259) [0x5608742cc259]




ERROR while running Cbc. Signal SIGABRT caught. Getting stack trace.
/home/sek519/warm_starting/vws/../vpc/lib/Cbc-trunk/buildg/lib/libCbc.so.0(_Z15CbcCrashHandleri+0x277) [0x2b29d3056a4b]
/lib/x86_64-linux-gnu/libc.so.6(+0x33060) [0x2b29d3e10060]
/lib/x86_64-linux-gnu/libc.so.6(gsignal+0xcf) [0x2b29d3e0ffff]
/lib/x86_64-linux-gnu/libc.so.6(abort+0x16a) [0x2b29d3e1142a]
/home/sek519/warm_starting/vws/../vpc/lib/Cbc-trunk/buildg/lib/libCbc.so.0(_Z15CbcCrashHandleri+0x355) [0x2b29d3056b29]
/lib/x86_64-linux-gnu/libc.so.6(+0x33060) [0x2b29d3e10060]
/lib/x86_64-linux-gnu/libc.so.6(gsignal+0xcf) [0x2b29d3e0ffff]
/lib/x86_64-linux-gnu/libc.so.6(abort+0x16a) [0x2b29d3e1142a]
/lib/x86_64-linux-gnu/libc.so.6(+0x2be67) [0x2b29d3e08e67]
/lib/x86_64-linux-gnu/libc.so.6(+0x2bf12) [0x2b29d3e08f12]
../Debug/vws(+0x1b0645) [0x560874403645]
../Debug/vws(+0x1fdfa6) [0x560874450fa6]
../Debug/vws(+0x1051e3) [0x5608743581e3]
../Debug/vws(+0x103fb7) [0x560874356fb7]
../Debug/vws(+0x127c3a) [0x56087437ac3a]
../Debug/vws(+0x79d6a) [0x5608742ccd6a]
/lib/x86_64-linux-gnu/libc.so.6(__libc_start_main+0xf1) [0x2b29d3dfd2e1]
../Debug/vws(+0x79259) [0x5608742cc259]


/var/spool/torque/mom_priv/jobs/1222412.polyp1.ie.lehigh.edu.SC: line 4: 12648 Aborted                 (core dumped) ../Debug/vws ${INPUT_FOLDER} ${OUTPUT_FILE} ${MAX_TIME} ${GENERATOR} ${TERMS}
