Since we minimize, disjunctive dual bound should not be less than LP relaxation objective value.
vws: /home/sek519/warm_starting/vws/../vpc/src/utility/utility.cpp:651: void verify(bool, const std::string&): Assertion `false' failed.


ERROR while running Cbc. Signal SIGABRT caught. Getting stack trace.
/home/sek519/warm_starting/vws/../vpc/lib/Cbc-trunk/buildg/lib/libCbc.so.0(_Z15CbcCrashHandleri+0x277) [0x2b5b6ddeca4b]
/lib/x86_64-linux-gnu/libc.so.6(+0x33060) [0x2b5b6eba6060]
/lib/x86_64-linux-gnu/libc.so.6(gsignal+0xcf) [0x2b5b6eba5fff]
/lib/x86_64-linux-gnu/libc.so.6(abort+0x16a) [0x2b5b6eba742a]
/lib/x86_64-linux-gnu/libc.so.6(+0x2be67) [0x2b5b6eb9ee67]
/lib/x86_64-linux-gnu/libc.so.6(+0x2bf12) [0x2b5b6eb9ef12]
../Debug/vws(+0x1b0645) [0x55add4d40645]
../Debug/vws(+0x1fdfa6) [0x55add4d8dfa6]
../Debug/vws(+0x105ca6) [0x55add4c95ca6]
../Debug/vws(+0x103f4c) [0x55add4c93f4c]
../Debug/vws(+0x127c3a) [0x55add4cb7c3a]
../Debug/vws(+0x79d6a) [0x55add4c09d6a]
/lib/x86_64-linux-gnu/libc.so.6(__libc_start_main+0xf1) [0x2b5b6eb932e1]
../Debug/vws(+0x79259) [0x55add4c09259]




ERROR while running Cbc. Signal SIGABRT caught. Getting stack trace.
/home/sek519/warm_starting/vws/../vpc/lib/Cbc-trunk/buildg/lib/libCbc.so.0(_Z15CbcCrashHandleri+0x277) [0x2b5b6ddeca4b]
/lib/x86_64-linux-gnu/libc.so.6(+0x33060) [0x2b5b6eba6060]
/lib/x86_64-linux-gnu/libc.so.6(gsignal+0xcf) [0x2b5b6eba5fff]
/lib/x86_64-linux-gnu/libc.so.6(abort+0x16a) [0x2b5b6eba742a]
/home/sek519/warm_starting/vws/../vpc/lib/Cbc-trunk/buildg/lib/libCbc.so.0(_Z15CbcCrashHandleri+0x355) [0x2b5b6ddecb29]
/lib/x86_64-linux-gnu/libc.so.6(+0x33060) [0x2b5b6eba6060]
/lib/x86_64-linux-gnu/libc.so.6(gsignal+0xcf) [0x2b5b6eba5fff]
/lib/x86_64-linux-gnu/libc.so.6(abort+0x16a) [0x2b5b6eba742a]
/lib/x86_64-linux-gnu/libc.so.6(+0x2be67) [0x2b5b6eb9ee67]
/lib/x86_64-linux-gnu/libc.so.6(+0x2bf12) [0x2b5b6eb9ef12]
../Debug/vws(+0x1b0645) [0x55add4d40645]
../Debug/vws(+0x1fdfa6) [0x55add4d8dfa6]
../Debug/vws(+0x105ca6) [0x55add4c95ca6]
../Debug/vws(+0x103f4c) [0x55add4c93f4c]
../Debug/vws(+0x127c3a) [0x55add4cb7c3a]
../Debug/vws(+0x79d6a) [0x55add4c09d6a]
/lib/x86_64-linux-gnu/libc.so.6(__libc_start_main+0xf1) [0x2b5b6eb932e1]
../Debug/vws(+0x79259) [0x55add4c09259]


/var/spool/torque/mom_priv/jobs/1222439.polyp1.ie.lehigh.edu.SC: line 4: 18764 Aborted                 (core dumped) ../Debug/vws ${INPUT_FOLDER} ${OUTPUT_FILE} ${MAX_TIME} ${GENERATOR} ${TERMS}
