Since we minimize, disjunctive dual bound should not be less than LP relaxation objective value.
vws: /home/sek519/warm_starting/vws/../vpc/src/utility/utility.cpp:651: void verify(bool, const std::string&): Assertion `false' failed.


ERROR while running Cbc. Signal SIGABRT caught. Getting stack trace.
/home/sek519/warm_starting/vws/../vpc/lib/Cbc-trunk/buildg/lib/libCbc.so.0(_Z15CbcCrashHandleri+0x277) [0x2b57906dda4b]
/lib/x86_64-linux-gnu/libc.so.6(+0x33060) [0x2b5791497060]
/lib/x86_64-linux-gnu/libc.so.6(gsignal+0xcf) [0x2b5791496fff]
/lib/x86_64-linux-gnu/libc.so.6(abort+0x16a) [0x2b579149842a]
/lib/x86_64-linux-gnu/libc.so.6(+0x2be67) [0x2b579148fe67]
/lib/x86_64-linux-gnu/libc.so.6(+0x2bf12) [0x2b579148ff12]
../Debug/vws(+0x1b0645) [0x563fac200645]
../Debug/vws(+0x1fdfa6) [0x563fac24dfa6]
../Debug/vws(+0x105ca6) [0x563fac155ca6]
../Debug/vws(+0x103f4c) [0x563fac153f4c]
../Debug/vws(+0x127c3a) [0x563fac177c3a]
../Debug/vws(+0x79d6a) [0x563fac0c9d6a]
/lib/x86_64-linux-gnu/libc.so.6(__libc_start_main+0xf1) [0x2b57914842e1]
../Debug/vws(+0x79259) [0x563fac0c9259]




ERROR while running Cbc. Signal SIGABRT caught. Getting stack trace.
/home/sek519/warm_starting/vws/../vpc/lib/Cbc-trunk/buildg/lib/libCbc.so.0(_Z15CbcCrashHandleri+0x277) [0x2b57906dda4b]
/lib/x86_64-linux-gnu/libc.so.6(+0x33060) [0x2b5791497060]
/lib/x86_64-linux-gnu/libc.so.6(gsignal+0xcf) [0x2b5791496fff]
/lib/x86_64-linux-gnu/libc.so.6(abort+0x16a) [0x2b579149842a]
/home/sek519/warm_starting/vws/../vpc/lib/Cbc-trunk/buildg/lib/libCbc.so.0(_Z15CbcCrashHandleri+0x355) [0x2b57906ddb29]
/lib/x86_64-linux-gnu/libc.so.6(+0x33060) [0x2b5791497060]
/lib/x86_64-linux-gnu/libc.so.6(gsignal+0xcf) [0x2b5791496fff]
/lib/x86_64-linux-gnu/libc.so.6(abort+0x16a) [0x2b579149842a]
/lib/x86_64-linux-gnu/libc.so.6(+0x2be67) [0x2b579148fe67]
/lib/x86_64-linux-gnu/libc.so.6(+0x2bf12) [0x2b579148ff12]
../Debug/vws(+0x1b0645) [0x563fac200645]
../Debug/vws(+0x1fdfa6) [0x563fac24dfa6]
../Debug/vws(+0x105ca6) [0x563fac155ca6]
../Debug/vws(+0x103f4c) [0x563fac153f4c]
../Debug/vws(+0x127c3a) [0x563fac177c3a]
../Debug/vws(+0x79d6a) [0x563fac0c9d6a]
/lib/x86_64-linux-gnu/libc.so.6(__libc_start_main+0xf1) [0x2b57914842e1]
../Debug/vws(+0x79259) [0x563fac0c9259]


/var/spool/torque/mom_priv/jobs/1222431.polyp1.ie.lehigh.edu.SC: line 4: 30138 Aborted                 (core dumped) ../Debug/vws ${INPUT_FOLDER} ${OUTPUT_FILE} ${MAX_TIME} ${GENERATOR} ${TERMS}
