*** WARNING (version #870a55a): /home/sek519/warm_starting/vws/../vpc/src/cut/CglVPC.cpp:683: Nonbasic reduced cost should be >= 0 in the complemented nonbasic space. However, for nb var 121 (real var 132), it is -1.088663e-07. Small enough error that we only send warning.
*** WARNING (version #870a55a): /home/sek519/warm_starting/vws/../vpc/src/utility/nbspace.cpp:358: Ray 132: dot product with obj < 0. Obj viol from solver: -0.00000011. Calculated: -0.00000011.
*** WARNING (version #870a55a): /home/sek519/warm_starting/vws/../vpc/src/cut/CglVPC.cpp:1243: Term 3 ray 121 does not satisfy the objective cut. Activity: -0.00000011. RHS: 0.00000000. Small enough violation that we only send a warning.
*** WARNING (version #870a55a): /home/sek519/warm_starting/vws/../vpc/src/cut/CglVPC.cpp:683: Nonbasic reduced cost should be >= 0 in the complemented nonbasic space. However, for nb var 32 (real var 33), it is -1.131535e-07. Small enough error that we only send warning.
*** WARNING (version #870a55a): /home/sek519/warm_starting/vws/../vpc/src/utility/nbspace.cpp:358: Ray 33: dot product with obj < 0. Obj viol from solver: -0.00000011. Calculated: -0.00000011.
*** WARNING (version #870a55a): /home/sek519/warm_starting/vws/../vpc/src/cut/CglVPC.cpp:1243: Term 6 ray 32 does not satisfy the objective cut. Activity: -0.00000011. RHS: 0.00000000. Small enough violation that we only send a warning.
*** WARNING (version #870a55a): /home/sek519/warm_starting/vws/../vpc/src/cut/CglVPC.cpp:683: Nonbasic reduced cost should be >= 0 in the complemented nonbasic space. However, for nb var 15 (real var 18), it is -1.121466e-07. Small enough error that we only send warning.
*** WARNING (version #870a55a): /home/sek519/warm_starting/vws/../vpc/src/utility/nbspace.cpp:358: Ray 18: dot product with obj < 0. Obj viol from solver: -0.00000011. Calculated: -0.00000011.
*** WARNING (version #870a55a): /home/sek519/warm_starting/vws/../vpc/src/cut/CglVPC.cpp:1243: Term 30 ray 15 does not satisfy the objective cut. Activity: -0.00000011. RHS: 0.00000000. Small enough violation that we only send a warning.
*** WARNING (version #870a55a): /home/sek519/warm_starting/vws/../vpc/src/cut/CglVPC.cpp:683: Nonbasic reduced cost should be >= 0 in the complemented nonbasic space. However, for nb var 16 (real var 18), it is -1.118017e-07. Small enough error that we only send warning.
*** WARNING (version #870a55a): /home/sek519/warm_starting/vws/../vpc/src/utility/nbspace.cpp:358: Ray 18: dot product with obj < 0. Obj viol from solver: -0.00000011. Calculated: -0.00000011.
*** WARNING (version #870a55a): /home/sek519/warm_starting/vws/../vpc/src/cut/CglVPC.cpp:1243: Term 38 ray 16 does not satisfy the objective cut. Activity: -0.00000011. RHS: 0.00000000. Small enough violation that we only send a warning.
*** WARNING (version #870a55a): /home/sek519/warm_starting/vws/../vpc/src/cut/CglVPC.cpp:683: Nonbasic reduced cost should be >= 0 in the complemented nonbasic space. However, for nb var 109 (real var 121), it is -1.068975e-07. Small enough error that we only send warning.
*** WARNING (version #870a55a): /home/sek519/warm_starting/vws/../vpc/src/utility/nbspace.cpp:358: Ray 121: dot product with obj < 0. Obj viol from solver: -0.00000011. Calculated: -0.00000011.
*** WARNING (version #870a55a): /home/sek519/warm_starting/vws/../vpc/src/cut/CglVPC.cpp:1243: Term 59 ray 109 does not satisfy the objective cut. Activity: -0.00000011. RHS: 0.00000000. Small enough violation that we only send a warning.
*** WARNING (version #870a55a): /home/sek519/warm_starting/vws/../vpc/src/cut/PRLP.cpp:387: PRLP is primal infeasible; giving up on this point-ray collection.
Since we minimize, disjunctive dual bound should not be less than LP relaxation objective value.
vws: /home/sek519/warm_starting/vws/../vpc/src/utility/utility.cpp:651: void verify(bool, const std::string&): Assertion `false' failed.


ERROR while running Cbc. Signal SIGABRT caught. Getting stack trace.
/home/sek519/warm_starting/vws/../vpc/lib/Cbc-trunk/buildg/lib/libCbc.so.0(_Z15CbcCrashHandleri+0x277) [0x2b4d5244ea4b]
/lib/x86_64-linux-gnu/libc.so.6(+0x33060) [0x2b4d53208060]
/lib/x86_64-linux-gnu/libc.so.6(gsignal+0xcf) [0x2b4d53207fff]
/lib/x86_64-linux-gnu/libc.so.6(abort+0x16a) [0x2b4d5320942a]
/lib/x86_64-linux-gnu/libc.so.6(+0x2be67) [0x2b4d53200e67]
/lib/x86_64-linux-gnu/libc.so.6(+0x2bf12) [0x2b4d53200f12]
../Debug/vws(+0x1b0645) [0x55561e3e7645]
../Debug/vws(+0x1fdfa6) [0x55561e434fa6]
../Debug/vws(+0x105ca6) [0x55561e33cca6]
../Debug/vws(+0x103f4c) [0x55561e33af4c]
../Debug/vws(+0x127c3a) [0x55561e35ec3a]
../Debug/vws(+0x79d6a) [0x55561e2b0d6a]
/lib/x86_64-linux-gnu/libc.so.6(__libc_start_main+0xf1) [0x2b4d531f52e1]
../Debug/vws(+0x79259) [0x55561e2b0259]




ERROR while running Cbc. Signal SIGABRT caught. Getting stack trace.
/home/sek519/warm_starting/vws/../vpc/lib/Cbc-trunk/buildg/lib/libCbc.so.0(_Z15CbcCrashHandleri+0x277) [0x2b4d5244ea4b]
/lib/x86_64-linux-gnu/libc.so.6(+0x33060) [0x2b4d53208060]
/lib/x86_64-linux-gnu/libc.so.6(gsignal+0xcf) [0x2b4d53207fff]
/lib/x86_64-linux-gnu/libc.so.6(abort+0x16a) [0x2b4d5320942a]
/home/sek519/warm_starting/vws/../vpc/lib/Cbc-trunk/buildg/lib/libCbc.so.0(_Z15CbcCrashHandleri+0x355) [0x2b4d5244eb29]
/lib/x86_64-linux-gnu/libc.so.6(+0x33060) [0x2b4d53208060]
/lib/x86_64-linux-gnu/libc.so.6(gsignal+0xcf) [0x2b4d53207fff]
/lib/x86_64-linux-gnu/libc.so.6(abort+0x16a) [0x2b4d5320942a]
/lib/x86_64-linux-gnu/libc.so.6(+0x2be67) [0x2b4d53200e67]
/lib/x86_64-linux-gnu/libc.so.6(+0x2bf12) [0x2b4d53200f12]
../Debug/vws(+0x1b0645) [0x55561e3e7645]
../Debug/vws(+0x1fdfa6) [0x55561e434fa6]
../Debug/vws(+0x105ca6) [0x55561e33cca6]
../Debug/vws(+0x103f4c) [0x55561e33af4c]
../Debug/vws(+0x127c3a) [0x55561e35ec3a]
../Debug/vws(+0x79d6a) [0x55561e2b0d6a]
/lib/x86_64-linux-gnu/libc.so.6(__libc_start_main+0xf1) [0x2b4d531f52e1]
../Debug/vws(+0x79259) [0x55561e2b0259]


/var/spool/torque/mom_priv/jobs/1222415.polyp1.ie.lehigh.edu.SC: line 4: 12644 Aborted                 (core dumped) ../Debug/vws ${INPUT_FOLDER} ${OUTPUT_FILE} ${MAX_TIME} ${GENERATOR} ${TERMS}
