*** WARNING (version #870a55a): /home/sek519/warm_starting/vws/../vpc/src/cut/PRLP.cpp:387: PRLP is primal infeasible; giving up on this point-ray collection.
Since we minimize, disjunctive dual bound should not be less than LP relaxation objective value.
vws: /home/sek519/warm_starting/vws/../vpc/src/utility/utility.cpp:651: void verify(bool, const std::string&): Assertion `false' failed.


ERROR while running Cbc. Signal SIGABRT caught. Getting stack trace.
/home/sek519/warm_starting/vws/../vpc/lib/Cbc-trunk/buildg/lib/libCbc.so.0(_Z15CbcCrashHandleri+0x277) [0x2b0b6b395a4b]
/lib/x86_64-linux-gnu/libc.so.6(+0x33060) [0x2b0b6c14f060]
/lib/x86_64-linux-gnu/libc.so.6(gsignal+0xcf) [0x2b0b6c14efff]
/lib/x86_64-linux-gnu/libc.so.6(abort+0x16a) [0x2b0b6c15042a]
/lib/x86_64-linux-gnu/libc.so.6(+0x2be67) [0x2b0b6c147e67]
/lib/x86_64-linux-gnu/libc.so.6(+0x2bf12) [0x2b0b6c147f12]
../Debug/vws(+0x1b0645) [0x559cbb0ba645]
../Debug/vws(+0x1fdfa6) [0x559cbb107fa6]
../Debug/vws(+0x105ca6) [0x559cbb00fca6]
../Debug/vws(+0x103f4c) [0x559cbb00df4c]
../Debug/vws(+0x127c3a) [0x559cbb031c3a]
../Debug/vws(+0x79d6a) [0x559cbaf83d6a]
/lib/x86_64-linux-gnu/libc.so.6(__libc_start_main+0xf1) [0x2b0b6c13c2e1]
../Debug/vws(+0x79259) [0x559cbaf83259]




ERROR while running Cbc. Signal SIGABRT caught. Getting stack trace.
/home/sek519/warm_starting/vws/../vpc/lib/Cbc-trunk/buildg/lib/libCbc.so.0(_Z15CbcCrashHandleri+0x277) [0x2b0b6b395a4b]
/lib/x86_64-linux-gnu/libc.so.6(+0x33060) [0x2b0b6c14f060]
/lib/x86_64-linux-gnu/libc.so.6(gsignal+0xcf) [0x2b0b6c14efff]
/lib/x86_64-linux-gnu/libc.so.6(abort+0x16a) [0x2b0b6c15042a]
/home/sek519/warm_starting/vws/../vpc/lib/Cbc-trunk/buildg/lib/libCbc.so.0(_Z15CbcCrashHandleri+0x355) [0x2b0b6b395b29]
/lib/x86_64-linux-gnu/libc.so.6(+0x33060) [0x2b0b6c14f060]
/lib/x86_64-linux-gnu/libc.so.6(gsignal+0xcf) [0x2b0b6c14efff]
/lib/x86_64-linux-gnu/libc.so.6(abort+0x16a) [0x2b0b6c15042a]
/lib/x86_64-linux-gnu/libc.so.6(+0x2be67) [0x2b0b6c147e67]
/lib/x86_64-linux-gnu/libc.so.6(+0x2bf12) [0x2b0b6c147f12]
../Debug/vws(+0x1b0645) [0x559cbb0ba645]
../Debug/vws(+0x1fdfa6) [0x559cbb107fa6]
../Debug/vws(+0x105ca6) [0x559cbb00fca6]
../Debug/vws(+0x103f4c) [0x559cbb00df4c]
../Debug/vws(+0x127c3a) [0x559cbb031c3a]
../Debug/vws(+0x79d6a) [0x559cbaf83d6a]
/lib/x86_64-linux-gnu/libc.so.6(__libc_start_main+0xf1) [0x2b0b6c13c2e1]
../Debug/vws(+0x79259) [0x559cbaf83259]


/var/spool/torque/mom_priv/jobs/1222411.polyp1.ie.lehigh.edu.SC: line 4: 12645 Aborted                 (core dumped) ../Debug/vws ${INPUT_FOLDER} ${OUTPUT_FILE} ${MAX_TIME} ${GENERATOR} ${TERMS}
