Since we minimize, disjunctive dual bound should not be less than LP relaxation objective value.
vws: /home/sek519/warm_starting/vws/../vpc/src/utility/utility.cpp:651: void verify(bool, const std::string&): Assertion `false' failed.


ERROR while running Cbc. Signal SIGABRT caught. Getting stack trace.
/home/sek519/warm_starting/vws/../vpc/lib/Cbc-trunk/buildg/lib/libCbc.so.0(_Z15CbcCrashHandleri+0x277) [0x2b7570b09a4b]
/lib/x86_64-linux-gnu/libc.so.6(+0x33060) [0x2b75718c3060]
/lib/x86_64-linux-gnu/libc.so.6(gsignal+0xcf) [0x2b75718c2fff]
/lib/x86_64-linux-gnu/libc.so.6(abort+0x16a) [0x2b75718c442a]
/lib/x86_64-linux-gnu/libc.so.6(+0x2be67) [0x2b75718bbe67]
/lib/x86_64-linux-gnu/libc.so.6(+0x2bf12) [0x2b75718bbf12]
../Debug/vws(+0x1b0645) [0x555a0938d645]
../Debug/vws(+0x1fdfa6) [0x555a093dafa6]
../Debug/vws(+0x1051e3) [0x555a092e21e3]
../Debug/vws(+0x103fb7) [0x555a092e0fb7]
../Debug/vws(+0x127c3a) [0x555a09304c3a]
../Debug/vws(+0x79d6a) [0x555a09256d6a]
/lib/x86_64-linux-gnu/libc.so.6(__libc_start_main+0xf1) [0x2b75718b02e1]
../Debug/vws(+0x79259) [0x555a09256259]




ERROR while running Cbc. Signal SIGABRT caught. Getting stack trace.
/home/sek519/warm_starting/vws/../vpc/lib/Cbc-trunk/buildg/lib/libCbc.so.0(_Z15CbcCrashHandleri+0x277) [0x2b7570b09a4b]
/lib/x86_64-linux-gnu/libc.so.6(+0x33060) [0x2b75718c3060]
/lib/x86_64-linux-gnu/libc.so.6(gsignal+0xcf) [0x2b75718c2fff]
/lib/x86_64-linux-gnu/libc.so.6(abort+0x16a) [0x2b75718c442a]
/home/sek519/warm_starting/vws/../vpc/lib/Cbc-trunk/buildg/lib/libCbc.so.0(_Z15CbcCrashHandleri+0x355) [0x2b7570b09b29]
/lib/x86_64-linux-gnu/libc.so.6(+0x33060) [0x2b75718c3060]
/lib/x86_64-linux-gnu/libc.so.6(gsignal+0xcf) [0x2b75718c2fff]
/lib/x86_64-linux-gnu/libc.so.6(abort+0x16a) [0x2b75718c442a]
/lib/x86_64-linux-gnu/libc.so.6(+0x2be67) [0x2b75718bbe67]
/lib/x86_64-linux-gnu/libc.so.6(+0x2bf12) [0x2b75718bbf12]
../Debug/vws(+0x1b0645) [0x555a0938d645]
../Debug/vws(+0x1fdfa6) [0x555a093dafa6]
../Debug/vws(+0x1051e3) [0x555a092e21e3]
../Debug/vws(+0x103fb7) [0x555a092e0fb7]
../Debug/vws(+0x127c3a) [0x555a09304c3a]
../Debug/vws(+0x79d6a) [0x555a09256d6a]
/lib/x86_64-linux-gnu/libc.so.6(__libc_start_main+0xf1) [0x2b75718b02e1]
../Debug/vws(+0x79259) [0x555a09256259]


/var/spool/torque/mom_priv/jobs/1222416.polyp1.ie.lehigh.edu.SC: line 4: 12649 Aborted                 ../Debug/vws ${INPUT_FOLDER} ${OUTPUT_FILE} ${MAX_TIME} ${GENERATOR} ${TERMS}
