*** WARNING (version #870a55a): /home/sek519/warm_starting/vws/../vpc/src/cut/CglVPC.cpp:683: Nonbasic reduced cost should be >= 0 in the complemented nonbasic space. However, for nb var 139 (real var 151), it is -1.209305e-07. Small enough error that we only send warning.
*** WARNING (version #870a55a): /home/sek519/warm_starting/vws/../vpc/src/utility/nbspace.cpp:358: Ray 151: dot product with obj < 0. Obj viol from solver: -0.00000012. Calculated: -0.00000012.
*** WARNING (version #870a55a): /home/sek519/warm_starting/vws/../vpc/src/cut/CglVPC.cpp:1243: Term 5 ray 139 does not satisfy the objective cut. Activity: -0.00000012. RHS: 0.00000000. Small enough violation that we only send a warning.
*** WARNING (version #870a55a): /home/sek519/warm_starting/vws/../vpc/src/cut/CglVPC.cpp:683: Nonbasic reduced cost should be >= 0 in the complemented nonbasic space. However, for nb var 139 (real var 151), it is -1.384913e-07. Small enough error that we only send warning.
*** WARNING (version #870a55a): /home/sek519/warm_starting/vws/../vpc/src/utility/nbspace.cpp:358: Ray 151: dot product with obj < 0. Obj viol from solver: -0.00000014. Calculated: -0.00000014.
*** WARNING (version #870a55a): /home/sek519/warm_starting/vws/../vpc/src/cut/CglVPC.cpp:1243: Term 6 ray 139 does not satisfy the objective cut. Activity: -0.00000014. RHS: 0.00000000. Small enough violation that we only send a warning.
*** WARNING (version #870a55a): /home/sek519/warm_starting/vws/../vpc/src/cut/CglVPC.cpp:683: Nonbasic reduced cost should be >= 0 in the complemented nonbasic space. However, for nb var 0 (real var 0), it is -1.652029e-07. Small enough error that we only send warning.
*** WARNING (version #870a55a): /home/sek519/warm_starting/vws/../vpc/src/cut/CglVPC.cpp:683: Nonbasic reduced cost should be >= 0 in the complemented nonbasic space. However, for nb var 1 (real var 2), it is -1.536585e-06. Small enough error that we only send warning.
*** WARNING (version #870a55a): /home/sek519/warm_starting/vws/../vpc/src/cut/CglVPC.cpp:683: Nonbasic reduced cost should be >= 0 in the complemented nonbasic space. However, for nb var 15 (real var 18), it is -9.982852e-07. Small enough error that we only send warning.
*** WARNING (version #870a55a): /home/sek519/warm_starting/vws/../vpc/src/cut/CglVPC.cpp:683: Nonbasic reduced cost should be >= 0 in the complemented nonbasic space. However, for nb var 21 (real var 25), it is -1.138800e-06. Small enough error that we only send warning.
*** WARNING (version #870a55a): /home/sek519/warm_starting/vws/../vpc/src/cut/CglVPC.cpp:683: Nonbasic reduced cost should be >= 0 in the complemented nonbasic space. However, for nb var 23 (real var 27), it is -1.157230e-07. Small enough error that we only send warning.
*** WARNING (version #870a55a): /home/sek519/warm_starting/vws/../vpc/src/cut/CglVPC.cpp:683: Nonbasic reduced cost should be >= 0 in the complemented nonbasic space. However, for nb var 29 (real var 33), it is -1.543416e-06. Small enough error that we only send warning.
*** WARNING (version #870a55a): /home/sek519/warm_starting/vws/../vpc/src/cut/CglVPC.cpp:683: Nonbasic reduced cost should be >= 0 in the complemented nonbasic space. However, for nb var 30 (real var 34), it is -5.501568e-07. Small enough error that we only send warning.
*** WARNING (version #870a55a): /home/sek519/warm_starting/vws/../vpc/src/cut/CglVPC.cpp:683: Nonbasic reduced cost should be >= 0 in the complemented nonbasic space. However, for nb var 42 (real var 46), it is -4.744238e-06. Small enough error that we only send warning.
*** WARNING (version #870a55a): /home/sek519/warm_starting/vws/../vpc/src/cut/CglVPC.cpp:683: Nonbasic reduced cost should be >= 0 in the complemented nonbasic space. However, for nb var 43 (real var 47), it is -1.942560e-06. Small enough error that we only send warning.
*** WARNING (version #870a55a): /home/sek519/warm_starting/vws/../vpc/src/cut/CglVPC.cpp:683: Nonbasic reduced cost should be >= 0 in the complemented nonbasic space. However, for nb var 44 (real var 48), it is -3.194066e-06. Small enough error that we only send warning.
*** WARNING (version #870a55a): /home/sek519/warm_starting/vws/../vpc/src/cut/CglVPC.cpp:683: Nonbasic reduced cost should be >= 0 in the complemented nonbasic space. However, for nb var 49 (real var 53), it is -3.964746e-06. Small enough error that we only send warning.
*** WARNING (version #870a55a): /home/sek519/warm_starting/vws/../vpc/src/cut/CglVPC.cpp:683: Nonbasic reduced cost should be >= 0 in the complemented nonbasic space. However, for nb var 60 (real var 65), it is -3.279286e-07. Small enough error that we only send warning.
*** WARNING (version #870a55a): /home/sek519/warm_starting/vws/../vpc/src/cut/CglVPC.cpp:683: Nonbasic reduced cost should be >= 0 in the complemented nonbasic space. However, for nb var 63 (real var 68), it is -1.317411e-06. Small enough error that we only send warning.
*** WARNING (version #870a55a): /home/sek519/warm_starting/vws/../vpc/src/cut/CglVPC.cpp:683: Nonbasic reduced cost should be >= 0 in the complemented nonbasic space. However, for nb var 64 (real var 69), it is -6.720396e-07. Small enough error that we only send warning.
*** WARNING (version #870a55a): /home/sek519/warm_starting/vws/../vpc/src/cut/CglVPC.cpp:683: Nonbasic reduced cost should be >= 0 in the complemented nonbasic space. However, for nb var 74 (real var 80), it is -4.862066e-07. Small enough error that we only send warning.
*** WARNING (version #870a55a): /home/sek519/warm_starting/vws/../vpc/src/cut/CglVPC.cpp:683: Nonbasic reduced cost should be >= 0 in the complemented nonbasic space. However, for nb var 85 (real var 96), it is -1.832181e-06. Small enough error that we only send warning.
*** WARNING (version #870a55a): /home/sek519/warm_starting/vws/../vpc/src/cut/CglVPC.cpp:683: Nonbasic reduced cost should be >= 0 in the complemented nonbasic space. However, for nb var 90 (real var 101), it is -2.041274e-06. Small enough error that we only send warning.
*** WARNING (version #870a55a): /home/sek519/warm_starting/vws/../vpc/src/cut/CglVPC.cpp:683: Nonbasic reduced cost should be >= 0 in the complemented nonbasic space. However, for nb var 92 (real var 103), it is -1.403161e-06. Small enough error that we only send warning.
*** WARNING (version #870a55a): /home/sek519/warm_starting/vws/../vpc/src/cut/CglVPC.cpp:683: Nonbasic reduced cost should be >= 0 in the complemented nonbasic space. However, for nb var 99 (real var 110), it is -1.420885e-07. Small enough error that we only send warning.
*** WARNING (version #870a55a): /home/sek519/warm_starting/vws/../vpc/src/cut/CglVPC.cpp:683: Nonbasic reduced cost should be >= 0 in the complemented nonbasic space. However, for nb var 101 (real var 112), it is -2.145089e-06. Small enough error that we only send warning.
*** WARNING (version #870a55a): /home/sek519/warm_starting/vws/../vpc/src/cut/CglVPC.cpp:683: Nonbasic reduced cost should be >= 0 in the complemented nonbasic space. However, for nb var 102 (real var 113), it is -1.426801e-06. Small enough error that we only send warning.
*** WARNING (version #870a55a): /home/sek519/warm_starting/vws/../vpc/src/cut/CglVPC.cpp:683: Nonbasic reduced cost should be >= 0 in the complemented nonbasic space. However, for nb var 108 (real var 119), it is -7.598633e-07. Small enough error that we only send warning.
*** WARNING (version #870a55a): /home/sek519/warm_starting/vws/../vpc/src/cut/CglVPC.cpp:683: Nonbasic reduced cost should be >= 0 in the complemented nonbasic space. However, for nb var 111 (real var 122), it is -1.104343e-06. Small enough error that we only send warning.
*** WARNING (version #870a55a): /home/sek519/warm_starting/vws/../vpc/src/cut/CglVPC.cpp:683: Nonbasic reduced cost should be >= 0 in the complemented nonbasic space. However, for nb var 117 (real var 128), it is -3.455916e-06. Small enough error that we only send warning.
*** WARNING (version #870a55a): /home/sek519/warm_starting/vws/../vpc/src/cut/CglVPC.cpp:683: Nonbasic reduced cost should be >= 0 in the complemented nonbasic space. However, for nb var 131 (real var 142), it is -5.356491e-07. Small enough error that we only send warning.
*** WARNING (version #870a55a): /home/sek519/warm_starting/vws/../vpc/src/cut/CglVPC.cpp:683: Nonbasic reduced cost should be >= 0 in the complemented nonbasic space. However, for nb var 135 (real var 146), it is -3.334350e-06. Small enough error that we only send warning.
*** WARNING (version #870a55a): /home/sek519/warm_starting/vws/../vpc/src/cut/CglVPC.cpp:683: Nonbasic reduced cost should be >= 0 in the complemented nonbasic space. However, for nb var 136 (real var 148), it is -1.264156e-06. Small enough error that we only send warning.
*** WARNING (version #870a55a): /home/sek519/warm_starting/vws/../vpc/src/cut/CglVPC.cpp:683: Nonbasic reduced cost should be >= 0 in the complemented nonbasic space. However, for nb var 137 (real var 149), it is -1.205929e-06. Small enough error that we only send warning.
*** WARNING (version #870a55a): /home/sek519/warm_starting/vws/../vpc/src/cut/CglVPC.cpp:683: Nonbasic reduced cost should be >= 0 in the complemented nonbasic space. However, for nb var 139 (real var 151), it is -1.294331e-06. Small enough error that we only send warning.
*** WARNING (version #870a55a): /home/sek519/warm_starting/vws/../vpc/src/utility/nbspace.cpp:358: Ray 0: dot product with obj < 0. Obj viol from solver: -0.00000017. Calculated: -0.00000017.
*** WARNING (version #870a55a): /home/sek519/warm_starting/vws/../vpc/src/cut/CglVPC.cpp:1243: Term 27 ray 0 does not satisfy the objective cut. Activity: -0.00000017. RHS: 0.00000000. Small enough violation that we only send a warning.
*** WARNING (version #870a55a): /home/sek519/warm_starting/vws/../vpc/src/utility/nbspace.cpp:358: Ray 2: dot product with obj < 0. Obj viol from solver: -0.00000154. Calculated: -0.00000154.
*** WARNING (version #870a55a): /home/sek519/warm_starting/vws/../vpc/src/cut/CglVPC.cpp:1243: Term 27 ray 1 does not satisfy the objective cut. Activity: -0.00000154. RHS: 0.00000000. Small enough violation that we only send a warning.
*** WARNING (version #870a55a): /home/sek519/warm_starting/vws/../vpc/src/utility/nbspace.cpp:358: Ray 18: dot product with obj < 0. Obj viol from solver: -0.00000100. Calculated: -0.00000100.
*** WARNING (version #870a55a): /home/sek519/warm_starting/vws/../vpc/src/cut/CglVPC.cpp:1243: Term 27 ray 15 does not satisfy the objective cut. Activity: -0.00000100. RHS: 0.00000000. Small enough violation that we only send a warning.
*** WARNING (version #870a55a): /home/sek519/warm_starting/vws/../vpc/src/utility/nbspace.cpp:358: Ray 25: dot product with obj < 0. Obj viol from solver: -0.00000114. Calculated: -0.00000114.
*** WARNING (version #870a55a): /home/sek519/warm_starting/vws/../vpc/src/cut/CglVPC.cpp:1243: Term 27 ray 21 does not satisfy the objective cut. Activity: -0.00000114. RHS: 0.00000000. Small enough violation that we only send a warning.
*** WARNING (version #870a55a): /home/sek519/warm_starting/vws/../vpc/src/utility/nbspace.cpp:358: Ray 27: dot product with obj < 0. Obj viol from solver: -0.00000012. Calculated: -0.00000012.
*** WARNING (version #870a55a): /home/sek519/warm_starting/vws/../vpc/src/cut/CglVPC.cpp:1243: Term 27 ray 23 does not satisfy the objective cut. Activity: -0.00000012. RHS: 0.00000000. Small enough violation that we only send a warning.
*** WARNING (version #870a55a): /home/sek519/warm_starting/vws/../vpc/src/utility/nbspace.cpp:358: Ray 33: dot product with obj < 0. Obj viol from solver: -0.00000154. Calculated: -0.00000154.
*** WARNING (version #870a55a): /home/sek519/warm_starting/vws/../vpc/src/cut/CglVPC.cpp:1243: Term 27 ray 29 does not satisfy the objective cut. Activity: -0.00000154. RHS: 0.00000000. Small enough violation that we only send a warning.
*** WARNING (version #870a55a): /home/sek519/warm_starting/vws/../vpc/src/utility/nbspace.cpp:358: Ray 34: dot product with obj < 0. Obj viol from solver: -0.00000055. Calculated: -0.00000055.
*** WARNING (version #870a55a): /home/sek519/warm_starting/vws/../vpc/src/cut/CglVPC.cpp:1243: Term 27 ray 30 does not satisfy the objective cut. Activity: -0.00000055. RHS: 0.00000000. Small enough violation that we only send a warning.
*** WARNING (version #870a55a): /home/sek519/warm_starting/vws/../vpc/src/utility/nbspace.cpp:358: Ray 46: dot product with obj < 0. Obj viol from solver: -0.00000474. Calculated: -0.00000474.
*** WARNING (version #870a55a): /home/sek519/warm_starting/vws/../vpc/src/cut/CglVPC.cpp:1243: Term 27 ray 42 does not satisfy the objective cut. Activity: -0.00000474. RHS: 0.00000000. Small enough violation that we only send a warning.
*** WARNING (version #870a55a): /home/sek519/warm_starting/vws/../vpc/src/utility/nbspace.cpp:358: Ray 47: dot product with obj < 0. Obj viol from solver: -0.00000194. Calculated: -0.00000194.
*** WARNING (version #870a55a): /home/sek519/warm_starting/vws/../vpc/src/cut/CglVPC.cpp:1243: Term 27 ray 43 does not satisfy the objective cut. Activity: -0.00000194. RHS: 0.00000000. Small enough violation that we only send a warning.
*** WARNING (version #870a55a): /home/sek519/warm_starting/vws/../vpc/src/utility/nbspace.cpp:358: Ray 48: dot product with obj < 0. Obj viol from solver: -0.00000319. Calculated: -0.00000319.
*** WARNING (version #870a55a): /home/sek519/warm_starting/vws/../vpc/src/cut/CglVPC.cpp:1243: Term 27 ray 44 does not satisfy the objective cut. Activity: -0.00000319. RHS: 0.00000000. Small enough violation that we only send a warning.
*** WARNING (version #870a55a): /home/sek519/warm_starting/vws/../vpc/src/utility/nbspace.cpp:358: Ray 53: dot product with obj < 0. Obj viol from solver: -0.00000396. Calculated: -0.00000396.
*** WARNING (version #870a55a): /home/sek519/warm_starting/vws/../vpc/src/cut/CglVPC.cpp:1243: Term 27 ray 49 does not satisfy the objective cut. Activity: -0.00000396. RHS: 0.00000000. Small enough violation that we only send a warning.
*** WARNING (version #870a55a): /home/sek519/warm_starting/vws/../vpc/src/utility/nbspace.cpp:358: Ray 65: dot product with obj < 0. Obj viol from solver: -0.00000033. Calculated: -0.00000033.
*** WARNING (version #870a55a): /home/sek519/warm_starting/vws/../vpc/src/cut/CglVPC.cpp:1243: Term 27 ray 60 does not satisfy the objective cut. Activity: -0.00000033. RHS: 0.00000000. Small enough violation that we only send a warning.
*** WARNING (version #870a55a): /home/sek519/warm_starting/vws/../vpc/src/utility/nbspace.cpp:358: Ray 68: dot product with obj < 0. Obj viol from solver: -0.00000132. Calculated: -0.00000132.
*** WARNING (version #870a55a): /home/sek519/warm_starting/vws/../vpc/src/cut/CglVPC.cpp:1243: Term 27 ray 63 does not satisfy the objective cut. Activity: -0.00000132. RHS: 0.00000000. Small enough violation that we only send a warning.
*** WARNING (version #870a55a): /home/sek519/warm_starting/vws/../vpc/src/utility/nbspace.cpp:358: Ray 69: dot product with obj < 0. Obj viol from solver: -0.00000067. Calculated: -0.00000067.
*** WARNING (version #870a55a): /home/sek519/warm_starting/vws/../vpc/src/cut/CglVPC.cpp:1243: Term 27 ray 64 does not satisfy the objective cut. Activity: -0.00000067. RHS: 0.00000000. Small enough violation that we only send a warning.
*** WARNING (version #870a55a): /home/sek519/warm_starting/vws/../vpc/src/utility/nbspace.cpp:358: Ray 80: dot product with obj < 0. Obj viol from solver: -0.00000049. Calculated: -0.00000049.
*** WARNING (version #870a55a): /home/sek519/warm_starting/vws/../vpc/src/cut/CglVPC.cpp:1243: Term 27 ray 74 does not satisfy the objective cut. Activity: -0.00000049. RHS: 0.00000000. Small enough violation that we only send a warning.
*** WARNING (version #870a55a): /home/sek519/warm_starting/vws/../vpc/src/utility/nbspace.cpp:358: Ray 96: dot product with obj < 0. Obj viol from solver: -0.00000183. Calculated: -0.00000183.
*** WARNING (version #870a55a): /home/sek519/warm_starting/vws/../vpc/src/cut/CglVPC.cpp:1243: Term 27 ray 85 does not satisfy the objective cut. Activity: -0.00000183. RHS: 0.00000000. Small enough violation that we only send a warning.
*** WARNING (version #870a55a): /home/sek519/warm_starting/vws/../vpc/src/utility/nbspace.cpp:358: Ray 101: dot product with obj < 0. Obj viol from solver: -0.00000204. Calculated: -0.00000204.
*** WARNING (version #870a55a): /home/sek519/warm_starting/vws/../vpc/src/cut/CglVPC.cpp:1243: Term 27 ray 90 does not satisfy the objective cut. Activity: -0.00000204. RHS: 0.00000000. Small enough violation that we only send a warning.
*** WARNING (version #870a55a): /home/sek519/warm_starting/vws/../vpc/src/utility/nbspace.cpp:358: Ray 103: dot product with obj < 0. Obj viol from solver: -0.00000140. Calculated: -0.00000140.
*** WARNING (version #870a55a): /home/sek519/warm_starting/vws/../vpc/src/cut/CglVPC.cpp:1243: Term 27 ray 92 does not satisfy the objective cut. Activity: -0.00000140. RHS: 0.00000000. Small enough violation that we only send a warning.
*** WARNING (version #870a55a): /home/sek519/warm_starting/vws/../vpc/src/utility/nbspace.cpp:358: Ray 110: dot product with obj < 0. Obj viol from solver: -0.00000014. Calculated: -0.00000014.
*** WARNING (version #870a55a): /home/sek519/warm_starting/vws/../vpc/src/cut/CglVPC.cpp:1243: Term 27 ray 99 does not satisfy the objective cut. Activity: -0.00000014. RHS: 0.00000000. Small enough violation that we only send a warning.
*** WARNING (version #870a55a): /home/sek519/warm_starting/vws/../vpc/src/utility/nbspace.cpp:358: Ray 112: dot product with obj < 0. Obj viol from solver: -0.00000215. Calculated: -0.00000215.
*** WARNING (version #870a55a): /home/sek519/warm_starting/vws/../vpc/src/cut/CglVPC.cpp:1243: Term 27 ray 101 does not satisfy the objective cut. Activity: -0.00000215. RHS: 0.00000000. Small enough violation that we only send a warning.
*** WARNING (version #870a55a): /home/sek519/warm_starting/vws/../vpc/src/utility/nbspace.cpp:358: Ray 113: dot product with obj < 0. Obj viol from solver: -0.00000143. Calculated: -0.00000143.
*** WARNING (version #870a55a): /home/sek519/warm_starting/vws/../vpc/src/cut/CglVPC.cpp:1243: Term 27 ray 102 does not satisfy the objective cut. Activity: -0.00000143. RHS: 0.00000000. Small enough violation that we only send a warning.
*** WARNING (version #870a55a): /home/sek519/warm_starting/vws/../vpc/src/utility/nbspace.cpp:358: Ray 119: dot product with obj < 0. Obj viol from solver: -0.00000076. Calculated: -0.00000076.
*** WARNING (version #870a55a): /home/sek519/warm_starting/vws/../vpc/src/cut/CglVPC.cpp:1243: Term 27 ray 108 does not satisfy the objective cut. Activity: -0.00000076. RHS: 0.00000000. Small enough violation that we only send a warning.
*** WARNING (version #870a55a): /home/sek519/warm_starting/vws/../vpc/src/utility/nbspace.cpp:358: Ray 122: dot product with obj < 0. Obj viol from solver: -0.00000110. Calculated: -0.00000110.
*** WARNING (version #870a55a): /home/sek519/warm_starting/vws/../vpc/src/cut/CglVPC.cpp:1243: Term 27 ray 111 does not satisfy the objective cut. Activity: -0.00000110. RHS: 0.00000000. Small enough violation that we only send a warning.
*** WARNING (version #870a55a): /home/sek519/warm_starting/vws/../vpc/src/utility/nbspace.cpp:358: Ray 128: dot product with obj < 0. Obj viol from solver: -0.00000346. Calculated: -0.00000346.
*** WARNING (version #870a55a): /home/sek519/warm_starting/vws/../vpc/src/cut/CglVPC.cpp:1243: Term 27 ray 117 does not satisfy the objective cut. Activity: -0.00000346. RHS: 0.00000000. Small enough violation that we only send a warning.
*** WARNING (version #870a55a): /home/sek519/warm_starting/vws/../vpc/src/utility/nbspace.cpp:358: Ray 142: dot product with obj < 0. Obj viol from solver: -0.00000054. Calculated: -0.00000054.
*** WARNING (version #870a55a): /home/sek519/warm_starting/vws/../vpc/src/cut/CglVPC.cpp:1243: Term 27 ray 131 does not satisfy the objective cut. Activity: -0.00000054. RHS: 0.00000000. Small enough violation that we only send a warning.
*** WARNING (version #870a55a): /home/sek519/warm_starting/vws/../vpc/src/utility/nbspace.cpp:358: Ray 146: dot product with obj < 0. Obj viol from solver: -0.00000333. Calculated: -0.00000333.
*** WARNING (version #870a55a): /home/sek519/warm_starting/vws/../vpc/src/cut/CglVPC.cpp:1243: Term 27 ray 135 does not satisfy the objective cut. Activity: -0.00000333. RHS: 0.00000000. Small enough violation that we only send a warning.
*** WARNING (version #870a55a): /home/sek519/warm_starting/vws/../vpc/src/utility/nbspace.cpp:358: Ray 148: dot product with obj < 0. Obj viol from solver: -0.00000126. Calculated: -0.00000126.
*** WARNING (version #870a55a): /home/sek519/warm_starting/vws/../vpc/src/cut/CglVPC.cpp:1243: Term 27 ray 136 does not satisfy the objective cut. Activity: -0.00000126. RHS: 0.00000000. Small enough violation that we only send a warning.
*** WARNING (version #870a55a): /home/sek519/warm_starting/vws/../vpc/src/utility/nbspace.cpp:358: Ray 149: dot product with obj < 0. Obj viol from solver: -0.00000121. Calculated: -0.00000121.
*** WARNING (version #870a55a): /home/sek519/warm_starting/vws/../vpc/src/cut/CglVPC.cpp:1243: Term 27 ray 137 does not satisfy the objective cut. Activity: -0.00000121. RHS: 0.00000000. Small enough violation that we only send a warning.
*** WARNING (version #870a55a): /home/sek519/warm_starting/vws/../vpc/src/utility/nbspace.cpp:358: Ray 151: dot product with obj < 0. Obj viol from solver: -0.00000129. Calculated: -0.00000129.
*** WARNING (version #870a55a): /home/sek519/warm_starting/vws/../vpc/src/cut/CglVPC.cpp:1243: Term 27 ray 139 does not satisfy the objective cut. Activity: -0.00000129. RHS: 0.00000000. Small enough violation that we only send a warning.
*** WARNING (version #870a55a): /home/sek519/warm_starting/vws/../vpc/src/cut/CglVPC.cpp:683: Nonbasic reduced cost should be >= 0 in the complemented nonbasic space. However, for nb var 139 (real var 151), it is -1.392844e-07. Small enough error that we only send warning.
*** WARNING (version #870a55a): /home/sek519/warm_starting/vws/../vpc/src/utility/nbspace.cpp:358: Ray 151: dot product with obj < 0. Obj viol from solver: -0.00000014. Calculated: -0.00000014.
*** WARNING (version #870a55a): /home/sek519/warm_starting/vws/../vpc/src/cut/CglVPC.cpp:1243: Term 62 ray 139 does not satisfy the objective cut. Activity: -0.00000014. RHS: 0.00000000. Small enough violation that we only send a warning.
*** WARNING (version #870a55a): /home/sek519/warm_starting/vws/../vpc/src/cut/PRLP.cpp:387: PRLP is primal infeasible; giving up on this point-ray collection.
*** WARNING (version #870a55a): /home/sek519/warm_starting/vws/../vpc/src/cut/CglVPC.cpp:683: Nonbasic reduced cost should be >= 0 in the complemented nonbasic space. However, for nb var 61 (real var 66), it is -1.539512e-07. Small enough error that we only send warning.
*** WARNING (version #870a55a): /home/sek519/warm_starting/vws/../vpc/src/cut/CglVPC.cpp:683: Nonbasic reduced cost should be >= 0 in the complemented nonbasic space. However, for nb var 111 (real var 121), it is -3.075200e-07. Small enough error that we only send warning.
*** WARNING (version #870a55a): /home/sek519/warm_starting/vws/../vpc/src/cut/CglVPC.cpp:683: Nonbasic reduced cost should be >= 0 in the complemented nonbasic space. However, for nb var 135 (real var 147), it is -2.228068e-07. Small enough error that we only send warning.
*** WARNING (version #870a55a): /home/sek519/warm_starting/vws/../vpc/src/utility/nbspace.cpp:358: Ray 66: dot product with obj < 0. Obj viol from solver: -0.00000015. Calculated: -0.00000015.
*** WARNING (version #870a55a): /home/sek519/warm_starting/vws/../vpc/src/cut/CglVPC.cpp:1243: Term 0 ray 61 does not satisfy the objective cut. Activity: -0.00000015. RHS: 0.00000000. Small enough violation that we only send a warning.
*** WARNING (version #870a55a): /home/sek519/warm_starting/vws/../vpc/src/utility/nbspace.cpp:358: Ray 121: dot product with obj < 0. Obj viol from solver: -0.00000031. Calculated: -0.00000031.
*** WARNING (version #870a55a): /home/sek519/warm_starting/vws/../vpc/src/cut/CglVPC.cpp:1243: Term 0 ray 111 does not satisfy the objective cut. Activity: -0.00000031. RHS: 0.00000000. Small enough violation that we only send a warning.
*** WARNING (version #870a55a): /home/sek519/warm_starting/vws/../vpc/src/utility/nbspace.cpp:358: Ray 147: dot product with obj < 0. Obj viol from solver: -0.00000022. Calculated: -0.00000022.
*** WARNING (version #870a55a): /home/sek519/warm_starting/vws/../vpc/src/cut/CglVPC.cpp:1243: Term 0 ray 135 does not satisfy the objective cut. Activity: -0.00000022. RHS: 0.00000000. Small enough violation that we only send a warning.
*** WARNING (version #870a55a): /home/sek519/warm_starting/vws/../vpc/src/cut/CglVPC.cpp:683: Nonbasic reduced cost should be >= 0 in the complemented nonbasic space. However, for nb var 109 (real var 121), it is -1.530322e-07. Small enough error that we only send warning.
*** WARNING (version #870a55a): /home/sek519/warm_starting/vws/../vpc/src/cut/CglVPC.cpp:683: Nonbasic reduced cost should be >= 0 in the complemented nonbasic space. However, for nb var 110 (real var 122), it is -1.477327e-07. Small enough error that we only send warning.
*** WARNING (version #870a55a): /home/sek519/warm_starting/vws/../vpc/src/utility/nbspace.cpp:358: Ray 121: dot product with obj < 0. Obj viol from solver: -0.00000015. Calculated: -0.00000015.
*** WARNING (version #870a55a): /home/sek519/warm_starting/vws/../vpc/src/cut/CglVPC.cpp:1243: Term 12 ray 109 does not satisfy the objective cut. Activity: -0.00000015. RHS: 0.00000000. Small enough violation that we only send a warning.
*** WARNING (version #870a55a): /home/sek519/warm_starting/vws/../vpc/src/utility/nbspace.cpp:358: Ray 122: dot product with obj < 0. Obj viol from solver: -0.00000015. Calculated: -0.00000015.
*** WARNING (version #870a55a): /home/sek519/warm_starting/vws/../vpc/src/cut/CglVPC.cpp:1243: Term 12 ray 110 does not satisfy the objective cut. Activity: -0.00000015. RHS: 0.00000000. Small enough violation that we only send a warning.
*** WARNING (version #870a55a): /home/sek519/warm_starting/vws/../vpc/src/cut/CglVPC.cpp:683: Nonbasic reduced cost should be >= 0 in the complemented nonbasic space. However, for nb var 49 (real var 52), it is -2.142246e-07. Small enough error that we only send warning.
*** WARNING (version #870a55a): /home/sek519/warm_starting/vws/../vpc/src/cut/CglVPC.cpp:683: Nonbasic reduced cost should be >= 0 in the complemented nonbasic space. However, for nb var 135 (real var 147), it is -3.016336e-07. Small enough error that we only send warning.
*** WARNING (version #870a55a): /home/sek519/warm_starting/vws/../vpc/src/utility/nbspace.cpp:358: Ray 52: dot product with obj < 0. Obj viol from solver: -0.00000021. Calculated: -0.00000021.
*** WARNING (version #870a55a): /home/sek519/warm_starting/vws/../vpc/src/cut/CglVPC.cpp:1243: Term 27 ray 49 does not satisfy the objective cut. Activity: -0.00000021. RHS: 0.00000000. Small enough violation that we only send a warning.
*** WARNING (version #870a55a): /home/sek519/warm_starting/vws/../vpc/src/utility/nbspace.cpp:358: Ray 147: dot product with obj < 0. Obj viol from solver: -0.00000030. Calculated: -0.00000030.
*** WARNING (version #870a55a): /home/sek519/warm_starting/vws/../vpc/src/cut/CglVPC.cpp:1243: Term 27 ray 135 does not satisfy the objective cut. Activity: -0.00000030. RHS: 0.00000000. Small enough violation that we only send a warning.
*** WARNING (version #870a55a): /home/sek519/warm_starting/vws/../vpc/src/cut/CglVPC.cpp:683: Nonbasic reduced cost should be >= 0 in the complemented nonbasic space. However, for nb var 120 (real var 132), it is -2.969044e-07. Small enough error that we only send warning.
*** WARNING (version #870a55a): /home/sek519/warm_starting/vws/../vpc/src/utility/nbspace.cpp:358: Ray 132: dot product with obj < 0. Obj viol from solver: -0.00000030. Calculated: -0.00000030.
*** WARNING (version #870a55a): /home/sek519/warm_starting/vws/../vpc/src/cut/CglVPC.cpp:1243: Term 38 ray 120 does not satisfy the objective cut. Activity: -0.00000030. RHS: 0.00000000. Small enough violation that we only send a warning.
*** WARNING (version #870a55a): /home/sek519/warm_starting/vws/../vpc/src/cut/PRLP.cpp:387: PRLP is primal infeasible; giving up on this point-ray collection.
*** WARNING (version #870a55a): /home/sek519/warm_starting/vws/../vpc/src/cut/PRLP.cpp:387: PRLP is primal infeasible; giving up on this point-ray collection.
*** WARNING (version #870a55a): /home/sek519/warm_starting/vws/../vpc/src/cut/CglVPC.cpp:683: Nonbasic reduced cost should be >= 0 in the complemented nonbasic space. However, for nb var 1 (real var 2), it is -2.309029e-06. Small enough error that we only send warning.
*** WARNING (version #870a55a): /home/sek519/warm_starting/vws/../vpc/src/cut/CglVPC.cpp:683: Nonbasic reduced cost should be >= 0 in the complemented nonbasic space. However, for nb var 10 (real var 11), it is -3.338818e-06. Small enough error that we only send warning.
*** WARNING (version #870a55a): /home/sek519/warm_starting/vws/../vpc/src/cut/CglVPC.cpp:683: Nonbasic reduced cost should be >= 0 in the complemented nonbasic space. However, for nb var 13 (real var 15), it is -1.456550e-06. Small enough error that we only send warning.
*** WARNING (version #870a55a): /home/sek519/warm_starting/vws/../vpc/src/cut/CglVPC.cpp:683: Nonbasic reduced cost should be >= 0 in the complemented nonbasic space. However, for nb var 16 (real var 18), it is -1.559691e-06. Small enough error that we only send warning.
*** WARNING (version #870a55a): /home/sek519/warm_starting/vws/../vpc/src/cut/CglVPC.cpp:683: Nonbasic reduced cost should be >= 0 in the complemented nonbasic space. However, for nb var 24 (real var 27), it is -1.951808e-06. Small enough error that we only send warning.
*** WARNING (version #870a55a): /home/sek519/warm_starting/vws/../vpc/src/cut/CglVPC.cpp:683: Nonbasic reduced cost should be >= 0 in the complemented nonbasic space. However, for nb var 30 (real var 33), it is -4.642341e-06. Small enough error that we only send warning.
*** WARNING (version #870a55a): /home/sek519/warm_starting/vws/../vpc/src/cut/CglVPC.cpp:683: Nonbasic reduced cost should be >= 0 in the complemented nonbasic space. However, for nb var 34 (real var 37), it is -3.138647e-06. Small enough error that we only send warning.
*** WARNING (version #870a55a): /home/sek519/warm_starting/vws/../vpc/src/cut/CglVPC.cpp:683: Nonbasic reduced cost should be >= 0 in the complemented nonbasic space. However, for nb var 37 (real var 40), it is -2.950795e-06. Small enough error that we only send warning.
*** WARNING (version #870a55a): /home/sek519/warm_starting/vws/../vpc/src/cut/CglVPC.cpp:683: Nonbasic reduced cost should be >= 0 in the complemented nonbasic space. However, for nb var 39 (real var 42), it is -2.416911e-07. Small enough error that we only send warning.
*** WARNING (version #870a55a): /home/sek519/warm_starting/vws/../vpc/src/cut/CglVPC.cpp:683: Nonbasic reduced cost should be >= 0 in the complemented nonbasic space. However, for nb var 49 (real var 52), it is -1.381478e-06. Small enough error that we only send warning.
*** WARNING (version #870a55a): /home/sek519/warm_starting/vws/../vpc/src/cut/CglVPC.cpp:683: Nonbasic reduced cost should be >= 0 in the complemented nonbasic space. However, for nb var 60 (real var 64), it is -2.163681e-06. Small enough error that we only send warning.
*** WARNING (version #870a55a): /home/sek519/warm_starting/vws/../vpc/src/cut/CglVPC.cpp:683: Nonbasic reduced cost should be >= 0 in the complemented nonbasic space. However, for nb var 102 (real var 112), it is -2.194138e-06. Small enough error that we only send warning.
*** WARNING (version #870a55a): /home/sek519/warm_starting/vws/../vpc/src/cut/CglVPC.cpp:683: Nonbasic reduced cost should be >= 0 in the complemented nonbasic space. However, for nb var 117 (real var 128), it is -4.897163e-06. Small enough error that we only send warning.
*** WARNING (version #870a55a): /home/sek519/warm_starting/vws/../vpc/src/cut/CglVPC.cpp:683: Nonbasic reduced cost should be >= 0 in the complemented nonbasic space. However, for nb var 134 (real var 145), it is -8.301786e-07. Small enough error that we only send warning.
*** WARNING (version #870a55a): /home/sek519/warm_starting/vws/../vpc/src/utility/nbspace.cpp:358: Ray 2: dot product with obj < 0. Obj viol from solver: -0.00000231. Calculated: -0.00000231.
*** WARNING (version #870a55a): /home/sek519/warm_starting/vws/../vpc/src/cut/CglVPC.cpp:1243: Term 11 ray 1 does not satisfy the objective cut. Activity: -0.00000231. RHS: 0.00000000. Small enough violation that we only send a warning.
*** WARNING (version #870a55a): /home/sek519/warm_starting/vws/../vpc/src/utility/nbspace.cpp:358: Ray 11: dot product with obj < 0. Obj viol from solver: -0.00000334. Calculated: -0.00000334.
*** WARNING (version #870a55a): /home/sek519/warm_starting/vws/../vpc/src/cut/CglVPC.cpp:1243: Term 11 ray 10 does not satisfy the objective cut. Activity: -0.00000334. RHS: 0.00000000. Small enough violation that we only send a warning.
*** WARNING (version #870a55a): /home/sek519/warm_starting/vws/../vpc/src/utility/nbspace.cpp:358: Ray 15: dot product with obj < 0. Obj viol from solver: -0.00000146. Calculated: -0.00000146.
*** WARNING (version #870a55a): /home/sek519/warm_starting/vws/../vpc/src/cut/CglVPC.cpp:1243: Term 11 ray 13 does not satisfy the objective cut. Activity: -0.00000146. RHS: 0.00000000. Small enough violation that we only send a warning.
*** WARNING (version #870a55a): /home/sek519/warm_starting/vws/../vpc/src/utility/nbspace.cpp:358: Ray 18: dot product with obj < 0. Obj viol from solver: -0.00000156. Calculated: -0.00000156.
*** WARNING (version #870a55a): /home/sek519/warm_starting/vws/../vpc/src/cut/CglVPC.cpp:1243: Term 11 ray 16 does not satisfy the objective cut. Activity: -0.00000156. RHS: 0.00000000. Small enough violation that we only send a warning.
*** WARNING (version #870a55a): /home/sek519/warm_starting/vws/../vpc/src/utility/nbspace.cpp:358: Ray 27: dot product with obj < 0. Obj viol from solver: -0.00000195. Calculated: -0.00000195.
*** WARNING (version #870a55a): /home/sek519/warm_starting/vws/../vpc/src/cut/CglVPC.cpp:1243: Term 11 ray 24 does not satisfy the objective cut. Activity: -0.00000195. RHS: 0.00000000. Small enough violation that we only send a warning.
*** WARNING (version #870a55a): /home/sek519/warm_starting/vws/../vpc/src/utility/nbspace.cpp:358: Ray 33: dot product with obj < 0. Obj viol from solver: -0.00000464. Calculated: -0.00000464.
*** WARNING (version #870a55a): /home/sek519/warm_starting/vws/../vpc/src/cut/CglVPC.cpp:1243: Term 11 ray 30 does not satisfy the objective cut. Activity: -0.00000464. RHS: 0.00000000. Small enough violation that we only send a warning.
*** WARNING (version #870a55a): /home/sek519/warm_starting/vws/../vpc/src/utility/nbspace.cpp:358: Ray 37: dot product with obj < 0. Obj viol from solver: -0.00000314. Calculated: -0.00000314.
*** WARNING (version #870a55a): /home/sek519/warm_starting/vws/../vpc/src/cut/CglVPC.cpp:1243: Term 11 ray 34 does not satisfy the objective cut. Activity: -0.00000314. RHS: 0.00000000. Small enough violation that we only send a warning.
*** WARNING (version #870a55a): /home/sek519/warm_starting/vws/../vpc/src/utility/nbspace.cpp:358: Ray 40: dot product with obj < 0. Obj viol from solver: -0.00000295. Calculated: -0.00000295.
*** WARNING (version #870a55a): /home/sek519/warm_starting/vws/../vpc/src/cut/CglVPC.cpp:1243: Term 11 ray 37 does not satisfy the objective cut. Activity: -0.00000295. RHS: 0.00000000. Small enough violation that we only send a warning.
*** WARNING (version #870a55a): /home/sek519/warm_starting/vws/../vpc/src/utility/nbspace.cpp:358: Ray 42: dot product with obj < 0. Obj viol from solver: -0.00000024. Calculated: -0.00000024.
*** WARNING (version #870a55a): /home/sek519/warm_starting/vws/../vpc/src/cut/CglVPC.cpp:1243: Term 11 ray 39 does not satisfy the objective cut. Activity: -0.00000024. RHS: 0.00000000. Small enough violation that we only send a warning.
*** WARNING (version #870a55a): /home/sek519/warm_starting/vws/../vpc/src/utility/nbspace.cpp:358: Ray 52: dot product with obj < 0. Obj viol from solver: -0.00000138. Calculated: -0.00000138.
*** WARNING (version #870a55a): /home/sek519/warm_starting/vws/../vpc/src/cut/CglVPC.cpp:1243: Term 11 ray 49 does not satisfy the objective cut. Activity: -0.00000138. RHS: 0.00000000. Small enough violation that we only send a warning.
*** WARNING (version #870a55a): /home/sek519/warm_starting/vws/../vpc/src/utility/nbspace.cpp:358: Ray 64: dot product with obj < 0. Obj viol from solver: -0.00000216. Calculated: -0.00000216.
*** WARNING (version #870a55a): /home/sek519/warm_starting/vws/../vpc/src/cut/CglVPC.cpp:1243: Term 11 ray 60 does not satisfy the objective cut. Activity: -0.00000216. RHS: 0.00000000. Small enough violation that we only send a warning.
*** WARNING (version #870a55a): /home/sek519/warm_starting/vws/../vpc/src/utility/nbspace.cpp:358: Ray 112: dot product with obj < 0. Obj viol from solver: -0.00000219. Calculated: -0.00000219.
*** WARNING (version #870a55a): /home/sek519/warm_starting/vws/../vpc/src/cut/CglVPC.cpp:1243: Term 11 ray 102 does not satisfy the objective cut. Activity: -0.00000219. RHS: 0.00000000. Small enough violation that we only send a warning.
*** WARNING (version #870a55a): /home/sek519/warm_starting/vws/../vpc/src/utility/nbspace.cpp:358: Ray 128: dot product with obj < 0. Obj viol from solver: -0.00000490. Calculated: -0.00000490.
*** WARNING (version #870a55a): /home/sek519/warm_starting/vws/../vpc/src/cut/CglVPC.cpp:1243: Term 11 ray 117 does not satisfy the objective cut. Activity: -0.00000490. RHS: 0.00000000. Small enough violation that we only send a warning.
*** WARNING (version #870a55a): /home/sek519/warm_starting/vws/../vpc/src/utility/nbspace.cpp:358: Ray 145: dot product with obj < 0. Obj viol from solver: -0.00000083. Calculated: -0.00000083.
*** WARNING (version #870a55a): /home/sek519/warm_starting/vws/../vpc/src/cut/CglVPC.cpp:1243: Term 11 ray 134 does not satisfy the objective cut. Activity: -0.00000083. RHS: 0.00000000. Small enough violation that we only send a warning.
*** WARNING (version #870a55a): /home/sek519/warm_starting/vws/../vpc/src/cut/CglVPC.cpp:683: Nonbasic reduced cost should be >= 0 in the complemented nonbasic space. However, for nb var 11 (real var 12), it is -6.320608e-07. Small enough error that we only send warning.
*** WARNING (version #870a55a): /home/sek519/warm_starting/vws/../vpc/src/cut/CglVPC.cpp:683: Nonbasic reduced cost should be >= 0 in the complemented nonbasic space. However, for nb var 13 (real var 14), it is -8.684051e-07. Small enough error that we only send warning.
*** WARNING (version #870a55a): /home/sek519/warm_starting/vws/../vpc/src/cut/CglVPC.cpp:683: Nonbasic reduced cost should be >= 0 in the complemented nonbasic space. However, for nb var 27 (real var 30), it is -1.364558e-07. Small enough error that we only send warning.
*** WARNING (version #870a55a): /home/sek519/warm_starting/vws/../vpc/src/cut/CglVPC.cpp:683: Nonbasic reduced cost should be >= 0 in the complemented nonbasic space. However, for nb var 44 (real var 47), it is -1.457910e-06. Small enough error that we only send warning.
*** WARNING (version #870a55a): /home/sek519/warm_starting/vws/../vpc/src/cut/CglVPC.cpp:683: Nonbasic reduced cost should be >= 0 in the complemented nonbasic space. However, for nb var 48 (real var 53), it is -1.765256e-07. Small enough error that we only send warning.
*** WARNING (version #870a55a): /home/sek519/warm_starting/vws/../vpc/src/cut/CglVPC.cpp:683: Nonbasic reduced cost should be >= 0 in the complemented nonbasic space. However, for nb var 66 (real var 73), it is -1.247088e-06. Small enough error that we only send warning.
*** WARNING (version #870a55a): /home/sek519/warm_starting/vws/../vpc/src/cut/CglVPC.cpp:683: Nonbasic reduced cost should be >= 0 in the complemented nonbasic space. However, for nb var 75 (real var 82), it is -1.335468e-06. Small enough error that we only send warning.
*** WARNING (version #870a55a): /home/sek519/warm_starting/vws/../vpc/src/cut/CglVPC.cpp:683: Nonbasic reduced cost should be >= 0 in the complemented nonbasic space. However, for nb var 76 (real var 83), it is -5.319132e-07. Small enough error that we only send warning.
*** WARNING (version #870a55a): /home/sek519/warm_starting/vws/../vpc/src/cut/CglVPC.cpp:683: Nonbasic reduced cost should be >= 0 in the complemented nonbasic space. However, for nb var 78 (real var 85), it is -2.199462e-06. Small enough error that we only send warning.
*** WARNING (version #870a55a): /home/sek519/warm_starting/vws/../vpc/src/cut/CglVPC.cpp:683: Nonbasic reduced cost should be >= 0 in the complemented nonbasic space. However, for nb var 88 (real var 96), it is -1.505585e-06. Small enough error that we only send warning.
*** WARNING (version #870a55a): /home/sek519/warm_starting/vws/../vpc/src/cut/CglVPC.cpp:683: Nonbasic reduced cost should be >= 0 in the complemented nonbasic space. However, for nb var 93 (real var 101), it is -7.319031e-07. Small enough error that we only send warning.
*** WARNING (version #870a55a): /home/sek519/warm_starting/vws/../vpc/src/cut/CglVPC.cpp:683: Nonbasic reduced cost should be >= 0 in the complemented nonbasic space. However, for nb var 95 (real var 103), it is -3.415662e-06. Small enough error that we only send warning.
*** WARNING (version #870a55a): /home/sek519/warm_starting/vws/../vpc/src/cut/CglVPC.cpp:683: Nonbasic reduced cost should be >= 0 in the complemented nonbasic space. However, for nb var 111 (real var 120), it is -7.267212e-07. Small enough error that we only send warning.
*** WARNING (version #870a55a): /home/sek519/warm_starting/vws/../vpc/src/cut/CglVPC.cpp:683: Nonbasic reduced cost should be >= 0 in the complemented nonbasic space. However, for nb var 113 (real var 123), it is -8.474173e-07. Small enough error that we only send warning.
*** WARNING (version #870a55a): /home/sek519/warm_starting/vws/../vpc/src/cut/CglVPC.cpp:683: Nonbasic reduced cost should be >= 0 in the complemented nonbasic space. However, for nb var 121 (real var 132), it is -5.425894e-07. Small enough error that we only send warning.
*** WARNING (version #870a55a): /home/sek519/warm_starting/vws/../vpc/src/cut/CglVPC.cpp:683: Nonbasic reduced cost should be >= 0 in the complemented nonbasic space. However, for nb var 125 (real var 136), it is -2.264528e-07. Small enough error that we only send warning.
*** WARNING (version #870a55a): /home/sek519/warm_starting/vws/../vpc/src/cut/CglVPC.cpp:683: Nonbasic reduced cost should be >= 0 in the complemented nonbasic space. However, for nb var 131 (real var 142), it is -8.998855e-07. Small enough error that we only send warning.
*** WARNING (version #870a55a): /home/sek519/warm_starting/vws/../vpc/src/cut/CglVPC.cpp:683: Nonbasic reduced cost should be >= 0 in the complemented nonbasic space. However, for nb var 134 (real var 145), it is -9.438037e-07. Small enough error that we only send warning.
*** WARNING (version #870a55a): /home/sek519/warm_starting/vws/../vpc/src/cut/CglVPC.cpp:683: Nonbasic reduced cost should be >= 0 in the complemented nonbasic space. However, for nb var 139 (real var 151), it is -3.828732e-07. Small enough error that we only send warning.
*** WARNING (version #870a55a): /home/sek519/warm_starting/vws/../vpc/src/utility/nbspace.cpp:358: Ray 12: dot product with obj < 0. Obj viol from solver: -0.00000063. Calculated: -0.00000063.
*** WARNING (version #870a55a): /home/sek519/warm_starting/vws/../vpc/src/cut/CglVPC.cpp:1243: Term 27 ray 11 does not satisfy the objective cut. Activity: -0.00000063. RHS: 0.00000000. Small enough violation that we only send a warning.
*** WARNING (version #870a55a): /home/sek519/warm_starting/vws/../vpc/src/utility/nbspace.cpp:358: Ray 14: dot product with obj < 0. Obj viol from solver: -0.00000087. Calculated: -0.00000087.
*** WARNING (version #870a55a): /home/sek519/warm_starting/vws/../vpc/src/cut/CglVPC.cpp:1243: Term 27 ray 13 does not satisfy the objective cut. Activity: -0.00000087. RHS: 0.00000000. Small enough violation that we only send a warning.
*** WARNING (version #870a55a): /home/sek519/warm_starting/vws/../vpc/src/utility/nbspace.cpp:358: Ray 30: dot product with obj < 0. Obj viol from solver: -0.00000014. Calculated: -0.00000014.
*** WARNING (version #870a55a): /home/sek519/warm_starting/vws/../vpc/src/cut/CglVPC.cpp:1243: Term 27 ray 27 does not satisfy the objective cut. Activity: -0.00000014. RHS: 0.00000000. Small enough violation that we only send a warning.
*** WARNING (version #870a55a): /home/sek519/warm_starting/vws/../vpc/src/utility/nbspace.cpp:358: Ray 47: dot product with obj < 0. Obj viol from solver: -0.00000146. Calculated: -0.00000146.
*** WARNING (version #870a55a): /home/sek519/warm_starting/vws/../vpc/src/cut/CglVPC.cpp:1243: Term 27 ray 44 does not satisfy the objective cut. Activity: -0.00000146. RHS: 0.00000000. Small enough violation that we only send a warning.
*** WARNING (version #870a55a): /home/sek519/warm_starting/vws/../vpc/src/utility/nbspace.cpp:358: Ray 53: dot product with obj < 0. Obj viol from solver: -0.00000018. Calculated: -0.00000018.
*** WARNING (version #870a55a): /home/sek519/warm_starting/vws/../vpc/src/cut/CglVPC.cpp:1243: Term 27 ray 48 does not satisfy the objective cut. Activity: -0.00000018. RHS: 0.00000000. Small enough violation that we only send a warning.
*** WARNING (version #870a55a): /home/sek519/warm_starting/vws/../vpc/src/utility/nbspace.cpp:358: Ray 73: dot product with obj < 0. Obj viol from solver: -0.00000125. Calculated: -0.00000125.
*** WARNING (version #870a55a): /home/sek519/warm_starting/vws/../vpc/src/cut/CglVPC.cpp:1243: Term 27 ray 66 does not satisfy the objective cut. Activity: -0.00000125. RHS: 0.00000000. Small enough violation that we only send a warning.
*** WARNING (version #870a55a): /home/sek519/warm_starting/vws/../vpc/src/utility/nbspace.cpp:358: Ray 82: dot product with obj < 0. Obj viol from solver: -0.00000134. Calculated: -0.00000134.
*** WARNING (version #870a55a): /home/sek519/warm_starting/vws/../vpc/src/cut/CglVPC.cpp:1243: Term 27 ray 75 does not satisfy the objective cut. Activity: -0.00000134. RHS: 0.00000000. Small enough violation that we only send a warning.
*** WARNING (version #870a55a): /home/sek519/warm_starting/vws/../vpc/src/utility/nbspace.cpp:358: Ray 83: dot product with obj < 0. Obj viol from solver: -0.00000053. Calculated: -0.00000053.
*** WARNING (version #870a55a): /home/sek519/warm_starting/vws/../vpc/src/cut/CglVPC.cpp:1243: Term 27 ray 76 does not satisfy the objective cut. Activity: -0.00000053. RHS: 0.00000000. Small enough violation that we only send a warning.
*** WARNING (version #870a55a): /home/sek519/warm_starting/vws/../vpc/src/utility/nbspace.cpp:358: Ray 85: dot product with obj < 0. Obj viol from solver: -0.00000220. Calculated: -0.00000220.
*** WARNING (version #870a55a): /home/sek519/warm_starting/vws/../vpc/src/cut/CglVPC.cpp:1243: Term 27 ray 78 does not satisfy the objective cut. Activity: -0.00000220. RHS: 0.00000000. Small enough violation that we only send a warning.
*** WARNING (version #870a55a): /home/sek519/warm_starting/vws/../vpc/src/utility/nbspace.cpp:358: Ray 96: dot product with obj < 0. Obj viol from solver: -0.00000151. Calculated: -0.00000151.
*** WARNING (version #870a55a): /home/sek519/warm_starting/vws/../vpc/src/cut/CglVPC.cpp:1243: Term 27 ray 88 does not satisfy the objective cut. Activity: -0.00000151. RHS: 0.00000000. Small enough violation that we only send a warning.
*** WARNING (version #870a55a): /home/sek519/warm_starting/vws/../vpc/src/utility/nbspace.cpp:358: Ray 101: dot product with obj < 0. Obj viol from solver: -0.00000073. Calculated: -0.00000073.
*** WARNING (version #870a55a): /home/sek519/warm_starting/vws/../vpc/src/cut/CglVPC.cpp:1243: Term 27 ray 93 does not satisfy the objective cut. Activity: -0.00000073. RHS: 0.00000000. Small enough violation that we only send a warning.
*** WARNING (version #870a55a): /home/sek519/warm_starting/vws/../vpc/src/utility/nbspace.cpp:358: Ray 103: dot product with obj < 0. Obj viol from solver: -0.00000342. Calculated: -0.00000342.
*** WARNING (version #870a55a): /home/sek519/warm_starting/vws/../vpc/src/cut/CglVPC.cpp:1243: Term 27 ray 95 does not satisfy the objective cut. Activity: -0.00000342. RHS: 0.00000000. Small enough violation that we only send a warning.
*** WARNING (version #870a55a): /home/sek519/warm_starting/vws/../vpc/src/utility/nbspace.cpp:358: Ray 120: dot product with obj < 0. Obj viol from solver: -0.00000073. Calculated: -0.00000073.
*** WARNING (version #870a55a): /home/sek519/warm_starting/vws/../vpc/src/cut/CglVPC.cpp:1243: Term 27 ray 111 does not satisfy the objective cut. Activity: -0.00000073. RHS: 0.00000000. Small enough violation that we only send a warning.
*** WARNING (version #870a55a): /home/sek519/warm_starting/vws/../vpc/src/utility/nbspace.cpp:358: Ray 123: dot product with obj < 0. Obj viol from solver: -0.00000085. Calculated: -0.00000085.
*** WARNING (version #870a55a): /home/sek519/warm_starting/vws/../vpc/src/cut/CglVPC.cpp:1243: Term 27 ray 113 does not satisfy the objective cut. Activity: -0.00000085. RHS: 0.00000000. Small enough violation that we only send a warning.
*** WARNING (version #870a55a): /home/sek519/warm_starting/vws/../vpc/src/utility/nbspace.cpp:358: Ray 132: dot product with obj < 0. Obj viol from solver: -0.00000054. Calculated: -0.00000054.
*** WARNING (version #870a55a): /home/sek519/warm_starting/vws/../vpc/src/cut/CglVPC.cpp:1243: Term 27 ray 121 does not satisfy the objective cut. Activity: -0.00000054. RHS: 0.00000000. Small enough violation that we only send a warning.
*** WARNING (version #870a55a): /home/sek519/warm_starting/vws/../vpc/src/utility/nbspace.cpp:358: Ray 136: dot product with obj < 0. Obj viol from solver: -0.00000023. Calculated: -0.00000023.
*** WARNING (version #870a55a): /home/sek519/warm_starting/vws/../vpc/src/cut/CglVPC.cpp:1243: Term 27 ray 125 does not satisfy the objective cut. Activity: -0.00000023. RHS: 0.00000000. Small enough violation that we only send a warning.
*** WARNING (version #870a55a): /home/sek519/warm_starting/vws/../vpc/src/utility/nbspace.cpp:358: Ray 142: dot product with obj < 0. Obj viol from solver: -0.00000090. Calculated: -0.00000090.
*** WARNING (version #870a55a): /home/sek519/warm_starting/vws/../vpc/src/cut/CglVPC.cpp:1243: Term 27 ray 131 does not satisfy the objective cut. Activity: -0.00000090. RHS: 0.00000000. Small enough violation that we only send a warning.
*** WARNING (version #870a55a): /home/sek519/warm_starting/vws/../vpc/src/utility/nbspace.cpp:358: Ray 145: dot product with obj < 0. Obj viol from solver: -0.00000094. Calculated: -0.00000094.
*** WARNING (version #870a55a): /home/sek519/warm_starting/vws/../vpc/src/cut/CglVPC.cpp:1243: Term 27 ray 134 does not satisfy the objective cut. Activity: -0.00000094. RHS: 0.00000000. Small enough violation that we only send a warning.
*** WARNING (version #870a55a): /home/sek519/warm_starting/vws/../vpc/src/utility/nbspace.cpp:358: Ray 151: dot product with obj < 0. Obj viol from solver: -0.00000038. Calculated: -0.00000038.
*** WARNING (version #870a55a): /home/sek519/warm_starting/vws/../vpc/src/cut/CglVPC.cpp:1243: Term 27 ray 139 does not satisfy the objective cut. Activity: -0.00000038. RHS: 0.00000000. Small enough violation that we only send a warning.
*** WARNING (version #870a55a): /home/sek519/warm_starting/vws/../vpc/src/cut/PRLP.cpp:387: PRLP is primal infeasible; giving up on this point-ray collection.
*** WARNING (version #870a55a): /home/sek519/warm_starting/vws/../vpc/src/cut/PRLP.cpp:387: PRLP is primal infeasible; giving up on this point-ray collection.
*** WARNING (version #870a55a): /home/sek519/warm_starting/vws/../vpc/src/cut/CglVPC.cpp:683: Nonbasic reduced cost should be >= 0 in the complemented nonbasic space. However, for nb var 1 (real var 2), it is -1.454644e-06. Small enough error that we only send warning.
*** WARNING (version #870a55a): /home/sek519/warm_starting/vws/../vpc/src/cut/CglVPC.cpp:683: Nonbasic reduced cost should be >= 0 in the complemented nonbasic space. However, for nb var 8 (real var 9), it is -4.011231e-06. Small enough error that we only send warning.
*** WARNING (version #870a55a): /home/sek519/warm_starting/vws/../vpc/src/cut/CglVPC.cpp:683: Nonbasic reduced cost should be >= 0 in the complemented nonbasic space. However, for nb var 13 (real var 16), it is -6.017568e-07. Small enough error that we only send warning.
*** WARNING (version #870a55a): /home/sek519/warm_starting/vws/../vpc/src/cut/CglVPC.cpp:683: Nonbasic reduced cost should be >= 0 in the complemented nonbasic space. However, for nb var 16 (real var 19), it is -1.432237e-07. Small enough error that we only send warning.
*** WARNING (version #870a55a): /home/sek519/warm_starting/vws/../vpc/src/cut/CglVPC.cpp:683: Nonbasic reduced cost should be >= 0 in the complemented nonbasic space. However, for nb var 19 (real var 22), it is -4.087084e-07. Small enough error that we only send warning.
*** WARNING (version #870a55a): /home/sek519/warm_starting/vws/../vpc/src/cut/CglVPC.cpp:683: Nonbasic reduced cost should be >= 0 in the complemented nonbasic space. However, for nb var 23 (real var 27), it is -1.424484e-07. Small enough error that we only send warning.
*** WARNING (version #870a55a): /home/sek519/warm_starting/vws/../vpc/src/cut/CglVPC.cpp:683: Nonbasic reduced cost should be >= 0 in the complemented nonbasic space. However, for nb var 29 (real var 34), it is -3.701381e-07. Small enough error that we only send warning.
*** WARNING (version #870a55a): /home/sek519/warm_starting/vws/../vpc/src/cut/CglVPC.cpp:683: Nonbasic reduced cost should be >= 0 in the complemented nonbasic space. However, for nb var 32 (real var 37), it is -5.658037e-07. Small enough error that we only send warning.
*** WARNING (version #870a55a): /home/sek519/warm_starting/vws/../vpc/src/cut/CglVPC.cpp:683: Nonbasic reduced cost should be >= 0 in the complemented nonbasic space. However, for nb var 35 (real var 40), it is -9.602920e-07. Small enough error that we only send warning.
*** WARNING (version #870a55a): /home/sek519/warm_starting/vws/../vpc/src/cut/CglVPC.cpp:683: Nonbasic reduced cost should be >= 0 in the complemented nonbasic space. However, for nb var 37 (real var 42), it is -4.307378e-06. Small enough error that we only send warning.
*** WARNING (version #870a55a): /home/sek519/warm_starting/vws/../vpc/src/cut/CglVPC.cpp:683: Nonbasic reduced cost should be >= 0 in the complemented nonbasic space. However, for nb var 42 (real var 47), it is -1.724682e-06. Small enough error that we only send warning.
*** WARNING (version #870a55a): /home/sek519/warm_starting/vws/../vpc/src/cut/CglVPC.cpp:683: Nonbasic reduced cost should be >= 0 in the complemented nonbasic space. However, for nb var 43 (real var 48), it is -2.269564e-06. Small enough error that we only send warning.
*** WARNING (version #870a55a): /home/sek519/warm_starting/vws/../vpc/src/cut/CglVPC.cpp:683: Nonbasic reduced cost should be >= 0 in the complemented nonbasic space. However, for nb var 53 (real var 59), it is -2.610885e-07. Small enough error that we only send warning.
*** WARNING (version #870a55a): /home/sek519/warm_starting/vws/../vpc/src/cut/CglVPC.cpp:683: Nonbasic reduced cost should be >= 0 in the complemented nonbasic space. However, for nb var 55 (real var 61), it is -6.625139e-07. Small enough error that we only send warning.
*** WARNING (version #870a55a): /home/sek519/warm_starting/vws/../vpc/src/cut/CglVPC.cpp:683: Nonbasic reduced cost should be >= 0 in the complemented nonbasic space. However, for nb var 59 (real var 65), it is -4.055692e-07. Small enough error that we only send warning.
*** WARNING (version #870a55a): /home/sek519/warm_starting/vws/../vpc/src/cut/CglVPC.cpp:683: Nonbasic reduced cost should be >= 0 in the complemented nonbasic space. However, for nb var 62 (real var 69), it is -3.606975e-07. Small enough error that we only send warning.
*** WARNING (version #870a55a): /home/sek519/warm_starting/vws/../vpc/src/cut/CglVPC.cpp:683: Nonbasic reduced cost should be >= 0 in the complemented nonbasic space. However, for nb var 66 (real var 73), it is -4.538031e-07. Small enough error that we only send warning.
*** WARNING (version #870a55a): /home/sek519/warm_starting/vws/../vpc/src/cut/CglVPC.cpp:683: Nonbasic reduced cost should be >= 0 in the complemented nonbasic space. However, for nb var 73 (real var 80), it is -6.880378e-07. Small enough error that we only send warning.
*** WARNING (version #870a55a): /home/sek519/warm_starting/vws/../vpc/src/cut/CglVPC.cpp:683: Nonbasic reduced cost should be >= 0 in the complemented nonbasic space. However, for nb var 75 (real var 82), it is -3.878510e-07. Small enough error that we only send warning.
*** WARNING (version #870a55a): /home/sek519/warm_starting/vws/../vpc/src/cut/CglVPC.cpp:683: Nonbasic reduced cost should be >= 0 in the complemented nonbasic space. However, for nb var 80 (real var 89), it is -1.275735e-07. Small enough error that we only send warning.
*** WARNING (version #870a55a): /home/sek519/warm_starting/vws/../vpc/src/cut/CglVPC.cpp:683: Nonbasic reduced cost should be >= 0 in the complemented nonbasic space. However, for nb var 85 (real var 94), it is -8.791494e-07. Small enough error that we only send warning.
*** WARNING (version #870a55a): /home/sek519/warm_starting/vws/../vpc/src/cut/CglVPC.cpp:683: Nonbasic reduced cost should be >= 0 in the complemented nonbasic space. However, for nb var 92 (real var 101), it is -3.424253e-07. Small enough error that we only send warning.
*** WARNING (version #870a55a): /home/sek519/warm_starting/vws/../vpc/src/cut/CglVPC.cpp:683: Nonbasic reduced cost should be >= 0 in the complemented nonbasic space. However, for nb var 94 (real var 103), it is -7.564323e-07. Small enough error that we only send warning.
*** WARNING (version #870a55a): /home/sek519/warm_starting/vws/../vpc/src/cut/CglVPC.cpp:683: Nonbasic reduced cost should be >= 0 in the complemented nonbasic space. However, for nb var 101 (real var 112), it is -2.301374e-06. Small enough error that we only send warning.
*** WARNING (version #870a55a): /home/sek519/warm_starting/vws/../vpc/src/cut/CglVPC.cpp:683: Nonbasic reduced cost should be >= 0 in the complemented nonbasic space. However, for nb var 102 (real var 113), it is -2.864503e-06. Small enough error that we only send warning.
*** WARNING (version #870a55a): /home/sek519/warm_starting/vws/../vpc/src/cut/CglVPC.cpp:683: Nonbasic reduced cost should be >= 0 in the complemented nonbasic space. However, for nb var 104 (real var 115), it is -7.227616e-07. Small enough error that we only send warning.
*** WARNING (version #870a55a): /home/sek519/warm_starting/vws/../vpc/src/cut/CglVPC.cpp:683: Nonbasic reduced cost should be >= 0 in the complemented nonbasic space. However, for nb var 108 (real var 119), it is -3.286153e-06. Small enough error that we only send warning.
*** WARNING (version #870a55a): /home/sek519/warm_starting/vws/../vpc/src/cut/CglVPC.cpp:683: Nonbasic reduced cost should be >= 0 in the complemented nonbasic space. However, for nb var 110 (real var 121), it is -1.271186e-07. Small enough error that we only send warning.
*** WARNING (version #870a55a): /home/sek519/warm_starting/vws/../vpc/src/cut/CglVPC.cpp:683: Nonbasic reduced cost should be >= 0 in the complemented nonbasic space. However, for nb var 111 (real var 122), it is -9.436988e-07. Small enough error that we only send warning.
*** WARNING (version #870a55a): /home/sek519/warm_starting/vws/../vpc/src/cut/CglVPC.cpp:683: Nonbasic reduced cost should be >= 0 in the complemented nonbasic space. However, for nb var 115 (real var 127), it is -1.200256e-06. Small enough error that we only send warning.
*** WARNING (version #870a55a): /home/sek519/warm_starting/vws/../vpc/src/cut/CglVPC.cpp:683: Nonbasic reduced cost should be >= 0 in the complemented nonbasic space. However, for nb var 122 (real var 134), it is -2.521950e-06. Small enough error that we only send warning.
*** WARNING (version #870a55a): /home/sek519/warm_starting/vws/../vpc/src/cut/CglVPC.cpp:683: Nonbasic reduced cost should be >= 0 in the complemented nonbasic space. However, for nb var 139 (real var 151), it is -8.091576e-07. Small enough error that we only send warning.
*** WARNING (version #870a55a): /home/sek519/warm_starting/vws/../vpc/src/utility/nbspace.cpp:358: Ray 2: dot product with obj < 0. Obj viol from solver: -0.00000145. Calculated: -0.00000145.
*** WARNING (version #870a55a): /home/sek519/warm_starting/vws/../vpc/src/cut/CglVPC.cpp:1243: Term 11 ray 1 does not satisfy the objective cut. Activity: -0.00000145. RHS: 0.00000000. Small enough violation that we only send a warning.
*** WARNING (version #870a55a): /home/sek519/warm_starting/vws/../vpc/src/utility/nbspace.cpp:358: Ray 9: dot product with obj < 0. Obj viol from solver: -0.00000401. Calculated: -0.00000401.
*** WARNING (version #870a55a): /home/sek519/warm_starting/vws/../vpc/src/cut/CglVPC.cpp:1243: Term 11 ray 8 does not satisfy the objective cut. Activity: -0.00000401. RHS: 0.00000000. Small enough violation that we only send a warning.
*** WARNING (version #870a55a): /home/sek519/warm_starting/vws/../vpc/src/utility/nbspace.cpp:358: Ray 16: dot product with obj < 0. Obj viol from solver: -0.00000060. Calculated: -0.00000060.
*** WARNING (version #870a55a): /home/sek519/warm_starting/vws/../vpc/src/cut/CglVPC.cpp:1243: Term 11 ray 13 does not satisfy the objective cut. Activity: -0.00000060. RHS: 0.00000000. Small enough violation that we only send a warning.
*** WARNING (version #870a55a): /home/sek519/warm_starting/vws/../vpc/src/utility/nbspace.cpp:358: Ray 19: dot product with obj < 0. Obj viol from solver: -0.00000014. Calculated: -0.00000014.
*** WARNING (version #870a55a): /home/sek519/warm_starting/vws/../vpc/src/cut/CglVPC.cpp:1243: Term 11 ray 16 does not satisfy the objective cut. Activity: -0.00000014. RHS: 0.00000000. Small enough violation that we only send a warning.
*** WARNING (version #870a55a): /home/sek519/warm_starting/vws/../vpc/src/utility/nbspace.cpp:358: Ray 22: dot product with obj < 0. Obj viol from solver: -0.00000041. Calculated: -0.00000041.
*** WARNING (version #870a55a): /home/sek519/warm_starting/vws/../vpc/src/cut/CglVPC.cpp:1243: Term 11 ray 19 does not satisfy the objective cut. Activity: -0.00000041. RHS: 0.00000000. Small enough violation that we only send a warning.
*** WARNING (version #870a55a): /home/sek519/warm_starting/vws/../vpc/src/utility/nbspace.cpp:358: Ray 27: dot product with obj < 0. Obj viol from solver: -0.00000014. Calculated: -0.00000014.
*** WARNING (version #870a55a): /home/sek519/warm_starting/vws/../vpc/src/cut/CglVPC.cpp:1243: Term 11 ray 23 does not satisfy the objective cut. Activity: -0.00000014. RHS: 0.00000000. Small enough violation that we only send a warning.
*** WARNING (version #870a55a): /home/sek519/warm_starting/vws/../vpc/src/utility/nbspace.cpp:358: Ray 34: dot product with obj < 0. Obj viol from solver: -0.00000037. Calculated: -0.00000037.
*** WARNING (version #870a55a): /home/sek519/warm_starting/vws/../vpc/src/cut/CglVPC.cpp:1243: Term 11 ray 29 does not satisfy the objective cut. Activity: -0.00000037. RHS: 0.00000000. Small enough violation that we only send a warning.
*** WARNING (version #870a55a): /home/sek519/warm_starting/vws/../vpc/src/utility/nbspace.cpp:358: Ray 37: dot product with obj < 0. Obj viol from solver: -0.00000057. Calculated: -0.00000057.
*** WARNING (version #870a55a): /home/sek519/warm_starting/vws/../vpc/src/cut/CglVPC.cpp:1243: Term 11 ray 32 does not satisfy the objective cut. Activity: -0.00000057. RHS: 0.00000000. Small enough violation that we only send a warning.
*** WARNING (version #870a55a): /home/sek519/warm_starting/vws/../vpc/src/utility/nbspace.cpp:358: Ray 40: dot product with obj < 0. Obj viol from solver: -0.00000096. Calculated: -0.00000096.
*** WARNING (version #870a55a): /home/sek519/warm_starting/vws/../vpc/src/cut/CglVPC.cpp:1243: Term 11 ray 35 does not satisfy the objective cut. Activity: -0.00000096. RHS: 0.00000000. Small enough violation that we only send a warning.
*** WARNING (version #870a55a): /home/sek519/warm_starting/vws/../vpc/src/utility/nbspace.cpp:358: Ray 42: dot product with obj < 0. Obj viol from solver: -0.00000431. Calculated: -0.00000431.
*** WARNING (version #870a55a): /home/sek519/warm_starting/vws/../vpc/src/cut/CglVPC.cpp:1243: Term 11 ray 37 does not satisfy the objective cut. Activity: -0.00000431. RHS: 0.00000000. Small enough violation that we only send a warning.
*** WARNING (version #870a55a): /home/sek519/warm_starting/vws/../vpc/src/utility/nbspace.cpp:358: Ray 47: dot product with obj < 0. Obj viol from solver: -0.00000172. Calculated: -0.00000172.
*** WARNING (version #870a55a): /home/sek519/warm_starting/vws/../vpc/src/cut/CglVPC.cpp:1243: Term 11 ray 42 does not satisfy the objective cut. Activity: -0.00000172. RHS: 0.00000000. Small enough violation that we only send a warning.
*** WARNING (version #870a55a): /home/sek519/warm_starting/vws/../vpc/src/utility/nbspace.cpp:358: Ray 48: dot product with obj < 0. Obj viol from solver: -0.00000227. Calculated: -0.00000227.
*** WARNING (version #870a55a): /home/sek519/warm_starting/vws/../vpc/src/cut/CglVPC.cpp:1243: Term 11 ray 43 does not satisfy the objective cut. Activity: -0.00000227. RHS: 0.00000000. Small enough violation that we only send a warning.
*** WARNING (version #870a55a): /home/sek519/warm_starting/vws/../vpc/src/utility/nbspace.cpp:358: Ray 59: dot product with obj < 0. Obj viol from solver: -0.00000026. Calculated: -0.00000026.
*** WARNING (version #870a55a): /home/sek519/warm_starting/vws/../vpc/src/cut/CglVPC.cpp:1243: Term 11 ray 53 does not satisfy the objective cut. Activity: -0.00000026. RHS: 0.00000000. Small enough violation that we only send a warning.
*** WARNING (version #870a55a): /home/sek519/warm_starting/vws/../vpc/src/utility/nbspace.cpp:358: Ray 61: dot product with obj < 0. Obj viol from solver: -0.00000066. Calculated: -0.00000066.
*** WARNING (version #870a55a): /home/sek519/warm_starting/vws/../vpc/src/cut/CglVPC.cpp:1243: Term 11 ray 55 does not satisfy the objective cut. Activity: -0.00000066. RHS: 0.00000000. Small enough violation that we only send a warning.
*** WARNING (version #870a55a): /home/sek519/warm_starting/vws/../vpc/src/utility/nbspace.cpp:358: Ray 65: dot product with obj < 0. Obj viol from solver: -0.00000041. Calculated: -0.00000041.
*** WARNING (version #870a55a): /home/sek519/warm_starting/vws/../vpc/src/cut/CglVPC.cpp:1243: Term 11 ray 59 does not satisfy the objective cut. Activity: -0.00000041. RHS: 0.00000000. Small enough violation that we only send a warning.
*** WARNING (version #870a55a): /home/sek519/warm_starting/vws/../vpc/src/utility/nbspace.cpp:358: Ray 69: dot product with obj < 0. Obj viol from solver: -0.00000036. Calculated: -0.00000036.
*** WARNING (version #870a55a): /home/sek519/warm_starting/vws/../vpc/src/cut/CglVPC.cpp:1243: Term 11 ray 62 does not satisfy the objective cut. Activity: -0.00000036. RHS: 0.00000000. Small enough violation that we only send a warning.
*** WARNING (version #870a55a): /home/sek519/warm_starting/vws/../vpc/src/utility/nbspace.cpp:358: Ray 73: dot product with obj < 0. Obj viol from solver: -0.00000045. Calculated: -0.00000045.
*** WARNING (version #870a55a): /home/sek519/warm_starting/vws/../vpc/src/cut/CglVPC.cpp:1243: Term 11 ray 66 does not satisfy the objective cut. Activity: -0.00000045. RHS: 0.00000000. Small enough violation that we only send a warning.
*** WARNING (version #870a55a): /home/sek519/warm_starting/vws/../vpc/src/utility/nbspace.cpp:358: Ray 80: dot product with obj < 0. Obj viol from solver: -0.00000069. Calculated: -0.00000069.
*** WARNING (version #870a55a): /home/sek519/warm_starting/vws/../vpc/src/cut/CglVPC.cpp:1243: Term 11 ray 73 does not satisfy the objective cut. Activity: -0.00000069. RHS: 0.00000000. Small enough violation that we only send a warning.
*** WARNING (version #870a55a): /home/sek519/warm_starting/vws/../vpc/src/utility/nbspace.cpp:358: Ray 82: dot product with obj < 0. Obj viol from solver: -0.00000039. Calculated: -0.00000039.
*** WARNING (version #870a55a): /home/sek519/warm_starting/vws/../vpc/src/cut/CglVPC.cpp:1243: Term 11 ray 75 does not satisfy the objective cut. Activity: -0.00000039. RHS: 0.00000000. Small enough violation that we only send a warning.
*** WARNING (version #870a55a): /home/sek519/warm_starting/vws/../vpc/src/utility/nbspace.cpp:358: Ray 89: dot product with obj < 0. Obj viol from solver: -0.00000013. Calculated: -0.00000013.
*** WARNING (version #870a55a): /home/sek519/warm_starting/vws/../vpc/src/cut/CglVPC.cpp:1243: Term 11 ray 80 does not satisfy the objective cut. Activity: -0.00000013. RHS: 0.00000000. Small enough violation that we only send a warning.
*** WARNING (version #870a55a): /home/sek519/warm_starting/vws/../vpc/src/utility/nbspace.cpp:358: Ray 94: dot product with obj < 0. Obj viol from solver: -0.00000088. Calculated: -0.00000088.
*** WARNING (version #870a55a): /home/sek519/warm_starting/vws/../vpc/src/cut/CglVPC.cpp:1243: Term 11 ray 85 does not satisfy the objective cut. Activity: -0.00000088. RHS: 0.00000000. Small enough violation that we only send a warning.
*** WARNING (version #870a55a): /home/sek519/warm_starting/vws/../vpc/src/utility/nbspace.cpp:358: Ray 101: dot product with obj < 0. Obj viol from solver: -0.00000034. Calculated: -0.00000034.
*** WARNING (version #870a55a): /home/sek519/warm_starting/vws/../vpc/src/cut/CglVPC.cpp:1243: Term 11 ray 92 does not satisfy the objective cut. Activity: -0.00000034. RHS: 0.00000000. Small enough violation that we only send a warning.
*** WARNING (version #870a55a): /home/sek519/warm_starting/vws/../vpc/src/utility/nbspace.cpp:358: Ray 103: dot product with obj < 0. Obj viol from solver: -0.00000076. Calculated: -0.00000076.
*** WARNING (version #870a55a): /home/sek519/warm_starting/vws/../vpc/src/cut/CglVPC.cpp:1243: Term 11 ray 94 does not satisfy the objective cut. Activity: -0.00000076. RHS: 0.00000000. Small enough violation that we only send a warning.
*** WARNING (version #870a55a): /home/sek519/warm_starting/vws/../vpc/src/utility/nbspace.cpp:358: Ray 112: dot product with obj < 0. Obj viol from solver: -0.00000230. Calculated: -0.00000230.
*** WARNING (version #870a55a): /home/sek519/warm_starting/vws/../vpc/src/cut/CglVPC.cpp:1243: Term 11 ray 101 does not satisfy the objective cut. Activity: -0.00000230. RHS: 0.00000000. Small enough violation that we only send a warning.
*** WARNING (version #870a55a): /home/sek519/warm_starting/vws/../vpc/src/utility/nbspace.cpp:358: Ray 113: dot product with obj < 0. Obj viol from solver: -0.00000286. Calculated: -0.00000286.
*** WARNING (version #870a55a): /home/sek519/warm_starting/vws/../vpc/src/cut/CglVPC.cpp:1243: Term 11 ray 102 does not satisfy the objective cut. Activity: -0.00000286. RHS: 0.00000000. Small enough violation that we only send a warning.
*** WARNING (version #870a55a): /home/sek519/warm_starting/vws/../vpc/src/utility/nbspace.cpp:358: Ray 115: dot product with obj < 0. Obj viol from solver: -0.00000072. Calculated: -0.00000072.
*** WARNING (version #870a55a): /home/sek519/warm_starting/vws/../vpc/src/cut/CglVPC.cpp:1243: Term 11 ray 104 does not satisfy the objective cut. Activity: -0.00000072. RHS: 0.00000000. Small enough violation that we only send a warning.
*** WARNING (version #870a55a): /home/sek519/warm_starting/vws/../vpc/src/utility/nbspace.cpp:358: Ray 119: dot product with obj < 0. Obj viol from solver: -0.00000329. Calculated: -0.00000329.
*** WARNING (version #870a55a): /home/sek519/warm_starting/vws/../vpc/src/cut/CglVPC.cpp:1243: Term 11 ray 108 does not satisfy the objective cut. Activity: -0.00000329. RHS: 0.00000000. Small enough violation that we only send a warning.
*** WARNING (version #870a55a): /home/sek519/warm_starting/vws/../vpc/src/utility/nbspace.cpp:358: Ray 121: dot product with obj < 0. Obj viol from solver: -0.00000013. Calculated: -0.00000013.
*** WARNING (version #870a55a): /home/sek519/warm_starting/vws/../vpc/src/cut/CglVPC.cpp:1243: Term 11 ray 110 does not satisfy the objective cut. Activity: -0.00000013. RHS: 0.00000000. Small enough violation that we only send a warning.
*** WARNING (version #870a55a): /home/sek519/warm_starting/vws/../vpc/src/utility/nbspace.cpp:358: Ray 122: dot product with obj < 0. Obj viol from solver: -0.00000094. Calculated: -0.00000094.
*** WARNING (version #870a55a): /home/sek519/warm_starting/vws/../vpc/src/cut/CglVPC.cpp:1243: Term 11 ray 111 does not satisfy the objective cut. Activity: -0.00000094. RHS: 0.00000000. Small enough violation that we only send a warning.
*** WARNING (version #870a55a): /home/sek519/warm_starting/vws/../vpc/src/utility/nbspace.cpp:358: Ray 127: dot product with obj < 0. Obj viol from solver: -0.00000120. Calculated: -0.00000120.
*** WARNING (version #870a55a): /home/sek519/warm_starting/vws/../vpc/src/cut/CglVPC.cpp:1243: Term 11 ray 115 does not satisfy the objective cut. Activity: -0.00000120. RHS: 0.00000000. Small enough violation that we only send a warning.
*** WARNING (version #870a55a): /home/sek519/warm_starting/vws/../vpc/src/utility/nbspace.cpp:358: Ray 134: dot product with obj < 0. Obj viol from solver: -0.00000252. Calculated: -0.00000252.
*** WARNING (version #870a55a): /home/sek519/warm_starting/vws/../vpc/src/cut/CglVPC.cpp:1243: Term 11 ray 122 does not satisfy the objective cut. Activity: -0.00000252. RHS: 0.00000000. Small enough violation that we only send a warning.
*** WARNING (version #870a55a): /home/sek519/warm_starting/vws/../vpc/src/utility/nbspace.cpp:358: Ray 151: dot product with obj < 0. Obj viol from solver: -0.00000081. Calculated: -0.00000081.
*** WARNING (version #870a55a): /home/sek519/warm_starting/vws/../vpc/src/cut/CglVPC.cpp:1243: Term 11 ray 139 does not satisfy the objective cut. Activity: -0.00000081. RHS: 0.00000000. Small enough violation that we only send a warning.
*** WARNING (version #870a55a): /home/sek519/warm_starting/vws/../vpc/src/cut/PRLP.cpp:387: PRLP is primal infeasible; giving up on this point-ray collection.
*** WARNING (version #870a55a): /home/sek519/warm_starting/vws/../vpc/src/cut/PRLP.cpp:387: PRLP is primal infeasible; giving up on this point-ray collection.
