Solver must be optimal to create disjunctive cuts
vws: /home/sek519/warm_starting/vws/../vpc/src/utility/utility.cpp:651: void verify(bool, const std::string&): Assertion `false' failed.


ERROR while running Cbc. Signal SIGABRT caught. Getting stack trace.
/home/sek519/warm_starting/vws/../vpc/lib/Cbc-trunk/buildg/lib/libCbc.so.0(_Z15CbcCrashHandleri+0x277) [0x2af5d6381a4b]
/lib/x86_64-linux-gnu/libc.so.6(+0x33060) [0x2af5d713b060]
/lib/x86_64-linux-gnu/libc.so.6(gsignal+0xcf) [0x2af5d713afff]
/lib/x86_64-linux-gnu/libc.so.6(abort+0x16a) [0x2af5d713c42a]
/lib/x86_64-linux-gnu/libc.so.6(+0x2be67) [0x2af5d7133e67]
/lib/x86_64-linux-gnu/libc.so.6(+0x2bf12) [0x2af5d7133f12]
../Debug/vws(+0x1b24d3) [0x55c3d388d4d3]
../Debug/vws(+0x105d19) [0x55c3d37e0d19]
../Debug/vws(+0x103f94) [0x55c3d37def94]
../Debug/vws(+0x128652) [0x55c3d3803652]
../Debug/vws(+0x79d6a) [0x55c3d3754d6a]
/lib/x86_64-linux-gnu/libc.so.6(__libc_start_main+0xf1) [0x2af5d71282e1]
../Debug/vws(+0x79259) [0x55c3d3754259]




ERROR while running Cbc. Signal SIGABRT caught. Getting stack trace.
/home/sek519/warm_starting/vws/../vpc/lib/Cbc-trunk/buildg/lib/libCbc.so.0(_Z15CbcCrashHandleri+0x277) [0x2af5d6381a4b]
/lib/x86_64-linux-gnu/libc.so.6(+0x33060) [0x2af5d713b060]
/lib/x86_64-linux-gnu/libc.so.6(gsignal+0xcf) [0x2af5d713afff]
/lib/x86_64-linux-gnu/libc.so.6(abort+0x16a) [0x2af5d713c42a]
/home/sek519/warm_starting/vws/../vpc/lib/Cbc-trunk/buildg/lib/libCbc.so.0(_Z15CbcCrashHandleri+0x355) [0x2af5d6381b29]
/lib/x86_64-linux-gnu/libc.so.6(+0x33060) [0x2af5d713b060]
/lib/x86_64-linux-gnu/libc.so.6(gsignal+0xcf) [0x2af5d713afff]
/lib/x86_64-linux-gnu/libc.so.6(abort+0x16a) [0x2af5d713c42a]
/lib/x86_64-linux-gnu/libc.so.6(+0x2be67) [0x2af5d7133e67]
/lib/x86_64-linux-gnu/libc.so.6(+0x2bf12) [0x2af5d7133f12]
../Debug/vws(+0x1b24d3) [0x55c3d388d4d3]
../Debug/vws(+0x105d19) [0x55c3d37e0d19]
../Debug/vws(+0x103f94) [0x55c3d37def94]
../Debug/vws(+0x128652) [0x55c3d3803652]
../Debug/vws(+0x79d6a) [0x55c3d3754d6a]
/lib/x86_64-linux-gnu/libc.so.6(__libc_start_main+0xf1) [0x2af5d71282e1]
../Debug/vws(+0x79259) [0x55c3d3754259]


/var/spool/torque/mom_priv/jobs/1223834.polyp1.ie.lehigh.edu.SC: line 4: 32762 Aborted                 ../Debug/vws ${INPUT_FOLDER} ${OUTPUT_FILE} ${MAX_TIME} ${GENERATOR} ${TERMS}
