Solver must be optimal to create disjunctive cuts
vws: /home/sek519/warm_starting/vws/../vpc/src/utility/utility.cpp:651: void verify(bool, const std::string&): Assertion `false' failed.


ERROR while running Cbc. Signal SIGABRT caught. Getting stack trace.
/home/sek519/warm_starting/vws/../vpc/lib/Cbc-trunk/buildg/lib/libCbc.so.0(_Z15CbcCrashHandleri+0x277) [0x2b273946ea4b]
/lib/x86_64-linux-gnu/libc.so.6(+0x33060) [0x2b273a228060]
/lib/x86_64-linux-gnu/libc.so.6(gsignal+0xcf) [0x2b273a227fff]
/lib/x86_64-linux-gnu/libc.so.6(abort+0x16a) [0x2b273a22942a]
/lib/x86_64-linux-gnu/libc.so.6(+0x2be67) [0x2b273a220e67]
/lib/x86_64-linux-gnu/libc.so.6(+0x2bf12) [0x2b273a220f12]
../Debug/vws(+0x1b0645) [0x5577d844f645]
../Debug/vws(+0x104b1b) [0x5577d83a3b1b]
../Debug/vws(+0x103ee1) [0x5577d83a2ee1]
../Debug/vws(+0x127c3a) [0x5577d83c6c3a]
../Debug/vws(+0x79d6a) [0x5577d8318d6a]
/lib/x86_64-linux-gnu/libc.so.6(__libc_start_main+0xf1) [0x2b273a2152e1]
../Debug/vws(+0x79259) [0x5577d8318259]




ERROR while running Cbc. Signal SIGABRT caught. Getting stack trace.
/home/sek519/warm_starting/vws/../vpc/lib/Cbc-trunk/buildg/lib/libCbc.so.0(_Z15CbcCrashHandleri+0x277) [0x2b273946ea4b]
/lib/x86_64-linux-gnu/libc.so.6(+0x33060) [0x2b273a228060]
/lib/x86_64-linux-gnu/libc.so.6(gsignal+0xcf) [0x2b273a227fff]
/lib/x86_64-linux-gnu/libc.so.6(abort+0x16a) [0x2b273a22942a]
/home/sek519/warm_starting/vws/../vpc/lib/Cbc-trunk/buildg/lib/libCbc.so.0(_Z15CbcCrashHandleri+0x355) [0x2b273946eb29]
/lib/x86_64-linux-gnu/libc.so.6(+0x33060) [0x2b273a228060]
/lib/x86_64-linux-gnu/libc.so.6(gsignal+0xcf) [0x2b273a227fff]
/lib/x86_64-linux-gnu/libc.so.6(abort+0x16a) [0x2b273a22942a]
/lib/x86_64-linux-gnu/libc.so.6(+0x2be67) [0x2b273a220e67]
/lib/x86_64-linux-gnu/libc.so.6(+0x2bf12) [0x2b273a220f12]
../Debug/vws(+0x1b0645) [0x5577d844f645]
../Debug/vws(+0x104b1b) [0x5577d83a3b1b]
../Debug/vws(+0x103ee1) [0x5577d83a2ee1]
../Debug/vws(+0x127c3a) [0x5577d83c6c3a]
../Debug/vws(+0x79d6a) [0x5577d8318d6a]
/lib/x86_64-linux-gnu/libc.so.6(__libc_start_main+0xf1) [0x2b273a2152e1]
../Debug/vws(+0x79259) [0x5577d8318259]


/var/spool/torque/mom_priv/jobs/1222858.polyp1.ie.lehigh.edu.SC: line 4:  5735 Aborted                 ../Debug/vws ${INPUT_FOLDER} ${OUTPUT_FILE} ${MAX_TIME} ${GENERATOR} ${TERMS}
