Solver must be optimal to create disjunctive cuts
vws: /home/sek519/warm_starting/vws/../vpc/src/utility/utility.cpp:651: void verify(bool, const std::string&): Assertion `false' failed.


ERROR while running Cbc. Signal SIGABRT caught. Getting stack trace.
/home/sek519/warm_starting/vws/../vpc/lib/Cbc-trunk/buildg/lib/libCbc.so.0(_Z15CbcCrashHandleri+0x277) [0x2b712da83a4b]
/lib/x86_64-linux-gnu/libc.so.6(+0x33060) [0x2b712e83d060]
/lib/x86_64-linux-gnu/libc.so.6(gsignal+0xcf) [0x2b712e83cfff]
/lib/x86_64-linux-gnu/libc.so.6(abort+0x16a) [0x2b712e83e42a]
/lib/x86_64-linux-gnu/libc.so.6(+0x2be67) [0x2b712e835e67]
/lib/x86_64-linux-gnu/libc.so.6(+0x2bf12) [0x2b712e835f12]
../Debug/vws(+0x1b24d3) [0x561ea4d174d3]
../Debug/vws(+0x1051f5) [0x561ea4c6a1f5]
../Debug/vws(+0x103fff) [0x561ea4c68fff]
../Debug/vws(+0x128652) [0x561ea4c8d652]
../Debug/vws(+0x79d6a) [0x561ea4bded6a]
/lib/x86_64-linux-gnu/libc.so.6(__libc_start_main+0xf1) [0x2b712e82a2e1]
../Debug/vws(+0x79259) [0x561ea4bde259]




ERROR while running Cbc. Signal SIGABRT caught. Getting stack trace.
/home/sek519/warm_starting/vws/../vpc/lib/Cbc-trunk/buildg/lib/libCbc.so.0(_Z15CbcCrashHandleri+0x277) [0x2b712da83a4b]
/lib/x86_64-linux-gnu/libc.so.6(+0x33060) [0x2b712e83d060]
/lib/x86_64-linux-gnu/libc.so.6(gsignal+0xcf) [0x2b712e83cfff]
/lib/x86_64-linux-gnu/libc.so.6(abort+0x16a) [0x2b712e83e42a]
/home/sek519/warm_starting/vws/../vpc/lib/Cbc-trunk/buildg/lib/libCbc.so.0(_Z15CbcCrashHandleri+0x355) [0x2b712da83b29]
/lib/x86_64-linux-gnu/libc.so.6(+0x33060) [0x2b712e83d060]
/lib/x86_64-linux-gnu/libc.so.6(gsignal+0xcf) [0x2b712e83cfff]
/lib/x86_64-linux-gnu/libc.so.6(abort+0x16a) [0x2b712e83e42a]
/lib/x86_64-linux-gnu/libc.so.6(+0x2be67) [0x2b712e835e67]
/lib/x86_64-linux-gnu/libc.so.6(+0x2bf12) [0x2b712e835f12]
../Debug/vws(+0x1b24d3) [0x561ea4d174d3]
../Debug/vws(+0x1051f5) [0x561ea4c6a1f5]
../Debug/vws(+0x103fff) [0x561ea4c68fff]
../Debug/vws(+0x128652) [0x561ea4c8d652]
../Debug/vws(+0x79d6a) [0x561ea4bded6a]
/lib/x86_64-linux-gnu/libc.so.6(__libc_start_main+0xf1) [0x2b712e82a2e1]
../Debug/vws(+0x79259) [0x561ea4bde259]


/var/spool/torque/mom_priv/jobs/1223831.polyp1.ie.lehigh.edu.SC: line 4: 12253 Aborted                 ../Debug/vws ${INPUT_FOLDER} ${OUTPUT_FILE} ${MAX_TIME} ${GENERATOR} ${TERMS}
