terminate called after throwing an instance of 'std::bad_alloc'
  what():  std::bad_alloc


ERROR while running Cbc. Signal SIGABRT caught. Getting stack trace.
/home/sek519/warm_starting/vws/../vpc/lib/Cbc-trunk/buildg/lib/libCbc.so.0(_Z15CbcCrashHandleri+0x277) [0x2b4824cfea4b]
/lib/x86_64-linux-gnu/libc.so.6(+0x33060) [0x2b4825ab8060]
/lib/x86_64-linux-gnu/libc.so.6(gsignal+0xcf) [0x2b4825ab7fff]
/lib/x86_64-linux-gnu/libc.so.6(abort+0x16a) [0x2b4825ab942a]
/home/sek519/miniconda/envs/vws/lib/libstdc++.so.6(_ZN9__gnu_cxx27__verbose_terminate_handlerEv+0xc0) [0x2b482567f026]
/home/sek519/miniconda/envs/vws/lib/libstdc++.so.6(+0xb0514) [0x2b482567d514]
/home/sek519/miniconda/envs/vws/lib/libstdc++.so.6(+0xb0566) [0x2b482567d566]
/home/sek519/miniconda/envs/vws/lib/libstdc++.so.6(__cxa_rethrow+0) [0x2b482567d758]
/home/sek519/miniconda/envs/vws/lib/libstdc++.so.6(_Znwm+0x59) [0x2b482567db85]
/home/sek519/warm_starting/vws/../vpc/lib/Cbc-trunk/buildg/lib/libCoinUtils.so.0(_ZN19CoinArrayWithLength8allocateERKS_l+0x1c7) [0x2b482546e259]
/home/sek519/warm_starting/vws/../vpc/lib/Cbc-trunk/buildg/lib/libCoinUtils.so.0(_ZN17CoinFactorization10gutsOfCopyERKS_+0x5e) [0x2b482545c814]
/home/sek519/warm_starting/vws/../vpc/lib/Cbc-trunk/buildg/lib/libCoinUtils.so.0(_ZN17CoinFactorizationC1ERKS_+0x2b7) [0x2b4825433d01]
/home/sek519/warm_starting/vws/../vpc/lib/Cbc-trunk/buildg/lib/libClp.so.0(_ZN16ClpFactorizationC1ERKS_i+0x1ec) [0x2b482512427c]
/home/sek519/warm_starting/vws/../vpc/lib/Cbc-trunk/buildg/lib/libClp.so.0(_ZN10ClpSimplexC2EPKS_iPKiiS3_bbb+0x809) [0x2b48252144b7]
/home/sek519/warm_starting/vws/../vpc/lib/Cbc-trunk/buildg/lib/libClp.so.0(_ZN15ClpSimplexOther6crunchEPdPiS1_Ribb+0x85b) [0x2b48252848ab]
/home/sek519/warm_starting/vws/../vpc/lib/Cbc-trunk/buildg/lib/libOsiClp.so.0(_ZN21OsiClpSolverInterface6crunchEv+0x7a5) [0x2b48249c3da7]
/home/sek519/warm_starting/vws/../vpc/lib/Cbc-trunk/buildg/lib/libOsiClp.so.0(_ZN21OsiClpSolverInterface7resolveEv+0x15dd) [0x2b48249a3605]
../Debug/vws(+0x1aacd6) [0x563a1bde3cd6]
../Debug/vws(+0x1fdea4) [0x563a1be36ea4]
../Debug/vws(+0x1051e3) [0x563a1bd3e1e3]
../Debug/vws(+0x103fb7) [0x563a1bd3cfb7]
../Debug/vws(+0x127c3a) [0x563a1bd60c3a]
../Debug/vws(+0x79d6a) [0x563a1bcb2d6a]
/lib/x86_64-linux-gnu/libc.so.6(__libc_start_main+0xf1) [0x2b4825aa52e1]
../Debug/vws(+0x79259) [0x563a1bcb2259]




ERROR while running Cbc. Signal SIGABRT caught. Getting stack trace.
/home/sek519/warm_starting/vws/../vpc/lib/Cbc-trunk/buildg/lib/libCbc.so.0(_Z15CbcCrashHandleri+0x277) [0x2b4824cfea4b]
/lib/x86_64-linux-gnu/libc.so.6(+0x33060) [0x2b4825ab8060]
/lib/x86_64-linux-gnu/libc.so.6(gsignal+0xcf) [0x2b4825ab7fff]
/lib/x86_64-linux-gnu/libc.so.6(abort+0x16a) [0x2b4825ab942a]
/home/sek519/warm_starting/vws/../vpc/lib/Cbc-trunk/buildg/lib/libCbc.so.0(_Z15CbcCrashHandleri+0x355) [0x2b4824cfeb29]
/lib/x86_64-linux-gnu/libc.so.6(+0x33060) [0x2b4825ab8060]
/lib/x86_64-linux-gnu/libc.so.6(gsignal+0xcf) [0x2b4825ab7fff]
/lib/x86_64-linux-gnu/libc.so.6(abort+0x16a) [0x2b4825ab942a]
/home/sek519/miniconda/envs/vws/lib/libstdc++.so.6(_ZN9__gnu_cxx27__verbose_terminate_handlerEv+0xc0) [0x2b482567f026]
/home/sek519/miniconda/envs/vws/lib/libstdc++.so.6(+0xb0514) [0x2b482567d514]
/home/sek519/miniconda/envs/vws/lib/libstdc++.so.6(+0xb0566) [0x2b482567d566]
/home/sek519/miniconda/envs/vws/lib/libstdc++.so.6(__cxa_rethrow+0) [0x2b482567d758]
/home/sek519/miniconda/envs/vws/lib/libstdc++.so.6(_Znwm+0x59) [0x2b482567db85]
/home/sek519/warm_starting/vws/../vpc/lib/Cbc-trunk/buildg/lib/libCoinUtils.so.0(_ZN19CoinArrayWithLength8allocateERKS_l+0x1c7) [0x2b482546e259]
/home/sek519/warm_starting/vws/../vpc/lib/Cbc-trunk/buildg/lib/libCoinUtils.so.0(_ZN17CoinFactorization10gutsOfCopyERKS_+0x5e) [0x2b482545c814]
/home/sek519/warm_starting/vws/../vpc/lib/Cbc-trunk/buildg/lib/libCoinUtils.so.0(_ZN17CoinFactorizationC1ERKS_+0x2b7) [0x2b4825433d01]
/home/sek519/warm_starting/vws/../vpc/lib/Cbc-trunk/buildg/lib/libClp.so.0(_ZN16ClpFactorizationC1ERKS_i+0x1ec) [0x2b482512427c]
/home/sek519/warm_starting/vws/../vpc/lib/Cbc-trunk/buildg/lib/libClp.so.0(_ZN10ClpSimplexC2EPKS_iPKiiS3_bbb+0x809) [0x2b48252144b7]
/home/sek519/warm_starting/vws/../vpc/lib/Cbc-trunk/buildg/lib/libClp.so.0(_ZN15ClpSimplexOther6crunchEPdPiS1_Ribb+0x85b) [0x2b48252848ab]
/home/sek519/warm_starting/vws/../vpc/lib/Cbc-trunk/buildg/lib/libOsiClp.so.0(_ZN21OsiClpSolverInterface6crunchEv+0x7a5) [0x2b48249c3da7]
/home/sek519/warm_starting/vws/../vpc/lib/Cbc-trunk/buildg/lib/libOsiClp.so.0(_ZN21OsiClpSolverInterface7resolveEv+0x15dd) [0x2b48249a3605]
../Debug/vws(+0x1aacd6) [0x563a1bde3cd6]
../Debug/vws(+0x1fdea4) [0x563a1be36ea4]
../Debug/vws(+0x1051e3) [0x563a1bd3e1e3]
../Debug/vws(+0x103fb7) [0x563a1bd3cfb7]
../Debug/vws(+0x127c3a) [0x563a1bd60c3a]
../Debug/vws(+0x79d6a) [0x563a1bcb2d6a]
/lib/x86_64-linux-gnu/libc.so.6(__libc_start_main+0xf1) [0x2b4825aa52e1]
../Debug/vws(+0x79259) [0x563a1bcb2259]


/var/spool/torque/mom_priv/jobs/1222620.polyp1.ie.lehigh.edu.SC: line 4: 23469 Aborted                 (core dumped) ../Debug/vws ${INPUT_FOLDER} ${OUTPUT_FILE} ${MAX_TIME} ${GENERATOR} ${TERMS}
