messed up a farkas cofficient
vws: /home/sek519/warm_starting/vws/../vpc/src/utility/utility.cpp:651: void verify(bool, const std::string&): Assertion `false' failed.


ERROR while running Cbc. Signal SIGABRT caught. Getting stack trace.
/home/sek519/warm_starting/vws/../vpc/lib/Cbc-trunk/buildg/lib/libCbc.so.0(_Z15CbcCrashHandleri+0x277) [0x2b6046dbba4b]
/lib/x86_64-linux-gnu/libc.so.6(+0x33060) [0x2b6047b75060]
/lib/x86_64-linux-gnu/libc.so.6(gsignal+0xcf) [0x2b6047b74fff]
/lib/x86_64-linux-gnu/libc.so.6(abort+0x16a) [0x2b6047b7642a]
/lib/x86_64-linux-gnu/libc.so.6(+0x2be67) [0x2b6047b6de67]
/lib/x86_64-linux-gnu/libc.so.6(+0x2bf12) [0x2b6047b6df12]
../Debug/vws(+0x1b0645) [0x55d157f04645]
../Debug/vws(+0x133591) [0x55d157e87591]
../Debug/vws(+0x131d58) [0x55d157e85d58]
../Debug/vws(+0x131504) [0x55d157e85504]
../Debug/vws(+0x104dce) [0x55d157e58dce]
../Debug/vws(+0x103ee1) [0x55d157e57ee1]
../Debug/vws(+0x127c3a) [0x55d157e7bc3a]
../Debug/vws(+0x79d6a) [0x55d157dcdd6a]
/lib/x86_64-linux-gnu/libc.so.6(__libc_start_main+0xf1) [0x2b6047b622e1]
../Debug/vws(+0x79259) [0x55d157dcd259]




ERROR while running Cbc. Signal SIGABRT caught. Getting stack trace.
/home/sek519/warm_starting/vws/../vpc/lib/Cbc-trunk/buildg/lib/libCbc.so.0(_Z15CbcCrashHandleri+0x277) [0x2b6046dbba4b]
/lib/x86_64-linux-gnu/libc.so.6(+0x33060) [0x2b6047b75060]
/lib/x86_64-linux-gnu/libc.so.6(gsignal+0xcf) [0x2b6047b74fff]
/lib/x86_64-linux-gnu/libc.so.6(abort+0x16a) [0x2b6047b7642a]
/home/sek519/warm_starting/vws/../vpc/lib/Cbc-trunk/buildg/lib/libCbc.so.0(_Z15CbcCrashHandleri+0x355) [0x2b6046dbbb29]
/lib/x86_64-linux-gnu/libc.so.6(+0x33060) [0x2b6047b75060]
/lib/x86_64-linux-gnu/libc.so.6(gsignal+0xcf) [0x2b6047b74fff]
/lib/x86_64-linux-gnu/libc.so.6(abort+0x16a) [0x2b6047b7642a]
/lib/x86_64-linux-gnu/libc.so.6(+0x2be67) [0x2b6047b6de67]
/lib/x86_64-linux-gnu/libc.so.6(+0x2bf12) [0x2b6047b6df12]
../Debug/vws(+0x1b0645) [0x55d157f04645]
../Debug/vws(+0x133591) [0x55d157e87591]
../Debug/vws(+0x131d58) [0x55d157e85d58]
../Debug/vws(+0x131504) [0x55d157e85504]
../Debug/vws(+0x104dce) [0x55d157e58dce]
../Debug/vws(+0x103ee1) [0x55d157e57ee1]
../Debug/vws(+0x127c3a) [0x55d157e7bc3a]
../Debug/vws(+0x79d6a) [0x55d157dcdd6a]
/lib/x86_64-linux-gnu/libc.so.6(__libc_start_main+0xf1) [0x2b6047b622e1]
../Debug/vws(+0x79259) [0x55d157dcd259]


/var/spool/torque/mom_priv/jobs/1222566.polyp1.ie.lehigh.edu.SC: line 4: 11449 Aborted                 (core dumped) ../Debug/vws ${INPUT_FOLDER} ${OUTPUT_FILE} ${MAX_TIME} ${GENERATOR} ${TERMS}
