Solver must be optimal to create disjunctive cuts
vws: /home/sek519/warm_starting/vws/../vpc/src/utility/utility.cpp:651: void verify(bool, const std::string&): Assertion `false' failed.


ERROR while running Cbc. Signal SIGABRT caught. Getting stack trace.
/home/sek519/warm_starting/vws/../vpc/lib/Cbc-trunk/buildg/lib/libCbc.so.0(_Z15CbcCrashHandleri+0x277) [0x2ae1c269ea4b]
/lib/x86_64-linux-gnu/libc.so.6(+0x33060) [0x2ae1c3458060]
/lib/x86_64-linux-gnu/libc.so.6(gsignal+0xcf) [0x2ae1c3457fff]
/lib/x86_64-linux-gnu/libc.so.6(abort+0x16a) [0x2ae1c345942a]
/lib/x86_64-linux-gnu/libc.so.6(+0x2be67) [0x2ae1c3450e67]
/lib/x86_64-linux-gnu/libc.so.6(+0x2bf12) [0x2ae1c3450f12]
../Debug/vws(+0x1b24d3) [0x559eb1e444d3]
../Debug/vws(+0x104cbf) [0x559eb1d96cbf]
../Debug/vws(+0x103f29) [0x559eb1d95f29]
../Debug/vws(+0x128652) [0x559eb1dba652]
../Debug/vws(+0x79d6a) [0x559eb1d0bd6a]
/lib/x86_64-linux-gnu/libc.so.6(__libc_start_main+0xf1) [0x2ae1c34452e1]
../Debug/vws(+0x79259) [0x559eb1d0b259]




ERROR while running Cbc. Signal SIGABRT caught. Getting stack trace.
/home/sek519/warm_starting/vws/../vpc/lib/Cbc-trunk/buildg/lib/libCbc.so.0(_Z15CbcCrashHandleri+0x277) [0x2ae1c269ea4b]
/lib/x86_64-linux-gnu/libc.so.6(+0x33060) [0x2ae1c3458060]
/lib/x86_64-linux-gnu/libc.so.6(gsignal+0xcf) [0x2ae1c3457fff]
/lib/x86_64-linux-gnu/libc.so.6(abort+0x16a) [0x2ae1c345942a]
/home/sek519/warm_starting/vws/../vpc/lib/Cbc-trunk/buildg/lib/libCbc.so.0(_Z15CbcCrashHandleri+0x355) [0x2ae1c269eb29]
/lib/x86_64-linux-gnu/libc.so.6(+0x33060) [0x2ae1c3458060]
/lib/x86_64-linux-gnu/libc.so.6(gsignal+0xcf) [0x2ae1c3457fff]
/lib/x86_64-linux-gnu/libc.so.6(abort+0x16a) [0x2ae1c345942a]
/lib/x86_64-linux-gnu/libc.so.6(+0x2be67) [0x2ae1c3450e67]
/lib/x86_64-linux-gnu/libc.so.6(+0x2bf12) [0x2ae1c3450f12]
../Debug/vws(+0x1b24d3) [0x559eb1e444d3]
../Debug/vws(+0x104cbf) [0x559eb1d96cbf]
../Debug/vws(+0x103f29) [0x559eb1d95f29]
../Debug/vws(+0x128652) [0x559eb1dba652]
../Debug/vws(+0x79d6a) [0x559eb1d0bd6a]
/lib/x86_64-linux-gnu/libc.so.6(__libc_start_main+0xf1) [0x2ae1c34452e1]
../Debug/vws(+0x79259) [0x559eb1d0b259]


/var/spool/torque/mom_priv/jobs/1223797.polyp1.ie.lehigh.edu.SC: line 4:  9775 Aborted                 (core dumped) ../Debug/vws ${INPUT_FOLDER} ${OUTPUT_FILE} ${MAX_TIME} ${GENERATOR} ${TERMS}
