terminate called after throwing an instance of 'std::bad_alloc'
  what():  std::bad_alloc


ERROR while running Cbc. Signal SIGABRT caught. Getting stack trace.
/home/sek519/warm_starting/vws/../vpc/lib/Cbc-trunk/buildg/lib/libCbc.so.0(_Z15CbcCrashHandleri+0x277) [0x2b0fb7a21a4b]
/lib/x86_64-linux-gnu/libc.so.6(+0x33060) [0x2b0fb87db060]
/lib/x86_64-linux-gnu/libc.so.6(gsignal+0xcf) [0x2b0fb87dafff]
/lib/x86_64-linux-gnu/libc.so.6(abort+0x16a) [0x2b0fb87dc42a]
/home/sek519/miniconda/envs/vws/lib/libstdc++.so.6(_ZN9__gnu_cxx27__verbose_terminate_handlerEv+0xc0) [0x2b0fb83a2026]
/home/sek519/miniconda/envs/vws/lib/libstdc++.so.6(+0xb0514) [0x2b0fb83a0514]
/home/sek519/miniconda/envs/vws/lib/libstdc++.so.6(+0xb0566) [0x2b0fb83a0566]
/home/sek519/miniconda/envs/vws/lib/libstdc++.so.6(__cxa_rethrow+0) [0x2b0fb83a0758]
/home/sek519/miniconda/envs/vws/lib/libstdc++.so.6(_Znwm+0x59) [0x2b0fb83a0b85]
/home/sek519/warm_starting/vws/../vpc/lib/Cbc-trunk/buildg/lib/libCoinUtils.so.0(_ZN19CoinArrayWithLength8getArrayEl+0x93) [0x2b0fb81909f5]
/home/sek519/warm_starting/vws/../vpc/lib/Cbc-trunk/buildg/lib/libCoinUtils.so.0(_ZN19CoinArrayWithLength11getCapacityEll+0x79) [0x2b0fb8190c1b]
/home/sek519/warm_starting/vws/../vpc/lib/Cbc-trunk/buildg/lib/libCoinUtils.so.0(_ZN19CoinArrayWithLength14conditionalNewEl+0x38) [0x2b0fb8190d44]
../Debug/vws(_ZN22CoinIntArrayWithLength14conditionalNewEl+0x37) [0x564e5fd5e61d]
/home/sek519/warm_starting/vws/../vpc/lib/Cbc-trunk/buildg/lib/libCoinUtils.so.0(_ZN17CoinFactorization7cleanupEv+0x10a6) [0x2b0fb815e622]
/home/sek519/warm_starting/vws/../vpc/lib/Cbc-trunk/buildg/lib/libCoinUtils.so.0(_ZN17CoinFactorization6factorEv+0x523) [0x2b0fb815b745]
/home/sek519/warm_starting/vws/../vpc/lib/Cbc-trunk/buildg/lib/libClp.so.0(_ZN16ClpFactorization9factorizeEP10ClpSimplexib+0x1e02) [0x2b0fb7e4a31c]
/home/sek519/warm_starting/vws/../vpc/lib/Cbc-trunk/buildg/lib/libClp.so.0(_ZN10ClpSimplex17internalFactorizeEi+0x16c1) [0x2b0fb7f3de3b]
/home/sek519/warm_starting/vws/../vpc/lib/Cbc-trunk/buildg/lib/libClp.so.0(_ZN10ClpSimplex7startupEii+0x4d0) [0x2b0fb7f5fcd6]
/home/sek519/warm_starting/vws/../vpc/lib/Cbc-trunk/buildg/lib/libClp.so.0(_ZN14ClpSimplexDual12startupSolveEiPdi+0x8b) [0x2b0fb7f70b3f]
/home/sek519/warm_starting/vws/../vpc/lib/Cbc-trunk/buildg/lib/libClp.so.0(_ZN14ClpSimplexDual4dualEii+0x21d) [0x2b0fb7f72047]
/home/sek519/warm_starting/vws/../vpc/lib/Cbc-trunk/buildg/lib/libClp.so.0(_ZN10ClpSimplex4dualEii+0x168) [0x2b0fb7f4fcee]
/home/sek519/warm_starting/vws/../vpc/lib/Cbc-trunk/buildg/lib/libOsiClp.so.0(_ZN21OsiClpSolverInterface7resolveEv+0x1584) [0x2b0fb76c65ac]
../Debug/vws(+0x1f7d1e) [0x564e5febfd1e]
../Debug/vws(+0x1fdb5f) [0x564e5fec5b5f]
../Debug/vws(+0x105bb8) [0x564e5fdcdbb8]
../Debug/vws(+0x103f4c) [0x564e5fdcbf4c]
../Debug/vws(+0x127b00) [0x564e5fdefb00]
../Debug/vws(+0x79d6a) [0x564e5fd41d6a]
/lib/x86_64-linux-gnu/libc.so.6(__libc_start_main+0xf1) [0x2b0fb87c82e1]
../Debug/vws(+0x79259) [0x564e5fd41259]




ERROR while running Cbc. Signal SIGABRT caught. Getting stack trace.
/home/sek519/warm_starting/vws/../vpc/lib/Cbc-trunk/buildg/lib/libCbc.so.0(_Z15CbcCrashHandleri+0x277) [0x2b0fb7a21a4b]
/lib/x86_64-linux-gnu/libc.so.6(+0x33060) [0x2b0fb87db060]
/lib/x86_64-linux-gnu/libc.so.6(gsignal+0xcf) [0x2b0fb87dafff]
/lib/x86_64-linux-gnu/libc.so.6(abort+0x16a) [0x2b0fb87dc42a]
/home/sek519/warm_starting/vws/../vpc/lib/Cbc-trunk/buildg/lib/libCbc.so.0(_Z15CbcCrashHandleri+0x355) [0x2b0fb7a21b29]
/lib/x86_64-linux-gnu/libc.so.6(+0x33060) [0x2b0fb87db060]
/lib/x86_64-linux-gnu/libc.so.6(gsignal+0xcf) [0x2b0fb87dafff]
/lib/x86_64-linux-gnu/libc.so.6(abort+0x16a) [0x2b0fb87dc42a]
/home/sek519/miniconda/envs/vws/lib/libstdc++.so.6(_ZN9__gnu_cxx27__verbose_terminate_handlerEv+0xc0) [0x2b0fb83a2026]
/home/sek519/miniconda/envs/vws/lib/libstdc++.so.6(+0xb0514) [0x2b0fb83a0514]
/home/sek519/miniconda/envs/vws/lib/libstdc++.so.6(+0xb0566) [0x2b0fb83a0566]
/home/sek519/miniconda/envs/vws/lib/libstdc++.so.6(__cxa_rethrow+0) [0x2b0fb83a0758]
/home/sek519/miniconda/envs/vws/lib/libstdc++.so.6(_Znwm+0x59) [0x2b0fb83a0b85]
/home/sek519/warm_starting/vws/../vpc/lib/Cbc-trunk/buildg/lib/libCoinUtils.so.0(_ZN19CoinArrayWithLength8getArrayEl+0x93) [0x2b0fb81909f5]
/home/sek519/warm_starting/vws/../vpc/lib/Cbc-trunk/buildg/lib/libCoinUtils.so.0(_ZN19CoinArrayWithLength11getCapacityEll+0x79) [0x2b0fb8190c1b]
/home/sek519/warm_starting/vws/../vpc/lib/Cbc-trunk/buildg/lib/libCoinUtils.so.0(_ZN19CoinArrayWithLength14conditionalNewEl+0x38) [0x2b0fb8190d44]
../Debug/vws(_ZN22CoinIntArrayWithLength14conditionalNewEl+0x37) [0x564e5fd5e61d]
/home/sek519/warm_starting/vws/../vpc/lib/Cbc-trunk/buildg/lib/libCoinUtils.so.0(_ZN17CoinFactorization7cleanupEv+0x10a6) [0x2b0fb815e622]
/home/sek519/warm_starting/vws/../vpc/lib/Cbc-trunk/buildg/lib/libCoinUtils.so.0(_ZN17CoinFactorization6factorEv+0x523) [0x2b0fb815b745]
/home/sek519/warm_starting/vws/../vpc/lib/Cbc-trunk/buildg/lib/libClp.so.0(_ZN16ClpFactorization9factorizeEP10ClpSimplexib+0x1e02) [0x2b0fb7e4a31c]
/home/sek519/warm_starting/vws/../vpc/lib/Cbc-trunk/buildg/lib/libClp.so.0(_ZN10ClpSimplex17internalFactorizeEi+0x16c1) [0x2b0fb7f3de3b]
/home/sek519/warm_starting/vws/../vpc/lib/Cbc-trunk/buildg/lib/libClp.so.0(_ZN10ClpSimplex7startupEii+0x4d0) [0x2b0fb7f5fcd6]
/home/sek519/warm_starting/vws/../vpc/lib/Cbc-trunk/buildg/lib/libClp.so.0(_ZN14ClpSimplexDual12startupSolveEiPdi+0x8b) [0x2b0fb7f70b3f]
/home/sek519/warm_starting/vws/../vpc/lib/Cbc-trunk/buildg/lib/libClp.so.0(_ZN14ClpSimplexDual4dualEii+0x21d) [0x2b0fb7f72047]
/home/sek519/warm_starting/vws/../vpc/lib/Cbc-trunk/buildg/lib/libClp.so.0(_ZN10ClpSimplex4dualEii+0x168) [0x2b0fb7f4fcee]
/home/sek519/warm_starting/vws/../vpc/lib/Cbc-trunk/buildg/lib/libOsiClp.so.0(_ZN21OsiClpSolverInterface7resolveEv+0x1584) [0x2b0fb76c65ac]
../Debug/vws(+0x1f7d1e) [0x564e5febfd1e]
../Debug/vws(+0x1fdb5f) [0x564e5fec5b5f]
../Debug/vws(+0x105bb8) [0x564e5fdcdbb8]
../Debug/vws(+0x103f4c) [0x564e5fdcbf4c]
../Debug/vws(+0x127b00) [0x564e5fdefb00]
../Debug/vws(+0x79d6a) [0x564e5fd41d6a]
/lib/x86_64-linux-gnu/libc.so.6(__libc_start_main+0xf1) [0x2b0fb87c82e1]
../Debug/vws(+0x79259) [0x564e5fd41259]


/var/spool/torque/mom_priv/jobs/1216805.polyp1.ie.lehigh.edu.SC: line 4: 24143 Aborted                 ../Debug/vws ${INPUT_FOLDER} ${OUTPUT_FILE} ${MAX_TIME} ${GENERATOR} ${TERMS}
