Solver must be optimal to create disjunctive cuts
vws: /home/sek519/warm_starting/vws/../vpc/src/utility/utility.cpp:651: void verify(bool, const std::string&): Assertion `false' failed.


ERROR while running Cbc. Signal SIGABRT caught. Getting stack trace.
/home/sek519/warm_starting/vws/../vpc/lib/Cbc-trunk/buildg/lib/libCbc.so.0(_Z15CbcCrashHandleri+0x277) [0x2b8830d1ea4b]
/lib/x86_64-linux-gnu/libc.so.6(+0x33060) [0x2b8831ad8060]
/lib/x86_64-linux-gnu/libc.so.6(gsignal+0xcf) [0x2b8831ad7fff]
/lib/x86_64-linux-gnu/libc.so.6(abort+0x16a) [0x2b8831ad942a]
/lib/x86_64-linux-gnu/libc.so.6(+0x2be67) [0x2b8831ad0e67]
/lib/x86_64-linux-gnu/libc.so.6(+0x2bf12) [0x2b8831ad0f12]
../Debug/vws(+0x1b0645) [0x560f5c90a645]
../Debug/vws(+0x105b75) [0x560f5c85fb75]
../Debug/vws(+0x103f4c) [0x560f5c85df4c]
../Debug/vws(+0x127c3a) [0x560f5c881c3a]
../Debug/vws(+0x79d6a) [0x560f5c7d3d6a]
/lib/x86_64-linux-gnu/libc.so.6(__libc_start_main+0xf1) [0x2b8831ac52e1]
../Debug/vws(+0x79259) [0x560f5c7d3259]




ERROR while running Cbc. Signal SIGABRT caught. Getting stack trace.
/home/sek519/warm_starting/vws/../vpc/lib/Cbc-trunk/buildg/lib/libCbc.so.0(_Z15CbcCrashHandleri+0x277) [0x2b8830d1ea4b]
/lib/x86_64-linux-gnu/libc.so.6(+0x33060) [0x2b8831ad8060]
/lib/x86_64-linux-gnu/libc.so.6(gsignal+0xcf) [0x2b8831ad7fff]
/lib/x86_64-linux-gnu/libc.so.6(abort+0x16a) [0x2b8831ad942a]
/home/sek519/warm_starting/vws/../vpc/lib/Cbc-trunk/buildg/lib/libCbc.so.0(_Z15CbcCrashHandleri+0x355) [0x2b8830d1eb29]
/lib/x86_64-linux-gnu/libc.so.6(+0x33060) [0x2b8831ad8060]
/lib/x86_64-linux-gnu/libc.so.6(gsignal+0xcf) [0x2b8831ad7fff]
/lib/x86_64-linux-gnu/libc.so.6(abort+0x16a) [0x2b8831ad942a]
/lib/x86_64-linux-gnu/libc.so.6(+0x2be67) [0x2b8831ad0e67]
/lib/x86_64-linux-gnu/libc.so.6(+0x2bf12) [0x2b8831ad0f12]
../Debug/vws(+0x1b0645) [0x560f5c90a645]
../Debug/vws(+0x105b75) [0x560f5c85fb75]
../Debug/vws(+0x103f4c) [0x560f5c85df4c]
../Debug/vws(+0x127c3a) [0x560f5c881c3a]
../Debug/vws(+0x79d6a) [0x560f5c7d3d6a]
/lib/x86_64-linux-gnu/libc.so.6(__libc_start_main+0xf1) [0x2b8831ac52e1]
../Debug/vws(+0x79259) [0x560f5c7d3259]


/var/spool/torque/mom_priv/jobs/1222863.polyp1.ie.lehigh.edu.SC: line 4:  4822 Aborted                 ../Debug/vws ${INPUT_FOLDER} ${OUTPUT_FILE} ${MAX_TIME} ${GENERATOR} ${TERMS}
