Since we minimize, disjunctive dual bound should not be less than LP relaxation objective value.
vws: /home/sek519/warm_starting/vws/../vpc/src/utility/utility.cpp:651: void verify(bool, const std::string&): Assertion `false' failed.


ERROR while running Cbc. Signal SIGABRT caught. Getting stack trace.
/home/sek519/warm_starting/vws/../vpc/lib/Cbc-trunk/buildg/lib/libCbc.so.0(_Z15CbcCrashHandleri+0x277) [0x2ade89428a4b]
/lib/x86_64-linux-gnu/libc.so.6(+0x33060) [0x2ade8a1e2060]
/lib/x86_64-linux-gnu/libc.so.6(gsignal+0xcf) [0x2ade8a1e1fff]
/lib/x86_64-linux-gnu/libc.so.6(abort+0x16a) [0x2ade8a1e342a]
/lib/x86_64-linux-gnu/libc.so.6(+0x2be67) [0x2ade8a1dae67]
/lib/x86_64-linux-gnu/libc.so.6(+0x2bf12) [0x2ade8a1daf12]
../Debug/vws(+0x1b0645) [0x55917f87f645]
../Debug/vws(+0x1fdfa6) [0x55917f8ccfa6]
../Debug/vws(+0x1051e3) [0x55917f7d41e3]
../Debug/vws(+0x103fb7) [0x55917f7d2fb7]
../Debug/vws(+0x127c3a) [0x55917f7f6c3a]
../Debug/vws(+0x79d6a) [0x55917f748d6a]
/lib/x86_64-linux-gnu/libc.so.6(__libc_start_main+0xf1) [0x2ade8a1cf2e1]
../Debug/vws(+0x79259) [0x55917f748259]




ERROR while running Cbc. Signal SIGABRT caught. Getting stack trace.
/home/sek519/warm_starting/vws/../vpc/lib/Cbc-trunk/buildg/lib/libCbc.so.0(_Z15CbcCrashHandleri+0x277) [0x2ade89428a4b]
/lib/x86_64-linux-gnu/libc.so.6(+0x33060) [0x2ade8a1e2060]
/lib/x86_64-linux-gnu/libc.so.6(gsignal+0xcf) [0x2ade8a1e1fff]
/lib/x86_64-linux-gnu/libc.so.6(abort+0x16a) [0x2ade8a1e342a]
/home/sek519/warm_starting/vws/../vpc/lib/Cbc-trunk/buildg/lib/libCbc.so.0(_Z15CbcCrashHandleri+0x355) [0x2ade89428b29]
/lib/x86_64-linux-gnu/libc.so.6(+0x33060) [0x2ade8a1e2060]
/lib/x86_64-linux-gnu/libc.so.6(gsignal+0xcf) [0x2ade8a1e1fff]
/lib/x86_64-linux-gnu/libc.so.6(abort+0x16a) [0x2ade8a1e342a]
/lib/x86_64-linux-gnu/libc.so.6(+0x2be67) [0x2ade8a1dae67]
/lib/x86_64-linux-gnu/libc.so.6(+0x2bf12) [0x2ade8a1daf12]
../Debug/vws(+0x1b0645) [0x55917f87f645]
../Debug/vws(+0x1fdfa6) [0x55917f8ccfa6]
../Debug/vws(+0x1051e3) [0x55917f7d41e3]
../Debug/vws(+0x103fb7) [0x55917f7d2fb7]
../Debug/vws(+0x127c3a) [0x55917f7f6c3a]
../Debug/vws(+0x79d6a) [0x55917f748d6a]
/lib/x86_64-linux-gnu/libc.so.6(__libc_start_main+0xf1) [0x2ade8a1cf2e1]
../Debug/vws(+0x79259) [0x55917f748259]


/var/spool/torque/mom_priv/jobs/1222892.polyp1.ie.lehigh.edu.SC: line 4: 30642 Aborted                 ../Debug/vws ${INPUT_FOLDER} ${OUTPUT_FILE} ${MAX_TIME} ${GENERATOR} ${TERMS}
