Solver must be optimal to create disjunctive cuts
vws: /home/sek519/warm_starting/vws/../vpc/src/utility/utility.cpp:651: void verify(bool, const std::string&): Assertion `false' failed.


ERROR while running Cbc. Signal SIGABRT caught. Getting stack trace.
/home/sek519/warm_starting/vws/../vpc/lib/Cbc-trunk/buildg/lib/libCbc.so.0(_Z15CbcCrashHandleri+0x277) [0x2afb04bcba4b]
/lib/x86_64-linux-gnu/libc.so.6(+0x33060) [0x2afb05985060]
/lib/x86_64-linux-gnu/libc.so.6(gsignal+0xcf) [0x2afb05984fff]
/lib/x86_64-linux-gnu/libc.so.6(abort+0x16a) [0x2afb0598642a]
/lib/x86_64-linux-gnu/libc.so.6(+0x2be67) [0x2afb0597de67]
/lib/x86_64-linux-gnu/libc.so.6(+0x2bf12) [0x2afb0597df12]
../Debug/vws(+0x1b24d3) [0x55a99aeb34d3]
../Debug/vws(+0x104cbf) [0x55a99ae05cbf]
../Debug/vws(+0x103f29) [0x55a99ae04f29]
../Debug/vws(+0x128652) [0x55a99ae29652]
../Debug/vws(+0x79d6a) [0x55a99ad7ad6a]
/lib/x86_64-linux-gnu/libc.so.6(__libc_start_main+0xf1) [0x2afb059722e1]
../Debug/vws(+0x79259) [0x55a99ad7a259]




ERROR while running Cbc. Signal SIGABRT caught. Getting stack trace.
/home/sek519/warm_starting/vws/../vpc/lib/Cbc-trunk/buildg/lib/libCbc.so.0(_Z15CbcCrashHandleri+0x277) [0x2afb04bcba4b]
/lib/x86_64-linux-gnu/libc.so.6(+0x33060) [0x2afb05985060]
/lib/x86_64-linux-gnu/libc.so.6(gsignal+0xcf) [0x2afb05984fff]
/lib/x86_64-linux-gnu/libc.so.6(abort+0x16a) [0x2afb0598642a]
/home/sek519/warm_starting/vws/../vpc/lib/Cbc-trunk/buildg/lib/libCbc.so.0(_Z15CbcCrashHandleri+0x355) [0x2afb04bcbb29]
/lib/x86_64-linux-gnu/libc.so.6(+0x33060) [0x2afb05985060]
/lib/x86_64-linux-gnu/libc.so.6(gsignal+0xcf) [0x2afb05984fff]
/lib/x86_64-linux-gnu/libc.so.6(abort+0x16a) [0x2afb0598642a]
/lib/x86_64-linux-gnu/libc.so.6(+0x2be67) [0x2afb0597de67]
/lib/x86_64-linux-gnu/libc.so.6(+0x2bf12) [0x2afb0597df12]
../Debug/vws(+0x1b24d3) [0x55a99aeb34d3]
../Debug/vws(+0x104cbf) [0x55a99ae05cbf]
../Debug/vws(+0x103f29) [0x55a99ae04f29]
../Debug/vws(+0x128652) [0x55a99ae29652]
../Debug/vws(+0x79d6a) [0x55a99ad7ad6a]
/lib/x86_64-linux-gnu/libc.so.6(__libc_start_main+0xf1) [0x2afb059722e1]
../Debug/vws(+0x79259) [0x55a99ad7a259]


/var/spool/torque/mom_priv/jobs/1223793.polyp1.ie.lehigh.edu.SC: line 4: 26862 Aborted                 ../Debug/vws ${INPUT_FOLDER} ${OUTPUT_FILE} ${MAX_TIME} ${GENERATOR} ${TERMS}
