messed up a farkas cofficient
vws: /home/sek519/warm_starting/vws/../vpc/src/utility/utility.cpp:651: void verify(bool, const std::string&): Assertion `false' failed.


ERROR while running Cbc. Signal SIGABRT caught. Getting stack trace.
/home/sek519/warm_starting/vws/../vpc/lib/Cbc-trunk/buildg/lib/libCbc.so.0(_Z15CbcCrashHandleri+0x277) [0x2b2b1ffa9a4b]
/lib/x86_64-linux-gnu/libc.so.6(+0x33060) [0x2b2b20d63060]
/lib/x86_64-linux-gnu/libc.so.6(gsignal+0xcf) [0x2b2b20d62fff]
/lib/x86_64-linux-gnu/libc.so.6(abort+0x16a) [0x2b2b20d6442a]
/lib/x86_64-linux-gnu/libc.so.6(+0x2be67) [0x2b2b20d5be67]
/lib/x86_64-linux-gnu/libc.so.6(+0x2bf12) [0x2b2b20d5bf12]
../Debug/vws(+0x1b0645) [0x555c146b5645]
../Debug/vws(+0x133591) [0x555c14638591]
../Debug/vws(+0x131d58) [0x555c14636d58]
../Debug/vws(+0x131504) [0x555c14636504]
../Debug/vws(+0x104dce) [0x555c14609dce]
../Debug/vws(+0x103ee1) [0x555c14608ee1]
../Debug/vws(+0x127c3a) [0x555c1462cc3a]
../Debug/vws(+0x79d6a) [0x555c1457ed6a]
/lib/x86_64-linux-gnu/libc.so.6(__libc_start_main+0xf1) [0x2b2b20d502e1]
../Debug/vws(+0x79259) [0x555c1457e259]




ERROR while running Cbc. Signal SIGABRT caught. Getting stack trace.
/home/sek519/warm_starting/vws/../vpc/lib/Cbc-trunk/buildg/lib/libCbc.so.0(_Z15CbcCrashHandleri+0x277) [0x2b2b1ffa9a4b]
/lib/x86_64-linux-gnu/libc.so.6(+0x33060) [0x2b2b20d63060]
/lib/x86_64-linux-gnu/libc.so.6(gsignal+0xcf) [0x2b2b20d62fff]
/lib/x86_64-linux-gnu/libc.so.6(abort+0x16a) [0x2b2b20d6442a]
/home/sek519/warm_starting/vws/../vpc/lib/Cbc-trunk/buildg/lib/libCbc.so.0(_Z15CbcCrashHandleri+0x355) [0x2b2b1ffa9b29]
/lib/x86_64-linux-gnu/libc.so.6(+0x33060) [0x2b2b20d63060]
/lib/x86_64-linux-gnu/libc.so.6(gsignal+0xcf) [0x2b2b20d62fff]
/lib/x86_64-linux-gnu/libc.so.6(abort+0x16a) [0x2b2b20d6442a]
/lib/x86_64-linux-gnu/libc.so.6(+0x2be67) [0x2b2b20d5be67]
/lib/x86_64-linux-gnu/libc.so.6(+0x2bf12) [0x2b2b20d5bf12]
../Debug/vws(+0x1b0645) [0x555c146b5645]
../Debug/vws(+0x133591) [0x555c14638591]
../Debug/vws(+0x131d58) [0x555c14636d58]
../Debug/vws(+0x131504) [0x555c14636504]
../Debug/vws(+0x104dce) [0x555c14609dce]
../Debug/vws(+0x103ee1) [0x555c14608ee1]
../Debug/vws(+0x127c3a) [0x555c1462cc3a]
../Debug/vws(+0x79d6a) [0x555c1457ed6a]
/lib/x86_64-linux-gnu/libc.so.6(__libc_start_main+0xf1) [0x2b2b20d502e1]
../Debug/vws(+0x79259) [0x555c1457e259]


/var/spool/torque/mom_priv/jobs/1222554.polyp1.ie.lehigh.edu.SC: line 4: 22329 Aborted                 (core dumped) ../Debug/vws ${INPUT_FOLDER} ${OUTPUT_FILE} ${MAX_TIME} ${GENERATOR} ${TERMS}
