Solver must be optimal to create disjunctive cuts
vws: /home/sek519/warm_starting/vws/../vpc/src/utility/utility.cpp:651: void verify(bool, const std::string&): Assertion `false' failed.


ERROR while running Cbc. Signal SIGABRT caught. Getting stack trace.
/home/sek519/warm_starting/vws/../vpc/lib/Cbc-trunk/buildg/lib/libCbc.so.0(_Z15CbcCrashHandleri+0x277) [0x2b1d0555ea4b]
/lib/x86_64-linux-gnu/libc.so.6(+0x33060) [0x2b1d06318060]
/lib/x86_64-linux-gnu/libc.so.6(gsignal+0xcf) [0x2b1d06317fff]
/lib/x86_64-linux-gnu/libc.so.6(abort+0x16a) [0x2b1d0631942a]
/lib/x86_64-linux-gnu/libc.so.6(+0x2be67) [0x2b1d06310e67]
/lib/x86_64-linux-gnu/libc.so.6(+0x2bf12) [0x2b1d06310f12]
../Debug/vws(+0x1b0645) [0x5632a5c84645]
../Debug/vws(+0x105b75) [0x5632a5bd9b75]
../Debug/vws(+0x103f4c) [0x5632a5bd7f4c]
../Debug/vws(+0x127c3a) [0x5632a5bfbc3a]
../Debug/vws(+0x79d6a) [0x5632a5b4dd6a]
/lib/x86_64-linux-gnu/libc.so.6(__libc_start_main+0xf1) [0x2b1d063052e1]
../Debug/vws(+0x79259) [0x5632a5b4d259]




ERROR while running Cbc. Signal SIGABRT caught. Getting stack trace.
/home/sek519/warm_starting/vws/../vpc/lib/Cbc-trunk/buildg/lib/libCbc.so.0(_Z15CbcCrashHandleri+0x277) [0x2b1d0555ea4b]
/lib/x86_64-linux-gnu/libc.so.6(+0x33060) [0x2b1d06318060]
/lib/x86_64-linux-gnu/libc.so.6(gsignal+0xcf) [0x2b1d06317fff]
/lib/x86_64-linux-gnu/libc.so.6(abort+0x16a) [0x2b1d0631942a]
/home/sek519/warm_starting/vws/../vpc/lib/Cbc-trunk/buildg/lib/libCbc.so.0(_Z15CbcCrashHandleri+0x355) [0x2b1d0555eb29]
/lib/x86_64-linux-gnu/libc.so.6(+0x33060) [0x2b1d06318060]
/lib/x86_64-linux-gnu/libc.so.6(gsignal+0xcf) [0x2b1d06317fff]
/lib/x86_64-linux-gnu/libc.so.6(abort+0x16a) [0x2b1d0631942a]
/lib/x86_64-linux-gnu/libc.so.6(+0x2be67) [0x2b1d06310e67]
/lib/x86_64-linux-gnu/libc.so.6(+0x2bf12) [0x2b1d06310f12]
../Debug/vws(+0x1b0645) [0x5632a5c84645]
../Debug/vws(+0x105b75) [0x5632a5bd9b75]
../Debug/vws(+0x103f4c) [0x5632a5bd7f4c]
../Debug/vws(+0x127c3a) [0x5632a5bfbc3a]
../Debug/vws(+0x79d6a) [0x5632a5b4dd6a]
/lib/x86_64-linux-gnu/libc.so.6(__libc_start_main+0xf1) [0x2b1d063052e1]
../Debug/vws(+0x79259) [0x5632a5b4d259]


/var/spool/torque/mom_priv/jobs/1222831.polyp1.ie.lehigh.edu.SC: line 4: 30068 Aborted                 ../Debug/vws ${INPUT_FOLDER} ${OUTPUT_FILE} ${MAX_TIME} ${GENERATOR} ${TERMS}
