Since we minimize, disjunctive dual bound should not be less than LP relaxation objective value.
vws: /home/sek519/warm_starting/vws/../vpc/src/utility/utility.cpp:651: void verify(bool, const std::string&): Assertion `false' failed.


ERROR while running Cbc. Signal SIGABRT caught. Getting stack trace.
/home/sek519/warm_starting/vws/../vpc/lib/Cbc-trunk/buildg/lib/libCbc.so.0(_Z15CbcCrashHandleri+0x277) [0x2ae976bcfa4b]
/lib/x86_64-linux-gnu/libc.so.6(+0x33060) [0x2ae977989060]
/lib/x86_64-linux-gnu/libc.so.6(gsignal+0xcf) [0x2ae977988fff]
/lib/x86_64-linux-gnu/libc.so.6(abort+0x16a) [0x2ae97798a42a]
/lib/x86_64-linux-gnu/libc.so.6(+0x2be67) [0x2ae977981e67]
/lib/x86_64-linux-gnu/libc.so.6(+0x2bf12) [0x2ae977981f12]
../Debug/vws(+0x1b0645) [0x55e63a57a645]
../Debug/vws(+0x1fdfa6) [0x55e63a5c7fa6]
../Debug/vws(+0x1051e3) [0x55e63a4cf1e3]
../Debug/vws(+0x103fb7) [0x55e63a4cdfb7]
../Debug/vws(+0x127c3a) [0x55e63a4f1c3a]
../Debug/vws(+0x79d6a) [0x55e63a443d6a]
/lib/x86_64-linux-gnu/libc.so.6(__libc_start_main+0xf1) [0x2ae9779762e1]
../Debug/vws(+0x79259) [0x55e63a443259]




ERROR while running Cbc. Signal SIGABRT caught. Getting stack trace.
/home/sek519/warm_starting/vws/../vpc/lib/Cbc-trunk/buildg/lib/libCbc.so.0(_Z15CbcCrashHandleri+0x277) [0x2ae976bcfa4b]
/lib/x86_64-linux-gnu/libc.so.6(+0x33060) [0x2ae977989060]
/lib/x86_64-linux-gnu/libc.so.6(gsignal+0xcf) [0x2ae977988fff]
/lib/x86_64-linux-gnu/libc.so.6(abort+0x16a) [0x2ae97798a42a]
/home/sek519/warm_starting/vws/../vpc/lib/Cbc-trunk/buildg/lib/libCbc.so.0(_Z15CbcCrashHandleri+0x355) [0x2ae976bcfb29]
/lib/x86_64-linux-gnu/libc.so.6(+0x33060) [0x2ae977989060]
/lib/x86_64-linux-gnu/libc.so.6(gsignal+0xcf) [0x2ae977988fff]
/lib/x86_64-linux-gnu/libc.so.6(abort+0x16a) [0x2ae97798a42a]
/lib/x86_64-linux-gnu/libc.so.6(+0x2be67) [0x2ae977981e67]
/lib/x86_64-linux-gnu/libc.so.6(+0x2bf12) [0x2ae977981f12]
../Debug/vws(+0x1b0645) [0x55e63a57a645]
../Debug/vws(+0x1fdfa6) [0x55e63a5c7fa6]
../Debug/vws(+0x1051e3) [0x55e63a4cf1e3]
../Debug/vws(+0x103fb7) [0x55e63a4cdfb7]
../Debug/vws(+0x127c3a) [0x55e63a4f1c3a]
../Debug/vws(+0x79d6a) [0x55e63a443d6a]
/lib/x86_64-linux-gnu/libc.so.6(__libc_start_main+0xf1) [0x2ae9779762e1]
../Debug/vws(+0x79259) [0x55e63a443259]


/var/spool/torque/mom_priv/jobs/1222816.polyp1.ie.lehigh.edu.SC: line 4: 26512 Aborted                 ../Debug/vws ${INPUT_FOLDER} ${OUTPUT_FILE} ${MAX_TIME} ${GENERATOR} ${TERMS}
