Since we minimize, disjunctive dual bound should not be less than LP relaxation objective value.
vws: /home/sek519/warm_starting/vws/../vpc/src/utility/utility.cpp:651: void verify(bool, const std::string&): Assertion `false' failed.


ERROR while running Cbc. Signal SIGABRT caught. Getting stack trace.
/home/sek519/warm_starting/vws/../vpc/lib/Cbc-trunk/buildg/lib/libCbc.so.0(_Z15CbcCrashHandleri+0x277) [0x2b93b63a5a4b]
/lib/x86_64-linux-gnu/libc.so.6(+0x33060) [0x2b93b715f060]
/lib/x86_64-linux-gnu/libc.so.6(gsignal+0xcf) [0x2b93b715efff]
/lib/x86_64-linux-gnu/libc.so.6(abort+0x16a) [0x2b93b716042a]
/lib/x86_64-linux-gnu/libc.so.6(+0x2be67) [0x2b93b7157e67]
/lib/x86_64-linux-gnu/libc.so.6(+0x2bf12) [0x2b93b7157f12]
../Debug/vws(+0x1b0645) [0x557e89e65645]
../Debug/vws(+0x1fdfa6) [0x557e89eb2fa6]
../Debug/vws(+0x1051e3) [0x557e89dba1e3]
../Debug/vws(+0x103fb7) [0x557e89db8fb7]
../Debug/vws(+0x127c3a) [0x557e89ddcc3a]
../Debug/vws(+0x79d6a) [0x557e89d2ed6a]
/lib/x86_64-linux-gnu/libc.so.6(__libc_start_main+0xf1) [0x2b93b714c2e1]
../Debug/vws(+0x79259) [0x557e89d2e259]




ERROR while running Cbc. Signal SIGABRT caught. Getting stack trace.
/home/sek519/warm_starting/vws/../vpc/lib/Cbc-trunk/buildg/lib/libCbc.so.0(_Z15CbcCrashHandleri+0x277) [0x2b93b63a5a4b]
/lib/x86_64-linux-gnu/libc.so.6(+0x33060) [0x2b93b715f060]
/lib/x86_64-linux-gnu/libc.so.6(gsignal+0xcf) [0x2b93b715efff]
/lib/x86_64-linux-gnu/libc.so.6(abort+0x16a) [0x2b93b716042a]
/home/sek519/warm_starting/vws/../vpc/lib/Cbc-trunk/buildg/lib/libCbc.so.0(_Z15CbcCrashHandleri+0x355) [0x2b93b63a5b29]
/lib/x86_64-linux-gnu/libc.so.6(+0x33060) [0x2b93b715f060]
/lib/x86_64-linux-gnu/libc.so.6(gsignal+0xcf) [0x2b93b715efff]
/lib/x86_64-linux-gnu/libc.so.6(abort+0x16a) [0x2b93b716042a]
/lib/x86_64-linux-gnu/libc.so.6(+0x2be67) [0x2b93b7157e67]
/lib/x86_64-linux-gnu/libc.so.6(+0x2bf12) [0x2b93b7157f12]
../Debug/vws(+0x1b0645) [0x557e89e65645]
../Debug/vws(+0x1fdfa6) [0x557e89eb2fa6]
../Debug/vws(+0x1051e3) [0x557e89dba1e3]
../Debug/vws(+0x103fb7) [0x557e89db8fb7]
../Debug/vws(+0x127c3a) [0x557e89ddcc3a]
../Debug/vws(+0x79d6a) [0x557e89d2ed6a]
/lib/x86_64-linux-gnu/libc.so.6(__libc_start_main+0xf1) [0x2b93b714c2e1]
../Debug/vws(+0x79259) [0x557e89d2e259]


/var/spool/torque/mom_priv/jobs/1222820.polyp1.ie.lehigh.edu.SC: line 4: 21619 Aborted                 (core dumped) ../Debug/vws ${INPUT_FOLDER} ${OUTPUT_FILE} ${MAX_TIME} ${GENERATOR} ${TERMS}
