Solver must be optimal to create disjunctive cuts
vws: /home/sek519/warm_starting/vws/../vpc/src/utility/utility.cpp:651: void verify(bool, const std::string&): Assertion `false' failed.


ERROR while running Cbc. Signal SIGABRT caught. Getting stack trace.
/home/sek519/warm_starting/vws/../vpc/lib/Cbc-trunk/buildg/lib/libCbc.so.0(_Z15CbcCrashHandleri+0x277) [0x2b705fa18a4b]
/lib/x86_64-linux-gnu/libc.so.6(+0x33060) [0x2b70607d2060]
/lib/x86_64-linux-gnu/libc.so.6(gsignal+0xcf) [0x2b70607d1fff]
/lib/x86_64-linux-gnu/libc.so.6(abort+0x16a) [0x2b70607d342a]
/lib/x86_64-linux-gnu/libc.so.6(+0x2be67) [0x2b70607cae67]
/lib/x86_64-linux-gnu/libc.so.6(+0x2bf12) [0x2b70607caf12]
../Debug/vws(+0x1b0427) [0x55db382c6427]
../Debug/vws(+0x104b1b) [0x55db3821ab1b]
../Debug/vws(+0x103ee1) [0x55db38219ee1]
../Debug/vws(+0x127b00) [0x55db3823db00]
../Debug/vws(+0x79d6a) [0x55db3818fd6a]
/lib/x86_64-linux-gnu/libc.so.6(__libc_start_main+0xf1) [0x2b70607bf2e1]
../Debug/vws(+0x79259) [0x55db3818f259]




ERROR while running Cbc. Signal SIGABRT caught. Getting stack trace.
/home/sek519/warm_starting/vws/../vpc/lib/Cbc-trunk/buildg/lib/libCbc.so.0(_Z15CbcCrashHandleri+0x277) [0x2b705fa18a4b]
/lib/x86_64-linux-gnu/libc.so.6(+0x33060) [0x2b70607d2060]
/lib/x86_64-linux-gnu/libc.so.6(gsignal+0xcf) [0x2b70607d1fff]
/lib/x86_64-linux-gnu/libc.so.6(abort+0x16a) [0x2b70607d342a]
/home/sek519/warm_starting/vws/../vpc/lib/Cbc-trunk/buildg/lib/libCbc.so.0(_Z15CbcCrashHandleri+0x355) [0x2b705fa18b29]
/lib/x86_64-linux-gnu/libc.so.6(+0x33060) [0x2b70607d2060]
/lib/x86_64-linux-gnu/libc.so.6(gsignal+0xcf) [0x2b70607d1fff]
/lib/x86_64-linux-gnu/libc.so.6(abort+0x16a) [0x2b70607d342a]
/lib/x86_64-linux-gnu/libc.so.6(+0x2be67) [0x2b70607cae67]
/lib/x86_64-linux-gnu/libc.so.6(+0x2bf12) [0x2b70607caf12]
../Debug/vws(+0x1b0427) [0x55db382c6427]
../Debug/vws(+0x104b1b) [0x55db3821ab1b]
../Debug/vws(+0x103ee1) [0x55db38219ee1]
../Debug/vws(+0x127b00) [0x55db3823db00]
../Debug/vws(+0x79d6a) [0x55db3818fd6a]
/lib/x86_64-linux-gnu/libc.so.6(__libc_start_main+0xf1) [0x2b70607bf2e1]
../Debug/vws(+0x79259) [0x55db3818f259]


/var/spool/torque/mom_priv/jobs/1217060.polyp1.ie.lehigh.edu.SC: line 4: 13223 Aborted                 ../Debug/vws ${INPUT_FOLDER} ${OUTPUT_FILE} ${MAX_TIME} ${GENERATOR} ${TERMS}
