*** WARNING (version #870a55a): /home/sek519/warm_starting/vws/../vpc/src/branch/VPCEventHandler.cpp:1258: Objective at parent node 1/2 (node id 0) is somewhat incorrect. During BB, it was -99.000, now it is -100.000.
*** WARNING (version #870a55a): /home/sek519/warm_starting/vws/../vpc/src/branch/VPCEventHandler.cpp:1258: Objective at parent node 1/2 (node id 0) is somewhat incorrect. During BB, it was -99.000, now it is -100.000.
*** WARNING (version #870a55a): /home/sek519/warm_starting/vws/../vpc/src/branch/VPCEventHandler.cpp:1258: Objective at parent node 1/2 (node id 0) is somewhat incorrect. During BB, it was -98.000, now it is -100.000.
*** WARNING (version #870a55a): /home/sek519/warm_starting/vws/../vpc/src/branch/VPCEventHandler.cpp:1258: Objective at parent node 1/2 (node id 0) is somewhat incorrect. During BB, it was -98.000, now it is -100.000.
*** WARNING (version #870a55a): /home/sek519/warm_starting/vws/../vpc/src/branch/VPCEventHandler.cpp:1258: Objective at parent node 1/2 (node id 0) is somewhat incorrect. During BB, it was -98.000, now it is -100.000.
*** WARNING (version #870a55a): /home/sek519/warm_starting/vws/../vpc/src/branch/VPCEventHandler.cpp:1258: Objective at parent node 1/2 (node id 0) is somewhat incorrect. During BB, it was -98.000, now it is -100.000.
*** WARNING (version #870a55a): /home/sek519/warm_starting/vws/../vpc/src/branch/VPCEventHandler.cpp:1258: Objective at parent node 1/2 (node id 0) is somewhat incorrect. During BB, it was -98.000, now it is -100.000.
*** WARNING (version #870a55a): /home/sek519/warm_starting/vws/../vpc/src/branch/VPCEventHandler.cpp:1258: Objective at parent node 1/2 (node id 0) is somewhat incorrect. During BB, it was -98.000, now it is -100.000.
*** WARNING (version #870a55a): /home/sek519/warm_starting/vws/../vpc/src/branch/VPCEventHandler.cpp:1258: Objective at parent node 1/2 (node id 0) is somewhat incorrect. During BB, it was -98.000, now it is -100.000.
*** WARNING (version #870a55a): /home/sek519/warm_starting/vws/../vpc/src/branch/VPCEventHandler.cpp:1258: Objective at parent node 1/2 (node id 0) is somewhat incorrect. During BB, it was -98.000, now it is -100.000.
*** WARNING (version #870a55a): /home/sek519/warm_starting/vws/../vpc/src/branch/VPCEventHandler.cpp:1258: Objective at parent node 1/2 (node id 0) is somewhat incorrect. During BB, it was -98.000, now it is -100.000.
*** WARNING (version #870a55a): /home/sek519/warm_starting/vws/../vpc/src/cut/PRLP.cpp:387: PRLP is primal infeasible; giving up on this point-ray collection.
[WARNING] No vpcs were made from a new disjunction. Stopping series.
vws: /home/sek519/warm_starting/vws/../vpc/src/utility/utility.cpp:651: void verify(bool, const std::string&): Assertion `false' failed.


ERROR while running Cbc. Signal SIGABRT caught. Getting stack trace.
/home/sek519/warm_starting/vws/../vpc/lib/Cbc-trunk/buildg/lib/libCbc.so.0(_Z15CbcCrashHandleri+0x277) [0x2b81c681ea4b]
/lib/x86_64-linux-gnu/libc.so.6(+0x33060) [0x2b81c75d8060]
/lib/x86_64-linux-gnu/libc.so.6(gsignal+0xcf) [0x2b81c75d7fff]
/lib/x86_64-linux-gnu/libc.so.6(abort+0x16a) [0x2b81c75d942a]
/lib/x86_64-linux-gnu/libc.so.6(+0x2be67) [0x2b81c75d0e67]
/lib/x86_64-linux-gnu/libc.so.6(+0x2bf12) [0x2b81c75d0f12]
../Debug/vws(+0x1b0645) [0x5577d9fd9645]
../Debug/vws(+0x127cf2) [0x5577d9f50cf2]
../Debug/vws(+0x79d6a) [0x5577d9ea2d6a]
/lib/x86_64-linux-gnu/libc.so.6(__libc_start_main+0xf1) [0x2b81c75c52e1]
../Debug/vws(+0x79259) [0x5577d9ea2259]




ERROR while running Cbc. Signal SIGABRT caught. Getting stack trace.
/home/sek519/warm_starting/vws/../vpc/lib/Cbc-trunk/buildg/lib/libCbc.so.0(_Z15CbcCrashHandleri+0x277) [0x2b81c681ea4b]
/lib/x86_64-linux-gnu/libc.so.6(+0x33060) [0x2b81c75d8060]
/lib/x86_64-linux-gnu/libc.so.6(gsignal+0xcf) [0x2b81c75d7fff]
/lib/x86_64-linux-gnu/libc.so.6(abort+0x16a) [0x2b81c75d942a]
/home/sek519/warm_starting/vws/../vpc/lib/Cbc-trunk/buildg/lib/libCbc.so.0(_Z15CbcCrashHandleri+0x355) [0x2b81c681eb29]
/lib/x86_64-linux-gnu/libc.so.6(+0x33060) [0x2b81c75d8060]
/lib/x86_64-linux-gnu/libc.so.6(gsignal+0xcf) [0x2b81c75d7fff]
/lib/x86_64-linux-gnu/libc.so.6(abort+0x16a) [0x2b81c75d942a]
/lib/x86_64-linux-gnu/libc.so.6(+0x2be67) [0x2b81c75d0e67]
/lib/x86_64-linux-gnu/libc.so.6(+0x2bf12) [0x2b81c75d0f12]
../Debug/vws(+0x1b0645) [0x5577d9fd9645]
../Debug/vws(+0x127cf2) [0x5577d9f50cf2]
../Debug/vws(+0x79d6a) [0x5577d9ea2d6a]
/lib/x86_64-linux-gnu/libc.so.6(__libc_start_main+0xf1) [0x2b81c75c52e1]
../Debug/vws(+0x79259) [0x5577d9ea2259]


/var/spool/torque/mom_priv/jobs/1223006.polyp1.ie.lehigh.edu.SC: line 4: 24787 Aborted                 (core dumped) ../Debug/vws ${INPUT_FOLDER} ${OUTPUT_FILE} ${MAX_TIME} ${GENERATOR} ${TERMS}
