*** WARNING (version #870a55a): /home/sek519/warm_starting/vws/../vpc/src/branch/VPCEventHandler.cpp:1258: Objective at parent node 1/9 (node id 0) is somewhat incorrect. During BB, it was -99.000, now it is -100.000.
*** WARNING (version #870a55a): /home/sek519/warm_starting/vws/../vpc/src/branch/VPCEventHandler.cpp:1258: Objective at parent node 1/9 (node id 0) is somewhat incorrect. During BB, it was -99.000, now it is -100.000.
*** WARNING (version #870a55a): /home/sek519/warm_starting/vws/../vpc/src/branch/VPCEventHandler.cpp:1258: Objective at parent node 1/9 (node id 0) is somewhat incorrect. During BB, it was -99.000, now it is -100.000.
*** WARNING (version #870a55a): /home/sek519/warm_starting/vws/../vpc/src/branch/VPCEventHandler.cpp:1258: Objective at parent node 1/9 (node id 0) is somewhat incorrect. During BB, it was -99.000, now it is -100.000.
*** WARNING (version #870a55a): /home/sek519/warm_starting/vws/../vpc/src/branch/VPCEventHandler.cpp:1258: Objective at parent node 1/9 (node id 0) is somewhat incorrect. During BB, it was -99.000, now it is -100.000.
*** WARNING (version #870a55a): /home/sek519/warm_starting/vws/../vpc/src/branch/VPCEventHandler.cpp:1258: Objective at parent node 1/9 (node id 0) is somewhat incorrect. During BB, it was -99.000, now it is -100.000.
*** WARNING (version #870a55a): /home/sek519/warm_starting/vws/../vpc/src/branch/VPCEventHandler.cpp:1258: Objective at parent node 1/9 (node id 0) is somewhat incorrect. During BB, it was -99.000, now it is -100.000.
*** WARNING (version #870a55a): /home/sek519/warm_starting/vws/../vpc/src/branch/VPCEventHandler.cpp:1258: Objective at parent node 1/9 (node id 0) is somewhat incorrect. During BB, it was -99.000, now it is -100.000.
*** WARNING (version #870a55a): /home/sek519/warm_starting/vws/../vpc/src/branch/VPCEventHandler.cpp:1258: Objective at parent node 1/9 (node id 0) is somewhat incorrect. During BB, it was -99.000, now it is -100.000.
*** WARNING (version #870a55a): /home/sek519/warm_starting/vws/../vpc/src/branch/VPCEventHandler.cpp:1258: Objective at parent node 1/9 (node id 0) is somewhat incorrect. During BB, it was -99.000, now it is -100.000.
*** WARNING (version #870a55a): /home/sek519/warm_starting/vws/../vpc/src/branch/VPCEventHandler.cpp:1258: Objective at parent node 1/9 (node id 0) is somewhat incorrect. During BB, it was -99.000, now it is -100.000.
*** WARNING (version #870a55a): /home/sek519/warm_starting/vws/../vpc/src/branch/VPCEventHandler.cpp:1258: Objective at parent node 1/9 (node id 0) is somewhat incorrect. During BB, it was -99.000, now it is -100.000.
*** WARNING (version #870a55a): /home/sek519/warm_starting/vws/../vpc/src/branch/VPCEventHandler.cpp:1258: Objective at parent node 1/9 (node id 0) is somewhat incorrect. During BB, it was -99.000, now it is -100.000.
*** WARNING (version #870a55a): /home/sek519/warm_starting/vws/../vpc/src/branch/VPCEventHandler.cpp:1258: Objective at parent node 1/9 (node id 0) is somewhat incorrect. During BB, it was -99.000, now it is -100.000.
*** WARNING (version #870a55a): /home/sek519/warm_starting/vws/../vpc/src/branch/VPCEventHandler.cpp:1258: Objective at parent node 1/9 (node id 0) is somewhat incorrect. During BB, it was -99.000, now it is -100.000.
*** WARNING (version #870a55a): /home/sek519/warm_starting/vws/../vpc/src/branch/VPCEventHandler.cpp:1258: Objective at parent node 1/9 (node id 0) is somewhat incorrect. During BB, it was -99.000, now it is -100.000.
*** WARNING (version #870a55a): /home/sek519/warm_starting/vws/../vpc/src/branch/VPCEventHandler.cpp:1258: Objective at parent node 1/9 (node id 0) is somewhat incorrect. During BB, it was -99.000, now it is -100.000.
*** WARNING (version #870a55a): /home/sek519/warm_starting/vws/../vpc/src/branch/VPCEventHandler.cpp:1258: Objective at parent node 1/9 (node id 0) is somewhat incorrect. During BB, it was -99.000, now it is -100.000.
*** WARNING (version #870a55a): /home/sek519/warm_starting/vws/../vpc/src/branch/VPCEventHandler.cpp:1258: Objective at parent node 1/9 (node id 0) is somewhat incorrect. During BB, it was -99.000, now it is -100.000.
*** WARNING (version #870a55a): /home/sek519/warm_starting/vws/../vpc/src/branch/VPCEventHandler.cpp:1258: Objective at parent node 1/9 (node id 0) is somewhat incorrect. During BB, it was -99.000, now it is -100.000.
terminate called after throwing an instance of 'std::bad_alloc'
  what():  std::bad_alloc


ERROR while running Cbc. Signal SIGABRT caught. Getting stack trace.
/home/sek519/warm_starting/vws/../vpc/lib/Cbc-trunk/buildg/lib/libCbc.so.0(_Z15CbcCrashHandleri+0x277) [0x2b05ad0d4a4b]
/lib/x86_64-linux-gnu/libc.so.6(+0x33060) [0x2b05ade8e060]
/lib/x86_64-linux-gnu/libc.so.6(gsignal+0xcf) [0x2b05ade8dfff]
/lib/x86_64-linux-gnu/libc.so.6(abort+0x16a) [0x2b05ade8f42a]
/home/sek519/miniconda/envs/vws/lib/libstdc++.so.6(_ZN9__gnu_cxx27__verbose_terminate_handlerEv+0xc0) [0x2b05ada55026]
/home/sek519/miniconda/envs/vws/lib/libstdc++.so.6(+0xb0514) [0x2b05ada53514]
/home/sek519/miniconda/envs/vws/lib/libstdc++.so.6(+0xb0566) [0x2b05ada53566]
/home/sek519/miniconda/envs/vws/lib/libstdc++.so.6(__cxa_rethrow+0) [0x2b05ada53758]
/home/sek519/miniconda/envs/vws/lib/libstdc++.so.6(_Znwm+0x59) [0x2b05ada53b85]
/home/sek519/warm_starting/vws/../vpc/lib/Cbc-trunk/buildg/lib/libCoinUtils.so.0(_ZN19CoinArrayWithLength8getArrayEl+0x93) [0x2b05ad8439f5]
/home/sek519/warm_starting/vws/../vpc/lib/Cbc-trunk/buildg/lib/libCoinUtils.so.0(_ZN19CoinArrayWithLength11getCapacityEll+0x79) [0x2b05ad843c1b]
/home/sek519/warm_starting/vws/../vpc/lib/Cbc-trunk/buildg/lib/libCoinUtils.so.0(_ZN19CoinArrayWithLength14conditionalNewEl+0x38) [0x2b05ad843d44]
../Debug/vws(_ZN38CoinFactorizationDoubleArrayWithLength14conditionalNewEl+0x37) [0x56470710424f]
/home/sek519/warm_starting/vws/../vpc/lib/Cbc-trunk/buildg/lib/libCoinUtils.so.0(_ZN17CoinFactorization8goSparseEv+0x2b7) [0x2b05ad82fd8f]
/home/sek519/warm_starting/vws/../vpc/lib/Cbc-trunk/buildg/lib/libClp.so.0(_ZN16ClpFactorization8goSparseEv+0x35) [0x2b05ad4ff151]
/home/sek519/warm_starting/vws/../vpc/lib/Cbc-trunk/buildg/lib/libClp.so.0(_ZN10ClpSimplex17internalFactorizeEi+0x17c5) [0x2b05ad5f0f3f]
/home/sek519/warm_starting/vws/../vpc/lib/Cbc-trunk/buildg/lib/libClp.so.0(_ZN14ClpSimplexDual21statusOfProblemInDualERiiPdR11ClpDataSavei+0x4cd) [0x2b05ad631349]
/home/sek519/warm_starting/vws/../vpc/lib/Cbc-trunk/buildg/lib/libClp.so.0(_ZN14ClpSimplexDual10gutsOfDualEiRPdiR11ClpDataSave+0x41f) [0x2b05ad6248c7]
/home/sek519/warm_starting/vws/../vpc/lib/Cbc-trunk/buildg/lib/libClp.so.0(_ZN14ClpSimplexDual4dualEii+0x2e3) [0x2b05ad62510d]
/home/sek519/warm_starting/vws/../vpc/lib/Cbc-trunk/buildg/lib/libClp.so.0(_ZN10ClpSimplex4dualEii+0x168) [0x2b05ad602cee]
/home/sek519/warm_starting/vws/../vpc/lib/Cbc-trunk/buildg/lib/libOsiClp.so.0(_ZN21OsiClpSolverInterface7resolveEv+0x1584) [0x2b05acd795ac]
/home/sek519/warm_starting/vws/../vpc/lib/Cbc-trunk/buildg/lib/libCbc.so.0(_ZN8CbcModel7resolveEP18OsiSolverInterface+0x178) [0x2b05ad08d2a0]
/home/sek519/warm_starting/vws/../vpc/lib/Cbc-trunk/buildg/lib/libCbc.so.0(_ZN8CbcModel7resolveEP11CbcNodeInfoiPdS2_S2_+0xb49) [0x2b05ad07e681]
/home/sek519/warm_starting/vws/../vpc/lib/Cbc-trunk/buildg/lib/libCbc.so.0(_ZN8CbcModel13solveWithCutsER7OsiCutsiP7CbcNode+0x32ec) [0x2b05ad077e90]
/home/sek519/warm_starting/vws/../vpc/lib/Cbc-trunk/buildg/lib/libCbc.so.0(_ZN8CbcModel14branchAndBoundEi+0x7d0c) [0x2b05ad06036a]
../Debug/vws(+0x104589) [0x564707172589]
../Debug/vws(+0x127b00) [0x564707195b00]
../Debug/vws(+0x79d6a) [0x5647070e7d6a]
/lib/x86_64-linux-gnu/libc.so.6(__libc_start_main+0xf1) [0x2b05ade7b2e1]
../Debug/vws(+0x79259) [0x5647070e7259]




ERROR while running Cbc. Signal SIGABRT caught. Getting stack trace.
/home/sek519/warm_starting/vws/../vpc/lib/Cbc-trunk/buildg/lib/libCbc.so.0(_Z15CbcCrashHandleri+0x277) [0x2b05ad0d4a4b]
/lib/x86_64-linux-gnu/libc.so.6(+0x33060) [0x2b05ade8e060]
/lib/x86_64-linux-gnu/libc.so.6(gsignal+0xcf) [0x2b05ade8dfff]
/lib/x86_64-linux-gnu/libc.so.6(abort+0x16a) [0x2b05ade8f42a]
/home/sek519/warm_starting/vws/../vpc/lib/Cbc-trunk/buildg/lib/libCbc.so.0(_Z15CbcCrashHandleri+0x355) [0x2b05ad0d4b29]
/lib/x86_64-linux-gnu/libc.so.6(+0x33060) [0x2b05ade8e060]
/lib/x86_64-linux-gnu/libc.so.6(gsignal+0xcf) [0x2b05ade8dfff]
/lib/x86_64-linux-gnu/libc.so.6(abort+0x16a) [0x2b05ade8f42a]
/home/sek519/miniconda/envs/vws/lib/libstdc++.so.6(_ZN9__gnu_cxx27__verbose_terminate_handlerEv+0xc0) [0x2b05ada55026]
/home/sek519/miniconda/envs/vws/lib/libstdc++.so.6(+0xb0514) [0x2b05ada53514]
/home/sek519/miniconda/envs/vws/lib/libstdc++.so.6(+0xb0566) [0x2b05ada53566]
/home/sek519/miniconda/envs/vws/lib/libstdc++.so.6(__cxa_rethrow+0) [0x2b05ada53758]
/home/sek519/miniconda/envs/vws/lib/libstdc++.so.6(_Znwm+0x59) [0x2b05ada53b85]
/home/sek519/warm_starting/vws/../vpc/lib/Cbc-trunk/buildg/lib/libCoinUtils.so.0(_ZN19CoinArrayWithLength8getArrayEl+0x93) [0x2b05ad8439f5]
/home/sek519/warm_starting/vws/../vpc/lib/Cbc-trunk/buildg/lib/libCoinUtils.so.0(_ZN19CoinArrayWithLength11getCapacityEll+0x79) [0x2b05ad843c1b]
/home/sek519/warm_starting/vws/../vpc/lib/Cbc-trunk/buildg/lib/libCoinUtils.so.0(_ZN19CoinArrayWithLength14conditionalNewEl+0x38) [0x2b05ad843d44]
../Debug/vws(_ZN38CoinFactorizationDoubleArrayWithLength14conditionalNewEl+0x37) [0x56470710424f]
/home/sek519/warm_starting/vws/../vpc/lib/Cbc-trunk/buildg/lib/libCoinUtils.so.0(_ZN17CoinFactorization8goSparseEv+0x2b7) [0x2b05ad82fd8f]
/home/sek519/warm_starting/vws/../vpc/lib/Cbc-trunk/buildg/lib/libClp.so.0(_ZN16ClpFactorization8goSparseEv+0x35) [0x2b05ad4ff151]
/home/sek519/warm_starting/vws/../vpc/lib/Cbc-trunk/buildg/lib/libClp.so.0(_ZN10ClpSimplex17internalFactorizeEi+0x17c5) [0x2b05ad5f0f3f]
/home/sek519/warm_starting/vws/../vpc/lib/Cbc-trunk/buildg/lib/libClp.so.0(_ZN14ClpSimplexDual21statusOfProblemInDualERiiPdR11ClpDataSavei+0x4cd) [0x2b05ad631349]
/home/sek519/warm_starting/vws/../vpc/lib/Cbc-trunk/buildg/lib/libClp.so.0(_ZN14ClpSimplexDual10gutsOfDualEiRPdiR11ClpDataSave+0x41f) [0x2b05ad6248c7]
/home/sek519/warm_starting/vws/../vpc/lib/Cbc-trunk/buildg/lib/libClp.so.0(_ZN14ClpSimplexDual4dualEii+0x2e3) [0x2b05ad62510d]
/home/sek519/warm_starting/vws/../vpc/lib/Cbc-trunk/buildg/lib/libClp.so.0(_ZN10ClpSimplex4dualEii+0x168) [0x2b05ad602cee]
/home/sek519/warm_starting/vws/../vpc/lib/Cbc-trunk/buildg/lib/libOsiClp.so.0(_ZN21OsiClpSolverInterface7resolveEv+0x1584) [0x2b05acd795ac]
/home/sek519/warm_starting/vws/../vpc/lib/Cbc-trunk/buildg/lib/libCbc.so.0(_ZN8CbcModel7resolveEP18OsiSolverInterface+0x178) [0x2b05ad08d2a0]
/home/sek519/warm_starting/vws/../vpc/lib/Cbc-trunk/buildg/lib/libCbc.so.0(_ZN8CbcModel7resolveEP11CbcNodeInfoiPdS2_S2_+0xb49) [0x2b05ad07e681]
/home/sek519/warm_starting/vws/../vpc/lib/Cbc-trunk/buildg/lib/libCbc.so.0(_ZN8CbcModel13solveWithCutsER7OsiCutsiP7CbcNode+0x32ec) [0x2b05ad077e90]
/home/sek519/warm_starting/vws/../vpc/lib/Cbc-trunk/buildg/lib/libCbc.so.0(_ZN8CbcModel14branchAndBoundEi+0x7d0c) [0x2b05ad06036a]
../Debug/vws(+0x104589) [0x564707172589]
../Debug/vws(+0x127b00) [0x564707195b00]
../Debug/vws(+0x79d6a) [0x5647070e7d6a]
/lib/x86_64-linux-gnu/libc.so.6(__libc_start_main+0xf1) [0x2b05ade7b2e1]
../Debug/vws(+0x79259) [0x5647070e7259]


/var/spool/torque/mom_priv/jobs/1217222.polyp1.ie.lehigh.edu.SC: line 4: 31461 Aborted                 ../Debug/vws ${INPUT_FOLDER} ${OUTPUT_FILE} ${MAX_TIME} ${GENERATOR} ${TERMS}
