*** WARNING (version #870a55a): /home/sek519/warm_starting/vws/../vpc/src/branch/VPCEventHandler.cpp:1258: Objective at parent node 1/9 (node id 0) is somewhat incorrect. During BB, it was -99.000, now it is -100.000.
*** WARNING (version #870a55a): /home/sek519/warm_starting/vws/../vpc/src/branch/VPCEventHandler.cpp:1258: Objective at parent node 1/9 (node id 0) is somewhat incorrect. During BB, it was -99.000, now it is -100.000.
*** WARNING (version #870a55a): /home/sek519/warm_starting/vws/../vpc/src/branch/VPCEventHandler.cpp:1258: Objective at parent node 1/9 (node id 0) is somewhat incorrect. During BB, it was -99.000, now it is -100.000.
*** WARNING (version #870a55a): /home/sek519/warm_starting/vws/../vpc/src/branch/VPCEventHandler.cpp:1258: Objective at parent node 1/9 (node id 0) is somewhat incorrect. During BB, it was -99.000, now it is -100.000.
*** WARNING (version #870a55a): /home/sek519/warm_starting/vws/../vpc/src/branch/VPCEventHandler.cpp:1258: Objective at parent node 1/9 (node id 0) is somewhat incorrect. During BB, it was -99.000, now it is -100.000.
*** WARNING (version #870a55a): /home/sek519/warm_starting/vws/../vpc/src/branch/VPCEventHandler.cpp:1258: Objective at parent node 1/9 (node id 0) is somewhat incorrect. During BB, it was -99.000, now it is -100.000.
*** WARNING (version #870a55a): /home/sek519/warm_starting/vws/../vpc/src/branch/VPCEventHandler.cpp:1258: Objective at parent node 1/9 (node id 0) is somewhat incorrect. During BB, it was -99.000, now it is -100.000.
*** WARNING (version #870a55a): /home/sek519/warm_starting/vws/../vpc/src/branch/VPCEventHandler.cpp:1258: Objective at parent node 1/9 (node id 0) is somewhat incorrect. During BB, it was -99.000, now it is -100.000.
*** WARNING (version #870a55a): /home/sek519/warm_starting/vws/../vpc/src/branch/VPCEventHandler.cpp:1258: Objective at parent node 1/9 (node id 0) is somewhat incorrect. During BB, it was -99.000, now it is -100.000.
*** WARNING (version #870a55a): /home/sek519/warm_starting/vws/../vpc/src/branch/VPCEventHandler.cpp:1258: Objective at parent node 1/9 (node id 0) is somewhat incorrect. During BB, it was -99.000, now it is -100.000.
*** WARNING (version #870a55a): /home/sek519/warm_starting/vws/../vpc/src/branch/VPCEventHandler.cpp:1258: Objective at parent node 1/9 (node id 0) is somewhat incorrect. During BB, it was -99.000, now it is -100.000.
*** WARNING (version #870a55a): /home/sek519/warm_starting/vws/../vpc/src/branch/VPCEventHandler.cpp:1258: Objective at parent node 1/9 (node id 0) is somewhat incorrect. During BB, it was -99.000, now it is -100.000.
*** WARNING (version #870a55a): /home/sek519/warm_starting/vws/../vpc/src/branch/VPCEventHandler.cpp:1258: Objective at parent node 1/9 (node id 0) is somewhat incorrect. During BB, it was -99.000, now it is -100.000.
*** WARNING (version #870a55a): /home/sek519/warm_starting/vws/../vpc/src/branch/VPCEventHandler.cpp:1258: Objective at parent node 1/9 (node id 0) is somewhat incorrect. During BB, it was -99.000, now it is -100.000.
*** WARNING (version #870a55a): /home/sek519/warm_starting/vws/../vpc/src/branch/VPCEventHandler.cpp:1258: Objective at parent node 1/9 (node id 0) is somewhat incorrect. During BB, it was -99.000, now it is -100.000.
*** WARNING (version #870a55a): /home/sek519/warm_starting/vws/../vpc/src/branch/VPCEventHandler.cpp:1258: Objective at parent node 1/9 (node id 0) is somewhat incorrect. During BB, it was -99.000, now it is -100.000.
*** WARNING (version #870a55a): /home/sek519/warm_starting/vws/../vpc/src/branch/VPCEventHandler.cpp:1258: Objective at parent node 1/9 (node id 0) is somewhat incorrect. During BB, it was -99.000, now it is -100.000.
*** WARNING (version #870a55a): /home/sek519/warm_starting/vws/../vpc/src/branch/VPCEventHandler.cpp:1258: Objective at parent node 1/9 (node id 0) is somewhat incorrect. During BB, it was -99.000, now it is -100.000.
*** WARNING (version #870a55a): /home/sek519/warm_starting/vws/../vpc/src/branch/VPCEventHandler.cpp:1258: Objective at parent node 1/9 (node id 0) is somewhat incorrect. During BB, it was -99.000, now it is -100.000.
*** WARNING (version #870a55a): /home/sek519/warm_starting/vws/../vpc/src/branch/VPCEventHandler.cpp:1258: Objective at parent node 1/9 (node id 0) is somewhat incorrect. During BB, it was -99.000, now it is -100.000.
terminate called after throwing an instance of 'std::bad_alloc'
  what():  std::bad_alloc


ERROR while running Cbc. Signal SIGABRT caught. Getting stack trace.
/home/sek519/warm_starting/vws/../vpc/lib/Cbc-trunk/buildg/lib/libCbc.so.0(_Z15CbcCrashHandleri+0x277) [0x2b584a891a4b]
/lib/x86_64-linux-gnu/libc.so.6(+0x33060) [0x2b584b64b060]
/lib/x86_64-linux-gnu/libc.so.6(gsignal+0xcf) [0x2b584b64afff]
/lib/x86_64-linux-gnu/libc.so.6(abort+0x16a) [0x2b584b64c42a]
/home/sek519/miniconda/envs/vws/lib/libstdc++.so.6(_ZN9__gnu_cxx27__verbose_terminate_handlerEv+0xc0) [0x2b584b212026]
/home/sek519/miniconda/envs/vws/lib/libstdc++.so.6(+0xb0514) [0x2b584b210514]
/home/sek519/miniconda/envs/vws/lib/libstdc++.so.6(+0xb0566) [0x2b584b210566]
/home/sek519/miniconda/envs/vws/lib/libstdc++.so.6(__cxa_rethrow+0) [0x2b584b210758]
/home/sek519/miniconda/envs/vws/lib/libstdc++.so.6(_Znwm+0x59) [0x2b584b210b85]
/home/sek519/warm_starting/vws/../vpc/lib/Cbc-trunk/buildg/lib/libCoinUtils.so.0(_ZN19CoinArrayWithLength8getArrayEl+0x93) [0x2b584b0009f5]
/home/sek519/warm_starting/vws/../vpc/lib/Cbc-trunk/buildg/lib/libCoinUtils.so.0(_ZN19CoinArrayWithLength11getCapacityEll+0x79) [0x2b584b000c1b]
/home/sek519/warm_starting/vws/../vpc/lib/Cbc-trunk/buildg/lib/libCoinUtils.so.0(_ZN19CoinArrayWithLength14conditionalNewEl+0x38) [0x2b584b000d44]
../Debug/vws(_ZN38CoinFactorizationDoubleArrayWithLength14conditionalNewEl+0x37) [0x56157724a24f]
/home/sek519/warm_starting/vws/../vpc/lib/Cbc-trunk/buildg/lib/libCoinUtils.so.0(_ZN17CoinFactorization8getAreasEiiii+0x21a) [0x2b584afc98dc]
/home/sek519/warm_starting/vws/../vpc/lib/Cbc-trunk/buildg/lib/libClp.so.0(_ZN16ClpFactorization9factorizeEP10ClpSimplexib+0x1a5a) [0x2b584acb9f74]
/home/sek519/warm_starting/vws/../vpc/lib/Cbc-trunk/buildg/lib/libClp.so.0(_ZN10ClpSimplex17internalFactorizeEi+0x16c1) [0x2b584adade3b]
/home/sek519/warm_starting/vws/../vpc/lib/Cbc-trunk/buildg/lib/libClp.so.0(_ZN10ClpSimplex7startupEii+0x4d0) [0x2b584adcfcd6]
/home/sek519/warm_starting/vws/../vpc/lib/Cbc-trunk/buildg/lib/libClp.so.0(_ZN14ClpSimplexDual12startupSolveEiPdi+0x8b) [0x2b584ade0b3f]
/home/sek519/warm_starting/vws/../vpc/lib/Cbc-trunk/buildg/lib/libClp.so.0(_ZN14ClpSimplexDual4dualEii+0x21d) [0x2b584ade2047]
/home/sek519/warm_starting/vws/../vpc/lib/Cbc-trunk/buildg/lib/libClp.so.0(_ZN10ClpSimplex4dualEii+0x168) [0x2b584adbfcee]
/home/sek519/warm_starting/vws/../vpc/lib/Cbc-trunk/buildg/lib/libOsiClp.so.0(_ZN21OsiClpSolverInterface7resolveEv+0x1584) [0x2b584a5365ac]
../Debug/vws(+0x1f7f3c) [0x5615773abf3c]
../Debug/vws(+0x1fdd7d) [0x5615773b1d7d]
../Debug/vws(+0x105ca6) [0x5615772b9ca6]
../Debug/vws(+0x103f4c) [0x5615772b7f4c]
../Debug/vws(+0x127c3a) [0x5615772dbc3a]
../Debug/vws(+0x79d6a) [0x56157722dd6a]
/lib/x86_64-linux-gnu/libc.so.6(__libc_start_main+0xf1) [0x2b584b6382e1]
../Debug/vws(+0x79259) [0x56157722d259]




ERROR while running Cbc. Signal SIGABRT caught. Getting stack trace.
/home/sek519/warm_starting/vws/../vpc/lib/Cbc-trunk/buildg/lib/libCbc.so.0(_Z15CbcCrashHandleri+0x277) [0x2b584a891a4b]
/lib/x86_64-linux-gnu/libc.so.6(+0x33060) [0x2b584b64b060]
/lib/x86_64-linux-gnu/libc.so.6(gsignal+0xcf) [0x2b584b64afff]
/lib/x86_64-linux-gnu/libc.so.6(abort+0x16a) [0x2b584b64c42a]
/home/sek519/warm_starting/vws/../vpc/lib/Cbc-trunk/buildg/lib/libCbc.so.0(_Z15CbcCrashHandleri+0x355) [0x2b584a891b29]
/lib/x86_64-linux-gnu/libc.so.6(+0x33060) [0x2b584b64b060]
/lib/x86_64-linux-gnu/libc.so.6(gsignal+0xcf) [0x2b584b64afff]
/lib/x86_64-linux-gnu/libc.so.6(abort+0x16a) [0x2b584b64c42a]
/home/sek519/miniconda/envs/vws/lib/libstdc++.so.6(_ZN9__gnu_cxx27__verbose_terminate_handlerEv+0xc0) [0x2b584b212026]
/home/sek519/miniconda/envs/vws/lib/libstdc++.so.6(+0xb0514) [0x2b584b210514]
/home/sek519/miniconda/envs/vws/lib/libstdc++.so.6(+0xb0566) [0x2b584b210566]
/home/sek519/miniconda/envs/vws/lib/libstdc++.so.6(__cxa_rethrow+0) [0x2b584b210758]
/home/sek519/miniconda/envs/vws/lib/libstdc++.so.6(_Znwm+0x59) [0x2b584b210b85]
/home/sek519/warm_starting/vws/../vpc/lib/Cbc-trunk/buildg/lib/libCoinUtils.so.0(_ZN19CoinArrayWithLength8getArrayEl+0x93) [0x2b584b0009f5]
/home/sek519/warm_starting/vws/../vpc/lib/Cbc-trunk/buildg/lib/libCoinUtils.so.0(_ZN19CoinArrayWithLength11getCapacityEll+0x79) [0x2b584b000c1b]
/home/sek519/warm_starting/vws/../vpc/lib/Cbc-trunk/buildg/lib/libCoinUtils.so.0(_ZN19CoinArrayWithLength14conditionalNewEl+0x38) [0x2b584b000d44]
../Debug/vws(_ZN38CoinFactorizationDoubleArrayWithLength14conditionalNewEl+0x37) [0x56157724a24f]
/home/sek519/warm_starting/vws/../vpc/lib/Cbc-trunk/buildg/lib/libCoinUtils.so.0(_ZN17CoinFactorization8getAreasEiiii+0x21a) [0x2b584afc98dc]
/home/sek519/warm_starting/vws/../vpc/lib/Cbc-trunk/buildg/lib/libClp.so.0(_ZN16ClpFactorization9factorizeEP10ClpSimplexib+0x1a5a) [0x2b584acb9f74]
/home/sek519/warm_starting/vws/../vpc/lib/Cbc-trunk/buildg/lib/libClp.so.0(_ZN10ClpSimplex17internalFactorizeEi+0x16c1) [0x2b584adade3b]
/home/sek519/warm_starting/vws/../vpc/lib/Cbc-trunk/buildg/lib/libClp.so.0(_ZN10ClpSimplex7startupEii+0x4d0) [0x2b584adcfcd6]
/home/sek519/warm_starting/vws/../vpc/lib/Cbc-trunk/buildg/lib/libClp.so.0(_ZN14ClpSimplexDual12startupSolveEiPdi+0x8b) [0x2b584ade0b3f]
/home/sek519/warm_starting/vws/../vpc/lib/Cbc-trunk/buildg/lib/libClp.so.0(_ZN14ClpSimplexDual4dualEii+0x21d) [0x2b584ade2047]
/home/sek519/warm_starting/vws/../vpc/lib/Cbc-trunk/buildg/lib/libClp.so.0(_ZN10ClpSimplex4dualEii+0x168) [0x2b584adbfcee]
/home/sek519/warm_starting/vws/../vpc/lib/Cbc-trunk/buildg/lib/libOsiClp.so.0(_ZN21OsiClpSolverInterface7resolveEv+0x1584) [0x2b584a5365ac]
../Debug/vws(+0x1f7f3c) [0x5615773abf3c]
../Debug/vws(+0x1fdd7d) [0x5615773b1d7d]
../Debug/vws(+0x105ca6) [0x5615772b9ca6]
../Debug/vws(+0x103f4c) [0x5615772b7f4c]
../Debug/vws(+0x127c3a) [0x5615772dbc3a]
../Debug/vws(+0x79d6a) [0x56157722dd6a]
/lib/x86_64-linux-gnu/libc.so.6(__libc_start_main+0xf1) [0x2b584b6382e1]
../Debug/vws(+0x79259) [0x56157722d259]


/var/spool/torque/mom_priv/jobs/1222987.polyp1.ie.lehigh.edu.SC: line 4: 31134 Aborted                 ../Debug/vws ${INPUT_FOLDER} ${OUTPUT_FILE} ${MAX_TIME} ${GENERATOR} ${TERMS}
